2024-06-18 13:10:55,576 - INFO -run_logger.palmsens_driver 
 	 Successfully connected to PalmSens4 [1]. 

2024-06-18 13:11:08,121 - INFO -run_logger.palmsens_driver 
 	 Data received: {'index': 1, 'x': [0.0], 'x_unit': 's', 'x_type': 'Time', 'y': [-10.238905906677246], 'y_unit': 'V', 'y_type': 'Potential'} 

2024-06-18 13:11:08,391 - INFO -run_logger.palmsens_driver 
 	 Data received: {'index': 2, 'x': [0.25], 'x_unit': 's', 'x_type': 'Time', 'y': [-10.238905906677246], 'y_unit': 'V', 'y_type': 'Potential'} 

2024-06-18 13:11:08,623 - INFO -run_logger.palmsens_driver 
 	 Data received: {'index': 3, 'x': [0.5], 'x_unit': 's', 'x_type': 'Time', 'y': [-10.238905906677246], 'y_unit': 'V', 'y_type': 'Potential'} 

2024-06-18 13:11:08,856 - INFO -run_logger.palmsens_driver 
 	 Data received: {'index': 4, 'x': [0.75], 'x_unit': 's', 'x_type': 'Time', 'y': [-10.238905906677246], 'y_unit': 'V', 'y_type': 'Potential'} 

2024-06-18 13:11:09,135 - INFO -run_logger.palmsens_driver 
 	 Data received: {'index': 5, 'x': [1.0], 'x_unit': 's', 'x_type': 'Time', 'y': [-10.238905906677246], 'y_unit': 'V', 'y_type': 'Potential'} 

2024-06-18 13:11:09,370 - INFO -run_logger.palmsens_driver 
 	 Data received: {'index': 6, 'x': [1.25], 'x_unit': 's', 'x_type': 'Time', 'y': [-10.238905906677246], 'y_unit': 'V', 'y_type': 'Potential'} 

2024-06-18 13:11:09,620 - INFO -run_logger.palmsens_driver 
 	 Data received: {'index': 7, 'x': [1.5], 'x_unit': 's', 'x_type': 'Time', 'y': [-10.238905906677246], 'y_unit': 'V', 'y_type': 'Potential'} 

2024-06-18 13:11:09,856 - INFO -run_logger.palmsens_driver 
 	 Data received: {'index': 8, 'x': [1.75], 'x_unit': 's', 'x_type': 'Time', 'y': [-10.238905906677246], 'y_unit': 'V', 'y_type': 'Potential'} 

2024-06-18 13:11:10,139 - INFO -run_logger.palmsens_driver 
 	 Data received: {'index': 9, 'x': [2.0], 'x_unit': 's', 'x_type': 'Time', 'y': [-10.238905906677246], 'y_unit': 'V', 'y_type': 'Potential'} 

2024-06-18 13:11:10,376 - INFO -run_logger.palmsens_driver 
 	 Data received: {'index': 10, 'x': [2.25], 'x_unit': 's', 'x_type': 'Time', 'y': [-10.238905906677246], 'y_unit': 'V', 'y_type': 'Potential'} 

2024-06-18 13:11:10,611 - INFO -run_logger.palmsens_driver 
 	 Data received: {'index': 11, 'x': [2.5], 'x_unit': 's', 'x_type': 'Time', 'y': [-10.238905906677246], 'y_unit': 'V', 'y_type': 'Potential'} 

2024-06-18 13:11:10,891 - INFO -run_logger.palmsens_driver 
 	 Data received: {'index': 12, 'x': [2.75], 'x_unit': 's', 'x_type': 'Time', 'y': [-10.238905906677246], 'y_unit': 'V', 'y_type': 'Potential'} 

2024-06-18 13:11:11,125 - INFO -run_logger.palmsens_driver 
 	 Data received: {'index': 13, 'x': [3.0], 'x_unit': 's', 'x_type': 'Time', 'y': [-10.238905906677246], 'y_unit': 'V', 'y_type': 'Potential'} 

2024-06-18 13:11:11,358 - INFO -run_logger.palmsens_driver 
 	 Data received: {'index': 14, 'x': [3.25], 'x_unit': 's', 'x_type': 'Time', 'y': [-10.238905906677246], 'y_unit': 'V', 'y_type': 'Potential'} 

2024-06-18 13:11:11,639 - INFO -run_logger.palmsens_driver 
 	 Data received: {'index': 15, 'x': [3.5], 'x_unit': 's', 'x_type': 'Time', 'y': [-10.238905906677246], 'y_unit': 'V', 'y_type': 'Potential'} 

2024-06-18 13:11:11,886 - INFO -run_logger.palmsens_driver 
 	 Data received: {'index': 16, 'x': [3.75], 'x_unit': 's', 'x_type': 'Time', 'y': [-10.238905906677246], 'y_unit': 'V', 'y_type': 'Potential'} 

2024-06-18 13:11:12,119 - INFO -run_logger.palmsens_driver 
 	 Data received: {'index': 17, 'x': [4.0], 'x_unit': 's', 'x_type': 'Time', 'y': [-10.238905906677246], 'y_unit': 'V', 'y_type': 'Potential'} 

2024-06-18 13:11:12,352 - INFO -run_logger.palmsens_driver 
 	 Data received: {'index': 18, 'x': [4.25], 'x_unit': 's', 'x_type': 'Time', 'y': [-10.238905906677246], 'y_unit': 'V', 'y_type': 'Potential'} 

2024-06-18 13:11:12,633 - INFO -run_logger.palmsens_driver 
 	 Data received: {'index': 19, 'x': [4.5], 'x_unit': 's', 'x_type': 'Time', 'y': [-10.238905906677246], 'y_unit': 'V', 'y_type': 'Potential'} 

2024-06-18 13:11:12,866 - INFO -run_logger.palmsens_driver 
 	 Data received: {'index': 20, 'x': [4.75], 'x_unit': 's', 'x_type': 'Time', 'y': [-10.238905906677246], 'y_unit': 'V', 'y_type': 'Potential'} 

2024-06-18 13:11:13,146 - INFO -run_logger.palmsens_driver 
 	 Data received: {'index': 21, 'x': [5.0], 'x_unit': 's', 'x_type': 'Time', 'y': [-10.238905906677246], 'y_unit': 'V', 'y_type': 'Potential'} 

2024-06-18 13:11:13,382 - INFO -run_logger.palmsens_driver 
 	 Data received: {'index': 22, 'x': [5.25], 'x_unit': 's', 'x_type': 'Time', 'y': [-10.238905906677246], 'y_unit': 'V', 'y_type': 'Potential'} 

2024-06-18 13:11:13,616 - INFO -run_logger.palmsens_driver 
 	 Data received: {'index': 23, 'x': [5.5], 'x_unit': 's', 'x_type': 'Time', 'y': [-10.238905906677246], 'y_unit': 'V', 'y_type': 'Potential'} 

2024-06-18 13:11:13,894 - INFO -run_logger.palmsens_driver 
 	 Data received: {'index': 24, 'x': [5.75], 'x_unit': 's', 'x_type': 'Time', 'y': [-10.238905906677246], 'y_unit': 'V', 'y_type': 'Potential'} 

2024-06-18 13:11:14,124 - INFO -run_logger.palmsens_driver 
 	 Data received: {'index': 25, 'x': [6.0], 'x_unit': 's', 'x_type': 'Time', 'y': [-10.238905906677246], 'y_unit': 'V', 'y_type': 'Potential'} 

2024-06-18 13:11:14,356 - INFO -run_logger.palmsens_driver 
 	 Data received: {'index': 26, 'x': [6.25], 'x_unit': 's', 'x_type': 'Time', 'y': [-10.238905906677246], 'y_unit': 'V', 'y_type': 'Potential'} 

2024-06-18 13:11:14,639 - INFO -run_logger.palmsens_driver 
 	 Data received: {'index': 27, 'x': [6.5], 'x_unit': 's', 'x_type': 'Time', 'y': [-10.238905906677246], 'y_unit': 'V', 'y_type': 'Potential'} 

2024-06-18 13:11:14,875 - INFO -run_logger.palmsens_driver 
 	 Data received: {'index': 28, 'x': [6.75], 'x_unit': 's', 'x_type': 'Time', 'y': [-10.238905906677246], 'y_unit': 'V', 'y_type': 'Potential'} 

2024-06-18 13:11:15,113 - INFO -run_logger.palmsens_driver 
 	 Data received: {'index': 29, 'x': [7.0], 'x_unit': 's', 'x_type': 'Time', 'y': [-10.238905906677246], 'y_unit': 'V', 'y_type': 'Potential'} 

2024-06-18 13:11:15,395 - INFO -run_logger.palmsens_driver 
 	 Data received: {'index': 30, 'x': [7.25], 'x_unit': 's', 'x_type': 'Time', 'y': [-10.238905906677246], 'y_unit': 'V', 'y_type': 'Potential'} 

2024-06-18 13:11:15,629 - INFO -run_logger.palmsens_driver 
 	 Data received: {'index': 31, 'x': [7.5], 'x_unit': 's', 'x_type': 'Time', 'y': [-10.238905906677246], 'y_unit': 'V', 'y_type': 'Potential'} 

2024-06-18 13:11:15,861 - INFO -run_logger.palmsens_driver 
 	 Data received: {'index': 32, 'x': [7.75], 'x_unit': 's', 'x_type': 'Time', 'y': [-10.238905906677246], 'y_unit': 'V', 'y_type': 'Potential'} 

2024-06-18 13:11:16,139 - INFO -run_logger.palmsens_driver 
 	 Data received: {'index': 33, 'x': [8.0], 'x_unit': 's', 'x_type': 'Time', 'y': [-10.238905906677246], 'y_unit': 'V', 'y_type': 'Potential'} 

2024-06-18 13:11:16,376 - INFO -run_logger.palmsens_driver 
 	 Data received: {'index': 34, 'x': [8.25], 'x_unit': 's', 'x_type': 'Time', 'y': [-10.238905906677246], 'y_unit': 'V', 'y_type': 'Potential'} 

2024-06-18 13:11:16,610 - INFO -run_logger.palmsens_driver 
 	 Data received: {'index': 35, 'x': [8.5], 'x_unit': 's', 'x_type': 'Time', 'y': [-10.238905906677246], 'y_unit': 'V', 'y_type': 'Potential'} 

2024-06-18 13:11:16,890 - INFO -run_logger.palmsens_driver 
 	 Data received: {'index': 36, 'x': [8.75], 'x_unit': 's', 'x_type': 'Time', 'y': [-10.238905906677246], 'y_unit': 'V', 'y_type': 'Potential'} 

2024-06-18 13:11:17,124 - INFO -run_logger.palmsens_driver 
 	 Data received: {'index': 37, 'x': [9.0], 'x_unit': 's', 'x_type': 'Time', 'y': [-10.238905906677246], 'y_unit': 'V', 'y_type': 'Potential'} 

2024-06-18 13:11:17,356 - INFO -run_logger.palmsens_driver 
 	 Data received: {'index': 38, 'x': [9.25], 'x_unit': 's', 'x_type': 'Time', 'y': [-10.238905906677246], 'y_unit': 'V', 'y_type': 'Potential'} 

2024-06-18 13:11:17,642 - INFO -run_logger.palmsens_driver 
 	 Data received: {'index': 39, 'x': [9.5], 'x_unit': 's', 'x_type': 'Time', 'y': [-10.238905906677246], 'y_unit': 'V', 'y_type': 'Potential'} 

2024-06-18 13:11:17,875 - INFO -run_logger.palmsens_driver 
 	 Data received: {'index': 40, 'x': [9.75], 'x_unit': 's', 'x_type': 'Time', 'y': [-10.238905906677246], 'y_unit': 'V', 'y_type': 'Potential'} 

2024-06-18 13:11:18,120 - INFO -run_logger.palmsens_driver 
 	 Data received: {'index': 41, 'x': [10.0], 'x_unit': 's', 'x_type': 'Time', 'y': [-10.238905906677246], 'y_unit': 'V', 'y_type': 'Potential'} 

2024-06-18 13:11:18,355 - INFO -run_logger.palmsens_driver 
 	 Data received: {'index': 42, 'x': [10.25], 'x_unit': 's', 'x_type': 'Time', 'y': [-10.238905906677246], 'y_unit': 'V', 'y_type': 'Potential'} 

2024-06-18 13:11:18,650 - INFO -run_logger.palmsens_driver 
 	 Data received: {'index': 43, 'x': [10.5], 'x_unit': 's', 'x_type': 'Time', 'y': [-10.238905906677246], 'y_unit': 'V', 'y_type': 'Potential'} 

2024-06-18 13:11:18,886 - INFO -run_logger.palmsens_driver 
 	 Data received: {'index': 44, 'x': [10.75], 'x_unit': 's', 'x_type': 'Time', 'y': [-10.238905906677246], 'y_unit': 'V', 'y_type': 'Potential'} 

2024-06-18 13:11:19,117 - INFO -run_logger.palmsens_driver 
 	 Data received: {'index': 45, 'x': [11.0], 'x_unit': 's', 'x_type': 'Time', 'y': [-10.238905906677246], 'y_unit': 'V', 'y_type': 'Potential'} 

2024-06-18 13:11:19,397 - INFO -run_logger.palmsens_driver 
 	 Data received: {'index': 46, 'x': [11.25], 'x_unit': 's', 'x_type': 'Time', 'y': [-10.238905906677246], 'y_unit': 'V', 'y_type': 'Potential'} 

2024-06-18 13:11:19,629 - INFO -run_logger.palmsens_driver 
 	 Data received: {'index': 47, 'x': [11.5], 'x_unit': 's', 'x_type': 'Time', 'y': [-10.238905906677246], 'y_unit': 'V', 'y_type': 'Potential'} 

2024-06-18 13:11:19,862 - INFO -run_logger.palmsens_driver 
 	 Data received: {'index': 48, 'x': [11.75], 'x_unit': 's', 'x_type': 'Time', 'y': [-10.238905906677246], 'y_unit': 'V', 'y_type': 'Potential'} 

2024-06-18 13:11:20,143 - INFO -run_logger.palmsens_driver 
 	 Data received: {'index': 49, 'x': [12.0], 'x_unit': 's', 'x_type': 'Time', 'y': [-10.238905906677246], 'y_unit': 'V', 'y_type': 'Potential'} 

2024-06-18 13:11:20,379 - INFO -run_logger.palmsens_driver 
 	 Data received: {'index': 50, 'x': [12.25], 'x_unit': 's', 'x_type': 'Time', 'y': [-10.238905906677246], 'y_unit': 'V', 'y_type': 'Potential'} 

2024-06-18 13:11:20,607 - INFO -run_logger.palmsens_driver 
 	 Data received: {'index': 51, 'x': [12.5], 'x_unit': 's', 'x_type': 'Time', 'y': [-10.238905906677246], 'y_unit': 'V', 'y_type': 'Potential'} 

2024-06-18 13:11:20,890 - INFO -run_logger.palmsens_driver 
 	 Data received: {'index': 52, 'x': [12.75], 'x_unit': 's', 'x_type': 'Time', 'y': [-10.238905906677246], 'y_unit': 'V', 'y_type': 'Potential'} 

2024-06-18 13:11:21,123 - INFO -run_logger.palmsens_driver 
 	 Data received: {'index': 53, 'x': [13.0], 'x_unit': 's', 'x_type': 'Time', 'y': [-10.238905906677246], 'y_unit': 'V', 'y_type': 'Potential'} 

2024-06-18 13:11:21,368 - INFO -run_logger.palmsens_driver 
 	 Data received: {'index': 54, 'x': [13.25], 'x_unit': 's', 'x_type': 'Time', 'y': [-10.238905906677246], 'y_unit': 'V', 'y_type': 'Potential'} 

2024-06-18 13:11:21,602 - INFO -run_logger.palmsens_driver 
 	 Data received: {'index': 55, 'x': [13.5], 'x_unit': 's', 'x_type': 'Time', 'y': [-10.238905906677246], 'y_unit': 'V', 'y_type': 'Potential'} 

2024-06-18 13:11:21,885 - INFO -run_logger.palmsens_driver 
 	 Data received: {'index': 56, 'x': [13.75], 'x_unit': 's', 'x_type': 'Time', 'y': [-10.238905906677246], 'y_unit': 'V', 'y_type': 'Potential'} 

2024-06-18 13:11:22,102 - INFO -run_logger.palmsens_driver 
 	 Data received: {'index': 57, 'x': [14.0], 'x_unit': 's', 'x_type': 'Time', 'y': [-10.238905906677246], 'y_unit': 'V', 'y_type': 'Potential'} 

2024-06-18 13:11:22,381 - INFO -run_logger.palmsens_driver 
 	 Data received: {'index': 58, 'x': [14.25], 'x_unit': 's', 'x_type': 'Time', 'y': [-10.238905906677246], 'y_unit': 'V', 'y_type': 'Potential'} 

2024-06-18 13:11:22,616 - INFO -run_logger.palmsens_driver 
 	 Data received: {'index': 59, 'x': [14.5], 'x_unit': 's', 'x_type': 'Time', 'y': [-10.238905906677246], 'y_unit': 'V', 'y_type': 'Potential'} 

2024-06-18 13:11:22,893 - INFO -run_logger.palmsens_driver 
 	 Data received: {'index': 60, 'x': [14.75], 'x_unit': 's', 'x_type': 'Time', 'y': [-10.238905906677246], 'y_unit': 'V', 'y_type': 'Potential'} 

2024-06-18 13:11:23,125 - INFO -run_logger.palmsens_driver 
 	 Data received: {'index': 61, 'x': [15.0], 'x_unit': 's', 'x_type': 'Time', 'y': [-10.238905906677246], 'y_unit': 'V', 'y_type': 'Potential'} 

2024-06-18 13:11:23,357 - INFO -run_logger.palmsens_driver 
 	 Data received: {'index': 62, 'x': [15.25], 'x_unit': 's', 'x_type': 'Time', 'y': [-10.238905906677246], 'y_unit': 'V', 'y_type': 'Potential'} 

2024-06-18 13:11:23,637 - INFO -run_logger.palmsens_driver 
 	 Data received: {'index': 63, 'x': [15.5], 'x_unit': 's', 'x_type': 'Time', 'y': [-10.238905906677246], 'y_unit': 'V', 'y_type': 'Potential'} 

2024-06-18 13:11:23,872 - INFO -run_logger.palmsens_driver 
 	 Data received: {'index': 64, 'x': [15.75], 'x_unit': 's', 'x_type': 'Time', 'y': [-10.238905906677246], 'y_unit': 'V', 'y_type': 'Potential'} 

2024-06-18 13:11:24,106 - INFO -run_logger.palmsens_driver 
 	 Data received: {'index': 65, 'x': [16.0], 'x_unit': 's', 'x_type': 'Time', 'y': [-10.238905906677246], 'y_unit': 'V', 'y_type': 'Potential'} 

2024-06-18 13:11:24,400 - INFO -run_logger.palmsens_driver 
 	 Data received: {'index': 66, 'x': [16.25], 'x_unit': 's', 'x_type': 'Time', 'y': [-10.238905906677246], 'y_unit': 'V', 'y_type': 'Potential'} 

2024-06-18 13:11:24,630 - INFO -run_logger.palmsens_driver 
 	 Data received: {'index': 67, 'x': [16.5], 'x_unit': 's', 'x_type': 'Time', 'y': [-10.238905906677246], 'y_unit': 'V', 'y_type': 'Potential'} 

2024-06-18 13:11:24,860 - INFO -run_logger.palmsens_driver 
 	 Data received: {'index': 68, 'x': [16.75], 'x_unit': 's', 'x_type': 'Time', 'y': [-10.238905906677246], 'y_unit': 'V', 'y_type': 'Potential'} 

2024-06-18 13:11:25,143 - INFO -run_logger.palmsens_driver 
 	 Data received: {'index': 69, 'x': [17.0], 'x_unit': 's', 'x_type': 'Time', 'y': [-10.238905906677246], 'y_unit': 'V', 'y_type': 'Potential'} 

2024-06-18 13:11:25,377 - INFO -run_logger.palmsens_driver 
 	 Data received: {'index': 70, 'x': [17.25], 'x_unit': 's', 'x_type': 'Time', 'y': [-10.238905906677246], 'y_unit': 'V', 'y_type': 'Potential'} 

2024-06-18 13:11:25,612 - INFO -run_logger.palmsens_driver 
 	 Data received: {'index': 71, 'x': [17.5], 'x_unit': 's', 'x_type': 'Time', 'y': [-10.238905906677246], 'y_unit': 'V', 'y_type': 'Potential'} 

2024-06-18 13:11:25,893 - INFO -run_logger.palmsens_driver 
 	 Data received: {'index': 72, 'x': [17.75], 'x_unit': 's', 'x_type': 'Time', 'y': [-10.238905906677246], 'y_unit': 'V', 'y_type': 'Potential'} 

2024-06-18 13:11:26,129 - INFO -run_logger.palmsens_driver 
 	 Data received: {'index': 73, 'x': [18.0], 'x_unit': 's', 'x_type': 'Time', 'y': [-10.238905906677246], 'y_unit': 'V', 'y_type': 'Potential'} 

2024-06-18 13:11:26,362 - INFO -run_logger.palmsens_driver 
 	 Data received: {'index': 74, 'x': [18.25], 'x_unit': 's', 'x_type': 'Time', 'y': [-10.238905906677246], 'y_unit': 'V', 'y_type': 'Potential'} 

2024-06-18 13:11:26,643 - INFO -run_logger.palmsens_driver 
 	 Data received: {'index': 75, 'x': [18.5], 'x_unit': 's', 'x_type': 'Time', 'y': [-10.238905906677246], 'y_unit': 'V', 'y_type': 'Potential'} 

2024-06-18 13:11:26,877 - INFO -run_logger.palmsens_driver 
 	 Data received: {'index': 76, 'x': [18.75], 'x_unit': 's', 'x_type': 'Time', 'y': [-10.238905906677246], 'y_unit': 'V', 'y_type': 'Potential'} 

2024-06-18 13:11:27,111 - INFO -run_logger.palmsens_driver 
 	 Data received: {'index': 77, 'x': [19.0], 'x_unit': 's', 'x_type': 'Time', 'y': [-10.238905906677246], 'y_unit': 'V', 'y_type': 'Potential'} 

2024-06-18 13:11:27,395 - INFO -run_logger.palmsens_driver 
 	 Data received: {'index': 78, 'x': [19.25], 'x_unit': 's', 'x_type': 'Time', 'y': [-10.238905906677246], 'y_unit': 'V', 'y_type': 'Potential'} 

2024-06-18 13:11:27,627 - INFO -run_logger.palmsens_driver 
 	 Data received: {'index': 79, 'x': [19.5], 'x_unit': 's', 'x_type': 'Time', 'y': [-10.238905906677246], 'y_unit': 'V', 'y_type': 'Potential'} 

2024-06-18 13:11:27,863 - INFO -run_logger.palmsens_driver 
 	 Data received: {'index': 80, 'x': [19.75], 'x_unit': 's', 'x_type': 'Time', 'y': [-10.238905906677246], 'y_unit': 'V', 'y_type': 'Potential'} 

2024-06-18 13:11:28,139 - INFO -run_logger.palmsens_driver 
 	 Data received: {'index': 81, 'x': [20.0], 'x_unit': 's', 'x_type': 'Time', 'y': [-10.238905906677246], 'y_unit': 'V', 'y_type': 'Potential'} 

2024-06-18 13:11:28,371 - INFO -run_logger.palmsens_driver 
 	 Data received: {'index': 82, 'x': [20.25], 'x_unit': 's', 'x_type': 'Time', 'y': [-10.238905906677246], 'y_unit': 'V', 'y_type': 'Potential'} 

2024-06-18 13:11:28,622 - INFO -run_logger.palmsens_driver 
 	 Data received: {'index': 83, 'x': [20.5], 'x_unit': 's', 'x_type': 'Time', 'y': [-10.238905906677246], 'y_unit': 'V', 'y_type': 'Potential'} 

2024-06-18 13:11:28,868 - INFO -run_logger.palmsens_driver 
 	 Data received: {'index': 84, 'x': [20.75], 'x_unit': 's', 'x_type': 'Time', 'y': [-10.238905906677246], 'y_unit': 'V', 'y_type': 'Potential'} 

2024-06-18 13:11:29,103 - INFO -run_logger.palmsens_driver 
 	 Data received: {'index': 85, 'x': [21.0], 'x_unit': 's', 'x_type': 'Time', 'y': [-10.238905906677246], 'y_unit': 'V', 'y_type': 'Potential'} 

2024-06-18 13:11:29,384 - INFO -run_logger.palmsens_driver 
 	 Data received: {'index': 86, 'x': [21.25], 'x_unit': 's', 'x_type': 'Time', 'y': [-10.238905906677246], 'y_unit': 'V', 'y_type': 'Potential'} 

2024-06-18 13:11:29,614 - INFO -run_logger.palmsens_driver 
 	 Data received: {'index': 87, 'x': [21.5], 'x_unit': 's', 'x_type': 'Time', 'y': [-10.238905906677246], 'y_unit': 'V', 'y_type': 'Potential'} 

2024-06-18 13:11:29,894 - INFO -run_logger.palmsens_driver 
 	 Data received: {'index': 88, 'x': [21.75], 'x_unit': 's', 'x_type': 'Time', 'y': [-10.238905906677246], 'y_unit': 'V', 'y_type': 'Potential'} 

2024-06-18 13:11:30,125 - INFO -run_logger.palmsens_driver 
 	 Data received: {'index': 89, 'x': [22.0], 'x_unit': 's', 'x_type': 'Time', 'y': [-10.238905906677246], 'y_unit': 'V', 'y_type': 'Potential'} 

2024-06-18 13:11:30,356 - INFO -run_logger.palmsens_driver 
 	 Data received: {'index': 90, 'x': [22.25], 'x_unit': 's', 'x_type': 'Time', 'y': [-10.238905906677246], 'y_unit': 'V', 'y_type': 'Potential'} 

2024-06-18 13:11:30,640 - INFO -run_logger.palmsens_driver 
 	 Data received: {'index': 91, 'x': [22.5], 'x_unit': 's', 'x_type': 'Time', 'y': [-10.238905906677246], 'y_unit': 'V', 'y_type': 'Potential'} 

2024-06-18 13:11:30,871 - INFO -run_logger.palmsens_driver 
 	 Data received: {'index': 92, 'x': [22.75], 'x_unit': 's', 'x_type': 'Time', 'y': [-10.238905906677246], 'y_unit': 'V', 'y_type': 'Potential'} 

2024-06-18 13:11:31,121 - INFO -run_logger.palmsens_driver 
 	 Data received: {'index': 93, 'x': [23.0], 'x_unit': 's', 'x_type': 'Time', 'y': [-10.238905906677246], 'y_unit': 'V', 'y_type': 'Potential'} 

2024-06-18 13:11:31,370 - INFO -run_logger.palmsens_driver 
 	 Data received: {'index': 94, 'x': [23.25], 'x_unit': 's', 'x_type': 'Time', 'y': [-10.238905906677246], 'y_unit': 'V', 'y_type': 'Potential'} 

2024-06-18 13:11:31,648 - INFO -run_logger.palmsens_driver 
 	 Data received: {'index': 95, 'x': [23.5], 'x_unit': 's', 'x_type': 'Time', 'y': [-10.238905906677246], 'y_unit': 'V', 'y_type': 'Potential'} 

2024-06-18 13:11:31,879 - INFO -run_logger.palmsens_driver 
 	 Data received: {'index': 96, 'x': [23.75], 'x_unit': 's', 'x_type': 'Time', 'y': [-10.238905906677246], 'y_unit': 'V', 'y_type': 'Potential'} 

2024-06-18 13:11:32,115 - INFO -run_logger.palmsens_driver 
 	 Data received: {'index': 97, 'x': [24.0], 'x_unit': 's', 'x_type': 'Time', 'y': [-10.238905906677246], 'y_unit': 'V', 'y_type': 'Potential'} 

2024-06-18 13:11:32,394 - INFO -run_logger.palmsens_driver 
 	 Data received: {'index': 98, 'x': [24.25], 'x_unit': 's', 'x_type': 'Time', 'y': [-10.238905906677246], 'y_unit': 'V', 'y_type': 'Potential'} 

2024-06-18 13:11:32,633 - INFO -run_logger.palmsens_driver 
 	 Data received: {'index': 99, 'x': [24.5], 'x_unit': 's', 'x_type': 'Time', 'y': [-10.238905906677246], 'y_unit': 'V', 'y_type': 'Potential'} 

2024-06-18 13:11:32,866 - INFO -run_logger.palmsens_driver 
 	 Data received: {'index': 100, 'x': [24.75], 'x_unit': 's', 'x_type': 'Time', 'y': [-10.238905906677246], 'y_unit': 'V', 'y_type': 'Potential'} 

2024-06-18 13:11:33,147 - INFO -run_logger.palmsens_driver 
 	 Data received: {'index': 101, 'x': [25.0], 'x_unit': 's', 'x_type': 'Time', 'y': [-10.238905906677246], 'y_unit': 'V', 'y_type': 'Potential'} 

2024-06-18 13:11:33,382 - INFO -run_logger.palmsens_driver 
 	 Data received: {'index': 102, 'x': [25.25], 'x_unit': 's', 'x_type': 'Time', 'y': [-10.238905906677246], 'y_unit': 'V', 'y_type': 'Potential'} 

2024-06-18 13:11:33,615 - INFO -run_logger.palmsens_driver 
 	 Data received: {'index': 103, 'x': [25.5], 'x_unit': 's', 'x_type': 'Time', 'y': [-10.238905906677246], 'y_unit': 'V', 'y_type': 'Potential'} 

2024-06-18 13:11:33,850 - INFO -run_logger.palmsens_driver 
 	 Data received: {'index': 104, 'x': [25.75], 'x_unit': 's', 'x_type': 'Time', 'y': [-10.238905906677246], 'y_unit': 'V', 'y_type': 'Potential'} 

2024-06-18 13:11:34,130 - INFO -run_logger.palmsens_driver 
 	 Data received: {'index': 105, 'x': [26.0], 'x_unit': 's', 'x_type': 'Time', 'y': [-10.238905906677246], 'y_unit': 'V', 'y_type': 'Potential'} 

2024-06-18 13:11:34,365 - INFO -run_logger.palmsens_driver 
 	 Data received: {'index': 106, 'x': [26.25], 'x_unit': 's', 'x_type': 'Time', 'y': [-10.238905906677246], 'y_unit': 'V', 'y_type': 'Potential'} 

2024-06-18 13:11:34,644 - INFO -run_logger.palmsens_driver 
 	 Data received: {'index': 107, 'x': [26.5], 'x_unit': 's', 'x_type': 'Time', 'y': [-10.238905906677246], 'y_unit': 'V', 'y_type': 'Potential'} 

2024-06-18 13:11:34,877 - INFO -run_logger.palmsens_driver 
 	 Data received: {'index': 108, 'x': [26.75], 'x_unit': 's', 'x_type': 'Time', 'y': [-10.238905906677246], 'y_unit': 'V', 'y_type': 'Potential'} 

2024-06-18 13:11:35,110 - INFO -run_logger.palmsens_driver 
 	 Data received: {'index': 109, 'x': [27.0], 'x_unit': 's', 'x_type': 'Time', 'y': [-10.238905906677246], 'y_unit': 'V', 'y_type': 'Potential'} 

2024-06-18 13:11:35,389 - INFO -run_logger.palmsens_driver 
 	 Data received: {'index': 110, 'x': [27.25], 'x_unit': 's', 'x_type': 'Time', 'y': [-10.238905906677246], 'y_unit': 'V', 'y_type': 'Potential'} 

2024-06-18 13:11:35,624 - INFO -run_logger.palmsens_driver 
 	 Data received: {'index': 111, 'x': [27.5], 'x_unit': 's', 'x_type': 'Time', 'y': [-10.238905906677246], 'y_unit': 'V', 'y_type': 'Potential'} 

2024-06-18 13:11:35,861 - INFO -run_logger.palmsens_driver 
 	 Data received: {'index': 112, 'x': [27.75], 'x_unit': 's', 'x_type': 'Time', 'y': [-10.238905906677246], 'y_unit': 'V', 'y_type': 'Potential'} 

2024-06-18 13:11:36,140 - INFO -run_logger.palmsens_driver 
 	 Data received: {'index': 113, 'x': [28.0], 'x_unit': 's', 'x_type': 'Time', 'y': [-10.238905906677246], 'y_unit': 'V', 'y_type': 'Potential'} 

2024-06-18 13:11:36,373 - INFO -run_logger.palmsens_driver 
 	 Data received: {'index': 114, 'x': [28.25], 'x_unit': 's', 'x_type': 'Time', 'y': [-10.238905906677246], 'y_unit': 'V', 'y_type': 'Potential'} 

2024-06-18 13:11:36,606 - INFO -run_logger.palmsens_driver 
 	 Data received: {'index': 115, 'x': [28.5], 'x_unit': 's', 'x_type': 'Time', 'y': [-10.238905906677246], 'y_unit': 'V', 'y_type': 'Potential'} 

2024-06-18 13:11:36,887 - INFO -run_logger.palmsens_driver 
 	 Data received: {'index': 116, 'x': [28.75], 'x_unit': 's', 'x_type': 'Time', 'y': [-10.238905906677246], 'y_unit': 'V', 'y_type': 'Potential'} 

2024-06-18 13:11:37,123 - INFO -run_logger.palmsens_driver 
 	 Data received: {'index': 117, 'x': [29.0], 'x_unit': 's', 'x_type': 'Time', 'y': [-10.238905906677246], 'y_unit': 'V', 'y_type': 'Potential'} 

2024-06-18 13:11:37,356 - INFO -run_logger.palmsens_driver 
 	 Data received: {'index': 118, 'x': [29.25], 'x_unit': 's', 'x_type': 'Time', 'y': [-10.238905906677246], 'y_unit': 'V', 'y_type': 'Potential'} 

2024-06-18 13:11:37,653 - INFO -run_logger.palmsens_driver 
 	 Data received: {'index': 119, 'x': [29.5], 'x_unit': 's', 'x_type': 'Time', 'y': [-10.238905906677246], 'y_unit': 'V', 'y_type': 'Potential'} 

2024-06-18 13:11:37,890 - INFO -run_logger.palmsens_driver 
 	 Data received: {'index': 120, 'x': [29.75], 'x_unit': 's', 'x_type': 'Time', 'y': [-10.238905906677246], 'y_unit': 'V', 'y_type': 'Potential'} 

2024-06-18 13:11:38,123 - INFO -run_logger.palmsens_driver 
 	 Data received: {'index': 121, 'x': [30.0], 'x_unit': 's', 'x_type': 'Time', 'y': [-10.238905906677246], 'y_unit': 'V', 'y_type': 'Potential'} 

2024-06-18 13:11:38,149 - INFO -run_logger.palmsens_driver 
 	 result:
{'Title': 'Open Circuit Potentiometry', 'timestamp': '18/06/2024 13:11:06', 'current_arrays': [[0.2384185791015625, 0.2384185791015625, 0.2384185791015625, 0.2384185791015625, 0.2384185791015625, 0.2384185791015625, 0.2384185791015625, 0.2384185791015625, 0.2384185791015625, 0.2384185791015625, 0.2384185791015625, 0.2384185791015625, 0.2384185791015625, 0.2384185791015625, 0.2384185791015625, 0.2384185791015625, 0.2384185791015625, 0.2384185791015625, 0.2384185791015625, 0.2384185791015625, 0.2384185791015625, 0.2384185791015625, 0.2384185791015625, 0.2384185791015625, 0.2384185791015625, 0.2384185791015625, 0.2384185791015625, 0.2384185791015625, 0.2384185791015625, 0.2384185791015625, 0.2384185791015625, 0.2384185791015625, 0.2384185791015625, 0.2384185791015625, 0.2384185791015625, 0.2384185791015625, 0.2384185791015625, 0.2384185791015625, 0.2384185791015625, 0.2384185791015625, 0.2384185791015625, 0.2384185791015625, 0.2384185791015625, 0.2384185791015625, 0.2384185791015625, 0.2384185791015625, 0.2384185791015625, 0.2384185791015625, 0.2384185791015625, 0.2384185791015625, 0.2384185791015625, 0.2384185791015625, 0.2384185791015625, 0.2384185791015625, 0.2384185791015625, 0.2384185791015625, 0.2384185791015625, 0.2384185791015625, 0.2384185791015625, 0.2384185791015625, 0.2384185791015625, 0.2384185791015625, 0.2384185791015625, 0.2384185791015625, 0.2384185791015625, 0.2384185791015625, 0.2384185791015625, 0.2384185791015625, 0.2384185791015625, 0.2384185791015625, 0.2384185791015625, 0.2384185791015625, 0.2384185791015625, 0.2384185791015625, 0.2384185791015625, 0.2384185791015625, 0.2384185791015625, 0.2384185791015625, 0.2384185791015625, 0.2384185791015625, 0.2384185791015625, 0.2384185791015625, 0.2384185791015625, 0.2384185791015625, 0.2384185791015625, 0.2384185791015625, 0.2384185791015625, 0.2384185791015625, 0.2384185791015625, 0.2384185791015625, 0.2384185791015625, 0.2384185791015625, 0.2384185791015625, 0.2384185791015625, 0.2384185791015625, 0.2384185791015625, 0.2384185791015625, 0.2384185791015625, 0.2384185791015625, 0.2384185791015625, 0.2384185791015625, 0.2384185791015625, 0.2384185791015625, 0.2384185791015625, 0.2384185791015625, 0.2384185791015625, 0.2384185791015625, 0.2384185791015625, 0.2384185791015625, 0.2384185791015625, 0.2384185791015625, 0.2384185791015625, 0.2384185791015625, 0.2384185791015625, 0.2384185791015625, 0.2384185791015625, 0.2384185791015625, 0.2384185791015625, 0.2384185791015625, 0.2384185791015625, 0.2384185791015625]], 'potential_arrays': [[-10.238905906677246, -10.238905906677246, -10.238905906677246, -10.238905906677246, -10.238905906677246, -10.238905906677246, -10.238905906677246, -10.238905906677246, -10.238905906677246, -10.238905906677246, -10.238905906677246, -10.238905906677246, -10.238905906677246, -10.238905906677246, -10.238905906677246, -10.238905906677246, -10.238905906677246, -10.238905906677246, -10.238905906677246, -10.238905906677246, -10.238905906677246, -10.238905906677246, -10.238905906677246, -10.238905906677246, -10.238905906677246, -10.238905906677246, -10.238905906677246, -10.238905906677246, -10.238905906677246, -10.238905906677246, -10.238905906677246, -10.238905906677246, -10.238905906677246, -10.238905906677246, -10.238905906677246, -10.238905906677246, -10.238905906677246, -10.238905906677246, -10.238905906677246, -10.238905906677246, -10.238905906677246, -10.238905906677246, -10.238905906677246, -10.238905906677246, -10.238905906677246, -10.238905906677246, -10.238905906677246, -10.238905906677246, -10.238905906677246, -10.238905906677246, -10.238905906677246, -10.238905906677246, -10.238905906677246, -10.238905906677246, -10.238905906677246, -10.238905906677246, -10.238905906677246, -10.238905906677246, -10.238905906677246, -10.238905906677246, -10.238905906677246, -10.238905906677246, -10.238905906677246, -10.238905906677246, -10.238905906677246, -10.238905906677246, -10.238905906677246, -10.238905906677246, -10.238905906677246, -10.238905906677246, -10.238905906677246, -10.238905906677246, -10.238905906677246, -10.238905906677246, -10.238905906677246, -10.238905906677246, -10.238905906677246, -10.238905906677246, -10.238905906677246, -10.238905906677246, -10.238905906677246, -10.238905906677246, -10.238905906677246, -10.238905906677246, -10.238905906677246, -10.238905906677246, -10.238905906677246, -10.238905906677246, -10.238905906677246, -10.238905906677246, -10.238905906677246, -10.238905906677246, -10.238905906677246, -10.238905906677246, -10.238905906677246, -10.238905906677246, -10.238905906677246, -10.238905906677246, -10.238905906677246, -10.238905906677246, -10.238905906677246, -10.238905906677246, -10.238905906677246, -10.238905906677246, -10.238905906677246, -10.238905906677246, -10.238905906677246, -10.238905906677246, -10.238905906677246, -10.238905906677246, -10.238905906677246, -10.238905906677246, -10.238905906677246, -10.238905906677246, -10.238905906677246, -10.238905906677246, -10.238905906677246, -10.238905906677246, -10.238905906677246, -10.238905906677246, -10.238905906677246]], 'time_arrays': [[0.0, 0.25, 0.5, 0.75, 1.0, 1.25, 1.5, 1.75, 2.0, 2.25, 2.5, 2.75, 3.0, 3.25, 3.5, 3.75, 4.0, 4.25, 4.5, 4.75, 5.0, 5.25, 5.5, 5.75, 6.0, 6.25, 6.5, 6.75, 7.0, 7.25, 7.5, 7.75, 8.0, 8.25, 8.5, 8.75, 9.0, 9.25, 9.5, 9.75, 10.0, 10.25, 10.5, 10.75, 11.0, 11.25, 11.5, 11.75, 12.0, 12.25, 12.5, 12.75, 13.0, 13.25, 13.5, 13.75, 14.0, 14.25, 14.5, 14.75, 15.0, 15.25, 15.5, 15.75, 16.0, 16.25, 16.5, 16.75, 17.0, 17.25, 17.5, 17.75, 18.0, 18.25, 18.5, 18.75, 19.0, 19.25, 19.5, 19.75, 20.0, 20.25, 20.5, 20.75, 21.0, 21.25, 21.5, 21.75, 22.0, 22.25, 22.5, 22.75, 23.0, 23.25, 23.5, 23.75, 24.0, 24.25, 24.5, 24.75, 25.0, 25.25, 25.5, 25.75, 26.0, 26.25, 26.5, 26.75, 27.0, 27.25, 27.5, 27.75, 28.0, 28.25, 28.5, 28.75, 29.0, 29.25, 29.5, 29.75, 30.0]], 'freq_arrays': [], 'zre_arrays': [], 'zim_arrays': [], 'aux_input_arrays': [], 'peaks': [], 'eis_fit': []} 

