2024-06-17 14:35:19,663 - INFO -run_logger.palmsens_driver 
 	 Successfully connected to PalmSens4 [1]. 

2024-06-17 14:35:28,128 - INFO -run_logger.palmsens_driver 
 	 Data received: {'index': 1, 'x': [0.0], 'x_unit': 's', 'x_type': 'Time', 'y': [-1.9801244735717773], 'y_unit': 'V', 'y_type': 'Potential'} 

2024-06-17 14:35:28,391 - INFO -run_logger.palmsens_driver 
 	 Data received: {'index': 2, 'x': [0.25], 'x_unit': 's', 'x_type': 'Time', 'y': [-1.9801244735717773], 'y_unit': 'V', 'y_type': 'Potential'} 

2024-06-17 14:35:28,626 - INFO -run_logger.palmsens_driver 
 	 Data received: {'index': 3, 'x': [0.5], 'x_unit': 's', 'x_type': 'Time', 'y': [-1.980046272277832], 'y_unit': 'V', 'y_type': 'Potential'} 

2024-06-17 14:35:28,860 - INFO -run_logger.palmsens_driver 
 	 Data received: {'index': 4, 'x': [0.75], 'x_unit': 's', 'x_type': 'Time', 'y': [-1.9801244735717773], 'y_unit': 'V', 'y_type': 'Potential'} 

2024-06-17 14:35:29,141 - INFO -run_logger.palmsens_driver 
 	 Data received: {'index': 5, 'x': [1.0], 'x_unit': 's', 'x_type': 'Time', 'y': [-1.980046272277832], 'y_unit': 'V', 'y_type': 'Potential'} 

2024-06-17 14:35:29,374 - INFO -run_logger.palmsens_driver 
 	 Data received: {'index': 6, 'x': [1.25], 'x_unit': 's', 'x_type': 'Time', 'y': [-1.9799680709838867], 'y_unit': 'V', 'y_type': 'Potential'} 

2024-06-17 14:35:29,653 - INFO -run_logger.palmsens_driver 
 	 Data received: {'index': 7, 'x': [1.5], 'x_unit': 's', 'x_type': 'Time', 'y': [-1.980046272277832], 'y_unit': 'V', 'y_type': 'Potential'} 

2024-06-17 14:35:29,887 - INFO -run_logger.palmsens_driver 
 	 Data received: {'index': 8, 'x': [1.75], 'x_unit': 's', 'x_type': 'Time', 'y': [-1.9799680709838867], 'y_unit': 'V', 'y_type': 'Potential'} 

2024-06-17 14:35:30,120 - INFO -run_logger.palmsens_driver 
 	 Data received: {'index': 9, 'x': [2.0], 'x_unit': 's', 'x_type': 'Time', 'y': [-1.980046272277832], 'y_unit': 'V', 'y_type': 'Potential'} 

2024-06-17 14:35:30,401 - INFO -run_logger.palmsens_driver 
 	 Data received: {'index': 10, 'x': [2.25], 'x_unit': 's', 'x_type': 'Time', 'y': [-1.980046272277832], 'y_unit': 'V', 'y_type': 'Potential'} 

2024-06-17 14:35:30,634 - INFO -run_logger.palmsens_driver 
 	 Data received: {'index': 11, 'x': [2.5], 'x_unit': 's', 'x_type': 'Time', 'y': [-1.9798898696899414], 'y_unit': 'V', 'y_type': 'Potential'} 

2024-06-17 14:35:30,869 - INFO -run_logger.palmsens_driver 
 	 Data received: {'index': 12, 'x': [2.75], 'x_unit': 's', 'x_type': 'Time', 'y': [-1.9798898696899414], 'y_unit': 'V', 'y_type': 'Potential'} 

2024-06-17 14:35:31,163 - INFO -run_logger.palmsens_driver 
 	 Data received: {'index': 13, 'x': [3.0], 'x_unit': 's', 'x_type': 'Time', 'y': [-1.9798898696899414], 'y_unit': 'V', 'y_type': 'Potential'} 

2024-06-17 14:35:31,397 - INFO -run_logger.palmsens_driver 
 	 Data received: {'index': 14, 'x': [3.25], 'x_unit': 's', 'x_type': 'Time', 'y': [-1.9798126220703125], 'y_unit': 'V', 'y_type': 'Potential'} 

2024-06-17 14:35:31,633 - INFO -run_logger.palmsens_driver 
 	 Data received: {'index': 15, 'x': [3.5], 'x_unit': 's', 'x_type': 'Time', 'y': [-1.9798898696899414], 'y_unit': 'V', 'y_type': 'Potential'} 

2024-06-17 14:35:31,880 - INFO -run_logger.palmsens_driver 
 	 Data received: {'index': 16, 'x': [3.75], 'x_unit': 's', 'x_type': 'Time', 'y': [-1.9798126220703125], 'y_unit': 'V', 'y_type': 'Potential'} 

2024-06-17 14:35:32,109 - INFO -run_logger.palmsens_driver 
 	 Data received: {'index': 17, 'x': [4.0], 'x_unit': 's', 'x_type': 'Time', 'y': [-1.9798126220703125], 'y_unit': 'V', 'y_type': 'Potential'} 

2024-06-17 14:35:32,389 - INFO -run_logger.palmsens_driver 
 	 Data received: {'index': 18, 'x': [4.25], 'x_unit': 's', 'x_type': 'Time', 'y': [-1.9798126220703125], 'y_unit': 'V', 'y_type': 'Potential'} 

2024-06-17 14:35:32,622 - INFO -run_logger.palmsens_driver 
 	 Data received: {'index': 19, 'x': [4.5], 'x_unit': 's', 'x_type': 'Time', 'y': [-1.9798126220703125], 'y_unit': 'V', 'y_type': 'Potential'} 

2024-06-17 14:35:32,904 - INFO -run_logger.palmsens_driver 
 	 Data received: {'index': 20, 'x': [4.75], 'x_unit': 's', 'x_type': 'Time', 'y': [-1.9798126220703125], 'y_unit': 'V', 'y_type': 'Potential'} 

2024-06-17 14:35:33,141 - INFO -run_logger.palmsens_driver 
 	 Data received: {'index': 21, 'x': [5.0], 'x_unit': 's', 'x_type': 'Time', 'y': [-1.9797344207763672], 'y_unit': 'V', 'y_type': 'Potential'} 

2024-06-17 14:35:33,372 - INFO -run_logger.palmsens_driver 
 	 Data received: {'index': 22, 'x': [5.25], 'x_unit': 's', 'x_type': 'Time', 'y': [-1.9798126220703125], 'y_unit': 'V', 'y_type': 'Potential'} 

2024-06-17 14:35:33,608 - INFO -run_logger.palmsens_driver 
 	 Data received: {'index': 23, 'x': [5.5], 'x_unit': 's', 'x_type': 'Time', 'y': [-1.9798126220703125], 'y_unit': 'V', 'y_type': 'Potential'} 

2024-06-17 14:35:33,890 - INFO -run_logger.palmsens_driver 
 	 Data received: {'index': 24, 'x': [5.75], 'x_unit': 's', 'x_type': 'Time', 'y': [-1.9797344207763672], 'y_unit': 'V', 'y_type': 'Potential'} 

2024-06-17 14:35:34,126 - INFO -run_logger.palmsens_driver 
 	 Data received: {'index': 25, 'x': [6.0], 'x_unit': 's', 'x_type': 'Time', 'y': [-1.9798126220703125], 'y_unit': 'V', 'y_type': 'Potential'} 

2024-06-17 14:35:34,359 - INFO -run_logger.palmsens_driver 
 	 Data received: {'index': 26, 'x': [6.25], 'x_unit': 's', 'x_type': 'Time', 'y': [-1.9796562194824219], 'y_unit': 'V', 'y_type': 'Potential'} 

2024-06-17 14:35:34,638 - INFO -run_logger.palmsens_driver 
 	 Data received: {'index': 27, 'x': [6.5], 'x_unit': 's', 'x_type': 'Time', 'y': [-1.9797344207763672], 'y_unit': 'V', 'y_type': 'Potential'} 

2024-06-17 14:35:34,871 - INFO -run_logger.palmsens_driver 
 	 Data received: {'index': 28, 'x': [6.75], 'x_unit': 's', 'x_type': 'Time', 'y': [-1.9798126220703125], 'y_unit': 'V', 'y_type': 'Potential'} 

2024-06-17 14:35:35,151 - INFO -run_logger.palmsens_driver 
 	 Data received: {'index': 29, 'x': [7.0], 'x_unit': 's', 'x_type': 'Time', 'y': [-1.9797344207763672], 'y_unit': 'V', 'y_type': 'Potential'} 

2024-06-17 14:35:35,386 - INFO -run_logger.palmsens_driver 
 	 Data received: {'index': 30, 'x': [7.25], 'x_unit': 's', 'x_type': 'Time', 'y': [-1.9797344207763672], 'y_unit': 'V', 'y_type': 'Potential'} 

2024-06-17 14:35:35,620 - INFO -run_logger.palmsens_driver 
 	 Data received: {'index': 31, 'x': [7.5], 'x_unit': 's', 'x_type': 'Time', 'y': [-1.9796562194824219], 'y_unit': 'V', 'y_type': 'Potential'} 

2024-06-17 14:35:35,901 - INFO -run_logger.palmsens_driver 
 	 Data received: {'index': 32, 'x': [7.75], 'x_unit': 's', 'x_type': 'Time', 'y': [-1.9796562194824219], 'y_unit': 'V', 'y_type': 'Potential'} 

2024-06-17 14:35:36,135 - INFO -run_logger.palmsens_driver 
 	 Data received: {'index': 33, 'x': [8.0], 'x_unit': 's', 'x_type': 'Time', 'y': [-1.9797344207763672], 'y_unit': 'V', 'y_type': 'Potential'} 

2024-06-17 14:35:36,383 - INFO -run_logger.palmsens_driver 
 	 Data received: {'index': 34, 'x': [8.25], 'x_unit': 's', 'x_type': 'Time', 'y': [-1.9796562194824219], 'y_unit': 'V', 'y_type': 'Potential'} 

2024-06-17 14:35:36,646 - INFO -run_logger.palmsens_driver 
 	 Data received: {'index': 35, 'x': [8.5], 'x_unit': 's', 'x_type': 'Time', 'y': [-1.9797344207763672], 'y_unit': 'V', 'y_type': 'Potential'} 

2024-06-17 14:35:36,879 - INFO -run_logger.palmsens_driver 
 	 Data received: {'index': 36, 'x': [8.75], 'x_unit': 's', 'x_type': 'Time', 'y': [-1.9796562194824219], 'y_unit': 'V', 'y_type': 'Potential'} 

2024-06-17 14:35:37,114 - INFO -run_logger.palmsens_driver 
 	 Data received: {'index': 37, 'x': [9.0], 'x_unit': 's', 'x_type': 'Time', 'y': [-1.9795780181884766], 'y_unit': 'V', 'y_type': 'Potential'} 

2024-06-17 14:35:37,395 - INFO -run_logger.palmsens_driver 
 	 Data received: {'index': 38, 'x': [9.25], 'x_unit': 's', 'x_type': 'Time', 'y': [-1.9796562194824219], 'y_unit': 'V', 'y_type': 'Potential'} 

2024-06-17 14:35:37,628 - INFO -run_logger.palmsens_driver 
 	 Data received: {'index': 39, 'x': [9.5], 'x_unit': 's', 'x_type': 'Time', 'y': [-1.9795780181884766], 'y_unit': 'V', 'y_type': 'Potential'} 

2024-06-17 14:35:37,861 - INFO -run_logger.palmsens_driver 
 	 Data received: {'index': 40, 'x': [9.75], 'x_unit': 's', 'x_type': 'Time', 'y': [-1.9796562194824219], 'y_unit': 'V', 'y_type': 'Potential'} 

2024-06-17 14:35:38,139 - INFO -run_logger.palmsens_driver 
 	 Data received: {'index': 41, 'x': [10.0], 'x_unit': 's', 'x_type': 'Time', 'y': [-1.9796562194824219], 'y_unit': 'V', 'y_type': 'Potential'} 

2024-06-17 14:35:38,370 - INFO -run_logger.palmsens_driver 
 	 Data received: {'index': 42, 'x': [10.25], 'x_unit': 's', 'x_type': 'Time', 'y': [-1.9796562194824219], 'y_unit': 'V', 'y_type': 'Potential'} 

2024-06-17 14:35:38,653 - INFO -run_logger.palmsens_driver 
 	 Data received: {'index': 43, 'x': [10.5], 'x_unit': 's', 'x_type': 'Time', 'y': [-1.9797344207763672], 'y_unit': 'V', 'y_type': 'Potential'} 

2024-06-17 14:35:38,887 - INFO -run_logger.palmsens_driver 
 	 Data received: {'index': 44, 'x': [10.75], 'x_unit': 's', 'x_type': 'Time', 'y': [-1.9796562194824219], 'y_unit': 'V', 'y_type': 'Potential'} 

2024-06-17 14:35:39,121 - INFO -run_logger.palmsens_driver 
 	 Data received: {'index': 45, 'x': [11.0], 'x_unit': 's', 'x_type': 'Time', 'y': [-1.9797344207763672], 'y_unit': 'V', 'y_type': 'Potential'} 

2024-06-17 14:35:39,402 - INFO -run_logger.palmsens_driver 
 	 Data received: {'index': 46, 'x': [11.25], 'x_unit': 's', 'x_type': 'Time', 'y': [-1.9797344207763672], 'y_unit': 'V', 'y_type': 'Potential'} 

2024-06-17 14:35:39,635 - INFO -run_logger.palmsens_driver 
 	 Data received: {'index': 47, 'x': [11.5], 'x_unit': 's', 'x_type': 'Time', 'y': [-1.9797344207763672], 'y_unit': 'V', 'y_type': 'Potential'} 

2024-06-17 14:35:39,869 - INFO -run_logger.palmsens_driver 
 	 Data received: {'index': 48, 'x': [11.75], 'x_unit': 's', 'x_type': 'Time', 'y': [-1.9797344207763672], 'y_unit': 'V', 'y_type': 'Potential'} 

2024-06-17 14:35:40,149 - INFO -run_logger.palmsens_driver 
 	 Data received: {'index': 49, 'x': [12.0], 'x_unit': 's', 'x_type': 'Time', 'y': [-1.9796562194824219], 'y_unit': 'V', 'y_type': 'Potential'} 

2024-06-17 14:35:40,384 - INFO -run_logger.palmsens_driver 
 	 Data received: {'index': 50, 'x': [12.25], 'x_unit': 's', 'x_type': 'Time', 'y': [-1.9797344207763672], 'y_unit': 'V', 'y_type': 'Potential'} 

2024-06-17 14:35:40,619 - INFO -run_logger.palmsens_driver 
 	 Data received: {'index': 51, 'x': [12.5], 'x_unit': 's', 'x_type': 'Time', 'y': [-1.9797344207763672], 'y_unit': 'V', 'y_type': 'Potential'} 

2024-06-17 14:35:40,866 - INFO -run_logger.palmsens_driver 
 	 Data received: {'index': 52, 'x': [12.75], 'x_unit': 's', 'x_type': 'Time', 'y': [-1.9797344207763672], 'y_unit': 'V', 'y_type': 'Potential'} 

2024-06-17 14:35:41,146 - INFO -run_logger.palmsens_driver 
 	 Data received: {'index': 53, 'x': [13.0], 'x_unit': 's', 'x_type': 'Time', 'y': [-1.9798126220703125], 'y_unit': 'V', 'y_type': 'Potential'} 

2024-06-17 14:35:41,380 - INFO -run_logger.palmsens_driver 
 	 Data received: {'index': 54, 'x': [13.25], 'x_unit': 's', 'x_type': 'Time', 'y': [-1.9796562194824219], 'y_unit': 'V', 'y_type': 'Potential'} 

2024-06-17 14:35:41,612 - INFO -run_logger.palmsens_driver 
 	 Data received: {'index': 55, 'x': [13.5], 'x_unit': 's', 'x_type': 'Time', 'y': [-1.9797344207763672], 'y_unit': 'V', 'y_type': 'Potential'} 

2024-06-17 14:35:41,891 - INFO -run_logger.palmsens_driver 
 	 Data received: {'index': 56, 'x': [13.75], 'x_unit': 's', 'x_type': 'Time', 'y': [-1.9797344207763672], 'y_unit': 'V', 'y_type': 'Potential'} 

2024-06-17 14:35:42,122 - INFO -run_logger.palmsens_driver 
 	 Data received: {'index': 57, 'x': [14.0], 'x_unit': 's', 'x_type': 'Time', 'y': [-1.9795780181884766], 'y_unit': 'V', 'y_type': 'Potential'} 

2024-06-17 14:35:42,358 - INFO -run_logger.palmsens_driver 
 	 Data received: {'index': 58, 'x': [14.25], 'x_unit': 's', 'x_type': 'Time', 'y': [-1.9796562194824219], 'y_unit': 'V', 'y_type': 'Potential'} 

2024-06-17 14:35:42,639 - INFO -run_logger.palmsens_driver 
 	 Data received: {'index': 59, 'x': [14.5], 'x_unit': 's', 'x_type': 'Time', 'y': [-1.9795780181884766], 'y_unit': 'V', 'y_type': 'Potential'} 

2024-06-17 14:35:42,872 - INFO -run_logger.palmsens_driver 
 	 Data received: {'index': 60, 'x': [14.75], 'x_unit': 's', 'x_type': 'Time', 'y': [-1.9794998168945312], 'y_unit': 'V', 'y_type': 'Potential'} 

2024-06-17 14:35:43,150 - INFO -run_logger.palmsens_driver 
 	 Data received: {'index': 61, 'x': [15.0], 'x_unit': 's', 'x_type': 'Time', 'y': [-1.9794998168945312], 'y_unit': 'V', 'y_type': 'Potential'} 

2024-06-17 14:35:43,383 - INFO -run_logger.palmsens_driver 
 	 Data received: {'index': 62, 'x': [15.25], 'x_unit': 's', 'x_type': 'Time', 'y': [-1.979421615600586], 'y_unit': 'V', 'y_type': 'Potential'} 

2024-06-17 14:35:43,633 - INFO -run_logger.palmsens_driver 
 	 Data received: {'index': 63, 'x': [15.5], 'x_unit': 's', 'x_type': 'Time', 'y': [-1.979421615600586], 'y_unit': 'V', 'y_type': 'Potential'} 

2024-06-17 14:35:43,869 - INFO -run_logger.palmsens_driver 
 	 Data received: {'index': 64, 'x': [15.75], 'x_unit': 's', 'x_type': 'Time', 'y': [-1.979421615600586], 'y_unit': 'V', 'y_type': 'Potential'} 

2024-06-17 14:35:44,114 - INFO -run_logger.palmsens_driver 
 	 Data received: {'index': 65, 'x': [16.0], 'x_unit': 's', 'x_type': 'Time', 'y': [-1.9794998168945312], 'y_unit': 'V', 'y_type': 'Potential'} 

2024-06-17 14:35:44,393 - INFO -run_logger.palmsens_driver 
 	 Data received: {'index': 66, 'x': [16.25], 'x_unit': 's', 'x_type': 'Time', 'y': [-1.9796562194824219], 'y_unit': 'V', 'y_type': 'Potential'} 

2024-06-17 14:35:44,626 - INFO -run_logger.palmsens_driver 
 	 Data received: {'index': 67, 'x': [16.5], 'x_unit': 's', 'x_type': 'Time', 'y': [-1.9797344207763672], 'y_unit': 'V', 'y_type': 'Potential'} 

2024-06-17 14:35:44,866 - INFO -run_logger.palmsens_driver 
 	 Data received: {'index': 68, 'x': [16.75], 'x_unit': 's', 'x_type': 'Time', 'y': [-1.9798898696899414], 'y_unit': 'V', 'y_type': 'Potential'} 

2024-06-17 14:35:45,149 - INFO -run_logger.palmsens_driver 
 	 Data received: {'index': 69, 'x': [17.0], 'x_unit': 's', 'x_type': 'Time', 'y': [-1.9799680709838867], 'y_unit': 'V', 'y_type': 'Potential'} 

2024-06-17 14:35:45,415 - INFO -run_logger.palmsens_driver 
 	 Data received: {'index': 70, 'x': [17.25], 'x_unit': 's', 'x_type': 'Time', 'y': [-1.9798898696899414], 'y_unit': 'V', 'y_type': 'Potential'} 

2024-06-17 14:35:45,648 - INFO -run_logger.palmsens_driver 
 	 Data received: {'index': 71, 'x': [17.5], 'x_unit': 's', 'x_type': 'Time', 'y': [-1.980046272277832], 'y_unit': 'V', 'y_type': 'Potential'} 

2024-06-17 14:35:45,867 - INFO -run_logger.palmsens_driver 
 	 Data received: {'index': 72, 'x': [17.75], 'x_unit': 's', 'x_type': 'Time', 'y': [-1.9799680709838867], 'y_unit': 'V', 'y_type': 'Potential'} 

2024-06-17 14:35:46,152 - INFO -run_logger.palmsens_driver 
 	 Data received: {'index': 73, 'x': [18.0], 'x_unit': 's', 'x_type': 'Time', 'y': [-1.9799680709838867], 'y_unit': 'V', 'y_type': 'Potential'} 

2024-06-17 14:35:46,385 - INFO -run_logger.palmsens_driver 
 	 Data received: {'index': 74, 'x': [18.25], 'x_unit': 's', 'x_type': 'Time', 'y': [-1.980046272277832], 'y_unit': 'V', 'y_type': 'Potential'} 

2024-06-17 14:35:46,620 - INFO -run_logger.palmsens_driver 
 	 Data received: {'index': 75, 'x': [18.5], 'x_unit': 's', 'x_type': 'Time', 'y': [-1.9799680709838867], 'y_unit': 'V', 'y_type': 'Potential'} 

2024-06-17 14:35:46,909 - INFO -run_logger.palmsens_driver 
 	 Data received: {'index': 76, 'x': [18.75], 'x_unit': 's', 'x_type': 'Time', 'y': [-1.9801244735717773], 'y_unit': 'V', 'y_type': 'Potential'} 

2024-06-17 14:35:47,140 - INFO -run_logger.palmsens_driver 
 	 Data received: {'index': 77, 'x': [19.0], 'x_unit': 's', 'x_type': 'Time', 'y': [-1.9799680709838867], 'y_unit': 'V', 'y_type': 'Potential'} 

2024-06-17 14:35:47,372 - INFO -run_logger.palmsens_driver 
 	 Data received: {'index': 78, 'x': [19.25], 'x_unit': 's', 'x_type': 'Time', 'y': [-1.980046272277832], 'y_unit': 'V', 'y_type': 'Potential'} 

2024-06-17 14:35:47,607 - INFO -run_logger.palmsens_driver 
 	 Data received: {'index': 79, 'x': [19.5], 'x_unit': 's', 'x_type': 'Time', 'y': [-1.9801244735717773], 'y_unit': 'V', 'y_type': 'Potential'} 

2024-06-17 14:35:47,883 - INFO -run_logger.palmsens_driver 
 	 Data received: {'index': 80, 'x': [19.75], 'x_unit': 's', 'x_type': 'Time', 'y': [-1.980046272277832], 'y_unit': 'V', 'y_type': 'Potential'} 

2024-06-17 14:35:48,148 - INFO -run_logger.palmsens_driver 
 	 Data received: {'index': 81, 'x': [20.0], 'x_unit': 's', 'x_type': 'Time', 'y': [-1.9802026748657227], 'y_unit': 'V', 'y_type': 'Potential'} 

2024-06-17 14:35:48,173 - INFO -run_logger.palmsens_driver 
 	 result:
{'Title': 'Open Circuit Potentiometry', 'timestamp': '17/06/2024 14:35:26', 'current_arrays': [[0.2384185791015625, 0.2384185791015625, 0.2384185791015625, 0.2384185791015625, 0.2384185791015625, 0.2384185791015625, 0.2384185791015625, 0.2384185791015625, 0.2384185791015625, 0.2384185791015625, 0.2384185791015625, 0.2384185791015625, 0.2384185791015625, 0.2384185791015625, 0.2384185791015625, 0.2384185791015625, 0.2384185791015625, 0.2384185791015625, 0.2384185791015625, 0.2384185791015625, 0.2384185791015625, 0.2384185791015625, 0.2384185791015625, 0.2384185791015625, 0.2384185791015625, 0.2384185791015625, 0.2384185791015625, 0.2384185791015625, 0.2384185791015625, 0.2384185791015625, 0.2384185791015625, 0.2384185791015625, 0.2384185791015625, 0.2384185791015625, 0.2384185791015625, 0.2384185791015625, 0.2384185791015625, 0.2384185791015625, 0.2384185791015625, 0.2384185791015625, 0.2384185791015625, 0.2384185791015625, 0.2384185791015625, 0.2384185791015625, 0.2384185791015625, 0.2384185791015625, 0.2384185791015625, 0.2384185791015625, 0.2384185791015625, 0.2384185791015625, 0.2384185791015625, 0.2384185791015625, 0.2384185791015625, 0.2384185791015625, 0.2384185791015625, 0.2384185791015625, 0.2384185791015625, 0.2384185791015625, 0.2384185791015625, 0.2384185791015625, 0.2384185791015625, 0.2384185791015625, 0.2384185791015625, 0.2384185791015625, 0.2384185791015625, 0.2384185791015625, 0.2384185791015625, 0.2384185791015625, 0.2384185791015625, 0.2384185791015625, 0.2384185791015625, 0.2384185791015625, 0.2384185791015625, 0.2384185791015625, 0.2384185791015625, 0.2384185791015625, 0.2384185791015625, 0.2384185791015625, 0.2384185791015625, 0.2384185791015625, 0.2384185791015625]], 'potential_arrays': [[-1.9801244735717773, -1.9801244735717773, -1.980046272277832, -1.9801244735717773, -1.980046272277832, -1.9799680709838867, -1.980046272277832, -1.9799680709838867, -1.980046272277832, -1.980046272277832, -1.9798898696899414, -1.9798898696899414, -1.9798898696899414, -1.9798126220703125, -1.9798898696899414, -1.9798126220703125, -1.9798126220703125, -1.9798126220703125, -1.9798126220703125, -1.9798126220703125, -1.9797344207763672, -1.9798126220703125, -1.9798126220703125, -1.9797344207763672, -1.9798126220703125, -1.9796562194824219, -1.9797344207763672, -1.9798126220703125, -1.9797344207763672, -1.9797344207763672, -1.9796562194824219, -1.9796562194824219, -1.9797344207763672, -1.9796562194824219, -1.9797344207763672, -1.9796562194824219, -1.9795780181884766, -1.9796562194824219, -1.9795780181884766, -1.9796562194824219, -1.9796562194824219, -1.9796562194824219, -1.9797344207763672, -1.9796562194824219, -1.9797344207763672, -1.9797344207763672, -1.9797344207763672, -1.9797344207763672, -1.9796562194824219, -1.9797344207763672, -1.9797344207763672, -1.9797344207763672, -1.9798126220703125, -1.9796562194824219, -1.9797344207763672, -1.9797344207763672, -1.9795780181884766, -1.9796562194824219, -1.9795780181884766, -1.9794998168945312, -1.9794998168945312, -1.979421615600586, -1.979421615600586, -1.979421615600586, -1.9794998168945312, -1.9796562194824219, -1.9797344207763672, -1.9798898696899414, -1.9799680709838867, -1.9798898696899414, -1.980046272277832, -1.9799680709838867, -1.9799680709838867, -1.980046272277832, -1.9799680709838867, -1.9801244735717773, -1.9799680709838867, -1.980046272277832, -1.9801244735717773, -1.980046272277832, -1.9802026748657227]], 'time_arrays': [[0.0, 0.25, 0.5, 0.75, 1.0, 1.25, 1.5, 1.75, 2.0, 2.25, 2.5, 2.75, 3.0, 3.25, 3.5, 3.75, 4.0, 4.25, 4.5, 4.75, 5.0, 5.25, 5.5, 5.75, 6.0, 6.25, 6.5, 6.75, 7.0, 7.25, 7.5, 7.75, 8.0, 8.25, 8.5, 8.75, 9.0, 9.25, 9.5, 9.75, 10.0, 10.25, 10.5, 10.75, 11.0, 11.25, 11.5, 11.75, 12.0, 12.25, 12.5, 12.75, 13.0, 13.25, 13.5, 13.75, 14.0, 14.25, 14.5, 14.75, 15.0, 15.25, 15.5, 15.75, 16.0, 16.25, 16.5, 16.75, 17.0, 17.25, 17.5, 17.75, 18.0, 18.25, 18.5, 18.75, 19.0, 19.25, 19.5, 19.75, 20.0]], 'freq_arrays': [], 'zre_arrays': [], 'zim_arrays': [], 'aux_input_arrays': [], 'peaks': [], 'eis_fit': []} 

