2024-06-17 14:34:06,791 - INFO -run_logger.palmsens_driver 
 	 Successfully connected to PalmSens4 [1]. 

2024-06-17 14:34:30,595 - INFO -run_logger.palmsens_driver 
 	 Data received: {'index': 1, 'x': [0.0], 'x_unit': 's', 'x_type': 'Time', 'y': [-1.9852027893066406], 'y_unit': 'V', 'y_type': 'Potential'} 

2024-06-17 14:34:30,809 - INFO -run_logger.palmsens_driver 
 	 Data received: {'index': 2, 'x': [0.25], 'x_unit': 's', 'x_type': 'Time', 'y': [-1.985280990600586], 'y_unit': 'V', 'y_type': 'Potential'} 

2024-06-17 14:34:31,044 - INFO -run_logger.palmsens_driver 
 	 Data received: {'index': 3, 'x': [0.5], 'x_unit': 's', 'x_type': 'Time', 'y': [-1.9852027893066406], 'y_unit': 'V', 'y_type': 'Potential'} 

2024-06-17 14:34:31,322 - INFO -run_logger.palmsens_driver 
 	 Data received: {'index': 4, 'x': [0.75], 'x_unit': 's', 'x_type': 'Time', 'y': [-1.9852027893066406], 'y_unit': 'V', 'y_type': 'Potential'} 

2024-06-17 14:34:31,555 - INFO -run_logger.palmsens_driver 
 	 Data received: {'index': 5, 'x': [1.0], 'x_unit': 's', 'x_type': 'Time', 'y': [-1.9851245880126953], 'y_unit': 'V', 'y_type': 'Potential'} 

2024-06-17 14:34:31,803 - INFO -run_logger.palmsens_driver 
 	 Data received: {'index': 6, 'x': [1.25], 'x_unit': 's', 'x_type': 'Time', 'y': [-1.98504638671875], 'y_unit': 'V', 'y_type': 'Potential'} 

2024-06-17 14:34:32,079 - INFO -run_logger.palmsens_driver 
 	 Data received: {'index': 7, 'x': [1.5], 'x_unit': 's', 'x_type': 'Time', 'y': [-1.9851245880126953], 'y_unit': 'V', 'y_type': 'Potential'} 

2024-06-17 14:34:32,308 - INFO -run_logger.palmsens_driver 
 	 Data received: {'index': 8, 'x': [1.75], 'x_unit': 's', 'x_type': 'Time', 'y': [-1.9849681854248047], 'y_unit': 'V', 'y_type': 'Potential'} 

2024-06-17 14:34:32,555 - INFO -run_logger.palmsens_driver 
 	 Data received: {'index': 9, 'x': [2.0], 'x_unit': 's', 'x_type': 'Time', 'y': [-1.9849681854248047], 'y_unit': 'V', 'y_type': 'Potential'} 

2024-06-17 14:34:32,789 - INFO -run_logger.palmsens_driver 
 	 Data received: {'index': 10, 'x': [2.25], 'x_unit': 's', 'x_type': 'Time', 'y': [-1.9848899841308594], 'y_unit': 'V', 'y_type': 'Potential'} 

2024-06-17 14:34:33,068 - INFO -run_logger.palmsens_driver 
 	 Data received: {'index': 11, 'x': [2.5], 'x_unit': 's', 'x_type': 'Time', 'y': [-1.984811782836914], 'y_unit': 'V', 'y_type': 'Potential'} 

2024-06-17 14:34:33,304 - INFO -run_logger.palmsens_driver 
 	 Data received: {'index': 12, 'x': [2.75], 'x_unit': 's', 'x_type': 'Time', 'y': [-1.984811782836914], 'y_unit': 'V', 'y_type': 'Potential'} 

2024-06-17 14:34:33,555 - INFO -run_logger.palmsens_driver 
 	 Data received: {'index': 13, 'x': [3.0], 'x_unit': 's', 'x_type': 'Time', 'y': [-1.9846563339233398], 'y_unit': 'V', 'y_type': 'Potential'} 

2024-06-17 14:34:33,786 - INFO -run_logger.palmsens_driver 
 	 Data received: {'index': 14, 'x': [3.25], 'x_unit': 's', 'x_type': 'Time', 'y': [-1.9846563339233398], 'y_unit': 'V', 'y_type': 'Potential'} 

2024-06-17 14:34:34,068 - INFO -run_logger.palmsens_driver 
 	 Data received: {'index': 15, 'x': [3.5], 'x_unit': 's', 'x_type': 'Time', 'y': [-1.9847345352172852], 'y_unit': 'V', 'y_type': 'Potential'} 

2024-06-17 14:34:34,303 - INFO -run_logger.palmsens_driver 
 	 Data received: {'index': 16, 'x': [3.75], 'x_unit': 's', 'x_type': 'Time', 'y': [-1.9844999313354492], 'y_unit': 'V', 'y_type': 'Potential'} 

2024-06-17 14:34:34,538 - INFO -run_logger.palmsens_driver 
 	 Data received: {'index': 17, 'x': [4.0], 'x_unit': 's', 'x_type': 'Time', 'y': [-1.9845781326293945], 'y_unit': 'V', 'y_type': 'Potential'} 

2024-06-17 14:34:34,814 - INFO -run_logger.palmsens_driver 
 	 Data received: {'index': 18, 'x': [4.25], 'x_unit': 's', 'x_type': 'Time', 'y': [-1.984421730041504], 'y_unit': 'V', 'y_type': 'Potential'} 

2024-06-17 14:34:35,047 - INFO -run_logger.palmsens_driver 
 	 Data received: {'index': 19, 'x': [4.5], 'x_unit': 's', 'x_type': 'Time', 'y': [-1.984421730041504], 'y_unit': 'V', 'y_type': 'Potential'} 

2024-06-17 14:34:35,327 - INFO -run_logger.palmsens_driver 
 	 Data received: {'index': 20, 'x': [4.75], 'x_unit': 's', 'x_type': 'Time', 'y': [-1.984421730041504], 'y_unit': 'V', 'y_type': 'Potential'} 

2024-06-17 14:34:35,562 - INFO -run_logger.palmsens_driver 
 	 Data received: {'index': 21, 'x': [5.0], 'x_unit': 's', 'x_type': 'Time', 'y': [-1.9843435287475586], 'y_unit': 'V', 'y_type': 'Potential'} 

2024-06-17 14:34:35,793 - INFO -run_logger.palmsens_driver 
 	 Data received: {'index': 22, 'x': [5.25], 'x_unit': 's', 'x_type': 'Time', 'y': [-1.984421730041504], 'y_unit': 'V', 'y_type': 'Potential'} 

2024-06-17 14:34:36,072 - INFO -run_logger.palmsens_driver 
 	 Data received: {'index': 23, 'x': [5.5], 'x_unit': 's', 'x_type': 'Time', 'y': [-1.9842653274536133], 'y_unit': 'V', 'y_type': 'Potential'} 

2024-06-17 14:34:36,321 - INFO -run_logger.palmsens_driver 
 	 Data received: {'index': 24, 'x': [5.75], 'x_unit': 's', 'x_type': 'Time', 'y': [-1.9842653274536133], 'y_unit': 'V', 'y_type': 'Potential'} 

2024-06-17 14:34:36,571 - INFO -run_logger.palmsens_driver 
 	 Data received: {'index': 25, 'x': [6.0], 'x_unit': 's', 'x_type': 'Time', 'y': [-1.9843435287475586], 'y_unit': 'V', 'y_type': 'Potential'} 

2024-06-17 14:34:36,820 - INFO -run_logger.palmsens_driver 
 	 Data received: {'index': 26, 'x': [6.25], 'x_unit': 's', 'x_type': 'Time', 'y': [-1.984187126159668], 'y_unit': 'V', 'y_type': 'Potential'} 

2024-06-17 14:34:37,053 - INFO -run_logger.palmsens_driver 
 	 Data received: {'index': 27, 'x': [6.5], 'x_unit': 's', 'x_type': 'Time', 'y': [-1.9842653274536133], 'y_unit': 'V', 'y_type': 'Potential'} 

2024-06-17 14:34:37,287 - INFO -run_logger.palmsens_driver 
 	 Data received: {'index': 28, 'x': [6.75], 'x_unit': 's', 'x_type': 'Time', 'y': [-1.9842653274536133], 'y_unit': 'V', 'y_type': 'Potential'} 

2024-06-17 14:34:37,572 - INFO -run_logger.palmsens_driver 
 	 Data received: {'index': 29, 'x': [7.0], 'x_unit': 's', 'x_type': 'Time', 'y': [-1.984187126159668], 'y_unit': 'V', 'y_type': 'Potential'} 

2024-06-17 14:34:37,786 - INFO -run_logger.palmsens_driver 
 	 Data received: {'index': 30, 'x': [7.25], 'x_unit': 's', 'x_type': 'Time', 'y': [-1.984187126159668], 'y_unit': 'V', 'y_type': 'Potential'} 

2024-06-17 14:34:38,067 - INFO -run_logger.palmsens_driver 
 	 Data received: {'index': 31, 'x': [7.5], 'x_unit': 's', 'x_type': 'Time', 'y': [-1.9841089248657227], 'y_unit': 'V', 'y_type': 'Potential'} 

2024-06-17 14:34:38,298 - INFO -run_logger.palmsens_driver 
 	 Data received: {'index': 32, 'x': [7.75], 'x_unit': 's', 'x_type': 'Time', 'y': [-1.9841089248657227], 'y_unit': 'V', 'y_type': 'Potential'} 

2024-06-17 14:34:38,534 - INFO -run_logger.palmsens_driver 
 	 Data received: {'index': 33, 'x': [8.0], 'x_unit': 's', 'x_type': 'Time', 'y': [-1.984187126159668], 'y_unit': 'V', 'y_type': 'Potential'} 

2024-06-17 14:34:38,814 - INFO -run_logger.palmsens_driver 
 	 Data received: {'index': 34, 'x': [8.25], 'x_unit': 's', 'x_type': 'Time', 'y': [-1.9841089248657227], 'y_unit': 'V', 'y_type': 'Potential'} 

2024-06-17 14:34:39,046 - INFO -run_logger.palmsens_driver 
 	 Data received: {'index': 35, 'x': [8.5], 'x_unit': 's', 'x_type': 'Time', 'y': [-1.9841089248657227], 'y_unit': 'V', 'y_type': 'Potential'} 

2024-06-17 14:34:39,326 - INFO -run_logger.palmsens_driver 
 	 Data received: {'index': 36, 'x': [8.75], 'x_unit': 's', 'x_type': 'Time', 'y': [-1.9840307235717773], 'y_unit': 'V', 'y_type': 'Potential'} 

2024-06-17 14:34:39,559 - INFO -run_logger.palmsens_driver 
 	 Data received: {'index': 37, 'x': [9.0], 'x_unit': 's', 'x_type': 'Time', 'y': [-1.9840307235717773], 'y_unit': 'V', 'y_type': 'Potential'} 

2024-06-17 14:34:39,790 - INFO -run_logger.palmsens_driver 
 	 Data received: {'index': 38, 'x': [9.25], 'x_unit': 's', 'x_type': 'Time', 'y': [-1.9841089248657227], 'y_unit': 'V', 'y_type': 'Potential'} 

2024-06-17 14:34:40,075 - INFO -run_logger.palmsens_driver 
 	 Data received: {'index': 39, 'x': [9.5], 'x_unit': 's', 'x_type': 'Time', 'y': [-1.9840307235717773], 'y_unit': 'V', 'y_type': 'Potential'} 

2024-06-17 14:34:40,324 - INFO -run_logger.palmsens_driver 
 	 Data received: {'index': 40, 'x': [9.75], 'x_unit': 's', 'x_type': 'Time', 'y': [-1.9840307235717773], 'y_unit': 'V', 'y_type': 'Potential'} 

2024-06-17 14:34:40,557 - INFO -run_logger.palmsens_driver 
 	 Data received: {'index': 41, 'x': [10.0], 'x_unit': 's', 'x_type': 'Time', 'y': [-1.9840307235717773], 'y_unit': 'V', 'y_type': 'Potential'} 

2024-06-17 14:34:40,791 - INFO -run_logger.palmsens_driver 
 	 Data received: {'index': 42, 'x': [10.25], 'x_unit': 's', 'x_type': 'Time', 'y': [-1.9840307235717773], 'y_unit': 'V', 'y_type': 'Potential'} 

2024-06-17 14:34:41,073 - INFO -run_logger.palmsens_driver 
 	 Data received: {'index': 43, 'x': [10.5], 'x_unit': 's', 'x_type': 'Time', 'y': [-1.9840307235717773], 'y_unit': 'V', 'y_type': 'Potential'} 

2024-06-17 14:34:41,309 - INFO -run_logger.palmsens_driver 
 	 Data received: {'index': 44, 'x': [10.75], 'x_unit': 's', 'x_type': 'Time', 'y': [-1.983952522277832], 'y_unit': 'V', 'y_type': 'Potential'} 

2024-06-17 14:34:41,544 - INFO -run_logger.palmsens_driver 
 	 Data received: {'index': 45, 'x': [11.0], 'x_unit': 's', 'x_type': 'Time', 'y': [-1.9840307235717773], 'y_unit': 'V', 'y_type': 'Potential'} 

2024-06-17 14:34:41,829 - INFO -run_logger.palmsens_driver 
 	 Data received: {'index': 46, 'x': [11.25], 'x_unit': 's', 'x_type': 'Time', 'y': [-1.9840307235717773], 'y_unit': 'V', 'y_type': 'Potential'} 

2024-06-17 14:34:42,062 - INFO -run_logger.palmsens_driver 
 	 Data received: {'index': 47, 'x': [11.5], 'x_unit': 's', 'x_type': 'Time', 'y': [-1.983952522277832], 'y_unit': 'V', 'y_type': 'Potential'} 

2024-06-17 14:34:42,296 - INFO -run_logger.palmsens_driver 
 	 Data received: {'index': 48, 'x': [11.75], 'x_unit': 's', 'x_type': 'Time', 'y': [-1.9840307235717773], 'y_unit': 'V', 'y_type': 'Potential'} 

2024-06-17 14:34:42,531 - INFO -run_logger.palmsens_driver 
 	 Data received: {'index': 49, 'x': [12.0], 'x_unit': 's', 'x_type': 'Time', 'y': [-1.9837961196899414], 'y_unit': 'V', 'y_type': 'Potential'} 

2024-06-17 14:34:42,815 - INFO -run_logger.palmsens_driver 
 	 Data received: {'index': 50, 'x': [12.25], 'x_unit': 's', 'x_type': 'Time', 'y': [-1.9838743209838867], 'y_unit': 'V', 'y_type': 'Potential'} 

2024-06-17 14:34:43,051 - INFO -run_logger.palmsens_driver 
 	 Data received: {'index': 51, 'x': [12.5], 'x_unit': 's', 'x_type': 'Time', 'y': [-1.9838743209838867], 'y_unit': 'V', 'y_type': 'Potential'} 

2024-06-17 14:34:43,288 - INFO -run_logger.palmsens_driver 
 	 Data received: {'index': 52, 'x': [12.75], 'x_unit': 's', 'x_type': 'Time', 'y': [-1.9837188720703125], 'y_unit': 'V', 'y_type': 'Potential'} 

2024-06-17 14:34:43,538 - INFO -run_logger.palmsens_driver 
 	 Data received: {'index': 53, 'x': [13.0], 'x_unit': 's', 'x_type': 'Time', 'y': [-1.9837961196899414], 'y_unit': 'V', 'y_type': 'Potential'} 

2024-06-17 14:34:43,821 - INFO -run_logger.palmsens_driver 
 	 Data received: {'index': 54, 'x': [13.25], 'x_unit': 's', 'x_type': 'Time', 'y': [-1.9837961196899414], 'y_unit': 'V', 'y_type': 'Potential'} 

2024-06-17 14:34:44,057 - INFO -run_logger.palmsens_driver 
 	 Data received: {'index': 55, 'x': [13.5], 'x_unit': 's', 'x_type': 'Time', 'y': [-1.9837961196899414], 'y_unit': 'V', 'y_type': 'Potential'} 

2024-06-17 14:34:44,294 - INFO -run_logger.palmsens_driver 
 	 Data received: {'index': 56, 'x': [13.75], 'x_unit': 's', 'x_type': 'Time', 'y': [-1.9838743209838867], 'y_unit': 'V', 'y_type': 'Potential'} 

2024-06-17 14:34:44,532 - INFO -run_logger.palmsens_driver 
 	 Data received: {'index': 57, 'x': [14.0], 'x_unit': 's', 'x_type': 'Time', 'y': [-1.9837961196899414], 'y_unit': 'V', 'y_type': 'Potential'} 

2024-06-17 14:34:44,814 - INFO -run_logger.palmsens_driver 
 	 Data received: {'index': 58, 'x': [14.25], 'x_unit': 's', 'x_type': 'Time', 'y': [-1.9838743209838867], 'y_unit': 'V', 'y_type': 'Potential'} 

2024-06-17 14:34:45,049 - INFO -run_logger.palmsens_driver 
 	 Data received: {'index': 59, 'x': [14.5], 'x_unit': 's', 'x_type': 'Time', 'y': [-1.9837961196899414], 'y_unit': 'V', 'y_type': 'Potential'} 

2024-06-17 14:34:45,283 - INFO -run_logger.palmsens_driver 
 	 Data received: {'index': 60, 'x': [14.75], 'x_unit': 's', 'x_type': 'Time', 'y': [-1.9837961196899414], 'y_unit': 'V', 'y_type': 'Potential'} 

2024-06-17 14:34:45,565 - INFO -run_logger.palmsens_driver 
 	 Data received: {'index': 61, 'x': [15.0], 'x_unit': 's', 'x_type': 'Time', 'y': [-1.983952522277832], 'y_unit': 'V', 'y_type': 'Potential'} 

2024-06-17 14:34:45,801 - INFO -run_logger.palmsens_driver 
 	 Data received: {'index': 62, 'x': [15.25], 'x_unit': 's', 'x_type': 'Time', 'y': [-1.9838743209838867], 'y_unit': 'V', 'y_type': 'Potential'} 

2024-06-17 14:34:46,037 - INFO -run_logger.palmsens_driver 
 	 Data received: {'index': 63, 'x': [15.5], 'x_unit': 's', 'x_type': 'Time', 'y': [-1.983952522277832], 'y_unit': 'V', 'y_type': 'Potential'} 

2024-06-17 14:34:46,318 - INFO -run_logger.palmsens_driver 
 	 Data received: {'index': 64, 'x': [15.75], 'x_unit': 's', 'x_type': 'Time', 'y': [-1.983952522277832], 'y_unit': 'V', 'y_type': 'Potential'} 

2024-06-17 14:34:46,548 - INFO -run_logger.palmsens_driver 
 	 Data received: {'index': 65, 'x': [16.0], 'x_unit': 's', 'x_type': 'Time', 'y': [-1.9838743209838867], 'y_unit': 'V', 'y_type': 'Potential'} 

2024-06-17 14:34:46,786 - INFO -run_logger.palmsens_driver 
 	 Data received: {'index': 66, 'x': [16.25], 'x_unit': 's', 'x_type': 'Time', 'y': [-1.983952522277832], 'y_unit': 'V', 'y_type': 'Potential'} 

2024-06-17 14:34:47,067 - INFO -run_logger.palmsens_driver 
 	 Data received: {'index': 67, 'x': [16.5], 'x_unit': 's', 'x_type': 'Time', 'y': [-1.9838743209838867], 'y_unit': 'V', 'y_type': 'Potential'} 

2024-06-17 14:34:47,301 - INFO -run_logger.palmsens_driver 
 	 Data received: {'index': 68, 'x': [16.75], 'x_unit': 's', 'x_type': 'Time', 'y': [-1.983952522277832], 'y_unit': 'V', 'y_type': 'Potential'} 

2024-06-17 14:34:47,535 - INFO -run_logger.palmsens_driver 
 	 Data received: {'index': 69, 'x': [17.0], 'x_unit': 's', 'x_type': 'Time', 'y': [-1.983952522277832], 'y_unit': 'V', 'y_type': 'Potential'} 

2024-06-17 14:34:47,816 - INFO -run_logger.palmsens_driver 
 	 Data received: {'index': 70, 'x': [17.25], 'x_unit': 's', 'x_type': 'Time', 'y': [-1.983952522277832], 'y_unit': 'V', 'y_type': 'Potential'} 

2024-06-17 14:34:48,049 - INFO -run_logger.palmsens_driver 
 	 Data received: {'index': 71, 'x': [17.5], 'x_unit': 's', 'x_type': 'Time', 'y': [-1.9840307235717773], 'y_unit': 'V', 'y_type': 'Potential'} 

2024-06-17 14:34:48,284 - INFO -run_logger.palmsens_driver 
 	 Data received: {'index': 72, 'x': [17.75], 'x_unit': 's', 'x_type': 'Time', 'y': [-1.983952522277832], 'y_unit': 'V', 'y_type': 'Potential'} 

2024-06-17 14:34:48,565 - INFO -run_logger.palmsens_driver 
 	 Data received: {'index': 73, 'x': [18.0], 'x_unit': 's', 'x_type': 'Time', 'y': [-1.9840307235717773], 'y_unit': 'V', 'y_type': 'Potential'} 

2024-06-17 14:34:48,793 - INFO -run_logger.palmsens_driver 
 	 Data received: {'index': 74, 'x': [18.25], 'x_unit': 's', 'x_type': 'Time', 'y': [-1.9840307235717773], 'y_unit': 'V', 'y_type': 'Potential'} 

2024-06-17 14:34:49,039 - INFO -run_logger.palmsens_driver 
 	 Data received: {'index': 75, 'x': [18.5], 'x_unit': 's', 'x_type': 'Time', 'y': [-1.9838743209838867], 'y_unit': 'V', 'y_type': 'Potential'} 

2024-06-17 14:34:49,308 - INFO -run_logger.palmsens_driver 
 	 Data received: {'index': 76, 'x': [18.75], 'x_unit': 's', 'x_type': 'Time', 'y': [-1.983952522277832], 'y_unit': 'V', 'y_type': 'Potential'} 

2024-06-17 14:34:49,543 - INFO -run_logger.palmsens_driver 
 	 Data received: {'index': 77, 'x': [19.0], 'x_unit': 's', 'x_type': 'Time', 'y': [-1.9838743209838867], 'y_unit': 'V', 'y_type': 'Potential'} 

2024-06-17 14:34:49,827 - INFO -run_logger.palmsens_driver 
 	 Data received: {'index': 78, 'x': [19.25], 'x_unit': 's', 'x_type': 'Time', 'y': [-1.9838743209838867], 'y_unit': 'V', 'y_type': 'Potential'} 

2024-06-17 14:34:50,065 - INFO -run_logger.palmsens_driver 
 	 Data received: {'index': 79, 'x': [19.5], 'x_unit': 's', 'x_type': 'Time', 'y': [-1.983952522277832], 'y_unit': 'V', 'y_type': 'Potential'} 

2024-06-17 14:34:50,304 - INFO -run_logger.palmsens_driver 
 	 Data received: {'index': 80, 'x': [19.75], 'x_unit': 's', 'x_type': 'Time', 'y': [-1.9838743209838867], 'y_unit': 'V', 'y_type': 'Potential'} 

2024-06-17 14:34:50,574 - INFO -run_logger.palmsens_driver 
 	 Data received: {'index': 81, 'x': [20.0], 'x_unit': 's', 'x_type': 'Time', 'y': [-1.983952522277832], 'y_unit': 'V', 'y_type': 'Potential'} 

2024-06-17 14:34:50,602 - INFO -run_logger.palmsens_driver 
 	 result:
{'Title': 'Open Circuit Potentiometry', 'timestamp': '17/06/2024 14:34:29', 'current_arrays': [[0.2384185791015625, 0.2384185791015625, 0.2384185791015625, 0.2384185791015625, 0.2384185791015625, 0.2384185791015625, 0.2384185791015625, 0.2384185791015625, 0.2384185791015625, 0.2384185791015625, 0.2384185791015625, 0.2384185791015625, 0.2384185791015625, 0.2384185791015625, 0.2384185791015625, 0.2384185791015625, 0.2384185791015625, 0.2384185791015625, 0.2384185791015625, 0.2384185791015625, 0.2384185791015625, 0.2384185791015625, 0.2384185791015625, 0.2384185791015625, 0.2384185791015625, 0.2384185791015625, 0.2384185791015625, 0.2384185791015625, 0.2384185791015625, 0.2384185791015625, 0.2384185791015625, 0.2384185791015625, 0.2384185791015625, 0.2384185791015625, 0.2384185791015625, 0.2384185791015625, 0.2384185791015625, 0.2384185791015625, 0.2384185791015625, 0.2384185791015625, 0.2384185791015625, 0.2384185791015625, 0.2384185791015625, 0.2384185791015625, 0.2384185791015625, 0.2384185791015625, 0.2384185791015625, 0.2384185791015625, 0.2384185791015625, 0.2384185791015625, 0.2384185791015625, 0.2384185791015625, 0.2384185791015625, 0.2384185791015625, 0.2384185791015625, 0.2384185791015625, 0.2384185791015625, 0.2384185791015625, 0.2384185791015625, 0.2384185791015625, 0.2384185791015625, 0.2384185791015625, 0.2384185791015625, 0.2384185791015625, 0.2384185791015625, 0.2384185791015625, 0.2384185791015625, 0.2384185791015625, 0.2384185791015625, 0.2384185791015625, 0.2384185791015625, 0.2384185791015625, 0.2384185791015625, 0.2384185791015625, 0.2384185791015625, 0.2384185791015625, 0.2384185791015625, 0.2384185791015625, 0.2384185791015625, 0.2384185791015625, 0.2384185791015625]], 'potential_arrays': [[-1.9852027893066406, -1.985280990600586, -1.9852027893066406, -1.9852027893066406, -1.9851245880126953, -1.98504638671875, -1.9851245880126953, -1.9849681854248047, -1.9849681854248047, -1.9848899841308594, -1.984811782836914, -1.984811782836914, -1.9846563339233398, -1.9846563339233398, -1.9847345352172852, -1.9844999313354492, -1.9845781326293945, -1.984421730041504, -1.984421730041504, -1.984421730041504, -1.9843435287475586, -1.984421730041504, -1.9842653274536133, -1.9842653274536133, -1.9843435287475586, -1.984187126159668, -1.9842653274536133, -1.9842653274536133, -1.984187126159668, -1.984187126159668, -1.9841089248657227, -1.9841089248657227, -1.984187126159668, -1.9841089248657227, -1.9841089248657227, -1.9840307235717773, -1.9840307235717773, -1.9841089248657227, -1.9840307235717773, -1.9840307235717773, -1.9840307235717773, -1.9840307235717773, -1.9840307235717773, -1.983952522277832, -1.9840307235717773, -1.9840307235717773, -1.983952522277832, -1.9840307235717773, -1.9837961196899414, -1.9838743209838867, -1.9838743209838867, -1.9837188720703125, -1.9837961196899414, -1.9837961196899414, -1.9837961196899414, -1.9838743209838867, -1.9837961196899414, -1.9838743209838867, -1.9837961196899414, -1.9837961196899414, -1.983952522277832, -1.9838743209838867, -1.983952522277832, -1.983952522277832, -1.9838743209838867, -1.983952522277832, -1.9838743209838867, -1.983952522277832, -1.983952522277832, -1.983952522277832, -1.9840307235717773, -1.983952522277832, -1.9840307235717773, -1.9840307235717773, -1.9838743209838867, -1.983952522277832, -1.9838743209838867, -1.9838743209838867, -1.983952522277832, -1.9838743209838867, -1.983952522277832]], 'time_arrays': [[0.0, 0.25, 0.5, 0.75, 1.0, 1.25, 1.5, 1.75, 2.0, 2.25, 2.5, 2.75, 3.0, 3.25, 3.5, 3.75, 4.0, 4.25, 4.5, 4.75, 5.0, 5.25, 5.5, 5.75, 6.0, 6.25, 6.5, 6.75, 7.0, 7.25, 7.5, 7.75, 8.0, 8.25, 8.5, 8.75, 9.0, 9.25, 9.5, 9.75, 10.0, 10.25, 10.5, 10.75, 11.0, 11.25, 11.5, 11.75, 12.0, 12.25, 12.5, 12.75, 13.0, 13.25, 13.5, 13.75, 14.0, 14.25, 14.5, 14.75, 15.0, 15.25, 15.5, 15.75, 16.0, 16.25, 16.5, 16.75, 17.0, 17.25, 17.5, 17.75, 18.0, 18.25, 18.5, 18.75, 19.0, 19.25, 19.5, 19.75, 20.0]], 'freq_arrays': [], 'zre_arrays': [], 'zim_arrays': [], 'aux_input_arrays': [], 'peaks': [], 'eis_fit': []} 

