2024-06-12 18:34:44,571 - INFO -run_logger.palmsens_driver 
 	 Successfully connected to PalmSens4 [1]. 

2024-06-12 18:34:50,147 - INFO -run_logger.palmsens_driver 
 	 Data received: {'index': 1, 'x': [0.0], 'x_unit': 's', 'x_type': 'Time', 'y': [0.4436349868774414], 'y_unit': 'V', 'y_type': 'Potential'} 

2024-06-12 18:34:50,318 - INFO -run_logger.palmsens_driver 
 	 Data received: {'index': 2, 'x': [0.20000000298023224], 'x_unit': 's', 'x_type': 'Time', 'y': [0.4376974105834961], 'y_unit': 'V', 'y_type': 'Potential'} 

2024-06-12 18:34:50,504 - INFO -run_logger.palmsens_driver 
 	 Data received: {'index': 3, 'x': [0.4000000059604645], 'x_unit': 's', 'x_type': 'Time', 'y': [0.43355655670166016], 'y_unit': 'V', 'y_type': 'Potential'} 

2024-06-12 18:34:50,739 - INFO -run_logger.palmsens_driver 
 	 Data received: {'index': 4, 'x': [0.6000000238418579], 'x_unit': 's', 'x_type': 'Time', 'y': [0.4301185607910156], 'y_unit': 'V', 'y_type': 'Potential'} 

2024-06-12 18:34:50,926 - INFO -run_logger.palmsens_driver 
 	 Data received: {'index': 5, 'x': [0.800000011920929], 'x_unit': 's', 'x_type': 'Time', 'y': [0.42691612243652344], 'y_unit': 'V', 'y_type': 'Potential'} 

2024-06-12 18:34:51,117 - INFO -run_logger.palmsens_driver 
 	 Data received: {'index': 6, 'x': [1.0], 'x_unit': 's', 'x_type': 'Time', 'y': [0.42386913299560547], 'y_unit': 'V', 'y_type': 'Potential'} 

2024-06-12 18:34:51,305 - INFO -run_logger.palmsens_driver 
 	 Data received: {'index': 7, 'x': [1.2000000476837158], 'x_unit': 's', 'x_type': 'Time', 'y': [0.4209785461425781], 'y_unit': 'V', 'y_type': 'Potential'} 

2024-06-12 18:34:51,540 - INFO -run_logger.palmsens_driver 
 	 Data received: {'index': 8, 'x': [1.399999976158142], 'x_unit': 's', 'x_type': 'Time', 'y': [0.418243408203125], 'y_unit': 'V', 'y_type': 'Potential'} 

2024-06-12 18:34:51,725 - INFO -run_logger.palmsens_driver 
 	 Data received: {'index': 9, 'x': [1.600000023841858], 'x_unit': 's', 'x_type': 'Time', 'y': [0.4156656265258789], 'y_unit': 'V', 'y_type': 'Potential'} 

2024-06-12 18:34:51,911 - INFO -run_logger.palmsens_driver 
 	 Data received: {'index': 10, 'x': [1.8000000715255737], 'x_unit': 's', 'x_type': 'Time', 'y': [0.41324424743652344], 'y_unit': 'V', 'y_type': 'Potential'} 

2024-06-12 18:34:52,098 - INFO -run_logger.palmsens_driver 
 	 Data received: {'index': 11, 'x': [2.0], 'x_unit': 's', 'x_type': 'Time', 'y': [0.4109001159667969], 'y_unit': 'V', 'y_type': 'Potential'} 

2024-06-12 18:34:52,330 - INFO -run_logger.palmsens_driver 
 	 Data received: {'index': 12, 'x': [2.200000047683716], 'x_unit': 's', 'x_type': 'Time', 'y': [0.4086341857910156], 'y_unit': 'V', 'y_type': 'Potential'} 

2024-06-12 18:34:52,519 - INFO -run_logger.palmsens_driver 
 	 Data received: {'index': 13, 'x': [2.4000000953674316], 'x_unit': 's', 'x_type': 'Time', 'y': [0.4063692092895508], 'y_unit': 'V', 'y_type': 'Potential'} 

2024-06-12 18:34:52,710 - INFO -run_logger.palmsens_driver 
 	 Data received: {'index': 14, 'x': [2.6000001430511475], 'x_unit': 's', 'x_type': 'Time', 'y': [0.40425968170166016], 'y_unit': 'V', 'y_type': 'Potential'} 

2024-06-12 18:34:52,899 - INFO -run_logger.palmsens_driver 
 	 Data received: {'index': 15, 'x': [2.799999952316284], 'x_unit': 's', 'x_type': 'Time', 'y': [0.40222835540771484], 'y_unit': 'V', 'y_type': 'Potential'} 

2024-06-12 18:34:53,132 - INFO -run_logger.palmsens_driver 
 	 Data received: {'index': 16, 'x': [3.0], 'x_unit': 's', 'x_type': 'Time', 'y': [0.40027523040771484], 'y_unit': 'V', 'y_type': 'Potential'} 

2024-06-12 18:34:53,317 - INFO -run_logger.palmsens_driver 
 	 Data received: {'index': 17, 'x': [3.200000047683716], 'x_unit': 's', 'x_type': 'Time', 'y': [0.3986382484436035], 'y_unit': 'V', 'y_type': 'Potential'} 

2024-06-12 18:34:53,503 - INFO -run_logger.palmsens_driver 
 	 Data received: {'index': 18, 'x': [3.4000000953674316], 'x_unit': 's', 'x_type': 'Time', 'y': [0.3967319428920746], 'y_unit': 'V', 'y_type': 'Potential'} 

2024-06-12 18:34:53,735 - INFO -run_logger.palmsens_driver 
 	 Data received: {'index': 19, 'x': [3.6000001430511475], 'x_unit': 's', 'x_type': 'Time', 'y': [0.39490386843681335], 'y_unit': 'V', 'y_type': 'Potential'} 

2024-06-12 18:34:53,921 - INFO -run_logger.palmsens_driver 
 	 Data received: {'index': 20, 'x': [3.799999952316284], 'x_unit': 's', 'x_type': 'Time', 'y': [0.3930835723876953], 'y_unit': 'V', 'y_type': 'Potential'} 

2024-06-12 18:34:54,107 - INFO -run_logger.palmsens_driver 
 	 Data received: {'index': 21, 'x': [4.0], 'x_unit': 's', 'x_type': 'Time', 'y': [0.3913256824016571], 'y_unit': 'V', 'y_type': 'Potential'} 

2024-06-12 18:34:54,296 - INFO -run_logger.palmsens_driver 
 	 Data received: {'index': 22, 'x': [4.200000286102295], 'x_unit': 's', 'x_type': 'Time', 'y': [0.38953667879104614], 'y_unit': 'V', 'y_type': 'Potential'} 

2024-06-12 18:34:54,532 - INFO -run_logger.palmsens_driver 
 	 Data received: {'index': 23, 'x': [4.400000095367432], 'x_unit': 's', 'x_type': 'Time', 'y': [0.38780221343040466], 'y_unit': 'V', 'y_type': 'Potential'} 

2024-06-12 18:34:54,719 - INFO -run_logger.palmsens_driver 
 	 Data received: {'index': 24, 'x': [4.599999904632568], 'x_unit': 's', 'x_type': 'Time', 'y': [0.3860757052898407], 'y_unit': 'V', 'y_type': 'Potential'} 

2024-06-12 18:34:54,905 - INFO -run_logger.palmsens_driver 
 	 Data received: {'index': 25, 'x': [4.800000190734863], 'x_unit': 's', 'x_type': 'Time', 'y': [0.3843803405761719], 'y_unit': 'V', 'y_type': 'Potential'} 

2024-06-12 18:34:55,152 - INFO -run_logger.palmsens_driver 
 	 Data received: {'index': 26, 'x': [5.0], 'x_unit': 's', 'x_type': 'Time', 'y': [0.3826929032802582], 'y_unit': 'V', 'y_type': 'Potential'} 

2024-06-12 18:34:55,182 - INFO -run_logger.palmsens_driver 
 	 result:
{'Title': 'Chronopotentiometry', 'timestamp': '12/06/2024 18:34:48', 'current_arrays': [[-5.000014305114746, -5.000014305114746, -5.000014305114746, -5.000014305114746, -5.000014305114746, -5.000014305114746, -5.000014305114746, -5.000014305114746, -5.000014305114746, -5.000014305114746, -5.000014305114746, -5.000014305114746, -5.000014305114746, -5.000014305114746, -5.000014305114746, -5.000014305114746, -5.000014305114746, -5.000014305114746, -5.000014305114746, -5.000014305114746, -5.000014305114746, -5.000014305114746, -5.000014305114746, -5.000014305114746, -5.000014305114746, -5.000014305114746]], 'potential_arrays': [[0.4436349868774414, 0.4376974105834961, 0.43355655670166016, 0.4301185607910156, 0.42691612243652344, 0.42386913299560547, 0.4209785461425781, 0.418243408203125, 0.4156656265258789, 0.41324424743652344, 0.4109001159667969, 0.4086341857910156, 0.4063692092895508, 0.40425968170166016, 0.40222835540771484, 0.40027523040771484, 0.3986382484436035, 0.3967319428920746, 0.39490386843681335, 0.3930835723876953, 0.3913256824016571, 0.38953667879104614, 0.38780221343040466, 0.3860757052898407, 0.3843803405761719, 0.3826929032802582]], 'time_arrays': [[0.0, 0.20000000298023224, 0.4000000059604645, 0.6000000238418579, 0.800000011920929, 1.0, 1.2000000476837158, 1.399999976158142, 1.600000023841858, 1.8000000715255737, 2.0, 2.200000047683716, 2.4000000953674316, 2.6000001430511475, 2.799999952316284, 3.0, 3.200000047683716, 3.4000000953674316, 3.6000001430511475, 3.799999952316284, 4.0, 4.200000286102295, 4.400000095367432, 4.599999904632568, 4.800000190734863, 5.0]], 'freq_arrays': [], 'zre_arrays': [], 'zim_arrays': [], 'aux_input_arrays': [], 'peaks': [], 'eis_fit': []} 

2024-06-12 18:57:10,311 - INFO -run_logger.palmsens_driver 
 	 Data received: {'index': 1, 'x': [0.0], 'x_unit': 's', 'x_type': 'Time', 'y': [0.9216833114624023], 'y_unit': 'V', 'y_type': 'Potential'} 

2024-06-12 18:57:10,557 - INFO -run_logger.palmsens_driver 
 	 Data received: {'index': 2, 'x': [0.25], 'x_unit': 's', 'x_type': 'Time', 'y': [0.921839714050293], 'y_unit': 'V', 'y_type': 'Potential'} 

2024-06-12 18:57:10,789 - INFO -run_logger.palmsens_driver 
 	 Data received: {'index': 3, 'x': [0.5], 'x_unit': 's', 'x_type': 'Time', 'y': [0.9219961166381836], 'y_unit': 'V', 'y_type': 'Potential'} 

2024-06-12 18:57:11,068 - INFO -run_logger.palmsens_driver 
 	 Data received: {'index': 4, 'x': [0.75], 'x_unit': 's', 'x_type': 'Time', 'y': [0.9220743179321289], 'y_unit': 'V', 'y_type': 'Potential'} 

2024-06-12 18:57:11,299 - INFO -run_logger.palmsens_driver 
 	 Data received: {'index': 5, 'x': [1.0], 'x_unit': 's', 'x_type': 'Time', 'y': [0.9221515655517578], 'y_unit': 'V', 'y_type': 'Potential'} 

2024-06-12 18:57:11,531 - INFO -run_logger.palmsens_driver 
 	 Data received: {'index': 6, 'x': [1.25], 'x_unit': 's', 'x_type': 'Time', 'y': [0.9222297668457031], 'y_unit': 'V', 'y_type': 'Potential'} 

2024-06-12 18:57:11,826 - INFO -run_logger.palmsens_driver 
 	 Data received: {'index': 7, 'x': [1.5], 'x_unit': 's', 'x_type': 'Time', 'y': [0.9223079681396484], 'y_unit': 'V', 'y_type': 'Potential'} 

2024-06-12 18:57:12,027 - INFO -run_logger.palmsens_driver 
 	 Data received: {'index': 8, 'x': [1.75], 'x_unit': 's', 'x_type': 'Time', 'y': [0.9223861694335938], 'y_unit': 'V', 'y_type': 'Potential'} 

2024-06-12 18:57:12,304 - INFO -run_logger.palmsens_driver 
 	 Data received: {'index': 9, 'x': [2.0], 'x_unit': 's', 'x_type': 'Time', 'y': [0.9224643707275391], 'y_unit': 'V', 'y_type': 'Potential'} 

2024-06-12 18:57:12,537 - INFO -run_logger.palmsens_driver 
 	 Data received: {'index': 10, 'x': [2.25], 'x_unit': 's', 'x_type': 'Time', 'y': [0.9224643707275391], 'y_unit': 'V', 'y_type': 'Potential'} 

2024-06-12 18:57:12,816 - INFO -run_logger.palmsens_driver 
 	 Data received: {'index': 11, 'x': [2.5], 'x_unit': 's', 'x_type': 'Time', 'y': [0.9225425720214844], 'y_unit': 'V', 'y_type': 'Potential'} 

2024-06-12 18:57:13,047 - INFO -run_logger.palmsens_driver 
 	 Data received: {'index': 12, 'x': [2.75], 'x_unit': 's', 'x_type': 'Time', 'y': [0.9225425720214844], 'y_unit': 'V', 'y_type': 'Potential'} 

2024-06-12 18:57:13,292 - INFO -run_logger.palmsens_driver 
 	 Data received: {'index': 13, 'x': [3.0], 'x_unit': 's', 'x_type': 'Time', 'y': [0.9225425720214844], 'y_unit': 'V', 'y_type': 'Potential'} 

2024-06-12 18:57:13,526 - INFO -run_logger.palmsens_driver 
 	 Data received: {'index': 14, 'x': [3.25], 'x_unit': 's', 'x_type': 'Time', 'y': [0.9226207733154297], 'y_unit': 'V', 'y_type': 'Potential'} 

2024-06-12 18:57:13,805 - INFO -run_logger.palmsens_driver 
 	 Data received: {'index': 15, 'x': [3.5], 'x_unit': 's', 'x_type': 'Time', 'y': [0.9226207733154297], 'y_unit': 'V', 'y_type': 'Potential'} 

2024-06-12 18:57:14,034 - INFO -run_logger.palmsens_driver 
 	 Data received: {'index': 16, 'x': [3.75], 'x_unit': 's', 'x_type': 'Time', 'y': [0.9226207733154297], 'y_unit': 'V', 'y_type': 'Potential'} 

2024-06-12 18:57:14,311 - INFO -run_logger.palmsens_driver 
 	 Data received: {'index': 17, 'x': [4.0], 'x_unit': 's', 'x_type': 'Time', 'y': [0.9227771759033203], 'y_unit': 'V', 'y_type': 'Potential'} 

2024-06-12 18:57:14,558 - INFO -run_logger.palmsens_driver 
 	 Data received: {'index': 18, 'x': [4.25], 'x_unit': 's', 'x_type': 'Time', 'y': [0.922698974609375], 'y_unit': 'V', 'y_type': 'Potential'} 

2024-06-12 18:57:14,789 - INFO -run_logger.palmsens_driver 
 	 Data received: {'index': 19, 'x': [4.5], 'x_unit': 's', 'x_type': 'Time', 'y': [0.9228553771972656], 'y_unit': 'V', 'y_type': 'Potential'} 

2024-06-12 18:57:15,068 - INFO -run_logger.palmsens_driver 
 	 Data received: {'index': 20, 'x': [4.75], 'x_unit': 's', 'x_type': 'Time', 'y': [0.9228553771972656], 'y_unit': 'V', 'y_type': 'Potential'} 

2024-06-12 18:57:15,302 - INFO -run_logger.palmsens_driver 
 	 Data received: {'index': 21, 'x': [5.0], 'x_unit': 's', 'x_type': 'Time', 'y': [0.9227771759033203], 'y_unit': 'V', 'y_type': 'Potential'} 

2024-06-12 18:57:15,538 - INFO -run_logger.palmsens_driver 
 	 Data received: {'index': 22, 'x': [5.25], 'x_unit': 's', 'x_type': 'Time', 'y': [0.9228553771972656], 'y_unit': 'V', 'y_type': 'Potential'} 

2024-06-12 18:57:15,815 - INFO -run_logger.palmsens_driver 
 	 Data received: {'index': 23, 'x': [5.5], 'x_unit': 's', 'x_type': 'Time', 'y': [0.9227771759033203], 'y_unit': 'V', 'y_type': 'Potential'} 

2024-06-12 18:57:16,046 - INFO -run_logger.palmsens_driver 
 	 Data received: {'index': 24, 'x': [5.75], 'x_unit': 's', 'x_type': 'Time', 'y': [0.9228553771972656], 'y_unit': 'V', 'y_type': 'Potential'} 

2024-06-12 18:57:16,290 - INFO -run_logger.palmsens_driver 
 	 Data received: {'index': 25, 'x': [6.0], 'x_unit': 's', 'x_type': 'Time', 'y': [0.9229335784912109], 'y_unit': 'V', 'y_type': 'Potential'} 

2024-06-12 18:57:16,571 - INFO -run_logger.palmsens_driver 
 	 Data received: {'index': 26, 'x': [6.25], 'x_unit': 's', 'x_type': 'Time', 'y': [0.9229335784912109], 'y_unit': 'V', 'y_type': 'Potential'} 

2024-06-12 18:57:16,806 - INFO -run_logger.palmsens_driver 
 	 Data received: {'index': 27, 'x': [6.5], 'x_unit': 's', 'x_type': 'Time', 'y': [0.9230890274047852], 'y_unit': 'V', 'y_type': 'Potential'} 

2024-06-12 18:57:17,037 - INFO -run_logger.palmsens_driver 
 	 Data received: {'index': 28, 'x': [6.75], 'x_unit': 's', 'x_type': 'Time', 'y': [0.9230890274047852], 'y_unit': 'V', 'y_type': 'Potential'} 

2024-06-12 18:57:17,317 - INFO -run_logger.palmsens_driver 
 	 Data received: {'index': 29, 'x': [7.0], 'x_unit': 's', 'x_type': 'Time', 'y': [0.9231672286987305], 'y_unit': 'V', 'y_type': 'Potential'} 

2024-06-12 18:57:17,547 - INFO -run_logger.palmsens_driver 
 	 Data received: {'index': 30, 'x': [7.25], 'x_unit': 's', 'x_type': 'Time', 'y': [0.9232454299926758], 'y_unit': 'V', 'y_type': 'Potential'} 

2024-06-12 18:57:17,793 - INFO -run_logger.palmsens_driver 
 	 Data received: {'index': 31, 'x': [7.5], 'x_unit': 's', 'x_type': 'Time', 'y': [0.9232454299926758], 'y_unit': 'V', 'y_type': 'Potential'} 

2024-06-12 18:57:18,068 - INFO -run_logger.palmsens_driver 
 	 Data received: {'index': 32, 'x': [7.75], 'x_unit': 's', 'x_type': 'Time', 'y': [0.9233236312866211], 'y_unit': 'V', 'y_type': 'Potential'} 

2024-06-12 18:57:18,301 - INFO -run_logger.palmsens_driver 
 	 Data received: {'index': 33, 'x': [8.0], 'x_unit': 's', 'x_type': 'Time', 'y': [0.9232454299926758], 'y_unit': 'V', 'y_type': 'Potential'} 

2024-06-12 18:57:18,534 - INFO -run_logger.palmsens_driver 
 	 Data received: {'index': 34, 'x': [8.25], 'x_unit': 's', 'x_type': 'Time', 'y': [0.9233236312866211], 'y_unit': 'V', 'y_type': 'Potential'} 

2024-06-12 18:57:18,811 - INFO -run_logger.palmsens_driver 
 	 Data received: {'index': 35, 'x': [8.5], 'x_unit': 's', 'x_type': 'Time', 'y': [0.9234018325805664], 'y_unit': 'V', 'y_type': 'Potential'} 

2024-06-12 18:57:19,044 - INFO -run_logger.palmsens_driver 
 	 Data received: {'index': 36, 'x': [8.75], 'x_unit': 's', 'x_type': 'Time', 'y': [0.9234018325805664], 'y_unit': 'V', 'y_type': 'Potential'} 

2024-06-12 18:57:19,308 - INFO -run_logger.palmsens_driver 
 	 Data received: {'index': 37, 'x': [9.0], 'x_unit': 's', 'x_type': 'Time', 'y': [0.9234800338745117], 'y_unit': 'V', 'y_type': 'Potential'} 

2024-06-12 18:57:19,539 - INFO -run_logger.palmsens_driver 
 	 Data received: {'index': 38, 'x': [9.25], 'x_unit': 's', 'x_type': 'Time', 'y': [0.9234800338745117], 'y_unit': 'V', 'y_type': 'Potential'} 

2024-06-12 18:57:19,817 - INFO -run_logger.palmsens_driver 
 	 Data received: {'index': 39, 'x': [9.5], 'x_unit': 's', 'x_type': 'Time', 'y': [0.9234800338745117], 'y_unit': 'V', 'y_type': 'Potential'} 

2024-06-12 18:57:20,047 - INFO -run_logger.palmsens_driver 
 	 Data received: {'index': 40, 'x': [9.75], 'x_unit': 's', 'x_type': 'Time', 'y': [0.923558235168457], 'y_unit': 'V', 'y_type': 'Potential'} 

2024-06-12 18:57:20,284 - INFO -run_logger.palmsens_driver 
 	 Data received: {'index': 41, 'x': [10.0], 'x_unit': 's', 'x_type': 'Time', 'y': [0.9234800338745117], 'y_unit': 'V', 'y_type': 'Potential'} 

2024-06-12 18:57:20,563 - INFO -run_logger.palmsens_driver 
 	 Data received: {'index': 42, 'x': [10.25], 'x_unit': 's', 'x_type': 'Time', 'y': [0.923558235168457], 'y_unit': 'V', 'y_type': 'Potential'} 

2024-06-12 18:57:20,810 - INFO -run_logger.palmsens_driver 
 	 Data received: {'index': 43, 'x': [10.5], 'x_unit': 's', 'x_type': 'Time', 'y': [0.9236364364624023], 'y_unit': 'V', 'y_type': 'Potential'} 

2024-06-12 18:57:21,076 - INFO -run_logger.palmsens_driver 
 	 Data received: {'index': 44, 'x': [10.75], 'x_unit': 's', 'x_type': 'Time', 'y': [0.9236364364624023], 'y_unit': 'V', 'y_type': 'Potential'} 

2024-06-12 18:57:21,307 - INFO -run_logger.palmsens_driver 
 	 Data received: {'index': 45, 'x': [11.0], 'x_unit': 's', 'x_type': 'Time', 'y': [0.9237146377563477], 'y_unit': 'V', 'y_type': 'Potential'} 

2024-06-12 18:57:21,537 - INFO -run_logger.palmsens_driver 
 	 Data received: {'index': 46, 'x': [11.25], 'x_unit': 's', 'x_type': 'Time', 'y': [0.9237146377563477], 'y_unit': 'V', 'y_type': 'Potential'} 

2024-06-12 18:57:21,815 - INFO -run_logger.palmsens_driver 
 	 Data received: {'index': 47, 'x': [11.5], 'x_unit': 's', 'x_type': 'Time', 'y': [0.923792839050293], 'y_unit': 'V', 'y_type': 'Potential'} 

2024-06-12 18:57:22,046 - INFO -run_logger.palmsens_driver 
 	 Data received: {'index': 48, 'x': [11.75], 'x_unit': 's', 'x_type': 'Time', 'y': [0.9238710403442383], 'y_unit': 'V', 'y_type': 'Potential'} 

2024-06-12 18:57:22,294 - INFO -run_logger.palmsens_driver 
 	 Data received: {'index': 49, 'x': [12.0], 'x_unit': 's', 'x_type': 'Time', 'y': [0.9238710403442383], 'y_unit': 'V', 'y_type': 'Potential'} 

2024-06-12 18:57:22,526 - INFO -run_logger.palmsens_driver 
 	 Data received: {'index': 50, 'x': [12.25], 'x_unit': 's', 'x_type': 'Time', 'y': [0.9240274429321289], 'y_unit': 'V', 'y_type': 'Potential'} 

2024-06-12 18:57:22,806 - INFO -run_logger.palmsens_driver 
 	 Data received: {'index': 51, 'x': [12.5], 'x_unit': 's', 'x_type': 'Time', 'y': [0.9240274429321289], 'y_unit': 'V', 'y_type': 'Potential'} 

2024-06-12 18:57:23,038 - INFO -run_logger.palmsens_driver 
 	 Data received: {'index': 52, 'x': [12.75], 'x_unit': 's', 'x_type': 'Time', 'y': [0.9241046905517578], 'y_unit': 'V', 'y_type': 'Potential'} 

2024-06-12 18:57:23,315 - INFO -run_logger.palmsens_driver 
 	 Data received: {'index': 53, 'x': [13.0], 'x_unit': 's', 'x_type': 'Time', 'y': [0.9241046905517578], 'y_unit': 'V', 'y_type': 'Potential'} 

2024-06-12 18:57:23,545 - INFO -run_logger.palmsens_driver 
 	 Data received: {'index': 54, 'x': [13.25], 'x_unit': 's', 'x_type': 'Time', 'y': [0.9241046905517578], 'y_unit': 'V', 'y_type': 'Potential'} 

2024-06-12 18:57:23,779 - INFO -run_logger.palmsens_driver 
 	 Data received: {'index': 55, 'x': [13.5], 'x_unit': 's', 'x_type': 'Time', 'y': [0.9241046905517578], 'y_unit': 'V', 'y_type': 'Potential'} 

2024-06-12 18:57:24,025 - INFO -run_logger.palmsens_driver 
 	 Data received: {'index': 56, 'x': [13.75], 'x_unit': 's', 'x_type': 'Time', 'y': [0.9238710403442383], 'y_unit': 'V', 'y_type': 'Potential'} 

2024-06-12 18:57:24,307 - INFO -run_logger.palmsens_driver 
 	 Data received: {'index': 57, 'x': [14.0], 'x_unit': 's', 'x_type': 'Time', 'y': [0.923558235168457], 'y_unit': 'V', 'y_type': 'Potential'} 

2024-06-12 18:57:24,540 - INFO -run_logger.palmsens_driver 
 	 Data received: {'index': 58, 'x': [14.25], 'x_unit': 's', 'x_type': 'Time', 'y': [0.9234018325805664], 'y_unit': 'V', 'y_type': 'Potential'} 

2024-06-12 18:57:24,819 - INFO -run_logger.palmsens_driver 
 	 Data received: {'index': 59, 'x': [14.5], 'x_unit': 's', 'x_type': 'Time', 'y': [0.9230117797851562], 'y_unit': 'V', 'y_type': 'Potential'} 

2024-06-12 18:57:25,052 - INFO -run_logger.palmsens_driver 
 	 Data received: {'index': 60, 'x': [14.75], 'x_unit': 's', 'x_type': 'Time', 'y': [0.9228553771972656], 'y_unit': 'V', 'y_type': 'Potential'} 

2024-06-12 18:57:25,282 - INFO -run_logger.palmsens_driver 
 	 Data received: {'index': 61, 'x': [15.0], 'x_unit': 's', 'x_type': 'Time', 'y': [0.9225425720214844], 'y_unit': 'V', 'y_type': 'Potential'} 

2024-06-12 18:57:25,526 - INFO -run_logger.palmsens_driver 
 	 Data received: {'index': 62, 'x': [15.25], 'x_unit': 's', 'x_type': 'Time', 'y': [0.9222297668457031], 'y_unit': 'V', 'y_type': 'Potential'} 

2024-06-12 18:57:25,805 - INFO -run_logger.palmsens_driver 
 	 Data received: {'index': 63, 'x': [15.5], 'x_unit': 's', 'x_type': 'Time', 'y': [0.9219961166381836], 'y_unit': 'V', 'y_type': 'Potential'} 

2024-06-12 18:57:26,039 - INFO -run_logger.palmsens_driver 
 	 Data received: {'index': 64, 'x': [15.75], 'x_unit': 's', 'x_type': 'Time', 'y': [0.9216833114624023], 'y_unit': 'V', 'y_type': 'Potential'} 

2024-06-12 18:57:26,320 - INFO -run_logger.palmsens_driver 
 	 Data received: {'index': 65, 'x': [16.0], 'x_unit': 's', 'x_type': 'Time', 'y': [0.9215269088745117], 'y_unit': 'V', 'y_type': 'Potential'} 

2024-06-12 18:57:26,554 - INFO -run_logger.palmsens_driver 
 	 Data received: {'index': 66, 'x': [16.25], 'x_unit': 's', 'x_type': 'Time', 'y': [0.9213705062866211], 'y_unit': 'V', 'y_type': 'Potential'} 

2024-06-12 18:57:26,786 - INFO -run_logger.palmsens_driver 
 	 Data received: {'index': 67, 'x': [16.5], 'x_unit': 's', 'x_type': 'Time', 'y': [0.9212141036987305], 'y_unit': 'V', 'y_type': 'Potential'} 

2024-06-12 18:57:27,067 - INFO -run_logger.palmsens_driver 
 	 Data received: {'index': 68, 'x': [16.75], 'x_unit': 's', 'x_type': 'Time', 'y': [0.9212923049926758], 'y_unit': 'V', 'y_type': 'Potential'} 

2024-06-12 18:57:27,297 - INFO -run_logger.palmsens_driver 
 	 Data received: {'index': 69, 'x': [17.0], 'x_unit': 's', 'x_type': 'Time', 'y': [0.9211359024047852], 'y_unit': 'V', 'y_type': 'Potential'} 

2024-06-12 18:57:27,528 - INFO -run_logger.palmsens_driver 
 	 Data received: {'index': 70, 'x': [17.25], 'x_unit': 's', 'x_type': 'Time', 'y': [0.9211359024047852], 'y_unit': 'V', 'y_type': 'Potential'} 

2024-06-12 18:57:27,775 - INFO -run_logger.palmsens_driver 
 	 Data received: {'index': 71, 'x': [17.5], 'x_unit': 's', 'x_type': 'Time', 'y': [0.9210586547851562], 'y_unit': 'V', 'y_type': 'Potential'} 

2024-06-12 18:57:28,056 - INFO -run_logger.palmsens_driver 
 	 Data received: {'index': 72, 'x': [17.75], 'x_unit': 's', 'x_type': 'Time', 'y': [0.9208240509033203], 'y_unit': 'V', 'y_type': 'Potential'} 

2024-06-12 18:57:28,291 - INFO -run_logger.palmsens_driver 
 	 Data received: {'index': 73, 'x': [18.0], 'x_unit': 's', 'x_type': 'Time', 'y': [0.920745849609375], 'y_unit': 'V', 'y_type': 'Potential'} 

2024-06-12 18:57:28,568 - INFO -run_logger.palmsens_driver 
 	 Data received: {'index': 74, 'x': [18.25], 'x_unit': 's', 'x_type': 'Time', 'y': [0.9206676483154297], 'y_unit': 'V', 'y_type': 'Potential'} 

2024-06-12 18:57:28,801 - INFO -run_logger.palmsens_driver 
 	 Data received: {'index': 75, 'x': [18.5], 'x_unit': 's', 'x_type': 'Time', 'y': [0.9206676483154297], 'y_unit': 'V', 'y_type': 'Potential'} 

2024-06-12 18:57:29,030 - INFO -run_logger.palmsens_driver 
 	 Data received: {'index': 76, 'x': [18.75], 'x_unit': 's', 'x_type': 'Time', 'y': [0.9208240509033203], 'y_unit': 'V', 'y_type': 'Potential'} 

2024-06-12 18:57:29,319 - INFO -run_logger.palmsens_driver 
 	 Data received: {'index': 77, 'x': [19.0], 'x_unit': 's', 'x_type': 'Time', 'y': [0.9209022521972656], 'y_unit': 'V', 'y_type': 'Potential'} 

2024-06-12 18:57:29,550 - INFO -run_logger.palmsens_driver 
 	 Data received: {'index': 78, 'x': [19.25], 'x_unit': 's', 'x_type': 'Time', 'y': [0.9209804534912109], 'y_unit': 'V', 'y_type': 'Potential'} 

2024-06-12 18:57:29,781 - INFO -run_logger.palmsens_driver 
 	 Data received: {'index': 79, 'x': [19.5], 'x_unit': 's', 'x_type': 'Time', 'y': [0.9211359024047852], 'y_unit': 'V', 'y_type': 'Potential'} 

2024-06-12 18:57:30,058 - INFO -run_logger.palmsens_driver 
 	 Data received: {'index': 80, 'x': [19.75], 'x_unit': 's', 'x_type': 'Time', 'y': [0.9212141036987305], 'y_unit': 'V', 'y_type': 'Potential'} 

2024-06-12 18:57:30,291 - INFO -run_logger.palmsens_driver 
 	 Data received: {'index': 81, 'x': [20.0], 'x_unit': 's', 'x_type': 'Time', 'y': [0.9213705062866211], 'y_unit': 'V', 'y_type': 'Potential'} 

2024-06-12 18:57:30,571 - INFO -run_logger.palmsens_driver 
 	 Data received: {'index': 82, 'x': [20.25], 'x_unit': 's', 'x_type': 'Time', 'y': [0.9215269088745117], 'y_unit': 'V', 'y_type': 'Potential'} 

2024-06-12 18:57:30,803 - INFO -run_logger.palmsens_driver 
 	 Data received: {'index': 83, 'x': [20.5], 'x_unit': 's', 'x_type': 'Time', 'y': [0.921839714050293], 'y_unit': 'V', 'y_type': 'Potential'} 

2024-06-12 18:57:31,034 - INFO -run_logger.palmsens_driver 
 	 Data received: {'index': 84, 'x': [20.75], 'x_unit': 's', 'x_type': 'Time', 'y': [0.9219961166381836], 'y_unit': 'V', 'y_type': 'Potential'} 

2024-06-12 18:57:31,324 - INFO -run_logger.palmsens_driver 
 	 Data received: {'index': 85, 'x': [21.0], 'x_unit': 's', 'x_type': 'Time', 'y': [0.9220743179321289], 'y_unit': 'V', 'y_type': 'Potential'} 

2024-06-12 18:57:31,554 - INFO -run_logger.palmsens_driver 
 	 Data received: {'index': 86, 'x': [21.25], 'x_unit': 's', 'x_type': 'Time', 'y': [0.9223079681396484], 'y_unit': 'V', 'y_type': 'Potential'} 

2024-06-12 18:57:31,789 - INFO -run_logger.palmsens_driver 
 	 Data received: {'index': 87, 'x': [21.5], 'x_unit': 's', 'x_type': 'Time', 'y': [0.9223861694335938], 'y_unit': 'V', 'y_type': 'Potential'} 

2024-06-12 18:57:32,067 - INFO -run_logger.palmsens_driver 
 	 Data received: {'index': 88, 'x': [21.75], 'x_unit': 's', 'x_type': 'Time', 'y': [0.9225425720214844], 'y_unit': 'V', 'y_type': 'Potential'} 

2024-06-12 18:57:32,302 - INFO -run_logger.palmsens_driver 
 	 Data received: {'index': 89, 'x': [22.0], 'x_unit': 's', 'x_type': 'Time', 'y': [0.9226207733154297], 'y_unit': 'V', 'y_type': 'Potential'} 

2024-06-12 18:57:32,534 - INFO -run_logger.palmsens_driver 
 	 Data received: {'index': 90, 'x': [22.25], 'x_unit': 's', 'x_type': 'Time', 'y': [0.9226207733154297], 'y_unit': 'V', 'y_type': 'Potential'} 

2024-06-12 18:57:32,776 - INFO -run_logger.palmsens_driver 
 	 Data received: {'index': 91, 'x': [22.5], 'x_unit': 's', 'x_type': 'Time', 'y': [0.9227771759033203], 'y_unit': 'V', 'y_type': 'Potential'} 

2024-06-12 18:57:33,054 - INFO -run_logger.palmsens_driver 
 	 Data received: {'index': 92, 'x': [22.75], 'x_unit': 's', 'x_type': 'Time', 'y': [0.9227771759033203], 'y_unit': 'V', 'y_type': 'Potential'} 

2024-06-12 18:57:33,287 - INFO -run_logger.palmsens_driver 
 	 Data received: {'index': 93, 'x': [23.0], 'x_unit': 's', 'x_type': 'Time', 'y': [0.9228553771972656], 'y_unit': 'V', 'y_type': 'Potential'} 

2024-06-12 18:57:33,566 - INFO -run_logger.palmsens_driver 
 	 Data received: {'index': 94, 'x': [23.25], 'x_unit': 's', 'x_type': 'Time', 'y': [0.9229335784912109], 'y_unit': 'V', 'y_type': 'Potential'} 

2024-06-12 18:57:33,801 - INFO -run_logger.palmsens_driver 
 	 Data received: {'index': 95, 'x': [23.5], 'x_unit': 's', 'x_type': 'Time', 'y': [0.9228553771972656], 'y_unit': 'V', 'y_type': 'Potential'} 

2024-06-12 18:57:34,034 - INFO -run_logger.palmsens_driver 
 	 Data received: {'index': 96, 'x': [23.75], 'x_unit': 's', 'x_type': 'Time', 'y': [0.9227771759033203], 'y_unit': 'V', 'y_type': 'Potential'} 

2024-06-12 18:57:34,313 - INFO -run_logger.palmsens_driver 
 	 Data received: {'index': 97, 'x': [24.0], 'x_unit': 's', 'x_type': 'Time', 'y': [0.922698974609375], 'y_unit': 'V', 'y_type': 'Potential'} 

2024-06-12 18:57:34,544 - INFO -run_logger.palmsens_driver 
 	 Data received: {'index': 98, 'x': [24.25], 'x_unit': 's', 'x_type': 'Time', 'y': [0.9228553771972656], 'y_unit': 'V', 'y_type': 'Potential'} 

2024-06-12 18:57:34,778 - INFO -run_logger.palmsens_driver 
 	 Data received: {'index': 99, 'x': [24.5], 'x_unit': 's', 'x_type': 'Time', 'y': [0.9230890274047852], 'y_unit': 'V', 'y_type': 'Potential'} 

2024-06-12 18:57:35,072 - INFO -run_logger.palmsens_driver 
 	 Data received: {'index': 100, 'x': [24.75], 'x_unit': 's', 'x_type': 'Time', 'y': [0.9231672286987305], 'y_unit': 'V', 'y_type': 'Potential'} 

2024-06-12 18:57:35,302 - INFO -run_logger.palmsens_driver 
 	 Data received: {'index': 101, 'x': [25.0], 'x_unit': 's', 'x_type': 'Time', 'y': [0.9233236312866211], 'y_unit': 'V', 'y_type': 'Potential'} 

2024-06-12 18:57:35,533 - INFO -run_logger.palmsens_driver 
 	 Data received: {'index': 102, 'x': [25.25], 'x_unit': 's', 'x_type': 'Time', 'y': [0.9234018325805664], 'y_unit': 'V', 'y_type': 'Potential'} 

2024-06-12 18:57:35,813 - INFO -run_logger.palmsens_driver 
 	 Data received: {'index': 103, 'x': [25.5], 'x_unit': 's', 'x_type': 'Time', 'y': [0.9234800338745117], 'y_unit': 'V', 'y_type': 'Potential'} 

2024-06-12 18:57:36,045 - INFO -run_logger.palmsens_driver 
 	 Data received: {'index': 104, 'x': [25.75], 'x_unit': 's', 'x_type': 'Time', 'y': [0.9237146377563477], 'y_unit': 'V', 'y_type': 'Potential'} 

2024-06-12 18:57:36,281 - INFO -run_logger.palmsens_driver 
 	 Data received: {'index': 105, 'x': [26.0], 'x_unit': 's', 'x_type': 'Time', 'y': [0.923792839050293], 'y_unit': 'V', 'y_type': 'Potential'} 

2024-06-12 18:57:36,559 - INFO -run_logger.palmsens_driver 
 	 Data received: {'index': 106, 'x': [26.25], 'x_unit': 's', 'x_type': 'Time', 'y': [0.9240274429321289], 'y_unit': 'V', 'y_type': 'Potential'} 

2024-06-12 18:57:36,778 - INFO -run_logger.palmsens_driver 
 	 Data received: {'index': 107, 'x': [26.5], 'x_unit': 's', 'x_type': 'Time', 'y': [0.9241828918457031], 'y_unit': 'V', 'y_type': 'Potential'} 

2024-06-12 18:57:37,057 - INFO -run_logger.palmsens_driver 
 	 Data received: {'index': 108, 'x': [26.75], 'x_unit': 's', 'x_type': 'Time', 'y': [0.9243392944335938], 'y_unit': 'V', 'y_type': 'Potential'} 

2024-06-12 18:57:37,290 - INFO -run_logger.palmsens_driver 
 	 Data received: {'index': 109, 'x': [27.0], 'x_unit': 's', 'x_type': 'Time', 'y': [0.9244956970214844], 'y_unit': 'V', 'y_type': 'Potential'} 

2024-06-12 18:57:37,570 - INFO -run_logger.palmsens_driver 
 	 Data received: {'index': 110, 'x': [27.25], 'x_unit': 's', 'x_type': 'Time', 'y': [0.924652099609375], 'y_unit': 'V', 'y_type': 'Potential'} 

2024-06-12 18:57:37,805 - INFO -run_logger.palmsens_driver 
 	 Data received: {'index': 111, 'x': [27.5], 'x_unit': 's', 'x_type': 'Time', 'y': [0.9248867034912109], 'y_unit': 'V', 'y_type': 'Potential'} 

2024-06-12 18:57:38,035 - INFO -run_logger.palmsens_driver 
 	 Data received: {'index': 112, 'x': [27.75], 'x_unit': 's', 'x_type': 'Time', 'y': [0.9250421524047852], 'y_unit': 'V', 'y_type': 'Potential'} 

2024-06-12 18:57:38,311 - INFO -run_logger.palmsens_driver 
 	 Data received: {'index': 113, 'x': [28.0], 'x_unit': 's', 'x_type': 'Time', 'y': [0.9251203536987305], 'y_unit': 'V', 'y_type': 'Potential'} 

2024-06-12 18:57:38,545 - INFO -run_logger.palmsens_driver 
 	 Data received: {'index': 114, 'x': [28.25], 'x_unit': 's', 'x_type': 'Time', 'y': [0.9253549575805664], 'y_unit': 'V', 'y_type': 'Potential'} 

2024-06-12 18:57:38,807 - INFO -run_logger.palmsens_driver 
 	 Data received: {'index': 115, 'x': [28.5], 'x_unit': 's', 'x_type': 'Time', 'y': [0.9254331588745117], 'y_unit': 'V', 'y_type': 'Potential'} 

2024-06-12 18:57:39,038 - INFO -run_logger.palmsens_driver 
 	 Data received: {'index': 116, 'x': [28.75], 'x_unit': 's', 'x_type': 'Time', 'y': [0.9256677627563477], 'y_unit': 'V', 'y_type': 'Potential'} 

2024-06-12 18:57:39,322 - INFO -run_logger.palmsens_driver 
 	 Data received: {'index': 117, 'x': [29.0], 'x_unit': 's', 'x_type': 'Time', 'y': [0.9258241653442383], 'y_unit': 'V', 'y_type': 'Potential'} 

2024-06-12 18:57:39,556 - INFO -run_logger.palmsens_driver 
 	 Data received: {'index': 118, 'x': [29.25], 'x_unit': 's', 'x_type': 'Time', 'y': [0.9259023666381836], 'y_unit': 'V', 'y_type': 'Potential'} 

2024-06-12 18:57:39,787 - INFO -run_logger.palmsens_driver 
 	 Data received: {'index': 119, 'x': [29.5], 'x_unit': 's', 'x_type': 'Time', 'y': [0.9261360168457031], 'y_unit': 'V', 'y_type': 'Potential'} 

2024-06-12 18:57:40,066 - INFO -run_logger.palmsens_driver 
 	 Data received: {'index': 120, 'x': [29.75], 'x_unit': 's', 'x_type': 'Time', 'y': [0.9262924194335938], 'y_unit': 'V', 'y_type': 'Potential'} 

2024-06-12 18:57:40,295 - INFO -run_logger.palmsens_driver 
 	 Data received: {'index': 121, 'x': [30.0], 'x_unit': 's', 'x_type': 'Time', 'y': [0.9263706207275391], 'y_unit': 'V', 'y_type': 'Potential'} 

2024-06-12 18:57:40,306 - INFO -run_logger.palmsens_driver 
 	 result:
{'Title': 'Open Circuit Potentiometry', 'timestamp': '12/06/2024 18:57:08', 'current_arrays': [[0.2384185791015625, 0.2384185791015625, 0.2384185791015625, 0.2384185791015625, 0.2384185791015625, 0.2384185791015625, 0.2384185791015625, 0.2384185791015625, 0.2384185791015625, 0.2384185791015625, 0.2384185791015625, 0.2384185791015625, 0.2384185791015625, 0.2384185791015625, 0.2384185791015625, 0.2384185791015625, 0.2384185791015625, 0.2384185791015625, 0.2384185791015625, 0.2384185791015625, 0.2384185791015625, 0.2384185791015625, 0.2384185791015625, 0.2384185791015625, 0.2384185791015625, 0.2384185791015625, 0.2384185791015625, 0.2384185791015625, 0.2384185791015625, 0.2384185791015625, 0.2384185791015625, 0.2384185791015625, 0.2384185791015625, 0.2384185791015625, 0.2384185791015625, 0.2384185791015625, 0.2384185791015625, 0.2384185791015625, 0.2384185791015625, 0.2384185791015625, 0.2384185791015625, 0.2384185791015625, 0.2384185791015625, 0.2384185791015625, 0.2384185791015625, 0.2384185791015625, 0.2384185791015625, 0.2384185791015625, 0.2384185791015625, 0.2384185791015625, 0.2384185791015625, 0.2384185791015625, 0.2384185791015625, 0.2384185791015625, 0.2384185791015625, 0.2384185791015625, 0.2384185791015625, 0.2384185791015625, 0.2384185791015625, 0.2384185791015625, 0.2384185791015625, 0.2384185791015625, 0.2384185791015625, 0.2384185791015625, 0.2384185791015625, 0.2384185791015625, 0.2384185791015625, 0.2384185791015625, 0.2384185791015625, 0.2384185791015625, 0.2384185791015625, 0.2384185791015625, 0.2384185791015625, 0.2384185791015625, 0.2384185791015625, 0.2384185791015625, 0.2384185791015625, 0.2384185791015625, 0.2384185791015625, 0.2384185791015625, 0.2384185791015625, 0.2384185791015625, 0.2384185791015625, 0.2384185791015625, 0.2384185791015625, 0.2384185791015625, 0.2384185791015625, 0.2384185791015625, 0.2384185791015625, 0.2384185791015625, 0.2384185791015625, 0.2384185791015625, 0.2384185791015625, 0.2384185791015625, 0.2384185791015625, 0.2384185791015625, 0.2384185791015625, 0.2384185791015625, 0.2384185791015625, 0.2384185791015625, 0.2384185791015625, 0.2384185791015625, 0.2384185791015625, 0.2384185791015625, 0.2384185791015625, 0.2384185791015625, 0.2384185791015625, 0.2384185791015625, 0.2384185791015625, 0.2384185791015625, 0.2384185791015625, 0.2384185791015625, 0.2384185791015625, 0.2384185791015625, 0.2384185791015625, 0.2384185791015625, 0.2384185791015625, 0.2384185791015625, 0.2384185791015625, 0.2384185791015625, 0.2384185791015625]], 'potential_arrays': [[0.9216833114624023, 0.921839714050293, 0.9219961166381836, 0.9220743179321289, 0.9221515655517578, 0.9222297668457031, 0.9223079681396484, 0.9223861694335938, 0.9224643707275391, 0.9224643707275391, 0.9225425720214844, 0.9225425720214844, 0.9225425720214844, 0.9226207733154297, 0.9226207733154297, 0.9226207733154297, 0.9227771759033203, 0.922698974609375, 0.9228553771972656, 0.9228553771972656, 0.9227771759033203, 0.9228553771972656, 0.9227771759033203, 0.9228553771972656, 0.9229335784912109, 0.9229335784912109, 0.9230890274047852, 0.9230890274047852, 0.9231672286987305, 0.9232454299926758, 0.9232454299926758, 0.9233236312866211, 0.9232454299926758, 0.9233236312866211, 0.9234018325805664, 0.9234018325805664, 0.9234800338745117, 0.9234800338745117, 0.9234800338745117, 0.923558235168457, 0.9234800338745117, 0.923558235168457, 0.9236364364624023, 0.9236364364624023, 0.9237146377563477, 0.9237146377563477, 0.923792839050293, 0.9238710403442383, 0.9238710403442383, 0.9240274429321289, 0.9240274429321289, 0.9241046905517578, 0.9241046905517578, 0.9241046905517578, 0.9241046905517578, 0.9238710403442383, 0.923558235168457, 0.9234018325805664, 0.9230117797851562, 0.9228553771972656, 0.9225425720214844, 0.9222297668457031, 0.9219961166381836, 0.9216833114624023, 0.9215269088745117, 0.9213705062866211, 0.9212141036987305, 0.9212923049926758, 0.9211359024047852, 0.9211359024047852, 0.9210586547851562, 0.9208240509033203, 0.920745849609375, 0.9206676483154297, 0.9206676483154297, 0.9208240509033203, 0.9209022521972656, 0.9209804534912109, 0.9211359024047852, 0.9212141036987305, 0.9213705062866211, 0.9215269088745117, 0.921839714050293, 0.9219961166381836, 0.9220743179321289, 0.9223079681396484, 0.9223861694335938, 0.9225425720214844, 0.9226207733154297, 0.9226207733154297, 0.9227771759033203, 0.9227771759033203, 0.9228553771972656, 0.9229335784912109, 0.9228553771972656, 0.9227771759033203, 0.922698974609375, 0.9228553771972656, 0.9230890274047852, 0.9231672286987305, 0.9233236312866211, 0.9234018325805664, 0.9234800338745117, 0.9237146377563477, 0.923792839050293, 0.9240274429321289, 0.9241828918457031, 0.9243392944335938, 0.9244956970214844, 0.924652099609375, 0.9248867034912109, 0.9250421524047852, 0.9251203536987305, 0.9253549575805664, 0.9254331588745117, 0.9256677627563477, 0.9258241653442383, 0.9259023666381836, 0.9261360168457031, 0.9262924194335938, 0.9263706207275391]], 'time_arrays': [[0.0, 0.25, 0.5, 0.75, 1.0, 1.25, 1.5, 1.75, 2.0, 2.25, 2.5, 2.75, 3.0, 3.25, 3.5, 3.75, 4.0, 4.25, 4.5, 4.75, 5.0, 5.25, 5.5, 5.75, 6.0, 6.25, 6.5, 6.75, 7.0, 7.25, 7.5, 7.75, 8.0, 8.25, 8.5, 8.75, 9.0, 9.25, 9.5, 9.75, 10.0, 10.25, 10.5, 10.75, 11.0, 11.25, 11.5, 11.75, 12.0, 12.25, 12.5, 12.75, 13.0, 13.25, 13.5, 13.75, 14.0, 14.25, 14.5, 14.75, 15.0, 15.25, 15.5, 15.75, 16.0, 16.25, 16.5, 16.75, 17.0, 17.25, 17.5, 17.75, 18.0, 18.25, 18.5, 18.75, 19.0, 19.25, 19.5, 19.75, 20.0, 20.25, 20.5, 20.75, 21.0, 21.25, 21.5, 21.75, 22.0, 22.25, 22.5, 22.75, 23.0, 23.25, 23.5, 23.75, 24.0, 24.25, 24.5, 24.75, 25.0, 25.25, 25.5, 25.75, 26.0, 26.25, 26.5, 26.75, 27.0, 27.25, 27.5, 27.75, 28.0, 28.25, 28.5, 28.75, 29.0, 29.25, 29.5, 29.75, 30.0]], 'freq_arrays': [], 'zre_arrays': [], 'zim_arrays': [], 'aux_input_arrays': [], 'peaks': [], 'eis_fit': []} 

2024-06-12 18:57:42,638 - INFO -run_logger.palmsens_driver 
 	 Data received: {'index': 1, 'frequency': [100000.0], 'zre': [354.05130307924566], 'zim': [128.49302750021664]} 

2024-06-12 18:57:43,886 - INFO -run_logger.palmsens_driver 
 	 Data received: {'index': 2, 'frequency': [79432.8203125], 'zre': [359.03852221301787], 'zim': [115.22269754172294]} 

2024-06-12 18:57:45,127 - INFO -run_logger.palmsens_driver 
 	 Data received: {'index': 3, 'frequency': [63095.734375], 'zre': [368.2162985266568], 'zim': [110.89988951587135]} 

2024-06-12 18:57:46,346 - INFO -run_logger.palmsens_driver 
 	 Data received: {'index': 4, 'frequency': [50118.72265625], 'zre': [371.81577966178924], 'zim': [109.35196550092832]} 

2024-06-12 18:57:47,586 - INFO -run_logger.palmsens_driver 
 	 Data received: {'index': 5, 'frequency': [39810.71875], 'zre': [375.27705920932885], 'zim': [110.25781998463202]} 

2024-06-12 18:57:48,840 - INFO -run_logger.palmsens_driver 
 	 Data received: {'index': 6, 'frequency': [31622.77734375], 'zre': [378.5051825257998], 'zim': [115.58417221595123]} 

2024-06-12 18:57:50,082 - INFO -run_logger.palmsens_driver 
 	 Data received: {'index': 7, 'frequency': [25118.865234375], 'zre': [384.54093681440816], 'zim': [134.44374921262798]} 

2024-06-12 18:57:51,326 - INFO -run_logger.palmsens_driver 
 	 Data received: {'index': 8, 'frequency': [19952.623046875], 'zre': [388.9159730818073], 'zim': [154.8262145380547]} 

2024-06-12 18:57:52,563 - INFO -run_logger.palmsens_driver 
 	 Data received: {'index': 9, 'frequency': [15848.931640625], 'zre': [391.36758878522556], 'zim': [183.7731222139375]} 

2024-06-12 18:57:53,818 - INFO -run_logger.palmsens_driver 
 	 Data received: {'index': 10, 'frequency': [12589.25390625], 'zre': [397.9357500143676], 'zim': [218.5727373490369]} 

2024-06-12 18:57:55,074 - INFO -run_logger.palmsens_driver 
 	 Data received: {'index': 11, 'frequency': [10000.0], 'zre': [401.95347925264576], 'zim': [262.06073068334376]} 

2024-06-12 18:57:56,323 - INFO -run_logger.palmsens_driver 
 	 Data received: {'index': 12, 'frequency': [7943.2822265625], 'zre': [406.52697599029506], 'zim': [320.33989234478054]} 

2024-06-12 18:57:57,561 - INFO -run_logger.palmsens_driver 
 	 Data received: {'index': 13, 'frequency': [6309.5732421875], 'zre': [409.6575019650604], 'zim': [388.8994188118135]} 

2024-06-12 18:57:58,818 - INFO -run_logger.palmsens_driver 
 	 Data received: {'index': 14, 'frequency': [5011.87255859375], 'zre': [426.9708610137559], 'zim': [486.62203689117547]} 

2024-06-12 18:58:00,071 - INFO -run_logger.palmsens_driver 
 	 Data received: {'index': 15, 'frequency': [3981.07177734375], 'zre': [435.75372454878124], 'zim': [599.4370191554433]} 

2024-06-12 18:58:01,314 - INFO -run_logger.palmsens_driver 
 	 Data received: {'index': 16, 'frequency': [3162.277587890625], 'zre': [463.3074504716433], 'zim': [728.2788185812088]} 

2024-06-12 18:58:02,519 - INFO -run_logger.palmsens_driver 
 	 Data received: {'index': 17, 'frequency': [2511.886474609375], 'zre': [468.36957612164036], 'zim': [912.6750011495823]} 

2024-06-12 18:58:03,723 - INFO -run_logger.palmsens_driver 
 	 Data received: {'index': 18, 'frequency': [1995.2623291015625], 'zre': [526.6619330577117], 'zim': [1114.7551770531961]} 

2024-06-12 18:58:04,929 - INFO -run_logger.palmsens_driver 
 	 Data received: {'index': 19, 'frequency': [1584.8931884765625], 'zre': [523.1289895437747], 'zim': [1411.9725786075396]} 

2024-06-12 18:58:06,134 - INFO -run_logger.palmsens_driver 
 	 Data received: {'index': 20, 'frequency': [1258.9254150390625], 'zre': [587.1855644171882], 'zim': [1750.5507324327325]} 

2024-06-12 18:58:07,330 - INFO -run_logger.palmsens_driver 
 	 Data received: {'index': 21, 'frequency': [1000.0], 'zre': [569.4273422267463], 'zim': [2219.6280960926074]} 

2024-06-12 18:58:08,581 - INFO -run_logger.palmsens_driver 
 	 Data received: {'index': 22, 'frequency': [794.3282470703125], 'zre': [724.4160873839304], 'zim': [2701.9926445578367]} 

2024-06-12 18:58:09,731 - INFO -run_logger.palmsens_driver 
 	 Data received: {'index': 23, 'frequency': [630.9573364257812], 'zre': [702.3856725384481], 'zim': [3440.7321558624817]} 

2024-06-12 18:58:11,034 - INFO -run_logger.palmsens_driver 
 	 Data received: {'index': 24, 'frequency': [501.1872253417969], 'zre': [986.8323291192112], 'zim': [4127.876321619272]} 

2024-06-12 18:58:12,502 - INFO -run_logger.palmsens_driver 
 	 Data received: {'index': 25, 'frequency': [398.107177734375], 'zre': [1203.7109966285448], 'zim': [5119.893556500528]} 

2024-06-12 18:58:14,208 - INFO -run_logger.palmsens_driver 
 	 Data received: {'index': 26, 'frequency': [316.2277526855469], 'zre': [1541.6478378960087], 'zim': [6268.852250879655]} 

2024-06-12 18:58:16,087 - INFO -run_logger.palmsens_driver 
 	 Data received: {'index': 27, 'frequency': [251.1886444091797], 'zre': [1987.3489659959107], 'zim': [7818.058303807918]} 

2024-06-12 18:58:17,993 - INFO -run_logger.palmsens_driver 
 	 Data received: {'index': 28, 'frequency': [199.52622985839844], 'zre': [2770.631137854193], 'zim': [9729.892046246445]} 

2024-06-12 18:58:19,904 - INFO -run_logger.palmsens_driver 
 	 Data received: {'index': 29, 'frequency': [158.48931884765625], 'zre': [3647.22115141824], 'zim': [11746.819183489844]} 

2024-06-12 18:58:21,820 - INFO -run_logger.palmsens_driver 
 	 Data received: {'index': 30, 'frequency': [125.89253997802734], 'zre': [5152.719601722177], 'zim': [14286.258958671631]} 

2024-06-12 18:58:23,762 - INFO -run_logger.palmsens_driver 
 	 Data received: {'index': 31, 'frequency': [100.0], 'zre': [7109.326232683292], 'zim': [17104.01626923619]} 

2024-06-12 18:58:25,717 - INFO -run_logger.palmsens_driver 
 	 Data received: {'index': 32, 'frequency': [79.43282318115234], 'zre': [9877.010056019368], 'zim': [20185.011206580337]} 

2024-06-12 18:58:27,678 - INFO -run_logger.palmsens_driver 
 	 Data received: {'index': 33, 'frequency': [63.095733642578125], 'zre': [13517.57992010356], 'zim': [23064.466807888413]} 

2024-06-12 18:58:29,674 - INFO -run_logger.palmsens_driver 
 	 Data received: {'index': 34, 'frequency': [50.11872482299805], 'zre': [17995.88376777916], 'zim': [25824.662959253186]} 

2024-06-12 18:58:31,586 - INFO -run_logger.palmsens_driver 
 	 Data received: {'index': 35, 'frequency': [39.81071853637695], 'zre': [23475.271875522012], 'zim': [27759.1427201619]} 

2024-06-12 18:58:33,513 - INFO -run_logger.palmsens_driver 
 	 Data received: {'index': 36, 'frequency': [31.62277603149414], 'zre': [29072.022669675804], 'zim': [28813.234531158807]} 

2024-06-12 18:58:35,466 - INFO -run_logger.palmsens_driver 
 	 Data received: {'index': 37, 'frequency': [25.118864059448242], 'zre': [34847.15847387292], 'zim': [28919.367425575234]} 

2024-06-12 18:58:37,332 - INFO -run_logger.palmsens_driver 
 	 Data received: {'index': 38, 'frequency': [19.95262336730957], 'zre': [39866.01604174934], 'zim': [28220.49344096457]} 

2024-06-12 18:58:39,192 - INFO -run_logger.palmsens_driver 
 	 Data received: {'index': 39, 'frequency': [15.848932266235352], 'zre': [44937.20255929549], 'zim': [27230.124221929404]} 

2024-06-12 18:58:41,137 - INFO -run_logger.palmsens_driver 
 	 Data received: {'index': 40, 'frequency': [12.589254379272461], 'zre': [49592.65598460416], 'zim': [26303.136065873583]} 

2024-06-12 18:58:43,019 - INFO -run_logger.palmsens_driver 
 	 Data received: {'index': 41, 'frequency': [10.0], 'zre': [51886.40213257927], 'zim': [24784.043755734485]} 

2024-06-12 18:58:43,070 - INFO -run_logger.palmsens_driver 
 	 result:
{'Title': 'Impedance Spectroscopy', 'timestamp': '12/06/2024 18:57:40', 'current_arrays': [[-474452.9724121094, -21481.51397705078, -18780.32684326172, -17201.94854736328, -15990.782165527344, -15490.103149414062, -14812.994384765625, -14345.693969726562, -13930.845642089844, -13506.460571289062, -13420.6298828125, -1281.9814682006836, -1262.4311447143555, -1232.3904037475586, -1206.6411972045898, -1198.0581283569336, -1192.336082458496, -1186.6140365600586, -1140.8376693725586, -1154.307861328125, -1162.557144165039, -1135.377426147461, -1126.8897247314453, -1114.778060913086, -1105.8612060546875, -1099.4715881347656, -1089.1719055175781, -1078.1092834472656, -1068.858642578125, -1059.9412536621094, -1051.1198425292969, -1043.2997131347656, -1035.8132934570312, -1028.6131286621094, -1021.7942810058594, -1015.6431579589844, -1009.4442749023438, -1003.6744689941406, -997.6663208007812, -992.3735046386719, -987.0329284667969]], 'potential_arrays': [[0.0, 0.0, 0.0, 0.0, 0.0, 0.0, 0.0, 0.0, 0.0, 0.0, 0.0, 0.0, 0.0, 0.0, 0.0, 0.0, 0.0, 0.0, 0.0, 0.0, 0.0, 0.0, 0.0, 0.0, 0.0, 0.0, 0.0, 0.0, 0.0, 0.0, 0.0, 0.0, 0.0, 0.0, 0.0, 0.0, 0.0, 0.0, 0.0, 0.0, 0.0]], 'time_arrays': [[0.0, 0.0, 0.0, 0.0, 0.0, 0.0, 0.0, 0.0, 0.0, 0.0, 0.0, 0.0, 0.0, 0.0, 0.0, 0.0, 0.0, 0.0, 0.0, 0.0, 0.0, 0.0, 0.0, 0.0, 0.0, 0.0, 0.0, 0.0, 0.0, 0.0, 0.0, 0.0, 0.0, 0.0, 0.0, 0.0, 0.0, 0.0, 0.0, 0.0, 0.0]], 'freq_arrays': [[100000.0, 79432.8203125, 63095.734375, 50118.72265625, 39810.71875, 31622.77734375, 25118.865234375, 19952.623046875, 15848.931640625, 12589.25390625, 10000.0, 7943.2822265625, 6309.5732421875, 5011.87255859375, 3981.07177734375, 3162.277587890625, 2511.886474609375, 1995.2623291015625, 1584.8931884765625, 1258.9254150390625, 1000.0, 794.3282470703125, 630.9573364257812, 501.1872253417969, 398.107177734375, 316.2277526855469, 251.1886444091797, 199.52622985839844, 158.48931884765625, 125.89253997802734, 100.0, 79.43282318115234, 63.095733642578125, 50.11872482299805, 39.81071853637695, 31.62277603149414, 25.118864059448242, 19.95262336730957, 15.848932266235352, 12.589254379272461, 10.0]], 'zre_arrays': [[354.05130307924566, 359.03852221301787, 368.2162985266568, 371.81577966178924, 375.27705920932885, 378.5051825257998, 384.54093681440816, 388.9159730818073, 391.36758878522556, 397.9357500143676, 401.95347925264576, 406.52697599029506, 409.6575019650604, 426.9708610137559, 435.75372454878124, 463.3074504716433, 468.36957612164036, 526.6619330577117, 523.1289895437747, 587.1855644171882, 569.4273422267463, 724.4160873839304, 702.3856725384481, 986.8323291192112, 1203.7109966285448, 1541.6478378960087, 1987.3489659959107, 2770.631137854193, 3647.22115141824, 5152.719601722177, 7109.326232683292, 9877.010056019368, 13517.57992010356, 17995.88376777916, 23475.271875522012, 29072.022669675804, 34847.15847387292, 39866.01604174934, 44937.20255929549, 49592.65598460416, 51886.40213257927]], 'zim_arrays': [[128.49302750021664, 115.22269754172294, 110.89988951587135, 109.35196550092832, 110.25781998463202, 115.58417221595123, 134.44374921262798, 154.8262145380547, 183.7731222139375, 218.5727373490369, 262.06073068334376, 320.33989234478054, 388.8994188118135, 486.62203689117547, 599.4370191554433, 728.2788185812088, 912.6750011495823, 1114.7551770531961, 1411.9725786075396, 1750.5507324327325, 2219.6280960926074, 2701.9926445578367, 3440.7321558624817, 4127.876321619272, 5119.893556500528, 6268.852250879655, 7818.058303807918, 9729.892046246445, 11746.819183489844, 14286.258958671631, 17104.01626923619, 20185.011206580337, 23064.466807888413, 25824.662959253186, 27759.1427201619, 28813.234531158807, 28919.367425575234, 28220.49344096457, 27230.124221929404, 26303.136065873583, 24784.043755734485]], 'aux_input_arrays': [], 'peaks': [], 'eis_fit': []} 

