2024-06-17 14:40:58,702 - INFO -run_logger.palmsens_driver 
 	 Successfully connected to PalmSens4 [1]. 

2024-06-17 14:41:15,164 - INFO -run_logger.palmsens_driver 
 	 Data received: {'index': 1, 'x': [0.0], 'x_unit': 's', 'x_type': 'Time', 'y': [-1.980046272277832], 'y_unit': 'V', 'y_type': 'Potential'} 

2024-06-17 14:41:15,430 - INFO -run_logger.palmsens_driver 
 	 Data received: {'index': 2, 'x': [0.25], 'x_unit': 's', 'x_type': 'Time', 'y': [-1.980046272277832], 'y_unit': 'V', 'y_type': 'Potential'} 

2024-06-17 14:41:15,662 - INFO -run_logger.palmsens_driver 
 	 Data received: {'index': 3, 'x': [0.5], 'x_unit': 's', 'x_type': 'Time', 'y': [-1.9799680709838867], 'y_unit': 'V', 'y_type': 'Potential'} 

2024-06-17 14:41:15,894 - INFO -run_logger.palmsens_driver 
 	 Data received: {'index': 4, 'x': [0.75], 'x_unit': 's', 'x_type': 'Time', 'y': [-1.980046272277832], 'y_unit': 'V', 'y_type': 'Potential'} 

2024-06-17 14:41:16,176 - INFO -run_logger.palmsens_driver 
 	 Data received: {'index': 5, 'x': [1.0], 'x_unit': 's', 'x_type': 'Time', 'y': [-1.9799680709838867], 'y_unit': 'V', 'y_type': 'Potential'} 

2024-06-17 14:41:16,410 - INFO -run_logger.palmsens_driver 
 	 Data received: {'index': 6, 'x': [1.25], 'x_unit': 's', 'x_type': 'Time', 'y': [-1.9799680709838867], 'y_unit': 'V', 'y_type': 'Potential'} 

2024-06-17 14:41:16,643 - INFO -run_logger.palmsens_driver 
 	 Data received: {'index': 7, 'x': [1.5], 'x_unit': 's', 'x_type': 'Time', 'y': [-1.9799680709838867], 'y_unit': 'V', 'y_type': 'Potential'} 

2024-06-17 14:41:16,922 - INFO -run_logger.palmsens_driver 
 	 Data received: {'index': 8, 'x': [1.75], 'x_unit': 's', 'x_type': 'Time', 'y': [-1.9798898696899414], 'y_unit': 'V', 'y_type': 'Potential'} 

2024-06-17 14:41:17,157 - INFO -run_logger.palmsens_driver 
 	 Data received: {'index': 9, 'x': [2.0], 'x_unit': 's', 'x_type': 'Time', 'y': [-1.9799680709838867], 'y_unit': 'V', 'y_type': 'Potential'} 

2024-06-17 14:41:17,391 - INFO -run_logger.palmsens_driver 
 	 Data received: {'index': 10, 'x': [2.25], 'x_unit': 's', 'x_type': 'Time', 'y': [-1.9798898696899414], 'y_unit': 'V', 'y_type': 'Potential'} 

2024-06-17 14:41:17,668 - INFO -run_logger.palmsens_driver 
 	 Data received: {'index': 11, 'x': [2.5], 'x_unit': 's', 'x_type': 'Time', 'y': [-1.9798898696899414], 'y_unit': 'V', 'y_type': 'Potential'} 

2024-06-17 14:41:17,903 - INFO -run_logger.palmsens_driver 
 	 Data received: {'index': 12, 'x': [2.75], 'x_unit': 's', 'x_type': 'Time', 'y': [-1.9798898696899414], 'y_unit': 'V', 'y_type': 'Potential'} 

2024-06-17 14:41:18,182 - INFO -run_logger.palmsens_driver 
 	 Data received: {'index': 13, 'x': [3.0], 'x_unit': 's', 'x_type': 'Time', 'y': [-1.9798126220703125], 'y_unit': 'V', 'y_type': 'Potential'} 

2024-06-17 14:41:18,426 - INFO -run_logger.palmsens_driver 
 	 Data received: {'index': 14, 'x': [3.25], 'x_unit': 's', 'x_type': 'Time', 'y': [-1.9798126220703125], 'y_unit': 'V', 'y_type': 'Potential'} 

2024-06-17 14:41:18,648 - INFO -run_logger.palmsens_driver 
 	 Data received: {'index': 15, 'x': [3.5], 'x_unit': 's', 'x_type': 'Time', 'y': [-1.9797344207763672], 'y_unit': 'V', 'y_type': 'Potential'} 

2024-06-17 14:41:18,899 - INFO -run_logger.palmsens_driver 
 	 Data received: {'index': 16, 'x': [3.75], 'x_unit': 's', 'x_type': 'Time', 'y': [-1.9796562194824219], 'y_unit': 'V', 'y_type': 'Potential'} 

2024-06-17 14:41:19,147 - INFO -run_logger.palmsens_driver 
 	 Data received: {'index': 17, 'x': [4.0], 'x_unit': 's', 'x_type': 'Time', 'y': [-1.9797344207763672], 'y_unit': 'V', 'y_type': 'Potential'} 

2024-06-17 14:41:19,427 - INFO -run_logger.palmsens_driver 
 	 Data received: {'index': 18, 'x': [4.25], 'x_unit': 's', 'x_type': 'Time', 'y': [-1.9796562194824219], 'y_unit': 'V', 'y_type': 'Potential'} 

2024-06-17 14:41:19,659 - INFO -run_logger.palmsens_driver 
 	 Data received: {'index': 19, 'x': [4.5], 'x_unit': 's', 'x_type': 'Time', 'y': [-1.9796562194824219], 'y_unit': 'V', 'y_type': 'Potential'} 

2024-06-17 14:41:19,893 - INFO -run_logger.palmsens_driver 
 	 Data received: {'index': 20, 'x': [4.75], 'x_unit': 's', 'x_type': 'Time', 'y': [-1.9795780181884766], 'y_unit': 'V', 'y_type': 'Potential'} 

2024-06-17 14:41:20,173 - INFO -run_logger.palmsens_driver 
 	 Data received: {'index': 21, 'x': [5.0], 'x_unit': 's', 'x_type': 'Time', 'y': [-1.9795780181884766], 'y_unit': 'V', 'y_type': 'Potential'} 

2024-06-17 14:41:20,406 - INFO -run_logger.palmsens_driver 
 	 Data received: {'index': 22, 'x': [5.25], 'x_unit': 's', 'x_type': 'Time', 'y': [-1.9795780181884766], 'y_unit': 'V', 'y_type': 'Potential'} 

2024-06-17 14:41:20,642 - INFO -run_logger.palmsens_driver 
 	 Data received: {'index': 23, 'x': [5.5], 'x_unit': 's', 'x_type': 'Time', 'y': [-1.9794998168945312], 'y_unit': 'V', 'y_type': 'Potential'} 

2024-06-17 14:41:20,921 - INFO -run_logger.palmsens_driver 
 	 Data received: {'index': 24, 'x': [5.75], 'x_unit': 's', 'x_type': 'Time', 'y': [-1.9794998168945312], 'y_unit': 'V', 'y_type': 'Potential'} 

2024-06-17 14:41:21,155 - INFO -run_logger.palmsens_driver 
 	 Data received: {'index': 25, 'x': [6.0], 'x_unit': 's', 'x_type': 'Time', 'y': [-1.979421615600586], 'y_unit': 'V', 'y_type': 'Potential'} 

2024-06-17 14:41:21,388 - INFO -run_logger.palmsens_driver 
 	 Data received: {'index': 26, 'x': [6.25], 'x_unit': 's', 'x_type': 'Time', 'y': [-1.979421615600586], 'y_unit': 'V', 'y_type': 'Potential'} 

2024-06-17 14:41:21,670 - INFO -run_logger.palmsens_driver 
 	 Data received: {'index': 27, 'x': [6.5], 'x_unit': 's', 'x_type': 'Time', 'y': [-1.979421615600586], 'y_unit': 'V', 'y_type': 'Potential'} 

2024-06-17 14:41:21,903 - INFO -run_logger.palmsens_driver 
 	 Data received: {'index': 28, 'x': [6.75], 'x_unit': 's', 'x_type': 'Time', 'y': [-1.9793434143066406], 'y_unit': 'V', 'y_type': 'Potential'} 

2024-06-17 14:41:22,184 - INFO -run_logger.palmsens_driver 
 	 Data received: {'index': 29, 'x': [7.0], 'x_unit': 's', 'x_type': 'Time', 'y': [-1.9793434143066406], 'y_unit': 'V', 'y_type': 'Potential'} 

2024-06-17 14:41:22,418 - INFO -run_logger.palmsens_driver 
 	 Data received: {'index': 30, 'x': [7.25], 'x_unit': 's', 'x_type': 'Time', 'y': [-1.9793434143066406], 'y_unit': 'V', 'y_type': 'Potential'} 

2024-06-17 14:41:22,653 - INFO -run_logger.palmsens_driver 
 	 Data received: {'index': 31, 'x': [7.5], 'x_unit': 's', 'x_type': 'Time', 'y': [-1.9792652130126953], 'y_unit': 'V', 'y_type': 'Potential'} 

2024-06-17 14:41:22,889 - INFO -run_logger.palmsens_driver 
 	 Data received: {'index': 32, 'x': [7.75], 'x_unit': 's', 'x_type': 'Time', 'y': [-1.9792652130126953], 'y_unit': 'V', 'y_type': 'Potential'} 

2024-06-17 14:41:23,172 - INFO -run_logger.palmsens_driver 
 	 Data received: {'index': 33, 'x': [8.0], 'x_unit': 's', 'x_type': 'Time', 'y': [-1.97918701171875], 'y_unit': 'V', 'y_type': 'Potential'} 

2024-06-17 14:41:23,405 - INFO -run_logger.palmsens_driver 
 	 Data received: {'index': 34, 'x': [8.25], 'x_unit': 's', 'x_type': 'Time', 'y': [-1.9791088104248047], 'y_unit': 'V', 'y_type': 'Potential'} 

2024-06-17 14:41:23,639 - INFO -run_logger.palmsens_driver 
 	 Data received: {'index': 35, 'x': [8.5], 'x_unit': 's', 'x_type': 'Time', 'y': [-1.9791088104248047], 'y_unit': 'V', 'y_type': 'Potential'} 

2024-06-17 14:41:23,918 - INFO -run_logger.palmsens_driver 
 	 Data received: {'index': 36, 'x': [8.75], 'x_unit': 's', 'x_type': 'Time', 'y': [-1.978952407836914], 'y_unit': 'V', 'y_type': 'Potential'} 

2024-06-17 14:41:24,152 - INFO -run_logger.palmsens_driver 
 	 Data received: {'index': 37, 'x': [9.0], 'x_unit': 's', 'x_type': 'Time', 'y': [-1.978952407836914], 'y_unit': 'V', 'y_type': 'Potential'} 

2024-06-17 14:41:24,388 - INFO -run_logger.palmsens_driver 
 	 Data received: {'index': 38, 'x': [9.25], 'x_unit': 's', 'x_type': 'Time', 'y': [-1.9788742065429688], 'y_unit': 'V', 'y_type': 'Potential'} 

2024-06-17 14:41:24,668 - INFO -run_logger.palmsens_driver 
 	 Data received: {'index': 39, 'x': [9.5], 'x_unit': 's', 'x_type': 'Time', 'y': [-1.9787969589233398], 'y_unit': 'V', 'y_type': 'Potential'} 

2024-06-17 14:41:24,903 - INFO -run_logger.palmsens_driver 
 	 Data received: {'index': 40, 'x': [9.75], 'x_unit': 's', 'x_type': 'Time', 'y': [-1.9788742065429688], 'y_unit': 'V', 'y_type': 'Potential'} 

2024-06-17 14:41:25,184 - INFO -run_logger.palmsens_driver 
 	 Data received: {'index': 41, 'x': [10.0], 'x_unit': 's', 'x_type': 'Time', 'y': [-1.9787187576293945], 'y_unit': 'V', 'y_type': 'Potential'} 

2024-06-17 14:41:25,417 - INFO -run_logger.palmsens_driver 
 	 Data received: {'index': 42, 'x': [10.25], 'x_unit': 's', 'x_type': 'Time', 'y': [-1.9787187576293945], 'y_unit': 'V', 'y_type': 'Potential'} 

2024-06-17 14:41:25,649 - INFO -run_logger.palmsens_driver 
 	 Data received: {'index': 43, 'x': [10.5], 'x_unit': 's', 'x_type': 'Time', 'y': [-1.9786405563354492], 'y_unit': 'V', 'y_type': 'Potential'} 

2024-06-17 14:41:25,945 - INFO -run_logger.palmsens_driver 
 	 Data received: {'index': 44, 'x': [10.75], 'x_unit': 's', 'x_type': 'Time', 'y': [-1.978562355041504], 'y_unit': 'V', 'y_type': 'Potential'} 

2024-06-17 14:41:26,148 - INFO -run_logger.palmsens_driver 
 	 Data received: {'index': 45, 'x': [11.0], 'x_unit': 's', 'x_type': 'Time', 'y': [-1.9786405563354492], 'y_unit': 'V', 'y_type': 'Potential'} 

2024-06-17 14:41:26,431 - INFO -run_logger.palmsens_driver 
 	 Data received: {'index': 46, 'x': [11.25], 'x_unit': 's', 'x_type': 'Time', 'y': [-1.9784841537475586], 'y_unit': 'V', 'y_type': 'Potential'} 

2024-06-17 14:41:26,667 - INFO -run_logger.palmsens_driver 
 	 Data received: {'index': 47, 'x': [11.5], 'x_unit': 's', 'x_type': 'Time', 'y': [-1.9784841537475586], 'y_unit': 'V', 'y_type': 'Potential'} 

2024-06-17 14:41:26,899 - INFO -run_logger.palmsens_driver 
 	 Data received: {'index': 48, 'x': [11.75], 'x_unit': 's', 'x_type': 'Time', 'y': [-1.9784841537475586], 'y_unit': 'V', 'y_type': 'Potential'} 

2024-06-17 14:41:27,180 - INFO -run_logger.palmsens_driver 
 	 Data received: {'index': 49, 'x': [12.0], 'x_unit': 's', 'x_type': 'Time', 'y': [-1.978327751159668], 'y_unit': 'V', 'y_type': 'Potential'} 

2024-06-17 14:41:27,415 - INFO -run_logger.palmsens_driver 
 	 Data received: {'index': 50, 'x': [12.25], 'x_unit': 's', 'x_type': 'Time', 'y': [-1.978327751159668], 'y_unit': 'V', 'y_type': 'Potential'} 

2024-06-17 14:41:27,664 - INFO -run_logger.palmsens_driver 
 	 Data received: {'index': 51, 'x': [12.5], 'x_unit': 's', 'x_type': 'Time', 'y': [-1.9782495498657227], 'y_unit': 'V', 'y_type': 'Potential'} 

2024-06-17 14:41:27,913 - INFO -run_logger.palmsens_driver 
 	 Data received: {'index': 52, 'x': [12.75], 'x_unit': 's', 'x_type': 'Time', 'y': [-1.9782495498657227], 'y_unit': 'V', 'y_type': 'Potential'} 

2024-06-17 14:41:28,146 - INFO -run_logger.palmsens_driver 
 	 Data received: {'index': 53, 'x': [13.0], 'x_unit': 's', 'x_type': 'Time', 'y': [-1.9782495498657227], 'y_unit': 'V', 'y_type': 'Potential'} 

2024-06-17 14:41:28,426 - INFO -run_logger.palmsens_driver 
 	 Data received: {'index': 54, 'x': [13.25], 'x_unit': 's', 'x_type': 'Time', 'y': [-1.978093147277832], 'y_unit': 'V', 'y_type': 'Potential'} 

2024-06-17 14:41:28,662 - INFO -run_logger.palmsens_driver 
 	 Data received: {'index': 55, 'x': [13.5], 'x_unit': 's', 'x_type': 'Time', 'y': [-1.978093147277832], 'y_unit': 'V', 'y_type': 'Potential'} 

2024-06-17 14:41:28,898 - INFO -run_logger.palmsens_driver 
 	 Data received: {'index': 56, 'x': [13.75], 'x_unit': 's', 'x_type': 'Time', 'y': [-1.9779367446899414], 'y_unit': 'V', 'y_type': 'Potential'} 

2024-06-17 14:41:29,179 - INFO -run_logger.palmsens_driver 
 	 Data received: {'index': 57, 'x': [14.0], 'x_unit': 's', 'x_type': 'Time', 'y': [-1.9779367446899414], 'y_unit': 'V', 'y_type': 'Potential'} 

2024-06-17 14:41:29,428 - INFO -run_logger.palmsens_driver 
 	 Data received: {'index': 58, 'x': [14.25], 'x_unit': 's', 'x_type': 'Time', 'y': [-1.9779367446899414], 'y_unit': 'V', 'y_type': 'Potential'} 

2024-06-17 14:41:29,660 - INFO -run_logger.palmsens_driver 
 	 Data received: {'index': 59, 'x': [14.5], 'x_unit': 's', 'x_type': 'Time', 'y': [-1.9777812957763672], 'y_unit': 'V', 'y_type': 'Potential'} 

2024-06-17 14:41:29,891 - INFO -run_logger.palmsens_driver 
 	 Data received: {'index': 60, 'x': [14.75], 'x_unit': 's', 'x_type': 'Time', 'y': [-1.9778594970703125], 'y_unit': 'V', 'y_type': 'Potential'} 

2024-06-17 14:41:30,173 - INFO -run_logger.palmsens_driver 
 	 Data received: {'index': 61, 'x': [15.0], 'x_unit': 's', 'x_type': 'Time', 'y': [-1.9776248931884766], 'y_unit': 'V', 'y_type': 'Potential'} 

2024-06-17 14:41:30,409 - INFO -run_logger.palmsens_driver 
 	 Data received: {'index': 62, 'x': [15.25], 'x_unit': 's', 'x_type': 'Time', 'y': [-1.9776248931884766], 'y_unit': 'V', 'y_type': 'Potential'} 

2024-06-17 14:41:30,643 - INFO -run_logger.palmsens_driver 
 	 Data received: {'index': 63, 'x': [15.5], 'x_unit': 's', 'x_type': 'Time', 'y': [-1.9775466918945312], 'y_unit': 'V', 'y_type': 'Potential'} 

2024-06-17 14:41:30,921 - INFO -run_logger.palmsens_driver 
 	 Data received: {'index': 64, 'x': [15.75], 'x_unit': 's', 'x_type': 'Time', 'y': [-1.977468490600586], 'y_unit': 'V', 'y_type': 'Potential'} 

2024-06-17 14:41:31,155 - INFO -run_logger.palmsens_driver 
 	 Data received: {'index': 65, 'x': [16.0], 'x_unit': 's', 'x_type': 'Time', 'y': [-1.977468490600586], 'y_unit': 'V', 'y_type': 'Potential'} 

2024-06-17 14:41:31,390 - INFO -run_logger.palmsens_driver 
 	 Data received: {'index': 66, 'x': [16.25], 'x_unit': 's', 'x_type': 'Time', 'y': [-1.9773902893066406], 'y_unit': 'V', 'y_type': 'Potential'} 

2024-06-17 14:41:31,674 - INFO -run_logger.palmsens_driver 
 	 Data received: {'index': 67, 'x': [16.5], 'x_unit': 's', 'x_type': 'Time', 'y': [-1.9773120880126953], 'y_unit': 'V', 'y_type': 'Potential'} 

2024-06-17 14:41:31,907 - INFO -run_logger.palmsens_driver 
 	 Data received: {'index': 68, 'x': [16.75], 'x_unit': 's', 'x_type': 'Time', 'y': [-1.9773902893066406], 'y_unit': 'V', 'y_type': 'Potential'} 

2024-06-17 14:41:32,141 - INFO -run_logger.palmsens_driver 
 	 Data received: {'index': 69, 'x': [17.0], 'x_unit': 's', 'x_type': 'Time', 'y': [-1.97723388671875], 'y_unit': 'V', 'y_type': 'Potential'} 

2024-06-17 14:41:32,417 - INFO -run_logger.palmsens_driver 
 	 Data received: {'index': 70, 'x': [17.25], 'x_unit': 's', 'x_type': 'Time', 'y': [-1.97723388671875], 'y_unit': 'V', 'y_type': 'Potential'} 

2024-06-17 14:41:32,650 - INFO -run_logger.palmsens_driver 
 	 Data received: {'index': 71, 'x': [17.5], 'x_unit': 's', 'x_type': 'Time', 'y': [-1.97723388671875], 'y_unit': 'V', 'y_type': 'Potential'} 

2024-06-17 14:41:32,932 - INFO -run_logger.palmsens_driver 
 	 Data received: {'index': 72, 'x': [17.75], 'x_unit': 's', 'x_type': 'Time', 'y': [-1.9770774841308594], 'y_unit': 'V', 'y_type': 'Potential'} 

2024-06-17 14:41:33,168 - INFO -run_logger.palmsens_driver 
 	 Data received: {'index': 73, 'x': [18.0], 'x_unit': 's', 'x_type': 'Time', 'y': [-1.9770774841308594], 'y_unit': 'V', 'y_type': 'Potential'} 

2024-06-17 14:41:33,403 - INFO -run_logger.palmsens_driver 
 	 Data received: {'index': 74, 'x': [18.25], 'x_unit': 's', 'x_type': 'Time', 'y': [-1.976999282836914], 'y_unit': 'V', 'y_type': 'Potential'} 

2024-06-17 14:41:33,684 - INFO -run_logger.palmsens_driver 
 	 Data received: {'index': 75, 'x': [18.5], 'x_unit': 's', 'x_type': 'Time', 'y': [-1.9769210815429688], 'y_unit': 'V', 'y_type': 'Potential'} 

2024-06-17 14:41:33,917 - INFO -run_logger.palmsens_driver 
 	 Data received: {'index': 76, 'x': [18.75], 'x_unit': 's', 'x_type': 'Time', 'y': [-1.9769210815429688], 'y_unit': 'V', 'y_type': 'Potential'} 

2024-06-17 14:41:34,150 - INFO -run_logger.palmsens_driver 
 	 Data received: {'index': 77, 'x': [19.0], 'x_unit': 's', 'x_type': 'Time', 'y': [-1.9768438339233398], 'y_unit': 'V', 'y_type': 'Potential'} 

2024-06-17 14:41:34,430 - INFO -run_logger.palmsens_driver 
 	 Data received: {'index': 78, 'x': [19.25], 'x_unit': 's', 'x_type': 'Time', 'y': [-1.9768438339233398], 'y_unit': 'V', 'y_type': 'Potential'} 

2024-06-17 14:41:34,667 - INFO -run_logger.palmsens_driver 
 	 Data received: {'index': 79, 'x': [19.5], 'x_unit': 's', 'x_type': 'Time', 'y': [-1.9767656326293945], 'y_unit': 'V', 'y_type': 'Potential'} 

2024-06-17 14:41:34,902 - INFO -run_logger.palmsens_driver 
 	 Data received: {'index': 80, 'x': [19.75], 'x_unit': 's', 'x_type': 'Time', 'y': [-1.9766874313354492], 'y_unit': 'V', 'y_type': 'Potential'} 

2024-06-17 14:41:35,180 - INFO -run_logger.palmsens_driver 
 	 Data received: {'index': 81, 'x': [20.0], 'x_unit': 's', 'x_type': 'Time', 'y': [-1.9767656326293945], 'y_unit': 'V', 'y_type': 'Potential'} 

2024-06-17 14:41:35,215 - INFO -run_logger.palmsens_driver 
 	 result:
{'Title': 'Open Circuit Potentiometry', 'timestamp': '17/06/2024 14:41:13', 'current_arrays': [[0.2384185791015625, 0.2384185791015625, 0.2384185791015625, 0.2384185791015625, 0.2384185791015625, 0.2384185791015625, 0.2384185791015625, 0.2384185791015625, 0.2384185791015625, 0.2384185791015625, 0.2384185791015625, 0.2384185791015625, 0.2384185791015625, 0.2384185791015625, 0.2384185791015625, 0.2384185791015625, 0.2384185791015625, 0.2384185791015625, 0.2384185791015625, 0.2384185791015625, 0.2384185791015625, 0.2384185791015625, 0.2384185791015625, 0.2384185791015625, 0.2384185791015625, 0.2384185791015625, 0.2384185791015625, 0.2384185791015625, 0.2384185791015625, 0.2384185791015625, 0.2384185791015625, 0.2384185791015625, 0.2384185791015625, 0.2384185791015625, 0.2384185791015625, 0.2384185791015625, 0.2384185791015625, 0.2384185791015625, 0.2384185791015625, 0.2384185791015625, 0.2384185791015625, 0.2384185791015625, 0.2384185791015625, 0.2384185791015625, 0.2384185791015625, 0.2384185791015625, 0.2384185791015625, 0.2384185791015625, 0.2384185791015625, 0.2384185791015625, 0.2384185791015625, 0.2384185791015625, 0.2384185791015625, 0.2384185791015625, 0.2384185791015625, 0.2384185791015625, 0.2384185791015625, 0.2384185791015625, 0.2384185791015625, 0.2384185791015625, 0.2384185791015625, 0.2384185791015625, 0.2384185791015625, 0.2384185791015625, 0.2384185791015625, 0.2384185791015625, 0.2384185791015625, 0.2384185791015625, 0.2384185791015625, 0.2384185791015625, 0.2384185791015625, 0.2384185791015625, 0.2384185791015625, 0.2384185791015625, 0.2384185791015625, 0.2384185791015625, 0.2384185791015625, 0.2384185791015625, 0.2384185791015625, 0.2384185791015625, 0.2384185791015625]], 'potential_arrays': [[-1.980046272277832, -1.980046272277832, -1.9799680709838867, -1.980046272277832, -1.9799680709838867, -1.9799680709838867, -1.9799680709838867, -1.9798898696899414, -1.9799680709838867, -1.9798898696899414, -1.9798898696899414, -1.9798898696899414, -1.9798126220703125, -1.9798126220703125, -1.9797344207763672, -1.9796562194824219, -1.9797344207763672, -1.9796562194824219, -1.9796562194824219, -1.9795780181884766, -1.9795780181884766, -1.9795780181884766, -1.9794998168945312, -1.9794998168945312, -1.979421615600586, -1.979421615600586, -1.979421615600586, -1.9793434143066406, -1.9793434143066406, -1.9793434143066406, -1.9792652130126953, -1.9792652130126953, -1.97918701171875, -1.9791088104248047, -1.9791088104248047, -1.978952407836914, -1.978952407836914, -1.9788742065429688, -1.9787969589233398, -1.9788742065429688, -1.9787187576293945, -1.9787187576293945, -1.9786405563354492, -1.978562355041504, -1.9786405563354492, -1.9784841537475586, -1.9784841537475586, -1.9784841537475586, -1.978327751159668, -1.978327751159668, -1.9782495498657227, -1.9782495498657227, -1.9782495498657227, -1.978093147277832, -1.978093147277832, -1.9779367446899414, -1.9779367446899414, -1.9779367446899414, -1.9777812957763672, -1.9778594970703125, -1.9776248931884766, -1.9776248931884766, -1.9775466918945312, -1.977468490600586, -1.977468490600586, -1.9773902893066406, -1.9773120880126953, -1.9773902893066406, -1.97723388671875, -1.97723388671875, -1.97723388671875, -1.9770774841308594, -1.9770774841308594, -1.976999282836914, -1.9769210815429688, -1.9769210815429688, -1.9768438339233398, -1.9768438339233398, -1.9767656326293945, -1.9766874313354492, -1.9767656326293945]], 'time_arrays': [[0.0, 0.25, 0.5, 0.75, 1.0, 1.25, 1.5, 1.75, 2.0, 2.25, 2.5, 2.75, 3.0, 3.25, 3.5, 3.75, 4.0, 4.25, 4.5, 4.75, 5.0, 5.25, 5.5, 5.75, 6.0, 6.25, 6.5, 6.75, 7.0, 7.25, 7.5, 7.75, 8.0, 8.25, 8.5, 8.75, 9.0, 9.25, 9.5, 9.75, 10.0, 10.25, 10.5, 10.75, 11.0, 11.25, 11.5, 11.75, 12.0, 12.25, 12.5, 12.75, 13.0, 13.25, 13.5, 13.75, 14.0, 14.25, 14.5, 14.75, 15.0, 15.25, 15.5, 15.75, 16.0, 16.25, 16.5, 16.75, 17.0, 17.25, 17.5, 17.75, 18.0, 18.25, 18.5, 18.75, 19.0, 19.25, 19.5, 19.75, 20.0]], 'freq_arrays': [], 'zre_arrays': [], 'zim_arrays': [], 'aux_input_arrays': [], 'peaks': [], 'eis_fit': []} 

