2024-06-17 15:17:52,486 - INFO -run_logger.palmsens_driver 
 	 Successfully connected to PalmSens4 [1]. 

2024-06-17 15:18:21,922 - INFO -run_logger.palmsens_driver 
 	 Data received: {'index': 1, 'x': [0.0], 'x_unit': 's', 'x_type': 'Time', 'y': [-1.9879369735717773], 'y_unit': 'V', 'y_type': 'Potential'} 

2024-06-17 15:18:22,135 - INFO -run_logger.palmsens_driver 
 	 Data received: {'index': 2, 'x': [0.25], 'x_unit': 's', 'x_type': 'Time', 'y': [-1.9879369735717773], 'y_unit': 'V', 'y_type': 'Potential'} 

2024-06-17 15:18:22,388 - INFO -run_logger.palmsens_driver 
 	 Data received: {'index': 3, 'x': [0.5], 'x_unit': 's', 'x_type': 'Time', 'y': [-1.9880151748657227], 'y_unit': 'V', 'y_type': 'Potential'} 

2024-06-17 15:18:22,620 - INFO -run_logger.palmsens_driver 
 	 Data received: {'index': 4, 'x': [0.75], 'x_unit': 's', 'x_type': 'Time', 'y': [-1.9879369735717773], 'y_unit': 'V', 'y_type': 'Potential'} 

2024-06-17 15:18:22,904 - INFO -run_logger.palmsens_driver 
 	 Data received: {'index': 5, 'x': [1.0], 'x_unit': 's', 'x_type': 'Time', 'y': [-1.9880151748657227], 'y_unit': 'V', 'y_type': 'Potential'} 

2024-06-17 15:18:23,138 - INFO -run_logger.palmsens_driver 
 	 Data received: {'index': 6, 'x': [1.25], 'x_unit': 's', 'x_type': 'Time', 'y': [-1.9880151748657227], 'y_unit': 'V', 'y_type': 'Potential'} 

2024-06-17 15:18:23,378 - INFO -run_logger.palmsens_driver 
 	 Data received: {'index': 7, 'x': [1.5], 'x_unit': 's', 'x_type': 'Time', 'y': [-1.9880151748657227], 'y_unit': 'V', 'y_type': 'Potential'} 

2024-06-17 15:18:23,656 - INFO -run_logger.palmsens_driver 
 	 Data received: {'index': 8, 'x': [1.75], 'x_unit': 's', 'x_type': 'Time', 'y': [-1.988093376159668], 'y_unit': 'V', 'y_type': 'Potential'} 

2024-06-17 15:18:23,887 - INFO -run_logger.palmsens_driver 
 	 Data received: {'index': 9, 'x': [2.0], 'x_unit': 's', 'x_type': 'Time', 'y': [-1.988093376159668], 'y_unit': 'V', 'y_type': 'Potential'} 

2024-06-17 15:18:24,122 - INFO -run_logger.palmsens_driver 
 	 Data received: {'index': 10, 'x': [2.25], 'x_unit': 's', 'x_type': 'Time', 'y': [-1.9880151748657227], 'y_unit': 'V', 'y_type': 'Potential'} 

2024-06-17 15:18:24,389 - INFO -run_logger.palmsens_driver 
 	 Data received: {'index': 11, 'x': [2.5], 'x_unit': 's', 'x_type': 'Time', 'y': [-1.9881715774536133], 'y_unit': 'V', 'y_type': 'Potential'} 

2024-06-17 15:18:24,637 - INFO -run_logger.palmsens_driver 
 	 Data received: {'index': 12, 'x': [2.75], 'x_unit': 's', 'x_type': 'Time', 'y': [-1.988093376159668], 'y_unit': 'V', 'y_type': 'Potential'} 

2024-06-17 15:18:24,871 - INFO -run_logger.palmsens_driver 
 	 Data received: {'index': 13, 'x': [3.0], 'x_unit': 's', 'x_type': 'Time', 'y': [-1.9882497787475586], 'y_unit': 'V', 'y_type': 'Potential'} 

2024-06-17 15:18:25,156 - INFO -run_logger.palmsens_driver 
 	 Data received: {'index': 14, 'x': [3.25], 'x_unit': 's', 'x_type': 'Time', 'y': [-1.9881715774536133], 'y_unit': 'V', 'y_type': 'Potential'} 

2024-06-17 15:18:25,404 - INFO -run_logger.palmsens_driver 
 	 Data received: {'index': 15, 'x': [3.5], 'x_unit': 's', 'x_type': 'Time', 'y': [-1.9881715774536133], 'y_unit': 'V', 'y_type': 'Potential'} 

2024-06-17 15:18:25,638 - INFO -run_logger.palmsens_driver 
 	 Data received: {'index': 16, 'x': [3.75], 'x_unit': 's', 'x_type': 'Time', 'y': [-1.9880151748657227], 'y_unit': 'V', 'y_type': 'Potential'} 

2024-06-17 15:18:25,875 - INFO -run_logger.palmsens_driver 
 	 Data received: {'index': 17, 'x': [4.0], 'x_unit': 's', 'x_type': 'Time', 'y': [-1.9881715774536133], 'y_unit': 'V', 'y_type': 'Potential'} 

2024-06-17 15:18:26,112 - INFO -run_logger.palmsens_driver 
 	 Data received: {'index': 18, 'x': [4.25], 'x_unit': 's', 'x_type': 'Time', 'y': [-1.988327980041504], 'y_unit': 'V', 'y_type': 'Potential'} 

2024-06-17 15:18:26,387 - INFO -run_logger.palmsens_driver 
 	 Data received: {'index': 19, 'x': [4.5], 'x_unit': 's', 'x_type': 'Time', 'y': [-1.988327980041504], 'y_unit': 'V', 'y_type': 'Potential'} 

2024-06-17 15:18:26,622 - INFO -run_logger.palmsens_driver 
 	 Data received: {'index': 20, 'x': [4.75], 'x_unit': 's', 'x_type': 'Time', 'y': [-1.9884061813354492], 'y_unit': 'V', 'y_type': 'Potential'} 

2024-06-17 15:18:26,900 - INFO -run_logger.palmsens_driver 
 	 Data received: {'index': 21, 'x': [5.0], 'x_unit': 's', 'x_type': 'Time', 'y': [-1.9884843826293945], 'y_unit': 'V', 'y_type': 'Potential'} 

2024-06-17 15:18:27,138 - INFO -run_logger.palmsens_driver 
 	 Data received: {'index': 22, 'x': [5.25], 'x_unit': 's', 'x_type': 'Time', 'y': [-1.9884061813354492], 'y_unit': 'V', 'y_type': 'Potential'} 

2024-06-17 15:18:27,405 - INFO -run_logger.palmsens_driver 
 	 Data received: {'index': 23, 'x': [5.5], 'x_unit': 's', 'x_type': 'Time', 'y': [-1.9885625839233398], 'y_unit': 'V', 'y_type': 'Potential'} 

2024-06-17 15:18:27,648 - INFO -run_logger.palmsens_driver 
 	 Data received: {'index': 24, 'x': [5.75], 'x_unit': 's', 'x_type': 'Time', 'y': [-1.9885625839233398], 'y_unit': 'V', 'y_type': 'Potential'} 

2024-06-17 15:18:27,883 - INFO -run_logger.palmsens_driver 
 	 Data received: {'index': 25, 'x': [6.0], 'x_unit': 's', 'x_type': 'Time', 'y': [-1.9884843826293945], 'y_unit': 'V', 'y_type': 'Potential'} 

2024-06-17 15:18:28,134 - INFO -run_logger.palmsens_driver 
 	 Data received: {'index': 26, 'x': [6.25], 'x_unit': 's', 'x_type': 'Time', 'y': [-1.9885625839233398], 'y_unit': 'V', 'y_type': 'Potential'} 

2024-06-17 15:18:28,371 - INFO -run_logger.palmsens_driver 
 	 Data received: {'index': 27, 'x': [6.5], 'x_unit': 's', 'x_type': 'Time', 'y': [-1.9885625839233398], 'y_unit': 'V', 'y_type': 'Potential'} 

2024-06-17 15:18:28,650 - INFO -run_logger.palmsens_driver 
 	 Data received: {'index': 28, 'x': [6.75], 'x_unit': 's', 'x_type': 'Time', 'y': [-1.9885625839233398], 'y_unit': 'V', 'y_type': 'Potential'} 

2024-06-17 15:18:28,898 - INFO -run_logger.palmsens_driver 
 	 Data received: {'index': 29, 'x': [7.0], 'x_unit': 's', 'x_type': 'Time', 'y': [-1.988718032836914], 'y_unit': 'V', 'y_type': 'Potential'} 

2024-06-17 15:18:29,122 - INFO -run_logger.palmsens_driver 
 	 Data received: {'index': 30, 'x': [7.25], 'x_unit': 's', 'x_type': 'Time', 'y': [-1.9886407852172852], 'y_unit': 'V', 'y_type': 'Potential'} 

2024-06-17 15:18:29,406 - INFO -run_logger.palmsens_driver 
 	 Data received: {'index': 31, 'x': [7.5], 'x_unit': 's', 'x_type': 'Time', 'y': [-1.988718032836914], 'y_unit': 'V', 'y_type': 'Potential'} 

2024-06-17 15:18:29,639 - INFO -run_logger.palmsens_driver 
 	 Data received: {'index': 32, 'x': [7.75], 'x_unit': 's', 'x_type': 'Time', 'y': [-1.9886407852172852], 'y_unit': 'V', 'y_type': 'Potential'} 

2024-06-17 15:18:29,888 - INFO -run_logger.palmsens_driver 
 	 Data received: {'index': 33, 'x': [8.0], 'x_unit': 's', 'x_type': 'Time', 'y': [-1.988718032836914], 'y_unit': 'V', 'y_type': 'Potential'} 

2024-06-17 15:18:30,112 - INFO -run_logger.palmsens_driver 
 	 Data received: {'index': 34, 'x': [8.25], 'x_unit': 's', 'x_type': 'Time', 'y': [-1.9888744354248047], 'y_unit': 'V', 'y_type': 'Potential'} 

2024-06-17 15:18:30,389 - INFO -run_logger.palmsens_driver 
 	 Data received: {'index': 35, 'x': [8.5], 'x_unit': 's', 'x_type': 'Time', 'y': [-1.9887962341308594], 'y_unit': 'V', 'y_type': 'Potential'} 

2024-06-17 15:18:30,619 - INFO -run_logger.palmsens_driver 
 	 Data received: {'index': 36, 'x': [8.75], 'x_unit': 's', 'x_type': 'Time', 'y': [-1.98895263671875], 'y_unit': 'V', 'y_type': 'Potential'} 

2024-06-17 15:18:30,872 - INFO -run_logger.palmsens_driver 
 	 Data received: {'index': 37, 'x': [9.0], 'x_unit': 's', 'x_type': 'Time', 'y': [-1.98895263671875], 'y_unit': 'V', 'y_type': 'Potential'} 

2024-06-17 15:18:31,156 - INFO -run_logger.palmsens_driver 
 	 Data received: {'index': 38, 'x': [9.25], 'x_unit': 's', 'x_type': 'Time', 'y': [-1.9888744354248047], 'y_unit': 'V', 'y_type': 'Potential'} 

2024-06-17 15:18:31,389 - INFO -run_logger.palmsens_driver 
 	 Data received: {'index': 39, 'x': [9.5], 'x_unit': 's', 'x_type': 'Time', 'y': [-1.9890308380126953], 'y_unit': 'V', 'y_type': 'Potential'} 

2024-06-17 15:18:31,623 - INFO -run_logger.palmsens_driver 
 	 Data received: {'index': 40, 'x': [9.75], 'x_unit': 's', 'x_type': 'Time', 'y': [-1.98895263671875], 'y_unit': 'V', 'y_type': 'Potential'} 

2024-06-17 15:18:31,905 - INFO -run_logger.palmsens_driver 
 	 Data received: {'index': 41, 'x': [10.0], 'x_unit': 's', 'x_type': 'Time', 'y': [-1.9891090393066406], 'y_unit': 'V', 'y_type': 'Potential'} 

2024-06-17 15:18:32,134 - INFO -run_logger.palmsens_driver 
 	 Data received: {'index': 42, 'x': [10.25], 'x_unit': 's', 'x_type': 'Time', 'y': [-1.9891090393066406], 'y_unit': 'V', 'y_type': 'Potential'} 

2024-06-17 15:18:32,383 - INFO -run_logger.palmsens_driver 
 	 Data received: {'index': 43, 'x': [10.5], 'x_unit': 's', 'x_type': 'Time', 'y': [-1.9891090393066406], 'y_unit': 'V', 'y_type': 'Potential'} 

2024-06-17 15:18:32,649 - INFO -run_logger.palmsens_driver 
 	 Data received: {'index': 44, 'x': [10.75], 'x_unit': 's', 'x_type': 'Time', 'y': [-1.9892654418945312], 'y_unit': 'V', 'y_type': 'Potential'} 

2024-06-17 15:18:32,897 - INFO -run_logger.palmsens_driver 
 	 Data received: {'index': 45, 'x': [11.0], 'x_unit': 's', 'x_type': 'Time', 'y': [-1.989187240600586], 'y_unit': 'V', 'y_type': 'Potential'} 

2024-06-17 15:18:33,130 - INFO -run_logger.palmsens_driver 
 	 Data received: {'index': 46, 'x': [11.25], 'x_unit': 's', 'x_type': 'Time', 'y': [-1.9892654418945312], 'y_unit': 'V', 'y_type': 'Potential'} 

2024-06-17 15:18:33,402 - INFO -run_logger.palmsens_driver 
 	 Data received: {'index': 47, 'x': [11.5], 'x_unit': 's', 'x_type': 'Time', 'y': [-1.9893436431884766], 'y_unit': 'V', 'y_type': 'Potential'} 

2024-06-17 15:18:33,639 - INFO -run_logger.palmsens_driver 
 	 Data received: {'index': 48, 'x': [11.75], 'x_unit': 's', 'x_type': 'Time', 'y': [-1.9893436431884766], 'y_unit': 'V', 'y_type': 'Potential'} 

2024-06-17 15:18:33,906 - INFO -run_logger.palmsens_driver 
 	 Data received: {'index': 49, 'x': [12.0], 'x_unit': 's', 'x_type': 'Time', 'y': [-1.9894218444824219], 'y_unit': 'V', 'y_type': 'Potential'} 

2024-06-17 15:18:34,138 - INFO -run_logger.palmsens_driver 
 	 Data received: {'index': 50, 'x': [12.25], 'x_unit': 's', 'x_type': 'Time', 'y': [-1.9894218444824219], 'y_unit': 'V', 'y_type': 'Potential'} 

2024-06-17 15:18:34,399 - INFO -run_logger.palmsens_driver 
 	 Data received: {'index': 51, 'x': [12.5], 'x_unit': 's', 'x_type': 'Time', 'y': [-1.9895000457763672], 'y_unit': 'V', 'y_type': 'Potential'} 

2024-06-17 15:18:34,647 - INFO -run_logger.palmsens_driver 
 	 Data received: {'index': 52, 'x': [12.75], 'x_unit': 's', 'x_type': 'Time', 'y': [-1.9895782470703125], 'y_unit': 'V', 'y_type': 'Potential'} 

2024-06-17 15:18:34,889 - INFO -run_logger.palmsens_driver 
 	 Data received: {'index': 53, 'x': [13.0], 'x_unit': 's', 'x_type': 'Time', 'y': [-1.9895782470703125], 'y_unit': 'V', 'y_type': 'Potential'} 

2024-06-17 15:18:35,144 - INFO -run_logger.palmsens_driver 
 	 Data received: {'index': 54, 'x': [13.25], 'x_unit': 's', 'x_type': 'Time', 'y': [-1.9895782470703125], 'y_unit': 'V', 'y_type': 'Potential'} 

2024-06-17 15:18:35,389 - INFO -run_logger.palmsens_driver 
 	 Data received: {'index': 55, 'x': [13.5], 'x_unit': 's', 'x_type': 'Time', 'y': [-1.9895782470703125], 'y_unit': 'V', 'y_type': 'Potential'} 

2024-06-17 15:18:35,623 - INFO -run_logger.palmsens_driver 
 	 Data received: {'index': 56, 'x': [13.75], 'x_unit': 's', 'x_type': 'Time', 'y': [-1.9895782470703125], 'y_unit': 'V', 'y_type': 'Potential'} 

2024-06-17 15:18:35,864 - INFO -run_logger.palmsens_driver 
 	 Data received: {'index': 57, 'x': [14.0], 'x_unit': 's', 'x_type': 'Time', 'y': [-1.9896554946899414], 'y_unit': 'V', 'y_type': 'Potential'} 

2024-06-17 15:18:36,140 - INFO -run_logger.palmsens_driver 
 	 Data received: {'index': 58, 'x': [14.25], 'x_unit': 's', 'x_type': 'Time', 'y': [-1.9896554946899414], 'y_unit': 'V', 'y_type': 'Potential'} 

2024-06-17 15:18:36,377 - INFO -run_logger.palmsens_driver 
 	 Data received: {'index': 59, 'x': [14.5], 'x_unit': 's', 'x_type': 'Time', 'y': [-1.9897336959838867], 'y_unit': 'V', 'y_type': 'Potential'} 

2024-06-17 15:18:36,619 - INFO -run_logger.palmsens_driver 
 	 Data received: {'index': 60, 'x': [14.75], 'x_unit': 's', 'x_type': 'Time', 'y': [-1.9896554946899414], 'y_unit': 'V', 'y_type': 'Potential'} 

2024-06-17 15:18:36,905 - INFO -run_logger.palmsens_driver 
 	 Data received: {'index': 61, 'x': [15.0], 'x_unit': 's', 'x_type': 'Time', 'y': [-1.9896554946899414], 'y_unit': 'V', 'y_type': 'Potential'} 

2024-06-17 15:18:37,138 - INFO -run_logger.palmsens_driver 
 	 Data received: {'index': 62, 'x': [15.25], 'x_unit': 's', 'x_type': 'Time', 'y': [-1.9897336959838867], 'y_unit': 'V', 'y_type': 'Potential'} 

2024-06-17 15:18:37,371 - INFO -run_logger.palmsens_driver 
 	 Data received: {'index': 63, 'x': [15.5], 'x_unit': 's', 'x_type': 'Time', 'y': [-1.9897336959838867], 'y_unit': 'V', 'y_type': 'Potential'} 

2024-06-17 15:18:37,652 - INFO -run_logger.palmsens_driver 
 	 Data received: {'index': 64, 'x': [15.75], 'x_unit': 's', 'x_type': 'Time', 'y': [-1.9897336959838867], 'y_unit': 'V', 'y_type': 'Potential'} 

2024-06-17 15:18:37,888 - INFO -run_logger.palmsens_driver 
 	 Data received: {'index': 65, 'x': [16.0], 'x_unit': 's', 'x_type': 'Time', 'y': [-1.989811897277832], 'y_unit': 'V', 'y_type': 'Potential'} 

2024-06-17 15:18:38,121 - INFO -run_logger.palmsens_driver 
 	 Data received: {'index': 66, 'x': [16.25], 'x_unit': 's', 'x_type': 'Time', 'y': [-1.989811897277832], 'y_unit': 'V', 'y_type': 'Potential'} 

2024-06-17 15:18:38,402 - INFO -run_logger.palmsens_driver 
 	 Data received: {'index': 67, 'x': [16.5], 'x_unit': 's', 'x_type': 'Time', 'y': [-1.9898900985717773], 'y_unit': 'V', 'y_type': 'Potential'} 

2024-06-17 15:18:38,636 - INFO -run_logger.palmsens_driver 
 	 Data received: {'index': 68, 'x': [16.75], 'x_unit': 's', 'x_type': 'Time', 'y': [-1.9898900985717773], 'y_unit': 'V', 'y_type': 'Potential'} 

2024-06-17 15:18:38,872 - INFO -run_logger.palmsens_driver 
 	 Data received: {'index': 69, 'x': [17.0], 'x_unit': 's', 'x_type': 'Time', 'y': [-1.989811897277832], 'y_unit': 'V', 'y_type': 'Potential'} 

2024-06-17 15:18:39,155 - INFO -run_logger.palmsens_driver 
 	 Data received: {'index': 70, 'x': [17.25], 'x_unit': 's', 'x_type': 'Time', 'y': [-1.9898900985717773], 'y_unit': 'V', 'y_type': 'Potential'} 

2024-06-17 15:18:39,391 - INFO -run_logger.palmsens_driver 
 	 Data received: {'index': 71, 'x': [17.5], 'x_unit': 's', 'x_type': 'Time', 'y': [-1.9898900985717773], 'y_unit': 'V', 'y_type': 'Potential'} 

2024-06-17 15:18:39,620 - INFO -run_logger.palmsens_driver 
 	 Data received: {'index': 72, 'x': [17.75], 'x_unit': 's', 'x_type': 'Time', 'y': [-1.990046501159668], 'y_unit': 'V', 'y_type': 'Potential'} 

2024-06-17 15:18:39,907 - INFO -run_logger.palmsens_driver 
 	 Data received: {'index': 73, 'x': [18.0], 'x_unit': 's', 'x_type': 'Time', 'y': [-1.9899682998657227], 'y_unit': 'V', 'y_type': 'Potential'} 

2024-06-17 15:18:40,137 - INFO -run_logger.palmsens_driver 
 	 Data received: {'index': 74, 'x': [18.25], 'x_unit': 's', 'x_type': 'Time', 'y': [-1.9899682998657227], 'y_unit': 'V', 'y_type': 'Potential'} 

2024-06-17 15:18:40,386 - INFO -run_logger.palmsens_driver 
 	 Data received: {'index': 75, 'x': [18.5], 'x_unit': 's', 'x_type': 'Time', 'y': [-1.990046501159668], 'y_unit': 'V', 'y_type': 'Potential'} 

2024-06-17 15:18:40,621 - INFO -run_logger.palmsens_driver 
 	 Data received: {'index': 76, 'x': [18.75], 'x_unit': 's', 'x_type': 'Time', 'y': [-1.9899682998657227], 'y_unit': 'V', 'y_type': 'Potential'} 

2024-06-17 15:18:40,885 - INFO -run_logger.palmsens_driver 
 	 Data received: {'index': 77, 'x': [19.0], 'x_unit': 's', 'x_type': 'Time', 'y': [-1.990046501159668], 'y_unit': 'V', 'y_type': 'Potential'} 

2024-06-17 15:18:41,119 - INFO -run_logger.palmsens_driver 
 	 Data received: {'index': 78, 'x': [19.25], 'x_unit': 's', 'x_type': 'Time', 'y': [-1.990046501159668], 'y_unit': 'V', 'y_type': 'Potential'} 

2024-06-17 15:18:41,403 - INFO -run_logger.palmsens_driver 
 	 Data received: {'index': 79, 'x': [19.5], 'x_unit': 's', 'x_type': 'Time', 'y': [-1.990046501159668], 'y_unit': 'V', 'y_type': 'Potential'} 

2024-06-17 15:18:41,636 - INFO -run_logger.palmsens_driver 
 	 Data received: {'index': 80, 'x': [19.75], 'x_unit': 's', 'x_type': 'Time', 'y': [-1.9901247024536133], 'y_unit': 'V', 'y_type': 'Potential'} 

2024-06-17 15:18:41,883 - INFO -run_logger.palmsens_driver 
 	 Data received: {'index': 81, 'x': [20.0], 'x_unit': 's', 'x_type': 'Time', 'y': [-1.990046501159668], 'y_unit': 'V', 'y_type': 'Potential'} 

2024-06-17 15:18:41,925 - INFO -run_logger.palmsens_driver 
 	 result:
{'Title': 'Open Circuit Potentiometry', 'timestamp': '17/06/2024 15:18:20', 'current_arrays': [[0.2384185791015625, 0.2384185791015625, 0.2384185791015625, 0.2384185791015625, 0.2384185791015625, 0.2384185791015625, 0.2384185791015625, 0.2384185791015625, 0.2384185791015625, 0.2384185791015625, 0.2384185791015625, 0.2384185791015625, 0.2384185791015625, 0.2384185791015625, 0.2384185791015625, 0.2384185791015625, 0.2384185791015625, 0.2384185791015625, 0.2384185791015625, 0.2384185791015625, 0.2384185791015625, 0.2384185791015625, 0.2384185791015625, 0.2384185791015625, 0.2384185791015625, 0.2384185791015625, 0.2384185791015625, 0.2384185791015625, 0.2384185791015625, 0.2384185791015625, 0.2384185791015625, 0.2384185791015625, 0.2384185791015625, 0.2384185791015625, 0.2384185791015625, 0.2384185791015625, 0.2384185791015625, 0.2384185791015625, 0.2384185791015625, 0.2384185791015625, 0.2384185791015625, 0.2384185791015625, 0.2384185791015625, 0.2384185791015625, 0.2384185791015625, 0.2384185791015625, 0.2384185791015625, 0.2384185791015625, 0.2384185791015625, 0.2384185791015625, 0.2384185791015625, 0.2384185791015625, 0.2384185791015625, 0.2384185791015625, 0.2384185791015625, 0.2384185791015625, 0.2384185791015625, 0.2384185791015625, 0.2384185791015625, 0.2384185791015625, 0.2384185791015625, 0.2384185791015625, 0.2384185791015625, 0.2384185791015625, 0.2384185791015625, 0.2384185791015625, 0.2384185791015625, 0.2384185791015625, 0.2384185791015625, 0.2384185791015625, 0.2384185791015625, 0.2384185791015625, 0.2384185791015625, 0.2384185791015625, 0.2384185791015625, 0.2384185791015625, 0.2384185791015625, 0.2384185791015625, 0.2384185791015625, 0.2384185791015625, 0.2384185791015625]], 'potential_arrays': [[-1.9879369735717773, -1.9879369735717773, -1.9880151748657227, -1.9879369735717773, -1.9880151748657227, -1.9880151748657227, -1.9880151748657227, -1.988093376159668, -1.988093376159668, -1.9880151748657227, -1.9881715774536133, -1.988093376159668, -1.9882497787475586, -1.9881715774536133, -1.9881715774536133, -1.9880151748657227, -1.9881715774536133, -1.988327980041504, -1.988327980041504, -1.9884061813354492, -1.9884843826293945, -1.9884061813354492, -1.9885625839233398, -1.9885625839233398, -1.9884843826293945, -1.9885625839233398, -1.9885625839233398, -1.9885625839233398, -1.988718032836914, -1.9886407852172852, -1.988718032836914, -1.9886407852172852, -1.988718032836914, -1.9888744354248047, -1.9887962341308594, -1.98895263671875, -1.98895263671875, -1.9888744354248047, -1.9890308380126953, -1.98895263671875, -1.9891090393066406, -1.9891090393066406, -1.9891090393066406, -1.9892654418945312, -1.989187240600586, -1.9892654418945312, -1.9893436431884766, -1.9893436431884766, -1.9894218444824219, -1.9894218444824219, -1.9895000457763672, -1.9895782470703125, -1.9895782470703125, -1.9895782470703125, -1.9895782470703125, -1.9895782470703125, -1.9896554946899414, -1.9896554946899414, -1.9897336959838867, -1.9896554946899414, -1.9896554946899414, -1.9897336959838867, -1.9897336959838867, -1.9897336959838867, -1.989811897277832, -1.989811897277832, -1.9898900985717773, -1.9898900985717773, -1.989811897277832, -1.9898900985717773, -1.9898900985717773, -1.990046501159668, -1.9899682998657227, -1.9899682998657227, -1.990046501159668, -1.9899682998657227, -1.990046501159668, -1.990046501159668, -1.990046501159668, -1.9901247024536133, -1.990046501159668]], 'time_arrays': [[0.0, 0.25, 0.5, 0.75, 1.0, 1.25, 1.5, 1.75, 2.0, 2.25, 2.5, 2.75, 3.0, 3.25, 3.5, 3.75, 4.0, 4.25, 4.5, 4.75, 5.0, 5.25, 5.5, 5.75, 6.0, 6.25, 6.5, 6.75, 7.0, 7.25, 7.5, 7.75, 8.0, 8.25, 8.5, 8.75, 9.0, 9.25, 9.5, 9.75, 10.0, 10.25, 10.5, 10.75, 11.0, 11.25, 11.5, 11.75, 12.0, 12.25, 12.5, 12.75, 13.0, 13.25, 13.5, 13.75, 14.0, 14.25, 14.5, 14.75, 15.0, 15.25, 15.5, 15.75, 16.0, 16.25, 16.5, 16.75, 17.0, 17.25, 17.5, 17.75, 18.0, 18.25, 18.5, 18.75, 19.0, 19.25, 19.5, 19.75, 20.0]], 'freq_arrays': [], 'zre_arrays': [], 'zim_arrays': [], 'aux_input_arrays': [], 'peaks': [], 'eis_fit': []} 

