2024-04-16 15:25:03,121 - INFO -run_logger.palmsens_driver 
 	 Successfully connected to PalmSens4 [1]. 

2024-04-16 15:25:04,744 - INFO -run_logger.palmsens_driver 
 	 Data received: {'index': 1, 'x': [0.0], 'x_unit': 's', 'x_type': 'Time', 'y': [0.00011730194091796875], 'y_unit': 'V', 'y_type': 'Potential'} 

2024-04-16 15:25:04,855 - INFO -run_logger.palmsens_driver 
 	 Data received: {'index': 2, 'x': [0.10000000149011612], 'x_unit': 's', 'x_type': 'Time', 'y': [0.00011730194091796875], 'y_unit': 'V', 'y_type': 'Potential'} 

2024-04-16 15:25:04,938 - INFO -run_logger.palmsens_driver 
 	 Data received: {'index': 3, 'x': [0.20000000298023224], 'x_unit': 's', 'x_type': 'Time', 'y': [0.00011730194091796875], 'y_unit': 'V', 'y_type': 'Potential'} 

2024-04-16 15:25:05,038 - INFO -run_logger.palmsens_driver 
 	 Data received: {'index': 4, 'x': [0.30000001192092896], 'x_unit': 's', 'x_type': 'Time', 'y': [0.00011730194091796875], 'y_unit': 'V', 'y_type': 'Potential'} 

2024-04-16 15:25:05,128 - INFO -run_logger.palmsens_driver 
 	 Data received: {'index': 5, 'x': [0.4000000059604645], 'x_unit': 's', 'x_type': 'Time', 'y': [0.00011730194091796875], 'y_unit': 'V', 'y_type': 'Potential'} 

2024-04-16 15:25:05,221 - INFO -run_logger.palmsens_driver 
 	 Data received: {'index': 6, 'x': [0.5], 'x_unit': 's', 'x_type': 'Time', 'y': [0.0002929687616415322], 'y_unit': 'V', 'y_type': 'Potential'} 

2024-04-16 15:25:05,346 - INFO -run_logger.palmsens_driver 
 	 Data received: {'index': 7, 'x': [0.6000000238418579], 'x_unit': 's', 'x_type': 'Time', 'y': [0.00028514862060546875], 'y_unit': 'V', 'y_type': 'Potential'} 

2024-04-16 15:25:05,438 - INFO -run_logger.palmsens_driver 
 	 Data received: {'index': 8, 'x': [0.699999988079071], 'x_unit': 's', 'x_type': 'Time', 'y': [0.0002929687616415322], 'y_unit': 'V', 'y_type': 'Potential'} 

2024-04-16 15:25:05,538 - INFO -run_logger.palmsens_driver 
 	 Data received: {'index': 9, 'x': [0.800000011920929], 'x_unit': 's', 'x_type': 'Time', 'y': [0.0002929687616415322], 'y_unit': 'V', 'y_type': 'Potential'} 

2024-04-16 15:25:05,637 - INFO -run_logger.palmsens_driver 
 	 Data received: {'index': 10, 'x': [0.9000000357627869], 'x_unit': 's', 'x_type': 'Time', 'y': [0.0002929687616415322], 'y_unit': 'V', 'y_type': 'Potential'} 

2024-04-16 15:25:05,727 - INFO -run_logger.palmsens_driver 
 	 Data received: {'index': 11, 'x': [1.0], 'x_unit': 's', 'x_type': 'Time', 'y': [0.00030038831755518913], 'y_unit': 'V', 'y_type': 'Potential'} 

2024-04-16 15:25:05,740 - INFO -run_logger.palmsens_driver 
 	 result:
{'Title': 'Open Circuit Potentiometry', 'timestamp': '16/04/2024 15:25:03', 'current_arrays': [[0.2384185791015625, 0.2384185791015625, 0.2384185791015625, 0.2384185791015625, 0.2384185791015625, 0.2384185791015625, 0.2384185791015625, 0.2384185791015625, 0.2384185791015625, 0.2384185791015625, 0.2384185791015625]], 'potential_arrays': [[0.00011730194091796875, 0.00011730194091796875, 0.00011730194091796875, 0.00011730194091796875, 0.00011730194091796875, 0.0002929687616415322, 0.00028514862060546875, 0.0002929687616415322, 0.0002929687616415322, 0.0002929687616415322, 0.00030038831755518913]], 'time_arrays': [[0.0, 0.10000000149011612, 0.20000000298023224, 0.30000001192092896, 0.4000000059604645, 0.5, 0.6000000238418579, 0.699999988079071, 0.800000011920929, 0.9000000357627869, 1.0]], 'freq_arrays': [], 'zre_arrays': [], 'zim_arrays': [], 'aux_input_arrays': [], 'peaks': [], 'eis_fit': []} 

