2024-05-02 15:05:49,714 - INFO -run_logger.palmsens_driver 
 	 Successfully connected to PalmSens4 [1]. 

2024-05-02 15:06:00,244 - INFO -run_logger.palmsens_driver 
 	 Data received: {'index': 1, 'frequency': [50000.0], 'zre': [563.556245311551], 'zim': [75.5801252876767]} 

2024-05-02 15:06:01,477 - INFO -run_logger.palmsens_driver 
 	 Data received: {'index': 2, 'frequency': [39716.41015625], 'zre': [560.9479742615663], 'zim': [105.44496748613479]} 

2024-05-02 15:06:02,739 - INFO -run_logger.palmsens_driver 
 	 Data received: {'index': 3, 'frequency': [31547.8671875], 'zre': [563.2429648115996], 'zim': [138.17986589840356]} 

2024-05-02 15:06:03,970 - INFO -run_logger.palmsens_driver 
 	 Data received: {'index': 4, 'frequency': [25059.361328125], 'zre': [559.953153210405], 'zim': [185.5578756161937]} 

2024-05-02 15:06:05,215 - INFO -run_logger.palmsens_driver 
 	 Data received: {'index': 5, 'frequency': [19905.359375], 'zre': [561.1454615101356], 'zim': [239.21288270294306]} 

2024-05-02 15:06:06,464 - INFO -run_logger.palmsens_driver 
 	 Data received: {'index': 6, 'frequency': [15811.388671875], 'zre': [573.9006215399116], 'zim': [300.2506048649304]} 

2024-05-02 15:06:07,707 - INFO -run_logger.palmsens_driver 
 	 Data received: {'index': 7, 'frequency': [12559.4326171875], 'zre': [570.7870113940244], 'zim': [384.26327218838367]} 

2024-05-02 15:06:08,920 - INFO -run_logger.palmsens_driver 
 	 Data received: {'index': 8, 'frequency': [9976.3115234375], 'zre': [583.2024647263912], 'zim': [473.5246664626358]} 

2024-05-02 15:06:10,166 - INFO -run_logger.palmsens_driver 
 	 Data received: {'index': 9, 'frequency': [7924.4658203125], 'zre': [590.5230235778114], 'zim': [598.1709964362805]} 

2024-05-02 15:06:11,417 - INFO -run_logger.palmsens_driver 
 	 Data received: {'index': 10, 'frequency': [6294.626953125], 'zre': [607.772741884192], 'zim': [760.5969612099824]} 

2024-05-02 15:06:12,662 - INFO -run_logger.palmsens_driver 
 	 Data received: {'index': 11, 'frequency': [5000.0], 'zre': [650.2900960116147], 'zim': [947.9530035353588]} 

2024-05-02 15:06:13,920 - INFO -run_logger.palmsens_driver 
 	 Data received: {'index': 12, 'frequency': [3971.64111328125], 'zre': [696.8863813442746], 'zim': [1191.3946813409937]} 

2024-05-02 15:06:15,171 - INFO -run_logger.palmsens_driver 
 	 Data received: {'index': 13, 'frequency': [3154.78662109375], 'zre': [788.7801891388275], 'zim': [1475.4357620325634]} 

2024-05-02 15:06:16,422 - INFO -run_logger.palmsens_driver 
 	 Data received: {'index': 14, 'frequency': [2505.936279296875], 'zre': [907.4412622321461], 'zim': [1844.46888744405]} 

2024-05-02 15:06:17,643 - INFO -run_logger.palmsens_driver 
 	 Data received: {'index': 15, 'frequency': [1990.535888671875], 'zre': [1115.5112666746231], 'zim': [2265.9758915292246]} 

2024-05-02 15:06:18,873 - INFO -run_logger.palmsens_driver 
 	 Data received: {'index': 16, 'frequency': [1581.1387939453125], 'zre': [1404.7766732493578], 'zim': [2780.885826448269]} 

2024-05-02 15:06:20,070 - INFO -run_logger.palmsens_driver 
 	 Data received: {'index': 17, 'frequency': [1255.9432373046875], 'zre': [1862.3046706774098], 'zim': [3333.1661785343144]} 

2024-05-02 15:06:21,269 - INFO -run_logger.palmsens_driver 
 	 Data received: {'index': 18, 'frequency': [997.6311645507812], 'zre': [2427.1881794411875], 'zim': [3905.996512946379]} 

2024-05-02 15:06:22,496 - INFO -run_logger.palmsens_driver 
 	 Data received: {'index': 19, 'frequency': [792.4465942382812], 'zre': [3251.575553313448], 'zim': [4419.092518635352]} 

2024-05-02 15:06:23,648 - INFO -run_logger.palmsens_driver 
 	 Data received: {'index': 20, 'frequency': [629.4627075195312], 'zre': [4209.403913688288], 'zim': [4826.327581048248]} 

2024-05-02 15:06:24,954 - INFO -run_logger.palmsens_driver 
 	 Data received: {'index': 21, 'frequency': [500.0], 'zre': [5338.696862024597], 'zim': [5001.1211426711625]} 

2024-05-02 15:06:26,419 - INFO -run_logger.palmsens_driver 
 	 Data received: {'index': 22, 'frequency': [397.16412353515625], 'zre': [6489.399517653622], 'zim': [4906.460293048889]} 

2024-05-02 15:06:28,128 - INFO -run_logger.palmsens_driver 
 	 Data received: {'index': 23, 'frequency': [315.4786682128906], 'zre': [7526.8306945517], 'zim': [4587.292006175312]} 

2024-05-02 15:06:30,044 - INFO -run_logger.palmsens_driver 
 	 Data received: {'index': 24, 'frequency': [250.59361267089844], 'zre': [8396.941675766002], 'zim': [4101.220090527307]} 

2024-05-02 15:06:31,942 - INFO -run_logger.palmsens_driver 
 	 Data received: {'index': 25, 'frequency': [199.0535888671875], 'zre': [9081.929513478615], 'zim': [3539.731740047556]} 

2024-05-02 15:06:33,876 - INFO -run_logger.palmsens_driver 
 	 Data received: {'index': 26, 'frequency': [158.11387634277344], 'zre': [9574.170602765427], 'zim': [2970.6777427774523]} 

2024-05-02 15:06:35,782 - INFO -run_logger.palmsens_driver 
 	 Data received: {'index': 27, 'frequency': [125.59432220458984], 'zre': [9904.567966762637], 'zim': [2454.827905847014]} 

2024-05-02 15:06:37,713 - INFO -run_logger.palmsens_driver 
 	 Data received: {'index': 28, 'frequency': [99.76311492919922], 'zre': [10132.438438093166], 'zim': [1995.2737615271274]} 

2024-05-02 15:06:39,663 - INFO -run_logger.palmsens_driver 
 	 Data received: {'index': 29, 'frequency': [79.24465942382812], 'zre': [10280.019613262933], 'zim': [1616.9159366202027]} 

2024-05-02 15:06:41,613 - INFO -run_logger.palmsens_driver 
 	 Data received: {'index': 30, 'frequency': [62.94626998901367], 'zre': [10383.016467402122], 'zim': [1294.39126934954]} 

2024-05-02 15:06:43,591 - INFO -run_logger.palmsens_driver 
 	 Data received: {'index': 31, 'frequency': [50.0], 'zre': [10441.93434547977], 'zim': [1027.4764874563375]} 

2024-05-02 15:06:43,666 - INFO -run_logger.palmsens_driver 
 	 result:
{'Title': 'Galvanostatic Impedance Spectroscopy', 'timestamp': '02/05/2024 15:05:58', 'current_arrays': [[0.10000000149011612, 0.10000000149011612, 0.10000000149011612, 0.10000000149011612, 0.10000000149011612, 0.10000000149011612, 0.10000000149011612, 0.10000000149011612, 0.10000000149011612, 0.10000000149011612, 0.10000000149011612, 0.10000000149011612, 0.10000000149011612, 0.10000000149011612, 0.10000000149011612, 0.10000000149011612, 0.10000000149011612, 0.10000000149011612, 0.10000000149011612, 0.10000000149011612, 0.10000000149011612, 0.10000000149011612, 0.10000000149011612, 0.10000000149011612, 0.10000000149011612, 0.10000000149011612, 0.10000000149011612, 0.10000000149011612, 0.10000000149011612, 0.10000000149011612, 0.10000000149011612]], 'potential_arrays': [[0.10562419891357422, 0.10563373565673828, 0.10563850402832031, 0.10564422607421875, 0.10563278198242188, 0.10563373565673828, 0.10562896728515625, 0.10562801361083984, 0.10563278198242188, 0.10562896728515625, 0.105621337890625, 0.10562705993652344, 0.10562801361083984, 0.105621337890625, 0.10562896728515625, 0.10563182830810547, 0.10562419891357422, 0.10562705993652344, 0.10561943054199219, 0.10564136505126953, 0.10564041137695312, 0.1056375503540039, 0.10564613342285156, 0.10564231872558594, 0.10564041137695312, 0.10563850402832031, 0.10563278198242188, 0.1056375503540039, 0.1056365966796875, 0.10564041137695312, 0.10563278198242188]], 'time_arrays': [[0.0, 0.0, 0.0, 0.0, 0.0, 0.0, 0.0, 0.0, 0.0, 0.0, 0.0, 0.0, 0.0, 0.0, 0.0, 0.0, 0.0, 0.0, 0.0, 0.0, 0.0, 0.0, 0.0, 0.0, 0.0, 0.0, 0.0, 0.0, 0.0, 0.0, 0.0]], 'freq_arrays': [[50000.0, 39716.41015625, 31547.8671875, 25059.361328125, 19905.359375, 15811.388671875, 12559.4326171875, 9976.3115234375, 7924.4658203125, 6294.626953125, 5000.0, 3971.64111328125, 3154.78662109375, 2505.936279296875, 1990.535888671875, 1581.1387939453125, 1255.9432373046875, 997.6311645507812, 792.4465942382812, 629.4627075195312, 500.0, 397.16412353515625, 315.4786682128906, 250.59361267089844, 199.0535888671875, 158.11387634277344, 125.59432220458984, 99.76311492919922, 79.24465942382812, 62.94626998901367, 50.0]], 'zre_arrays': [[563.556245311551, 560.9479742615663, 563.2429648115996, 559.953153210405, 561.1454615101356, 573.9006215399116, 570.7870113940244, 583.2024647263912, 590.5230235778114, 607.772741884192, 650.2900960116147, 696.8863813442746, 788.7801891388275, 907.4412622321461, 1115.5112666746231, 1404.7766732493578, 1862.3046706774098, 2427.1881794411875, 3251.575553313448, 4209.403913688288, 5338.696862024597, 6489.399517653622, 7526.8306945517, 8396.941675766002, 9081.929513478615, 9574.170602765427, 9904.567966762637, 10132.438438093166, 10280.019613262933, 10383.016467402122, 10441.93434547977]], 'zim_arrays': [[75.5801252876767, 105.44496748613479, 138.17986589840356, 185.5578756161937, 239.21288270294306, 300.2506048649304, 384.26327218838367, 473.5246664626358, 598.1709964362805, 760.5969612099824, 947.9530035353588, 1191.3946813409937, 1475.4357620325634, 1844.46888744405, 2265.9758915292246, 2780.885826448269, 3333.1661785343144, 3905.996512946379, 4419.092518635352, 4826.327581048248, 5001.1211426711625, 4906.460293048889, 4587.292006175312, 4101.220090527307, 3539.731740047556, 2970.6777427774523, 2454.827905847014, 1995.2737615271274, 1616.9159366202027, 1294.39126934954, 1027.4764874563375]], 'aux_input_arrays': [], 'peaks': [], 'eis_fit': []} 

