2024-06-04 10:26:00,102 - INFO -run_logger.palmsens_driver 
 	 Successfully connected to PalmSens4 [1]. 

2024-06-04 10:53:52,378 - INFO -run_logger.palmsens_driver 
 	 Data received: {'index': 1, 'x': [0.0], 'x_unit': 's', 'x_type': 'Time', 'y': [0.862152099609375], 'y_unit': 'V', 'y_type': 'Potential'} 

2024-06-04 10:53:52,607 - INFO -run_logger.palmsens_driver 
 	 Data received: {'index': 2, 'x': [0.25], 'x_unit': 's', 'x_type': 'Time', 'y': [0.8636360168457031], 'y_unit': 'V', 'y_type': 'Potential'} 

2024-06-04 10:53:52,892 - INFO -run_logger.palmsens_driver 
 	 Data received: {'index': 3, 'x': [0.5], 'x_unit': 's', 'x_type': 'Time', 'y': [0.8651208877563477], 'y_unit': 'V', 'y_type': 'Potential'} 

2024-06-04 10:53:53,090 - INFO -run_logger.palmsens_driver 
 	 Data received: {'index': 4, 'x': [0.75], 'x_unit': 's', 'x_type': 'Time', 'y': [0.8663702011108398], 'y_unit': 'V', 'y_type': 'Potential'} 

2024-06-04 10:53:53,364 - INFO -run_logger.palmsens_driver 
 	 Data received: {'index': 5, 'x': [1.0], 'x_unit': 's', 'x_type': 'Time', 'y': [0.8674640655517578], 'y_unit': 'V', 'y_type': 'Potential'} 

2024-06-04 10:53:53,609 - INFO -run_logger.palmsens_driver 
 	 Data received: {'index': 6, 'x': [1.25], 'x_unit': 's', 'x_type': 'Time', 'y': [0.8686361312866211], 'y_unit': 'V', 'y_type': 'Potential'} 

2024-06-04 10:53:53,874 - INFO -run_logger.palmsens_driver 
 	 Data received: {'index': 7, 'x': [1.5], 'x_unit': 's', 'x_type': 'Time', 'y': [0.8696517944335938], 'y_unit': 'V', 'y_type': 'Potential'} 

2024-06-04 10:53:54,105 - INFO -run_logger.palmsens_driver 
 	 Data received: {'index': 8, 'x': [1.75], 'x_unit': 's', 'x_type': 'Time', 'y': [0.8705110549926758], 'y_unit': 'V', 'y_type': 'Potential'} 

2024-06-04 10:53:54,341 - INFO -run_logger.palmsens_driver 
 	 Data received: {'index': 9, 'x': [2.0], 'x_unit': 's', 'x_type': 'Time', 'y': [0.8713703155517578], 'y_unit': 'V', 'y_type': 'Potential'} 

2024-06-04 10:53:54,623 - INFO -run_logger.palmsens_driver 
 	 Data received: {'index': 10, 'x': [2.25], 'x_unit': 's', 'x_type': 'Time', 'y': [0.8721513748168945], 'y_unit': 'V', 'y_type': 'Potential'} 

2024-06-04 10:53:54,848 - INFO -run_logger.palmsens_driver 
 	 Data received: {'index': 11, 'x': [2.5], 'x_unit': 's', 'x_type': 'Time', 'y': [0.8729333877563477], 'y_unit': 'V', 'y_type': 'Potential'} 

2024-06-04 10:53:55,124 - INFO -run_logger.palmsens_driver 
 	 Data received: {'index': 12, 'x': [2.75], 'x_unit': 's', 'x_type': 'Time', 'y': [0.8737144470214844], 'y_unit': 'V', 'y_type': 'Potential'} 

2024-06-04 10:53:55,369 - INFO -run_logger.palmsens_driver 
 	 Data received: {'index': 13, 'x': [3.0], 'x_unit': 's', 'x_type': 'Time', 'y': [0.8743391036987305], 'y_unit': 'V', 'y_type': 'Potential'} 

2024-06-04 10:53:55,605 - INFO -run_logger.palmsens_driver 
 	 Data received: {'index': 14, 'x': [3.25], 'x_unit': 's', 'x_type': 'Time', 'y': [0.8750419616699219], 'y_unit': 'V', 'y_type': 'Potential'} 

2024-06-04 10:53:55,839 - INFO -run_logger.palmsens_driver 
 	 Data received: {'index': 15, 'x': [3.5], 'x_unit': 's', 'x_type': 'Time', 'y': [0.8755893707275391], 'y_unit': 'V', 'y_type': 'Potential'} 

2024-06-04 10:53:56,123 - INFO -run_logger.palmsens_driver 
 	 Data received: {'index': 16, 'x': [3.75], 'x_unit': 's', 'x_type': 'Time', 'y': [0.8762140274047852], 'y_unit': 'V', 'y_type': 'Potential'} 

2024-06-04 10:53:56,374 - INFO -run_logger.palmsens_driver 
 	 Data received: {'index': 17, 'x': [4.0], 'x_unit': 's', 'x_type': 'Time', 'y': [0.8768396377563477], 'y_unit': 'V', 'y_type': 'Potential'} 

2024-06-04 10:53:56,604 - INFO -run_logger.palmsens_driver 
 	 Data received: {'index': 18, 'x': [4.25], 'x_unit': 's', 'x_type': 'Time', 'y': [0.8773860931396484], 'y_unit': 'V', 'y_type': 'Potential'} 

2024-06-04 10:53:56,870 - INFO -run_logger.palmsens_driver 
 	 Data received: {'index': 19, 'x': [4.5], 'x_unit': 's', 'x_type': 'Time', 'y': [0.8778553009033203], 'y_unit': 'V', 'y_type': 'Potential'} 

2024-06-04 10:53:57,088 - INFO -run_logger.palmsens_driver 
 	 Data received: {'index': 20, 'x': [4.75], 'x_unit': 's', 'x_type': 'Time', 'y': [0.8783235549926758], 'y_unit': 'V', 'y_type': 'Potential'} 

2024-06-04 10:53:57,366 - INFO -run_logger.palmsens_driver 
 	 Data received: {'index': 21, 'x': [5.0], 'x_unit': 's', 'x_type': 'Time', 'y': [0.8789482116699219], 'y_unit': 'V', 'y_type': 'Potential'} 

2024-06-04 10:53:57,607 - INFO -run_logger.palmsens_driver 
 	 Data received: {'index': 22, 'x': [5.25], 'x_unit': 's', 'x_type': 'Time', 'y': [0.8795738220214844], 'y_unit': 'V', 'y_type': 'Potential'} 

2024-06-04 10:53:57,868 - INFO -run_logger.palmsens_driver 
 	 Data received: {'index': 23, 'x': [5.5], 'x_unit': 's', 'x_type': 'Time', 'y': [0.8800420761108398], 'y_unit': 'V', 'y_type': 'Potential'} 

2024-06-04 10:53:58,107 - INFO -run_logger.palmsens_driver 
 	 Data received: {'index': 24, 'x': [5.75], 'x_unit': 's', 'x_type': 'Time', 'y': [0.8804330825805664], 'y_unit': 'V', 'y_type': 'Potential'} 

2024-06-04 10:53:58,339 - INFO -run_logger.palmsens_driver 
 	 Data received: {'index': 25, 'x': [6.0], 'x_unit': 's', 'x_type': 'Time', 'y': [0.8809022903442383], 'y_unit': 'V', 'y_type': 'Potential'} 

2024-06-04 10:53:58,619 - INFO -run_logger.palmsens_driver 
 	 Data received: {'index': 26, 'x': [6.25], 'x_unit': 's', 'x_type': 'Time', 'y': [0.8812923431396484], 'y_unit': 'V', 'y_type': 'Potential'} 

2024-06-04 10:53:58,855 - INFO -run_logger.palmsens_driver 
 	 Data received: {'index': 27, 'x': [6.5], 'x_unit': 's', 'x_type': 'Time', 'y': [0.8817615509033203], 'y_unit': 'V', 'y_type': 'Potential'} 

2024-06-04 10:53:59,137 - INFO -run_logger.palmsens_driver 
 	 Data received: {'index': 28, 'x': [6.75], 'x_unit': 's', 'x_type': 'Time', 'y': [0.8821516036987305], 'y_unit': 'V', 'y_type': 'Potential'} 

2024-06-04 10:53:59,359 - INFO -run_logger.palmsens_driver 
 	 Data received: {'index': 29, 'x': [7.0], 'x_unit': 's', 'x_type': 'Time', 'y': [0.8824644088745117], 'y_unit': 'V', 'y_type': 'Potential'} 

2024-06-04 10:53:59,602 - INFO -run_logger.palmsens_driver 
 	 Data received: {'index': 30, 'x': [7.25], 'x_unit': 's', 'x_type': 'Time', 'y': [0.882777214050293], 'y_unit': 'V', 'y_type': 'Potential'} 

2024-06-04 10:53:59,874 - INFO -run_logger.palmsens_driver 
 	 Data received: {'index': 31, 'x': [7.5], 'x_unit': 's', 'x_type': 'Time', 'y': [0.8830890655517578], 'y_unit': 'V', 'y_type': 'Potential'} 

2024-06-04 10:54:00,119 - INFO -run_logger.palmsens_driver 
 	 Data received: {'index': 32, 'x': [7.75], 'x_unit': 's', 'x_type': 'Time', 'y': [0.8834018707275391], 'y_unit': 'V', 'y_type': 'Potential'} 

2024-06-04 10:54:00,336 - INFO -run_logger.palmsens_driver 
 	 Data received: {'index': 33, 'x': [8.0], 'x_unit': 's', 'x_type': 'Time', 'y': [0.8834018707275391], 'y_unit': 'V', 'y_type': 'Potential'} 

2024-06-04 10:54:00,624 - INFO -run_logger.palmsens_driver 
 	 Data received: {'index': 34, 'x': [8.25], 'x_unit': 's', 'x_type': 'Time', 'y': [0.8834800720214844], 'y_unit': 'V', 'y_type': 'Potential'} 

2024-06-04 10:54:00,873 - INFO -run_logger.palmsens_driver 
 	 Data received: {'index': 35, 'x': [8.5], 'x_unit': 's', 'x_type': 'Time', 'y': [0.8835582733154297], 'y_unit': 'V', 'y_type': 'Potential'} 

2024-06-04 10:54:01,093 - INFO -run_logger.palmsens_driver 
 	 Data received: {'index': 36, 'x': [8.75], 'x_unit': 's', 'x_type': 'Time', 'y': [0.8837928771972656], 'y_unit': 'V', 'y_type': 'Potential'} 

2024-06-04 10:54:01,368 - INFO -run_logger.palmsens_driver 
 	 Data received: {'index': 37, 'x': [9.0], 'x_unit': 's', 'x_type': 'Time', 'y': [0.8841047286987305], 'y_unit': 'V', 'y_type': 'Potential'} 

2024-06-04 10:54:01,601 - INFO -run_logger.palmsens_driver 
 	 Data received: {'index': 38, 'x': [9.25], 'x_unit': 's', 'x_type': 'Time', 'y': [0.8844175338745117], 'y_unit': 'V', 'y_type': 'Potential'} 

2024-06-04 10:54:01,874 - INFO -run_logger.palmsens_driver 
 	 Data received: {'index': 39, 'x': [9.5], 'x_unit': 's', 'x_type': 'Time', 'y': [0.8846521377563477], 'y_unit': 'V', 'y_type': 'Potential'} 

2024-06-04 10:54:02,102 - INFO -run_logger.palmsens_driver 
 	 Data received: {'index': 40, 'x': [9.75], 'x_unit': 's', 'x_type': 'Time', 'y': [0.8848857879638672], 'y_unit': 'V', 'y_type': 'Potential'} 

2024-06-04 10:54:02,383 - INFO -run_logger.palmsens_driver 
 	 Data received: {'index': 41, 'x': [10.0], 'x_unit': 's', 'x_type': 'Time', 'y': [0.8851203918457031], 'y_unit': 'V', 'y_type': 'Potential'} 

2024-06-04 10:54:02,621 - INFO -run_logger.palmsens_driver 
 	 Data received: {'index': 42, 'x': [10.25], 'x_unit': 's', 'x_type': 'Time', 'y': [0.8853549957275391], 'y_unit': 'V', 'y_type': 'Potential'} 

2024-06-04 10:54:02,848 - INFO -run_logger.palmsens_driver 
 	 Data received: {'index': 43, 'x': [10.5], 'x_unit': 's', 'x_type': 'Time', 'y': [0.885589599609375], 'y_unit': 'V', 'y_type': 'Potential'} 

2024-06-04 10:54:03,120 - INFO -run_logger.palmsens_driver 
 	 Data received: {'index': 44, 'x': [10.75], 'x_unit': 's', 'x_type': 'Time', 'y': [0.8857460021972656], 'y_unit': 'V', 'y_type': 'Potential'} 

2024-06-04 10:54:03,352 - INFO -run_logger.palmsens_driver 
 	 Data received: {'index': 45, 'x': [11.0], 'x_unit': 's', 'x_type': 'Time', 'y': [0.8859014511108398], 'y_unit': 'V', 'y_type': 'Potential'} 

2024-06-04 10:54:03,591 - INFO -run_logger.palmsens_driver 
 	 Data received: {'index': 46, 'x': [11.25], 'x_unit': 's', 'x_type': 'Time', 'y': [0.8861360549926758], 'y_unit': 'V', 'y_type': 'Potential'} 

2024-06-04 10:54:03,866 - INFO -run_logger.palmsens_driver 
 	 Data received: {'index': 47, 'x': [11.5], 'x_unit': 's', 'x_type': 'Time', 'y': [0.8862924575805664], 'y_unit': 'V', 'y_type': 'Potential'} 

2024-06-04 10:54:04,106 - INFO -run_logger.palmsens_driver 
 	 Data received: {'index': 48, 'x': [11.75], 'x_unit': 's', 'x_type': 'Time', 'y': [0.886448860168457], 'y_unit': 'V', 'y_type': 'Potential'} 

2024-06-04 10:54:04,357 - INFO -run_logger.palmsens_driver 
 	 Data received: {'index': 49, 'x': [12.0], 'x_unit': 's', 'x_type': 'Time', 'y': [0.886683464050293], 'y_unit': 'V', 'y_type': 'Potential'} 

2024-06-04 10:54:04,588 - INFO -run_logger.palmsens_driver 
 	 Data received: {'index': 50, 'x': [12.25], 'x_unit': 's', 'x_type': 'Time', 'y': [0.8867616653442383], 'y_unit': 'V', 'y_type': 'Potential'} 

2024-06-04 10:54:04,875 - INFO -run_logger.palmsens_driver 
 	 Data received: {'index': 51, 'x': [12.5], 'x_unit': 's', 'x_type': 'Time', 'y': [0.8869953155517578], 'y_unit': 'V', 'y_type': 'Potential'} 

2024-06-04 10:54:05,116 - INFO -run_logger.palmsens_driver 
 	 Data received: {'index': 52, 'x': [12.75], 'x_unit': 's', 'x_type': 'Time', 'y': [0.8871517181396484], 'y_unit': 'V', 'y_type': 'Potential'} 

2024-06-04 10:54:05,354 - INFO -run_logger.palmsens_driver 
 	 Data received: {'index': 53, 'x': [13.0], 'x_unit': 's', 'x_type': 'Time', 'y': [0.8873081207275391], 'y_unit': 'V', 'y_type': 'Potential'} 

2024-06-04 10:54:05,629 - INFO -run_logger.palmsens_driver 
 	 Data received: {'index': 54, 'x': [13.25], 'x_unit': 's', 'x_type': 'Time', 'y': [0.8873863220214844], 'y_unit': 'V', 'y_type': 'Potential'} 

2024-06-04 10:54:05,865 - INFO -run_logger.palmsens_driver 
 	 Data received: {'index': 55, 'x': [13.5], 'x_unit': 's', 'x_type': 'Time', 'y': [0.8874645233154297], 'y_unit': 'V', 'y_type': 'Potential'} 

2024-06-04 10:54:06,106 - INFO -run_logger.palmsens_driver 
 	 Data received: {'index': 56, 'x': [13.75], 'x_unit': 's', 'x_type': 'Time', 'y': [0.8876209259033203], 'y_unit': 'V', 'y_type': 'Potential'} 

2024-06-04 10:54:06,382 - INFO -run_logger.palmsens_driver 
 	 Data received: {'index': 57, 'x': [14.0], 'x_unit': 's', 'x_type': 'Time', 'y': [0.8876991271972656], 'y_unit': 'V', 'y_type': 'Potential'} 

2024-06-04 10:54:06,622 - INFO -run_logger.palmsens_driver 
 	 Data received: {'index': 58, 'x': [14.25], 'x_unit': 's', 'x_type': 'Time', 'y': [0.8878545761108398], 'y_unit': 'V', 'y_type': 'Potential'} 

2024-06-04 10:54:06,849 - INFO -run_logger.palmsens_driver 
 	 Data received: {'index': 59, 'x': [14.5], 'x_unit': 's', 'x_type': 'Time', 'y': [0.8880109786987305], 'y_unit': 'V', 'y_type': 'Potential'} 

2024-06-04 10:54:07,086 - INFO -run_logger.palmsens_driver 
 	 Data received: {'index': 60, 'x': [14.75], 'x_unit': 's', 'x_type': 'Time', 'y': [0.8880891799926758], 'y_unit': 'V', 'y_type': 'Potential'} 

2024-06-04 10:54:07,375 - INFO -run_logger.palmsens_driver 
 	 Data received: {'index': 61, 'x': [15.0], 'x_unit': 's', 'x_type': 'Time', 'y': [0.8882455825805664], 'y_unit': 'V', 'y_type': 'Potential'} 

2024-06-04 10:54:07,597 - INFO -run_logger.palmsens_driver 
 	 Data received: {'index': 62, 'x': [15.25], 'x_unit': 's', 'x_type': 'Time', 'y': [0.8883237838745117], 'y_unit': 'V', 'y_type': 'Potential'} 

2024-06-04 10:54:07,842 - INFO -run_logger.palmsens_driver 
 	 Data received: {'index': 63, 'x': [15.5], 'x_unit': 's', 'x_type': 'Time', 'y': [0.888401985168457], 'y_unit': 'V', 'y_type': 'Potential'} 

2024-06-04 10:54:08,124 - INFO -run_logger.palmsens_driver 
 	 Data received: {'index': 64, 'x': [15.75], 'x_unit': 's', 'x_type': 'Time', 'y': [0.888636589050293], 'y_unit': 'V', 'y_type': 'Potential'} 

2024-06-04 10:54:08,372 - INFO -run_logger.palmsens_driver 
 	 Data received: {'index': 65, 'x': [16.0], 'x_unit': 's', 'x_type': 'Time', 'y': [0.8887920379638672], 'y_unit': 'V', 'y_type': 'Potential'} 

2024-06-04 10:54:08,607 - INFO -run_logger.palmsens_driver 
 	 Data received: {'index': 66, 'x': [16.25], 'x_unit': 's', 'x_type': 'Time', 'y': [0.8890266418457031], 'y_unit': 'V', 'y_type': 'Potential'} 

2024-06-04 10:54:08,875 - INFO -run_logger.palmsens_driver 
 	 Data received: {'index': 67, 'x': [16.5], 'x_unit': 's', 'x_type': 'Time', 'y': [0.8891048431396484], 'y_unit': 'V', 'y_type': 'Potential'} 

2024-06-04 10:54:09,124 - INFO -run_logger.palmsens_driver 
 	 Data received: {'index': 68, 'x': [16.75], 'x_unit': 's', 'x_type': 'Time', 'y': [0.8892612457275391], 'y_unit': 'V', 'y_type': 'Potential'} 

2024-06-04 10:54:09,353 - INFO -run_logger.palmsens_driver 
 	 Data received: {'index': 69, 'x': [17.0], 'x_unit': 's', 'x_type': 'Time', 'y': [0.8894176483154297], 'y_unit': 'V', 'y_type': 'Potential'} 

2024-06-04 10:54:09,588 - INFO -run_logger.palmsens_driver 
 	 Data received: {'index': 70, 'x': [17.25], 'x_unit': 's', 'x_type': 'Time', 'y': [0.8895740509033203], 'y_unit': 'V', 'y_type': 'Potential'} 

2024-06-04 10:54:09,867 - INFO -run_logger.palmsens_driver 
 	 Data received: {'index': 71, 'x': [17.5], 'x_unit': 's', 'x_type': 'Time', 'y': [0.8896522521972656], 'y_unit': 'V', 'y_type': 'Potential'} 

2024-06-04 10:54:10,103 - INFO -run_logger.palmsens_driver 
 	 Data received: {'index': 72, 'x': [17.75], 'x_unit': 's', 'x_type': 'Time', 'y': [0.8898077011108398], 'y_unit': 'V', 'y_type': 'Potential'} 

2024-06-04 10:54:10,342 - INFO -run_logger.palmsens_driver 
 	 Data received: {'index': 73, 'x': [18.0], 'x_unit': 's', 'x_type': 'Time', 'y': [0.8898859024047852], 'y_unit': 'V', 'y_type': 'Potential'} 

2024-06-04 10:54:10,610 - INFO -run_logger.palmsens_driver 
 	 Data received: {'index': 74, 'x': [18.25], 'x_unit': 's', 'x_type': 'Time', 'y': [0.8900423049926758], 'y_unit': 'V', 'y_type': 'Potential'} 

2024-06-04 10:54:10,888 - INFO -run_logger.palmsens_driver 
 	 Data received: {'index': 75, 'x': [18.5], 'x_unit': 's', 'x_type': 'Time', 'y': [0.8901205062866211], 'y_unit': 'V', 'y_type': 'Potential'} 

2024-06-04 10:54:11,124 - INFO -run_logger.palmsens_driver 
 	 Data received: {'index': 76, 'x': [18.75], 'x_unit': 's', 'x_type': 'Time', 'y': [0.8901987075805664], 'y_unit': 'V', 'y_type': 'Potential'} 

2024-06-04 10:54:11,354 - INFO -run_logger.palmsens_driver 
 	 Data received: {'index': 77, 'x': [19.0], 'x_unit': 's', 'x_type': 'Time', 'y': [0.8902769088745117], 'y_unit': 'V', 'y_type': 'Potential'} 

2024-06-04 10:54:11,589 - INFO -run_logger.palmsens_driver 
 	 Data received: {'index': 78, 'x': [19.25], 'x_unit': 's', 'x_type': 'Time', 'y': [0.890355110168457], 'y_unit': 'V', 'y_type': 'Potential'} 

2024-06-04 10:54:11,842 - INFO -run_logger.palmsens_driver 
 	 Data received: {'index': 79, 'x': [19.5], 'x_unit': 's', 'x_type': 'Time', 'y': [0.8904333114624023], 'y_unit': 'V', 'y_type': 'Potential'} 

2024-06-04 10:54:12,117 - INFO -run_logger.palmsens_driver 
 	 Data received: {'index': 80, 'x': [19.75], 'x_unit': 's', 'x_type': 'Time', 'y': [0.8904333114624023], 'y_unit': 'V', 'y_type': 'Potential'} 

2024-06-04 10:54:12,348 - INFO -run_logger.palmsens_driver 
 	 Data received: {'index': 81, 'x': [20.0], 'x_unit': 's', 'x_type': 'Time', 'y': [0.8905115127563477], 'y_unit': 'V', 'y_type': 'Potential'} 

2024-06-04 10:54:12,607 - INFO -run_logger.palmsens_driver 
 	 Data received: {'index': 82, 'x': [20.25], 'x_unit': 's', 'x_type': 'Time', 'y': [0.8906679153442383], 'y_unit': 'V', 'y_type': 'Potential'} 

2024-06-04 10:54:12,848 - INFO -run_logger.palmsens_driver 
 	 Data received: {'index': 83, 'x': [20.5], 'x_unit': 's', 'x_type': 'Time', 'y': [0.8906679153442383], 'y_unit': 'V', 'y_type': 'Potential'} 

2024-06-04 10:54:13,125 - INFO -run_logger.palmsens_driver 
 	 Data received: {'index': 84, 'x': [20.75], 'x_unit': 's', 'x_type': 'Time', 'y': [0.8907451629638672], 'y_unit': 'V', 'y_type': 'Potential'} 

2024-06-04 10:54:13,361 - INFO -run_logger.palmsens_driver 
 	 Data received: {'index': 85, 'x': [21.0], 'x_unit': 's', 'x_type': 'Time', 'y': [0.8907451629638672], 'y_unit': 'V', 'y_type': 'Potential'} 

2024-06-04 10:54:13,598 - INFO -run_logger.palmsens_driver 
 	 Data received: {'index': 86, 'x': [21.25], 'x_unit': 's', 'x_type': 'Time', 'y': [0.8907451629638672], 'y_unit': 'V', 'y_type': 'Potential'} 

2024-06-04 10:54:13,837 - INFO -run_logger.palmsens_driver 
 	 Data received: {'index': 87, 'x': [21.5], 'x_unit': 's', 'x_type': 'Time', 'y': [0.8909015655517578], 'y_unit': 'V', 'y_type': 'Potential'} 

2024-06-04 10:54:14,124 - INFO -run_logger.palmsens_driver 
 	 Data received: {'index': 88, 'x': [21.75], 'x_unit': 's', 'x_type': 'Time', 'y': [0.8909015655517578], 'y_unit': 'V', 'y_type': 'Potential'} 

2024-06-04 10:54:14,372 - INFO -run_logger.palmsens_driver 
 	 Data received: {'index': 89, 'x': [22.0], 'x_unit': 's', 'x_type': 'Time', 'y': [0.8909015655517578], 'y_unit': 'V', 'y_type': 'Potential'} 

2024-06-04 10:54:14,602 - INFO -run_logger.palmsens_driver 
 	 Data received: {'index': 90, 'x': [22.25], 'x_unit': 's', 'x_type': 'Time', 'y': [0.8909797668457031], 'y_unit': 'V', 'y_type': 'Potential'} 

2024-06-04 10:54:14,840 - INFO -run_logger.palmsens_driver 
 	 Data received: {'index': 91, 'x': [22.5], 'x_unit': 's', 'x_type': 'Time', 'y': [0.8909797668457031], 'y_unit': 'V', 'y_type': 'Potential'} 

2024-06-04 10:54:15,120 - INFO -run_logger.palmsens_driver 
 	 Data received: {'index': 92, 'x': [22.75], 'x_unit': 's', 'x_type': 'Time', 'y': [0.8910579681396484], 'y_unit': 'V', 'y_type': 'Potential'} 

2024-06-04 10:54:15,358 - INFO -run_logger.palmsens_driver 
 	 Data received: {'index': 93, 'x': [23.0], 'x_unit': 's', 'x_type': 'Time', 'y': [0.8910579681396484], 'y_unit': 'V', 'y_type': 'Potential'} 

2024-06-04 10:54:15,600 - INFO -run_logger.palmsens_driver 
 	 Data received: {'index': 94, 'x': [23.25], 'x_unit': 's', 'x_type': 'Time', 'y': [0.8911361694335938], 'y_unit': 'V', 'y_type': 'Potential'} 

2024-06-04 10:54:15,838 - INFO -run_logger.palmsens_driver 
 	 Data received: {'index': 95, 'x': [23.5], 'x_unit': 's', 'x_type': 'Time', 'y': [0.8912143707275391], 'y_unit': 'V', 'y_type': 'Potential'} 

2024-06-04 10:54:16,123 - INFO -run_logger.palmsens_driver 
 	 Data received: {'index': 96, 'x': [23.75], 'x_unit': 's', 'x_type': 'Time', 'y': [0.8911361694335938], 'y_unit': 'V', 'y_type': 'Potential'} 

2024-06-04 10:54:16,372 - INFO -run_logger.palmsens_driver 
 	 Data received: {'index': 97, 'x': [24.0], 'x_unit': 's', 'x_type': 'Time', 'y': [0.8912143707275391], 'y_unit': 'V', 'y_type': 'Potential'} 

2024-06-04 10:54:16,606 - INFO -run_logger.palmsens_driver 
 	 Data received: {'index': 98, 'x': [24.25], 'x_unit': 's', 'x_type': 'Time', 'y': [0.8912925720214844], 'y_unit': 'V', 'y_type': 'Potential'} 

2024-06-04 10:54:16,841 - INFO -run_logger.palmsens_driver 
 	 Data received: {'index': 99, 'x': [24.5], 'x_unit': 's', 'x_type': 'Time', 'y': [0.8912925720214844], 'y_unit': 'V', 'y_type': 'Potential'} 

2024-06-04 10:54:17,127 - INFO -run_logger.palmsens_driver 
 	 Data received: {'index': 100, 'x': [24.75], 'x_unit': 's', 'x_type': 'Time', 'y': [0.8913707733154297], 'y_unit': 'V', 'y_type': 'Potential'} 

2024-06-04 10:54:17,358 - INFO -run_logger.palmsens_driver 
 	 Data received: {'index': 101, 'x': [25.0], 'x_unit': 's', 'x_type': 'Time', 'y': [0.8913707733154297], 'y_unit': 'V', 'y_type': 'Potential'} 

2024-06-04 10:54:17,601 - INFO -run_logger.palmsens_driver 
 	 Data received: {'index': 102, 'x': [25.25], 'x_unit': 's', 'x_type': 'Time', 'y': [0.891448974609375], 'y_unit': 'V', 'y_type': 'Potential'} 

2024-06-04 10:54:17,879 - INFO -run_logger.palmsens_driver 
 	 Data received: {'index': 103, 'x': [25.5], 'x_unit': 's', 'x_type': 'Time', 'y': [0.891448974609375], 'y_unit': 'V', 'y_type': 'Potential'} 

2024-06-04 10:54:18,122 - INFO -run_logger.palmsens_driver 
 	 Data received: {'index': 104, 'x': [25.75], 'x_unit': 's', 'x_type': 'Time', 'y': [0.891448974609375], 'y_unit': 'V', 'y_type': 'Potential'} 

2024-06-04 10:54:18,358 - INFO -run_logger.palmsens_driver 
 	 Data received: {'index': 105, 'x': [26.0], 'x_unit': 's', 'x_type': 'Time', 'y': [0.891448974609375], 'y_unit': 'V', 'y_type': 'Potential'} 

2024-06-04 10:54:18,624 - INFO -run_logger.palmsens_driver 
 	 Data received: {'index': 106, 'x': [26.25], 'x_unit': 's', 'x_type': 'Time', 'y': [0.891448974609375], 'y_unit': 'V', 'y_type': 'Potential'} 

2024-06-04 10:54:18,874 - INFO -run_logger.palmsens_driver 
 	 Data received: {'index': 107, 'x': [26.5], 'x_unit': 's', 'x_type': 'Time', 'y': [0.891448974609375], 'y_unit': 'V', 'y_type': 'Potential'} 

2024-06-04 10:54:19,124 - INFO -run_logger.palmsens_driver 
 	 Data received: {'index': 108, 'x': [26.75], 'x_unit': 's', 'x_type': 'Time', 'y': [0.8915271759033203], 'y_unit': 'V', 'y_type': 'Potential'} 

2024-06-04 10:54:19,363 - INFO -run_logger.palmsens_driver 
 	 Data received: {'index': 109, 'x': [27.0], 'x_unit': 's', 'x_type': 'Time', 'y': [0.8915271759033203], 'y_unit': 'V', 'y_type': 'Potential'} 

2024-06-04 10:54:19,594 - INFO -run_logger.palmsens_driver 
 	 Data received: {'index': 110, 'x': [27.25], 'x_unit': 's', 'x_type': 'Time', 'y': [0.8916053771972656], 'y_unit': 'V', 'y_type': 'Potential'} 

2024-06-04 10:54:19,880 - INFO -run_logger.palmsens_driver 
 	 Data received: {'index': 111, 'x': [27.5], 'x_unit': 's', 'x_type': 'Time', 'y': [0.8916053771972656], 'y_unit': 'V', 'y_type': 'Potential'} 

2024-06-04 10:54:20,123 - INFO -run_logger.palmsens_driver 
 	 Data received: {'index': 112, 'x': [27.75], 'x_unit': 's', 'x_type': 'Time', 'y': [0.8916835784912109], 'y_unit': 'V', 'y_type': 'Potential'} 

2024-06-04 10:54:20,371 - INFO -run_logger.palmsens_driver 
 	 Data received: {'index': 113, 'x': [28.0], 'x_unit': 's', 'x_type': 'Time', 'y': [0.8917608261108398], 'y_unit': 'V', 'y_type': 'Potential'} 

2024-06-04 10:54:20,596 - INFO -run_logger.palmsens_driver 
 	 Data received: {'index': 114, 'x': [28.25], 'x_unit': 's', 'x_type': 'Time', 'y': [0.8917608261108398], 'y_unit': 'V', 'y_type': 'Potential'} 

2024-06-04 10:54:20,892 - INFO -run_logger.palmsens_driver 
 	 Data received: {'index': 115, 'x': [28.5], 'x_unit': 's', 'x_type': 'Time', 'y': [0.8919172286987305], 'y_unit': 'V', 'y_type': 'Potential'} 

2024-06-04 10:54:21,089 - INFO -run_logger.palmsens_driver 
 	 Data received: {'index': 116, 'x': [28.75], 'x_unit': 's', 'x_type': 'Time', 'y': [0.8919954299926758], 'y_unit': 'V', 'y_type': 'Potential'} 

2024-06-04 10:54:21,366 - INFO -run_logger.palmsens_driver 
 	 Data received: {'index': 117, 'x': [29.0], 'x_unit': 's', 'x_type': 'Time', 'y': [0.8920736312866211], 'y_unit': 'V', 'y_type': 'Potential'} 

2024-06-04 10:54:21,607 - INFO -run_logger.palmsens_driver 
 	 Data received: {'index': 118, 'x': [29.25], 'x_unit': 's', 'x_type': 'Time', 'y': [0.8922300338745117], 'y_unit': 'V', 'y_type': 'Potential'} 

2024-06-04 10:54:21,840 - INFO -run_logger.palmsens_driver 
 	 Data received: {'index': 119, 'x': [29.5], 'x_unit': 's', 'x_type': 'Time', 'y': [0.892308235168457], 'y_unit': 'V', 'y_type': 'Potential'} 

2024-06-04 10:54:22,118 - INFO -run_logger.palmsens_driver 
 	 Data received: {'index': 120, 'x': [29.75], 'x_unit': 's', 'x_type': 'Time', 'y': [0.8923864364624023], 'y_unit': 'V', 'y_type': 'Potential'} 

2024-06-04 10:54:22,357 - INFO -run_logger.palmsens_driver 
 	 Data received: {'index': 121, 'x': [30.0], 'x_unit': 's', 'x_type': 'Time', 'y': [0.8924646377563477], 'y_unit': 'V', 'y_type': 'Potential'} 

2024-06-04 10:54:22,386 - INFO -run_logger.palmsens_driver 
 	 result:
{'Title': 'Open Circuit Potentiometry', 'timestamp': '04/06/2024 10:53:50', 'current_arrays': [[0.2384185791015625, 0.2384185791015625, 0.2384185791015625, 0.2384185791015625, 0.2384185791015625, 0.2384185791015625, 0.2384185791015625, 0.2384185791015625, 0.2384185791015625, 0.2384185791015625, 0.2384185791015625, 0.2384185791015625, 0.2384185791015625, 0.2384185791015625, 0.2384185791015625, 0.2384185791015625, 0.2384185791015625, 0.2384185791015625, 0.2384185791015625, 0.2384185791015625, 0.2384185791015625, 0.2384185791015625, 0.2384185791015625, 0.2384185791015625, 0.2384185791015625, 0.2384185791015625, 0.2384185791015625, 0.2384185791015625, 0.2384185791015625, 0.2384185791015625, 0.2384185791015625, 0.2384185791015625, 0.2384185791015625, 0.2384185791015625, 0.2384185791015625, 0.2384185791015625, 0.2384185791015625, 0.2384185791015625, 0.2384185791015625, 0.2384185791015625, 0.2384185791015625, 0.2384185791015625, 0.2384185791015625, 0.2384185791015625, 0.2384185791015625, 0.2384185791015625, 0.2384185791015625, 0.2384185791015625, 0.2384185791015625, 0.2384185791015625, 0.2384185791015625, 0.2384185791015625, 0.2384185791015625, 0.2384185791015625, 0.2384185791015625, 0.2384185791015625, 0.2384185791015625, 0.2384185791015625, 0.2384185791015625, 0.2384185791015625, 0.2384185791015625, 0.2384185791015625, 0.2384185791015625, 0.2384185791015625, 0.2384185791015625, 0.2384185791015625, 0.2384185791015625, 0.2384185791015625, 0.2384185791015625, 0.2384185791015625, 0.2384185791015625, 0.2384185791015625, 0.2384185791015625, 0.2384185791015625, 0.2384185791015625, 0.2384185791015625, 0.2384185791015625, 0.2384185791015625, 0.2384185791015625, 0.2384185791015625, 0.2384185791015625, 0.2384185791015625, 0.2384185791015625, 0.2384185791015625, 0.2384185791015625, 0.2384185791015625, 0.2384185791015625, 0.2384185791015625, 0.2384185791015625, 0.2384185791015625, 0.2384185791015625, 0.2384185791015625, 0.2384185791015625, 0.2384185791015625, 0.2384185791015625, 0.2384185791015625, 0.2384185791015625, 0.2384185791015625, 0.2384185791015625, 0.2384185791015625, 0.2384185791015625, 0.2384185791015625, 0.2384185791015625, 0.2384185791015625, 0.2384185791015625, 0.2384185791015625, 0.2384185791015625, 0.2384185791015625, 0.2384185791015625, 0.2384185791015625, 0.2384185791015625, 0.2384185791015625, 0.2384185791015625, 0.2384185791015625, 0.2384185791015625, 0.2384185791015625, 0.2384185791015625, 0.2384185791015625, 0.2384185791015625, 0.2384185791015625, 0.2384185791015625]], 'potential_arrays': [[0.862152099609375, 0.8636360168457031, 0.8651208877563477, 0.8663702011108398, 0.8674640655517578, 0.8686361312866211, 0.8696517944335938, 0.8705110549926758, 0.8713703155517578, 0.8721513748168945, 0.8729333877563477, 0.8737144470214844, 0.8743391036987305, 0.8750419616699219, 0.8755893707275391, 0.8762140274047852, 0.8768396377563477, 0.8773860931396484, 0.8778553009033203, 0.8783235549926758, 0.8789482116699219, 0.8795738220214844, 0.8800420761108398, 0.8804330825805664, 0.8809022903442383, 0.8812923431396484, 0.8817615509033203, 0.8821516036987305, 0.8824644088745117, 0.882777214050293, 0.8830890655517578, 0.8834018707275391, 0.8834018707275391, 0.8834800720214844, 0.8835582733154297, 0.8837928771972656, 0.8841047286987305, 0.8844175338745117, 0.8846521377563477, 0.8848857879638672, 0.8851203918457031, 0.8853549957275391, 0.885589599609375, 0.8857460021972656, 0.8859014511108398, 0.8861360549926758, 0.8862924575805664, 0.886448860168457, 0.886683464050293, 0.8867616653442383, 0.8869953155517578, 0.8871517181396484, 0.8873081207275391, 0.8873863220214844, 0.8874645233154297, 0.8876209259033203, 0.8876991271972656, 0.8878545761108398, 0.8880109786987305, 0.8880891799926758, 0.8882455825805664, 0.8883237838745117, 0.888401985168457, 0.888636589050293, 0.8887920379638672, 0.8890266418457031, 0.8891048431396484, 0.8892612457275391, 0.8894176483154297, 0.8895740509033203, 0.8896522521972656, 0.8898077011108398, 0.8898859024047852, 0.8900423049926758, 0.8901205062866211, 0.8901987075805664, 0.8902769088745117, 0.890355110168457, 0.8904333114624023, 0.8904333114624023, 0.8905115127563477, 0.8906679153442383, 0.8906679153442383, 0.8907451629638672, 0.8907451629638672, 0.8907451629638672, 0.8909015655517578, 0.8909015655517578, 0.8909015655517578, 0.8909797668457031, 0.8909797668457031, 0.8910579681396484, 0.8910579681396484, 0.8911361694335938, 0.8912143707275391, 0.8911361694335938, 0.8912143707275391, 0.8912925720214844, 0.8912925720214844, 0.8913707733154297, 0.8913707733154297, 0.891448974609375, 0.891448974609375, 0.891448974609375, 0.891448974609375, 0.891448974609375, 0.891448974609375, 0.8915271759033203, 0.8915271759033203, 0.8916053771972656, 0.8916053771972656, 0.8916835784912109, 0.8917608261108398, 0.8917608261108398, 0.8919172286987305, 0.8919954299926758, 0.8920736312866211, 0.8922300338745117, 0.892308235168457, 0.8923864364624023, 0.8924646377563477]], 'time_arrays': [[0.0, 0.25, 0.5, 0.75, 1.0, 1.25, 1.5, 1.75, 2.0, 2.25, 2.5, 2.75, 3.0, 3.25, 3.5, 3.75, 4.0, 4.25, 4.5, 4.75, 5.0, 5.25, 5.5, 5.75, 6.0, 6.25, 6.5, 6.75, 7.0, 7.25, 7.5, 7.75, 8.0, 8.25, 8.5, 8.75, 9.0, 9.25, 9.5, 9.75, 10.0, 10.25, 10.5, 10.75, 11.0, 11.25, 11.5, 11.75, 12.0, 12.25, 12.5, 12.75, 13.0, 13.25, 13.5, 13.75, 14.0, 14.25, 14.5, 14.75, 15.0, 15.25, 15.5, 15.75, 16.0, 16.25, 16.5, 16.75, 17.0, 17.25, 17.5, 17.75, 18.0, 18.25, 18.5, 18.75, 19.0, 19.25, 19.5, 19.75, 20.0, 20.25, 20.5, 20.75, 21.0, 21.25, 21.5, 21.75, 22.0, 22.25, 22.5, 22.75, 23.0, 23.25, 23.5, 23.75, 24.0, 24.25, 24.5, 24.75, 25.0, 25.25, 25.5, 25.75, 26.0, 26.25, 26.5, 26.75, 27.0, 27.25, 27.5, 27.75, 28.0, 28.25, 28.5, 28.75, 29.0, 29.25, 29.5, 29.75, 30.0]], 'freq_arrays': [], 'zre_arrays': [], 'zim_arrays': [], 'aux_input_arrays': [], 'peaks': [], 'eis_fit': []} 

2024-06-04 10:54:24,690 - INFO -run_logger.palmsens_driver 
 	 Data received: {'index': 1, 'frequency': [100000.0], 'zre': [281.91470993493607], 'zim': [-59.4567899668785]} 

2024-06-04 10:54:25,893 - INFO -run_logger.palmsens_driver 
 	 Data received: {'index': 2, 'frequency': [79432.8203125], 'zre': [87.15253677916195], 'zim': [192.038759915446]} 

2024-06-04 10:54:27,091 - INFO -run_logger.palmsens_driver 
 	 Data received: {'index': 3, 'frequency': [63095.734375], 'zre': [102.26146472035018], 'zim': [-220.33410145139607]} 

2024-06-04 10:54:28,341 - INFO -run_logger.palmsens_driver 
 	 Data received: {'index': 4, 'frequency': [50118.72265625], 'zre': [61.97395955256261], 'zim': [65.44921328625648]} 

2024-06-04 10:54:29,606 - INFO -run_logger.palmsens_driver 
 	 Data received: {'index': 5, 'frequency': [39810.71875], 'zre': [393.80751979791074], 'zim': [-208.63340992569107]} 

2024-06-04 10:54:30,820 - INFO -run_logger.palmsens_driver 
 	 Data received: {'index': 6, 'frequency': [31622.77734375], 'zre': [260.5709748758893], 'zim': [60.59384870257436]} 

2024-06-04 10:54:32,065 - INFO -run_logger.palmsens_driver 
 	 Data received: {'index': 7, 'frequency': [25118.865234375], 'zre': [340.1076547037565], 'zim': [57.311532200887534]} 

2024-06-04 10:54:33,266 - INFO -run_logger.palmsens_driver 
 	 Data received: {'index': 8, 'frequency': [19952.623046875], 'zre': [232.52073588178706], 'zim': [-573.2737680322292]} 

2024-06-04 10:54:34,493 - INFO -run_logger.palmsens_driver 
 	 Data received: {'index': 9, 'frequency': [15848.931640625], 'zre': [192.77698368809195], 'zim': [-285.7281910164436]} 

2024-06-04 10:54:35,718 - INFO -run_logger.palmsens_driver 
 	 Data received: {'index': 10, 'frequency': [12589.25390625], 'zre': [296.474977116029], 'zim': [-11.089875800702494]} 

2024-06-04 10:54:36,961 - INFO -run_logger.palmsens_driver 
 	 Data received: {'index': 11, 'frequency': [10000.0], 'zre': [237.70357755333154], 'zim': [430.6058424429646]} 

2024-06-04 10:54:38,206 - INFO -run_logger.palmsens_driver 
 	 Data received: {'index': 12, 'frequency': [7943.2822265625], 'zre': [1316.994918336272], 'zim': [-66.02586385505448]} 

2024-06-04 10:54:39,465 - INFO -run_logger.palmsens_driver 
 	 Data received: {'index': 13, 'frequency': [6309.5732421875], 'zre': [1504.5367203505314], 'zim': [-443.5709649733181]} 

2024-06-04 10:54:40,706 - INFO -run_logger.palmsens_driver 
 	 Data received: {'index': 14, 'frequency': [5011.87255859375], 'zre': [403.98218234601785], 'zim': [-1553.3324280791498]} 

2024-06-04 10:54:41,908 - INFO -run_logger.palmsens_driver 
 	 Data received: {'index': 15, 'frequency': [3981.07177734375], 'zre': [1186.6398906255338], 'zim': [-355.0647068848366]} 

2024-06-04 10:54:43,092 - INFO -run_logger.palmsens_driver 
 	 Data received: {'index': 16, 'frequency': [3162.277587890625], 'zre': [153.23100150091668], 'zim': [466.44664470445554]} 

2024-06-04 10:54:44,302 - INFO -run_logger.palmsens_driver 
 	 Data received: {'index': 17, 'frequency': [2511.886474609375], 'zre': [1648.54977956013], 'zim': [-2023.1623369596914]} 

2024-06-04 10:54:45,531 - INFO -run_logger.palmsens_driver 
 	 Data received: {'index': 18, 'frequency': [1995.2623291015625], 'zre': [882.6154235669957], 'zim': [-92.27876658912528]} 

2024-06-04 10:54:46,756 - INFO -run_logger.palmsens_driver 
 	 Data received: {'index': 19, 'frequency': [1584.8931884765625], 'zre': [542.6458133050663], 'zim': [-233.7627022129708]} 

2024-06-04 10:54:47,949 - INFO -run_logger.palmsens_driver 
 	 Data received: {'index': 20, 'frequency': [1258.9254150390625], 'zre': [1486.2540303961134], 'zim': [366.61036271447495]} 

2024-06-04 10:54:49,146 - INFO -run_logger.palmsens_driver 
 	 Data received: {'index': 21, 'frequency': [1000.0], 'zre': [441.5813907114401], 'zim': [-511.1264931391288]} 

2024-06-04 10:54:50,404 - INFO -run_logger.palmsens_driver 
 	 Data received: {'index': 22, 'frequency': [794.3282470703125], 'zre': [8975.365438620134], 'zim': [3621.897621820662]} 

2024-06-04 10:54:51,558 - INFO -run_logger.palmsens_driver 
 	 Data received: {'index': 23, 'frequency': [630.9573364257812], 'zre': [73.97054095252875], 'zim': [152.88232648503202]} 

2024-06-04 10:54:52,860 - INFO -run_logger.palmsens_driver 
 	 Data received: {'index': 24, 'frequency': [501.1872253417969], 'zre': [4395.983755766772], 'zim': [-359.8304377467938]} 

2024-06-04 10:54:54,315 - INFO -run_logger.palmsens_driver 
 	 Data received: {'index': 25, 'frequency': [398.107177734375], 'zre': [-403.16233670150774], 'zim': [778.466081132506]} 

2024-06-04 10:54:56,039 - INFO -run_logger.palmsens_driver 
 	 Data received: {'index': 26, 'frequency': [316.2277526855469], 'zre': [13168.615850134802], 'zim': [-6829.180739156661]} 

2024-06-04 10:54:57,925 - INFO -run_logger.palmsens_driver 
 	 Data received: {'index': 27, 'frequency': [251.1886444091797], 'zre': [200.22176558683043], 'zim': [1044.9444013169516]} 

2024-06-04 10:54:59,812 - INFO -run_logger.palmsens_driver 
 	 Data received: {'index': 28, 'frequency': [199.52622985839844], 'zre': [-291.41360880620425], 'zim': [-3315.290462476814]} 

2024-06-04 10:55:01,736 - INFO -run_logger.palmsens_driver 
 	 Data received: {'index': 29, 'frequency': [158.48931884765625], 'zre': [632.4008407470478], 'zim': [1546.443895445215]} 

2024-06-04 10:55:03,624 - INFO -run_logger.palmsens_driver 
 	 Data received: {'index': 30, 'frequency': [125.89253997802734], 'zre': [-2315.91018668324], 'zim': [-4107.412652323091]} 

2024-06-04 10:55:05,583 - INFO -run_logger.palmsens_driver 
 	 Data received: {'index': 31, 'frequency': [100.0], 'zre': [-1446.2425356536419], 'zim': [-1018.7582706811412]} 

2024-06-04 10:55:07,504 - INFO -run_logger.palmsens_driver 
 	 Data received: {'index': 32, 'frequency': [79.43282318115234], 'zre': [19404.237471303208], 'zim': [589.0711267857952]} 

2024-06-04 10:55:09,497 - INFO -run_logger.palmsens_driver 
 	 Data received: {'index': 33, 'frequency': [63.095733642578125], 'zre': [233435.96720042572], 'zim': [-187186.5987153554]} 

2024-06-04 10:55:11,490 - INFO -run_logger.palmsens_driver 
 	 Data received: {'index': 34, 'frequency': [50.11872482299805], 'zre': [173308.6521573366], 'zim': [107325.7230585256]} 

2024-06-04 10:55:13,437 - INFO -run_logger.palmsens_driver 
 	 Data received: {'index': 35, 'frequency': [39.81071853637695], 'zre': [11422.007598631015], 'zim': [193549.87139842208]} 

2024-06-04 10:55:15,391 - INFO -run_logger.palmsens_driver 
 	 Data received: {'index': 36, 'frequency': [31.62277603149414], 'zre': [-51807.14690254436], 'zim': [-136604.68874219005]} 

2024-06-04 10:55:17,322 - INFO -run_logger.palmsens_driver 
 	 Data received: {'index': 37, 'frequency': [25.118864059448242], 'zre': [-378739.0358168905], 'zim': [-243323.06804416858]} 

2024-06-04 10:55:19,179 - INFO -run_logger.palmsens_driver 
 	 Data received: {'index': 38, 'frequency': [19.95262336730957], 'zre': [-33236.57835424785], 'zim': [-144226.3330993305]} 

2024-06-04 10:55:21,082 - INFO -run_logger.palmsens_driver 
 	 Data received: {'index': 39, 'frequency': [15.848932266235352], 'zre': [-5771.5652527416505], 'zim': [72521.02637386844]} 

2024-06-04 10:55:23,036 - INFO -run_logger.palmsens_driver 
 	 Data received: {'index': 40, 'frequency': [12.589254379272461], 'zre': [10405.026584547177], 'zim': [11799.955540459083]} 

2024-06-04 10:55:24,919 - INFO -run_logger.palmsens_driver 
 	 Data received: {'index': 41, 'frequency': [10.0], 'zre': [12601.466411652242], 'zim': [1109.1330590372684]} 

2024-06-04 10:55:24,981 - INFO -run_logger.palmsens_driver 
 	 result:
{'Title': 'Impedance Spectroscopy', 'timestamp': '04/06/2024 10:54:22', 'current_arrays': [[2384.185791015625, 71.52557373046875, -135.89859008789062, -302.7915954589844, -303.03001403808594, -276.32713317871094, -307.7983856201172, -277.7576446533203, -331.1634063720703, -316.85829162597656, -301.12266540527344, -6.84504508972168, -6.120204925537109, -3.4499168395996094, 1.2326240539550781, -6.568479537963867, -5.166530609130859, -1.3947486877441406, -6.640005111694336, -3.9887428283691406, 0.07867813110351562, -7.503080368041992, 3.097057342529297, -2.930164337158203, -0.03960132598876953, -0.01862049102783203, -0.06287145614624023, -0.0673060417175293, -0.05600452423095703, -0.09281682968139648, -0.06525564193725586, -0.039124488830566406, -0.0002548694610595703, -0.00028014183044433594, -0.00030303001403808594, -0.0002467632293701172, -0.0002796649932861328, -0.00025343894958496094, -0.00032782554626464844, -0.0010869550704956056, -0.00020432472229003906]], 'potential_arrays': [[0.0, 0.0, 0.0, 0.0, 0.0, 0.0, 0.0, 0.0, 0.0, 0.0, 0.0, 0.0, 0.0, 0.0, 0.0, 0.0, 0.0, 0.0, 0.0, 0.0, 0.0, 0.0, 0.0, 0.0, 0.0, 0.0, 0.0, 0.0, 0.0, 0.0, 0.0, 0.0, 0.0, 0.0, 0.0, 0.0, 0.0, 0.0, 0.0, 0.0, 0.0]], 'time_arrays': [[0.0, 0.0, 0.0, 0.0, 0.0, 0.0, 0.0, 0.0, 0.0, 0.0, 0.0, 0.0, 0.0, 0.0, 0.0, 0.0, 0.0, 0.0, 0.0, 0.0, 0.0, 0.0, 0.0, 0.0, 0.0, 0.0, 0.0, 0.0, 0.0, 0.0, 0.0, 0.0, 0.0, 0.0, 0.0, 0.0, 0.0, 0.0, 0.0, 0.0, 0.0]], 'freq_arrays': [[100000.0, 79432.8203125, 63095.734375, 50118.72265625, 39810.71875, 31622.77734375, 25118.865234375, 19952.623046875, 15848.931640625, 12589.25390625, 10000.0, 7943.2822265625, 6309.5732421875, 5011.87255859375, 3981.07177734375, 3162.277587890625, 2511.886474609375, 1995.2623291015625, 1584.8931884765625, 1258.9254150390625, 1000.0, 794.3282470703125, 630.9573364257812, 501.1872253417969, 398.107177734375, 316.2277526855469, 251.1886444091797, 199.52622985839844, 158.48931884765625, 125.89253997802734, 100.0, 79.43282318115234, 63.095733642578125, 50.11872482299805, 39.81071853637695, 31.62277603149414, 25.118864059448242, 19.95262336730957, 15.848932266235352, 12.589254379272461, 10.0]], 'zre_arrays': [[281.91470993493607, 87.15253677916195, 102.26146472035018, 61.97395955256261, 393.80751979791074, 260.5709748758893, 340.1076547037565, 232.52073588178706, 192.77698368809195, 296.474977116029, 237.70357755333154, 1316.994918336272, 1504.5367203505314, 403.98218234601785, 1186.6398906255338, 153.23100150091668, 1648.54977956013, 882.6154235669957, 542.6458133050663, 1486.2540303961134, 441.5813907114401, 8975.365438620134, 73.97054095252875, 4395.983755766772, -403.16233670150774, 13168.615850134802, 200.22176558683043, -291.41360880620425, 632.4008407470478, -2315.91018668324, -1446.2425356536419, 19404.237471303208, 233435.96720042572, 173308.6521573366, 11422.007598631015, -51807.14690254436, -378739.0358168905, -33236.57835424785, -5771.5652527416505, 10405.026584547177, 12601.466411652242]], 'zim_arrays': [[-59.4567899668785, 192.038759915446, -220.33410145139607, 65.44921328625648, -208.63340992569107, 60.59384870257436, 57.311532200887534, -573.2737680322292, -285.7281910164436, -11.089875800702494, 430.6058424429646, -66.02586385505448, -443.5709649733181, -1553.3324280791498, -355.0647068848366, 466.44664470445554, -2023.1623369596914, -92.27876658912528, -233.7627022129708, 366.61036271447495, -511.1264931391288, 3621.897621820662, 152.88232648503202, -359.8304377467938, 778.466081132506, -6829.180739156661, 1044.9444013169516, -3315.290462476814, 1546.443895445215, -4107.412652323091, -1018.7582706811412, 589.0711267857952, -187186.5987153554, 107325.7230585256, 193549.87139842208, -136604.68874219005, -243323.06804416858, -144226.3330993305, 72521.02637386844, 11799.955540459083, 1109.1330590372684]], 'aux_input_arrays': [], 'peaks': [], 'eis_fit': []} 

2024-06-04 10:55:32,735 - INFO -run_logger.palmsens_driver 
 	 Data received: {'index': 1, 'x': [0.49996280670166016], 'x_unit': 'V', 'x_type': 'Potential', 'y': [-0.0019311904907226562], 'y_unit': 'µA', 'y_type': 'Current'} 

2024-06-04 10:55:33,685 - INFO -run_logger.palmsens_driver 
 	 Data received: {'index': 2, 'x': [0.5499629974365234], 'x_unit': 'V', 'x_type': 'Potential', 'y': [-0.006222724914550781], 'y_unit': 'µA', 'y_type': 'Current'} 

2024-06-04 10:55:34,686 - INFO -run_logger.palmsens_driver 
 	 Data received: {'index': 3, 'x': [0.5999631881713867], 'x_unit': 'V', 'x_type': 'Potential', 'y': [-0.005125999450683594], 'y_unit': 'µA', 'y_type': 'Current'} 

2024-06-04 10:55:35,669 - INFO -run_logger.palmsens_driver 
 	 Data received: {'index': 4, 'x': [0.6498851776123047], 'x_unit': 'V', 'x_type': 'Potential', 'y': [-0.0028848648071289062], 'y_unit': 'µA', 'y_type': 'Current'} 

2024-06-04 10:55:36,687 - INFO -run_logger.palmsens_driver 
 	 Data received: {'index': 5, 'x': [0.699885368347168], 'x_unit': 'V', 'x_type': 'Potential', 'y': [-0.006651878356933594], 'y_unit': 'µA', 'y_type': 'Current'} 

2024-06-04 10:55:37,677 - INFO -run_logger.palmsens_driver 
 	 Data received: {'index': 6, 'x': [0.7498855590820312], 'x_unit': 'V', 'x_type': 'Potential', 'y': [-0.0026941299438476562], 'y_unit': 'µA', 'y_type': 'Current'} 

2024-06-04 10:55:38,660 - INFO -run_logger.palmsens_driver 
 	 Data received: {'index': 7, 'x': [0.7998075485229492], 'x_unit': 'V', 'x_type': 'Potential', 'y': [-0.007796287536621094], 'y_unit': 'µA', 'y_type': 'Current'} 

2024-06-04 10:55:39,643 - INFO -run_logger.palmsens_driver 
 	 Data received: {'index': 8, 'x': [0.8498077392578125], 'x_unit': 'V', 'x_type': 'Potential', 'y': [-0.0020265579223632812], 'y_unit': 'µA', 'y_type': 'Current'} 

2024-06-04 10:55:40,651 - INFO -run_logger.palmsens_driver 
 	 Data received: {'index': 9, 'x': [0.8998079299926758], 'x_unit': 'V', 'x_type': 'Potential', 'y': [-0.007081031799316406], 'y_unit': 'µA', 'y_type': 'Current'} 

2024-06-04 10:55:41,678 - INFO -run_logger.palmsens_driver 
 	 Data received: {'index': 10, 'x': [0.8498077392578125], 'x_unit': 'V', 'x_type': 'Potential', 'y': [-0.0034093856811523438], 'y_unit': 'µA', 'y_type': 'Current'} 

2024-06-04 10:55:42,663 - INFO -run_logger.palmsens_driver 
 	 Data received: {'index': 11, 'x': [0.7998075485229492], 'x_unit': 'V', 'x_type': 'Potential', 'y': [-0.007128715515136719], 'y_unit': 'µA', 'y_type': 'Current'} 

2024-06-04 10:55:43,644 - INFO -run_logger.palmsens_driver 
 	 Data received: {'index': 12, 'x': [0.7498855590820312], 'x_unit': 'V', 'x_type': 'Potential', 'y': [-0.005650520324707031], 'y_unit': 'µA', 'y_type': 'Current'} 

2024-06-04 10:55:44,673 - INFO -run_logger.palmsens_driver 
 	 Data received: {'index': 13, 'x': [0.699885368347168], 'x_unit': 'V', 'x_type': 'Potential', 'y': [-0.0036001205444335938], 'y_unit': 'µA', 'y_type': 'Current'} 

2024-06-04 10:55:45,656 - INFO -run_logger.palmsens_driver 
 	 Data received: {'index': 14, 'x': [0.6498851776123047], 'x_unit': 'V', 'x_type': 'Potential', 'y': [-0.008511543273925781], 'y_unit': 'µA', 'y_type': 'Current'} 

2024-06-04 10:55:46,653 - INFO -run_logger.palmsens_driver 
 	 Data received: {'index': 15, 'x': [0.5999631881713867], 'x_unit': 'V', 'x_type': 'Potential', 'y': [-0.0016927719116210938], 'y_unit': 'µA', 'y_type': 'Current'} 

2024-06-04 10:55:47,677 - INFO -run_logger.palmsens_driver 
 	 Data received: {'index': 16, 'x': [0.5499629974365234], 'x_unit': 'V', 'x_type': 'Potential', 'y': [-0.007796287536621094], 'y_unit': 'µA', 'y_type': 'Current'} 

2024-06-04 10:55:48,654 - INFO -run_logger.palmsens_driver 
 	 Data received: {'index': 17, 'x': [0.49996280670166016], 'x_unit': 'V', 'x_type': 'Potential', 'y': [0.00016689300537109375], 'y_unit': 'µA', 'y_type': 'Current'} 

2024-06-04 10:55:49,681 - INFO -run_logger.palmsens_driver 
 	 Data received: {'index': 18, 'x': [0.4500408172607422], 'x_unit': 'V', 'x_type': 'Potential', 'y': [-0.007700920104980469], 'y_unit': 'µA', 'y_type': 'Current'} 

2024-06-04 10:55:50,661 - INFO -run_logger.palmsens_driver 
 	 Data received: {'index': 19, 'x': [0.4000406265258789], 'x_unit': 'V', 'x_type': 'Potential', 'y': [-0.004410743713378906], 'y_unit': 'µA', 'y_type': 'Current'} 

2024-06-04 10:55:51,651 - INFO -run_logger.palmsens_driver 
 	 Data received: {'index': 20, 'x': [0.3500404357910156], 'x_unit': 'V', 'x_type': 'Potential', 'y': [-0.0038385391235351562], 'y_unit': 'µA', 'y_type': 'Current'} 

2024-06-04 10:55:52,633 - INFO -run_logger.palmsens_driver 
 	 Data received: {'index': 21, 'x': [0.30011844635009766], 'x_unit': 'V', 'x_type': 'Potential', 'y': [-0.004887580871582031], 'y_unit': 'µA', 'y_type': 'Current'} 

2024-06-04 10:55:53,661 - INFO -run_logger.palmsens_driver 
 	 Data received: {'index': 22, 'x': [0.2501182556152344], 'x_unit': 'V', 'x_type': 'Potential', 'y': [-0.0036001205444335938], 'y_unit': 'µA', 'y_type': 'Current'} 

2024-06-04 10:55:54,670 - INFO -run_logger.palmsens_driver 
 	 Data received: {'index': 23, 'x': [0.2001962661743164], 'x_unit': 'V', 'x_type': 'Potential', 'y': [-0.007414817810058594], 'y_unit': 'µA', 'y_type': 'Current'} 

2024-06-04 10:55:55,649 - INFO -run_logger.palmsens_driver 
 	 Data received: {'index': 24, 'x': [0.15019607543945312], 'x_unit': 'V', 'x_type': 'Potential', 'y': [-0.0011682510375976562], 'y_unit': 'µA', 'y_type': 'Current'} 

2024-06-04 10:55:56,678 - INFO -run_logger.palmsens_driver 
 	 Data received: {'index': 25, 'x': [0.10019588470458984], 'x_unit': 'V', 'x_type': 'Potential', 'y': [-0.008654594421386719], 'y_unit': 'µA', 'y_type': 'Current'} 

2024-06-04 10:55:57,659 - INFO -run_logger.palmsens_driver 
 	 Data received: {'index': 26, 'x': [0.050273895263671875], 'x_unit': 'V', 'x_type': 'Potential', 'y': [-0.004124641418457031], 'y_unit': 'µA', 'y_type': 'Current'} 

2024-06-04 10:55:58,671 - INFO -run_logger.palmsens_driver 
 	 Data received: {'index': 27, 'x': [0.00027370452880859375], 'x_unit': 'V', 'x_type': 'Potential', 'y': [-0.005364418029785156], 'y_unit': 'µA', 'y_type': 'Current'} 

2024-06-04 10:55:59,659 - INFO -run_logger.palmsens_driver 
 	 Data received: {'index': 28, 'x': [0.050273895263671875], 'x_unit': 'V', 'x_type': 'Potential', 'y': [-0.0035047531127929688], 'y_unit': 'µA', 'y_type': 'Current'} 

2024-06-04 10:56:00,640 - INFO -run_logger.palmsens_driver 
 	 Data received: {'index': 29, 'x': [0.10019588470458984], 'x_unit': 'V', 'x_type': 'Potential', 'y': [-0.0036001205444335938], 'y_unit': 'µA', 'y_type': 'Current'} 

2024-06-04 10:56:01,672 - INFO -run_logger.palmsens_driver 
 	 Data received: {'index': 30, 'x': [0.15019607543945312], 'x_unit': 'V', 'x_type': 'Potential', 'y': [-0.007891654968261719], 'y_unit': 'µA', 'y_type': 'Current'} 

2024-06-04 10:56:02,655 - INFO -run_logger.palmsens_driver 
 	 Data received: {'index': 31, 'x': [0.2001962661743164], 'x_unit': 'V', 'x_type': 'Potential', 'y': [-0.0012159347534179688], 'y_unit': 'µA', 'y_type': 'Current'} 

2024-06-04 10:56:03,666 - INFO -run_logger.palmsens_driver 
 	 Data received: {'index': 32, 'x': [0.2501182556152344], 'x_unit': 'V', 'x_type': 'Potential', 'y': [-0.007700920104980469], 'y_unit': 'µA', 'y_type': 'Current'} 

2024-06-04 10:56:04,644 - INFO -run_logger.palmsens_driver 
 	 Data received: {'index': 33, 'x': [0.30011844635009766], 'x_unit': 'V', 'x_type': 'Potential', 'y': [-0.0022649765014648438], 'y_unit': 'µA', 'y_type': 'Current'} 

2024-06-04 10:56:05,639 - INFO -run_logger.palmsens_driver 
 	 Data received: {'index': 34, 'x': [0.3500404357910156], 'x_unit': 'V', 'x_type': 'Potential', 'y': [-0.008416175842285156], 'y_unit': 'µA', 'y_type': 'Current'} 

2024-06-04 10:56:06,635 - INFO -run_logger.palmsens_driver 
 	 Data received: {'index': 35, 'x': [0.4000406265258789], 'x_unit': 'V', 'x_type': 'Potential', 'y': [-0.005364418029785156], 'y_unit': 'µA', 'y_type': 'Current'} 

2024-06-04 10:56:07,658 - INFO -run_logger.palmsens_driver 
 	 Data received: {'index': 36, 'x': [0.4500408172607422], 'x_unit': 'V', 'x_type': 'Potential', 'y': [-0.005507469177246094], 'y_unit': 'µA', 'y_type': 'Current'} 

2024-06-04 10:56:08,703 - INFO -run_logger.palmsens_driver 
 	 Data received: {'index': 1, 'x': [0.49996280670166016], 'x_unit': 'V', 'x_type': 'Potential', 'y': [-0.008606910705566406], 'y_unit': 'µA', 'y_type': 'Current'} 

2024-06-04 10:56:09,653 - INFO -run_logger.palmsens_driver 
 	 Data received: {'index': 2, 'x': [0.5499629974365234], 'x_unit': 'V', 'x_type': 'Potential', 'y': [-0.0011205673217773438], 'y_unit': 'µA', 'y_type': 'Current'} 

2024-06-04 10:56:10,636 - INFO -run_logger.palmsens_driver 
 	 Data received: {'index': 3, 'x': [0.5999631881713867], 'x_unit': 'V', 'x_type': 'Potential', 'y': [-0.007510185241699219], 'y_unit': 'µA', 'y_type': 'Current'} 

2024-06-04 10:56:11,660 - INFO -run_logger.palmsens_driver 
 	 Data received: {'index': 4, 'x': [0.6498851776123047], 'x_unit': 'V', 'x_type': 'Potential', 'y': [0.0006914138793945312], 'y_unit': 'µA', 'y_type': 'Current'} 

2024-06-04 10:56:12,652 - INFO -run_logger.palmsens_driver 
 	 Data received: {'index': 5, 'x': [0.699885368347168], 'x_unit': 'V', 'x_type': 'Potential', 'y': [-0.006413459777832031], 'y_unit': 'µA', 'y_type': 'Current'} 

2024-06-04 10:56:13,652 - INFO -run_logger.palmsens_driver 
 	 Data received: {'index': 6, 'x': [0.7498855590820312], 'x_unit': 'V', 'x_type': 'Potential', 'y': [-0.0031709671020507812], 'y_unit': 'µA', 'y_type': 'Current'} 

2024-06-04 10:56:14,637 - INFO -run_logger.palmsens_driver 
 	 Data received: {'index': 7, 'x': [0.7998075485229492], 'x_unit': 'V', 'x_type': 'Potential', 'y': [-0.004458427429199219], 'y_unit': 'µA', 'y_type': 'Current'} 

2024-06-04 10:56:15,658 - INFO -run_logger.palmsens_driver 
 	 Data received: {'index': 8, 'x': [0.8498077392578125], 'x_unit': 'V', 'x_type': 'Potential', 'y': [-0.004029273986816406], 'y_unit': 'µA', 'y_type': 'Current'} 

2024-06-04 10:56:16,641 - INFO -run_logger.palmsens_driver 
 	 Data received: {'index': 9, 'x': [0.8998079299926758], 'x_unit': 'V', 'x_type': 'Potential', 'y': [-0.0019311904907226562], 'y_unit': 'µA', 'y_type': 'Current'} 

2024-06-04 10:56:17,622 - INFO -run_logger.palmsens_driver 
 	 Data received: {'index': 10, 'x': [0.8498077392578125], 'x_unit': 'V', 'x_type': 'Potential', 'y': [-0.007891654968261719], 'y_unit': 'µA', 'y_type': 'Current'} 

2024-06-04 10:56:18,651 - INFO -run_logger.palmsens_driver 
 	 Data received: {'index': 11, 'x': [0.7998075485229492], 'x_unit': 'V', 'x_type': 'Potential', 'y': [-0.0023126602172851562], 'y_unit': 'µA', 'y_type': 'Current'} 

2024-06-04 10:56:19,633 - INFO -run_logger.palmsens_driver 
 	 Data received: {'index': 12, 'x': [0.7498855590820312], 'x_unit': 'V', 'x_type': 'Potential', 'y': [-0.008654594421386719], 'y_unit': 'µA', 'y_type': 'Current'} 

2024-06-04 10:56:20,620 - INFO -run_logger.palmsens_driver 
 	 Data received: {'index': 13, 'x': [0.699885368347168], 'x_unit': 'V', 'x_type': 'Potential', 'y': [-0.0017881393432617188], 'y_unit': 'µA', 'y_type': 'Current'} 

2024-06-04 10:56:21,647 - INFO -run_logger.palmsens_driver 
 	 Data received: {'index': 14, 'x': [0.6498851776123047], 'x_unit': 'V', 'x_type': 'Potential', 'y': [-0.007748603820800781], 'y_unit': 'µA', 'y_type': 'Current'} 

2024-06-04 10:56:22,625 - INFO -run_logger.palmsens_driver 
 	 Data received: {'index': 15, 'x': [0.5999631881713867], 'x_unit': 'V', 'x_type': 'Potential', 'y': [-0.004601478576660156], 'y_unit': 'µA', 'y_type': 'Current'} 

2024-06-04 10:56:23,623 - INFO -run_logger.palmsens_driver 
 	 Data received: {'index': 16, 'x': [0.5499629974365234], 'x_unit': 'V', 'x_type': 'Potential', 'y': [-0.0033140182495117188], 'y_unit': 'µA', 'y_type': 'Current'} 

2024-06-04 10:56:24,648 - INFO -run_logger.palmsens_driver 
 	 Data received: {'index': 17, 'x': [0.49996280670166016], 'x_unit': 'V', 'x_type': 'Potential', 'y': [-0.005269050598144531], 'y_unit': 'µA', 'y_type': 'Current'} 

2024-06-04 10:56:25,633 - INFO -run_logger.palmsens_driver 
 	 Data received: {'index': 18, 'x': [0.4500408172607422], 'x_unit': 'V', 'x_type': 'Potential', 'y': [-0.0022649765014648438], 'y_unit': 'µA', 'y_type': 'Current'} 

2024-06-04 10:56:26,660 - INFO -run_logger.palmsens_driver 
 	 Data received: {'index': 19, 'x': [0.4000406265258789], 'x_unit': 'V', 'x_type': 'Potential', 'y': [-0.005841255187988281], 'y_unit': 'µA', 'y_type': 'Current'} 

2024-06-04 10:56:27,642 - INFO -run_logger.palmsens_driver 
 	 Data received: {'index': 20, 'x': [0.3500404357910156], 'x_unit': 'V', 'x_type': 'Potential', 'y': [-0.0012159347534179688], 'y_unit': 'µA', 'y_type': 'Current'} 

2024-06-04 10:56:28,636 - INFO -run_logger.palmsens_driver 
 	 Data received: {'index': 21, 'x': [0.30011844635009766], 'x_unit': 'V', 'x_type': 'Potential', 'y': [-0.008416175842285156], 'y_unit': 'µA', 'y_type': 'Current'} 

2024-06-04 10:56:29,660 - INFO -run_logger.palmsens_driver 
 	 Data received: {'index': 22, 'x': [0.2501182556152344], 'x_unit': 'V', 'x_type': 'Potential', 'y': [-0.00040531158447265625], 'y_unit': 'µA', 'y_type': 'Current'} 

2024-06-04 10:56:30,645 - INFO -run_logger.palmsens_driver 
 	 Data received: {'index': 23, 'x': [0.2001962661743164], 'x_unit': 'V', 'x_type': 'Potential', 'y': [-0.005316734313964844], 'y_unit': 'µA', 'y_type': 'Current'} 

2024-06-04 10:56:31,632 - INFO -run_logger.palmsens_driver 
 	 Data received: {'index': 24, 'x': [0.15019607543945312], 'x_unit': 'V', 'x_type': 'Potential', 'y': [-0.004410743713378906], 'y_unit': 'µA', 'y_type': 'Current'} 

2024-06-04 10:56:32,618 - INFO -run_logger.palmsens_driver 
 	 Data received: {'index': 25, 'x': [0.10019588470458984], 'x_unit': 'V', 'x_type': 'Potential', 'y': [-0.0031232833862304688], 'y_unit': 'µA', 'y_type': 'Current'} 

2024-06-04 10:56:33,646 - INFO -run_logger.palmsens_driver 
 	 Data received: {'index': 26, 'x': [0.050273895263671875], 'x_unit': 'V', 'x_type': 'Potential', 'y': [-0.007128715515136719], 'y_unit': 'µA', 'y_type': 'Current'} 

2024-06-04 10:56:34,629 - INFO -run_logger.palmsens_driver 
 	 Data received: {'index': 27, 'x': [0.00027370452880859375], 'x_unit': 'V', 'x_type': 'Potential', 'y': [-0.0026941299438476562], 'y_unit': 'µA', 'y_type': 'Current'} 

2024-06-04 10:56:35,613 - INFO -run_logger.palmsens_driver 
 	 Data received: {'index': 28, 'x': [0.050273895263671875], 'x_unit': 'V', 'x_type': 'Potential', 'y': [-0.008320808410644531], 'y_unit': 'µA', 'y_type': 'Current'} 

2024-06-04 10:56:36,653 - INFO -run_logger.palmsens_driver 
 	 Data received: {'index': 29, 'x': [0.10019588470458984], 'x_unit': 'V', 'x_type': 'Potential', 'y': [-0.0022172927856445312], 'y_unit': 'µA', 'y_type': 'Current'} 

2024-06-04 10:56:37,633 - INFO -run_logger.palmsens_driver 
 	 Data received: {'index': 30, 'x': [0.15019607543945312], 'x_unit': 'V', 'x_type': 'Potential', 'y': [-0.007414817810058594], 'y_unit': 'µA', 'y_type': 'Current'} 

2024-06-04 10:56:38,615 - INFO -run_logger.palmsens_driver 
 	 Data received: {'index': 31, 'x': [0.2001962661743164], 'x_unit': 'V', 'x_type': 'Potential', 'y': [-0.0035524368286132812], 'y_unit': 'µA', 'y_type': 'Current'} 

2024-06-04 10:56:39,625 - INFO -run_logger.palmsens_driver 
 	 Data received: {'index': 32, 'x': [0.2501182556152344], 'x_unit': 'V', 'x_type': 'Potential', 'y': [-0.004172325134277344], 'y_unit': 'µA', 'y_type': 'Current'} 

2024-06-04 10:56:40,614 - INFO -run_logger.palmsens_driver 
 	 Data received: {'index': 33, 'x': [0.30011844635009766], 'x_unit': 'V', 'x_type': 'Potential', 'y': [-0.005936622619628906], 'y_unit': 'µA', 'y_type': 'Current'} 

2024-06-04 10:56:41,642 - INFO -run_logger.palmsens_driver 
 	 Data received: {'index': 34, 'x': [0.3500404357910156], 'x_unit': 'V', 'x_type': 'Potential', 'y': [-0.0031232833862304688], 'y_unit': 'µA', 'y_type': 'Current'} 

2024-06-04 10:56:42,635 - INFO -run_logger.palmsens_driver 
 	 Data received: {'index': 35, 'x': [0.4000406265258789], 'x_unit': 'V', 'x_type': 'Potential', 'y': [-0.008082389831542969], 'y_unit': 'µA', 'y_type': 'Current'} 

2024-06-04 10:56:43,611 - INFO -run_logger.palmsens_driver 
 	 Data received: {'index': 36, 'x': [0.4500408172607422], 'x_unit': 'V', 'x_type': 'Potential', 'y': [-0.0006914138793945312], 'y_unit': 'µA', 'y_type': 'Current'} 

2024-06-04 10:56:44,698 - INFO -run_logger.palmsens_driver 
 	 Data received: {'index': 1, 'x': [0.49996280670166016], 'x_unit': 'V', 'x_type': 'Potential', 'y': [-0.009179115295410156], 'y_unit': 'µA', 'y_type': 'Current'} 

2024-06-04 10:56:45,632 - INFO -run_logger.palmsens_driver 
 	 Data received: {'index': 2, 'x': [0.5499629974365234], 'x_unit': 'V', 'x_type': 'Potential', 'y': [-0.0038385391235351562], 'y_unit': 'µA', 'y_type': 'Current'} 

2024-06-04 10:56:46,614 - INFO -run_logger.palmsens_driver 
 	 Data received: {'index': 3, 'x': [0.5999631881713867], 'x_unit': 'V', 'x_type': 'Potential', 'y': [-0.007271766662597656], 'y_unit': 'µA', 'y_type': 'Current'} 

2024-06-04 10:56:47,620 - INFO -run_logger.palmsens_driver 
 	 Data received: {'index': 4, 'x': [0.6498851776123047], 'x_unit': 'V', 'x_type': 'Potential', 'y': [-0.005793571472167969], 'y_unit': 'µA', 'y_type': 'Current'} 

2024-06-04 10:56:48,644 - INFO -run_logger.palmsens_driver 
 	 Data received: {'index': 5, 'x': [0.699885368347168], 'x_unit': 'V', 'x_type': 'Potential', 'y': [-0.005984306335449219], 'y_unit': 'µA', 'y_type': 'Current'} 

2024-06-04 10:56:49,637 - INFO -run_logger.palmsens_driver 
 	 Data received: {'index': 6, 'x': [0.7498855590820312], 'x_unit': 'V', 'x_type': 'Potential', 'y': [-0.006794929504394531], 'y_unit': 'µA', 'y_type': 'Current'} 

2024-06-04 10:56:50,623 - INFO -run_logger.palmsens_driver 
 	 Data received: {'index': 7, 'x': [0.7998075485229492], 'x_unit': 'V', 'x_type': 'Potential', 'y': [-0.00026226043701171875], 'y_unit': 'µA', 'y_type': 'Current'} 

2024-06-04 10:56:51,611 - INFO -run_logger.palmsens_driver 
 	 Data received: {'index': 8, 'x': [0.8498077392578125], 'x_unit': 'V', 'x_type': 'Potential', 'y': [-0.008797645568847656], 'y_unit': 'µA', 'y_type': 'Current'} 

2024-06-04 10:56:52,608 - INFO -run_logger.palmsens_driver 
 	 Data received: {'index': 9, 'x': [0.8998079299926758], 'x_unit': 'V', 'x_type': 'Potential', 'y': [-0.0014543533325195312], 'y_unit': 'µA', 'y_type': 'Current'} 

2024-06-04 10:56:53,633 - INFO -run_logger.palmsens_driver 
 	 Data received: {'index': 10, 'x': [0.8498077392578125], 'x_unit': 'V', 'x_type': 'Potential', 'y': [-0.009179115295410156], 'y_unit': 'µA', 'y_type': 'Current'} 

2024-06-04 10:56:54,639 - INFO -run_logger.palmsens_driver 
 	 Data received: {'index': 11, 'x': [0.7998075485229492], 'x_unit': 'V', 'x_type': 'Potential', 'y': [-0.0035524368286132812], 'y_unit': 'µA', 'y_type': 'Current'} 

2024-06-04 10:56:55,630 - INFO -run_logger.palmsens_driver 
 	 Data received: {'index': 12, 'x': [0.7498855590820312], 'x_unit': 'V', 'x_type': 'Potential', 'y': [-0.004363059997558594], 'y_unit': 'µA', 'y_type': 'Current'} 

2024-06-04 10:56:56,613 - INFO -run_logger.palmsens_driver 
 	 Data received: {'index': 13, 'x': [0.699885368347168], 'x_unit': 'V', 'x_type': 'Potential', 'y': [-0.0027418136596679688], 'y_unit': 'µA', 'y_type': 'Current'} 

2024-06-04 10:56:57,641 - INFO -run_logger.palmsens_driver 
 	 Data received: {'index': 14, 'x': [0.6498851776123047], 'x_unit': 'V', 'x_type': 'Potential', 'y': [-0.004887580871582031], 'y_unit': 'µA', 'y_type': 'Current'} 

2024-06-04 10:56:58,633 - INFO -run_logger.palmsens_driver 
 	 Data received: {'index': 15, 'x': [0.5999631881713867], 'x_unit': 'V', 'x_type': 'Potential', 'y': [-0.007224082946777344], 'y_unit': 'µA', 'y_type': 'Current'} 

2024-06-04 10:56:59,616 - INFO -run_logger.palmsens_driver 
 	 Data received: {'index': 16, 'x': [0.5499629974365234], 'x_unit': 'V', 'x_type': 'Potential', 'y': [-0.0010728836059570312], 'y_unit': 'µA', 'y_type': 'Current'} 

2024-06-04 10:57:00,645 - INFO -run_logger.palmsens_driver 
 	 Data received: {'index': 17, 'x': [0.49996280670166016], 'x_unit': 'V', 'x_type': 'Potential', 'y': [-0.007224082946777344], 'y_unit': 'µA', 'y_type': 'Current'} 

2024-06-04 10:57:01,627 - INFO -run_logger.palmsens_driver 
 	 Data received: {'index': 18, 'x': [0.4500408172607422], 'x_unit': 'V', 'x_type': 'Potential', 'y': [-0.0011682510375976562], 'y_unit': 'µA', 'y_type': 'Current'} 

2024-06-04 10:57:02,621 - INFO -run_logger.palmsens_driver 
 	 Data received: {'index': 19, 'x': [0.4000406265258789], 'x_unit': 'V', 'x_type': 'Potential', 'y': [-0.006604194641113281], 'y_unit': 'µA', 'y_type': 'Current'} 

2024-06-04 10:57:03,601 - INFO -run_logger.palmsens_driver 
 	 Data received: {'index': 20, 'x': [0.3500404357910156], 'x_unit': 'V', 'x_type': 'Potential', 'y': [-0.005364418029785156], 'y_unit': 'µA', 'y_type': 'Current'} 

2024-06-04 10:57:04,633 - INFO -run_logger.palmsens_driver 
 	 Data received: {'index': 21, 'x': [0.30011844635009766], 'x_unit': 'V', 'x_type': 'Potential', 'y': [-0.004410743713378906], 'y_unit': 'µA', 'y_type': 'Current'} 

2024-06-04 10:57:05,623 - INFO -run_logger.palmsens_driver 
 	 Data received: {'index': 22, 'x': [0.2501182556152344], 'x_unit': 'V', 'x_type': 'Potential', 'y': [-0.007176399230957031], 'y_unit': 'µA', 'y_type': 'Current'} 

2024-06-04 10:57:06,618 - INFO -run_logger.palmsens_driver 
 	 Data received: {'index': 23, 'x': [0.2001962661743164], 'x_unit': 'V', 'x_type': 'Potential', 'y': [-0.0025033950805664062], 'y_unit': 'µA', 'y_type': 'Current'} 

2024-06-04 10:57:07,597 - INFO -run_logger.palmsens_driver 
 	 Data received: {'index': 24, 'x': [0.15019607543945312], 'x_unit': 'V', 'x_type': 'Potential', 'y': [-0.008893013000488281], 'y_unit': 'µA', 'y_type': 'Current'} 

2024-06-04 10:57:08,637 - INFO -run_logger.palmsens_driver 
 	 Data received: {'index': 25, 'x': [0.10019588470458984], 'x_unit': 'V', 'x_type': 'Potential', 'y': [-0.0011205673217773438], 'y_unit': 'µA', 'y_type': 'Current'} 

2024-06-04 10:57:09,609 - INFO -run_logger.palmsens_driver 
 	 Data received: {'index': 26, 'x': [0.050273895263671875], 'x_unit': 'V', 'x_type': 'Potential', 'y': [-0.009465217590332031], 'y_unit': 'µA', 'y_type': 'Current'} 

2024-06-04 10:57:10,623 - INFO -run_logger.palmsens_driver 
 	 Data received: {'index': 27, 'x': [0.00027370452880859375], 'x_unit': 'V', 'x_type': 'Potential', 'y': [-0.0030279159545898438], 'y_unit': 'µA', 'y_type': 'Current'} 

2024-06-04 10:57:11,603 - INFO -run_logger.palmsens_driver 
 	 Data received: {'index': 28, 'x': [0.050273895263671875], 'x_unit': 'V', 'x_type': 'Potential', 'y': [-0.005888938903808594], 'y_unit': 'µA', 'y_type': 'Current'} 

2024-06-04 10:57:12,628 - INFO -run_logger.palmsens_driver 
 	 Data received: {'index': 29, 'x': [0.10019588470458984], 'x_unit': 'V', 'x_type': 'Potential', 'y': [-0.004601478576660156], 'y_unit': 'µA', 'y_type': 'Current'} 

2024-06-04 10:57:13,623 - INFO -run_logger.palmsens_driver 
 	 Data received: {'index': 30, 'x': [0.15019607543945312], 'x_unit': 'V', 'x_type': 'Potential', 'y': [-0.0038385391235351562], 'y_unit': 'µA', 'y_type': 'Current'} 

2024-06-04 10:57:14,608 - INFO -run_logger.palmsens_driver 
 	 Data received: {'index': 31, 'x': [0.2001962661743164], 'x_unit': 'V', 'x_type': 'Potential', 'y': [-0.0027418136596679688], 'y_unit': 'µA', 'y_type': 'Current'} 

2024-06-04 10:57:15,627 - INFO -run_logger.palmsens_driver 
 	 Data received: {'index': 32, 'x': [0.2501182556152344], 'x_unit': 'V', 'x_type': 'Potential', 'y': [0.0021696090698242188], 'y_unit': 'µA', 'y_type': 'Current'} 

2024-06-04 10:57:16,614 - INFO -run_logger.palmsens_driver 
 	 Data received: {'index': 33, 'x': [0.30011844635009766], 'x_unit': 'V', 'x_type': 'Potential', 'y': [-0.006985664367675781], 'y_unit': 'µA', 'y_type': 'Current'} 

2024-06-04 10:57:17,603 - INFO -run_logger.palmsens_driver 
 	 Data received: {'index': 34, 'x': [0.3500404357910156], 'x_unit': 'V', 'x_type': 'Potential', 'y': [-0.0018835067749023438], 'y_unit': 'µA', 'y_type': 'Current'} 

2024-06-04 10:57:18,628 - INFO -run_logger.palmsens_driver 
 	 Data received: {'index': 35, 'x': [0.4000406265258789], 'x_unit': 'V', 'x_type': 'Potential', 'y': [-0.0031232833862304688], 'y_unit': 'µA', 'y_type': 'Current'} 

2024-06-04 10:57:19,639 - INFO -run_logger.palmsens_driver 
 	 Data received: {'index': 36, 'x': [0.4500408172607422], 'x_unit': 'V', 'x_type': 'Potential', 'y': [-0.0026941299438476562], 'y_unit': 'µA', 'y_type': 'Current'} 

2024-06-04 10:57:20,643 - INFO -run_logger.palmsens_driver 
 	 Data received: {'index': 1, 'x': [0.49996280670166016], 'x_unit': 'V', 'x_type': 'Potential', 'y': [-0.005793571472167969], 'y_unit': 'µA', 'y_type': 'Current'} 

2024-06-04 10:57:21,609 - INFO -run_logger.palmsens_driver 
 	 Data received: {'index': 2, 'x': [0.5499629974365234], 'x_unit': 'V', 'x_type': 'Potential', 'y': [-0.006556510925292969], 'y_unit': 'µA', 'y_type': 'Current'} 

2024-06-04 10:57:22,588 - INFO -run_logger.palmsens_driver 
 	 Data received: {'index': 3, 'x': [0.5999631881713867], 'x_unit': 'V', 'x_type': 'Potential', 'y': [-0.0028371810913085938], 'y_unit': 'µA', 'y_type': 'Current'} 

2024-06-04 10:57:23,599 - INFO -run_logger.palmsens_driver 
 	 Data received: {'index': 4, 'x': [0.6498851776123047], 'x_unit': 'V', 'x_type': 'Potential', 'y': [-0.005984306335449219], 'y_unit': 'µA', 'y_type': 'Current'} 

2024-06-04 10:57:24,592 - INFO -run_logger.palmsens_driver 
 	 Data received: {'index': 5, 'x': [0.699885368347168], 'x_unit': 'V', 'x_type': 'Potential', 'y': [-0.0016927719116210938], 'y_unit': 'µA', 'y_type': 'Current'} 

2024-06-04 10:57:25,617 - INFO -run_logger.palmsens_driver 
 	 Data received: {'index': 6, 'x': [0.7498855590820312], 'x_unit': 'V', 'x_type': 'Potential', 'y': [-0.008368492126464844], 'y_unit': 'µA', 'y_type': 'Current'} 

2024-06-04 10:57:26,607 - INFO -run_logger.palmsens_driver 
 	 Data received: {'index': 7, 'x': [0.7998075485229492], 'x_unit': 'V', 'x_type': 'Potential', 'y': [-0.0014543533325195312], 'y_unit': 'µA', 'y_type': 'Current'} 

2024-06-04 10:57:27,631 - INFO -run_logger.palmsens_driver 
 	 Data received: {'index': 8, 'x': [0.8498077392578125], 'x_unit': 'V', 'x_type': 'Potential', 'y': [-0.003933906555175781], 'y_unit': 'µA', 'y_type': 'Current'} 

2024-06-04 10:57:28,609 - INFO -run_logger.palmsens_driver 
 	 Data received: {'index': 9, 'x': [0.8998079299926758], 'x_unit': 'V', 'x_type': 'Potential', 'y': [-0.004172325134277344], 'y_unit': 'µA', 'y_type': 'Current'} 

2024-06-04 10:57:29,588 - INFO -run_logger.palmsens_driver 
 	 Data received: {'index': 10, 'x': [0.8498077392578125], 'x_unit': 'V', 'x_type': 'Potential', 'y': [-0.0007390975952148438], 'y_unit': 'µA', 'y_type': 'Current'} 

2024-06-04 10:57:30,611 - INFO -run_logger.palmsens_driver 
 	 Data received: {'index': 11, 'x': [0.7998075485229492], 'x_unit': 'V', 'x_type': 'Potential', 'y': [-0.006651878356933594], 'y_unit': 'µA', 'y_type': 'Current'} 

2024-06-04 10:57:31,586 - INFO -run_logger.palmsens_driver 
 	 Data received: {'index': 12, 'x': [0.7498855590820312], 'x_unit': 'V', 'x_type': 'Potential', 'y': [-0.0019311904907226562], 'y_unit': 'µA', 'y_type': 'Current'} 

2024-06-04 10:57:32,591 - INFO -run_logger.palmsens_driver 
 	 Data received: {'index': 13, 'x': [0.699885368347168], 'x_unit': 'V', 'x_type': 'Potential', 'y': [-0.006937980651855469], 'y_unit': 'µA', 'y_type': 'Current'} 

2024-06-04 10:57:33,597 - INFO -run_logger.palmsens_driver 
 	 Data received: {'index': 14, 'x': [0.6498851776123047], 'x_unit': 'V', 'x_type': 'Potential', 'y': [-0.0006437301635742188], 'y_unit': 'µA', 'y_type': 'Current'} 

2024-06-04 10:57:34,606 - INFO -run_logger.palmsens_driver 
 	 Data received: {'index': 15, 'x': [0.5999631881713867], 'x_unit': 'V', 'x_type': 'Potential', 'y': [-0.008606910705566406], 'y_unit': 'µA', 'y_type': 'Current'} 

2024-06-04 10:57:35,625 - INFO -run_logger.palmsens_driver 
 	 Data received: {'index': 16, 'x': [0.5499629974365234], 'x_unit': 'V', 'x_type': 'Potential', 'y': [-0.0032186508178710938], 'y_unit': 'µA', 'y_type': 'Current'} 

2024-06-04 10:57:36,623 - INFO -run_logger.palmsens_driver 
 	 Data received: {'index': 17, 'x': [0.49996280670166016], 'x_unit': 'V', 'x_type': 'Potential', 'y': [-0.005459785461425781], 'y_unit': 'µA', 'y_type': 'Current'} 

2024-06-04 10:57:37,610 - INFO -run_logger.palmsens_driver 
 	 Data received: {'index': 18, 'x': [0.4500408172607422], 'x_unit': 'V', 'x_type': 'Potential', 'y': [-0.005698204040527344], 'y_unit': 'µA', 'y_type': 'Current'} 

2024-06-04 10:57:38,602 - INFO -run_logger.palmsens_driver 
 	 Data received: {'index': 19, 'x': [0.4000406265258789], 'x_unit': 'V', 'x_type': 'Potential', 'y': [-0.0026464462280273438], 'y_unit': 'µA', 'y_type': 'Current'} 

2024-06-04 10:57:39,587 - INFO -run_logger.palmsens_driver 
 	 Data received: {'index': 20, 'x': [0.3500404357910156], 'x_unit': 'V', 'x_type': 'Potential', 'y': [-0.007128715515136719], 'y_unit': 'µA', 'y_type': 'Current'} 

2024-06-04 10:57:40,608 - INFO -run_logger.palmsens_driver 
 	 Data received: {'index': 21, 'x': [0.30011844635009766], 'x_unit': 'V', 'x_type': 'Potential', 'y': [-0.0016927719116210938], 'y_unit': 'µA', 'y_type': 'Current'} 

2024-06-04 10:57:41,587 - INFO -run_logger.palmsens_driver 
 	 Data received: {'index': 22, 'x': [0.2501182556152344], 'x_unit': 'V', 'x_type': 'Potential', 'y': [-0.008702278137207031], 'y_unit': 'µA', 'y_type': 'Current'} 

2024-06-04 10:57:42,597 - INFO -run_logger.palmsens_driver 
 	 Data received: {'index': 23, 'x': [0.2001962661743164], 'x_unit': 'V', 'x_type': 'Potential', 'y': [-0.0023126602172851562], 'y_unit': 'µA', 'y_type': 'Current'} 

