2024-06-17 14:47:26,614 - INFO -run_logger.palmsens_driver 
 	 Successfully connected to PalmSens4 [1]. 

2024-06-17 14:47:46,409 - INFO -run_logger.palmsens_driver 
 	 Data received: {'index': 1, 'x': [0.0], 'x_unit': 's', 'x_type': 'Time', 'y': [-1.996530532836914], 'y_unit': 'V', 'y_type': 'Potential'} 

2024-06-17 14:47:46,648 - INFO -run_logger.palmsens_driver 
 	 Data received: {'index': 2, 'x': [0.25], 'x_unit': 's', 'x_type': 'Time', 'y': [-1.996530532836914], 'y_unit': 'V', 'y_type': 'Potential'} 

2024-06-17 14:47:46,884 - INFO -run_logger.palmsens_driver 
 	 Data received: {'index': 3, 'x': [0.5], 'x_unit': 's', 'x_type': 'Time', 'y': [-1.9985618591308594], 'y_unit': 'V', 'y_type': 'Potential'} 

2024-06-17 14:47:47,132 - INFO -run_logger.palmsens_driver 
 	 Data received: {'index': 4, 'x': [0.75], 'x_unit': 's', 'x_type': 'Time', 'y': [-1.9982500076293945], 'y_unit': 'V', 'y_type': 'Potential'} 

2024-06-17 14:47:47,382 - INFO -run_logger.palmsens_driver 
 	 Data received: {'index': 5, 'x': [1.0], 'x_unit': 's', 'x_type': 'Time', 'y': [-1.9981718063354492], 'y_unit': 'V', 'y_type': 'Potential'} 

2024-06-17 14:47:47,632 - INFO -run_logger.palmsens_driver 
 	 Data received: {'index': 6, 'x': [1.25], 'x_unit': 's', 'x_type': 'Time', 'y': [-1.9981718063354492], 'y_unit': 'V', 'y_type': 'Potential'} 

2024-06-17 14:47:47,910 - INFO -run_logger.palmsens_driver 
 	 Data received: {'index': 7, 'x': [1.5], 'x_unit': 's', 'x_type': 'Time', 'y': [-1.998093605041504], 'y_unit': 'V', 'y_type': 'Potential'} 

2024-06-17 14:47:48,145 - INFO -run_logger.palmsens_driver 
 	 Data received: {'index': 8, 'x': [1.75], 'x_unit': 's', 'x_type': 'Time', 'y': [-1.9981718063354492], 'y_unit': 'V', 'y_type': 'Potential'} 

2024-06-17 14:47:48,378 - INFO -run_logger.palmsens_driver 
 	 Data received: {'index': 9, 'x': [2.0], 'x_unit': 's', 'x_type': 'Time', 'y': [-1.9979372024536133], 'y_unit': 'V', 'y_type': 'Potential'} 

2024-06-17 14:47:48,655 - INFO -run_logger.palmsens_driver 
 	 Data received: {'index': 10, 'x': [2.25], 'x_unit': 's', 'x_type': 'Time', 'y': [-1.9980154037475586], 'y_unit': 'V', 'y_type': 'Potential'} 

2024-06-17 14:47:48,888 - INFO -run_logger.palmsens_driver 
 	 Data received: {'index': 11, 'x': [2.5], 'x_unit': 's', 'x_type': 'Time', 'y': [-1.998093605041504], 'y_unit': 'V', 'y_type': 'Potential'} 

2024-06-17 14:47:49,167 - INFO -run_logger.palmsens_driver 
 	 Data received: {'index': 12, 'x': [2.75], 'x_unit': 's', 'x_type': 'Time', 'y': [-1.998093605041504], 'y_unit': 'V', 'y_type': 'Potential'} 

2024-06-17 14:47:49,401 - INFO -run_logger.palmsens_driver 
 	 Data received: {'index': 13, 'x': [3.0], 'x_unit': 's', 'x_type': 'Time', 'y': [-1.998093605041504], 'y_unit': 'V', 'y_type': 'Potential'} 

2024-06-17 14:47:49,635 - INFO -run_logger.palmsens_driver 
 	 Data received: {'index': 14, 'x': [3.25], 'x_unit': 's', 'x_type': 'Time', 'y': [-1.9992656707763672], 'y_unit': 'V', 'y_type': 'Potential'} 

2024-06-17 14:47:49,915 - INFO -run_logger.palmsens_driver 
 	 Data received: {'index': 15, 'x': [3.5], 'x_unit': 's', 'x_type': 'Time', 'y': [-1.9988746643066406], 'y_unit': 'V', 'y_type': 'Potential'} 

2024-06-17 14:47:50,161 - INFO -run_logger.palmsens_driver 
 	 Data received: {'index': 16, 'x': [3.75], 'x_unit': 's', 'x_type': 'Time', 'y': [-1.9988746643066406], 'y_unit': 'V', 'y_type': 'Potential'} 

2024-06-17 14:47:50,394 - INFO -run_logger.palmsens_driver 
 	 Data received: {'index': 17, 'x': [4.0], 'x_unit': 's', 'x_type': 'Time', 'y': [-1.9987964630126953], 'y_unit': 'V', 'y_type': 'Potential'} 

2024-06-17 14:47:50,626 - INFO -run_logger.palmsens_driver 
 	 Data received: {'index': 18, 'x': [4.25], 'x_unit': 's', 'x_type': 'Time', 'y': [-1.998952865600586], 'y_unit': 'V', 'y_type': 'Potential'} 

2024-06-17 14:47:50,908 - INFO -run_logger.palmsens_driver 
 	 Data received: {'index': 19, 'x': [4.5], 'x_unit': 's', 'x_type': 'Time', 'y': [-1.999812126159668], 'y_unit': 'V', 'y_type': 'Potential'} 

2024-06-17 14:47:51,140 - INFO -run_logger.palmsens_driver 
 	 Data received: {'index': 20, 'x': [4.75], 'x_unit': 's', 'x_type': 'Time', 'y': [-1.9996557235717773], 'y_unit': 'V', 'y_type': 'Potential'} 

2024-06-17 14:47:51,374 - INFO -run_logger.palmsens_driver 
 	 Data received: {'index': 21, 'x': [5.0], 'x_unit': 's', 'x_type': 'Time', 'y': [-1.9996557235717773], 'y_unit': 'V', 'y_type': 'Potential'} 

2024-06-17 14:47:51,653 - INFO -run_logger.palmsens_driver 
 	 Data received: {'index': 22, 'x': [5.25], 'x_unit': 's', 'x_type': 'Time', 'y': [-1.9994993209838867], 'y_unit': 'V', 'y_type': 'Potential'} 

2024-06-17 14:47:51,887 - INFO -run_logger.palmsens_driver 
 	 Data received: {'index': 23, 'x': [5.5], 'x_unit': 's', 'x_type': 'Time', 'y': [-1.999577522277832], 'y_unit': 'V', 'y_type': 'Potential'} 

2024-06-17 14:47:52,120 - INFO -run_logger.palmsens_driver 
 	 Data received: {'index': 24, 'x': [5.75], 'x_unit': 's', 'x_type': 'Time', 'y': [-1.999577522277832], 'y_unit': 'V', 'y_type': 'Potential'} 

2024-06-17 14:47:52,399 - INFO -run_logger.palmsens_driver 
 	 Data received: {'index': 25, 'x': [6.0], 'x_unit': 's', 'x_type': 'Time', 'y': [-1.9994220733642578], 'y_unit': 'V', 'y_type': 'Potential'} 

2024-06-17 14:47:52,645 - INFO -run_logger.palmsens_driver 
 	 Data received: {'index': 26, 'x': [6.25], 'x_unit': 's', 'x_type': 'Time', 'y': [-1.999577522277832], 'y_unit': 'V', 'y_type': 'Potential'} 

2024-06-17 14:47:52,875 - INFO -run_logger.palmsens_driver 
 	 Data received: {'index': 27, 'x': [6.5], 'x_unit': 's', 'x_type': 'Time', 'y': [-1.9994993209838867], 'y_unit': 'V', 'y_type': 'Potential'} 

2024-06-17 14:47:53,154 - INFO -run_logger.palmsens_driver 
 	 Data received: {'index': 28, 'x': [6.75], 'x_unit': 's', 'x_type': 'Time', 'y': [-1.9993438720703125], 'y_unit': 'V', 'y_type': 'Potential'} 

2024-06-17 14:47:53,390 - INFO -run_logger.palmsens_driver 
 	 Data received: {'index': 29, 'x': [7.0], 'x_unit': 's', 'x_type': 'Time', 'y': [-1.9994220733642578], 'y_unit': 'V', 'y_type': 'Potential'} 

2024-06-17 14:47:53,623 - INFO -run_logger.palmsens_driver 
 	 Data received: {'index': 30, 'x': [7.25], 'x_unit': 's', 'x_type': 'Time', 'y': [-2.000359535217285], 'y_unit': 'V', 'y_type': 'Potential'} 

2024-06-17 14:47:53,903 - INFO -run_logger.palmsens_driver 
 	 Data received: {'index': 31, 'x': [7.5], 'x_unit': 's', 'x_type': 'Time', 'y': [-2.0005149841308594], 'y_unit': 'V', 'y_type': 'Potential'} 

2024-06-17 14:47:54,138 - INFO -run_logger.palmsens_driver 
 	 Data received: {'index': 32, 'x': [7.75], 'x_unit': 's', 'x_type': 'Time', 'y': [-2.000436782836914], 'y_unit': 'V', 'y_type': 'Potential'} 

2024-06-17 14:47:54,373 - INFO -run_logger.palmsens_driver 
 	 Data received: {'index': 33, 'x': [8.0], 'x_unit': 's', 'x_type': 'Time', 'y': [-2.0005931854248047], 'y_unit': 'V', 'y_type': 'Potential'} 

2024-06-17 14:47:54,651 - INFO -run_logger.palmsens_driver 
 	 Data received: {'index': 34, 'x': [8.25], 'x_unit': 's', 'x_type': 'Time', 'y': [-2.0007495880126953], 'y_unit': 'V', 'y_type': 'Potential'} 

2024-06-17 14:47:54,885 - INFO -run_logger.palmsens_driver 
 	 Data received: {'index': 35, 'x': [8.5], 'x_unit': 's', 'x_type': 'Time', 'y': [-2.00067138671875], 'y_unit': 'V', 'y_type': 'Potential'} 

2024-06-17 14:47:55,133 - INFO -run_logger.palmsens_driver 
 	 Data received: {'index': 36, 'x': [8.75], 'x_unit': 's', 'x_type': 'Time', 'y': [-2.0008277893066406], 'y_unit': 'V', 'y_type': 'Potential'} 

2024-06-17 14:47:55,415 - INFO -run_logger.palmsens_driver 
 	 Data received: {'index': 37, 'x': [9.0], 'x_unit': 's', 'x_type': 'Time', 'y': [-2.0007495880126953], 'y_unit': 'V', 'y_type': 'Potential'} 

2024-06-17 14:47:55,661 - INFO -run_logger.palmsens_driver 
 	 Data received: {'index': 38, 'x': [9.25], 'x_unit': 's', 'x_type': 'Time', 'y': [-2.0007495880126953], 'y_unit': 'V', 'y_type': 'Potential'} 

2024-06-17 14:47:55,893 - INFO -run_logger.palmsens_driver 
 	 Data received: {'index': 39, 'x': [9.5], 'x_unit': 's', 'x_type': 'Time', 'y': [-2.0007495880126953], 'y_unit': 'V', 'y_type': 'Potential'} 

2024-06-17 14:47:56,127 - INFO -run_logger.palmsens_driver 
 	 Data received: {'index': 40, 'x': [9.75], 'x_unit': 's', 'x_type': 'Time', 'y': [-2.0005931854248047], 'y_unit': 'V', 'y_type': 'Potential'} 

2024-06-17 14:47:56,409 - INFO -run_logger.palmsens_driver 
 	 Data received: {'index': 41, 'x': [10.0], 'x_unit': 's', 'x_type': 'Time', 'y': [-2.00067138671875], 'y_unit': 'V', 'y_type': 'Potential'} 

2024-06-17 14:47:56,644 - INFO -run_logger.palmsens_driver 
 	 Data received: {'index': 42, 'x': [10.25], 'x_unit': 's', 'x_type': 'Time', 'y': [-2.00067138671875], 'y_unit': 'V', 'y_type': 'Potential'} 

2024-06-17 14:47:56,878 - INFO -run_logger.palmsens_driver 
 	 Data received: {'index': 43, 'x': [10.5], 'x_unit': 's', 'x_type': 'Time', 'y': [-2.0005931854248047], 'y_unit': 'V', 'y_type': 'Potential'} 

2024-06-17 14:47:57,156 - INFO -run_logger.palmsens_driver 
 	 Data received: {'index': 44, 'x': [10.75], 'x_unit': 's', 'x_type': 'Time', 'y': [-2.0005931854248047], 'y_unit': 'V', 'y_type': 'Potential'} 

2024-06-17 14:47:57,392 - INFO -run_logger.palmsens_driver 
 	 Data received: {'index': 45, 'x': [11.0], 'x_unit': 's', 'x_type': 'Time', 'y': [-2.000436782836914], 'y_unit': 'V', 'y_type': 'Potential'} 

2024-06-17 14:47:57,628 - INFO -run_logger.palmsens_driver 
 	 Data received: {'index': 46, 'x': [11.25], 'x_unit': 's', 'x_type': 'Time', 'y': [-2.0005149841308594], 'y_unit': 'V', 'y_type': 'Potential'} 

2024-06-17 14:47:57,907 - INFO -run_logger.palmsens_driver 
 	 Data received: {'index': 47, 'x': [11.5], 'x_unit': 's', 'x_type': 'Time', 'y': [-2.0005149841308594], 'y_unit': 'V', 'y_type': 'Potential'} 

2024-06-17 14:47:58,139 - INFO -run_logger.palmsens_driver 
 	 Data received: {'index': 48, 'x': [11.75], 'x_unit': 's', 'x_type': 'Time', 'y': [-2.000436782836914], 'y_unit': 'V', 'y_type': 'Potential'} 

2024-06-17 14:47:58,372 - INFO -run_logger.palmsens_driver 
 	 Data received: {'index': 49, 'x': [12.0], 'x_unit': 's', 'x_type': 'Time', 'y': [-2.000436782836914], 'y_unit': 'V', 'y_type': 'Potential'} 

2024-06-17 14:47:58,651 - INFO -run_logger.palmsens_driver 
 	 Data received: {'index': 50, 'x': [12.25], 'x_unit': 's', 'x_type': 'Time', 'y': [-2.000359535217285], 'y_unit': 'V', 'y_type': 'Potential'} 

2024-06-17 14:47:58,884 - INFO -run_logger.palmsens_driver 
 	 Data received: {'index': 51, 'x': [12.5], 'x_unit': 's', 'x_type': 'Time', 'y': [-2.00028133392334], 'y_unit': 'V', 'y_type': 'Potential'} 

2024-06-17 14:47:59,165 - INFO -run_logger.palmsens_driver 
 	 Data received: {'index': 52, 'x': [12.75], 'x_unit': 's', 'x_type': 'Time', 'y': [-2.00028133392334], 'y_unit': 'V', 'y_type': 'Potential'} 

2024-06-17 14:47:59,400 - INFO -run_logger.palmsens_driver 
 	 Data received: {'index': 53, 'x': [13.0], 'x_unit': 's', 'x_type': 'Time', 'y': [-2.000046730041504], 'y_unit': 'V', 'y_type': 'Potential'} 

2024-06-17 14:47:59,634 - INFO -run_logger.palmsens_driver 
 	 Data received: {'index': 54, 'x': [13.25], 'x_unit': 's', 'x_type': 'Time', 'y': [-2.000124931335449], 'y_unit': 'V', 'y_type': 'Potential'} 

2024-06-17 14:47:59,882 - INFO -run_logger.palmsens_driver 
 	 Data received: {'index': 55, 'x': [13.5], 'x_unit': 's', 'x_type': 'Time', 'y': [-2.000046730041504], 'y_unit': 'V', 'y_type': 'Potential'} 

2024-06-17 14:48:00,161 - INFO -run_logger.palmsens_driver 
 	 Data received: {'index': 56, 'x': [13.75], 'x_unit': 's', 'x_type': 'Time', 'y': [-1.9998903274536133], 'y_unit': 'V', 'y_type': 'Potential'} 

2024-06-17 14:48:00,395 - INFO -run_logger.palmsens_driver 
 	 Data received: {'index': 57, 'x': [14.0], 'x_unit': 's', 'x_type': 'Time', 'y': [-1.9998903274536133], 'y_unit': 'V', 'y_type': 'Potential'} 

2024-06-17 14:48:00,628 - INFO -run_logger.palmsens_driver 
 	 Data received: {'index': 58, 'x': [14.25], 'x_unit': 's', 'x_type': 'Time', 'y': [-1.9998903274536133], 'y_unit': 'V', 'y_type': 'Potential'} 

2024-06-17 14:48:00,905 - INFO -run_logger.palmsens_driver 
 	 Data received: {'index': 59, 'x': [14.5], 'x_unit': 's', 'x_type': 'Time', 'y': [-1.9999685287475586], 'y_unit': 'V', 'y_type': 'Potential'} 

2024-06-17 14:48:01,139 - INFO -run_logger.palmsens_driver 
 	 Data received: {'index': 60, 'x': [14.75], 'x_unit': 's', 'x_type': 'Time', 'y': [-1.9998903274536133], 'y_unit': 'V', 'y_type': 'Potential'} 

2024-06-17 14:48:01,373 - INFO -run_logger.palmsens_driver 
 	 Data received: {'index': 61, 'x': [15.0], 'x_unit': 's', 'x_type': 'Time', 'y': [-1.9998903274536133], 'y_unit': 'V', 'y_type': 'Potential'} 

2024-06-17 14:48:01,653 - INFO -run_logger.palmsens_driver 
 	 Data received: {'index': 62, 'x': [15.25], 'x_unit': 's', 'x_type': 'Time', 'y': [-1.9998903274536133], 'y_unit': 'V', 'y_type': 'Potential'} 

2024-06-17 14:48:01,888 - INFO -run_logger.palmsens_driver 
 	 Data received: {'index': 63, 'x': [15.5], 'x_unit': 's', 'x_type': 'Time', 'y': [-1.999812126159668], 'y_unit': 'V', 'y_type': 'Potential'} 

2024-06-17 14:48:02,124 - INFO -run_logger.palmsens_driver 
 	 Data received: {'index': 64, 'x': [15.75], 'x_unit': 's', 'x_type': 'Time', 'y': [-1.9998903274536133], 'y_unit': 'V', 'y_type': 'Potential'} 

2024-06-17 14:48:02,403 - INFO -run_logger.palmsens_driver 
 	 Data received: {'index': 65, 'x': [16.0], 'x_unit': 's', 'x_type': 'Time', 'y': [-1.9998903274536133], 'y_unit': 'V', 'y_type': 'Potential'} 

2024-06-17 14:48:02,636 - INFO -run_logger.palmsens_driver 
 	 Data received: {'index': 66, 'x': [16.25], 'x_unit': 's', 'x_type': 'Time', 'y': [-1.999812126159668], 'y_unit': 'V', 'y_type': 'Potential'} 

2024-06-17 14:48:02,869 - INFO -run_logger.palmsens_driver 
 	 Data received: {'index': 67, 'x': [16.5], 'x_unit': 's', 'x_type': 'Time', 'y': [-1.999812126159668], 'y_unit': 'V', 'y_type': 'Potential'} 

2024-06-17 14:48:03,150 - INFO -run_logger.palmsens_driver 
 	 Data received: {'index': 68, 'x': [16.75], 'x_unit': 's', 'x_type': 'Time', 'y': [-1.999812126159668], 'y_unit': 'V', 'y_type': 'Potential'} 

2024-06-17 14:48:03,385 - INFO -run_logger.palmsens_driver 
 	 Data received: {'index': 69, 'x': [17.0], 'x_unit': 's', 'x_type': 'Time', 'y': [-1.999812126159668], 'y_unit': 'V', 'y_type': 'Potential'} 

2024-06-17 14:48:03,665 - INFO -run_logger.palmsens_driver 
 	 Data received: {'index': 70, 'x': [17.25], 'x_unit': 's', 'x_type': 'Time', 'y': [-1.999812126159668], 'y_unit': 'V', 'y_type': 'Potential'} 

2024-06-17 14:48:03,898 - INFO -run_logger.palmsens_driver 
 	 Data received: {'index': 71, 'x': [17.5], 'x_unit': 's', 'x_type': 'Time', 'y': [-1.999812126159668], 'y_unit': 'V', 'y_type': 'Potential'} 

2024-06-17 14:48:04,164 - INFO -run_logger.palmsens_driver 
 	 Data received: {'index': 72, 'x': [17.75], 'x_unit': 's', 'x_type': 'Time', 'y': [-1.999812126159668], 'y_unit': 'V', 'y_type': 'Potential'} 

2024-06-17 14:48:04,399 - INFO -run_logger.palmsens_driver 
 	 Data received: {'index': 73, 'x': [18.0], 'x_unit': 's', 'x_type': 'Time', 'y': [-1.9997339248657227], 'y_unit': 'V', 'y_type': 'Potential'} 

2024-06-17 14:48:04,634 - INFO -run_logger.palmsens_driver 
 	 Data received: {'index': 74, 'x': [18.25], 'x_unit': 's', 'x_type': 'Time', 'y': [-1.9997339248657227], 'y_unit': 'V', 'y_type': 'Potential'} 

2024-06-17 14:48:04,915 - INFO -run_logger.palmsens_driver 
 	 Data received: {'index': 75, 'x': [18.5], 'x_unit': 's', 'x_type': 'Time', 'y': [-1.999812126159668], 'y_unit': 'V', 'y_type': 'Potential'} 

2024-06-17 14:48:05,151 - INFO -run_logger.palmsens_driver 
 	 Data received: {'index': 76, 'x': [18.75], 'x_unit': 's', 'x_type': 'Time', 'y': [-1.9997339248657227], 'y_unit': 'V', 'y_type': 'Potential'} 

2024-06-17 14:48:05,384 - INFO -run_logger.palmsens_driver 
 	 Data received: {'index': 77, 'x': [19.0], 'x_unit': 's', 'x_type': 'Time', 'y': [-1.999812126159668], 'y_unit': 'V', 'y_type': 'Potential'} 

2024-06-17 14:48:05,632 - INFO -run_logger.palmsens_driver 
 	 Data received: {'index': 78, 'x': [19.25], 'x_unit': 's', 'x_type': 'Time', 'y': [-1.999812126159668], 'y_unit': 'V', 'y_type': 'Potential'} 

2024-06-17 14:48:05,913 - INFO -run_logger.palmsens_driver 
 	 Data received: {'index': 79, 'x': [19.5], 'x_unit': 's', 'x_type': 'Time', 'y': [-1.9997339248657227], 'y_unit': 'V', 'y_type': 'Potential'} 

2024-06-17 14:48:06,149 - INFO -run_logger.palmsens_driver 
 	 Data received: {'index': 80, 'x': [19.75], 'x_unit': 's', 'x_type': 'Time', 'y': [-1.9998903274536133], 'y_unit': 'V', 'y_type': 'Potential'} 

2024-06-17 14:48:06,413 - INFO -run_logger.palmsens_driver 
 	 Data received: {'index': 81, 'x': [20.0], 'x_unit': 's', 'x_type': 'Time', 'y': [-1.9997339248657227], 'y_unit': 'V', 'y_type': 'Potential'} 

2024-06-17 14:48:06,449 - INFO -run_logger.palmsens_driver 
 	 result:
{'Title': 'Open Circuit Potentiometry', 'timestamp': '17/06/2024 14:47:44', 'current_arrays': [[0.2384185791015625, 0.2384185791015625, 0.2384185791015625, 0.2384185791015625, 0.2384185791015625, 0.2384185791015625, 0.2384185791015625, 0.2384185791015625, 0.2384185791015625, 0.2384185791015625, 0.2384185791015625, 0.2384185791015625, 0.2384185791015625, 0.2384185791015625, 0.2384185791015625, 0.2384185791015625, 0.2384185791015625, 0.2384185791015625, 0.2384185791015625, 0.2384185791015625, 0.2384185791015625, 0.2384185791015625, 0.2384185791015625, 0.2384185791015625, 0.2384185791015625, 0.2384185791015625, 0.2384185791015625, 0.2384185791015625, 0.2384185791015625, 0.2384185791015625, 0.2384185791015625, 0.2384185791015625, 0.2384185791015625, 0.2384185791015625, 0.2384185791015625, 0.2384185791015625, 0.2384185791015625, 0.2384185791015625, 0.2384185791015625, 0.2384185791015625, 0.2384185791015625, 0.2384185791015625, 0.2384185791015625, 0.2384185791015625, 0.2384185791015625, 0.2384185791015625, 0.2384185791015625, 0.2384185791015625, 0.2384185791015625, 0.2384185791015625, 0.2384185791015625, 0.2384185791015625, 0.2384185791015625, 0.2384185791015625, 0.2384185791015625, 0.2384185791015625, 0.2384185791015625, 0.2384185791015625, 0.2384185791015625, 0.2384185791015625, 0.2384185791015625, 0.2384185791015625, 0.2384185791015625, 0.2384185791015625, 0.2384185791015625, 0.2384185791015625, 0.2384185791015625, 0.2384185791015625, 0.2384185791015625, 0.2384185791015625, 0.2384185791015625, 0.2384185791015625, 0.2384185791015625, 0.2384185791015625, 0.2384185791015625, 0.2384185791015625, 0.2384185791015625, 0.2384185791015625, 0.2384185791015625, 0.2384185791015625, 0.2384185791015625]], 'potential_arrays': [[-1.996530532836914, -1.996530532836914, -1.9985618591308594, -1.9982500076293945, -1.9981718063354492, -1.9981718063354492, -1.998093605041504, -1.9981718063354492, -1.9979372024536133, -1.9980154037475586, -1.998093605041504, -1.998093605041504, -1.998093605041504, -1.9992656707763672, -1.9988746643066406, -1.9988746643066406, -1.9987964630126953, -1.998952865600586, -1.999812126159668, -1.9996557235717773, -1.9996557235717773, -1.9994993209838867, -1.999577522277832, -1.999577522277832, -1.9994220733642578, -1.999577522277832, -1.9994993209838867, -1.9993438720703125, -1.9994220733642578, -2.000359535217285, -2.0005149841308594, -2.000436782836914, -2.0005931854248047, -2.0007495880126953, -2.00067138671875, -2.0008277893066406, -2.0007495880126953, -2.0007495880126953, -2.0007495880126953, -2.0005931854248047, -2.00067138671875, -2.00067138671875, -2.0005931854248047, -2.0005931854248047, -2.000436782836914, -2.0005149841308594, -2.0005149841308594, -2.000436782836914, -2.000436782836914, -2.000359535217285, -2.00028133392334, -2.00028133392334, -2.000046730041504, -2.000124931335449, -2.000046730041504, -1.9998903274536133, -1.9998903274536133, -1.9998903274536133, -1.9999685287475586, -1.9998903274536133, -1.9998903274536133, -1.9998903274536133, -1.999812126159668, -1.9998903274536133, -1.9998903274536133, -1.999812126159668, -1.999812126159668, -1.999812126159668, -1.999812126159668, -1.999812126159668, -1.999812126159668, -1.999812126159668, -1.9997339248657227, -1.9997339248657227, -1.999812126159668, -1.9997339248657227, -1.999812126159668, -1.999812126159668, -1.9997339248657227, -1.9998903274536133, -1.9997339248657227]], 'time_arrays': [[0.0, 0.25, 0.5, 0.75, 1.0, 1.25, 1.5, 1.75, 2.0, 2.25, 2.5, 2.75, 3.0, 3.25, 3.5, 3.75, 4.0, 4.25, 4.5, 4.75, 5.0, 5.25, 5.5, 5.75, 6.0, 6.25, 6.5, 6.75, 7.0, 7.25, 7.5, 7.75, 8.0, 8.25, 8.5, 8.75, 9.0, 9.25, 9.5, 9.75, 10.0, 10.25, 10.5, 10.75, 11.0, 11.25, 11.5, 11.75, 12.0, 12.25, 12.5, 12.75, 13.0, 13.25, 13.5, 13.75, 14.0, 14.25, 14.5, 14.75, 15.0, 15.25, 15.5, 15.75, 16.0, 16.25, 16.5, 16.75, 17.0, 17.25, 17.5, 17.75, 18.0, 18.25, 18.5, 18.75, 19.0, 19.25, 19.5, 19.75, 20.0]], 'freq_arrays': [], 'zre_arrays': [], 'zim_arrays': [], 'aux_input_arrays': [], 'peaks': [], 'eis_fit': []} 

