2024-06-13 14:56:34,982 - INFO -run_logger.palmsens_driver 
 	 Successfully connected to PalmSens4 [1]. 

2024-06-13 15:01:17,327 - INFO -run_logger.palmsens_driver 
 	 Data received: {'index': 1, 'x': [0.0], 'x_unit': 's', 'x_type': 'Time', 'y': [-3.910064697265625e-05], 'y_unit': 'V', 'y_type': 'Potential'} 

2024-06-13 15:01:17,781 - INFO -run_logger.palmsens_driver 
 	 Data received: {'index': 2, 'x': [0.5], 'x_unit': 's', 'x_type': 'Time', 'y': [-3.910064697265625e-05], 'y_unit': 'V', 'y_type': 'Potential'} 

2024-06-13 15:01:18,297 - INFO -run_logger.palmsens_driver 
 	 Data received: {'index': 3, 'x': [1.0], 'x_unit': 's', 'x_type': 'Time', 'y': [-3.910064697265625e-05], 'y_unit': 'V', 'y_type': 'Potential'} 

2024-06-13 15:01:18,810 - INFO -run_logger.palmsens_driver 
 	 Data received: {'index': 4, 'x': [1.5], 'x_unit': 's', 'x_type': 'Time', 'y': [-3.910064697265625e-05], 'y_unit': 'V', 'y_type': 'Potential'} 

2024-06-13 15:01:19,281 - INFO -run_logger.palmsens_driver 
 	 Data received: {'index': 5, 'x': [2.0], 'x_unit': 's', 'x_type': 'Time', 'y': [-3.910064697265625e-05], 'y_unit': 'V', 'y_type': 'Potential'} 

2024-06-13 15:01:19,797 - INFO -run_logger.palmsens_driver 
 	 Data received: {'index': 6, 'x': [2.5], 'x_unit': 's', 'x_type': 'Time', 'y': [0.00016794205293990672], 'y_unit': 'V', 'y_type': 'Potential'} 

2024-06-13 15:01:20,314 - INFO -run_logger.palmsens_driver 
 	 Data received: {'index': 7, 'x': [3.0], 'x_unit': 's', 'x_type': 'Time', 'y': [0.00016794205293990672], 'y_unit': 'V', 'y_type': 'Potential'} 

2024-06-13 15:01:20,781 - INFO -run_logger.palmsens_driver 
 	 Data received: {'index': 8, 'x': [3.5], 'x_unit': 's', 'x_type': 'Time', 'y': [0.00016794205293990672], 'y_unit': 'V', 'y_type': 'Potential'} 

2024-06-13 15:01:21,297 - INFO -run_logger.palmsens_driver 
 	 Data received: {'index': 9, 'x': [4.0], 'x_unit': 's', 'x_type': 'Time', 'y': [0.00016794205293990672], 'y_unit': 'V', 'y_type': 'Potential'} 

2024-06-13 15:01:21,812 - INFO -run_logger.palmsens_driver 
 	 Data received: {'index': 10, 'x': [4.5], 'x_unit': 's', 'x_type': 'Time', 'y': [0.00017576217942405492], 'y_unit': 'V', 'y_type': 'Potential'} 

2024-06-13 15:01:22,276 - INFO -run_logger.palmsens_driver 
 	 Data received: {'index': 11, 'x': [5.0], 'x_unit': 's', 'x_type': 'Time', 'y': [0.00018008232291322201], 'y_unit': 'V', 'y_type': 'Potential'} 

2024-06-13 15:01:22,291 - INFO -run_logger.palmsens_driver 
 	 result:
{'Title': 'Open Circuit Potentiometry', 'timestamp': '13/06/2024 15:01:15', 'current_arrays': [[0.2384185791015625, 0.2384185791015625, 0.2384185791015625, 0.2384185791015625, 0.2384185791015625, 0.2384185791015625, 0.2384185791015625, 0.2384185791015625, 0.2384185791015625, 0.2384185791015625, 0.2384185791015625]], 'potential_arrays': [[-3.910064697265625e-05, -3.910064697265625e-05, -3.910064697265625e-05, -3.910064697265625e-05, -3.910064697265625e-05, 0.00016794205293990672, 0.00016794205293990672, 0.00016794205293990672, 0.00016794205293990672, 0.00017576217942405492, 0.00018008232291322201]], 'time_arrays': [[0.0, 0.5, 1.0, 1.5, 2.0, 2.5, 3.0, 3.5, 4.0, 4.5, 5.0]], 'freq_arrays': [], 'zre_arrays': [], 'zim_arrays': [], 'aux_input_arrays': [], 'peaks': [], 'eis_fit': []} 

