2024-04-15 16:50:34,254 - INFO -run_logger.driver.palmsens_driver 
 	 Successfully connected to PalmSens4 [1]. 

2024-04-15 16:50:44,067 - INFO -run_logger.driver.palmsens_driver 
 	 Data received: {'index': 1, 'frequency': [100000.0], 'zre': [558.5118352804798], 'zim': [46.09734630816018]} 

2024-04-15 16:50:45,283 - INFO -run_logger.driver.palmsens_driver 
 	 Data received: {'index': 2, 'frequency': [82540.421875], 'zre': [559.6914693006709], 'zim': [57.88944691845851]} 

2024-04-15 16:50:46,503 - INFO -run_logger.driver.palmsens_driver 
 	 Data received: {'index': 3, 'frequency': [68129.203125], 'zre': [559.6267251450969], 'zim': [70.58907121711448]} 

2024-04-15 16:50:47,719 - INFO -run_logger.driver.palmsens_driver 
 	 Data received: {'index': 4, 'frequency': [56234.1328125], 'zre': [559.9223438511917], 'zim': [85.49767076419789]} 

2024-04-15 16:50:48,936 - INFO -run_logger.driver.palmsens_driver 
 	 Data received: {'index': 5, 'frequency': [46415.88671875], 'zre': [560.4397602870187], 'zim': [103.26905228030517]} 

2024-04-15 16:50:50,150 - INFO -run_logger.driver.palmsens_driver 
 	 Data received: {'index': 6, 'frequency': [38311.8671875], 'zre': [560.9287977892909], 'zim': [125.39351738714988]} 

2024-04-15 16:50:51,387 - INFO -run_logger.driver.palmsens_driver 
 	 Data received: {'index': 7, 'frequency': [31622.77734375], 'zre': [561.4718275739159], 'zim': [151.824800521426]} 

2024-04-15 16:50:52,595 - INFO -run_logger.driver.palmsens_driver 
 	 Data received: {'index': 8, 'frequency': [26101.572265625], 'zre': [562.6273319963193], 'zim': [183.97143821434867]} 

2024-04-15 16:50:53,804 - INFO -run_logger.driver.palmsens_driver 
 	 Data received: {'index': 9, 'frequency': [21544.34765625], 'zre': [564.137422210895], 'zim': [222.79006946286754]} 

2024-04-15 16:50:55,026 - INFO -run_logger.driver.palmsens_driver 
 	 Data received: {'index': 10, 'frequency': [17782.794921875], 'zre': [566.4546005023], 'zim': [268.97406682502185]} 

2024-04-15 16:50:56,237 - INFO -run_logger.driver.palmsens_driver 
 	 Data received: {'index': 11, 'frequency': [14677.9931640625], 'zre': [570.2199500652362], 'zim': [325.8139349561429]} 

2024-04-15 16:50:57,451 - INFO -run_logger.driver.palmsens_driver 
 	 Data received: {'index': 12, 'frequency': [12115.2763671875], 'zre': [574.8900589253365], 'zim': [395.27581380493876]} 

2024-04-15 16:50:58,660 - INFO -run_logger.driver.palmsens_driver 
 	 Data received: {'index': 13, 'frequency': [10000.0], 'zre': [582.7563671037208], 'zim': [478.04096306826955]} 

2024-04-15 16:50:58,696 - INFO -run_logger.driver.palmsens_driver 
 	 result:
{'Title': 'Impedance Spectroscopy', 'timestamp': '15/04/2024 16:50:40', 'current_arrays': [[2384.185791015625, 23.84185791015625, -202.65579223632812, -245.57113647460938, -245.57113647460938, -221.72927856445312, -226.49765014648438, -240.80276489257812, -245.57113647460938, -231.26602172851562, -236.03439331054688, -236.03439331054688, -231.26602172851562]], 'potential_arrays': [[0.0, 0.0, 0.0, 0.0, 0.0, 0.0, 0.0, 0.0, 0.0, 0.0, 0.0, 0.0, 0.0]], 'time_arrays': [[0.0, 0.0, 0.0, 0.0, 0.0, 0.0, 0.0, 0.0, 0.0, 0.0, 0.0, 0.0, 0.0]], 'freq_arrays': [[100000.0, 82540.421875, 68129.203125, 56234.1328125, 46415.88671875, 38311.8671875, 31622.77734375, 26101.572265625, 21544.34765625, 17782.794921875, 14677.9931640625, 12115.2763671875, 10000.0]], 'zre_arrays': [[558.5118352804798, 559.6914693006709, 559.6267251450969, 559.9223438511917, 560.4397602870187, 560.9287977892909, 561.4718275739159, 562.6273319963193, 564.137422210895, 566.4546005023, 570.2199500652362, 574.8900589253365, 582.7563671037208]], 'zim_arrays': [[46.09734630816018, 57.88944691845851, 70.58907121711448, 85.49767076419789, 103.26905228030517, 125.39351738714988, 151.824800521426, 183.97143821434867, 222.79006946286754, 268.97406682502185, 325.8139349561429, 395.27581380493876, 478.04096306826955]], 'aux_input_arrays': [], 'peaks': [], 'eis_fit': []} 

