2024-04-16 16:31:00,479 - INFO -run_logger.palmsens_driver 
 	 Successfully connected to PalmSens4 [1]. 

2024-04-16 16:32:01,696 - INFO -run_logger.palmsens_driver 
 	 Data received: {'index': 1, 'x': [0.0], 'x_unit': 's', 'x_type': 'Time', 'y': [3.910064697265625e-05], 'y_unit': 'V', 'y_type': 'Potential'} 

2024-04-16 16:32:01,769 - INFO -run_logger.palmsens_driver 
 	 Data received: {'index': 2, 'x': [0.10000000149011612], 'x_unit': 's', 'x_type': 'Time', 'y': [3.910064697265625e-05], 'y_unit': 'V', 'y_type': 'Potential'} 

2024-04-16 16:32:01,857 - INFO -run_logger.palmsens_driver 
 	 Data received: {'index': 3, 'x': [0.20000000298023224], 'x_unit': 's', 'x_type': 'Time', 'y': [3.910064697265625e-05], 'y_unit': 'V', 'y_type': 'Potential'} 

2024-04-16 16:32:01,956 - INFO -run_logger.palmsens_driver 
 	 Data received: {'index': 4, 'x': [0.30000001192092896], 'x_unit': 's', 'x_type': 'Time', 'y': [3.910064697265625e-05], 'y_unit': 'V', 'y_type': 'Potential'} 

2024-04-16 16:32:02,057 - INFO -run_logger.palmsens_driver 
 	 Data received: {'index': 5, 'x': [0.4000000059604645], 'x_unit': 's', 'x_type': 'Time', 'y': [3.910064697265625e-05], 'y_unit': 'V', 'y_type': 'Potential'} 

2024-04-16 16:32:02,191 - INFO -run_logger.palmsens_driver 
 	 Data received: {'index': 6, 'x': [0.5], 'x_unit': 's', 'x_type': 'Time', 'y': [0.00028514862060546875], 'y_unit': 'V', 'y_type': 'Potential'} 

2024-04-16 16:32:02,223 - INFO -run_logger.palmsens_driver 
 	 result:
{'Title': 'Open Circuit Potentiometry', 'timestamp': '16/04/2024 16:32:00', 'current_arrays': [[0.2384185791015625, 0.2384185791015625, 0.2384185791015625, 0.2384185791015625, 0.2384185791015625, 0.2384185791015625]], 'potential_arrays': [[3.910064697265625e-05, 3.910064697265625e-05, 3.910064697265625e-05, 3.910064697265625e-05, 3.910064697265625e-05, 0.00028514862060546875]], 'time_arrays': [[0.0, 0.10000000149011612, 0.20000000298023224, 0.30000001192092896, 0.4000000059604645, 0.5]], 'freq_arrays': [], 'zre_arrays': [], 'zim_arrays': [], 'aux_input_arrays': [], 'peaks': [], 'eis_fit': []} 

2024-04-16 17:01:08,178 - INFO -run_logger.palmsens_driver 
 	 Data received: {'index': 1, 'x': [0.0], 'x_unit': 's', 'x_type': 'Time', 'y': [3.910064697265625e-05], 'y_unit': 'V', 'y_type': 'Potential'} 

2024-04-16 17:01:08,672 - INFO -run_logger.palmsens_driver 
 	 Data received: {'index': 2, 'x': [0.5], 'x_unit': 's', 'x_type': 'Time', 'y': [3.910064697265625e-05], 'y_unit': 'V', 'y_type': 'Potential'} 

2024-04-16 17:01:09,199 - INFO -run_logger.palmsens_driver 
 	 Data received: {'index': 3, 'x': [1.0], 'x_unit': 's', 'x_type': 'Time', 'y': [3.910064697265625e-05], 'y_unit': 'V', 'y_type': 'Potential'} 

2024-04-16 17:01:09,665 - INFO -run_logger.palmsens_driver 
 	 Data received: {'index': 4, 'x': [1.5], 'x_unit': 's', 'x_type': 'Time', 'y': [3.910064697265625e-05], 'y_unit': 'V', 'y_type': 'Potential'} 

2024-04-16 17:01:10,176 - INFO -run_logger.palmsens_driver 
 	 Data received: {'index': 5, 'x': [2.0], 'x_unit': 's', 'x_type': 'Time', 'y': [3.910064697265625e-05], 'y_unit': 'V', 'y_type': 'Potential'} 

2024-04-16 17:01:10,677 - INFO -run_logger.palmsens_driver 
 	 Data received: {'index': 6, 'x': [2.5], 'x_unit': 's', 'x_type': 'Time', 'y': [0.00028514862060546875], 'y_unit': 'V', 'y_type': 'Potential'} 

2024-04-16 17:01:11,182 - INFO -run_logger.palmsens_driver 
 	 Data received: {'index': 7, 'x': [3.0], 'x_unit': 's', 'x_type': 'Time', 'y': [0.00028514862060546875], 'y_unit': 'V', 'y_type': 'Potential'} 

2024-04-16 17:01:11,677 - INFO -run_logger.palmsens_driver 
 	 Data received: {'index': 8, 'x': [3.5], 'x_unit': 's', 'x_type': 'Time', 'y': [0.0002929687616415322], 'y_unit': 'V', 'y_type': 'Potential'} 

2024-04-16 17:01:12,193 - INFO -run_logger.palmsens_driver 
 	 Data received: {'index': 9, 'x': [4.0], 'x_unit': 's', 'x_type': 'Time', 'y': [0.0002929687616415322], 'y_unit': 'V', 'y_type': 'Potential'} 

2024-04-16 17:01:12,667 - INFO -run_logger.palmsens_driver 
 	 Data received: {'index': 10, 'x': [4.5], 'x_unit': 's', 'x_type': 'Time', 'y': [0.0002929687616415322], 'y_unit': 'V', 'y_type': 'Potential'} 

2024-04-16 17:01:13,170 - INFO -run_logger.palmsens_driver 
 	 Data received: {'index': 11, 'x': [5.0], 'x_unit': 's', 'x_type': 'Time', 'y': [0.00029883385286666453], 'y_unit': 'V', 'y_type': 'Potential'} 

2024-04-16 17:01:13,687 - INFO -run_logger.palmsens_driver 
 	 Data received: {'index': 12, 'x': [5.5], 'x_unit': 's', 'x_type': 'Time', 'y': [0.0002980518329422921], 'y_unit': 'V', 'y_type': 'Potential'} 

2024-04-16 17:01:14,193 - INFO -run_logger.palmsens_driver 
 	 Data received: {'index': 13, 'x': [6.0], 'x_unit': 's', 'x_type': 'Time', 'y': [0.00029883385286666453], 'y_unit': 'V', 'y_type': 'Potential'} 

2024-04-16 17:01:14,651 - INFO -run_logger.palmsens_driver 
 	 Data received: {'index': 14, 'x': [6.5], 'x_unit': 's', 'x_type': 'Time', 'y': [0.00029960632673464715], 'y_unit': 'V', 'y_type': 'Potential'} 

2024-04-16 17:01:15,170 - INFO -run_logger.palmsens_driver 
 	 Data received: {'index': 15, 'x': [7.0], 'x_unit': 's', 'x_type': 'Time', 'y': [0.00029883385286666453], 'y_unit': 'V', 'y_type': 'Potential'} 

2024-04-16 17:01:15,700 - INFO -run_logger.palmsens_driver 
 	 Data received: {'index': 16, 'x': [7.5], 'x_unit': 's', 'x_type': 'Time', 'y': [0.0002936344244517386], 'y_unit': 'V', 'y_type': 'Potential'} 

2024-04-16 17:01:16,152 - INFO -run_logger.palmsens_driver 
 	 Data received: {'index': 17, 'x': [8.0], 'x_unit': 's', 'x_type': 'Time', 'y': [0.0002934780204668641], 'y_unit': 'V', 'y_type': 'Potential'} 

2024-04-16 17:01:16,660 - INFO -run_logger.palmsens_driver 
 	 Data received: {'index': 18, 'x': [8.5], 'x_unit': 's', 'x_type': 'Time', 'y': [0.0002927742025349289], 'y_unit': 'V', 'y_type': 'Potential'} 

2024-04-16 17:01:17,169 - INFO -run_logger.palmsens_driver 
 	 Data received: {'index': 19, 'x': [9.0], 'x_unit': 's', 'x_type': 'Time', 'y': [0.0002944936859421432], 'y_unit': 'V', 'y_type': 'Potential'} 

2024-04-16 17:01:17,677 - INFO -run_logger.palmsens_driver 
 	 Data received: {'index': 20, 'x': [9.5], 'x_unit': 's', 'x_type': 'Time', 'y': [0.000293789868010208], 'y_unit': 'V', 'y_type': 'Potential'} 

2024-04-16 17:01:18,171 - INFO -run_logger.palmsens_driver 
 	 Data received: {'index': 21, 'x': [10.0], 'x_unit': 's', 'x_type': 'Time', 'y': [0.0002932434144895524], 'y_unit': 'V', 'y_type': 'Potential'} 

2024-04-16 17:01:18,176 - INFO -run_logger.palmsens_driver 
 	 result:
{'Title': 'Open Circuit Potentiometry', 'timestamp': '16/04/2024 17:01:06', 'current_arrays': [[0.2384185791015625, 0.2384185791015625, 0.2384185791015625, 0.2384185791015625, 0.2384185791015625, 0.2384185791015625, 0.2384185791015625, 0.2384185791015625, 0.2384185791015625, 0.2384185791015625, 0.2384185791015625, 0.2384185791015625, 0.2384185791015625, 0.2384185791015625, 0.2384185791015625, 0.2384185791015625, 0.2384185791015625, 0.2384185791015625, 0.2384185791015625, 0.2384185791015625, 0.2384185791015625]], 'potential_arrays': [[3.910064697265625e-05, 3.910064697265625e-05, 3.910064697265625e-05, 3.910064697265625e-05, 3.910064697265625e-05, 0.00028514862060546875, 0.00028514862060546875, 0.0002929687616415322, 0.0002929687616415322, 0.0002929687616415322, 0.00029883385286666453, 0.0002980518329422921, 0.00029883385286666453, 0.00029960632673464715, 0.00029883385286666453, 0.0002936344244517386, 0.0002934780204668641, 0.0002927742025349289, 0.0002944936859421432, 0.000293789868010208, 0.0002932434144895524]], 'time_arrays': [[0.0, 0.5, 1.0, 1.5, 2.0, 2.5, 3.0, 3.5, 4.0, 4.5, 5.0, 5.5, 6.0, 6.5, 7.0, 7.5, 8.0, 8.5, 9.0, 9.5, 10.0]], 'freq_arrays': [], 'zre_arrays': [], 'zim_arrays': [], 'aux_input_arrays': [], 'peaks': [], 'eis_fit': []} 

2024-04-16 17:01:20,048 - INFO -run_logger.palmsens_driver 
 	 Data received: {'index': 1, 'x': [0.0], 'x_unit': 's', 'x_type': 'Time', 'y': [3.910064697265625e-05], 'y_unit': 'V', 'y_type': 'Potential'} 

2024-04-16 17:01:20,520 - INFO -run_logger.palmsens_driver 
 	 Data received: {'index': 2, 'x': [0.5], 'x_unit': 's', 'x_type': 'Time', 'y': [3.910064697265625e-05], 'y_unit': 'V', 'y_type': 'Potential'} 

2024-04-16 17:01:21,033 - INFO -run_logger.palmsens_driver 
 	 Data received: {'index': 3, 'x': [1.0], 'x_unit': 's', 'x_type': 'Time', 'y': [3.910064697265625e-05], 'y_unit': 'V', 'y_type': 'Potential'} 

2024-04-16 17:01:21,551 - INFO -run_logger.palmsens_driver 
 	 Data received: {'index': 4, 'x': [1.5], 'x_unit': 's', 'x_type': 'Time', 'y': [0.00011730194091796875], 'y_unit': 'V', 'y_type': 'Potential'} 

2024-04-16 17:01:22,019 - INFO -run_logger.palmsens_driver 
 	 Data received: {'index': 5, 'x': [2.0], 'x_unit': 's', 'x_type': 'Time', 'y': [3.910064697265625e-05], 'y_unit': 'V', 'y_type': 'Potential'} 

2024-04-16 17:01:22,537 - INFO -run_logger.palmsens_driver 
 	 Data received: {'index': 6, 'x': [2.5], 'x_unit': 's', 'x_type': 'Time', 'y': [0.00028514862060546875], 'y_unit': 'V', 'y_type': 'Potential'} 

2024-04-16 17:01:23,034 - INFO -run_logger.palmsens_driver 
 	 Data received: {'index': 7, 'x': [3.0], 'x_unit': 's', 'x_type': 'Time', 'y': [0.0002929687616415322], 'y_unit': 'V', 'y_type': 'Potential'} 

2024-04-16 17:01:23,551 - INFO -run_logger.palmsens_driver 
 	 Data received: {'index': 8, 'x': [3.5], 'x_unit': 's', 'x_type': 'Time', 'y': [0.0002929687616415322], 'y_unit': 'V', 'y_type': 'Potential'} 

2024-04-16 17:01:24,026 - INFO -run_logger.palmsens_driver 
 	 Data received: {'index': 9, 'x': [4.0], 'x_unit': 's', 'x_type': 'Time', 'y': [0.0002929687616415322], 'y_unit': 'V', 'y_type': 'Potential'} 

2024-04-16 17:01:24,518 - INFO -run_logger.palmsens_driver 
 	 Data received: {'index': 10, 'x': [4.5], 'x_unit': 's', 'x_type': 'Time', 'y': [0.0002929687616415322], 'y_unit': 'V', 'y_type': 'Potential'} 

2024-04-16 17:01:25,037 - INFO -run_logger.palmsens_driver 
 	 Data received: {'index': 11, 'x': [5.0], 'x_unit': 's', 'x_type': 'Time', 'y': [0.00030038831755518913], 'y_unit': 'V', 'y_type': 'Potential'} 

2024-04-16 17:01:25,553 - INFO -run_logger.palmsens_driver 
 	 Data received: {'index': 12, 'x': [5.5], 'x_unit': 's', 'x_type': 'Time', 'y': [0.00030117033747956157], 'y_unit': 'V', 'y_type': 'Potential'} 

2024-04-16 17:01:26,028 - INFO -run_logger.palmsens_driver 
 	 Data received: {'index': 13, 'x': [6.0], 'x_unit': 's', 'x_type': 'Time', 'y': [0.00029960632673464715], 'y_unit': 'V', 'y_type': 'Potential'} 

2024-04-16 17:01:26,534 - INFO -run_logger.palmsens_driver 
 	 Data received: {'index': 14, 'x': [6.5], 'x_unit': 's', 'x_type': 'Time', 'y': [0.00029883385286666453], 'y_unit': 'V', 'y_type': 'Potential'} 

2024-04-16 17:01:27,043 - INFO -run_logger.palmsens_driver 
 	 Data received: {'index': 15, 'x': [7.0], 'x_unit': 's', 'x_type': 'Time', 'y': [0.00029960632673464715], 'y_unit': 'V', 'y_type': 'Potential'} 

2024-04-16 17:01:27,553 - INFO -run_logger.palmsens_driver 
 	 Data received: {'index': 16, 'x': [7.5], 'x_unit': 's', 'x_type': 'Time', 'y': [0.00029402447398751974], 'y_unit': 'V', 'y_type': 'Potential'} 

2024-04-16 17:01:28,060 - INFO -run_logger.palmsens_driver 
 	 Data received: {'index': 17, 'x': [8.0], 'x_unit': 's', 'x_type': 'Time', 'y': [0.0002944936859421432], 'y_unit': 'V', 'y_type': 'Potential'} 

2024-04-16 17:01:28,510 - INFO -run_logger.palmsens_driver 
 	 Data received: {'index': 18, 'x': [8.5], 'x_unit': 's', 'x_type': 'Time', 'y': [0.00029558755340985954], 'y_unit': 'V', 'y_type': 'Potential'} 

2024-04-16 17:01:29,011 - INFO -run_logger.palmsens_driver 
 	 Data received: {'index': 19, 'x': [9.0], 'x_unit': 's', 'x_type': 'Time', 'y': [0.0002956647949758917], 'y_unit': 'V', 'y_type': 'Potential'} 

2024-04-16 17:01:29,527 - INFO -run_logger.palmsens_driver 
 	 Data received: {'index': 20, 'x': [9.5], 'x_unit': 's', 'x_type': 'Time', 'y': [0.00029402447398751974], 'y_unit': 'V', 'y_type': 'Potential'} 

2024-04-16 17:01:30,025 - INFO -run_logger.palmsens_driver 
 	 Data received: {'index': 21, 'x': [10.0], 'x_unit': 's', 'x_type': 'Time', 'y': [0.000294102675979957], 'y_unit': 'V', 'y_type': 'Potential'} 

2024-04-16 17:01:30,027 - INFO -run_logger.palmsens_driver 
 	 result:
{'Title': 'Open Circuit Potentiometry', 'timestamp': '16/04/2024 17:01:18', 'current_arrays': [[0.2384185791015625, 0.2384185791015625, 0.2384185791015625, 0.2384185791015625, 0.2384185791015625, 0.2384185791015625, 0.2384185791015625, 0.2384185791015625, 0.2384185791015625, 0.2384185791015625, 0.2384185791015625, 0.2384185791015625, 0.2384185791015625, 0.2384185791015625, 0.2384185791015625, 0.2384185791015625, 0.2384185791015625, 0.2384185791015625, 0.2384185791015625, 0.2384185791015625, 0.2384185791015625]], 'potential_arrays': [[3.910064697265625e-05, 3.910064697265625e-05, 3.910064697265625e-05, 0.00011730194091796875, 3.910064697265625e-05, 0.00028514862060546875, 0.0002929687616415322, 0.0002929687616415322, 0.0002929687616415322, 0.0002929687616415322, 0.00030038831755518913, 0.00030117033747956157, 0.00029960632673464715, 0.00029883385286666453, 0.00029960632673464715, 0.00029402447398751974, 0.0002944936859421432, 0.00029558755340985954, 0.0002956647949758917, 0.00029402447398751974, 0.000294102675979957]], 'time_arrays': [[0.0, 0.5, 1.0, 1.5, 2.0, 2.5, 3.0, 3.5, 4.0, 4.5, 5.0, 5.5, 6.0, 6.5, 7.0, 7.5, 8.0, 8.5, 9.0, 9.5, 10.0]], 'freq_arrays': [], 'zre_arrays': [], 'zim_arrays': [], 'aux_input_arrays': [], 'peaks': [], 'eis_fit': []} 

2024-04-16 17:02:45,776 - INFO -run_logger.palmsens_driver 
 	 Data received: {'index': 1, 'x': [0.0], 'x_unit': 's', 'x_type': 'Time', 'y': [3.910064697265625e-05], 'y_unit': 'V', 'y_type': 'Potential'} 

2024-04-16 17:02:46,243 - INFO -run_logger.palmsens_driver 
 	 Data received: {'index': 2, 'x': [0.5], 'x_unit': 's', 'x_type': 'Time', 'y': [0.00011730194091796875], 'y_unit': 'V', 'y_type': 'Potential'} 

2024-04-16 17:02:46,753 - INFO -run_logger.palmsens_driver 
 	 Data received: {'index': 3, 'x': [1.0], 'x_unit': 's', 'x_type': 'Time', 'y': [3.910064697265625e-05], 'y_unit': 'V', 'y_type': 'Potential'} 

2024-04-16 17:02:47,270 - INFO -run_logger.palmsens_driver 
 	 Data received: {'index': 4, 'x': [1.5], 'x_unit': 's', 'x_type': 'Time', 'y': [3.910064697265625e-05], 'y_unit': 'V', 'y_type': 'Potential'} 

2024-04-16 17:02:47,768 - INFO -run_logger.palmsens_driver 
 	 Data received: {'index': 5, 'x': [2.0], 'x_unit': 's', 'x_type': 'Time', 'y': [3.910064697265625e-05], 'y_unit': 'V', 'y_type': 'Potential'} 

2024-04-16 17:02:48,276 - INFO -run_logger.palmsens_driver 
 	 Data received: {'index': 6, 'x': [2.5], 'x_unit': 's', 'x_type': 'Time', 'y': [0.0002929687616415322], 'y_unit': 'V', 'y_type': 'Potential'} 

2024-04-16 17:02:48,768 - INFO -run_logger.palmsens_driver 
 	 Data received: {'index': 7, 'x': [3.0], 'x_unit': 's', 'x_type': 'Time', 'y': [0.0002929687616415322], 'y_unit': 'V', 'y_type': 'Potential'} 

2024-04-16 17:02:49,269 - INFO -run_logger.palmsens_driver 
 	 Data received: {'index': 8, 'x': [3.5], 'x_unit': 's', 'x_type': 'Time', 'y': [0.0002929687616415322], 'y_unit': 'V', 'y_type': 'Potential'} 

2024-04-16 17:02:49,751 - INFO -run_logger.palmsens_driver 
 	 Data received: {'index': 9, 'x': [4.0], 'x_unit': 's', 'x_type': 'Time', 'y': [0.0002929687616415322], 'y_unit': 'V', 'y_type': 'Potential'} 

2024-04-16 17:02:50,274 - INFO -run_logger.palmsens_driver 
 	 Data received: {'index': 10, 'x': [4.5], 'x_unit': 's', 'x_type': 'Time', 'y': [0.00028514862060546875], 'y_unit': 'V', 'y_type': 'Potential'} 

2024-04-16 17:02:50,742 - INFO -run_logger.palmsens_driver 
 	 Data received: {'index': 11, 'x': [5.0], 'x_unit': 's', 'x_type': 'Time', 'y': [0.00029883385286666453], 'y_unit': 'V', 'y_type': 'Potential'} 

2024-04-16 17:02:51,257 - INFO -run_logger.palmsens_driver 
 	 Data received: {'index': 12, 'x': [5.5], 'x_unit': 's', 'x_type': 'Time', 'y': [0.00029960632673464715], 'y_unit': 'V', 'y_type': 'Potential'} 

2024-04-16 17:02:51,774 - INFO -run_logger.palmsens_driver 
 	 Data received: {'index': 13, 'x': [6.0], 'x_unit': 's', 'x_type': 'Time', 'y': [0.00029960632673464715], 'y_unit': 'V', 'y_type': 'Potential'} 

2024-04-16 17:02:52,268 - INFO -run_logger.palmsens_driver 
 	 Data received: {'index': 14, 'x': [6.5], 'x_unit': 's', 'x_type': 'Time', 'y': [0.00029960632673464715], 'y_unit': 'V', 'y_type': 'Potential'} 

2024-04-16 17:02:52,776 - INFO -run_logger.palmsens_driver 
 	 Data received: {'index': 15, 'x': [7.0], 'x_unit': 's', 'x_type': 'Time', 'y': [0.00030117033747956157], 'y_unit': 'V', 'y_type': 'Potential'} 

2024-04-16 17:02:53,234 - INFO -run_logger.palmsens_driver 
 	 Data received: {'index': 16, 'x': [7.5], 'x_unit': 's', 'x_type': 'Time', 'y': [0.0002956647949758917], 'y_unit': 'V', 'y_type': 'Potential'} 

2024-04-16 17:02:53,752 - INFO -run_logger.palmsens_driver 
 	 Data received: {'index': 17, 'x': [8.0], 'x_unit': 's', 'x_type': 'Time', 'y': [0.00029504013946279883], 'y_unit': 'V', 'y_type': 'Potential'} 

2024-04-16 17:02:54,260 - INFO -run_logger.palmsens_driver 
 	 Data received: {'index': 18, 'x': [8.5], 'x_unit': 's', 'x_type': 'Time', 'y': [0.00029543114942498505], 'y_unit': 'V', 'y_type': 'Potential'} 

2024-04-16 17:02:54,734 - INFO -run_logger.palmsens_driver 
 	 Data received: {'index': 19, 'x': [9.0], 'x_unit': 's', 'x_type': 'Time', 'y': [0.0002959776029456407], 'y_unit': 'V', 'y_type': 'Potential'} 

2024-04-16 17:02:55,259 - INFO -run_logger.palmsens_driver 
 	 Data received: {'index': 20, 'x': [9.5], 'x_unit': 's', 'x_type': 'Time', 'y': [0.0002960558049380779], 'y_unit': 'V', 'y_type': 'Potential'} 

2024-04-16 17:02:55,760 - INFO -run_logger.palmsens_driver 
 	 Data received: {'index': 21, 'x': [10.0], 'x_unit': 's', 'x_type': 'Time', 'y': [0.0002965250168927014], 'y_unit': 'V', 'y_type': 'Potential'} 

2024-04-16 17:02:55,764 - INFO -run_logger.palmsens_driver 
 	 result:
{'Title': 'Open Circuit Potentiometry', 'timestamp': '16/04/2024 17:02:44', 'current_arrays': [[0.2384185791015625, 0.2384185791015625, 0.2384185791015625, 0.2384185791015625, 0.2384185791015625, 0.2384185791015625, 0.2384185791015625, 0.2384185791015625, 0.2384185791015625, 0.2384185791015625, 0.2384185791015625, 0.2384185791015625, 0.2384185791015625, 0.2384185791015625, 0.2384185791015625, 0.2384185791015625, 0.2384185791015625, 0.2384185791015625, 0.2384185791015625, 0.2384185791015625, 0.2384185791015625]], 'potential_arrays': [[3.910064697265625e-05, 0.00011730194091796875, 3.910064697265625e-05, 3.910064697265625e-05, 3.910064697265625e-05, 0.0002929687616415322, 0.0002929687616415322, 0.0002929687616415322, 0.0002929687616415322, 0.00028514862060546875, 0.00029883385286666453, 0.00029960632673464715, 0.00029960632673464715, 0.00029960632673464715, 0.00030117033747956157, 0.0002956647949758917, 0.00029504013946279883, 0.00029543114942498505, 0.0002959776029456407, 0.0002960558049380779, 0.0002965250168927014]], 'time_arrays': [[0.0, 0.5, 1.0, 1.5, 2.0, 2.5, 3.0, 3.5, 4.0, 4.5, 5.0, 5.5, 6.0, 6.5, 7.0, 7.5, 8.0, 8.5, 9.0, 9.5, 10.0]], 'freq_arrays': [], 'zre_arrays': [], 'zim_arrays': [], 'aux_input_arrays': [], 'peaks': [], 'eis_fit': []} 

