2024-04-30 16:17:29,082 - INFO -run_logger.palmsens_driver 
 	 Successfully connected to PalmSens4 [1]. 

2024-04-30 16:17:39,245 - INFO -run_logger.palmsens_driver 
 	 Data received: {'index': 1, 'frequency': [100000.0], 'zre': [560.0906722926774], 'zim': [46.172026116330976]} 

2024-04-30 16:17:40,499 - INFO -run_logger.palmsens_driver 
 	 Data received: {'index': 2, 'frequency': [79432.8203125], 'zre': [559.9917582736196], 'zim': [60.43091439238391]} 

2024-04-30 16:17:41,749 - INFO -run_logger.palmsens_driver 
 	 Data received: {'index': 3, 'frequency': [63095.734375], 'zre': [559.5424043943286], 'zim': [76.13895963767689]} 

2024-04-30 16:17:42,994 - INFO -run_logger.palmsens_driver 
 	 Data received: {'index': 4, 'frequency': [50118.72265625], 'zre': [560.109890651995], 'zim': [96.25541667742085]} 

2024-04-30 16:17:44,242 - INFO -run_logger.palmsens_driver 
 	 Data received: {'index': 5, 'frequency': [39810.71875], 'zre': [560.493343831008], 'zim': [120.59384584902078]} 

2024-04-30 16:17:45,500 - INFO -run_logger.palmsens_driver 
 	 Data received: {'index': 6, 'frequency': [31622.77734375], 'zre': [561.7221813529015], 'zim': [152.96207777934828]} 

2024-04-30 16:17:46,740 - INFO -run_logger.palmsens_driver 
 	 Data received: {'index': 7, 'frequency': [25118.865234375], 'zre': [562.3364466479985], 'zim': [190.7061523241802]} 

2024-04-30 16:17:48,001 - INFO -run_logger.palmsens_driver 
 	 Data received: {'index': 8, 'frequency': [19952.623046875], 'zre': [564.763214126798], 'zim': [239.90041839234888]} 

2024-04-30 16:17:49,247 - INFO -run_logger.palmsens_driver 
 	 Data received: {'index': 9, 'frequency': [15848.931640625], 'zre': [568.1189861213866], 'zim': [302.30283273550447]} 

2024-04-30 16:17:50,493 - INFO -run_logger.palmsens_driver 
 	 Data received: {'index': 10, 'frequency': [12589.25390625], 'zre': [573.4327090165465], 'zim': [380.0164626334363]} 

2024-04-30 16:17:51,739 - INFO -run_logger.palmsens_driver 
 	 Data received: {'index': 11, 'frequency': [10000.0], 'zre': [582.3319363204283], 'zim': [477.7441873995056]} 

2024-04-30 16:17:52,994 - INFO -run_logger.palmsens_driver 
 	 Data received: {'index': 12, 'frequency': [7943.2822265625], 'zre': [592.9310714983587], 'zim': [600.7523958296855]} 

2024-04-30 16:17:54,241 - INFO -run_logger.palmsens_driver 
 	 Data received: {'index': 13, 'frequency': [6309.5732421875], 'zre': [615.2879143498143], 'zim': [754.2730508785442]} 

2024-04-30 16:17:55,456 - INFO -run_logger.palmsens_driver 
 	 Data received: {'index': 14, 'frequency': [5011.87255859375], 'zre': [647.8467488177002], 'zim': [946.4056014801782]} 

2024-04-30 16:17:56,688 - INFO -run_logger.palmsens_driver 
 	 Data received: {'index': 15, 'frequency': [3981.07177734375], 'zre': [701.1384322299454], 'zim': [1186.4733659741664]} 

2024-04-30 16:17:57,912 - INFO -run_logger.palmsens_driver 
 	 Data received: {'index': 16, 'frequency': [3162.277587890625], 'zre': [783.4463041915246], 'zim': [1481.6334949228767]} 

2024-04-30 16:17:59,118 - INFO -run_logger.palmsens_driver 
 	 Data received: {'index': 17, 'frequency': [2511.886474609375], 'zre': [911.6748979676278], 'zim': [1840.1637109848955]} 

2024-04-30 16:18:00,346 - INFO -run_logger.palmsens_driver 
 	 Data received: {'index': 18, 'frequency': [1995.2623291015625], 'zre': [1105.4648734078914], 'zim': [2263.3299174364056]} 

2024-04-30 16:18:01,554 - INFO -run_logger.palmsens_driver 
 	 Data received: {'index': 19, 'frequency': [1584.8931884765625], 'zre': [1400.101398739791], 'zim': [2770.088351696862]} 

2024-04-30 16:18:02,772 - INFO -run_logger.palmsens_driver 
 	 Data received: {'index': 20, 'frequency': [1258.9254150390625], 'zre': [1819.145388592708], 'zim': [3314.3053143579073]} 

2024-04-30 16:18:03,943 - INFO -run_logger.palmsens_driver 
 	 Data received: {'index': 21, 'frequency': [1000.0], 'zre': [2431.1331182787053], 'zim': [3897.1756952119376]} 

2024-04-30 16:18:04,017 - INFO -run_logger.palmsens_driver 
 	 result:
{'Title': 'Impedance Spectroscopy', 'timestamp': '30/04/2024 16:17:37', 'current_arrays': [[97751.61743164062, 9512.901306152344, 9229.231262207031, 9233.999633789062, 9243.536376953125, 9238.768005371094, 9229.231262207031, 9243.536376953125, 9243.536376953125, 9233.999633789062, 9238.768005371094, 945.8112716674805, 945.3344345092773, 946.2881088256836, 943.7361145019531, 943.5453796386719, 943.6883544921875, 943.8790893554688, 943.2115173339844, 943.306884765625, 943.1161499023438]], 'potential_arrays': [[0.10000000149011612, 0.10000000149011612, 0.10000000149011612, 0.10000000149011612, 0.10000000149011612, 0.10000000149011612, 0.10000000149011612, 0.10000000149011612, 0.10000000149011612, 0.10000000149011612, 0.10000000149011612, 0.10000000149011612, 0.10000000149011612, 0.10000000149011612, 0.10000000149011612, 0.10000000149011612, 0.10000000149011612, 0.10000000149011612, 0.10000000149011612, 0.10000000149011612, 0.10000000149011612]], 'time_arrays': [[0.0, 0.0, 0.0, 0.0, 0.0, 0.0, 0.0, 0.0, 0.0, 0.0, 0.0, 0.0, 0.0, 0.0, 0.0, 0.0, 0.0, 0.0, 0.0, 0.0, 0.0]], 'freq_arrays': [[100000.0, 79432.8203125, 63095.734375, 50118.72265625, 39810.71875, 31622.77734375, 25118.865234375, 19952.623046875, 15848.931640625, 12589.25390625, 10000.0, 7943.2822265625, 6309.5732421875, 5011.87255859375, 3981.07177734375, 3162.277587890625, 2511.886474609375, 1995.2623291015625, 1584.8931884765625, 1258.9254150390625, 1000.0]], 'zre_arrays': [[560.0906722926774, 559.9917582736196, 559.5424043943286, 560.109890651995, 560.493343831008, 561.7221813529015, 562.3364466479985, 564.763214126798, 568.1189861213866, 573.4327090165465, 582.3319363204283, 592.9310714983587, 615.2879143498143, 647.8467488177002, 701.1384322299454, 783.4463041915246, 911.6748979676278, 1105.4648734078914, 1400.101398739791, 1819.145388592708, 2431.1331182787053]], 'zim_arrays': [[46.172026116330976, 60.43091439238391, 76.13895963767689, 96.25541667742085, 120.59384584902078, 152.96207777934828, 190.7061523241802, 239.90041839234888, 302.30283273550447, 380.0164626334363, 477.7441873995056, 600.7523958296855, 754.2730508785442, 946.4056014801782, 1186.4733659741664, 1481.6334949228767, 1840.1637109848955, 2263.3299174364056, 2770.088351696862, 3314.3053143579073, 3897.1756952119376]], 'aux_input_arrays': [], 'peaks': [], 'eis_fit': []} 

2024-04-30 16:18:15,502 - INFO -run_logger.palmsens_driver 
 	 Data received: {'index': 1, 'frequency': [100000.0], 'zre': [559.6474676849363], 'zim': [45.89117299287669]} 

2024-04-30 16:18:16,758 - INFO -run_logger.palmsens_driver 
 	 Data received: {'index': 2, 'frequency': [79432.8203125], 'zre': [560.2792899176881], 'zim': [60.06801873199221]} 

2024-04-30 16:18:18,005 - INFO -run_logger.palmsens_driver 
 	 Data received: {'index': 3, 'frequency': [63095.734375], 'zre': [559.8512899820275], 'zim': [76.01792621403956]} 

2024-04-30 16:18:19,222 - INFO -run_logger.palmsens_driver 
 	 Data received: {'index': 4, 'frequency': [50118.72265625], 'zre': [559.4058620675862], 'zim': [95.88856089863565]} 

2024-04-30 16:18:20,463 - INFO -run_logger.palmsens_driver 
 	 Data received: {'index': 5, 'frequency': [39810.71875], 'zre': [560.3198561420405], 'zim': [121.01814314687356]} 

2024-04-30 16:18:21,723 - INFO -run_logger.palmsens_driver 
 	 Data received: {'index': 6, 'frequency': [31622.77734375], 'zre': [559.9722513284033], 'zim': [151.61432248494756]} 

2024-04-30 16:18:22,968 - INFO -run_logger.palmsens_driver 
 	 Data received: {'index': 7, 'frequency': [25118.865234375], 'zre': [562.806076178669], 'zim': [190.94776352544613]} 

2024-04-30 16:18:24,223 - INFO -run_logger.palmsens_driver 
 	 Data received: {'index': 8, 'frequency': [19952.623046875], 'zre': [564.8092259990365], 'zim': [239.90125113798507]} 

2024-04-30 16:18:25,480 - INFO -run_logger.palmsens_driver 
 	 Data received: {'index': 9, 'frequency': [15848.931640625], 'zre': [568.79340486509], 'zim': [302.0908818256792]} 

2024-04-30 16:18:26,738 - INFO -run_logger.palmsens_driver 
 	 Data received: {'index': 10, 'frequency': [12589.25390625], 'zre': [573.9345674728992], 'zim': [380.00769114353545]} 

2024-04-30 16:18:27,972 - INFO -run_logger.palmsens_driver 
 	 Data received: {'index': 11, 'frequency': [10000.0], 'zre': [582.2574499404737], 'zim': [477.74949413396456]} 

2024-04-30 16:18:28,023 - INFO -run_logger.palmsens_driver 
 	 result:
{'Title': 'Impedance Spectroscopy', 'timestamp': '30/04/2024 16:18:13', 'current_arrays': [[97751.61743164062, 9512.901306152344, 9243.536376953125, 9233.999633789062, 9238.768005371094, 9238.768005371094, 9233.999633789062, 9243.536376953125, 9248.304748535156, 9238.768005371094, 9233.999633789062]], 'potential_arrays': [[0.10000000149011612, 0.10000000149011612, 0.10000000149011612, 0.10000000149011612, 0.10000000149011612, 0.10000000149011612, 0.10000000149011612, 0.10000000149011612, 0.10000000149011612, 0.10000000149011612, 0.10000000149011612]], 'time_arrays': [[0.0, 0.0, 0.0, 0.0, 0.0, 0.0, 0.0, 0.0, 0.0, 0.0, 0.0]], 'freq_arrays': [[100000.0, 79432.8203125, 63095.734375, 50118.72265625, 39810.71875, 31622.77734375, 25118.865234375, 19952.623046875, 15848.931640625, 12589.25390625, 10000.0]], 'zre_arrays': [[559.6474676849363, 560.2792899176881, 559.8512899820275, 559.4058620675862, 560.3198561420405, 559.9722513284033, 562.806076178669, 564.8092259990365, 568.79340486509, 573.9345674728992, 582.2574499404737]], 'zim_arrays': [[45.89117299287669, 60.06801873199221, 76.01792621403956, 95.88856089863565, 121.01814314687356, 151.61432248494756, 190.94776352544613, 239.90125113798507, 302.0908818256792, 380.00769114353545, 477.74949413396456]], 'aux_input_arrays': [], 'peaks': [], 'eis_fit': []} 

2024-04-30 16:19:41,912 - INFO -run_logger.palmsens_driver 
 	 Data received: {'index': 1, 'frequency': [100000.0], 'zre': [560.0003598572217], 'zim': [45.92002363351931]} 

2024-04-30 16:19:43,166 - INFO -run_logger.palmsens_driver 
 	 Data received: {'index': 2, 'frequency': [79432.8203125], 'zre': [559.3963798584105], 'zim': [60.39293405788601]} 

2024-04-30 16:19:44,412 - INFO -run_logger.palmsens_driver 
 	 Data received: {'index': 3, 'frequency': [63095.734375], 'zre': [559.5357317201331], 'zim': [76.01155225952193]} 

2024-04-30 16:19:45,628 - INFO -run_logger.palmsens_driver 
 	 Data received: {'index': 4, 'frequency': [50118.72265625], 'zre': [560.0976412693798], 'zim': [96.17245069573583]} 

2024-04-30 16:19:46,855 - INFO -run_logger.palmsens_driver 
 	 Data received: {'index': 5, 'frequency': [39810.71875], 'zre': [560.2901600445863], 'zim': [120.69675918958944]} 

2024-04-30 16:19:48,110 - INFO -run_logger.palmsens_driver 
 	 Data received: {'index': 6, 'frequency': [31622.77734375], 'zre': [560.2235352151291], 'zim': [150.94325501716744]} 

2024-04-30 16:19:49,355 - INFO -run_logger.palmsens_driver 
 	 Data received: {'index': 7, 'frequency': [25118.865234375], 'zre': [562.6649383148954], 'zim': [191.33800581542565]} 

2024-04-30 16:19:50,605 - INFO -run_logger.palmsens_driver 
 	 Data received: {'index': 8, 'frequency': [19952.623046875], 'zre': [564.7248450679328], 'zim': [239.96630344120177]} 

2024-04-30 16:19:51,852 - INFO -run_logger.palmsens_driver 
 	 Data received: {'index': 9, 'frequency': [15848.931640625], 'zre': [568.3607538938201], 'zim': [301.91336020586823]} 

2024-04-30 16:19:53,100 - INFO -run_logger.palmsens_driver 
 	 Data received: {'index': 10, 'frequency': [12589.25390625], 'zre': [573.4809350843368], 'zim': [379.4820441319817]} 

2024-04-30 16:19:54,357 - INFO -run_logger.palmsens_driver 
 	 Data received: {'index': 11, 'frequency': [10000.0], 'zre': [582.4514603581263], 'zim': [478.4098907125301]} 

2024-04-30 16:19:54,405 - INFO -run_logger.palmsens_driver 
 	 result:
{'Title': 'Impedance Spectroscopy', 'timestamp': '30/04/2024 16:19:39', 'current_arrays': [[97751.61743164062, 9512.901306152344, 9238.768005371094, 9233.999633789062, 9238.768005371094, 9238.768005371094, 9233.999633789062, 9229.231262207031, 9248.304748535156, 9238.768005371094, 9229.231262207031]], 'potential_arrays': [[0.10000000149011612, 0.10000000149011612, 0.10000000149011612, 0.10000000149011612, 0.10000000149011612, 0.10000000149011612, 0.10000000149011612, 0.10000000149011612, 0.10000000149011612, 0.10000000149011612, 0.10000000149011612]], 'time_arrays': [[0.0, 0.0, 0.0, 0.0, 0.0, 0.0, 0.0, 0.0, 0.0, 0.0, 0.0]], 'freq_arrays': [[100000.0, 79432.8203125, 63095.734375, 50118.72265625, 39810.71875, 31622.77734375, 25118.865234375, 19952.623046875, 15848.931640625, 12589.25390625, 10000.0]], 'zre_arrays': [[560.0003598572217, 559.3963798584105, 559.5357317201331, 560.0976412693798, 560.2901600445863, 560.2235352151291, 562.6649383148954, 564.7248450679328, 568.3607538938201, 573.4809350843368, 582.4514603581263]], 'zim_arrays': [[45.92002363351931, 60.39293405788601, 76.01155225952193, 96.17245069573583, 120.69675918958944, 150.94325501716744, 191.33800581542565, 239.96630344120177, 301.91336020586823, 379.4820441319817, 478.4098907125301]], 'aux_input_arrays': [], 'peaks': [], 'eis_fit': []} 

2024-04-30 16:20:44,920 - INFO -run_logger.palmsens_driver 
 	 Data received: {'index': 1, 'frequency': [100000.0], 'zre': [559.8366054096741], 'zim': [46.64770197115522]} 

2024-04-30 16:20:46,169 - INFO -run_logger.palmsens_driver 
 	 Data received: {'index': 2, 'frequency': [79432.8203125], 'zre': [559.6753873188758], 'zim': [60.24177146081691]} 

2024-04-30 16:20:47,420 - INFO -run_logger.palmsens_driver 
 	 Data received: {'index': 3, 'frequency': [63095.734375], 'zre': [559.6857066650837], 'zim': [75.92620446181624]} 

2024-04-30 16:20:48,665 - INFO -run_logger.palmsens_driver 
 	 Data received: {'index': 4, 'frequency': [50118.72265625], 'zre': [559.7317407020392], 'zim': [95.61147834512579]} 

2024-04-30 16:20:49,881 - INFO -run_logger.palmsens_driver 
 	 Data received: {'index': 5, 'frequency': [39810.71875], 'zre': [560.8116289475752], 'zim': [120.58243789141324]} 

2024-04-30 16:20:51,111 - INFO -run_logger.palmsens_driver 
 	 Data received: {'index': 6, 'frequency': [31622.77734375], 'zre': [561.4029867248261], 'zim': [154.12935784622604]} 

2024-04-30 16:20:52,370 - INFO -run_logger.palmsens_driver 
 	 Data received: {'index': 7, 'frequency': [25118.865234375], 'zre': [562.9051639709187], 'zim': [190.72509693894156]} 

2024-04-30 16:20:53,624 - INFO -run_logger.palmsens_driver 
 	 Data received: {'index': 8, 'frequency': [19952.623046875], 'zre': [564.8827979305001], 'zim': [240.06967384652137]} 

2024-04-30 16:20:54,857 - INFO -run_logger.palmsens_driver 
 	 Data received: {'index': 9, 'frequency': [15848.931640625], 'zre': [568.3337466083608], 'zim': [301.5759051443406]} 

2024-04-30 16:20:56,084 - INFO -run_logger.palmsens_driver 
 	 Data received: {'index': 10, 'frequency': [12589.25390625], 'zre': [573.9258411417816], 'zim': [380.14682627842575]} 

2024-04-30 16:20:57,305 - INFO -run_logger.palmsens_driver 
 	 Data received: {'index': 11, 'frequency': [10000.0], 'zre': [582.0971222649698], 'zim': [477.3009789987763]} 

2024-04-30 16:20:57,340 - INFO -run_logger.palmsens_driver 
 	 result:
{'Title': 'Impedance Spectroscopy', 'timestamp': '30/04/2024 16:20:42', 'current_arrays': [[2384.185791015625, 23.84185791015625, -231.26602172851562, -240.80276489257812, -236.03439331054688, -240.80276489257812, -250.33950805664062, -226.49765014648438, -231.26602172851562, -231.26602172851562, -240.80276489257812]], 'potential_arrays': [[0.0, 0.0, 0.0, 0.0, 0.0, 0.0, 0.0, 0.0, 0.0, 0.0, 0.0]], 'time_arrays': [[0.0, 0.0, 0.0, 0.0, 0.0, 0.0, 0.0, 0.0, 0.0, 0.0, 0.0]], 'freq_arrays': [[100000.0, 79432.8203125, 63095.734375, 50118.72265625, 39810.71875, 31622.77734375, 25118.865234375, 19952.623046875, 15848.931640625, 12589.25390625, 10000.0]], 'zre_arrays': [[559.8366054096741, 559.6753873188758, 559.6857066650837, 559.7317407020392, 560.8116289475752, 561.4029867248261, 562.9051639709187, 564.8827979305001, 568.3337466083608, 573.9258411417816, 582.0971222649698]], 'zim_arrays': [[46.64770197115522, 60.24177146081691, 75.92620446181624, 95.61147834512579, 120.58243789141324, 154.12935784622604, 190.72509693894156, 240.06967384652137, 301.5759051443406, 380.14682627842575, 477.3009789987763]], 'aux_input_arrays': [], 'peaks': [], 'eis_fit': []} 

