2024-06-17 14:26:18,699 - INFO -run_logger.palmsens_driver 
 	 Successfully connected to PalmSens4 [1]. 

2024-06-17 14:27:01,794 - INFO -run_logger.palmsens_driver 
 	 Data received: {'index': 1, 'x': [0.0], 'x_unit': 's', 'x_type': 'Time', 'y': [-1.9933280944824219], 'y_unit': 'V', 'y_type': 'Potential'} 

2024-06-17 14:27:02,064 - INFO -run_logger.palmsens_driver 
 	 Data received: {'index': 2, 'x': [0.25], 'x_unit': 's', 'x_type': 'Time', 'y': [-1.9934844970703125], 'y_unit': 'V', 'y_type': 'Potential'} 

2024-06-17 14:27:02,296 - INFO -run_logger.palmsens_driver 
 	 Data received: {'index': 3, 'x': [0.5], 'x_unit': 's', 'x_type': 'Time', 'y': [-1.9934844970703125], 'y_unit': 'V', 'y_type': 'Potential'} 

2024-06-17 14:27:02,531 - INFO -run_logger.palmsens_driver 
 	 Data received: {'index': 4, 'x': [0.75], 'x_unit': 's', 'x_type': 'Time', 'y': [-1.9933280944824219], 'y_unit': 'V', 'y_type': 'Potential'} 

2024-06-17 14:27:02,810 - INFO -run_logger.palmsens_driver 
 	 Data received: {'index': 5, 'x': [1.0], 'x_unit': 's', 'x_type': 'Time', 'y': [-1.9934062957763672], 'y_unit': 'V', 'y_type': 'Potential'} 

2024-06-17 14:27:03,046 - INFO -run_logger.palmsens_driver 
 	 Data received: {'index': 6, 'x': [1.25], 'x_unit': 's', 'x_type': 'Time', 'y': [-1.9933280944824219], 'y_unit': 'V', 'y_type': 'Potential'} 

2024-06-17 14:27:03,277 - INFO -run_logger.palmsens_driver 
 	 Data received: {'index': 7, 'x': [1.5], 'x_unit': 's', 'x_type': 'Time', 'y': [-1.9933280944824219], 'y_unit': 'V', 'y_type': 'Potential'} 

2024-06-17 14:27:03,556 - INFO -run_logger.palmsens_driver 
 	 Data received: {'index': 8, 'x': [1.75], 'x_unit': 's', 'x_type': 'Time', 'y': [-1.9933280944824219], 'y_unit': 'V', 'y_type': 'Potential'} 

2024-06-17 14:27:03,790 - INFO -run_logger.palmsens_driver 
 	 Data received: {'index': 9, 'x': [2.0], 'x_unit': 's', 'x_type': 'Time', 'y': [-1.9931716918945312], 'y_unit': 'V', 'y_type': 'Potential'} 

2024-06-17 14:27:04,037 - INFO -run_logger.palmsens_driver 
 	 Data received: {'index': 10, 'x': [2.25], 'x_unit': 's', 'x_type': 'Time', 'y': [-1.9932498931884766], 'y_unit': 'V', 'y_type': 'Potential'} 

2024-06-17 14:27:04,317 - INFO -run_logger.palmsens_driver 
 	 Data received: {'index': 11, 'x': [2.5], 'x_unit': 's', 'x_type': 'Time', 'y': [-1.9931716918945312], 'y_unit': 'V', 'y_type': 'Potential'} 

2024-06-17 14:27:04,551 - INFO -run_logger.palmsens_driver 
 	 Data received: {'index': 12, 'x': [2.75], 'x_unit': 's', 'x_type': 'Time', 'y': [-1.9931716918945312], 'y_unit': 'V', 'y_type': 'Potential'} 

2024-06-17 14:27:04,788 - INFO -run_logger.palmsens_driver 
 	 Data received: {'index': 13, 'x': [3.0], 'x_unit': 's', 'x_type': 'Time', 'y': [-1.9932498931884766], 'y_unit': 'V', 'y_type': 'Potential'} 

2024-06-17 14:27:05,024 - INFO -run_logger.palmsens_driver 
 	 Data received: {'index': 14, 'x': [3.25], 'x_unit': 's', 'x_type': 'Time', 'y': [-1.9931716918945312], 'y_unit': 'V', 'y_type': 'Potential'} 

2024-06-17 14:27:05,304 - INFO -run_logger.palmsens_driver 
 	 Data received: {'index': 15, 'x': [3.5], 'x_unit': 's', 'x_type': 'Time', 'y': [-1.9931716918945312], 'y_unit': 'V', 'y_type': 'Potential'} 

2024-06-17 14:27:05,539 - INFO -run_logger.palmsens_driver 
 	 Data received: {'index': 16, 'x': [3.75], 'x_unit': 's', 'x_type': 'Time', 'y': [-1.993093490600586], 'y_unit': 'V', 'y_type': 'Potential'} 

2024-06-17 14:27:05,771 - INFO -run_logger.palmsens_driver 
 	 Data received: {'index': 17, 'x': [4.0], 'x_unit': 's', 'x_type': 'Time', 'y': [-1.9930152893066406], 'y_unit': 'V', 'y_type': 'Potential'} 

2024-06-17 14:27:06,050 - INFO -run_logger.palmsens_driver 
 	 Data received: {'index': 18, 'x': [4.25], 'x_unit': 's', 'x_type': 'Time', 'y': [-1.993093490600586], 'y_unit': 'V', 'y_type': 'Potential'} 

2024-06-17 14:27:06,281 - INFO -run_logger.palmsens_driver 
 	 Data received: {'index': 19, 'x': [4.5], 'x_unit': 's', 'x_type': 'Time', 'y': [-1.9929370880126953], 'y_unit': 'V', 'y_type': 'Potential'} 

2024-06-17 14:27:06,559 - INFO -run_logger.palmsens_driver 
 	 Data received: {'index': 20, 'x': [4.75], 'x_unit': 's', 'x_type': 'Time', 'y': [-1.9930152893066406], 'y_unit': 'V', 'y_type': 'Potential'} 

2024-06-17 14:27:06,792 - INFO -run_logger.palmsens_driver 
 	 Data received: {'index': 21, 'x': [5.0], 'x_unit': 's', 'x_type': 'Time', 'y': [-1.9929370880126953], 'y_unit': 'V', 'y_type': 'Potential'} 

2024-06-17 14:27:07,069 - INFO -run_logger.palmsens_driver 
 	 Data received: {'index': 22, 'x': [5.25], 'x_unit': 's', 'x_type': 'Time', 'y': [-1.9927806854248047], 'y_unit': 'V', 'y_type': 'Potential'} 

2024-06-17 14:27:07,305 - INFO -run_logger.palmsens_driver 
 	 Data received: {'index': 23, 'x': [5.5], 'x_unit': 's', 'x_type': 'Time', 'y': [-1.9924688339233398], 'y_unit': 'V', 'y_type': 'Potential'} 

2024-06-17 14:27:07,538 - INFO -run_logger.palmsens_driver 
 	 Data received: {'index': 24, 'x': [5.75], 'x_unit': 's', 'x_type': 'Time', 'y': [-1.9924688339233398], 'y_unit': 'V', 'y_type': 'Potential'} 

2024-06-17 14:27:07,816 - INFO -run_logger.palmsens_driver 
 	 Data received: {'index': 25, 'x': [6.0], 'x_unit': 's', 'x_type': 'Time', 'y': [-1.9927806854248047], 'y_unit': 'V', 'y_type': 'Potential'} 

2024-06-17 14:27:08,048 - INFO -run_logger.palmsens_driver 
 	 Data received: {'index': 26, 'x': [6.25], 'x_unit': 's', 'x_type': 'Time', 'y': [-1.9913749694824219], 'y_unit': 'V', 'y_type': 'Potential'} 

2024-06-17 14:27:08,284 - INFO -run_logger.palmsens_driver 
 	 Data received: {'index': 27, 'x': [6.5], 'x_unit': 's', 'x_type': 'Time', 'y': [-1.992234230041504], 'y_unit': 'V', 'y_type': 'Potential'} 

2024-06-17 14:27:08,564 - INFO -run_logger.palmsens_driver 
 	 Data received: {'index': 28, 'x': [6.75], 'x_unit': 's', 'x_type': 'Time', 'y': [-1.9921560287475586], 'y_unit': 'V', 'y_type': 'Potential'} 

2024-06-17 14:27:08,797 - INFO -run_logger.palmsens_driver 
 	 Data received: {'index': 29, 'x': [7.0], 'x_unit': 's', 'x_type': 'Time', 'y': [-1.992234230041504], 'y_unit': 'V', 'y_type': 'Potential'} 

2024-06-17 14:27:09,031 - INFO -run_logger.palmsens_driver 
 	 Data received: {'index': 30, 'x': [7.25], 'x_unit': 's', 'x_type': 'Time', 'y': [-1.9923124313354492], 'y_unit': 'V', 'y_type': 'Potential'} 

2024-06-17 14:27:09,310 - INFO -run_logger.palmsens_driver 
 	 Data received: {'index': 31, 'x': [7.5], 'x_unit': 's', 'x_type': 'Time', 'y': [-1.992234230041504], 'y_unit': 'V', 'y_type': 'Potential'} 

2024-06-17 14:27:09,543 - INFO -run_logger.palmsens_driver 
 	 Data received: {'index': 32, 'x': [7.75], 'x_unit': 's', 'x_type': 'Time', 'y': [-1.9921560287475586], 'y_unit': 'V', 'y_type': 'Potential'} 

2024-06-17 14:27:09,777 - INFO -run_logger.palmsens_driver 
 	 Data received: {'index': 33, 'x': [8.0], 'x_unit': 's', 'x_type': 'Time', 'y': [-1.9921560287475586], 'y_unit': 'V', 'y_type': 'Potential'} 

2024-06-17 14:27:10,021 - INFO -run_logger.palmsens_driver 
 	 Data received: {'index': 34, 'x': [8.25], 'x_unit': 's', 'x_type': 'Time', 'y': [-1.9921560287475586], 'y_unit': 'V', 'y_type': 'Potential'} 

2024-06-17 14:27:10,302 - INFO -run_logger.palmsens_driver 
 	 Data received: {'index': 35, 'x': [8.5], 'x_unit': 's', 'x_type': 'Time', 'y': [-1.9920778274536133], 'y_unit': 'V', 'y_type': 'Potential'} 

2024-06-17 14:27:10,537 - INFO -run_logger.palmsens_driver 
 	 Data received: {'index': 36, 'x': [8.75], 'x_unit': 's', 'x_type': 'Time', 'y': [-1.9918432235717773], 'y_unit': 'V', 'y_type': 'Potential'} 

2024-06-17 14:27:10,772 - INFO -run_logger.palmsens_driver 
 	 Data received: {'index': 37, 'x': [9.0], 'x_unit': 's', 'x_type': 'Time', 'y': [-1.991765022277832], 'y_unit': 'V', 'y_type': 'Potential'} 

2024-06-17 14:27:11,050 - INFO -run_logger.palmsens_driver 
 	 Data received: {'index': 38, 'x': [9.25], 'x_unit': 's', 'x_type': 'Time', 'y': [-1.9918432235717773], 'y_unit': 'V', 'y_type': 'Potential'} 

2024-06-17 14:27:11,282 - INFO -run_logger.palmsens_driver 
 	 Data received: {'index': 39, 'x': [9.5], 'x_unit': 's', 'x_type': 'Time', 'y': [-1.9920778274536133], 'y_unit': 'V', 'y_type': 'Potential'} 

2024-06-17 14:27:11,565 - INFO -run_logger.palmsens_driver 
 	 Data received: {'index': 40, 'x': [9.75], 'x_unit': 's', 'x_type': 'Time', 'y': [-1.9921560287475586], 'y_unit': 'V', 'y_type': 'Potential'} 

2024-06-17 14:27:11,797 - INFO -run_logger.palmsens_driver 
 	 Data received: {'index': 41, 'x': [10.0], 'x_unit': 's', 'x_type': 'Time', 'y': [-1.991999626159668], 'y_unit': 'V', 'y_type': 'Potential'} 

2024-06-17 14:27:12,029 - INFO -run_logger.palmsens_driver 
 	 Data received: {'index': 42, 'x': [10.25], 'x_unit': 's', 'x_type': 'Time', 'y': [-1.9918432235717773], 'y_unit': 'V', 'y_type': 'Potential'} 

2024-06-17 14:27:12,308 - INFO -run_logger.palmsens_driver 
 	 Data received: {'index': 43, 'x': [10.5], 'x_unit': 's', 'x_type': 'Time', 'y': [-1.991765022277832], 'y_unit': 'V', 'y_type': 'Potential'} 

2024-06-17 14:27:12,542 - INFO -run_logger.palmsens_driver 
 	 Data received: {'index': 44, 'x': [10.75], 'x_unit': 's', 'x_type': 'Time', 'y': [-1.9916868209838867], 'y_unit': 'V', 'y_type': 'Potential'} 

2024-06-17 14:27:12,789 - INFO -run_logger.palmsens_driver 
 	 Data received: {'index': 45, 'x': [11.0], 'x_unit': 's', 'x_type': 'Time', 'y': [-1.9916086196899414], 'y_unit': 'V', 'y_type': 'Potential'} 

2024-06-17 14:27:13,040 - INFO -run_logger.palmsens_driver 
 	 Data received: {'index': 46, 'x': [11.25], 'x_unit': 's', 'x_type': 'Time', 'y': [-1.9916086196899414], 'y_unit': 'V', 'y_type': 'Potential'} 

2024-06-17 14:27:13,272 - INFO -run_logger.palmsens_driver 
 	 Data received: {'index': 47, 'x': [11.5], 'x_unit': 's', 'x_type': 'Time', 'y': [-1.9915313720703125], 'y_unit': 'V', 'y_type': 'Potential'} 

2024-06-17 14:27:13,550 - INFO -run_logger.palmsens_driver 
 	 Data received: {'index': 48, 'x': [11.75], 'x_unit': 's', 'x_type': 'Time', 'y': [-1.9914531707763672], 'y_unit': 'V', 'y_type': 'Potential'} 

2024-06-17 14:27:13,782 - INFO -run_logger.palmsens_driver 
 	 Data received: {'index': 49, 'x': [12.0], 'x_unit': 's', 'x_type': 'Time', 'y': [-1.9915313720703125], 'y_unit': 'V', 'y_type': 'Potential'} 

2024-06-17 14:27:14,063 - INFO -run_logger.palmsens_driver 
 	 Data received: {'index': 50, 'x': [12.25], 'x_unit': 's', 'x_type': 'Time', 'y': [-1.9913749694824219], 'y_unit': 'V', 'y_type': 'Potential'} 

2024-06-17 14:27:14,296 - INFO -run_logger.palmsens_driver 
 	 Data received: {'index': 51, 'x': [12.5], 'x_unit': 's', 'x_type': 'Time', 'y': [-1.9913749694824219], 'y_unit': 'V', 'y_type': 'Potential'} 

2024-06-17 14:27:14,530 - INFO -run_logger.palmsens_driver 
 	 Data received: {'index': 52, 'x': [12.75], 'x_unit': 's', 'x_type': 'Time', 'y': [-1.9912967681884766], 'y_unit': 'V', 'y_type': 'Potential'} 

2024-06-17 14:27:14,811 - INFO -run_logger.palmsens_driver 
 	 Data received: {'index': 53, 'x': [13.0], 'x_unit': 's', 'x_type': 'Time', 'y': [-1.9912967681884766], 'y_unit': 'V', 'y_type': 'Potential'} 

2024-06-17 14:27:15,045 - INFO -run_logger.palmsens_driver 
 	 Data received: {'index': 54, 'x': [13.25], 'x_unit': 's', 'x_type': 'Time', 'y': [-1.9912967681884766], 'y_unit': 'V', 'y_type': 'Potential'} 

2024-06-17 14:27:15,281 - INFO -run_logger.palmsens_driver 
 	 Data received: {'index': 55, 'x': [13.5], 'x_unit': 's', 'x_type': 'Time', 'y': [-1.9912185668945312], 'y_unit': 'V', 'y_type': 'Potential'} 

2024-06-17 14:27:15,559 - INFO -run_logger.palmsens_driver 
 	 Data received: {'index': 56, 'x': [13.75], 'x_unit': 's', 'x_type': 'Time', 'y': [-1.9912967681884766], 'y_unit': 'V', 'y_type': 'Potential'} 

2024-06-17 14:27:15,792 - INFO -run_logger.palmsens_driver 
 	 Data received: {'index': 57, 'x': [14.0], 'x_unit': 's', 'x_type': 'Time', 'y': [-1.9912185668945312], 'y_unit': 'V', 'y_type': 'Potential'} 

2024-06-17 14:27:16,024 - INFO -run_logger.palmsens_driver 
 	 Data received: {'index': 58, 'x': [14.25], 'x_unit': 's', 'x_type': 'Time', 'y': [-1.9912967681884766], 'y_unit': 'V', 'y_type': 'Potential'} 

2024-06-17 14:27:16,306 - INFO -run_logger.palmsens_driver 
 	 Data received: {'index': 59, 'x': [14.5], 'x_unit': 's', 'x_type': 'Time', 'y': [-1.9912967681884766], 'y_unit': 'V', 'y_type': 'Potential'} 

2024-06-17 14:27:16,555 - INFO -run_logger.palmsens_driver 
 	 Data received: {'index': 60, 'x': [14.75], 'x_unit': 's', 'x_type': 'Time', 'y': [-1.991140365600586], 'y_unit': 'V', 'y_type': 'Potential'} 

2024-06-17 14:27:16,806 - INFO -run_logger.palmsens_driver 
 	 Data received: {'index': 61, 'x': [15.0], 'x_unit': 's', 'x_type': 'Time', 'y': [-1.9912185668945312], 'y_unit': 'V', 'y_type': 'Potential'} 

2024-06-17 14:27:17,038 - INFO -run_logger.palmsens_driver 
 	 Data received: {'index': 62, 'x': [15.25], 'x_unit': 's', 'x_type': 'Time', 'y': [-1.991140365600586], 'y_unit': 'V', 'y_type': 'Potential'} 

2024-06-17 14:27:17,272 - INFO -run_logger.palmsens_driver 
 	 Data received: {'index': 63, 'x': [15.5], 'x_unit': 's', 'x_type': 'Time', 'y': [-1.991140365600586], 'y_unit': 'V', 'y_type': 'Potential'} 

2024-06-17 14:27:17,552 - INFO -run_logger.palmsens_driver 
 	 Data received: {'index': 64, 'x': [15.75], 'x_unit': 's', 'x_type': 'Time', 'y': [-1.9912185668945312], 'y_unit': 'V', 'y_type': 'Potential'} 

2024-06-17 14:27:17,788 - INFO -run_logger.palmsens_driver 
 	 Data received: {'index': 65, 'x': [16.0], 'x_unit': 's', 'x_type': 'Time', 'y': [-1.9910621643066406], 'y_unit': 'V', 'y_type': 'Potential'} 

2024-06-17 14:27:18,066 - INFO -run_logger.palmsens_driver 
 	 Data received: {'index': 66, 'x': [16.25], 'x_unit': 's', 'x_type': 'Time', 'y': [-1.991140365600586], 'y_unit': 'V', 'y_type': 'Potential'} 

2024-06-17 14:27:18,298 - INFO -run_logger.palmsens_driver 
 	 Data received: {'index': 67, 'x': [16.5], 'x_unit': 's', 'x_type': 'Time', 'y': [-1.991140365600586], 'y_unit': 'V', 'y_type': 'Potential'} 

2024-06-17 14:27:18,533 - INFO -run_logger.palmsens_driver 
 	 Data received: {'index': 68, 'x': [16.75], 'x_unit': 's', 'x_type': 'Time', 'y': [-1.9910621643066406], 'y_unit': 'V', 'y_type': 'Potential'} 

2024-06-17 14:27:18,812 - INFO -run_logger.palmsens_driver 
 	 Data received: {'index': 69, 'x': [17.0], 'x_unit': 's', 'x_type': 'Time', 'y': [-1.991140365600586], 'y_unit': 'V', 'y_type': 'Potential'} 

2024-06-17 14:27:19,047 - INFO -run_logger.palmsens_driver 
 	 Data received: {'index': 70, 'x': [17.25], 'x_unit': 's', 'x_type': 'Time', 'y': [-1.991140365600586], 'y_unit': 'V', 'y_type': 'Potential'} 

2024-06-17 14:27:19,281 - INFO -run_logger.palmsens_driver 
 	 Data received: {'index': 71, 'x': [17.5], 'x_unit': 's', 'x_type': 'Time', 'y': [-1.9912185668945312], 'y_unit': 'V', 'y_type': 'Potential'} 

2024-06-17 14:27:19,558 - INFO -run_logger.palmsens_driver 
 	 Data received: {'index': 72, 'x': [17.75], 'x_unit': 's', 'x_type': 'Time', 'y': [-1.9912185668945312], 'y_unit': 'V', 'y_type': 'Potential'} 

2024-06-17 14:27:19,803 - INFO -run_logger.palmsens_driver 
 	 Data received: {'index': 73, 'x': [18.0], 'x_unit': 's', 'x_type': 'Time', 'y': [-1.991140365600586], 'y_unit': 'V', 'y_type': 'Potential'} 

2024-06-17 14:27:20,037 - INFO -run_logger.palmsens_driver 
 	 Data received: {'index': 74, 'x': [18.25], 'x_unit': 's', 'x_type': 'Time', 'y': [-1.991140365600586], 'y_unit': 'V', 'y_type': 'Potential'} 

2024-06-17 14:27:20,272 - INFO -run_logger.palmsens_driver 
 	 Data received: {'index': 75, 'x': [18.5], 'x_unit': 's', 'x_type': 'Time', 'y': [-1.9910621643066406], 'y_unit': 'V', 'y_type': 'Potential'} 

2024-06-17 14:27:20,555 - INFO -run_logger.palmsens_driver 
 	 Data received: {'index': 76, 'x': [18.75], 'x_unit': 's', 'x_type': 'Time', 'y': [-1.991140365600586], 'y_unit': 'V', 'y_type': 'Potential'} 

2024-06-17 14:27:20,786 - INFO -run_logger.palmsens_driver 
 	 Data received: {'index': 77, 'x': [19.0], 'x_unit': 's', 'x_type': 'Time', 'y': [-1.991140365600586], 'y_unit': 'V', 'y_type': 'Potential'} 

2024-06-17 14:27:21,067 - INFO -run_logger.palmsens_driver 
 	 Data received: {'index': 78, 'x': [19.25], 'x_unit': 's', 'x_type': 'Time', 'y': [-1.9910621643066406], 'y_unit': 'V', 'y_type': 'Potential'} 

2024-06-17 14:27:21,300 - INFO -run_logger.palmsens_driver 
 	 Data received: {'index': 79, 'x': [19.5], 'x_unit': 's', 'x_type': 'Time', 'y': [-1.991140365600586], 'y_unit': 'V', 'y_type': 'Potential'} 

2024-06-17 14:27:21,534 - INFO -run_logger.palmsens_driver 
 	 Data received: {'index': 80, 'x': [19.75], 'x_unit': 's', 'x_type': 'Time', 'y': [-1.99090576171875], 'y_unit': 'V', 'y_type': 'Potential'} 

2024-06-17 14:27:21,811 - INFO -run_logger.palmsens_driver 
 	 Data received: {'index': 81, 'x': [20.0], 'x_unit': 's', 'x_type': 'Time', 'y': [-1.99090576171875], 'y_unit': 'V', 'y_type': 'Potential'} 

2024-06-17 14:27:21,837 - INFO -run_logger.palmsens_driver 
 	 result:
{'Title': 'Open Circuit Potentiometry', 'timestamp': '17/06/2024 14:27:00', 'current_arrays': [[0.2384185791015625, 0.2384185791015625, 0.2384185791015625, 0.2384185791015625, 0.2384185791015625, 0.2384185791015625, 0.2384185791015625, 0.2384185791015625, 0.2384185791015625, 0.2384185791015625, 0.2384185791015625, 0.2384185791015625, 0.2384185791015625, 0.2384185791015625, 0.2384185791015625, 0.2384185791015625, 0.2384185791015625, 0.2384185791015625, 0.2384185791015625, 0.2384185791015625, 0.2384185791015625, 0.2384185791015625, 0.2384185791015625, 0.2384185791015625, 0.2384185791015625, 0.2384185791015625, 0.2384185791015625, 0.2384185791015625, 0.2384185791015625, 0.2384185791015625, 0.2384185791015625, 0.2384185791015625, 0.2384185791015625, 0.2384185791015625, 0.2384185791015625, 0.2384185791015625, 0.2384185791015625, 0.2384185791015625, 0.2384185791015625, 0.2384185791015625, 0.2384185791015625, 0.2384185791015625, 0.2384185791015625, 0.2384185791015625, 0.2384185791015625, 0.2384185791015625, 0.2384185791015625, 0.2384185791015625, 0.2384185791015625, 0.2384185791015625, 0.2384185791015625, 0.2384185791015625, 0.2384185791015625, 0.2384185791015625, 0.2384185791015625, 0.2384185791015625, 0.2384185791015625, 0.2384185791015625, 0.2384185791015625, 0.2384185791015625, 0.2384185791015625, 0.2384185791015625, 0.2384185791015625, 0.2384185791015625, 0.2384185791015625, 0.2384185791015625, 0.2384185791015625, 0.2384185791015625, 0.2384185791015625, 0.2384185791015625, 0.2384185791015625, 0.2384185791015625, 0.2384185791015625, 0.2384185791015625, 0.2384185791015625, 0.2384185791015625, 0.2384185791015625, 0.2384185791015625, 0.2384185791015625, 0.2384185791015625, 0.2384185791015625]], 'potential_arrays': [[-1.9933280944824219, -1.9934844970703125, -1.9934844970703125, -1.9933280944824219, -1.9934062957763672, -1.9933280944824219, -1.9933280944824219, -1.9933280944824219, -1.9931716918945312, -1.9932498931884766, -1.9931716918945312, -1.9931716918945312, -1.9932498931884766, -1.9931716918945312, -1.9931716918945312, -1.993093490600586, -1.9930152893066406, -1.993093490600586, -1.9929370880126953, -1.9930152893066406, -1.9929370880126953, -1.9927806854248047, -1.9924688339233398, -1.9924688339233398, -1.9927806854248047, -1.9913749694824219, -1.992234230041504, -1.9921560287475586, -1.992234230041504, -1.9923124313354492, -1.992234230041504, -1.9921560287475586, -1.9921560287475586, -1.9921560287475586, -1.9920778274536133, -1.9918432235717773, -1.991765022277832, -1.9918432235717773, -1.9920778274536133, -1.9921560287475586, -1.991999626159668, -1.9918432235717773, -1.991765022277832, -1.9916868209838867, -1.9916086196899414, -1.9916086196899414, -1.9915313720703125, -1.9914531707763672, -1.9915313720703125, -1.9913749694824219, -1.9913749694824219, -1.9912967681884766, -1.9912967681884766, -1.9912967681884766, -1.9912185668945312, -1.9912967681884766, -1.9912185668945312, -1.9912967681884766, -1.9912967681884766, -1.991140365600586, -1.9912185668945312, -1.991140365600586, -1.991140365600586, -1.9912185668945312, -1.9910621643066406, -1.991140365600586, -1.991140365600586, -1.9910621643066406, -1.991140365600586, -1.991140365600586, -1.9912185668945312, -1.9912185668945312, -1.991140365600586, -1.991140365600586, -1.9910621643066406, -1.991140365600586, -1.991140365600586, -1.9910621643066406, -1.991140365600586, -1.99090576171875, -1.99090576171875]], 'time_arrays': [[0.0, 0.25, 0.5, 0.75, 1.0, 1.25, 1.5, 1.75, 2.0, 2.25, 2.5, 2.75, 3.0, 3.25, 3.5, 3.75, 4.0, 4.25, 4.5, 4.75, 5.0, 5.25, 5.5, 5.75, 6.0, 6.25, 6.5, 6.75, 7.0, 7.25, 7.5, 7.75, 8.0, 8.25, 8.5, 8.75, 9.0, 9.25, 9.5, 9.75, 10.0, 10.25, 10.5, 10.75, 11.0, 11.25, 11.5, 11.75, 12.0, 12.25, 12.5, 12.75, 13.0, 13.25, 13.5, 13.75, 14.0, 14.25, 14.5, 14.75, 15.0, 15.25, 15.5, 15.75, 16.0, 16.25, 16.5, 16.75, 17.0, 17.25, 17.5, 17.75, 18.0, 18.25, 18.5, 18.75, 19.0, 19.25, 19.5, 19.75, 20.0]], 'freq_arrays': [], 'zre_arrays': [], 'zim_arrays': [], 'aux_input_arrays': [], 'peaks': [], 'eis_fit': []} 

