2024-06-17 14:30:34,681 - INFO -run_logger.palmsens_driver 
 	 Successfully connected to PalmSens4 [1]. 

2024-06-17 14:32:12,261 - INFO -run_logger.palmsens_driver 
 	 Data received: {'index': 1, 'x': [0.0], 'x_unit': 's', 'x_type': 'Time', 'y': [-1.9855155944824219], 'y_unit': 'V', 'y_type': 'Potential'} 

2024-06-17 14:32:12,476 - INFO -run_logger.palmsens_driver 
 	 Data received: {'index': 2, 'x': [0.25], 'x_unit': 's', 'x_type': 'Time', 'y': [-1.9856719970703125], 'y_unit': 'V', 'y_type': 'Potential'} 

2024-06-17 14:32:12,755 - INFO -run_logger.palmsens_driver 
 	 Data received: {'index': 3, 'x': [0.5], 'x_unit': 's', 'x_type': 'Time', 'y': [-1.9855155944824219], 'y_unit': 'V', 'y_type': 'Potential'} 

2024-06-17 14:32:12,988 - INFO -run_logger.palmsens_driver 
 	 Data received: {'index': 4, 'x': [0.75], 'x_unit': 's', 'x_type': 'Time', 'y': [-1.9854373931884766], 'y_unit': 'V', 'y_type': 'Potential'} 

2024-06-17 14:32:13,222 - INFO -run_logger.palmsens_driver 
 	 Data received: {'index': 5, 'x': [1.0], 'x_unit': 's', 'x_type': 'Time', 'y': [-1.9854373931884766], 'y_unit': 'V', 'y_type': 'Potential'} 

2024-06-17 14:32:13,505 - INFO -run_logger.palmsens_driver 
 	 Data received: {'index': 6, 'x': [1.25], 'x_unit': 's', 'x_type': 'Time', 'y': [-1.9854373931884766], 'y_unit': 'V', 'y_type': 'Potential'} 

2024-06-17 14:32:13,739 - INFO -run_logger.palmsens_driver 
 	 Data received: {'index': 7, 'x': [1.5], 'x_unit': 's', 'x_type': 'Time', 'y': [-1.9855155944824219], 'y_unit': 'V', 'y_type': 'Potential'} 

2024-06-17 14:32:13,971 - INFO -run_logger.palmsens_driver 
 	 Data received: {'index': 8, 'x': [1.75], 'x_unit': 's', 'x_type': 'Time', 'y': [-1.985280990600586], 'y_unit': 'V', 'y_type': 'Potential'} 

2024-06-17 14:32:14,252 - INFO -run_logger.palmsens_driver 
 	 Data received: {'index': 9, 'x': [2.0], 'x_unit': 's', 'x_type': 'Time', 'y': [-1.9852027893066406], 'y_unit': 'V', 'y_type': 'Potential'} 

2024-06-17 14:32:14,485 - INFO -run_logger.palmsens_driver 
 	 Data received: {'index': 10, 'x': [2.25], 'x_unit': 's', 'x_type': 'Time', 'y': [-1.9852027893066406], 'y_unit': 'V', 'y_type': 'Potential'} 

2024-06-17 14:32:14,719 - INFO -run_logger.palmsens_driver 
 	 Data received: {'index': 11, 'x': [2.5], 'x_unit': 's', 'x_type': 'Time', 'y': [-1.9851245880126953], 'y_unit': 'V', 'y_type': 'Potential'} 

2024-06-17 14:32:15,001 - INFO -run_logger.palmsens_driver 
 	 Data received: {'index': 12, 'x': [2.75], 'x_unit': 's', 'x_type': 'Time', 'y': [-1.98504638671875], 'y_unit': 'V', 'y_type': 'Potential'} 

2024-06-17 14:32:15,233 - INFO -run_logger.palmsens_driver 
 	 Data received: {'index': 13, 'x': [3.0], 'x_unit': 's', 'x_type': 'Time', 'y': [-1.9849681854248047], 'y_unit': 'V', 'y_type': 'Potential'} 

2024-06-17 14:32:15,465 - INFO -run_logger.palmsens_driver 
 	 Data received: {'index': 14, 'x': [3.25], 'x_unit': 's', 'x_type': 'Time', 'y': [-1.9848899841308594], 'y_unit': 'V', 'y_type': 'Potential'} 

2024-06-17 14:32:15,745 - INFO -run_logger.palmsens_driver 
 	 Data received: {'index': 15, 'x': [3.5], 'x_unit': 's', 'x_type': 'Time', 'y': [-1.9849681854248047], 'y_unit': 'V', 'y_type': 'Potential'} 

2024-06-17 14:32:15,980 - INFO -run_logger.palmsens_driver 
 	 Data received: {'index': 16, 'x': [3.75], 'x_unit': 's', 'x_type': 'Time', 'y': [-1.984811782836914], 'y_unit': 'V', 'y_type': 'Potential'} 

2024-06-17 14:32:16,214 - INFO -run_logger.palmsens_driver 
 	 Data received: {'index': 17, 'x': [4.0], 'x_unit': 's', 'x_type': 'Time', 'y': [-1.984811782836914], 'y_unit': 'V', 'y_type': 'Potential'} 

2024-06-17 14:32:16,493 - INFO -run_logger.palmsens_driver 
 	 Data received: {'index': 18, 'x': [4.25], 'x_unit': 's', 'x_type': 'Time', 'y': [-1.9848899841308594], 'y_unit': 'V', 'y_type': 'Potential'} 

2024-06-17 14:32:16,728 - INFO -run_logger.palmsens_driver 
 	 Data received: {'index': 19, 'x': [4.5], 'x_unit': 's', 'x_type': 'Time', 'y': [-1.9847345352172852], 'y_unit': 'V', 'y_type': 'Potential'} 

2024-06-17 14:32:16,975 - INFO -run_logger.palmsens_driver 
 	 Data received: {'index': 20, 'x': [4.75], 'x_unit': 's', 'x_type': 'Time', 'y': [-1.9846563339233398], 'y_unit': 'V', 'y_type': 'Potential'} 

2024-06-17 14:32:17,254 - INFO -run_logger.palmsens_driver 
 	 Data received: {'index': 21, 'x': [5.0], 'x_unit': 's', 'x_type': 'Time', 'y': [-1.9844999313354492], 'y_unit': 'V', 'y_type': 'Potential'} 

2024-06-17 14:32:17,489 - INFO -run_logger.palmsens_driver 
 	 Data received: {'index': 22, 'x': [5.25], 'x_unit': 's', 'x_type': 'Time', 'y': [-1.9845781326293945], 'y_unit': 'V', 'y_type': 'Potential'} 

2024-06-17 14:32:17,724 - INFO -run_logger.palmsens_driver 
 	 Data received: {'index': 23, 'x': [5.5], 'x_unit': 's', 'x_type': 'Time', 'y': [-1.9847345352172852], 'y_unit': 'V', 'y_type': 'Potential'} 

2024-06-17 14:32:18,004 - INFO -run_logger.palmsens_driver 
 	 Data received: {'index': 24, 'x': [5.75], 'x_unit': 's', 'x_type': 'Time', 'y': [-1.9845781326293945], 'y_unit': 'V', 'y_type': 'Potential'} 

2024-06-17 14:32:18,238 - INFO -run_logger.palmsens_driver 
 	 Data received: {'index': 25, 'x': [6.0], 'x_unit': 's', 'x_type': 'Time', 'y': [-1.9845781326293945], 'y_unit': 'V', 'y_type': 'Potential'} 

2024-06-17 14:32:18,471 - INFO -run_logger.palmsens_driver 
 	 Data received: {'index': 26, 'x': [6.25], 'x_unit': 's', 'x_type': 'Time', 'y': [-1.9846563339233398], 'y_unit': 'V', 'y_type': 'Potential'} 

2024-06-17 14:32:18,751 - INFO -run_logger.palmsens_driver 
 	 Data received: {'index': 27, 'x': [6.5], 'x_unit': 's', 'x_type': 'Time', 'y': [-1.9848899841308594], 'y_unit': 'V', 'y_type': 'Potential'} 

2024-06-17 14:32:18,980 - INFO -run_logger.palmsens_driver 
 	 Data received: {'index': 28, 'x': [6.75], 'x_unit': 's', 'x_type': 'Time', 'y': [-1.9849681854248047], 'y_unit': 'V', 'y_type': 'Potential'} 

2024-06-17 14:32:19,213 - INFO -run_logger.palmsens_driver 
 	 Data received: {'index': 29, 'x': [7.0], 'x_unit': 's', 'x_type': 'Time', 'y': [-1.9849681854248047], 'y_unit': 'V', 'y_type': 'Potential'} 

2024-06-17 14:32:19,509 - INFO -run_logger.palmsens_driver 
 	 Data received: {'index': 30, 'x': [7.25], 'x_unit': 's', 'x_type': 'Time', 'y': [-1.98504638671875], 'y_unit': 'V', 'y_type': 'Potential'} 

2024-06-17 14:32:19,775 - INFO -run_logger.palmsens_driver 
 	 Data received: {'index': 31, 'x': [7.5], 'x_unit': 's', 'x_type': 'Time', 'y': [-1.9849681854248047], 'y_unit': 'V', 'y_type': 'Potential'} 

2024-06-17 14:32:20,007 - INFO -run_logger.palmsens_driver 
 	 Data received: {'index': 32, 'x': [7.75], 'x_unit': 's', 'x_type': 'Time', 'y': [-1.9848899841308594], 'y_unit': 'V', 'y_type': 'Potential'} 

2024-06-17 14:32:20,243 - INFO -run_logger.palmsens_driver 
 	 Data received: {'index': 33, 'x': [8.0], 'x_unit': 's', 'x_type': 'Time', 'y': [-1.9848899841308594], 'y_unit': 'V', 'y_type': 'Potential'} 

2024-06-17 14:32:20,476 - INFO -run_logger.palmsens_driver 
 	 Data received: {'index': 34, 'x': [8.25], 'x_unit': 's', 'x_type': 'Time', 'y': [-1.9847345352172852], 'y_unit': 'V', 'y_type': 'Potential'} 

2024-06-17 14:32:20,757 - INFO -run_logger.palmsens_driver 
 	 Data received: {'index': 35, 'x': [8.5], 'x_unit': 's', 'x_type': 'Time', 'y': [-1.9847345352172852], 'y_unit': 'V', 'y_type': 'Potential'} 

2024-06-17 14:32:20,988 - INFO -run_logger.palmsens_driver 
 	 Data received: {'index': 36, 'x': [8.75], 'x_unit': 's', 'x_type': 'Time', 'y': [-1.9847345352172852], 'y_unit': 'V', 'y_type': 'Potential'} 

2024-06-17 14:32:21,222 - INFO -run_logger.palmsens_driver 
 	 Data received: {'index': 37, 'x': [9.0], 'x_unit': 's', 'x_type': 'Time', 'y': [-1.9845781326293945], 'y_unit': 'V', 'y_type': 'Potential'} 

2024-06-17 14:32:21,503 - INFO -run_logger.palmsens_driver 
 	 Data received: {'index': 38, 'x': [9.25], 'x_unit': 's', 'x_type': 'Time', 'y': [-1.984811782836914], 'y_unit': 'V', 'y_type': 'Potential'} 

2024-06-17 14:32:21,738 - INFO -run_logger.palmsens_driver 
 	 Data received: {'index': 39, 'x': [9.5], 'x_unit': 's', 'x_type': 'Time', 'y': [-1.9845781326293945], 'y_unit': 'V', 'y_type': 'Potential'} 

2024-06-17 14:32:21,970 - INFO -run_logger.palmsens_driver 
 	 Data received: {'index': 40, 'x': [9.75], 'x_unit': 's', 'x_type': 'Time', 'y': [-1.9843435287475586], 'y_unit': 'V', 'y_type': 'Potential'} 

2024-06-17 14:32:22,250 - INFO -run_logger.palmsens_driver 
 	 Data received: {'index': 41, 'x': [10.0], 'x_unit': 's', 'x_type': 'Time', 'y': [-1.9845781326293945], 'y_unit': 'V', 'y_type': 'Potential'} 

2024-06-17 14:32:22,483 - INFO -run_logger.palmsens_driver 
 	 Data received: {'index': 42, 'x': [10.25], 'x_unit': 's', 'x_type': 'Time', 'y': [-1.9844999313354492], 'y_unit': 'V', 'y_type': 'Potential'} 

2024-06-17 14:32:22,715 - INFO -run_logger.palmsens_driver 
 	 Data received: {'index': 43, 'x': [10.5], 'x_unit': 's', 'x_type': 'Time', 'y': [-1.9844999313354492], 'y_unit': 'V', 'y_type': 'Potential'} 

2024-06-17 14:32:22,995 - INFO -run_logger.palmsens_driver 
 	 Data received: {'index': 44, 'x': [10.75], 'x_unit': 's', 'x_type': 'Time', 'y': [-1.984421730041504], 'y_unit': 'V', 'y_type': 'Potential'} 

2024-06-17 14:32:23,241 - INFO -run_logger.palmsens_driver 
 	 Data received: {'index': 45, 'x': [11.0], 'x_unit': 's', 'x_type': 'Time', 'y': [-1.9844999313354492], 'y_unit': 'V', 'y_type': 'Potential'} 

2024-06-17 14:32:23,476 - INFO -run_logger.palmsens_driver 
 	 Data received: {'index': 46, 'x': [11.25], 'x_unit': 's', 'x_type': 'Time', 'y': [-1.984421730041504], 'y_unit': 'V', 'y_type': 'Potential'} 

2024-06-17 14:32:23,756 - INFO -run_logger.palmsens_driver 
 	 Data received: {'index': 47, 'x': [11.5], 'x_unit': 's', 'x_type': 'Time', 'y': [-1.9842653274536133], 'y_unit': 'V', 'y_type': 'Potential'} 

2024-06-17 14:32:23,988 - INFO -run_logger.palmsens_driver 
 	 Data received: {'index': 48, 'x': [11.75], 'x_unit': 's', 'x_type': 'Time', 'y': [-1.9842653274536133], 'y_unit': 'V', 'y_type': 'Potential'} 

2024-06-17 14:32:24,220 - INFO -run_logger.palmsens_driver 
 	 Data received: {'index': 49, 'x': [12.0], 'x_unit': 's', 'x_type': 'Time', 'y': [-1.9842653274536133], 'y_unit': 'V', 'y_type': 'Potential'} 

2024-06-17 14:32:24,500 - INFO -run_logger.palmsens_driver 
 	 Data received: {'index': 50, 'x': [12.25], 'x_unit': 's', 'x_type': 'Time', 'y': [-1.9843435287475586], 'y_unit': 'V', 'y_type': 'Potential'} 

2024-06-17 14:32:24,734 - INFO -run_logger.palmsens_driver 
 	 Data received: {'index': 51, 'x': [12.5], 'x_unit': 's', 'x_type': 'Time', 'y': [-1.984187126159668], 'y_unit': 'V', 'y_type': 'Potential'} 

2024-06-17 14:32:24,968 - INFO -run_logger.palmsens_driver 
 	 Data received: {'index': 52, 'x': [12.75], 'x_unit': 's', 'x_type': 'Time', 'y': [-1.9840307235717773], 'y_unit': 'V', 'y_type': 'Potential'} 

2024-06-17 14:32:25,248 - INFO -run_logger.palmsens_driver 
 	 Data received: {'index': 53, 'x': [13.0], 'x_unit': 's', 'x_type': 'Time', 'y': [-1.9841089248657227], 'y_unit': 'V', 'y_type': 'Potential'} 

2024-06-17 14:32:25,482 - INFO -run_logger.palmsens_driver 
 	 Data received: {'index': 54, 'x': [13.25], 'x_unit': 's', 'x_type': 'Time', 'y': [-1.983952522277832], 'y_unit': 'V', 'y_type': 'Potential'} 

2024-06-17 14:32:25,711 - INFO -run_logger.palmsens_driver 
 	 Data received: {'index': 55, 'x': [13.5], 'x_unit': 's', 'x_type': 'Time', 'y': [-1.9840307235717773], 'y_unit': 'V', 'y_type': 'Potential'} 

2024-06-17 14:32:26,008 - INFO -run_logger.palmsens_driver 
 	 Data received: {'index': 56, 'x': [13.75], 'x_unit': 's', 'x_type': 'Time', 'y': [-1.9841089248657227], 'y_unit': 'V', 'y_type': 'Potential'} 

2024-06-17 14:32:26,242 - INFO -run_logger.palmsens_driver 
 	 Data received: {'index': 57, 'x': [14.0], 'x_unit': 's', 'x_type': 'Time', 'y': [-1.9840307235717773], 'y_unit': 'V', 'y_type': 'Potential'} 

2024-06-17 14:32:26,473 - INFO -run_logger.palmsens_driver 
 	 Data received: {'index': 58, 'x': [14.25], 'x_unit': 's', 'x_type': 'Time', 'y': [-1.9840307235717773], 'y_unit': 'V', 'y_type': 'Potential'} 

2024-06-17 14:32:26,757 - INFO -run_logger.palmsens_driver 
 	 Data received: {'index': 59, 'x': [14.5], 'x_unit': 's', 'x_type': 'Time', 'y': [-1.9840307235717773], 'y_unit': 'V', 'y_type': 'Potential'} 

2024-06-17 14:32:26,987 - INFO -run_logger.palmsens_driver 
 	 Data received: {'index': 60, 'x': [14.75], 'x_unit': 's', 'x_type': 'Time', 'y': [-1.983952522277832], 'y_unit': 'V', 'y_type': 'Potential'} 

2024-06-17 14:32:27,219 - INFO -run_logger.palmsens_driver 
 	 Data received: {'index': 61, 'x': [15.0], 'x_unit': 's', 'x_type': 'Time', 'y': [-1.9838743209838867], 'y_unit': 'V', 'y_type': 'Potential'} 

2024-06-17 14:32:27,498 - INFO -run_logger.palmsens_driver 
 	 Data received: {'index': 62, 'x': [15.25], 'x_unit': 's', 'x_type': 'Time', 'y': [-1.9837961196899414], 'y_unit': 'V', 'y_type': 'Potential'} 

2024-06-17 14:32:27,733 - INFO -run_logger.palmsens_driver 
 	 Data received: {'index': 63, 'x': [15.5], 'x_unit': 's', 'x_type': 'Time', 'y': [-1.9837961196899414], 'y_unit': 'V', 'y_type': 'Potential'} 

2024-06-17 14:32:27,968 - INFO -run_logger.palmsens_driver 
 	 Data received: {'index': 64, 'x': [15.75], 'x_unit': 's', 'x_type': 'Time', 'y': [-1.9838743209838867], 'y_unit': 'V', 'y_type': 'Potential'} 

2024-06-17 14:32:28,251 - INFO -run_logger.palmsens_driver 
 	 Data received: {'index': 65, 'x': [16.0], 'x_unit': 's', 'x_type': 'Time', 'y': [-1.9837961196899414], 'y_unit': 'V', 'y_type': 'Potential'} 

2024-06-17 14:32:28,486 - INFO -run_logger.palmsens_driver 
 	 Data received: {'index': 66, 'x': [16.25], 'x_unit': 's', 'x_type': 'Time', 'y': [-1.9837961196899414], 'y_unit': 'V', 'y_type': 'Potential'} 

2024-06-17 14:32:28,720 - INFO -run_logger.palmsens_driver 
 	 Data received: {'index': 67, 'x': [16.5], 'x_unit': 's', 'x_type': 'Time', 'y': [-1.9837188720703125], 'y_unit': 'V', 'y_type': 'Potential'} 

2024-06-17 14:32:29,000 - INFO -run_logger.palmsens_driver 
 	 Data received: {'index': 68, 'x': [16.75], 'x_unit': 's', 'x_type': 'Time', 'y': [-1.9837188720703125], 'y_unit': 'V', 'y_type': 'Potential'} 

2024-06-17 14:32:29,235 - INFO -run_logger.palmsens_driver 
 	 Data received: {'index': 69, 'x': [17.0], 'x_unit': 's', 'x_type': 'Time', 'y': [-1.9837961196899414], 'y_unit': 'V', 'y_type': 'Potential'} 

2024-06-17 14:32:29,469 - INFO -run_logger.palmsens_driver 
 	 Data received: {'index': 70, 'x': [17.25], 'x_unit': 's', 'x_type': 'Time', 'y': [-1.983952522277832], 'y_unit': 'V', 'y_type': 'Potential'} 

2024-06-17 14:32:29,750 - INFO -run_logger.palmsens_driver 
 	 Data received: {'index': 71, 'x': [17.5], 'x_unit': 's', 'x_type': 'Time', 'y': [-1.983952522277832], 'y_unit': 'V', 'y_type': 'Potential'} 

2024-06-17 14:32:29,985 - INFO -run_logger.palmsens_driver 
 	 Data received: {'index': 72, 'x': [17.75], 'x_unit': 's', 'x_type': 'Time', 'y': [-1.9837961196899414], 'y_unit': 'V', 'y_type': 'Potential'} 

2024-06-17 14:32:30,220 - INFO -run_logger.palmsens_driver 
 	 Data received: {'index': 73, 'x': [18.0], 'x_unit': 's', 'x_type': 'Time', 'y': [-1.983952522277832], 'y_unit': 'V', 'y_type': 'Potential'} 

2024-06-17 14:32:30,502 - INFO -run_logger.palmsens_driver 
 	 Data received: {'index': 74, 'x': [18.25], 'x_unit': 's', 'x_type': 'Time', 'y': [-1.9837961196899414], 'y_unit': 'V', 'y_type': 'Potential'} 

2024-06-17 14:32:30,741 - INFO -run_logger.palmsens_driver 
 	 Data received: {'index': 75, 'x': [18.5], 'x_unit': 's', 'x_type': 'Time', 'y': [-1.983952522277832], 'y_unit': 'V', 'y_type': 'Potential'} 

2024-06-17 14:32:30,973 - INFO -run_logger.palmsens_driver 
 	 Data received: {'index': 76, 'x': [18.75], 'x_unit': 's', 'x_type': 'Time', 'y': [-1.9838743209838867], 'y_unit': 'V', 'y_type': 'Potential'} 

2024-06-17 14:32:31,212 - INFO -run_logger.palmsens_driver 
 	 Data received: {'index': 77, 'x': [19.0], 'x_unit': 's', 'x_type': 'Time', 'y': [-1.9837188720703125], 'y_unit': 'V', 'y_type': 'Potential'} 

2024-06-17 14:32:31,506 - INFO -run_logger.palmsens_driver 
 	 Data received: {'index': 78, 'x': [19.25], 'x_unit': 's', 'x_type': 'Time', 'y': [-1.9838743209838867], 'y_unit': 'V', 'y_type': 'Potential'} 

2024-06-17 14:32:31,740 - INFO -run_logger.palmsens_driver 
 	 Data received: {'index': 79, 'x': [19.5], 'x_unit': 's', 'x_type': 'Time', 'y': [-1.983952522277832], 'y_unit': 'V', 'y_type': 'Potential'} 

2024-06-17 14:32:31,974 - INFO -run_logger.palmsens_driver 
 	 Data received: {'index': 80, 'x': [19.75], 'x_unit': 's', 'x_type': 'Time', 'y': [-1.9837961196899414], 'y_unit': 'V', 'y_type': 'Potential'} 

2024-06-17 14:32:32,256 - INFO -run_logger.palmsens_driver 
 	 Data received: {'index': 81, 'x': [20.0], 'x_unit': 's', 'x_type': 'Time', 'y': [-1.983952522277832], 'y_unit': 'V', 'y_type': 'Potential'} 

2024-06-17 14:32:32,287 - INFO -run_logger.palmsens_driver 
 	 result:
{'Title': 'Open Circuit Potentiometry', 'timestamp': '17/06/2024 14:32:10', 'current_arrays': [[0.2384185791015625, 0.2384185791015625, 0.2384185791015625, 0.2384185791015625, 0.2384185791015625, 0.2384185791015625, 0.2384185791015625, 0.2384185791015625, 0.2384185791015625, 0.2384185791015625, 0.2384185791015625, 0.2384185791015625, 0.2384185791015625, 0.2384185791015625, 0.2384185791015625, 0.2384185791015625, 0.2384185791015625, 0.2384185791015625, 0.2384185791015625, 0.2384185791015625, 0.2384185791015625, 0.2384185791015625, 0.2384185791015625, 0.2384185791015625, 0.2384185791015625, 0.2384185791015625, 0.2384185791015625, 0.2384185791015625, 0.2384185791015625, 0.2384185791015625, 0.2384185791015625, 0.2384185791015625, 0.2384185791015625, 0.2384185791015625, 0.2384185791015625, 0.2384185791015625, 0.2384185791015625, 0.2384185791015625, 0.2384185791015625, 0.2384185791015625, 0.2384185791015625, 0.2384185791015625, 0.2384185791015625, 0.2384185791015625, 0.2384185791015625, 0.2384185791015625, 0.2384185791015625, 0.2384185791015625, 0.2384185791015625, 0.2384185791015625, 0.2384185791015625, 0.2384185791015625, 0.2384185791015625, 0.2384185791015625, 0.2384185791015625, 0.2384185791015625, 0.2384185791015625, 0.2384185791015625, 0.2384185791015625, 0.2384185791015625, 0.2384185791015625, 0.2384185791015625, 0.2384185791015625, 0.2384185791015625, 0.2384185791015625, 0.2384185791015625, 0.2384185791015625, 0.2384185791015625, 0.2384185791015625, 0.2384185791015625, 0.2384185791015625, 0.2384185791015625, 0.2384185791015625, 0.2384185791015625, 0.2384185791015625, 0.2384185791015625, 0.2384185791015625, 0.2384185791015625, 0.2384185791015625, 0.2384185791015625, 0.2384185791015625]], 'potential_arrays': [[-1.9855155944824219, -1.9856719970703125, -1.9855155944824219, -1.9854373931884766, -1.9854373931884766, -1.9854373931884766, -1.9855155944824219, -1.985280990600586, -1.9852027893066406, -1.9852027893066406, -1.9851245880126953, -1.98504638671875, -1.9849681854248047, -1.9848899841308594, -1.9849681854248047, -1.984811782836914, -1.984811782836914, -1.9848899841308594, -1.9847345352172852, -1.9846563339233398, -1.9844999313354492, -1.9845781326293945, -1.9847345352172852, -1.9845781326293945, -1.9845781326293945, -1.9846563339233398, -1.9848899841308594, -1.9849681854248047, -1.9849681854248047, -1.98504638671875, -1.9849681854248047, -1.9848899841308594, -1.9848899841308594, -1.9847345352172852, -1.9847345352172852, -1.9847345352172852, -1.9845781326293945, -1.984811782836914, -1.9845781326293945, -1.9843435287475586, -1.9845781326293945, -1.9844999313354492, -1.9844999313354492, -1.984421730041504, -1.9844999313354492, -1.984421730041504, -1.9842653274536133, -1.9842653274536133, -1.9842653274536133, -1.9843435287475586, -1.984187126159668, -1.9840307235717773, -1.9841089248657227, -1.983952522277832, -1.9840307235717773, -1.9841089248657227, -1.9840307235717773, -1.9840307235717773, -1.9840307235717773, -1.983952522277832, -1.9838743209838867, -1.9837961196899414, -1.9837961196899414, -1.9838743209838867, -1.9837961196899414, -1.9837961196899414, -1.9837188720703125, -1.9837188720703125, -1.9837961196899414, -1.983952522277832, -1.983952522277832, -1.9837961196899414, -1.983952522277832, -1.9837961196899414, -1.983952522277832, -1.9838743209838867, -1.9837188720703125, -1.9838743209838867, -1.983952522277832, -1.9837961196899414, -1.983952522277832]], 'time_arrays': [[0.0, 0.25, 0.5, 0.75, 1.0, 1.25, 1.5, 1.75, 2.0, 2.25, 2.5, 2.75, 3.0, 3.25, 3.5, 3.75, 4.0, 4.25, 4.5, 4.75, 5.0, 5.25, 5.5, 5.75, 6.0, 6.25, 6.5, 6.75, 7.0, 7.25, 7.5, 7.75, 8.0, 8.25, 8.5, 8.75, 9.0, 9.25, 9.5, 9.75, 10.0, 10.25, 10.5, 10.75, 11.0, 11.25, 11.5, 11.75, 12.0, 12.25, 12.5, 12.75, 13.0, 13.25, 13.5, 13.75, 14.0, 14.25, 14.5, 14.75, 15.0, 15.25, 15.5, 15.75, 16.0, 16.25, 16.5, 16.75, 17.0, 17.25, 17.5, 17.75, 18.0, 18.25, 18.5, 18.75, 19.0, 19.25, 19.5, 19.75, 20.0]], 'freq_arrays': [], 'zre_arrays': [], 'zim_arrays': [], 'aux_input_arrays': [], 'peaks': [], 'eis_fit': []} 

2024-06-17 14:33:27,522 - INFO -run_logger.palmsens_driver 
 	 Data received: {'index': 1, 'x': [0.0], 'x_unit': 's', 'x_type': 'Time', 'y': [-1.9891090393066406], 'y_unit': 'V', 'y_type': 'Potential'} 

2024-06-17 14:33:27,803 - INFO -run_logger.palmsens_driver 
 	 Data received: {'index': 2, 'x': [0.25], 'x_unit': 's', 'x_type': 'Time', 'y': [-1.9891090393066406], 'y_unit': 'V', 'y_type': 'Potential'} 

2024-06-17 14:33:28,036 - INFO -run_logger.palmsens_driver 
 	 Data received: {'index': 3, 'x': [0.5], 'x_unit': 's', 'x_type': 'Time', 'y': [-1.9892654418945312], 'y_unit': 'V', 'y_type': 'Potential'} 

2024-06-17 14:33:28,270 - INFO -run_logger.palmsens_driver 
 	 Data received: {'index': 4, 'x': [0.75], 'x_unit': 's', 'x_type': 'Time', 'y': [-1.989187240600586], 'y_unit': 'V', 'y_type': 'Potential'} 

2024-06-17 14:33:28,550 - INFO -run_logger.palmsens_driver 
 	 Data received: {'index': 5, 'x': [1.0], 'x_unit': 's', 'x_type': 'Time', 'y': [-1.989187240600586], 'y_unit': 'V', 'y_type': 'Potential'} 

2024-06-17 14:33:28,786 - INFO -run_logger.palmsens_driver 
 	 Data received: {'index': 6, 'x': [1.25], 'x_unit': 's', 'x_type': 'Time', 'y': [-1.9892654418945312], 'y_unit': 'V', 'y_type': 'Potential'} 

2024-06-17 14:33:29,018 - INFO -run_logger.palmsens_driver 
 	 Data received: {'index': 7, 'x': [1.5], 'x_unit': 's', 'x_type': 'Time', 'y': [-1.9892654418945312], 'y_unit': 'V', 'y_type': 'Potential'} 

2024-06-17 14:33:29,296 - INFO -run_logger.palmsens_driver 
 	 Data received: {'index': 8, 'x': [1.75], 'x_unit': 's', 'x_type': 'Time', 'y': [-1.9893436431884766], 'y_unit': 'V', 'y_type': 'Potential'} 

2024-06-17 14:33:29,532 - INFO -run_logger.palmsens_driver 
 	 Data received: {'index': 9, 'x': [2.0], 'x_unit': 's', 'x_type': 'Time', 'y': [-1.9892654418945312], 'y_unit': 'V', 'y_type': 'Potential'} 

2024-06-17 14:33:29,767 - INFO -run_logger.palmsens_driver 
 	 Data received: {'index': 10, 'x': [2.25], 'x_unit': 's', 'x_type': 'Time', 'y': [-1.9892654418945312], 'y_unit': 'V', 'y_type': 'Potential'} 

2024-06-17 14:33:30,046 - INFO -run_logger.palmsens_driver 
 	 Data received: {'index': 11, 'x': [2.5], 'x_unit': 's', 'x_type': 'Time', 'y': [-1.9893436431884766], 'y_unit': 'V', 'y_type': 'Potential'} 

2024-06-17 14:33:30,281 - INFO -run_logger.palmsens_driver 
 	 Data received: {'index': 12, 'x': [2.75], 'x_unit': 's', 'x_type': 'Time', 'y': [-1.9893436431884766], 'y_unit': 'V', 'y_type': 'Potential'} 

2024-06-17 14:33:30,515 - INFO -run_logger.palmsens_driver 
 	 Data received: {'index': 13, 'x': [3.0], 'x_unit': 's', 'x_type': 'Time', 'y': [-1.9893436431884766], 'y_unit': 'V', 'y_type': 'Potential'} 

2024-06-17 14:33:30,791 - INFO -run_logger.palmsens_driver 
 	 Data received: {'index': 14, 'x': [3.25], 'x_unit': 's', 'x_type': 'Time', 'y': [-1.9893436431884766], 'y_unit': 'V', 'y_type': 'Potential'} 

2024-06-17 14:33:31,023 - INFO -run_logger.palmsens_driver 
 	 Data received: {'index': 15, 'x': [3.5], 'x_unit': 's', 'x_type': 'Time', 'y': [-1.9893436431884766], 'y_unit': 'V', 'y_type': 'Potential'} 

2024-06-17 14:33:31,273 - INFO -run_logger.palmsens_driver 
 	 Data received: {'index': 16, 'x': [3.75], 'x_unit': 's', 'x_type': 'Time', 'y': [-1.9894218444824219], 'y_unit': 'V', 'y_type': 'Potential'} 

2024-06-17 14:33:31,553 - INFO -run_logger.palmsens_driver 
 	 Data received: {'index': 17, 'x': [4.0], 'x_unit': 's', 'x_type': 'Time', 'y': [-1.9894218444824219], 'y_unit': 'V', 'y_type': 'Potential'} 

2024-06-17 14:33:31,788 - INFO -run_logger.palmsens_driver 
 	 Data received: {'index': 18, 'x': [4.25], 'x_unit': 's', 'x_type': 'Time', 'y': [-1.9894218444824219], 'y_unit': 'V', 'y_type': 'Potential'} 

2024-06-17 14:33:32,024 - INFO -run_logger.palmsens_driver 
 	 Data received: {'index': 19, 'x': [4.5], 'x_unit': 's', 'x_type': 'Time', 'y': [-1.9895000457763672], 'y_unit': 'V', 'y_type': 'Potential'} 

2024-06-17 14:33:32,302 - INFO -run_logger.palmsens_driver 
 	 Data received: {'index': 20, 'x': [4.75], 'x_unit': 's', 'x_type': 'Time', 'y': [-1.9893436431884766], 'y_unit': 'V', 'y_type': 'Potential'} 

2024-06-17 14:33:32,537 - INFO -run_logger.palmsens_driver 
 	 Data received: {'index': 21, 'x': [5.0], 'x_unit': 's', 'x_type': 'Time', 'y': [-1.9895000457763672], 'y_unit': 'V', 'y_type': 'Potential'} 

2024-06-17 14:33:32,769 - INFO -run_logger.palmsens_driver 
 	 Data received: {'index': 22, 'x': [5.25], 'x_unit': 's', 'x_type': 'Time', 'y': [-1.9893436431884766], 'y_unit': 'V', 'y_type': 'Potential'} 

2024-06-17 14:33:33,050 - INFO -run_logger.palmsens_driver 
 	 Data received: {'index': 23, 'x': [5.5], 'x_unit': 's', 'x_type': 'Time', 'y': [-1.9894218444824219], 'y_unit': 'V', 'y_type': 'Potential'} 

2024-06-17 14:33:33,283 - INFO -run_logger.palmsens_driver 
 	 Data received: {'index': 24, 'x': [5.75], 'x_unit': 's', 'x_type': 'Time', 'y': [-1.9894218444824219], 'y_unit': 'V', 'y_type': 'Potential'} 

2024-06-17 14:33:33,518 - INFO -run_logger.palmsens_driver 
 	 Data received: {'index': 25, 'x': [6.0], 'x_unit': 's', 'x_type': 'Time', 'y': [-1.9892654418945312], 'y_unit': 'V', 'y_type': 'Potential'} 

2024-06-17 14:33:33,802 - INFO -run_logger.palmsens_driver 
 	 Data received: {'index': 26, 'x': [6.25], 'x_unit': 's', 'x_type': 'Time', 'y': [-1.9893436431884766], 'y_unit': 'V', 'y_type': 'Potential'} 

2024-06-17 14:33:34,035 - INFO -run_logger.palmsens_driver 
 	 Data received: {'index': 27, 'x': [6.5], 'x_unit': 's', 'x_type': 'Time', 'y': [-1.9892654418945312], 'y_unit': 'V', 'y_type': 'Potential'} 

2024-06-17 14:33:34,268 - INFO -run_logger.palmsens_driver 
 	 Data received: {'index': 28, 'x': [6.75], 'x_unit': 's', 'x_type': 'Time', 'y': [-1.9892654418945312], 'y_unit': 'V', 'y_type': 'Potential'} 

2024-06-17 14:33:34,548 - INFO -run_logger.palmsens_driver 
 	 Data received: {'index': 29, 'x': [7.0], 'x_unit': 's', 'x_type': 'Time', 'y': [-1.9893436431884766], 'y_unit': 'V', 'y_type': 'Potential'} 

2024-06-17 14:33:34,783 - INFO -run_logger.palmsens_driver 
 	 Data received: {'index': 30, 'x': [7.25], 'x_unit': 's', 'x_type': 'Time', 'y': [-1.989187240600586], 'y_unit': 'V', 'y_type': 'Potential'} 

2024-06-17 14:33:35,017 - INFO -run_logger.palmsens_driver 
 	 Data received: {'index': 31, 'x': [7.5], 'x_unit': 's', 'x_type': 'Time', 'y': [-1.9892654418945312], 'y_unit': 'V', 'y_type': 'Potential'} 

2024-06-17 14:33:35,298 - INFO -run_logger.palmsens_driver 
 	 Data received: {'index': 32, 'x': [7.75], 'x_unit': 's', 'x_type': 'Time', 'y': [-1.989187240600586], 'y_unit': 'V', 'y_type': 'Potential'} 

2024-06-17 14:33:35,534 - INFO -run_logger.palmsens_driver 
 	 Data received: {'index': 33, 'x': [8.0], 'x_unit': 's', 'x_type': 'Time', 'y': [-1.989187240600586], 'y_unit': 'V', 'y_type': 'Potential'} 

2024-06-17 14:33:35,767 - INFO -run_logger.palmsens_driver 
 	 Data received: {'index': 34, 'x': [8.25], 'x_unit': 's', 'x_type': 'Time', 'y': [-1.9892654418945312], 'y_unit': 'V', 'y_type': 'Potential'} 

2024-06-17 14:33:36,048 - INFO -run_logger.palmsens_driver 
 	 Data received: {'index': 35, 'x': [8.5], 'x_unit': 's', 'x_type': 'Time', 'y': [-1.989187240600586], 'y_unit': 'V', 'y_type': 'Potential'} 

2024-06-17 14:33:36,281 - INFO -run_logger.palmsens_driver 
 	 Data received: {'index': 36, 'x': [8.75], 'x_unit': 's', 'x_type': 'Time', 'y': [-1.9890308380126953], 'y_unit': 'V', 'y_type': 'Potential'} 

2024-06-17 14:33:36,515 - INFO -run_logger.palmsens_driver 
 	 Data received: {'index': 37, 'x': [9.0], 'x_unit': 's', 'x_type': 'Time', 'y': [-1.9890308380126953], 'y_unit': 'V', 'y_type': 'Potential'} 

2024-06-17 14:33:36,793 - INFO -run_logger.palmsens_driver 
 	 Data received: {'index': 38, 'x': [9.25], 'x_unit': 's', 'x_type': 'Time', 'y': [-1.9891090393066406], 'y_unit': 'V', 'y_type': 'Potential'} 

2024-06-17 14:33:37,027 - INFO -run_logger.palmsens_driver 
 	 Data received: {'index': 39, 'x': [9.5], 'x_unit': 's', 'x_type': 'Time', 'y': [-1.989187240600586], 'y_unit': 'V', 'y_type': 'Potential'} 

2024-06-17 14:33:37,260 - INFO -run_logger.palmsens_driver 
 	 Data received: {'index': 40, 'x': [9.75], 'x_unit': 's', 'x_type': 'Time', 'y': [-1.9891090393066406], 'y_unit': 'V', 'y_type': 'Potential'} 

2024-06-17 14:33:37,539 - INFO -run_logger.palmsens_driver 
 	 Data received: {'index': 41, 'x': [10.0], 'x_unit': 's', 'x_type': 'Time', 'y': [-1.9891090393066406], 'y_unit': 'V', 'y_type': 'Potential'} 

2024-06-17 14:33:37,787 - INFO -run_logger.palmsens_driver 
 	 Data received: {'index': 42, 'x': [10.25], 'x_unit': 's', 'x_type': 'Time', 'y': [-1.9891090393066406], 'y_unit': 'V', 'y_type': 'Potential'} 

2024-06-17 14:33:38,018 - INFO -run_logger.palmsens_driver 
 	 Data received: {'index': 43, 'x': [10.5], 'x_unit': 's', 'x_type': 'Time', 'y': [-1.9891090393066406], 'y_unit': 'V', 'y_type': 'Potential'} 

2024-06-17 14:33:38,299 - INFO -run_logger.palmsens_driver 
 	 Data received: {'index': 44, 'x': [10.75], 'x_unit': 's', 'x_type': 'Time', 'y': [-1.9891090393066406], 'y_unit': 'V', 'y_type': 'Potential'} 

2024-06-17 14:33:38,531 - INFO -run_logger.palmsens_driver 
 	 Data received: {'index': 45, 'x': [11.0], 'x_unit': 's', 'x_type': 'Time', 'y': [-1.9890308380126953], 'y_unit': 'V', 'y_type': 'Potential'} 

2024-06-17 14:33:38,765 - INFO -run_logger.palmsens_driver 
 	 Data received: {'index': 46, 'x': [11.25], 'x_unit': 's', 'x_type': 'Time', 'y': [-1.9890308380126953], 'y_unit': 'V', 'y_type': 'Potential'} 

2024-06-17 14:33:39,045 - INFO -run_logger.palmsens_driver 
 	 Data received: {'index': 47, 'x': [11.5], 'x_unit': 's', 'x_type': 'Time', 'y': [-1.9891090393066406], 'y_unit': 'V', 'y_type': 'Potential'} 

2024-06-17 14:33:39,278 - INFO -run_logger.palmsens_driver 
 	 Data received: {'index': 48, 'x': [11.75], 'x_unit': 's', 'x_type': 'Time', 'y': [-1.98895263671875], 'y_unit': 'V', 'y_type': 'Potential'} 

2024-06-17 14:33:39,509 - INFO -run_logger.palmsens_driver 
 	 Data received: {'index': 49, 'x': [12.0], 'x_unit': 's', 'x_type': 'Time', 'y': [-1.98895263671875], 'y_unit': 'V', 'y_type': 'Potential'} 

2024-06-17 14:33:39,791 - INFO -run_logger.palmsens_driver 
 	 Data received: {'index': 50, 'x': [12.25], 'x_unit': 's', 'x_type': 'Time', 'y': [-1.988718032836914], 'y_unit': 'V', 'y_type': 'Potential'} 

2024-06-17 14:33:40,038 - INFO -run_logger.palmsens_driver 
 	 Data received: {'index': 51, 'x': [12.5], 'x_unit': 's', 'x_type': 'Time', 'y': [-1.988718032836914], 'y_unit': 'V', 'y_type': 'Potential'} 

2024-06-17 14:33:40,259 - INFO -run_logger.palmsens_driver 
 	 Data received: {'index': 52, 'x': [12.75], 'x_unit': 's', 'x_type': 'Time', 'y': [-1.9886407852172852], 'y_unit': 'V', 'y_type': 'Potential'} 

2024-06-17 14:33:40,507 - INFO -run_logger.palmsens_driver 
 	 Data received: {'index': 53, 'x': [13.0], 'x_unit': 's', 'x_type': 'Time', 'y': [-1.9884843826293945], 'y_unit': 'V', 'y_type': 'Potential'} 

2024-06-17 14:33:40,789 - INFO -run_logger.palmsens_driver 
 	 Data received: {'index': 54, 'x': [13.25], 'x_unit': 's', 'x_type': 'Time', 'y': [-1.9885625839233398], 'y_unit': 'V', 'y_type': 'Potential'} 

2024-06-17 14:33:41,025 - INFO -run_logger.palmsens_driver 
 	 Data received: {'index': 55, 'x': [13.5], 'x_unit': 's', 'x_type': 'Time', 'y': [-1.9884061813354492], 'y_unit': 'V', 'y_type': 'Potential'} 

2024-06-17 14:33:41,259 - INFO -run_logger.palmsens_driver 
 	 Data received: {'index': 56, 'x': [13.75], 'x_unit': 's', 'x_type': 'Time', 'y': [-1.9884061813354492], 'y_unit': 'V', 'y_type': 'Potential'} 

2024-06-17 14:33:41,541 - INFO -run_logger.palmsens_driver 
 	 Data received: {'index': 57, 'x': [14.0], 'x_unit': 's', 'x_type': 'Time', 'y': [-1.9884843826293945], 'y_unit': 'V', 'y_type': 'Potential'} 

2024-06-17 14:33:41,788 - INFO -run_logger.palmsens_driver 
 	 Data received: {'index': 58, 'x': [14.25], 'x_unit': 's', 'x_type': 'Time', 'y': [-1.9884061813354492], 'y_unit': 'V', 'y_type': 'Potential'} 

2024-06-17 14:33:42,022 - INFO -run_logger.palmsens_driver 
 	 Data received: {'index': 59, 'x': [14.5], 'x_unit': 's', 'x_type': 'Time', 'y': [-1.988327980041504], 'y_unit': 'V', 'y_type': 'Potential'} 

2024-06-17 14:33:42,257 - INFO -run_logger.palmsens_driver 
 	 Data received: {'index': 60, 'x': [14.75], 'x_unit': 's', 'x_type': 'Time', 'y': [-1.988327980041504], 'y_unit': 'V', 'y_type': 'Potential'} 

2024-06-17 14:33:42,508 - INFO -run_logger.palmsens_driver 
 	 Data received: {'index': 61, 'x': [15.0], 'x_unit': 's', 'x_type': 'Time', 'y': [-1.9882497787475586], 'y_unit': 'V', 'y_type': 'Potential'} 

2024-06-17 14:33:42,792 - INFO -run_logger.palmsens_driver 
 	 Data received: {'index': 62, 'x': [15.25], 'x_unit': 's', 'x_type': 'Time', 'y': [-1.988327980041504], 'y_unit': 'V', 'y_type': 'Potential'} 

2024-06-17 14:33:43,026 - INFO -run_logger.palmsens_driver 
 	 Data received: {'index': 63, 'x': [15.5], 'x_unit': 's', 'x_type': 'Time', 'y': [-1.9881715774536133], 'y_unit': 'V', 'y_type': 'Potential'} 

2024-06-17 14:33:43,261 - INFO -run_logger.palmsens_driver 
 	 Data received: {'index': 64, 'x': [15.75], 'x_unit': 's', 'x_type': 'Time', 'y': [-1.9882497787475586], 'y_unit': 'V', 'y_type': 'Potential'} 

2024-06-17 14:33:43,541 - INFO -run_logger.palmsens_driver 
 	 Data received: {'index': 65, 'x': [16.0], 'x_unit': 's', 'x_type': 'Time', 'y': [-1.988327980041504], 'y_unit': 'V', 'y_type': 'Potential'} 

2024-06-17 14:33:43,788 - INFO -run_logger.palmsens_driver 
 	 Data received: {'index': 66, 'x': [16.25], 'x_unit': 's', 'x_type': 'Time', 'y': [-1.988327980041504], 'y_unit': 'V', 'y_type': 'Potential'} 

2024-06-17 14:33:44,020 - INFO -run_logger.palmsens_driver 
 	 Data received: {'index': 67, 'x': [16.5], 'x_unit': 's', 'x_type': 'Time', 'y': [-1.9884061813354492], 'y_unit': 'V', 'y_type': 'Potential'} 

2024-06-17 14:33:44,300 - INFO -run_logger.palmsens_driver 
 	 Data received: {'index': 68, 'x': [16.75], 'x_unit': 's', 'x_type': 'Time', 'y': [-1.988327980041504], 'y_unit': 'V', 'y_type': 'Potential'} 

2024-06-17 14:33:44,534 - INFO -run_logger.palmsens_driver 
 	 Data received: {'index': 69, 'x': [17.0], 'x_unit': 's', 'x_type': 'Time', 'y': [-1.9882497787475586], 'y_unit': 'V', 'y_type': 'Potential'} 

2024-06-17 14:33:44,767 - INFO -run_logger.palmsens_driver 
 	 Data received: {'index': 70, 'x': [17.25], 'x_unit': 's', 'x_type': 'Time', 'y': [-1.9882497787475586], 'y_unit': 'V', 'y_type': 'Potential'} 

2024-06-17 14:33:45,048 - INFO -run_logger.palmsens_driver 
 	 Data received: {'index': 71, 'x': [17.5], 'x_unit': 's', 'x_type': 'Time', 'y': [-1.9881715774536133], 'y_unit': 'V', 'y_type': 'Potential'} 

2024-06-17 14:33:45,283 - INFO -run_logger.palmsens_driver 
 	 Data received: {'index': 72, 'x': [17.75], 'x_unit': 's', 'x_type': 'Time', 'y': [-1.9882497787475586], 'y_unit': 'V', 'y_type': 'Potential'} 

2024-06-17 14:33:45,520 - INFO -run_logger.palmsens_driver 
 	 Data received: {'index': 73, 'x': [18.0], 'x_unit': 's', 'x_type': 'Time', 'y': [-1.988093376159668], 'y_unit': 'V', 'y_type': 'Potential'} 

2024-06-17 14:33:45,799 - INFO -run_logger.palmsens_driver 
 	 Data received: {'index': 74, 'x': [18.25], 'x_unit': 's', 'x_type': 'Time', 'y': [-1.988093376159668], 'y_unit': 'V', 'y_type': 'Potential'} 

2024-06-17 14:33:46,032 - INFO -run_logger.palmsens_driver 
 	 Data received: {'index': 75, 'x': [18.5], 'x_unit': 's', 'x_type': 'Time', 'y': [-1.988093376159668], 'y_unit': 'V', 'y_type': 'Potential'} 

2024-06-17 14:33:46,266 - INFO -run_logger.palmsens_driver 
 	 Data received: {'index': 76, 'x': [18.75], 'x_unit': 's', 'x_type': 'Time', 'y': [-1.9880151748657227], 'y_unit': 'V', 'y_type': 'Potential'} 

2024-06-17 14:33:46,545 - INFO -run_logger.palmsens_driver 
 	 Data received: {'index': 77, 'x': [19.0], 'x_unit': 's', 'x_type': 'Time', 'y': [-1.988093376159668], 'y_unit': 'V', 'y_type': 'Potential'} 

2024-06-17 14:33:46,779 - INFO -run_logger.palmsens_driver 
 	 Data received: {'index': 78, 'x': [19.25], 'x_unit': 's', 'x_type': 'Time', 'y': [-1.9879369735717773], 'y_unit': 'V', 'y_type': 'Potential'} 

2024-06-17 14:33:47,014 - INFO -run_logger.palmsens_driver 
 	 Data received: {'index': 79, 'x': [19.5], 'x_unit': 's', 'x_type': 'Time', 'y': [-1.9879369735717773], 'y_unit': 'V', 'y_type': 'Potential'} 

2024-06-17 14:33:47,296 - INFO -run_logger.palmsens_driver 
 	 Data received: {'index': 80, 'x': [19.75], 'x_unit': 's', 'x_type': 'Time', 'y': [-1.9879369735717773], 'y_unit': 'V', 'y_type': 'Potential'} 

2024-06-17 14:33:47,531 - INFO -run_logger.palmsens_driver 
 	 Data received: {'index': 81, 'x': [20.0], 'x_unit': 's', 'x_type': 'Time', 'y': [-1.9877805709838867], 'y_unit': 'V', 'y_type': 'Potential'} 

2024-06-17 14:33:47,545 - INFO -run_logger.palmsens_driver 
 	 result:
{'Title': 'Open Circuit Potentiometry', 'timestamp': '17/06/2024 14:33:26', 'current_arrays': [[0.2384185791015625, 0.2384185791015625, 0.2384185791015625, 0.2384185791015625, 0.2384185791015625, 0.2384185791015625, 0.2384185791015625, 0.2384185791015625, 0.2384185791015625, 0.2384185791015625, 0.2384185791015625, 0.2384185791015625, 0.2384185791015625, 0.2384185791015625, 0.2384185791015625, 0.2384185791015625, 0.2384185791015625, 0.2384185791015625, 0.2384185791015625, 0.2384185791015625, 0.2384185791015625, 0.2384185791015625, 0.2384185791015625, 0.2384185791015625, 0.2384185791015625, 0.2384185791015625, 0.2384185791015625, 0.2384185791015625, 0.2384185791015625, 0.2384185791015625, 0.2384185791015625, 0.2384185791015625, 0.2384185791015625, 0.2384185791015625, 0.2384185791015625, 0.2384185791015625, 0.2384185791015625, 0.2384185791015625, 0.2384185791015625, 0.2384185791015625, 0.2384185791015625, 0.2384185791015625, 0.2384185791015625, 0.2384185791015625, 0.2384185791015625, 0.2384185791015625, 0.2384185791015625, 0.2384185791015625, 0.2384185791015625, 0.2384185791015625, 0.2384185791015625, 0.2384185791015625, 0.2384185791015625, 0.2384185791015625, 0.2384185791015625, 0.2384185791015625, 0.2384185791015625, 0.2384185791015625, 0.2384185791015625, 0.2384185791015625, 0.2384185791015625, 0.2384185791015625, 0.2384185791015625, 0.2384185791015625, 0.2384185791015625, 0.2384185791015625, 0.2384185791015625, 0.2384185791015625, 0.2384185791015625, 0.2384185791015625, 0.2384185791015625, 0.2384185791015625, 0.2384185791015625, 0.2384185791015625, 0.2384185791015625, 0.2384185791015625, 0.2384185791015625, 0.2384185791015625, 0.2384185791015625, 0.2384185791015625, 0.2384185791015625]], 'potential_arrays': [[-1.9891090393066406, -1.9891090393066406, -1.9892654418945312, -1.989187240600586, -1.989187240600586, -1.9892654418945312, -1.9892654418945312, -1.9893436431884766, -1.9892654418945312, -1.9892654418945312, -1.9893436431884766, -1.9893436431884766, -1.9893436431884766, -1.9893436431884766, -1.9893436431884766, -1.9894218444824219, -1.9894218444824219, -1.9894218444824219, -1.9895000457763672, -1.9893436431884766, -1.9895000457763672, -1.9893436431884766, -1.9894218444824219, -1.9894218444824219, -1.9892654418945312, -1.9893436431884766, -1.9892654418945312, -1.9892654418945312, -1.9893436431884766, -1.989187240600586, -1.9892654418945312, -1.989187240600586, -1.989187240600586, -1.9892654418945312, -1.989187240600586, -1.9890308380126953, -1.9890308380126953, -1.9891090393066406, -1.989187240600586, -1.9891090393066406, -1.9891090393066406, -1.9891090393066406, -1.9891090393066406, -1.9891090393066406, -1.9890308380126953, -1.9890308380126953, -1.9891090393066406, -1.98895263671875, -1.98895263671875, -1.988718032836914, -1.988718032836914, -1.9886407852172852, -1.9884843826293945, -1.9885625839233398, -1.9884061813354492, -1.9884061813354492, -1.9884843826293945, -1.9884061813354492, -1.988327980041504, -1.988327980041504, -1.9882497787475586, -1.988327980041504, -1.9881715774536133, -1.9882497787475586, -1.988327980041504, -1.988327980041504, -1.9884061813354492, -1.988327980041504, -1.9882497787475586, -1.9882497787475586, -1.9881715774536133, -1.9882497787475586, -1.988093376159668, -1.988093376159668, -1.988093376159668, -1.9880151748657227, -1.988093376159668, -1.9879369735717773, -1.9879369735717773, -1.9879369735717773, -1.9877805709838867]], 'time_arrays': [[0.0, 0.25, 0.5, 0.75, 1.0, 1.25, 1.5, 1.75, 2.0, 2.25, 2.5, 2.75, 3.0, 3.25, 3.5, 3.75, 4.0, 4.25, 4.5, 4.75, 5.0, 5.25, 5.5, 5.75, 6.0, 6.25, 6.5, 6.75, 7.0, 7.25, 7.5, 7.75, 8.0, 8.25, 8.5, 8.75, 9.0, 9.25, 9.5, 9.75, 10.0, 10.25, 10.5, 10.75, 11.0, 11.25, 11.5, 11.75, 12.0, 12.25, 12.5, 12.75, 13.0, 13.25, 13.5, 13.75, 14.0, 14.25, 14.5, 14.75, 15.0, 15.25, 15.5, 15.75, 16.0, 16.25, 16.5, 16.75, 17.0, 17.25, 17.5, 17.75, 18.0, 18.25, 18.5, 18.75, 19.0, 19.25, 19.5, 19.75, 20.0]], 'freq_arrays': [], 'zre_arrays': [], 'zim_arrays': [], 'aux_input_arrays': [], 'peaks': [], 'eis_fit': []} 

