2024-04-16 11:27:32,717 - INFO -run_logger.driver.palmsens_driver 
 	 Successfully connected to PalmSens4 [1]. 

2024-04-16 11:27:35,249 - INFO -run_logger.driver.palmsens_driver 
 	 Data received: {'index': 1, 'x': [0.0], 'x_unit': 's', 'x_type': 'Time', 'y': [-0.21089935302734375], 'y_unit': 'V', 'y_type': 'Potential'} 

2024-04-16 11:27:35,266 - INFO -run_logger.driver.palmsens_driver 
 	 result:
{'Title': 'Chronopotentiometry', 'timestamp': '16/04/2024 11:27:34', 'current_arrays': [[-20.000295639038086]], 'potential_arrays': [[-0.21089935302734375]], 'time_arrays': [[0.0]], 'freq_arrays': [], 'zre_arrays': [], 'zim_arrays': [], 'aux_input_arrays': [], 'peaks': [], 'eis_fit': []} 

2024-04-16 11:27:48,499 - INFO -run_logger.driver.palmsens_driver 
 	 Data received: {'index': 1, 'x': [0.0], 'x_unit': 's', 'x_type': 'Time', 'y': [-0.21089935302734375], 'y_unit': 'V', 'y_type': 'Potential'} 

2024-04-16 11:27:48,501 - INFO -run_logger.driver.palmsens_driver 
 	 result:
{'Title': 'Chronopotentiometry', 'timestamp': '16/04/2024 11:27:47', 'current_arrays': [[-20.000295639038086]], 'potential_arrays': [[-0.21089935302734375]], 'time_arrays': [[0.0]], 'freq_arrays': [], 'zre_arrays': [], 'zim_arrays': [], 'aux_input_arrays': [], 'peaks': [], 'eis_fit': []} 

2024-04-16 11:27:56,249 - INFO -run_logger.driver.palmsens_driver 
 	 Data received: {'index': 1, 'x': [0.0], 'x_unit': 's', 'x_type': 'Time', 'y': [-0.21089935302734375], 'y_unit': 'V', 'y_type': 'Potential'} 

2024-04-16 11:27:56,348 - INFO -run_logger.driver.palmsens_driver 
 	 Data received: {'index': 2, 'x': [0.10000000149011612], 'x_unit': 's', 'x_type': 'Time', 'y': [-0.21089935302734375], 'y_unit': 'V', 'y_type': 'Potential'} 

2024-04-16 11:27:56,449 - INFO -run_logger.driver.palmsens_driver 
 	 Data received: {'index': 3, 'x': [0.20000000298023224], 'x_unit': 's', 'x_type': 'Time', 'y': [-0.21089935302734375], 'y_unit': 'V', 'y_type': 'Potential'} 

2024-04-16 11:27:56,534 - INFO -run_logger.driver.palmsens_driver 
 	 Data received: {'index': 4, 'x': [0.30000001192092896], 'x_unit': 's', 'x_type': 'Time', 'y': [-0.21089935302734375], 'y_unit': 'V', 'y_type': 'Potential'} 

2024-04-16 11:27:56,634 - INFO -run_logger.driver.palmsens_driver 
 	 Data received: {'index': 5, 'x': [0.4000000059604645], 'x_unit': 's', 'x_type': 'Time', 'y': [-0.21089935302734375], 'y_unit': 'V', 'y_type': 'Potential'} 

2024-04-16 11:27:56,728 - INFO -run_logger.driver.palmsens_driver 
 	 Data received: {'index': 6, 'x': [0.5], 'x_unit': 's', 'x_type': 'Time', 'y': [-0.21075467765331268], 'y_unit': 'V', 'y_type': 'Potential'} 

2024-04-16 11:27:56,866 - INFO -run_logger.driver.palmsens_driver 
 	 Data received: {'index': 7, 'x': [0.6000000238418579], 'x_unit': 's', 'x_type': 'Time', 'y': [-0.21075467765331268], 'y_unit': 'V', 'y_type': 'Potential'} 

2024-04-16 11:27:56,955 - INFO -run_logger.driver.palmsens_driver 
 	 Data received: {'index': 8, 'x': [0.699999988079071], 'x_unit': 's', 'x_type': 'Time', 'y': [-0.21075467765331268], 'y_unit': 'V', 'y_type': 'Potential'} 

2024-04-16 11:27:57,060 - INFO -run_logger.driver.palmsens_driver 
 	 Data received: {'index': 9, 'x': [0.800000011920929], 'x_unit': 's', 'x_type': 'Time', 'y': [-0.21075467765331268], 'y_unit': 'V', 'y_type': 'Potential'} 

2024-04-16 11:27:57,165 - INFO -run_logger.driver.palmsens_driver 
 	 Data received: {'index': 10, 'x': [0.9000000357627869], 'x_unit': 's', 'x_type': 'Time', 'y': [-0.21075467765331268], 'y_unit': 'V', 'y_type': 'Potential'} 

2024-04-16 11:27:57,251 - INFO -run_logger.driver.palmsens_driver 
 	 Data received: {'index': 11, 'x': [1.0], 'x_unit': 's', 'x_type': 'Time', 'y': [-0.21075467765331268], 'y_unit': 'V', 'y_type': 'Potential'} 

2024-04-16 11:27:57,347 - INFO -run_logger.driver.palmsens_driver 
 	 Data received: {'index': 12, 'x': [1.100000023841858], 'x_unit': 's', 'x_type': 'Time', 'y': [-0.21075467765331268], 'y_unit': 'V', 'y_type': 'Potential'} 

2024-04-16 11:27:57,448 - INFO -run_logger.driver.palmsens_driver 
 	 Data received: {'index': 13, 'x': [1.2000000476837158], 'x_unit': 's', 'x_type': 'Time', 'y': [-0.21075467765331268], 'y_unit': 'V', 'y_type': 'Potential'} 

2024-04-16 11:27:57,532 - INFO -run_logger.driver.palmsens_driver 
 	 Data received: {'index': 14, 'x': [1.3000000715255737], 'x_unit': 's', 'x_type': 'Time', 'y': [-0.21075467765331268], 'y_unit': 'V', 'y_type': 'Potential'} 

2024-04-16 11:27:57,634 - INFO -run_logger.driver.palmsens_driver 
 	 Data received: {'index': 15, 'x': [1.399999976158142], 'x_unit': 's', 'x_type': 'Time', 'y': [-0.21075467765331268], 'y_unit': 'V', 'y_type': 'Potential'} 

2024-04-16 11:27:57,731 - INFO -run_logger.driver.palmsens_driver 
 	 Data received: {'index': 16, 'x': [1.5], 'x_unit': 's', 'x_type': 'Time', 'y': [-0.21076250076293945], 'y_unit': 'V', 'y_type': 'Potential'} 

2024-04-16 11:27:57,821 - INFO -run_logger.driver.palmsens_driver 
 	 Data received: {'index': 17, 'x': [1.600000023841858], 'x_unit': 's', 'x_type': 'Time', 'y': [-0.21075467765331268], 'y_unit': 'V', 'y_type': 'Potential'} 

2024-04-16 11:27:57,961 - INFO -run_logger.driver.palmsens_driver 
 	 Data received: {'index': 18, 'x': [1.7000000476837158], 'x_unit': 's', 'x_type': 'Time', 'y': [-0.21076250076293945], 'y_unit': 'V', 'y_type': 'Potential'} 

2024-04-16 11:27:58,048 - INFO -run_logger.driver.palmsens_driver 
 	 Data received: {'index': 19, 'x': [1.8000000715255737], 'x_unit': 's', 'x_type': 'Time', 'y': [-0.21076250076293945], 'y_unit': 'V', 'y_type': 'Potential'} 

2024-04-16 11:27:58,147 - INFO -run_logger.driver.palmsens_driver 
 	 Data received: {'index': 20, 'x': [1.899999976158142], 'x_unit': 's', 'x_type': 'Time', 'y': [-0.21075467765331268], 'y_unit': 'V', 'y_type': 'Potential'} 

2024-04-16 11:27:58,233 - INFO -run_logger.driver.palmsens_driver 
 	 Data received: {'index': 21, 'x': [2.0], 'x_unit': 's', 'x_type': 'Time', 'y': [-0.21076250076293945], 'y_unit': 'V', 'y_type': 'Potential'} 

2024-04-16 11:27:58,349 - INFO -run_logger.driver.palmsens_driver 
 	 Data received: {'index': 22, 'x': [2.1000001430511475], 'x_unit': 's', 'x_type': 'Time', 'y': [-0.21075467765331268], 'y_unit': 'V', 'y_type': 'Potential'} 

2024-04-16 11:27:58,432 - INFO -run_logger.driver.palmsens_driver 
 	 Data received: {'index': 23, 'x': [2.200000047683716], 'x_unit': 's', 'x_type': 'Time', 'y': [-0.21075467765331268], 'y_unit': 'V', 'y_type': 'Potential'} 

2024-04-16 11:27:58,549 - INFO -run_logger.driver.palmsens_driver 
 	 Data received: {'index': 24, 'x': [2.299999952316284], 'x_unit': 's', 'x_type': 'Time', 'y': [-0.21075467765331268], 'y_unit': 'V', 'y_type': 'Potential'} 

2024-04-16 11:27:58,650 - INFO -run_logger.driver.palmsens_driver 
 	 Data received: {'index': 25, 'x': [2.4000000953674316], 'x_unit': 's', 'x_type': 'Time', 'y': [-0.21075467765331268], 'y_unit': 'V', 'y_type': 'Potential'} 

2024-04-16 11:27:58,739 - INFO -run_logger.driver.palmsens_driver 
 	 Data received: {'index': 26, 'x': [2.5], 'x_unit': 's', 'x_type': 'Time', 'y': [-0.21075467765331268], 'y_unit': 'V', 'y_type': 'Potential'} 

2024-04-16 11:27:58,832 - INFO -run_logger.driver.palmsens_driver 
 	 Data received: {'index': 27, 'x': [2.6000001430511475], 'x_unit': 's', 'x_type': 'Time', 'y': [-0.21075467765331268], 'y_unit': 'V', 'y_type': 'Potential'} 

2024-04-16 11:27:58,935 - INFO -run_logger.driver.palmsens_driver 
 	 Data received: {'index': 28, 'x': [2.700000047683716], 'x_unit': 's', 'x_type': 'Time', 'y': [-0.21076250076293945], 'y_unit': 'V', 'y_type': 'Potential'} 

2024-04-16 11:27:59,068 - INFO -run_logger.driver.palmsens_driver 
 	 Data received: {'index': 29, 'x': [2.799999952316284], 'x_unit': 's', 'x_type': 'Time', 'y': [-0.21076250076293945], 'y_unit': 'V', 'y_type': 'Potential'} 

2024-04-16 11:27:59,164 - INFO -run_logger.driver.palmsens_driver 
 	 Data received: {'index': 30, 'x': [2.9000000953674316], 'x_unit': 's', 'x_type': 'Time', 'y': [-0.21075467765331268], 'y_unit': 'V', 'y_type': 'Potential'} 

2024-04-16 11:27:59,248 - INFO -run_logger.driver.palmsens_driver 
 	 Data received: {'index': 31, 'x': [3.0], 'x_unit': 's', 'x_type': 'Time', 'y': [-0.21076250076293945], 'y_unit': 'V', 'y_type': 'Potential'} 

2024-04-16 11:27:59,251 - INFO -run_logger.driver.palmsens_driver 
 	 result:
{'Title': 'Chronopotentiometry', 'timestamp': '16/04/2024 11:27:55', 'current_arrays': [[-20.000295639038086, -20.000295639038086, -20.000295639038086, -20.000295639038086, -20.000295639038086, -20.000295639038086, -20.000295639038086, -20.000295639038086, -20.000295639038086, -20.000295639038086, -20.000295639038086, -20.000295639038086, -20.000295639038086, -20.000295639038086, -20.000295639038086, -20.000295639038086, -20.000295639038086, -20.000295639038086, -20.000295639038086, -20.000295639038086, -20.000295639038086, -20.000295639038086, -20.000295639038086, -20.000295639038086, -20.000295639038086, -20.000295639038086, -20.000295639038086, -20.000295639038086, -20.000295639038086, -20.000295639038086, -20.000295639038086]], 'potential_arrays': [[-0.21089935302734375, -0.21089935302734375, -0.21089935302734375, -0.21089935302734375, -0.21089935302734375, -0.21075467765331268, -0.21075467765331268, -0.21075467765331268, -0.21075467765331268, -0.21075467765331268, -0.21075467765331268, -0.21075467765331268, -0.21075467765331268, -0.21075467765331268, -0.21075467765331268, -0.21076250076293945, -0.21075467765331268, -0.21076250076293945, -0.21076250076293945, -0.21075467765331268, -0.21076250076293945, -0.21075467765331268, -0.21075467765331268, -0.21075467765331268, -0.21075467765331268, -0.21075467765331268, -0.21075467765331268, -0.21076250076293945, -0.21076250076293945, -0.21075467765331268, -0.21076250076293945]], 'time_arrays': [[0.0, 0.10000000149011612, 0.20000000298023224, 0.30000001192092896, 0.4000000059604645, 0.5, 0.6000000238418579, 0.699999988079071, 0.800000011920929, 0.9000000357627869, 1.0, 1.100000023841858, 1.2000000476837158, 1.3000000715255737, 1.399999976158142, 1.5, 1.600000023841858, 1.7000000476837158, 1.8000000715255737, 1.899999976158142, 2.0, 2.1000001430511475, 2.200000047683716, 2.299999952316284, 2.4000000953674316, 2.5, 2.6000001430511475, 2.700000047683716, 2.799999952316284, 2.9000000953674316, 3.0]], 'freq_arrays': [], 'zre_arrays': [], 'zim_arrays': [], 'aux_input_arrays': [], 'peaks': [], 'eis_fit': []} 

2024-04-16 12:31:16,707 - INFO -run_logger.driver.palmsens_driver 
 	 Data received: {'index': 1, 'x': [0.0], 'x_unit': 's', 'x_type': 'Time', 'y': [-0.21097755432128906], 'y_unit': 'V', 'y_type': 'Potential'} 

2024-04-16 12:31:16,801 - INFO -run_logger.driver.palmsens_driver 
 	 Data received: {'index': 2, 'x': [0.10000000149011612], 'x_unit': 's', 'x_type': 'Time', 'y': [-0.21097755432128906], 'y_unit': 'V', 'y_type': 'Potential'} 

2024-04-16 12:31:16,893 - INFO -run_logger.driver.palmsens_driver 
 	 Data received: {'index': 3, 'x': [0.20000000298023224], 'x_unit': 's', 'x_type': 'Time', 'y': [-0.21097755432128906], 'y_unit': 'V', 'y_type': 'Potential'} 

2024-04-16 12:31:16,991 - INFO -run_logger.driver.palmsens_driver 
 	 Data received: {'index': 4, 'x': [0.30000001192092896], 'x_unit': 's', 'x_type': 'Time', 'y': [-0.21097755432128906], 'y_unit': 'V', 'y_type': 'Potential'} 

2024-04-16 12:31:17,093 - INFO -run_logger.driver.palmsens_driver 
 	 Data received: {'index': 5, 'x': [0.4000000059604645], 'x_unit': 's', 'x_type': 'Time', 'y': [-0.21097755432128906], 'y_unit': 'V', 'y_type': 'Potential'} 

2024-04-16 12:31:17,193 - INFO -run_logger.driver.palmsens_driver 
 	 Data received: {'index': 6, 'x': [0.5], 'x_unit': 's', 'x_type': 'Time', 'y': [-0.21076250076293945], 'y_unit': 'V', 'y_type': 'Potential'} 

2024-04-16 12:31:17,293 - INFO -run_logger.driver.palmsens_driver 
 	 Data received: {'index': 7, 'x': [0.6000000238418579], 'x_unit': 's', 'x_type': 'Time', 'y': [-0.21075467765331268], 'y_unit': 'V', 'y_type': 'Potential'} 

2024-04-16 12:31:17,383 - INFO -run_logger.driver.palmsens_driver 
 	 Data received: {'index': 8, 'x': [0.699999988079071], 'x_unit': 's', 'x_type': 'Time', 'y': [-0.21076250076293945], 'y_unit': 'V', 'y_type': 'Potential'} 

2024-04-16 12:31:17,475 - INFO -run_logger.driver.palmsens_driver 
 	 Data received: {'index': 9, 'x': [0.800000011920929], 'x_unit': 's', 'x_type': 'Time', 'y': [-0.21076250076293945], 'y_unit': 'V', 'y_type': 'Potential'} 

2024-04-16 12:31:17,571 - INFO -run_logger.driver.palmsens_driver 
 	 Data received: {'index': 10, 'x': [0.9000000357627869], 'x_unit': 's', 'x_type': 'Time', 'y': [-0.21075467765331268], 'y_unit': 'V', 'y_type': 'Potential'} 

2024-04-16 12:31:17,709 - INFO -run_logger.driver.palmsens_driver 
 	 Data received: {'index': 11, 'x': [1.0], 'x_unit': 's', 'x_type': 'Time', 'y': [-0.21075467765331268], 'y_unit': 'V', 'y_type': 'Potential'} 

2024-04-16 12:31:17,800 - INFO -run_logger.driver.palmsens_driver 
 	 Data received: {'index': 12, 'x': [1.100000023841858], 'x_unit': 's', 'x_type': 'Time', 'y': [-0.21075467765331268], 'y_unit': 'V', 'y_type': 'Potential'} 

2024-04-16 12:31:17,892 - INFO -run_logger.driver.palmsens_driver 
 	 Data received: {'index': 13, 'x': [1.2000000476837158], 'x_unit': 's', 'x_type': 'Time', 'y': [-0.21076250076293945], 'y_unit': 'V', 'y_type': 'Potential'} 

2024-04-16 12:31:17,975 - INFO -run_logger.driver.palmsens_driver 
 	 Data received: {'index': 14, 'x': [1.3000000715255737], 'x_unit': 's', 'x_type': 'Time', 'y': [-0.21076250076293945], 'y_unit': 'V', 'y_type': 'Potential'} 

2024-04-16 12:31:18,107 - INFO -run_logger.driver.palmsens_driver 
 	 Data received: {'index': 15, 'x': [1.399999976158142], 'x_unit': 's', 'x_type': 'Time', 'y': [-0.21075467765331268], 'y_unit': 'V', 'y_type': 'Potential'} 

2024-04-16 12:31:18,207 - INFO -run_logger.driver.palmsens_driver 
 	 Data received: {'index': 16, 'x': [1.5], 'x_unit': 's', 'x_type': 'Time', 'y': [-0.21076250076293945], 'y_unit': 'V', 'y_type': 'Potential'} 

2024-04-16 12:31:18,302 - INFO -run_logger.driver.palmsens_driver 
 	 Data received: {'index': 17, 'x': [1.600000023841858], 'x_unit': 's', 'x_type': 'Time', 'y': [-0.21076250076293945], 'y_unit': 'V', 'y_type': 'Potential'} 

2024-04-16 12:31:18,391 - INFO -run_logger.driver.palmsens_driver 
 	 Data received: {'index': 18, 'x': [1.7000000476837158], 'x_unit': 's', 'x_type': 'Time', 'y': [-0.21075467765331268], 'y_unit': 'V', 'y_type': 'Potential'} 

2024-04-16 12:31:18,474 - INFO -run_logger.driver.palmsens_driver 
 	 Data received: {'index': 19, 'x': [1.8000000715255737], 'x_unit': 's', 'x_type': 'Time', 'y': [-0.21076250076293945], 'y_unit': 'V', 'y_type': 'Potential'} 

2024-04-16 12:31:18,616 - INFO -run_logger.driver.palmsens_driver 
 	 Data received: {'index': 20, 'x': [1.899999976158142], 'x_unit': 's', 'x_type': 'Time', 'y': [-0.21075467765331268], 'y_unit': 'V', 'y_type': 'Potential'} 

2024-04-16 12:31:18,709 - INFO -run_logger.driver.palmsens_driver 
 	 Data received: {'index': 21, 'x': [2.0], 'x_unit': 's', 'x_type': 'Time', 'y': [-0.21075467765331268], 'y_unit': 'V', 'y_type': 'Potential'} 

2024-04-16 12:31:18,805 - INFO -run_logger.driver.palmsens_driver 
 	 Data received: {'index': 22, 'x': [2.1000001430511475], 'x_unit': 's', 'x_type': 'Time', 'y': [-0.21075467765331268], 'y_unit': 'V', 'y_type': 'Potential'} 

2024-04-16 12:31:18,899 - INFO -run_logger.driver.palmsens_driver 
 	 Data received: {'index': 23, 'x': [2.200000047683716], 'x_unit': 's', 'x_type': 'Time', 'y': [-0.21075467765331268], 'y_unit': 'V', 'y_type': 'Potential'} 

2024-04-16 12:31:18,993 - INFO -run_logger.driver.palmsens_driver 
 	 Data received: {'index': 24, 'x': [2.299999952316284], 'x_unit': 's', 'x_type': 'Time', 'y': [-0.21075467765331268], 'y_unit': 'V', 'y_type': 'Potential'} 

2024-04-16 12:31:19,092 - INFO -run_logger.driver.palmsens_driver 
 	 Data received: {'index': 25, 'x': [2.4000000953674316], 'x_unit': 's', 'x_type': 'Time', 'y': [-0.21075467765331268], 'y_unit': 'V', 'y_type': 'Potential'} 

2024-04-16 12:31:19,188 - INFO -run_logger.driver.palmsens_driver 
 	 Data received: {'index': 26, 'x': [2.5], 'x_unit': 's', 'x_type': 'Time', 'y': [-0.21075467765331268], 'y_unit': 'V', 'y_type': 'Potential'} 

2024-04-16 12:31:19,286 - INFO -run_logger.driver.palmsens_driver 
 	 Data received: {'index': 27, 'x': [2.6000001430511475], 'x_unit': 's', 'x_type': 'Time', 'y': [-0.21075467765331268], 'y_unit': 'V', 'y_type': 'Potential'} 

2024-04-16 12:31:19,374 - INFO -run_logger.driver.palmsens_driver 
 	 Data received: {'index': 28, 'x': [2.700000047683716], 'x_unit': 's', 'x_type': 'Time', 'y': [-0.21075467765331268], 'y_unit': 'V', 'y_type': 'Potential'} 

2024-04-16 12:31:19,468 - INFO -run_logger.driver.palmsens_driver 
 	 Data received: {'index': 29, 'x': [2.799999952316284], 'x_unit': 's', 'x_type': 'Time', 'y': [-0.21076250076293945], 'y_unit': 'V', 'y_type': 'Potential'} 

2024-04-16 12:31:19,610 - INFO -run_logger.driver.palmsens_driver 
 	 Data received: {'index': 30, 'x': [2.9000000953674316], 'x_unit': 's', 'x_type': 'Time', 'y': [-0.21075467765331268], 'y_unit': 'V', 'y_type': 'Potential'} 

2024-04-16 12:31:19,704 - INFO -run_logger.driver.palmsens_driver 
 	 Data received: {'index': 31, 'x': [3.0], 'x_unit': 's', 'x_type': 'Time', 'y': [-0.21075467765331268], 'y_unit': 'V', 'y_type': 'Potential'} 

2024-04-16 12:31:19,706 - INFO -run_logger.driver.palmsens_driver 
 	 result:
{'Title': 'Chronopotentiometry', 'timestamp': '16/04/2024 12:31:15', 'current_arrays': [[-20.000295639038086, -20.000295639038086, -20.000295639038086, -20.000295639038086, -20.000295639038086, -20.000295639038086, -20.000295639038086, -20.000295639038086, -20.000295639038086, -20.000295639038086, -20.000295639038086, -20.000295639038086, -20.000295639038086, -20.000295639038086, -20.000295639038086, -20.000295639038086, -20.000295639038086, -20.000295639038086, -20.000295639038086, -20.000295639038086, -20.000295639038086, -20.000295639038086, -20.000295639038086, -20.000295639038086, -20.000295639038086, -20.000295639038086, -20.000295639038086, -20.000295639038086, -20.000295639038086, -20.000295639038086, -20.000295639038086]], 'potential_arrays': [[-0.21097755432128906, -0.21097755432128906, -0.21097755432128906, -0.21097755432128906, -0.21097755432128906, -0.21076250076293945, -0.21075467765331268, -0.21076250076293945, -0.21076250076293945, -0.21075467765331268, -0.21075467765331268, -0.21075467765331268, -0.21076250076293945, -0.21076250076293945, -0.21075467765331268, -0.21076250076293945, -0.21076250076293945, -0.21075467765331268, -0.21076250076293945, -0.21075467765331268, -0.21075467765331268, -0.21075467765331268, -0.21075467765331268, -0.21075467765331268, -0.21075467765331268, -0.21075467765331268, -0.21075467765331268, -0.21075467765331268, -0.21076250076293945, -0.21075467765331268, -0.21075467765331268]], 'time_arrays': [[0.0, 0.10000000149011612, 0.20000000298023224, 0.30000001192092896, 0.4000000059604645, 0.5, 0.6000000238418579, 0.699999988079071, 0.800000011920929, 0.9000000357627869, 1.0, 1.100000023841858, 1.2000000476837158, 1.3000000715255737, 1.399999976158142, 1.5, 1.600000023841858, 1.7000000476837158, 1.8000000715255737, 1.899999976158142, 2.0, 2.1000001430511475, 2.200000047683716, 2.299999952316284, 2.4000000953674316, 2.5, 2.6000001430511475, 2.700000047683716, 2.799999952316284, 2.9000000953674316, 3.0]], 'freq_arrays': [], 'zre_arrays': [], 'zim_arrays': [], 'aux_input_arrays': [], 'peaks': [], 'eis_fit': []} 

