2024-04-16 15:01:31,837 - INFO -run_logger.palmsens_driver 
 	 Successfully connected to PalmSens4 [1]. 

2024-04-16 15:01:36,092 - INFO -run_logger.palmsens_driver 
 	 Data received: {'index': 1, 'x': [0.0], 'x_unit': 's', 'x_type': 'Time', 'y': [0.00011730194091796875], 'y_unit': 'V', 'y_type': 'Potential'} 

2024-04-16 15:01:36,173 - INFO -run_logger.palmsens_driver 
 	 Data received: {'index': 2, 'x': [0.10000000149011612], 'x_unit': 's', 'x_type': 'Time', 'y': [0.00011730194091796875], 'y_unit': 'V', 'y_type': 'Potential'} 

2024-04-16 15:01:36,263 - INFO -run_logger.palmsens_driver 
 	 Data received: {'index': 3, 'x': [0.20000000298023224], 'x_unit': 's', 'x_type': 'Time', 'y': [0.00011730194091796875], 'y_unit': 'V', 'y_type': 'Potential'} 

2024-04-16 15:01:36,362 - INFO -run_logger.palmsens_driver 
 	 Data received: {'index': 4, 'x': [0.30000001192092896], 'x_unit': 's', 'x_type': 'Time', 'y': [0.00011730194091796875], 'y_unit': 'V', 'y_type': 'Potential'} 

2024-04-16 15:01:36,451 - INFO -run_logger.palmsens_driver 
 	 Data received: {'index': 5, 'x': [0.4000000059604645], 'x_unit': 's', 'x_type': 'Time', 'y': [0.00011730194091796875], 'y_unit': 'V', 'y_type': 'Potential'} 

2024-04-16 15:01:36,551 - INFO -run_logger.palmsens_driver 
 	 Data received: {'index': 6, 'x': [0.5], 'x_unit': 's', 'x_type': 'Time', 'y': [0.0002929687616415322], 'y_unit': 'V', 'y_type': 'Potential'} 

2024-04-16 15:01:36,685 - INFO -run_logger.palmsens_driver 
 	 Data received: {'index': 7, 'x': [0.6000000238418579], 'x_unit': 's', 'x_type': 'Time', 'y': [0.0002929687616415322], 'y_unit': 'V', 'y_type': 'Potential'} 

2024-04-16 15:01:36,768 - INFO -run_logger.palmsens_driver 
 	 Data received: {'index': 8, 'x': [0.699999988079071], 'x_unit': 's', 'x_type': 'Time', 'y': [0.0002929687616415322], 'y_unit': 'V', 'y_type': 'Potential'} 

2024-04-16 15:01:36,868 - INFO -run_logger.palmsens_driver 
 	 Data received: {'index': 9, 'x': [0.800000011920929], 'x_unit': 's', 'x_type': 'Time', 'y': [0.00028514862060546875], 'y_unit': 'V', 'y_type': 'Potential'} 

2024-04-16 15:01:36,952 - INFO -run_logger.palmsens_driver 
 	 Data received: {'index': 10, 'x': [0.9000000357627869], 'x_unit': 's', 'x_type': 'Time', 'y': [0.00028514862060546875], 'y_unit': 'V', 'y_type': 'Potential'} 

2024-04-16 15:01:37,052 - INFO -run_logger.palmsens_driver 
 	 Data received: {'index': 11, 'x': [1.0], 'x_unit': 's', 'x_type': 'Time', 'y': [0.0002980518329422921], 'y_unit': 'V', 'y_type': 'Potential'} 

2024-04-16 15:01:37,087 - INFO -run_logger.palmsens_driver 
 	 result:
{'Title': 'Open Circuit Potentiometry', 'timestamp': '16/04/2024 15:01:35', 'current_arrays': [[0.2384185791015625, 0.2384185791015625, 0.2384185791015625, 0.2384185791015625, 0.2384185791015625, 0.2384185791015625, 0.2384185791015625, 0.2384185791015625, 0.2384185791015625, 0.2384185791015625, 0.2384185791015625]], 'potential_arrays': [[0.00011730194091796875, 0.00011730194091796875, 0.00011730194091796875, 0.00011730194091796875, 0.00011730194091796875, 0.0002929687616415322, 0.0002929687616415322, 0.0002929687616415322, 0.00028514862060546875, 0.00028514862060546875, 0.0002980518329422921]], 'time_arrays': [[0.0, 0.10000000149011612, 0.20000000298023224, 0.30000001192092896, 0.4000000059604645, 0.5, 0.6000000238418579, 0.699999988079071, 0.800000011920929, 0.9000000357627869, 1.0]], 'freq_arrays': [], 'zre_arrays': [], 'zim_arrays': [], 'aux_input_arrays': [], 'peaks': [], 'eis_fit': []} 

2024-04-16 15:09:03,939 - INFO -run_logger.palmsens_driver 
 	 Data received: {'index': 1, 'x': [0.0], 'x_unit': 's', 'x_type': 'Time', 'y': [3.910064697265625e-05], 'y_unit': 'V', 'y_type': 'Potential'} 

2024-04-16 15:09:04,030 - INFO -run_logger.palmsens_driver 
 	 Data received: {'index': 2, 'x': [0.10000000149011612], 'x_unit': 's', 'x_type': 'Time', 'y': [3.910064697265625e-05], 'y_unit': 'V', 'y_type': 'Potential'} 

2024-04-16 15:09:04,129 - INFO -run_logger.palmsens_driver 
 	 Data received: {'index': 3, 'x': [0.20000000298023224], 'x_unit': 's', 'x_type': 'Time', 'y': [3.910064697265625e-05], 'y_unit': 'V', 'y_type': 'Potential'} 

2024-04-16 15:09:04,263 - INFO -run_logger.palmsens_driver 
 	 Data received: {'index': 4, 'x': [0.30000001192092896], 'x_unit': 's', 'x_type': 'Time', 'y': [0.00011730194091796875], 'y_unit': 'V', 'y_type': 'Potential'} 

2024-04-16 15:09:04,347 - INFO -run_logger.palmsens_driver 
 	 Data received: {'index': 5, 'x': [0.4000000059604645], 'x_unit': 's', 'x_type': 'Time', 'y': [0.00011730194091796875], 'y_unit': 'V', 'y_type': 'Potential'} 

2024-04-16 15:09:04,438 - INFO -run_logger.palmsens_driver 
 	 Data received: {'index': 6, 'x': [0.5], 'x_unit': 's', 'x_type': 'Time', 'y': [0.00028514862060546875], 'y_unit': 'V', 'y_type': 'Potential'} 

2024-04-16 15:09:04,529 - INFO -run_logger.palmsens_driver 
 	 Data received: {'index': 7, 'x': [0.6000000238418579], 'x_unit': 's', 'x_type': 'Time', 'y': [0.0002929687616415322], 'y_unit': 'V', 'y_type': 'Potential'} 

2024-04-16 15:09:04,628 - INFO -run_logger.palmsens_driver 
 	 Data received: {'index': 8, 'x': [0.699999988079071], 'x_unit': 's', 'x_type': 'Time', 'y': [0.00028514862060546875], 'y_unit': 'V', 'y_type': 'Potential'} 

2024-04-16 15:09:04,770 - INFO -run_logger.palmsens_driver 
 	 Data received: {'index': 9, 'x': [0.800000011920929], 'x_unit': 's', 'x_type': 'Time', 'y': [0.00028514862060546875], 'y_unit': 'V', 'y_type': 'Potential'} 

2024-04-16 15:09:04,863 - INFO -run_logger.palmsens_driver 
 	 Data received: {'index': 10, 'x': [0.9000000357627869], 'x_unit': 's', 'x_type': 'Time', 'y': [0.00028514862060546875], 'y_unit': 'V', 'y_type': 'Potential'} 

2024-04-16 15:09:04,956 - INFO -run_logger.palmsens_driver 
 	 Data received: {'index': 11, 'x': [1.0], 'x_unit': 's', 'x_type': 'Time', 'y': [0.00029960632673464715], 'y_unit': 'V', 'y_type': 'Potential'} 

2024-04-16 15:09:04,964 - INFO -run_logger.palmsens_driver 
 	 result:
{'Title': 'Open Circuit Potentiometry', 'timestamp': '16/04/2024 15:09:02', 'current_arrays': [[0.2384185791015625, 0.2384185791015625, 0.2384185791015625, 0.2384185791015625, 0.2384185791015625, 0.2384185791015625, 0.2384185791015625, 0.2384185791015625, 0.2384185791015625, 0.2384185791015625, 0.2384185791015625]], 'potential_arrays': [[3.910064697265625e-05, 3.910064697265625e-05, 3.910064697265625e-05, 0.00011730194091796875, 0.00011730194091796875, 0.00028514862060546875, 0.0002929687616415322, 0.00028514862060546875, 0.00028514862060546875, 0.00028514862060546875, 0.00029960632673464715]], 'time_arrays': [[0.0, 0.10000000149011612, 0.20000000298023224, 0.30000001192092896, 0.4000000059604645, 0.5, 0.6000000238418579, 0.699999988079071, 0.800000011920929, 0.9000000357627869, 1.0]], 'freq_arrays': [], 'zre_arrays': [], 'zim_arrays': [], 'aux_input_arrays': [], 'peaks': [], 'eis_fit': []} 

