2024-04-16 14:22:27,006 - INFO -run_logger.palmsens_driver 
 	 Successfully connected to PalmSens4 [1]. 

2024-04-16 14:22:28,436 - INFO -run_logger.palmsens_driver 
 	 Data received: {'index': 1, 'x': [0.0], 'x_unit': 's', 'x_type': 'Time', 'y': [3.910064697265625e-05], 'y_unit': 'V', 'y_type': 'Potential'} 

2024-04-16 14:22:28,507 - INFO -run_logger.palmsens_driver 
 	 Data received: {'index': 2, 'x': [0.10000000149011612], 'x_unit': 's', 'x_type': 'Time', 'y': [3.910064697265625e-05], 'y_unit': 'V', 'y_type': 'Potential'} 

2024-04-16 14:22:28,598 - INFO -run_logger.palmsens_driver 
 	 Data received: {'index': 3, 'x': [0.20000000298023224], 'x_unit': 's', 'x_type': 'Time', 'y': [3.910064697265625e-05], 'y_unit': 'V', 'y_type': 'Potential'} 

2024-04-16 14:22:28,737 - INFO -run_logger.palmsens_driver 
 	 Data received: {'index': 4, 'x': [0.30000001192092896], 'x_unit': 's', 'x_type': 'Time', 'y': [3.910064697265625e-05], 'y_unit': 'V', 'y_type': 'Potential'} 

2024-04-16 14:22:28,833 - INFO -run_logger.palmsens_driver 
 	 Data received: {'index': 5, 'x': [0.4000000059604645], 'x_unit': 's', 'x_type': 'Time', 'y': [3.910064697265625e-05], 'y_unit': 'V', 'y_type': 'Potential'} 

2024-04-16 14:22:28,920 - INFO -run_logger.palmsens_driver 
 	 Data received: {'index': 6, 'x': [0.5], 'x_unit': 's', 'x_type': 'Time', 'y': [0.0002929687616415322], 'y_unit': 'V', 'y_type': 'Potential'} 

2024-04-16 14:22:29,013 - INFO -run_logger.palmsens_driver 
 	 Data received: {'index': 7, 'x': [0.6000000238418579], 'x_unit': 's', 'x_type': 'Time', 'y': [0.0002929687616415322], 'y_unit': 'V', 'y_type': 'Potential'} 

2024-04-16 14:22:29,114 - INFO -run_logger.palmsens_driver 
 	 Data received: {'index': 8, 'x': [0.699999988079071], 'x_unit': 's', 'x_type': 'Time', 'y': [0.0002929687616415322], 'y_unit': 'V', 'y_type': 'Potential'} 

2024-04-16 14:22:29,205 - INFO -run_logger.palmsens_driver 
 	 Data received: {'index': 9, 'x': [0.800000011920929], 'x_unit': 's', 'x_type': 'Time', 'y': [0.0002929687616415322], 'y_unit': 'V', 'y_type': 'Potential'} 

2024-04-16 14:22:29,304 - INFO -run_logger.palmsens_driver 
 	 Data received: {'index': 10, 'x': [0.9000000357627869], 'x_unit': 's', 'x_type': 'Time', 'y': [0.0002929687616415322], 'y_unit': 'V', 'y_type': 'Potential'} 

2024-04-16 14:22:29,397 - INFO -run_logger.palmsens_driver 
 	 Data received: {'index': 11, 'x': [1.0], 'x_unit': 's', 'x_type': 'Time', 'y': [0.00030117033747956157], 'y_unit': 'V', 'y_type': 'Potential'} 

2024-04-16 14:22:29,531 - INFO -run_logger.palmsens_driver 
 	 Data received: {'index': 12, 'x': [1.100000023841858], 'x_unit': 's', 'x_type': 'Time', 'y': [0.00030273437732830644], 'y_unit': 'V', 'y_type': 'Potential'} 

2024-04-16 14:22:29,631 - INFO -run_logger.palmsens_driver 
 	 Data received: {'index': 13, 'x': [1.2000000476837158], 'x_unit': 's', 'x_type': 'Time', 'y': [0.00030038831755518913], 'y_unit': 'V', 'y_type': 'Potential'} 

2024-04-16 14:22:29,722 - INFO -run_logger.palmsens_driver 
 	 Data received: {'index': 14, 'x': [1.3000000715255737], 'x_unit': 's', 'x_type': 'Time', 'y': [0.00030038831755518913], 'y_unit': 'V', 'y_type': 'Potential'} 

2024-04-16 14:22:29,815 - INFO -run_logger.palmsens_driver 
 	 Data received: {'index': 15, 'x': [1.399999976158142], 'x_unit': 's', 'x_type': 'Time', 'y': [0.00030117033747956157], 'y_unit': 'V', 'y_type': 'Potential'} 

2024-04-16 14:22:29,913 - INFO -run_logger.palmsens_driver 
 	 Data received: {'index': 16, 'x': [1.5], 'x_unit': 's', 'x_type': 'Time', 'y': [0.0002975406823679805], 'y_unit': 'V', 'y_type': 'Potential'} 

2024-04-16 14:22:30,007 - INFO -run_logger.palmsens_driver 
 	 Data received: {'index': 17, 'x': [1.600000023841858], 'x_unit': 's', 'x_type': 'Time', 'y': [0.00029746248037554324], 'y_unit': 'V', 'y_type': 'Potential'} 

2024-04-16 14:22:30,141 - INFO -run_logger.palmsens_driver 
 	 Data received: {'index': 18, 'x': [1.7000000476837158], 'x_unit': 's', 'x_type': 'Time', 'y': [0.0002978525299113244], 'y_unit': 'V', 'y_type': 'Potential'} 

2024-04-16 14:22:30,220 - INFO -run_logger.palmsens_driver 
 	 Data received: {'index': 19, 'x': [1.8000000715255737], 'x_unit': 's', 'x_type': 'Time', 'y': [0.00029675866244360805], 'y_unit': 'V', 'y_type': 'Potential'} 

2024-04-16 14:22:30,322 - INFO -run_logger.palmsens_driver 
 	 Data received: {'index': 20, 'x': [1.899999976158142], 'x_unit': 's', 'x_type': 'Time', 'y': [0.0002972278743982315], 'y_unit': 'V', 'y_type': 'Potential'} 

2024-04-16 14:22:30,414 - INFO -run_logger.palmsens_driver 
 	 Data received: {'index': 21, 'x': [2.0], 'x_unit': 's', 'x_type': 'Time', 'y': [0.00029644681490026414], 'y_unit': 'V', 'y_type': 'Potential'} 

2024-04-16 14:22:30,503 - INFO -run_logger.palmsens_driver 
 	 Data received: {'index': 22, 'x': [2.1000001430511475], 'x_unit': 's', 'x_type': 'Time', 'y': [0.0002958211989607662], 'y_unit': 'V', 'y_type': 'Potential'} 

2024-04-16 14:22:30,597 - INFO -run_logger.palmsens_driver 
 	 Data received: {'index': 23, 'x': [2.200000047683716], 'x_unit': 's', 'x_type': 'Time', 'y': [0.00029589940095320344], 'y_unit': 'V', 'y_type': 'Potential'} 

2024-04-16 14:22:30,736 - INFO -run_logger.palmsens_driver 
 	 Data received: {'index': 24, 'x': [2.299999952316284], 'x_unit': 's', 'x_type': 'Time', 'y': [0.0002962122089229524], 'y_unit': 'V', 'y_type': 'Potential'} 

2024-04-16 14:22:30,835 - INFO -run_logger.palmsens_driver 
 	 Data received: {'index': 25, 'x': [2.4000000953674316], 'x_unit': 's', 'x_type': 'Time', 'y': [0.00029691506642848253], 'y_unit': 'V', 'y_type': 'Potential'} 

2024-04-16 14:22:30,929 - INFO -run_logger.palmsens_driver 
 	 Data received: {'index': 26, 'x': [2.5], 'x_unit': 's', 'x_type': 'Time', 'y': [0.00029761792393401265], 'y_unit': 'V', 'y_type': 'Potential'} 

2024-04-16 14:22:31,022 - INFO -run_logger.palmsens_driver 
 	 Data received: {'index': 27, 'x': [2.6000001430511475], 'x_unit': 's', 'x_type': 'Time', 'y': [0.0002959776029456407], 'y_unit': 'V', 'y_type': 'Potential'} 

2024-04-16 14:22:31,121 - INFO -run_logger.palmsens_driver 
 	 Data received: {'index': 28, 'x': [2.700000047683716], 'x_unit': 's', 'x_type': 'Time', 'y': [0.0002933216164819896], 'y_unit': 'V', 'y_type': 'Potential'} 

2024-04-16 14:22:31,209 - INFO -run_logger.palmsens_driver 
 	 Data received: {'index': 29, 'x': [2.799999952316284], 'x_unit': 's', 'x_type': 'Time', 'y': [0.0002966804604511708], 'y_unit': 'V', 'y_type': 'Potential'} 

2024-04-16 14:22:31,305 - INFO -run_logger.palmsens_driver 
 	 Data received: {'index': 30, 'x': [2.9000000953674316], 'x_unit': 's', 'x_type': 'Time', 'y': [0.00029574299696832895], 'y_unit': 'V', 'y_type': 'Potential'} 

2024-04-16 14:22:31,423 - INFO -run_logger.palmsens_driver 
 	 Data received: {'index': 31, 'x': [3.0], 'x_unit': 's', 'x_type': 'Time', 'y': [0.00029504013946279883], 'y_unit': 'V', 'y_type': 'Potential'} 

2024-04-16 14:22:31,439 - INFO -run_logger.palmsens_driver 
 	 result:
{'Title': 'Open Circuit Potentiometry', 'timestamp': '16/04/2024 14:22:27', 'current_arrays': [[0.2384185791015625, 0.2384185791015625, 0.2384185791015625, 0.2384185791015625, 0.2384185791015625, 0.2384185791015625, 0.2384185791015625, 0.2384185791015625, 0.2384185791015625, 0.2384185791015625, 0.2384185791015625, 0.2384185791015625, 0.2384185791015625, 0.2384185791015625, 0.2384185791015625, 0.2384185791015625, 0.2384185791015625, 0.2384185791015625, 0.2384185791015625, 0.2384185791015625, 0.2384185791015625, 0.2384185791015625, 0.2384185791015625, 0.2384185791015625, 0.2384185791015625, 0.2384185791015625, 0.2384185791015625, 0.2384185791015625, 0.2384185791015625, 0.2384185791015625, 0.2384185791015625]], 'potential_arrays': [[3.910064697265625e-05, 3.910064697265625e-05, 3.910064697265625e-05, 3.910064697265625e-05, 3.910064697265625e-05, 0.0002929687616415322, 0.0002929687616415322, 0.0002929687616415322, 0.0002929687616415322, 0.0002929687616415322, 0.00030117033747956157, 0.00030273437732830644, 0.00030038831755518913, 0.00030038831755518913, 0.00030117033747956157, 0.0002975406823679805, 0.00029746248037554324, 0.0002978525299113244, 0.00029675866244360805, 0.0002972278743982315, 0.00029644681490026414, 0.0002958211989607662, 0.00029589940095320344, 0.0002962122089229524, 0.00029691506642848253, 0.00029761792393401265, 0.0002959776029456407, 0.0002933216164819896, 0.0002966804604511708, 0.00029574299696832895, 0.00029504013946279883]], 'time_arrays': [[0.0, 0.10000000149011612, 0.20000000298023224, 0.30000001192092896, 0.4000000059604645, 0.5, 0.6000000238418579, 0.699999988079071, 0.800000011920929, 0.9000000357627869, 1.0, 1.100000023841858, 1.2000000476837158, 1.3000000715255737, 1.399999976158142, 1.5, 1.600000023841858, 1.7000000476837158, 1.8000000715255737, 1.899999976158142, 2.0, 2.1000001430511475, 2.200000047683716, 2.299999952316284, 2.4000000953674316, 2.5, 2.6000001430511475, 2.700000047683716, 2.799999952316284, 2.9000000953674316, 3.0]], 'freq_arrays': [], 'zre_arrays': [], 'zim_arrays': [], 'aux_input_arrays': [], 'peaks': [], 'eis_fit': []} 

