2024-06-17 14:45:54,619 - INFO -run_logger.palmsens_driver 
 	 Successfully connected to PalmSens4 [1]. 

2024-06-17 14:46:21,286 - INFO -run_logger.palmsens_driver 
 	 Data received: {'index': 1, 'x': [0.0], 'x_unit': 's', 'x_type': 'Time', 'y': [-1.9841089248657227], 'y_unit': 'V', 'y_type': 'Potential'} 

2024-06-17 14:46:21,554 - INFO -run_logger.palmsens_driver 
 	 Data received: {'index': 2, 'x': [0.25], 'x_unit': 's', 'x_type': 'Time', 'y': [-1.9841089248657227], 'y_unit': 'V', 'y_type': 'Potential'} 

2024-06-17 14:46:21,785 - INFO -run_logger.palmsens_driver 
 	 Data received: {'index': 3, 'x': [0.5], 'x_unit': 's', 'x_type': 'Time', 'y': [-1.9842653274536133], 'y_unit': 'V', 'y_type': 'Potential'} 

2024-06-17 14:46:22,015 - INFO -run_logger.palmsens_driver 
 	 Data received: {'index': 4, 'x': [0.75], 'x_unit': 's', 'x_type': 'Time', 'y': [-1.9842653274536133], 'y_unit': 'V', 'y_type': 'Potential'} 

2024-06-17 14:46:22,296 - INFO -run_logger.palmsens_driver 
 	 Data received: {'index': 5, 'x': [1.0], 'x_unit': 's', 'x_type': 'Time', 'y': [-1.9843435287475586], 'y_unit': 'V', 'y_type': 'Potential'} 

2024-06-17 14:46:22,530 - INFO -run_logger.palmsens_driver 
 	 Data received: {'index': 6, 'x': [1.25], 'x_unit': 's', 'x_type': 'Time', 'y': [-1.9845781326293945], 'y_unit': 'V', 'y_type': 'Potential'} 

2024-06-17 14:46:22,765 - INFO -run_logger.palmsens_driver 
 	 Data received: {'index': 7, 'x': [1.5], 'x_unit': 's', 'x_type': 'Time', 'y': [-1.9844999313354492], 'y_unit': 'V', 'y_type': 'Potential'} 

2024-06-17 14:46:23,047 - INFO -run_logger.palmsens_driver 
 	 Data received: {'index': 8, 'x': [1.75], 'x_unit': 's', 'x_type': 'Time', 'y': [-1.9847345352172852], 'y_unit': 'V', 'y_type': 'Potential'} 

2024-06-17 14:46:23,280 - INFO -run_logger.palmsens_driver 
 	 Data received: {'index': 9, 'x': [2.0], 'x_unit': 's', 'x_type': 'Time', 'y': [-1.9846563339233398], 'y_unit': 'V', 'y_type': 'Potential'} 

2024-06-17 14:46:23,514 - INFO -run_logger.palmsens_driver 
 	 Data received: {'index': 10, 'x': [2.25], 'x_unit': 's', 'x_type': 'Time', 'y': [-1.9847345352172852], 'y_unit': 'V', 'y_type': 'Potential'} 

2024-06-17 14:46:23,793 - INFO -run_logger.palmsens_driver 
 	 Data received: {'index': 11, 'x': [2.5], 'x_unit': 's', 'x_type': 'Time', 'y': [-1.9848899841308594], 'y_unit': 'V', 'y_type': 'Potential'} 

2024-06-17 14:46:24,030 - INFO -run_logger.palmsens_driver 
 	 Data received: {'index': 12, 'x': [2.75], 'x_unit': 's', 'x_type': 'Time', 'y': [-1.9849681854248047], 'y_unit': 'V', 'y_type': 'Potential'} 

2024-06-17 14:46:24,264 - INFO -run_logger.palmsens_driver 
 	 Data received: {'index': 13, 'x': [3.0], 'x_unit': 's', 'x_type': 'Time', 'y': [-1.9851245880126953], 'y_unit': 'V', 'y_type': 'Potential'} 

2024-06-17 14:46:24,544 - INFO -run_logger.palmsens_driver 
 	 Data received: {'index': 14, 'x': [3.25], 'x_unit': 's', 'x_type': 'Time', 'y': [-1.9851245880126953], 'y_unit': 'V', 'y_type': 'Potential'} 

2024-06-17 14:46:24,778 - INFO -run_logger.palmsens_driver 
 	 Data received: {'index': 15, 'x': [3.5], 'x_unit': 's', 'x_type': 'Time', 'y': [-1.9852027893066406], 'y_unit': 'V', 'y_type': 'Potential'} 

2024-06-17 14:46:25,011 - INFO -run_logger.palmsens_driver 
 	 Data received: {'index': 16, 'x': [3.75], 'x_unit': 's', 'x_type': 'Time', 'y': [-1.9853591918945312], 'y_unit': 'V', 'y_type': 'Potential'} 

2024-06-17 14:46:25,257 - INFO -run_logger.palmsens_driver 
 	 Data received: {'index': 17, 'x': [4.0], 'x_unit': 's', 'x_type': 'Time', 'y': [-1.9853591918945312], 'y_unit': 'V', 'y_type': 'Potential'} 

2024-06-17 14:46:25,522 - INFO -run_logger.palmsens_driver 
 	 Data received: {'index': 18, 'x': [4.25], 'x_unit': 's', 'x_type': 'Time', 'y': [-1.9855155944824219], 'y_unit': 'V', 'y_type': 'Potential'} 

2024-06-17 14:46:25,800 - INFO -run_logger.palmsens_driver 
 	 Data received: {'index': 19, 'x': [4.5], 'x_unit': 's', 'x_type': 'Time', 'y': [-1.9855937957763672], 'y_unit': 'V', 'y_type': 'Potential'} 

2024-06-17 14:46:26,034 - INFO -run_logger.palmsens_driver 
 	 Data received: {'index': 20, 'x': [4.75], 'x_unit': 's', 'x_type': 'Time', 'y': [-1.9856719970703125], 'y_unit': 'V', 'y_type': 'Potential'} 

2024-06-17 14:46:26,268 - INFO -run_logger.palmsens_driver 
 	 Data received: {'index': 21, 'x': [5.0], 'x_unit': 's', 'x_type': 'Time', 'y': [-1.9857492446899414], 'y_unit': 'V', 'y_type': 'Potential'} 

2024-06-17 14:46:26,550 - INFO -run_logger.palmsens_driver 
 	 Data received: {'index': 22, 'x': [5.25], 'x_unit': 's', 'x_type': 'Time', 'y': [-1.9858274459838867], 'y_unit': 'V', 'y_type': 'Potential'} 

2024-06-17 14:46:26,781 - INFO -run_logger.palmsens_driver 
 	 Data received: {'index': 23, 'x': [5.5], 'x_unit': 's', 'x_type': 'Time', 'y': [-1.985905647277832], 'y_unit': 'V', 'y_type': 'Potential'} 

2024-06-17 14:46:27,013 - INFO -run_logger.palmsens_driver 
 	 Data received: {'index': 24, 'x': [5.75], 'x_unit': 's', 'x_type': 'Time', 'y': [-1.9860620498657227], 'y_unit': 'V', 'y_type': 'Potential'} 

2024-06-17 14:46:27,293 - INFO -run_logger.palmsens_driver 
 	 Data received: {'index': 25, 'x': [6.0], 'x_unit': 's', 'x_type': 'Time', 'y': [-1.9860620498657227], 'y_unit': 'V', 'y_type': 'Potential'} 

2024-06-17 14:46:27,530 - INFO -run_logger.palmsens_driver 
 	 Data received: {'index': 26, 'x': [6.25], 'x_unit': 's', 'x_type': 'Time', 'y': [-1.9862184524536133], 'y_unit': 'V', 'y_type': 'Potential'} 

2024-06-17 14:46:27,761 - INFO -run_logger.palmsens_driver 
 	 Data received: {'index': 27, 'x': [6.5], 'x_unit': 's', 'x_type': 'Time', 'y': [-1.985905647277832], 'y_unit': 'V', 'y_type': 'Potential'} 

2024-06-17 14:46:28,041 - INFO -run_logger.palmsens_driver 
 	 Data received: {'index': 28, 'x': [6.75], 'x_unit': 's', 'x_type': 'Time', 'y': [-1.9859838485717773], 'y_unit': 'V', 'y_type': 'Potential'} 

2024-06-17 14:46:28,275 - INFO -run_logger.palmsens_driver 
 	 Data received: {'index': 29, 'x': [7.0], 'x_unit': 's', 'x_type': 'Time', 'y': [-1.9847345352172852], 'y_unit': 'V', 'y_type': 'Potential'} 

2024-06-17 14:46:28,513 - INFO -run_logger.palmsens_driver 
 	 Data received: {'index': 30, 'x': [7.25], 'x_unit': 's', 'x_type': 'Time', 'y': [-1.9856719970703125], 'y_unit': 'V', 'y_type': 'Potential'} 

2024-06-17 14:46:28,795 - INFO -run_logger.palmsens_driver 
 	 Data received: {'index': 31, 'x': [7.5], 'x_unit': 's', 'x_type': 'Time', 'y': [-1.9842653274536133], 'y_unit': 'V', 'y_type': 'Potential'} 

2024-06-17 14:46:29,027 - INFO -run_logger.palmsens_driver 
 	 Data received: {'index': 32, 'x': [7.75], 'x_unit': 's', 'x_type': 'Time', 'y': [-1.9857492446899414], 'y_unit': 'V', 'y_type': 'Potential'} 

2024-06-17 14:46:29,262 - INFO -run_logger.palmsens_driver 
 	 Data received: {'index': 33, 'x': [8.0], 'x_unit': 's', 'x_type': 'Time', 'y': [-1.986374855041504], 'y_unit': 'V', 'y_type': 'Potential'} 

2024-06-17 14:46:29,546 - INFO -run_logger.palmsens_driver 
 	 Data received: {'index': 34, 'x': [8.25], 'x_unit': 's', 'x_type': 'Time', 'y': [-1.9860620498657227], 'y_unit': 'V', 'y_type': 'Potential'} 

2024-06-17 14:46:29,780 - INFO -run_logger.palmsens_driver 
 	 Data received: {'index': 35, 'x': [8.5], 'x_unit': 's', 'x_type': 'Time', 'y': [-1.9866876602172852], 'y_unit': 'V', 'y_type': 'Potential'} 

2024-06-17 14:46:30,013 - INFO -run_logger.palmsens_driver 
 	 Data received: {'index': 36, 'x': [8.75], 'x_unit': 's', 'x_type': 'Time', 'y': [-1.9869213104248047], 'y_unit': 'V', 'y_type': 'Potential'} 

2024-06-17 14:46:30,292 - INFO -run_logger.palmsens_driver 
 	 Data received: {'index': 37, 'x': [9.0], 'x_unit': 's', 'x_type': 'Time', 'y': [-1.9868431091308594], 'y_unit': 'V', 'y_type': 'Potential'} 

2024-06-17 14:46:30,539 - INFO -run_logger.palmsens_driver 
 	 Data received: {'index': 38, 'x': [9.25], 'x_unit': 's', 'x_type': 'Time', 'y': [-1.98699951171875], 'y_unit': 'V', 'y_type': 'Potential'} 

2024-06-17 14:46:30,790 - INFO -run_logger.palmsens_driver 
 	 Data received: {'index': 39, 'x': [9.5], 'x_unit': 's', 'x_type': 'Time', 'y': [-1.9871559143066406], 'y_unit': 'V', 'y_type': 'Potential'} 

2024-06-17 14:46:31,023 - INFO -run_logger.palmsens_driver 
 	 Data received: {'index': 40, 'x': [9.75], 'x_unit': 's', 'x_type': 'Time', 'y': [-1.9871559143066406], 'y_unit': 'V', 'y_type': 'Potential'} 

2024-06-17 14:46:31,274 - INFO -run_logger.palmsens_driver 
 	 Data received: {'index': 41, 'x': [10.0], 'x_unit': 's', 'x_type': 'Time', 'y': [-1.987234115600586], 'y_unit': 'V', 'y_type': 'Potential'} 

2024-06-17 14:46:31,521 - INFO -run_logger.palmsens_driver 
 	 Data received: {'index': 42, 'x': [10.25], 'x_unit': 's', 'x_type': 'Time', 'y': [-1.9873123168945312], 'y_unit': 'V', 'y_type': 'Potential'} 

2024-06-17 14:46:31,803 - INFO -run_logger.palmsens_driver 
 	 Data received: {'index': 43, 'x': [10.5], 'x_unit': 's', 'x_type': 'Time', 'y': [-1.9873123168945312], 'y_unit': 'V', 'y_type': 'Potential'} 

2024-06-17 14:46:32,037 - INFO -run_logger.palmsens_driver 
 	 Data received: {'index': 44, 'x': [10.75], 'x_unit': 's', 'x_type': 'Time', 'y': [-1.9874687194824219], 'y_unit': 'V', 'y_type': 'Potential'} 

2024-06-17 14:46:32,272 - INFO -run_logger.palmsens_driver 
 	 Data received: {'index': 45, 'x': [11.0], 'x_unit': 's', 'x_type': 'Time', 'y': [-1.9873905181884766], 'y_unit': 'V', 'y_type': 'Potential'} 

2024-06-17 14:46:32,550 - INFO -run_logger.palmsens_driver 
 	 Data received: {'index': 46, 'x': [11.25], 'x_unit': 's', 'x_type': 'Time', 'y': [-1.9875469207763672], 'y_unit': 'V', 'y_type': 'Potential'} 

2024-06-17 14:46:32,784 - INFO -run_logger.palmsens_driver 
 	 Data received: {'index': 47, 'x': [11.5], 'x_unit': 's', 'x_type': 'Time', 'y': [-1.9876251220703125], 'y_unit': 'V', 'y_type': 'Potential'} 

2024-06-17 14:46:33,017 - INFO -run_logger.palmsens_driver 
 	 Data received: {'index': 48, 'x': [11.75], 'x_unit': 's', 'x_type': 'Time', 'y': [-1.9876251220703125], 'y_unit': 'V', 'y_type': 'Potential'} 

2024-06-17 14:46:33,296 - INFO -run_logger.palmsens_driver 
 	 Data received: {'index': 49, 'x': [12.0], 'x_unit': 's', 'x_type': 'Time', 'y': [-1.9877805709838867], 'y_unit': 'V', 'y_type': 'Potential'} 

2024-06-17 14:46:33,532 - INFO -run_logger.palmsens_driver 
 	 Data received: {'index': 50, 'x': [12.25], 'x_unit': 's', 'x_type': 'Time', 'y': [-1.9877023696899414], 'y_unit': 'V', 'y_type': 'Potential'} 

2024-06-17 14:46:33,768 - INFO -run_logger.palmsens_driver 
 	 Data received: {'index': 51, 'x': [12.5], 'x_unit': 's', 'x_type': 'Time', 'y': [-1.987858772277832], 'y_unit': 'V', 'y_type': 'Potential'} 

2024-06-17 14:46:34,048 - INFO -run_logger.palmsens_driver 
 	 Data received: {'index': 52, 'x': [12.75], 'x_unit': 's', 'x_type': 'Time', 'y': [-1.9880151748657227], 'y_unit': 'V', 'y_type': 'Potential'} 

2024-06-17 14:46:34,283 - INFO -run_logger.palmsens_driver 
 	 Data received: {'index': 53, 'x': [13.0], 'x_unit': 's', 'x_type': 'Time', 'y': [-1.9879369735717773], 'y_unit': 'V', 'y_type': 'Potential'} 

2024-06-17 14:46:34,516 - INFO -run_logger.palmsens_driver 
 	 Data received: {'index': 54, 'x': [13.25], 'x_unit': 's', 'x_type': 'Time', 'y': [-1.988093376159668], 'y_unit': 'V', 'y_type': 'Potential'} 

2024-06-17 14:46:34,796 - INFO -run_logger.palmsens_driver 
 	 Data received: {'index': 55, 'x': [13.5], 'x_unit': 's', 'x_type': 'Time', 'y': [-1.988093376159668], 'y_unit': 'V', 'y_type': 'Potential'} 

2024-06-17 14:46:35,031 - INFO -run_logger.palmsens_driver 
 	 Data received: {'index': 56, 'x': [13.75], 'x_unit': 's', 'x_type': 'Time', 'y': [-1.9881715774536133], 'y_unit': 'V', 'y_type': 'Potential'} 

2024-06-17 14:46:35,263 - INFO -run_logger.palmsens_driver 
 	 Data received: {'index': 57, 'x': [14.0], 'x_unit': 's', 'x_type': 'Time', 'y': [-1.988327980041504], 'y_unit': 'V', 'y_type': 'Potential'} 

2024-06-17 14:46:35,542 - INFO -run_logger.palmsens_driver 
 	 Data received: {'index': 58, 'x': [14.25], 'x_unit': 's', 'x_type': 'Time', 'y': [-1.9884061813354492], 'y_unit': 'V', 'y_type': 'Potential'} 

2024-06-17 14:46:35,776 - INFO -run_logger.palmsens_driver 
 	 Data received: {'index': 59, 'x': [14.5], 'x_unit': 's', 'x_type': 'Time', 'y': [-1.9884843826293945], 'y_unit': 'V', 'y_type': 'Potential'} 

2024-06-17 14:46:36,009 - INFO -run_logger.palmsens_driver 
 	 Data received: {'index': 60, 'x': [14.75], 'x_unit': 's', 'x_type': 'Time', 'y': [-1.9885625839233398], 'y_unit': 'V', 'y_type': 'Potential'} 

2024-06-17 14:46:36,290 - INFO -run_logger.palmsens_driver 
 	 Data received: {'index': 61, 'x': [15.0], 'x_unit': 's', 'x_type': 'Time', 'y': [-1.9886407852172852], 'y_unit': 'V', 'y_type': 'Potential'} 

2024-06-17 14:46:36,537 - INFO -run_logger.palmsens_driver 
 	 Data received: {'index': 62, 'x': [15.25], 'x_unit': 's', 'x_type': 'Time', 'y': [-1.9887962341308594], 'y_unit': 'V', 'y_type': 'Potential'} 

2024-06-17 14:46:36,771 - INFO -run_logger.palmsens_driver 
 	 Data received: {'index': 63, 'x': [15.5], 'x_unit': 's', 'x_type': 'Time', 'y': [-1.988718032836914], 'y_unit': 'V', 'y_type': 'Potential'} 

2024-06-17 14:46:37,051 - INFO -run_logger.palmsens_driver 
 	 Data received: {'index': 64, 'x': [15.75], 'x_unit': 's', 'x_type': 'Time', 'y': [-1.9887962341308594], 'y_unit': 'V', 'y_type': 'Potential'} 

2024-06-17 14:46:37,284 - INFO -run_logger.palmsens_driver 
 	 Data received: {'index': 65, 'x': [16.0], 'x_unit': 's', 'x_type': 'Time', 'y': [-1.98895263671875], 'y_unit': 'V', 'y_type': 'Potential'} 

2024-06-17 14:46:37,517 - INFO -run_logger.palmsens_driver 
 	 Data received: {'index': 66, 'x': [16.25], 'x_unit': 's', 'x_type': 'Time', 'y': [-1.9888744354248047], 'y_unit': 'V', 'y_type': 'Potential'} 

2024-06-17 14:46:37,794 - INFO -run_logger.palmsens_driver 
 	 Data received: {'index': 67, 'x': [16.5], 'x_unit': 's', 'x_type': 'Time', 'y': [-1.9887962341308594], 'y_unit': 'V', 'y_type': 'Potential'} 

2024-06-17 14:46:38,029 - INFO -run_logger.palmsens_driver 
 	 Data received: {'index': 68, 'x': [16.75], 'x_unit': 's', 'x_type': 'Time', 'y': [-1.9891090393066406], 'y_unit': 'V', 'y_type': 'Potential'} 

2024-06-17 14:46:38,262 - INFO -run_logger.palmsens_driver 
 	 Data received: {'index': 69, 'x': [17.0], 'x_unit': 's', 'x_type': 'Time', 'y': [-1.9892654418945312], 'y_unit': 'V', 'y_type': 'Potential'} 

2024-06-17 14:46:38,544 - INFO -run_logger.palmsens_driver 
 	 Data received: {'index': 70, 'x': [17.25], 'x_unit': 's', 'x_type': 'Time', 'y': [-1.9893436431884766], 'y_unit': 'V', 'y_type': 'Potential'} 

2024-06-17 14:46:38,775 - INFO -run_logger.palmsens_driver 
 	 Data received: {'index': 71, 'x': [17.5], 'x_unit': 's', 'x_type': 'Time', 'y': [-1.9893436431884766], 'y_unit': 'V', 'y_type': 'Potential'} 

2024-06-17 14:46:39,010 - INFO -run_logger.palmsens_driver 
 	 Data received: {'index': 72, 'x': [17.75], 'x_unit': 's', 'x_type': 'Time', 'y': [-1.9894218444824219], 'y_unit': 'V', 'y_type': 'Potential'} 

2024-06-17 14:46:39,292 - INFO -run_logger.palmsens_driver 
 	 Data received: {'index': 73, 'x': [18.0], 'x_unit': 's', 'x_type': 'Time', 'y': [-1.9895782470703125], 'y_unit': 'V', 'y_type': 'Potential'} 

2024-06-17 14:46:39,524 - INFO -run_logger.palmsens_driver 
 	 Data received: {'index': 74, 'x': [18.25], 'x_unit': 's', 'x_type': 'Time', 'y': [-1.9896554946899414], 'y_unit': 'V', 'y_type': 'Potential'} 

2024-06-17 14:46:39,759 - INFO -run_logger.palmsens_driver 
 	 Data received: {'index': 75, 'x': [18.5], 'x_unit': 's', 'x_type': 'Time', 'y': [-1.9897336959838867], 'y_unit': 'V', 'y_type': 'Potential'} 

2024-06-17 14:46:40,006 - INFO -run_logger.palmsens_driver 
 	 Data received: {'index': 76, 'x': [18.75], 'x_unit': 's', 'x_type': 'Time', 'y': [-1.9897336959838867], 'y_unit': 'V', 'y_type': 'Potential'} 

2024-06-17 14:46:40,285 - INFO -run_logger.palmsens_driver 
 	 Data received: {'index': 77, 'x': [19.0], 'x_unit': 's', 'x_type': 'Time', 'y': [-1.989811897277832], 'y_unit': 'V', 'y_type': 'Potential'} 

2024-06-17 14:46:40,516 - INFO -run_logger.palmsens_driver 
 	 Data received: {'index': 78, 'x': [19.25], 'x_unit': 's', 'x_type': 'Time', 'y': [-1.9898900985717773], 'y_unit': 'V', 'y_type': 'Potential'} 

2024-06-17 14:46:40,794 - INFO -run_logger.palmsens_driver 
 	 Data received: {'index': 79, 'x': [19.5], 'x_unit': 's', 'x_type': 'Time', 'y': [-1.989811897277832], 'y_unit': 'V', 'y_type': 'Potential'} 

2024-06-17 14:46:41,028 - INFO -run_logger.palmsens_driver 
 	 Data received: {'index': 80, 'x': [19.75], 'x_unit': 's', 'x_type': 'Time', 'y': [-1.990046501159668], 'y_unit': 'V', 'y_type': 'Potential'} 

2024-06-17 14:46:41,266 - INFO -run_logger.palmsens_driver 
 	 Data received: {'index': 81, 'x': [20.0], 'x_unit': 's', 'x_type': 'Time', 'y': [-1.9899682998657227], 'y_unit': 'V', 'y_type': 'Potential'} 

2024-06-17 14:46:41,294 - INFO -run_logger.palmsens_driver 
 	 result:
{'Title': 'Open Circuit Potentiometry', 'timestamp': '17/06/2024 14:46:19', 'current_arrays': [[0.2384185791015625, 0.2384185791015625, 0.2384185791015625, 0.2384185791015625, 0.2384185791015625, 0.2384185791015625, 0.2384185791015625, 0.2384185791015625, 0.2384185791015625, 0.2384185791015625, 0.2384185791015625, 0.2384185791015625, 0.2384185791015625, 0.2384185791015625, 0.2384185791015625, 0.2384185791015625, 0.2384185791015625, 0.2384185791015625, 0.2384185791015625, 0.2384185791015625, 0.2384185791015625, 0.2384185791015625, 0.2384185791015625, 0.2384185791015625, 0.2384185791015625, 0.2384185791015625, 0.2384185791015625, 0.2384185791015625, 0.2384185791015625, 0.2384185791015625, 0.2384185791015625, 0.2384185791015625, 0.2384185791015625, 0.2384185791015625, 0.2384185791015625, 0.2384185791015625, 0.2384185791015625, 0.2384185791015625, 0.2384185791015625, 0.2384185791015625, 0.2384185791015625, 0.2384185791015625, 0.2384185791015625, 0.2384185791015625, 0.2384185791015625, 0.2384185791015625, 0.2384185791015625, 0.2384185791015625, 0.2384185791015625, 0.2384185791015625, 0.2384185791015625, 0.2384185791015625, 0.2384185791015625, 0.2384185791015625, 0.2384185791015625, 0.2384185791015625, 0.2384185791015625, 0.2384185791015625, 0.2384185791015625, 0.2384185791015625, 0.2384185791015625, 0.2384185791015625, 0.2384185791015625, 0.2384185791015625, 0.2384185791015625, 0.2384185791015625, 0.2384185791015625, 0.2384185791015625, 0.2384185791015625, 0.2384185791015625, 0.2384185791015625, 0.2384185791015625, 0.2384185791015625, 0.2384185791015625, 0.2384185791015625, 0.2384185791015625, 0.2384185791015625, 0.2384185791015625, 0.2384185791015625, 0.2384185791015625, 0.2384185791015625]], 'potential_arrays': [[-1.9841089248657227, -1.9841089248657227, -1.9842653274536133, -1.9842653274536133, -1.9843435287475586, -1.9845781326293945, -1.9844999313354492, -1.9847345352172852, -1.9846563339233398, -1.9847345352172852, -1.9848899841308594, -1.9849681854248047, -1.9851245880126953, -1.9851245880126953, -1.9852027893066406, -1.9853591918945312, -1.9853591918945312, -1.9855155944824219, -1.9855937957763672, -1.9856719970703125, -1.9857492446899414, -1.9858274459838867, -1.985905647277832, -1.9860620498657227, -1.9860620498657227, -1.9862184524536133, -1.985905647277832, -1.9859838485717773, -1.9847345352172852, -1.9856719970703125, -1.9842653274536133, -1.9857492446899414, -1.986374855041504, -1.9860620498657227, -1.9866876602172852, -1.9869213104248047, -1.9868431091308594, -1.98699951171875, -1.9871559143066406, -1.9871559143066406, -1.987234115600586, -1.9873123168945312, -1.9873123168945312, -1.9874687194824219, -1.9873905181884766, -1.9875469207763672, -1.9876251220703125, -1.9876251220703125, -1.9877805709838867, -1.9877023696899414, -1.987858772277832, -1.9880151748657227, -1.9879369735717773, -1.988093376159668, -1.988093376159668, -1.9881715774536133, -1.988327980041504, -1.9884061813354492, -1.9884843826293945, -1.9885625839233398, -1.9886407852172852, -1.9887962341308594, -1.988718032836914, -1.9887962341308594, -1.98895263671875, -1.9888744354248047, -1.9887962341308594, -1.9891090393066406, -1.9892654418945312, -1.9893436431884766, -1.9893436431884766, -1.9894218444824219, -1.9895782470703125, -1.9896554946899414, -1.9897336959838867, -1.9897336959838867, -1.989811897277832, -1.9898900985717773, -1.989811897277832, -1.990046501159668, -1.9899682998657227]], 'time_arrays': [[0.0, 0.25, 0.5, 0.75, 1.0, 1.25, 1.5, 1.75, 2.0, 2.25, 2.5, 2.75, 3.0, 3.25, 3.5, 3.75, 4.0, 4.25, 4.5, 4.75, 5.0, 5.25, 5.5, 5.75, 6.0, 6.25, 6.5, 6.75, 7.0, 7.25, 7.5, 7.75, 8.0, 8.25, 8.5, 8.75, 9.0, 9.25, 9.5, 9.75, 10.0, 10.25, 10.5, 10.75, 11.0, 11.25, 11.5, 11.75, 12.0, 12.25, 12.5, 12.75, 13.0, 13.25, 13.5, 13.75, 14.0, 14.25, 14.5, 14.75, 15.0, 15.25, 15.5, 15.75, 16.0, 16.25, 16.5, 16.75, 17.0, 17.25, 17.5, 17.75, 18.0, 18.25, 18.5, 18.75, 19.0, 19.25, 19.5, 19.75, 20.0]], 'freq_arrays': [], 'zre_arrays': [], 'zim_arrays': [], 'aux_input_arrays': [], 'peaks': [], 'eis_fit': []} 

