2024-05-27 13:13:30,954 - INFO -run_logger.palmsens_driver 
 	 Successfully connected to PalmSens4 [1]. 

2024-05-27 13:16:46,770 - INFO -run_logger.palmsens_driver 
 	 Data received: {'index': 1, 'x': [0.0], 'x_unit': 's', 'x_type': 'Time', 'y': [0.4214468002319336], 'y_unit': 'V', 'y_type': 'Potential'} 

2024-05-27 13:16:46,990 - INFO -run_logger.palmsens_driver 
 	 Data received: {'index': 2, 'x': [0.25], 'x_unit': 's', 'x_type': 'Time', 'y': [0.43488407135009766], 'y_unit': 'V', 'y_type': 'Potential'} 

2024-05-27 13:16:47,225 - INFO -run_logger.palmsens_driver 
 	 Data received: {'index': 3, 'x': [0.5], 'x_unit': 's', 'x_type': 'Time', 'y': [0.4423847198486328], 'y_unit': 'V', 'y_type': 'Potential'} 

2024-05-27 13:16:47,508 - INFO -run_logger.palmsens_driver 
 	 Data received: {'index': 4, 'x': [0.75], 'x_unit': 's', 'x_type': 'Time', 'y': [0.4457435607910156], 'y_unit': 'V', 'y_type': 'Potential'} 

2024-05-27 13:16:47,755 - INFO -run_logger.palmsens_driver 
 	 Data received: {'index': 5, 'x': [1.0], 'x_unit': 's', 'x_type': 'Time', 'y': [0.4476966857910156], 'y_unit': 'V', 'y_type': 'Potential'} 

2024-05-27 13:16:47,988 - INFO -run_logger.palmsens_driver 
 	 Data received: {'index': 6, 'x': [1.25], 'x_unit': 's', 'x_type': 'Time', 'y': [0.44972801208496094], 'y_unit': 'V', 'y_type': 'Potential'} 

2024-05-27 13:16:48,224 - INFO -run_logger.palmsens_driver 
 	 Data received: {'index': 7, 'x': [1.5], 'x_unit': 's', 'x_type': 'Time', 'y': [0.45433807373046875], 'y_unit': 'V', 'y_type': 'Potential'} 

2024-05-27 13:16:48,503 - INFO -run_logger.palmsens_driver 
 	 Data received: {'index': 8, 'x': [1.75], 'x_unit': 's', 'x_type': 'Time', 'y': [0.45644664764404297], 'y_unit': 'V', 'y_type': 'Potential'} 

2024-05-27 13:16:48,738 - INFO -run_logger.palmsens_driver 
 	 Data received: {'index': 9, 'x': [2.0], 'x_unit': 's', 'x_type': 'Time', 'y': [0.4585561752319336], 'y_unit': 'V', 'y_type': 'Potential'} 

2024-05-27 13:16:48,974 - INFO -run_logger.palmsens_driver 
 	 Data received: {'index': 10, 'x': [2.25], 'x_unit': 's', 'x_type': 'Time', 'y': [0.46425914764404297], 'y_unit': 'V', 'y_type': 'Potential'} 

2024-05-27 13:16:49,258 - INFO -run_logger.palmsens_driver 
 	 Data received: {'index': 11, 'x': [2.5], 'x_unit': 's', 'x_type': 'Time', 'y': [0.4675407409667969], 'y_unit': 'V', 'y_type': 'Potential'} 

2024-05-27 13:16:49,509 - INFO -run_logger.palmsens_driver 
 	 Data received: {'index': 12, 'x': [2.75], 'x_unit': 's', 'x_type': 'Time', 'y': [0.46988487243652344], 'y_unit': 'V', 'y_type': 'Potential'} 

2024-05-27 13:16:49,758 - INFO -run_logger.palmsens_driver 
 	 Data received: {'index': 13, 'x': [3.0], 'x_unit': 's', 'x_type': 'Time', 'y': [0.4722280502319336], 'y_unit': 'V', 'y_type': 'Potential'} 

2024-05-27 13:16:49,993 - INFO -run_logger.palmsens_driver 
 	 Data received: {'index': 14, 'x': [3.25], 'x_unit': 's', 'x_type': 'Time', 'y': [0.47511863708496094], 'y_unit': 'V', 'y_type': 'Potential'} 

2024-05-27 13:16:50,243 - INFO -run_logger.palmsens_driver 
 	 Data received: {'index': 15, 'x': [3.5], 'x_unit': 's', 'x_type': 'Time', 'y': [0.47855663299560547], 'y_unit': 'V', 'y_type': 'Potential'} 

2024-05-27 13:16:50,492 - INFO -run_logger.palmsens_driver 
 	 Data received: {'index': 16, 'x': [3.75], 'x_unit': 's', 'x_type': 'Time', 'y': [0.48050975799560547], 'y_unit': 'V', 'y_type': 'Potential'} 

2024-05-27 13:16:50,727 - INFO -run_logger.palmsens_driver 
 	 Data received: {'index': 17, 'x': [4.0], 'x_unit': 's', 'x_type': 'Time', 'y': [0.4820718765258789], 'y_unit': 'V', 'y_type': 'Potential'} 

2024-05-27 13:16:51,011 - INFO -run_logger.palmsens_driver 
 	 Data received: {'index': 18, 'x': [4.25], 'x_unit': 's', 'x_type': 'Time', 'y': [0.4832439422607422], 'y_unit': 'V', 'y_type': 'Potential'} 

2024-05-27 13:16:51,246 - INFO -run_logger.palmsens_driver 
 	 Data received: {'index': 19, 'x': [4.5], 'x_unit': 's', 'x_type': 'Time', 'y': [0.48504066467285156], 'y_unit': 'V', 'y_type': 'Potential'} 

2024-05-27 13:16:51,508 - INFO -run_logger.palmsens_driver 
 	 Data received: {'index': 20, 'x': [4.75], 'x_unit': 's', 'x_type': 'Time', 'y': [0.5212907791137695], 'y_unit': 'V', 'y_type': 'Potential'} 

2024-05-27 13:16:51,726 - INFO -run_logger.palmsens_driver 
 	 Data received: {'index': 21, 'x': [5.0], 'x_unit': 's', 'x_type': 'Time', 'y': [0.5398063659667969], 'y_unit': 'V', 'y_type': 'Potential'} 

2024-05-27 13:16:52,009 - INFO -run_logger.palmsens_driver 
 	 Data received: {'index': 22, 'x': [5.25], 'x_unit': 's', 'x_type': 'Time', 'y': [0.5493383407592773], 'y_unit': 'V', 'y_type': 'Potential'} 

2024-05-27 13:16:52,244 - INFO -run_logger.palmsens_driver 
 	 Data received: {'index': 23, 'x': [5.5], 'x_unit': 's', 'x_type': 'Time', 'y': [0.5511350631713867], 'y_unit': 'V', 'y_type': 'Potential'} 

2024-05-27 13:16:52,478 - INFO -run_logger.palmsens_driver 
 	 Data received: {'index': 24, 'x': [5.75], 'x_unit': 's', 'x_type': 'Time', 'y': [0.5511350631713867], 'y_unit': 'V', 'y_type': 'Potential'} 

2024-05-27 13:16:52,759 - INFO -run_logger.palmsens_driver 
 	 Data received: {'index': 25, 'x': [6.0], 'x_unit': 's', 'x_type': 'Time', 'y': [0.5526971817016602], 'y_unit': 'V', 'y_type': 'Potential'} 

2024-05-27 13:16:53,007 - INFO -run_logger.palmsens_driver 
 	 Data received: {'index': 26, 'x': [6.25], 'x_unit': 's', 'x_type': 'Time', 'y': [0.5525407791137695], 'y_unit': 'V', 'y_type': 'Potential'} 

2024-05-27 13:16:53,244 - INFO -run_logger.palmsens_driver 
 	 Data received: {'index': 27, 'x': [6.5], 'x_unit': 's', 'x_type': 'Time', 'y': [0.5523853302001953], 'y_unit': 'V', 'y_type': 'Potential'} 

2024-05-27 13:16:53,478 - INFO -run_logger.palmsens_driver 
 	 Data received: {'index': 28, 'x': [6.75], 'x_unit': 's', 'x_type': 'Time', 'y': [0.5520725250244141], 'y_unit': 'V', 'y_type': 'Potential'} 

2024-05-27 13:16:53,726 - INFO -run_logger.palmsens_driver 
 	 Data received: {'index': 29, 'x': [7.0], 'x_unit': 's', 'x_type': 'Time', 'y': [0.5519161224365234], 'y_unit': 'V', 'y_type': 'Potential'} 

2024-05-27 13:16:53,976 - INFO -run_logger.palmsens_driver 
 	 Data received: {'index': 30, 'x': [7.25], 'x_unit': 's', 'x_type': 'Time', 'y': [0.551213264465332], 'y_unit': 'V', 'y_type': 'Potential'} 

2024-05-27 13:16:54,257 - INFO -run_logger.palmsens_driver 
 	 Data received: {'index': 31, 'x': [7.5], 'x_unit': 's', 'x_type': 'Time', 'y': [0.5505876541137695], 'y_unit': 'V', 'y_type': 'Potential'} 

2024-05-27 13:16:54,488 - INFO -run_logger.palmsens_driver 
 	 Data received: {'index': 32, 'x': [7.75], 'x_unit': 's', 'x_type': 'Time', 'y': [0.5504322052001953], 'y_unit': 'V', 'y_type': 'Potential'} 

2024-05-27 13:16:54,723 - INFO -run_logger.palmsens_driver 
 	 Data received: {'index': 33, 'x': [8.0], 'x_unit': 's', 'x_type': 'Time', 'y': [0.5501976013183594], 'y_unit': 'V', 'y_type': 'Potential'} 

2024-05-27 13:16:55,004 - INFO -run_logger.palmsens_driver 
 	 Data received: {'index': 34, 'x': [8.25], 'x_unit': 's', 'x_type': 'Time', 'y': [0.5498065948486328], 'y_unit': 'V', 'y_type': 'Potential'} 

2024-05-27 13:16:55,237 - INFO -run_logger.palmsens_driver 
 	 Data received: {'index': 35, 'x': [8.5], 'x_unit': 's', 'x_type': 'Time', 'y': [0.5496501922607422], 'y_unit': 'V', 'y_type': 'Potential'} 

2024-05-27 13:16:55,470 - INFO -run_logger.palmsens_driver 
 	 Data received: {'index': 36, 'x': [8.75], 'x_unit': 's', 'x_type': 'Time', 'y': [0.5495719909667969], 'y_unit': 'V', 'y_type': 'Potential'} 

2024-05-27 13:16:55,753 - INFO -run_logger.palmsens_driver 
 	 Data received: {'index': 37, 'x': [9.0], 'x_unit': 's', 'x_type': 'Time', 'y': [0.5494165420532227], 'y_unit': 'V', 'y_type': 'Potential'} 

2024-05-27 13:16:55,987 - INFO -run_logger.palmsens_driver 
 	 Data received: {'index': 38, 'x': [9.25], 'x_unit': 's', 'x_type': 'Time', 'y': [0.5495719909667969], 'y_unit': 'V', 'y_type': 'Potential'} 

2024-05-27 13:16:56,222 - INFO -run_logger.palmsens_driver 
 	 Data received: {'index': 39, 'x': [9.5], 'x_unit': 's', 'x_type': 'Time', 'y': [0.5500411987304688], 'y_unit': 'V', 'y_type': 'Potential'} 

2024-05-27 13:16:56,503 - INFO -run_logger.palmsens_driver 
 	 Data received: {'index': 40, 'x': [9.75], 'x_unit': 's', 'x_type': 'Time', 'y': [0.5504322052001953], 'y_unit': 'V', 'y_type': 'Potential'} 

2024-05-27 13:16:56,736 - INFO -run_logger.palmsens_driver 
 	 Data received: {'index': 41, 'x': [10.0], 'x_unit': 's', 'x_type': 'Time', 'y': [0.5506658554077148], 'y_unit': 'V', 'y_type': 'Potential'} 

2024-05-27 13:16:56,969 - INFO -run_logger.palmsens_driver 
 	 Data received: {'index': 42, 'x': [10.25], 'x_unit': 's', 'x_type': 'Time', 'y': [0.5508222579956055], 'y_unit': 'V', 'y_type': 'Potential'} 

2024-05-27 13:16:57,248 - INFO -run_logger.palmsens_driver 
 	 Data received: {'index': 43, 'x': [10.5], 'x_unit': 's', 'x_type': 'Time', 'y': [0.5509786605834961], 'y_unit': 'V', 'y_type': 'Potential'} 

2024-05-27 13:16:57,483 - INFO -run_logger.palmsens_driver 
 	 Data received: {'index': 44, 'x': [10.75], 'x_unit': 's', 'x_type': 'Time', 'y': [0.5506658554077148], 'y_unit': 'V', 'y_type': 'Potential'} 

2024-05-27 13:16:57,716 - INFO -run_logger.palmsens_driver 
 	 Data received: {'index': 45, 'x': [11.0], 'x_unit': 's', 'x_type': 'Time', 'y': [0.5504322052001953], 'y_unit': 'V', 'y_type': 'Potential'} 

2024-05-27 13:16:57,993 - INFO -run_logger.palmsens_driver 
 	 Data received: {'index': 46, 'x': [11.25], 'x_unit': 's', 'x_type': 'Time', 'y': [0.5501976013183594], 'y_unit': 'V', 'y_type': 'Potential'} 

2024-05-27 13:16:58,229 - INFO -run_logger.palmsens_driver 
 	 Data received: {'index': 47, 'x': [11.5], 'x_unit': 's', 'x_type': 'Time', 'y': [0.5497283935546875], 'y_unit': 'V', 'y_type': 'Potential'} 

2024-05-27 13:16:58,475 - INFO -run_logger.palmsens_driver 
 	 Data received: {'index': 48, 'x': [11.75], 'x_unit': 's', 'x_type': 'Time', 'y': [0.5498847961425781], 'y_unit': 'V', 'y_type': 'Potential'} 

2024-05-27 13:16:58,755 - INFO -run_logger.palmsens_driver 
 	 Data received: {'index': 49, 'x': [12.0], 'x_unit': 's', 'x_type': 'Time', 'y': [0.5498847961425781], 'y_unit': 'V', 'y_type': 'Potential'} 

2024-05-27 13:16:58,989 - INFO -run_logger.palmsens_driver 
 	 Data received: {'index': 50, 'x': [12.25], 'x_unit': 's', 'x_type': 'Time', 'y': [0.55035400390625], 'y_unit': 'V', 'y_type': 'Potential'} 

2024-05-27 13:16:59,222 - INFO -run_logger.palmsens_driver 
 	 Data received: {'index': 51, 'x': [12.5], 'x_unit': 's', 'x_type': 'Time', 'y': [0.5502758026123047], 'y_unit': 'V', 'y_type': 'Potential'} 

2024-05-27 13:16:59,500 - INFO -run_logger.palmsens_driver 
 	 Data received: {'index': 52, 'x': [12.75], 'x_unit': 's', 'x_type': 'Time', 'y': [0.5502758026123047], 'y_unit': 'V', 'y_type': 'Potential'} 

2024-05-27 13:16:59,736 - INFO -run_logger.palmsens_driver 
 	 Data received: {'index': 53, 'x': [13.0], 'x_unit': 's', 'x_type': 'Time', 'y': [0.5501194000244141], 'y_unit': 'V', 'y_type': 'Potential'} 

2024-05-27 13:16:59,970 - INFO -run_logger.palmsens_driver 
 	 Data received: {'index': 54, 'x': [13.25], 'x_unit': 's', 'x_type': 'Time', 'y': [0.5500411987304688], 'y_unit': 'V', 'y_type': 'Potential'} 

2024-05-27 13:17:00,251 - INFO -run_logger.palmsens_driver 
 	 Data received: {'index': 55, 'x': [13.5], 'x_unit': 's', 'x_type': 'Time', 'y': [0.5498847961425781], 'y_unit': 'V', 'y_type': 'Potential'} 

2024-05-27 13:17:00,486 - INFO -run_logger.palmsens_driver 
 	 Data received: {'index': 56, 'x': [13.75], 'x_unit': 's', 'x_type': 'Time', 'y': [0.5497283935546875], 'y_unit': 'V', 'y_type': 'Potential'} 

2024-05-27 13:17:00,722 - INFO -run_logger.palmsens_driver 
 	 Data received: {'index': 57, 'x': [14.0], 'x_unit': 's', 'x_type': 'Time', 'y': [0.5498065948486328], 'y_unit': 'V', 'y_type': 'Potential'} 

2024-05-27 13:17:01,005 - INFO -run_logger.palmsens_driver 
 	 Data received: {'index': 58, 'x': [14.25], 'x_unit': 's', 'x_type': 'Time', 'y': [0.5501194000244141], 'y_unit': 'V', 'y_type': 'Potential'} 

2024-05-27 13:17:01,239 - INFO -run_logger.palmsens_driver 
 	 Data received: {'index': 59, 'x': [14.5], 'x_unit': 's', 'x_type': 'Time', 'y': [0.5498065948486328], 'y_unit': 'V', 'y_type': 'Potential'} 

2024-05-27 13:17:01,473 - INFO -run_logger.palmsens_driver 
 	 Data received: {'index': 60, 'x': [14.75], 'x_unit': 's', 'x_type': 'Time', 'y': [0.5501194000244141], 'y_unit': 'V', 'y_type': 'Potential'} 

2024-05-27 13:17:01,752 - INFO -run_logger.palmsens_driver 
 	 Data received: {'index': 61, 'x': [15.0], 'x_unit': 's', 'x_type': 'Time', 'y': [0.5505104064941406], 'y_unit': 'V', 'y_type': 'Potential'} 

2024-05-27 13:17:01,987 - INFO -run_logger.palmsens_driver 
 	 Data received: {'index': 62, 'x': [15.25], 'x_unit': 's', 'x_type': 'Time', 'y': [0.5507440567016602], 'y_unit': 'V', 'y_type': 'Potential'} 

2024-05-27 13:17:02,221 - INFO -run_logger.palmsens_driver 
 	 Data received: {'index': 63, 'x': [15.5], 'x_unit': 's', 'x_type': 'Time', 'y': [0.5505876541137695], 'y_unit': 'V', 'y_type': 'Potential'} 

2024-05-27 13:17:02,503 - INFO -run_logger.palmsens_driver 
 	 Data received: {'index': 64, 'x': [15.75], 'x_unit': 's', 'x_type': 'Time', 'y': [0.5501194000244141], 'y_unit': 'V', 'y_type': 'Potential'} 

2024-05-27 13:17:02,736 - INFO -run_logger.palmsens_driver 
 	 Data received: {'index': 65, 'x': [16.0], 'x_unit': 's', 'x_type': 'Time', 'y': [0.5497283935546875], 'y_unit': 'V', 'y_type': 'Potential'} 

2024-05-27 13:17:02,973 - INFO -run_logger.palmsens_driver 
 	 Data received: {'index': 66, 'x': [16.25], 'x_unit': 's', 'x_type': 'Time', 'y': [0.5493383407592773], 'y_unit': 'V', 'y_type': 'Potential'} 

2024-05-27 13:17:03,252 - INFO -run_logger.palmsens_driver 
 	 Data received: {'index': 67, 'x': [16.5], 'x_unit': 's', 'x_type': 'Time', 'y': [0.5487909317016602], 'y_unit': 'V', 'y_type': 'Potential'} 

2024-05-27 13:17:03,487 - INFO -run_logger.palmsens_driver 
 	 Data received: {'index': 68, 'x': [16.75], 'x_unit': 's', 'x_type': 'Time', 'y': [0.5484790802001953], 'y_unit': 'V', 'y_type': 'Potential'} 

2024-05-27 13:17:03,723 - INFO -run_logger.palmsens_driver 
 	 Data received: {'index': 69, 'x': [17.0], 'x_unit': 's', 'x_type': 'Time', 'y': [0.5482444763183594], 'y_unit': 'V', 'y_type': 'Potential'} 

2024-05-27 13:17:04,005 - INFO -run_logger.palmsens_driver 
 	 Data received: {'index': 70, 'x': [17.25], 'x_unit': 's', 'x_type': 'Time', 'y': [0.5478534698486328], 'y_unit': 'V', 'y_type': 'Potential'} 

2024-05-27 13:17:04,239 - INFO -run_logger.palmsens_driver 
 	 Data received: {'index': 71, 'x': [17.5], 'x_unit': 's', 'x_type': 'Time', 'y': [0.5474634170532227], 'y_unit': 'V', 'y_type': 'Potential'} 

2024-05-27 13:17:04,473 - INFO -run_logger.palmsens_driver 
 	 Data received: {'index': 72, 'x': [17.75], 'x_unit': 's', 'x_type': 'Time', 'y': [0.5468378067016602], 'y_unit': 'V', 'y_type': 'Potential'} 

2024-05-27 13:17:04,754 - INFO -run_logger.palmsens_driver 
 	 Data received: {'index': 73, 'x': [18.0], 'x_unit': 's', 'x_type': 'Time', 'y': [0.5462913513183594], 'y_unit': 'V', 'y_type': 'Potential'} 

2024-05-27 13:17:04,985 - INFO -run_logger.palmsens_driver 
 	 Data received: {'index': 74, 'x': [18.25], 'x_unit': 's', 'x_type': 'Time', 'y': [0.5457439422607422], 'y_unit': 'V', 'y_type': 'Potential'} 

2024-05-27 13:17:05,217 - INFO -run_logger.palmsens_driver 
 	 Data received: {'index': 75, 'x': [18.5], 'x_unit': 's', 'x_type': 'Time', 'y': [0.5451974868774414], 'y_unit': 'V', 'y_type': 'Potential'} 

2024-05-27 13:17:05,499 - INFO -run_logger.palmsens_driver 
 	 Data received: {'index': 76, 'x': [18.75], 'x_unit': 's', 'x_type': 'Time', 'y': [0.5446500778198242], 'y_unit': 'V', 'y_type': 'Potential'} 

2024-05-27 13:17:05,735 - INFO -run_logger.palmsens_driver 
 	 Data received: {'index': 77, 'x': [19.0], 'x_unit': 's', 'x_type': 'Time', 'y': [0.5441036224365234], 'y_unit': 'V', 'y_type': 'Potential'} 

2024-05-27 13:17:05,969 - INFO -run_logger.palmsens_driver 
 	 Data received: {'index': 78, 'x': [19.25], 'x_unit': 's', 'x_type': 'Time', 'y': [0.5437908172607422], 'y_unit': 'V', 'y_type': 'Potential'} 

2024-05-27 13:17:06,253 - INFO -run_logger.palmsens_driver 
 	 Data received: {'index': 79, 'x': [19.5], 'x_unit': 's', 'x_type': 'Time', 'y': [0.5432443618774414], 'y_unit': 'V', 'y_type': 'Potential'} 

2024-05-27 13:17:06,483 - INFO -run_logger.palmsens_driver 
 	 Data received: {'index': 80, 'x': [19.75], 'x_unit': 's', 'x_type': 'Time', 'y': [0.5427751541137695], 'y_unit': 'V', 'y_type': 'Potential'} 

2024-05-27 13:17:06,715 - INFO -run_logger.palmsens_driver 
 	 Data received: {'index': 81, 'x': [20.0], 'x_unit': 's', 'x_type': 'Time', 'y': [0.54254150390625], 'y_unit': 'V', 'y_type': 'Potential'} 

2024-05-27 13:17:06,996 - INFO -run_logger.palmsens_driver 
 	 Data received: {'index': 82, 'x': [20.25], 'x_unit': 's', 'x_type': 'Time', 'y': [0.5422286987304688], 'y_unit': 'V', 'y_type': 'Potential'} 

2024-05-27 13:17:07,229 - INFO -run_logger.palmsens_driver 
 	 Data received: {'index': 83, 'x': [20.5], 'x_unit': 's', 'x_type': 'Time', 'y': [0.5419940948486328], 'y_unit': 'V', 'y_type': 'Potential'} 

2024-05-27 13:17:07,511 - INFO -run_logger.palmsens_driver 
 	 Data received: {'index': 84, 'x': [20.75], 'x_unit': 's', 'x_type': 'Time', 'y': [0.5416040420532227], 'y_unit': 'V', 'y_type': 'Potential'} 

2024-05-27 13:17:07,759 - INFO -run_logger.palmsens_driver 
 	 Data received: {'index': 85, 'x': [21.0], 'x_unit': 's', 'x_type': 'Time', 'y': [0.5411348342895508], 'y_unit': 'V', 'y_type': 'Potential'} 

2024-05-27 13:17:08,008 - INFO -run_logger.palmsens_driver 
 	 Data received: {'index': 86, 'x': [21.25], 'x_unit': 's', 'x_type': 'Time', 'y': [0.54058837890625], 'y_unit': 'V', 'y_type': 'Potential'} 

2024-05-27 13:17:08,259 - INFO -run_logger.palmsens_driver 
 	 Data received: {'index': 87, 'x': [21.5], 'x_unit': 's', 'x_type': 'Time', 'y': [0.5400409698486328], 'y_unit': 'V', 'y_type': 'Potential'} 

2024-05-27 13:17:08,510 - INFO -run_logger.palmsens_driver 
 	 Data received: {'index': 88, 'x': [21.75], 'x_unit': 's', 'x_type': 'Time', 'y': [0.5395727157592773], 'y_unit': 'V', 'y_type': 'Potential'} 

2024-05-27 13:17:08,744 - INFO -run_logger.palmsens_driver 
 	 Data received: {'index': 89, 'x': [22.0], 'x_unit': 's', 'x_type': 'Time', 'y': [0.5389471054077148], 'y_unit': 'V', 'y_type': 'Potential'} 

2024-05-27 13:17:08,990 - INFO -run_logger.palmsens_driver 
 	 Data received: {'index': 90, 'x': [22.25], 'x_unit': 's', 'x_type': 'Time', 'y': [0.5384788513183594], 'y_unit': 'V', 'y_type': 'Potential'} 

2024-05-27 13:17:09,224 - INFO -run_logger.palmsens_driver 
 	 Data received: {'index': 91, 'x': [22.5], 'x_unit': 's', 'x_type': 'Time', 'y': [0.5380878448486328], 'y_unit': 'V', 'y_type': 'Potential'} 

2024-05-27 13:17:09,504 - INFO -run_logger.palmsens_driver 
 	 Data received: {'index': 92, 'x': [22.75], 'x_unit': 's', 'x_type': 'Time', 'y': [0.5374631881713867], 'y_unit': 'V', 'y_type': 'Potential'} 

2024-05-27 13:17:09,738 - INFO -run_logger.palmsens_driver 
 	 Data received: {'index': 93, 'x': [23.0], 'x_unit': 's', 'x_type': 'Time', 'y': [0.5372285842895508], 'y_unit': 'V', 'y_type': 'Potential'} 

2024-05-27 13:17:09,970 - INFO -run_logger.palmsens_driver 
 	 Data received: {'index': 94, 'x': [23.25], 'x_unit': 's', 'x_type': 'Time', 'y': [0.5368375778198242], 'y_unit': 'V', 'y_type': 'Potential'} 

2024-05-27 13:17:10,250 - INFO -run_logger.palmsens_driver 
 	 Data received: {'index': 95, 'x': [23.5], 'x_unit': 's', 'x_type': 'Time', 'y': [0.5362129211425781], 'y_unit': 'V', 'y_type': 'Potential'} 

2024-05-27 13:17:10,484 - INFO -run_logger.palmsens_driver 
 	 Data received: {'index': 96, 'x': [23.75], 'x_unit': 's', 'x_type': 'Time', 'y': [0.5359001159667969], 'y_unit': 'V', 'y_type': 'Potential'} 

2024-05-27 13:17:10,717 - INFO -run_logger.palmsens_driver 
 	 Data received: {'index': 97, 'x': [24.0], 'x_unit': 's', 'x_type': 'Time', 'y': [0.5353536605834961], 'y_unit': 'V', 'y_type': 'Potential'} 

2024-05-27 13:17:10,996 - INFO -run_logger.palmsens_driver 
 	 Data received: {'index': 98, 'x': [24.25], 'x_unit': 's', 'x_type': 'Time', 'y': [0.5348844528198242], 'y_unit': 'V', 'y_type': 'Potential'} 

2024-05-27 13:17:11,228 - INFO -run_logger.palmsens_driver 
 	 Data received: {'index': 99, 'x': [24.5], 'x_unit': 's', 'x_type': 'Time', 'y': [0.5344161987304688], 'y_unit': 'V', 'y_type': 'Potential'} 

2024-05-27 13:17:11,510 - INFO -run_logger.palmsens_driver 
 	 Data received: {'index': 100, 'x': [24.75], 'x_unit': 's', 'x_type': 'Time', 'y': [0.5338687896728516], 'y_unit': 'V', 'y_type': 'Potential'} 

2024-05-27 13:17:11,745 - INFO -run_logger.palmsens_driver 
 	 Data received: {'index': 101, 'x': [25.0], 'x_unit': 's', 'x_type': 'Time', 'y': [0.5334005355834961], 'y_unit': 'V', 'y_type': 'Potential'} 

2024-05-27 13:17:11,977 - INFO -run_logger.palmsens_driver 
 	 Data received: {'index': 102, 'x': [25.25], 'x_unit': 's', 'x_type': 'Time', 'y': [0.5328540802001953], 'y_unit': 'V', 'y_type': 'Potential'} 

2024-05-27 13:17:12,258 - INFO -run_logger.palmsens_driver 
 	 Data received: {'index': 103, 'x': [25.5], 'x_unit': 's', 'x_type': 'Time', 'y': [0.5323066711425781], 'y_unit': 'V', 'y_type': 'Potential'} 

2024-05-27 13:17:12,507 - INFO -run_logger.palmsens_driver 
 	 Data received: {'index': 104, 'x': [25.75], 'x_unit': 's', 'x_type': 'Time', 'y': [0.5319156646728516], 'y_unit': 'V', 'y_type': 'Potential'} 

2024-05-27 13:17:12,758 - INFO -run_logger.palmsens_driver 
 	 Data received: {'index': 105, 'x': [26.0], 'x_unit': 's', 'x_type': 'Time', 'y': [0.5313692092895508], 'y_unit': 'V', 'y_type': 'Potential'} 

2024-05-27 13:17:13,006 - INFO -run_logger.palmsens_driver 
 	 Data received: {'index': 106, 'x': [26.25], 'x_unit': 's', 'x_type': 'Time', 'y': [0.5312910079956055], 'y_unit': 'V', 'y_type': 'Potential'} 

2024-05-27 13:17:13,238 - INFO -run_logger.palmsens_driver 
 	 Data received: {'index': 107, 'x': [26.5], 'x_unit': 's', 'x_type': 'Time', 'y': [0.53082275390625], 'y_unit': 'V', 'y_type': 'Potential'} 

2024-05-27 13:17:13,473 - INFO -run_logger.palmsens_driver 
 	 Data received: {'index': 108, 'x': [26.75], 'x_unit': 's', 'x_type': 'Time', 'y': [0.5304317474365234], 'y_unit': 'V', 'y_type': 'Potential'} 

2024-05-27 13:17:13,752 - INFO -run_logger.palmsens_driver 
 	 Data received: {'index': 109, 'x': [27.0], 'x_unit': 's', 'x_type': 'Time', 'y': [0.5300407409667969], 'y_unit': 'V', 'y_type': 'Potential'} 

2024-05-27 13:17:13,986 - INFO -run_logger.palmsens_driver 
 	 Data received: {'index': 110, 'x': [27.25], 'x_unit': 's', 'x_type': 'Time', 'y': [0.5294160842895508], 'y_unit': 'V', 'y_type': 'Potential'} 

2024-05-27 13:17:14,221 - INFO -run_logger.palmsens_driver 
 	 Data received: {'index': 111, 'x': [27.5], 'x_unit': 's', 'x_type': 'Time', 'y': [0.5289478302001953], 'y_unit': 'V', 'y_type': 'Potential'} 

2024-05-27 13:17:14,498 - INFO -run_logger.palmsens_driver 
 	 Data received: {'index': 112, 'x': [27.75], 'x_unit': 's', 'x_type': 'Time', 'y': [0.5284004211425781], 'y_unit': 'V', 'y_type': 'Potential'} 

2024-05-27 13:17:14,732 - INFO -run_logger.palmsens_driver 
 	 Data received: {'index': 113, 'x': [28.0], 'x_unit': 's', 'x_type': 'Time', 'y': [0.5280876159667969], 'y_unit': 'V', 'y_type': 'Potential'} 

2024-05-27 13:17:14,965 - INFO -run_logger.palmsens_driver 
 	 Data received: {'index': 114, 'x': [28.25], 'x_unit': 's', 'x_type': 'Time', 'y': [0.527775764465332], 'y_unit': 'V', 'y_type': 'Potential'} 

2024-05-27 13:17:15,246 - INFO -run_logger.palmsens_driver 
 	 Data received: {'index': 115, 'x': [28.5], 'x_unit': 's', 'x_type': 'Time', 'y': [0.5273847579956055], 'y_unit': 'V', 'y_type': 'Potential'} 

2024-05-27 13:17:15,481 - INFO -run_logger.palmsens_driver 
 	 Data received: {'index': 116, 'x': [28.75], 'x_unit': 's', 'x_type': 'Time', 'y': [0.5272283554077148], 'y_unit': 'V', 'y_type': 'Potential'} 

2024-05-27 13:17:15,714 - INFO -run_logger.palmsens_driver 
 	 Data received: {'index': 117, 'x': [29.0], 'x_unit': 's', 'x_type': 'Time', 'y': [0.52691650390625], 'y_unit': 'V', 'y_type': 'Potential'} 

2024-05-27 13:17:15,994 - INFO -run_logger.palmsens_driver 
 	 Data received: {'index': 118, 'x': [29.25], 'x_unit': 's', 'x_type': 'Time', 'y': [0.5264472961425781], 'y_unit': 'V', 'y_type': 'Potential'} 

2024-05-27 13:17:16,227 - INFO -run_logger.palmsens_driver 
 	 Data received: {'index': 119, 'x': [29.5], 'x_unit': 's', 'x_type': 'Time', 'y': [0.5262126922607422], 'y_unit': 'V', 'y_type': 'Potential'} 

2024-05-27 13:17:16,477 - INFO -run_logger.palmsens_driver 
 	 Data received: {'index': 120, 'x': [29.75], 'x_unit': 's', 'x_type': 'Time', 'y': [0.5263690948486328], 'y_unit': 'V', 'y_type': 'Potential'} 

2024-05-27 13:17:16,741 - INFO -run_logger.palmsens_driver 
 	 Data received: {'index': 121, 'x': [30.0], 'x_unit': 's', 'x_type': 'Time', 'y': [0.5261344909667969], 'y_unit': 'V', 'y_type': 'Potential'} 

2024-05-27 13:17:16,772 - INFO -run_logger.palmsens_driver 
 	 result:
{'Title': 'Open Circuit Potentiometry', 'timestamp': '27/05/2024 13:16:45', 'current_arrays': [[0.2384185791015625, 0.2384185791015625, 0.2384185791015625, 0.2384185791015625, 0.2384185791015625, 0.2384185791015625, 0.2384185791015625, 0.2384185791015625, 0.2384185791015625, 0.2384185791015625, 0.2384185791015625, 0.2384185791015625, 0.2384185791015625, 0.2384185791015625, 0.2384185791015625, 0.2384185791015625, 0.2384185791015625, 0.2384185791015625, 0.2384185791015625, 0.2384185791015625, 0.2384185791015625, 0.2384185791015625, 0.2384185791015625, 0.2384185791015625, 0.2384185791015625, 0.2384185791015625, 0.2384185791015625, 0.2384185791015625, 0.2384185791015625, 0.2384185791015625, 0.2384185791015625, 0.2384185791015625, 0.2384185791015625, 0.2384185791015625, 0.2384185791015625, 0.2384185791015625, 0.2384185791015625, 0.2384185791015625, 0.2384185791015625, 0.2384185791015625, 0.2384185791015625, 0.2384185791015625, 0.2384185791015625, 0.2384185791015625, 0.2384185791015625, 0.2384185791015625, 0.2384185791015625, 0.2384185791015625, 0.2384185791015625, 0.2384185791015625, 0.2384185791015625, 0.2384185791015625, 0.2384185791015625, 0.2384185791015625, 0.2384185791015625, 0.2384185791015625, 0.2384185791015625, 0.2384185791015625, 0.2384185791015625, 0.2384185791015625, 0.2384185791015625, 0.2384185791015625, 0.2384185791015625, 0.2384185791015625, 0.2384185791015625, 0.2384185791015625, 0.2384185791015625, 0.2384185791015625, 0.2384185791015625, 0.2384185791015625, 0.2384185791015625, 0.2384185791015625, 0.2384185791015625, 0.2384185791015625, 0.2384185791015625, 0.2384185791015625, 0.2384185791015625, 0.2384185791015625, 0.2384185791015625, 0.2384185791015625, 0.2384185791015625, 0.2384185791015625, 0.2384185791015625, 0.2384185791015625, 0.2384185791015625, 0.2384185791015625, 0.2384185791015625, 0.2384185791015625, 0.2384185791015625, 0.2384185791015625, 0.2384185791015625, 0.2384185791015625, 0.2384185791015625, 0.2384185791015625, 0.2384185791015625, 0.2384185791015625, 0.2384185791015625, 0.2384185791015625, 0.2384185791015625, 0.2384185791015625, 0.2384185791015625, 0.2384185791015625, 0.2384185791015625, 0.2384185791015625, 0.2384185791015625, 0.2384185791015625, 0.2384185791015625, 0.2384185791015625, 0.2384185791015625, 0.2384185791015625, 0.2384185791015625, 0.2384185791015625, 0.2384185791015625, 0.2384185791015625, 0.2384185791015625, 0.2384185791015625, 0.2384185791015625, 0.2384185791015625, 0.2384185791015625, 0.2384185791015625, 0.2384185791015625]], 'potential_arrays': [[0.4214468002319336, 0.43488407135009766, 0.4423847198486328, 0.4457435607910156, 0.4476966857910156, 0.44972801208496094, 0.45433807373046875, 0.45644664764404297, 0.4585561752319336, 0.46425914764404297, 0.4675407409667969, 0.46988487243652344, 0.4722280502319336, 0.47511863708496094, 0.47855663299560547, 0.48050975799560547, 0.4820718765258789, 0.4832439422607422, 0.48504066467285156, 0.5212907791137695, 0.5398063659667969, 0.5493383407592773, 0.5511350631713867, 0.5511350631713867, 0.5526971817016602, 0.5525407791137695, 0.5523853302001953, 0.5520725250244141, 0.5519161224365234, 0.551213264465332, 0.5505876541137695, 0.5504322052001953, 0.5501976013183594, 0.5498065948486328, 0.5496501922607422, 0.5495719909667969, 0.5494165420532227, 0.5495719909667969, 0.5500411987304688, 0.5504322052001953, 0.5506658554077148, 0.5508222579956055, 0.5509786605834961, 0.5506658554077148, 0.5504322052001953, 0.5501976013183594, 0.5497283935546875, 0.5498847961425781, 0.5498847961425781, 0.55035400390625, 0.5502758026123047, 0.5502758026123047, 0.5501194000244141, 0.5500411987304688, 0.5498847961425781, 0.5497283935546875, 0.5498065948486328, 0.5501194000244141, 0.5498065948486328, 0.5501194000244141, 0.5505104064941406, 0.5507440567016602, 0.5505876541137695, 0.5501194000244141, 0.5497283935546875, 0.5493383407592773, 0.5487909317016602, 0.5484790802001953, 0.5482444763183594, 0.5478534698486328, 0.5474634170532227, 0.5468378067016602, 0.5462913513183594, 0.5457439422607422, 0.5451974868774414, 0.5446500778198242, 0.5441036224365234, 0.5437908172607422, 0.5432443618774414, 0.5427751541137695, 0.54254150390625, 0.5422286987304688, 0.5419940948486328, 0.5416040420532227, 0.5411348342895508, 0.54058837890625, 0.5400409698486328, 0.5395727157592773, 0.5389471054077148, 0.5384788513183594, 0.5380878448486328, 0.5374631881713867, 0.5372285842895508, 0.5368375778198242, 0.5362129211425781, 0.5359001159667969, 0.5353536605834961, 0.5348844528198242, 0.5344161987304688, 0.5338687896728516, 0.5334005355834961, 0.5328540802001953, 0.5323066711425781, 0.5319156646728516, 0.5313692092895508, 0.5312910079956055, 0.53082275390625, 0.5304317474365234, 0.5300407409667969, 0.5294160842895508, 0.5289478302001953, 0.5284004211425781, 0.5280876159667969, 0.527775764465332, 0.5273847579956055, 0.5272283554077148, 0.52691650390625, 0.5264472961425781, 0.5262126922607422, 0.5263690948486328, 0.5261344909667969]], 'time_arrays': [[0.0, 0.25, 0.5, 0.75, 1.0, 1.25, 1.5, 1.75, 2.0, 2.25, 2.5, 2.75, 3.0, 3.25, 3.5, 3.75, 4.0, 4.25, 4.5, 4.75, 5.0, 5.25, 5.5, 5.75, 6.0, 6.25, 6.5, 6.75, 7.0, 7.25, 7.5, 7.75, 8.0, 8.25, 8.5, 8.75, 9.0, 9.25, 9.5, 9.75, 10.0, 10.25, 10.5, 10.75, 11.0, 11.25, 11.5, 11.75, 12.0, 12.25, 12.5, 12.75, 13.0, 13.25, 13.5, 13.75, 14.0, 14.25, 14.5, 14.75, 15.0, 15.25, 15.5, 15.75, 16.0, 16.25, 16.5, 16.75, 17.0, 17.25, 17.5, 17.75, 18.0, 18.25, 18.5, 18.75, 19.0, 19.25, 19.5, 19.75, 20.0, 20.25, 20.5, 20.75, 21.0, 21.25, 21.5, 21.75, 22.0, 22.25, 22.5, 22.75, 23.0, 23.25, 23.5, 23.75, 24.0, 24.25, 24.5, 24.75, 25.0, 25.25, 25.5, 25.75, 26.0, 26.25, 26.5, 26.75, 27.0, 27.25, 27.5, 27.75, 28.0, 28.25, 28.5, 28.75, 29.0, 29.25, 29.5, 29.75, 30.0]], 'freq_arrays': [], 'zre_arrays': [], 'zim_arrays': [], 'aux_input_arrays': [], 'peaks': [], 'eis_fit': []} 

2024-05-27 13:17:19,051 - INFO -run_logger.palmsens_driver 
 	 Data received: {'index': 1, 'frequency': [100000.0], 'zre': [216999.09849558576], 'zim': [-37514.240745023046]} 

2024-05-27 13:17:20,274 - INFO -run_logger.palmsens_driver 
 	 Data received: {'index': 2, 'frequency': [79432.8203125], 'zre': [24026.77811457316], 'zim': [54807.984589092885]} 

2024-05-27 13:17:21,526 - INFO -run_logger.palmsens_driver 
 	 Data received: {'index': 3, 'frequency': [63095.734375], 'zre': [-33024.99454582975], 'zim': [104809.9961501783]} 

2024-05-27 13:17:22,780 - INFO -run_logger.palmsens_driver 
 	 Data received: {'index': 4, 'frequency': [50118.72265625], 'zre': [5210.037321726207], 'zim': [-59514.66964664583]} 

2024-05-27 13:17:24,037 - INFO -run_logger.palmsens_driver 
 	 Data received: {'index': 5, 'frequency': [39810.71875], 'zre': [-71606.92906056729], 'zim': [-66257.40052901644]} 

2024-05-27 13:17:25,285 - INFO -run_logger.palmsens_driver 
 	 Data received: {'index': 6, 'frequency': [31622.77734375], 'zre': [-28515.518371884315], 'zim': [-71215.05342212565]} 

2024-05-27 13:17:26,529 - INFO -run_logger.palmsens_driver 
 	 Data received: {'index': 7, 'frequency': [25118.865234375], 'zre': [-221010.5042401665], 'zim': [-182566.92306474037]} 

2024-05-27 13:17:27,785 - INFO -run_logger.palmsens_driver 
 	 Data received: {'index': 8, 'frequency': [19952.623046875], 'zre': [-83105.49285657241], 'zim': [-49057.86930290211]} 

2024-05-27 13:17:29,025 - INFO -run_logger.palmsens_driver 
 	 Data received: {'index': 9, 'frequency': [15848.931640625], 'zre': [-523394.0424424833], 'zim': [-351470.3307196568]} 

2024-05-27 13:17:30,248 - INFO -run_logger.palmsens_driver 
 	 Data received: {'index': 10, 'frequency': [12589.25390625], 'zre': [39858.93339077331], 'zim': [142126.53793695907]} 

2024-05-27 13:17:31,470 - INFO -run_logger.palmsens_driver 
 	 Data received: {'index': 11, 'frequency': [10000.0], 'zre': [-61680.15872869096], 'zim': [-33390.288839925284]} 

2024-05-27 13:17:32,703 - INFO -run_logger.palmsens_driver 
 	 Data received: {'index': 12, 'frequency': [7943.2822265625], 'zre': [137543.48585516182], 'zim': [-13670.402991892679]} 

2024-05-27 13:17:33,952 - INFO -run_logger.palmsens_driver 
 	 Data received: {'index': 13, 'frequency': [6309.5732421875], 'zre': [-145882.41670507973], 'zim': [149335.37754674922]} 

2024-05-27 13:17:35,159 - INFO -run_logger.palmsens_driver 
 	 Data received: {'index': 14, 'frequency': [5011.87255859375], 'zre': [-856948.2260522099], 'zim': [-57024.75426709134]} 

2024-05-27 13:17:36,387 - INFO -run_logger.palmsens_driver 
 	 Data received: {'index': 15, 'frequency': [3981.07177734375], 'zre': [239390.87656965366], 'zim': [24448.8059879278]} 

2024-05-27 13:17:37,585 - INFO -run_logger.palmsens_driver 
 	 Data received: {'index': 16, 'frequency': [3162.277587890625], 'zre': [99540.20204989528], 'zim': [130147.1839265667]} 

2024-05-27 13:17:38,820 - INFO -run_logger.palmsens_driver 
 	 Data received: {'index': 17, 'frequency': [2511.886474609375], 'zre': [257804.04567949782], 'zim': [-610446.4840731873]} 

2024-05-27 13:17:40,051 - INFO -run_logger.palmsens_driver 
 	 Data received: {'index': 18, 'frequency': [1995.2623291015625], 'zre': [82806.65876939877], 'zim': [142079.96927341842]} 

2024-05-27 13:17:41,280 - INFO -run_logger.palmsens_driver 
 	 Data received: {'index': 19, 'frequency': [1584.8931884765625], 'zre': [193352.1688700378], 'zim': [-219055.54223864115]} 

2024-05-27 13:17:42,464 - INFO -run_logger.palmsens_driver 
 	 Data received: {'index': 20, 'frequency': [1258.9254150390625], 'zre': [112109.07310167424], 'zim': [115622.91568597576]} 

2024-05-27 13:17:43,658 - INFO -run_logger.palmsens_driver 
 	 Data received: {'index': 21, 'frequency': [1000.0], 'zre': [16029.45301370212], 'zim': [-142505.08492947288]} 

2024-05-27 13:17:44,888 - INFO -run_logger.palmsens_driver 
 	 Data received: {'index': 22, 'frequency': [794.3282470703125], 'zre': [-122280.22796503639], 'zim': [223199.97636144975]} 

2024-05-27 13:17:46,031 - INFO -run_logger.palmsens_driver 
 	 Data received: {'index': 23, 'frequency': [630.9573364257812], 'zre': [-681991.07983253], 'zim': [190268.92515683622]} 

2024-05-27 13:17:47,303 - INFO -run_logger.palmsens_driver 
 	 Data received: {'index': 24, 'frequency': [501.1872253417969], 'zre': [3040258.8617104287], 'zim': [10167461.470396312]} 

2024-05-27 13:17:48,752 - INFO -run_logger.palmsens_driver 
 	 Data received: {'index': 25, 'frequency': [398.107177734375], 'zre': [14927425.056666711], 'zim': [84081.72428760427]} 

2024-05-27 13:17:50,452 - INFO -run_logger.palmsens_driver 
 	 Data received: {'index': 26, 'frequency': [316.2277526855469], 'zre': [916632.176652877], 'zim': [-4303281.950672202]} 

2024-05-27 13:17:52,332 - INFO -run_logger.palmsens_driver 
 	 Data received: {'index': 27, 'frequency': [251.1886444091797], 'zre': [3363242.205299443], 'zim': [2564562.0642672633]} 

2024-05-27 13:17:54,245 - INFO -run_logger.palmsens_driver 
 	 Data received: {'index': 28, 'frequency': [199.52622985839844], 'zre': [-1402131.920821492], 'zim': [-2542670.6513677817]} 

2024-05-27 13:17:56,172 - INFO -run_logger.palmsens_driver 
 	 Data received: {'index': 29, 'frequency': [158.48931884765625], 'zre': [17967490.76943775], 'zim': [-12289888.520862466]} 

2024-05-27 13:17:58,032 - INFO -run_logger.palmsens_driver 
 	 Data received: {'index': 30, 'frequency': [125.89253997802734], 'zre': [-1433267.4734858896], 'zim': [-1038143.8000012735]} 

2024-05-27 13:17:59,963 - INFO -run_logger.palmsens_driver 
 	 Data received: {'index': 31, 'frequency': [100.0], 'zre': [3183119.581195758], 'zim': [892933.8860425]} 

2024-05-27 13:18:01,916 - INFO -run_logger.palmsens_driver 
 	 Data received: {'index': 32, 'frequency': [79.43282318115234], 'zre': [175813782.94082138], 'zim': [119205330.78843577]} 

2024-05-27 13:18:03,890 - INFO -run_logger.palmsens_driver 
 	 Data received: {'index': 33, 'frequency': [63.095733642578125], 'zre': [19052211.398027234], 'zim': [363123886.3182043]} 

2024-05-27 13:18:05,846 - INFO -run_logger.palmsens_driver 
 	 Data received: {'index': 34, 'frequency': [50.11872482299805], 'zre': [-135465126.53522477], 'zim': [368525896.2094889]} 

2024-05-27 13:18:07,789 - INFO -run_logger.palmsens_driver 
 	 Data received: {'index': 35, 'frequency': [39.81071853637695], 'zre': [1281627484.6145883], 'zim': [749891221.4625573]} 

2024-05-27 13:18:09,753 - INFO -run_logger.palmsens_driver 
 	 Data received: {'index': 36, 'frequency': [31.62277603149414], 'zre': [148509088.54034737], 'zim': [299148824.9512378]} 

