2024-05-02 14:59:37,858 - INFO -run_logger.palmsens_driver 
 	 Successfully connected to PalmSens4 [1]. 

2024-05-02 14:59:41,930 - INFO -run_logger.palmsens_driver 
 	 Data received: {'index': 1, 'frequency': [100000.0], 'zre': [-31.873721208843016], 'zim': [-2369.76216353225]} 

2024-05-02 14:59:43,162 - INFO -run_logger.palmsens_driver 
 	 Data received: {'index': 2, 'frequency': [97716.0], 'zre': [155.70433660132664], 'zim': [-2411.359902887969]} 

2024-05-02 14:59:44,415 - INFO -run_logger.palmsens_driver 
 	 Data received: {'index': 3, 'frequency': [95484.1640625], 'zre': [131.96094456738635], 'zim': [-2462.4419003656035]} 

2024-05-02 14:59:45,671 - INFO -run_logger.palmsens_driver 
 	 Data received: {'index': 4, 'frequency': [93303.296875], 'zre': [769.6045881471362], 'zim': [-1982.0474242398182]} 

2024-05-02 14:59:46,884 - INFO -run_logger.palmsens_driver 
 	 Data received: {'index': 5, 'frequency': [91172.25], 'zre': [-1626.8221339263794], 'zim': [-1526.788997722951]} 

2024-05-02 14:59:48,144 - INFO -run_logger.palmsens_driver 
 	 Data received: {'index': 6, 'frequency': [89089.875], 'zre': [604.0003859271562], 'zim': [-2466.5334825043983]} 

2024-05-02 14:59:49,357 - INFO -run_logger.palmsens_driver 
 	 Data received: {'index': 7, 'frequency': [87055.0546875], 'zre': [538.0960938180909], 'zim': [-2616.220491330338]} 

2024-05-02 14:59:50,578 - INFO -run_logger.palmsens_driver 
 	 Data received: {'index': 8, 'frequency': [85066.71875], 'zre': [373.8621658792332], 'zim': [-2527.2037703861865]} 

2024-05-02 14:59:51,825 - INFO -run_logger.palmsens_driver 
 	 Data received: {'index': 9, 'frequency': [83123.7890625], 'zre': [1081.5219976674887], 'zim': [-1730.569766267573]} 

2024-05-02 14:59:53,061 - INFO -run_logger.palmsens_driver 
 	 Data received: {'index': 10, 'frequency': [81225.2421875], 'zre': [1070.8286114262567], 'zim': [-2406.692203682717]} 

2024-05-02 14:59:54,309 - INFO -run_logger.palmsens_driver 
 	 Data received: {'index': 11, 'frequency': [79370.0546875], 'zre': [1107.7831735196496], 'zim': [-2583.039853379499]} 

2024-05-02 14:59:55,562 - INFO -run_logger.palmsens_driver 
 	 Data received: {'index': 12, 'frequency': [77557.234375], 'zre': [834.7490894330421], 'zim': [-2288.891095633685]} 

2024-05-02 14:59:56,799 - INFO -run_logger.palmsens_driver 
 	 Data received: {'index': 13, 'frequency': [75785.828125], 'zre': [-776.7626125310206], 'zim': [-1716.9094826322948]} 

2024-05-02 14:59:58,024 - INFO -run_logger.palmsens_driver 
 	 Data received: {'index': 14, 'frequency': [74054.875], 'zre': [1811.393516164377], 'zim': [-2587.7277132011236]} 

2024-05-02 14:59:59,281 - INFO -run_logger.palmsens_driver 
 	 Data received: {'index': 15, 'frequency': [72363.4609375], 'zre': [874.150971923739], 'zim': [-2018.2079008626088]} 

2024-05-02 15:00:00,536 - INFO -run_logger.palmsens_driver 
 	 Data received: {'index': 16, 'frequency': [70710.6796875], 'zre': [234.01782217622352], 'zim': [-1881.4606934967853]} 

2024-05-02 15:00:01,787 - INFO -run_logger.palmsens_driver 
 	 Data received: {'index': 17, 'frequency': [69095.640625], 'zre': [1536.580760501213], 'zim': [-2019.8198250201463]} 

2024-05-02 15:00:03,040 - INFO -run_logger.palmsens_driver 
 	 Data received: {'index': 18, 'frequency': [67517.5], 'zre': [1057.8673524214846], 'zim': [-2536.8831001990307]} 

2024-05-02 15:00:04,292 - INFO -run_logger.palmsens_driver 
 	 Data received: {'index': 19, 'frequency': [65975.3984375], 'zre': [802.7317855987449], 'zim': [-2201.46343901554]} 

2024-05-02 15:00:05,545 - INFO -run_logger.palmsens_driver 
 	 Data received: {'index': 20, 'frequency': [64468.515625], 'zre': [1414.521585915324], 'zim': [-2409.9263687740518]} 

2024-05-02 15:00:06,803 - INFO -run_logger.palmsens_driver 
 	 Data received: {'index': 21, 'frequency': [62996.05078125], 'zre': [2350.258893033403], 'zim': [-1411.4233337768399]} 

2024-05-02 15:00:08,054 - INFO -run_logger.palmsens_driver 
 	 Data received: {'index': 22, 'frequency': [61557.21875], 'zre': [-3944.8585454796107], 'zim': [-3695.141773573554]} 

2024-05-02 15:00:09,269 - INFO -run_logger.palmsens_driver 
 	 Data received: {'index': 23, 'frequency': [60151.25], 'zre': [962.0994285904005], 'zim': [-2109.8573279882557]} 

2024-05-02 15:00:10,488 - INFO -run_logger.palmsens_driver 
 	 Data received: {'index': 24, 'frequency': [58777.39453125], 'zre': [2222.5361802118064], 'zim': [-1762.7686534275292]} 

2024-05-02 15:00:11,711 - INFO -run_logger.palmsens_driver 
 	 Data received: {'index': 25, 'frequency': [57434.91796875], 'zre': [1648.1969124990776], 'zim': [-2187.173399124675]} 

2024-05-02 15:00:12,925 - INFO -run_logger.palmsens_driver 
 	 Data received: {'index': 26, 'frequency': [56123.1015625], 'zre': [1891.7035721120253], 'zim': [-1906.6847706079038]} 

2024-05-02 15:00:14,140 - INFO -run_logger.palmsens_driver 
 	 Data received: {'index': 27, 'frequency': [54841.25], 'zre': [2439.8369655216297], 'zim': [-1774.1544211606174]} 

2024-05-02 15:00:15,361 - INFO -run_logger.palmsens_driver 
 	 Data received: {'index': 28, 'frequency': [53588.671875], 'zre': [1943.4631400145406], 'zim': [-1769.0272669038181]} 

2024-05-02 15:00:16,617 - INFO -run_logger.palmsens_driver 
 	 Data received: {'index': 29, 'frequency': [52364.70703125], 'zre': [1872.2677457961638], 'zim': [510.8320550941172]} 

2024-05-02 15:00:17,874 - INFO -run_logger.palmsens_driver 
 	 Data received: {'index': 30, 'frequency': [51168.6953125], 'zre': [-4256.051718170009], 'zim': [305.7843104799446]} 

2024-05-02 15:00:19,088 - INFO -run_logger.palmsens_driver 
 	 Data received: {'index': 31, 'frequency': [50000.0], 'zre': [2465.7434405402432], 'zim': [-619.169481626346]} 

2024-05-02 15:00:19,149 - INFO -run_logger.palmsens_driver 
 	 result:
{'Title': 'Galvanostatic Impedance Spectroscopy', 'timestamp': '02/05/2024 14:59:39', 'current_arrays': [[0.5, 0.5, 0.5, 0.5, 0.5, 0.5, 0.5, 0.5, 0.5, 0.5, 0.5, 0.5, 0.5, 0.5, 0.5, 0.5, 0.5, 0.5, 0.5, 0.5, 0.5, 0.5, 0.5, 0.5, 0.5, 0.5, 0.5, 0.5, 0.5, 0.5, 0.5]], 'potential_arrays': [[0.15714168548583984, 0.15571022033691406, 0.15503597259521484, 0.15514087677001953, 0.15492820739746094, 0.15505027770996094, 0.15504169464111328, 0.15502548217773438, 0.15500545501708984, 0.15504169464111328, 0.1550445556640625, 0.15504074096679688, 0.1550884246826172, 0.1550140380859375, 0.15502166748046875, 0.15498828887939453, 0.1549663543701172, 0.15497207641601562, 0.15495777130126953, 0.15495872497558594, 0.15491962432861328, 0.15499496459960938, 0.15490055084228516, 0.1549396514892578, 0.15488910675048828, 0.15488243103027344, 0.15488338470458984, 0.1548748016357422, 0.15485286712646484, 0.15499305725097656, 0.15482521057128906]], 'time_arrays': [[0.0, 0.0, 0.0, 0.0, 0.0, 0.0, 0.0, 0.0, 0.0, 0.0, 0.0, 0.0, 0.0, 0.0, 0.0, 0.0, 0.0, 0.0, 0.0, 0.0, 0.0, 0.0, 0.0, 0.0, 0.0, 0.0, 0.0, 0.0, 0.0, 0.0, 0.0]], 'freq_arrays': [[100000.0, 97716.0, 95484.1640625, 93303.296875, 91172.25, 89089.875, 87055.0546875, 85066.71875, 83123.7890625, 81225.2421875, 79370.0546875, 77557.234375, 75785.828125, 74054.875, 72363.4609375, 70710.6796875, 69095.640625, 67517.5, 65975.3984375, 64468.515625, 62996.05078125, 61557.21875, 60151.25, 58777.39453125, 57434.91796875, 56123.1015625, 54841.25, 53588.671875, 52364.70703125, 51168.6953125, 50000.0]], 'zre_arrays': [[-31.873721208843016, 155.70433660132664, 131.96094456738635, 769.6045881471362, -1626.8221339263794, 604.0003859271562, 538.0960938180909, 373.8621658792332, 1081.5219976674887, 1070.8286114262567, 1107.7831735196496, 834.7490894330421, -776.7626125310206, 1811.393516164377, 874.150971923739, 234.01782217622352, 1536.580760501213, 1057.8673524214846, 802.7317855987449, 1414.521585915324, 2350.258893033403, -3944.8585454796107, 962.0994285904005, 2222.5361802118064, 1648.1969124990776, 1891.7035721120253, 2439.8369655216297, 1943.4631400145406, 1872.2677457961638, -4256.051718170009, 2465.7434405402432]], 'zim_arrays': [[-2369.76216353225, -2411.359902887969, -2462.4419003656035, -1982.0474242398182, -1526.788997722951, -2466.5334825043983, -2616.220491330338, -2527.2037703861865, -1730.569766267573, -2406.692203682717, -2583.039853379499, -2288.891095633685, -1716.9094826322948, -2587.7277132011236, -2018.2079008626088, -1881.4606934967853, -2019.8198250201463, -2536.8831001990307, -2201.46343901554, -2409.9263687740518, -1411.4233337768399, -3695.141773573554, -2109.8573279882557, -1762.7686534275292, -2187.173399124675, -1906.6847706079038, -1774.1544211606174, -1769.0272669038181, 510.8320550941172, 305.7843104799446, -619.169481626346]], 'aux_input_arrays': [], 'peaks': [], 'eis_fit': []} 

2024-05-02 15:01:09,595 - INFO -run_logger.palmsens_driver 
 	 Data received: {'index': 1, 'frequency': [50000.0], 'zre': [1798.9407904621135], 'zim': [-1866.862135301865]} 

2024-05-02 15:01:10,854 - INFO -run_logger.palmsens_driver 
 	 Data received: {'index': 2, 'frequency': [42884.796875], 'zre': [2490.1762826840336], 'zim': [-49.817439371209616]} 

2024-05-02 15:01:12,080 - INFO -run_logger.palmsens_driver 
 	 Data received: {'index': 3, 'frequency': [36782.11328125], 'zre': [1872.6870782768915], 'zim': [-1709.718865191511]} 

2024-05-02 15:01:13,342 - INFO -run_logger.palmsens_driver 
 	 Data received: {'index': 4, 'frequency': [31547.8671875], 'zre': [2178.396291793608], 'zim': [449.5504425741645]} 

2024-05-02 15:01:14,596 - INFO -run_logger.palmsens_driver 
 	 Data received: {'index': 5, 'frequency': [27058.4765625], 'zre': [2331.276249050431], 'zim': [-1080.021827782652]} 

2024-05-02 15:01:15,853 - INFO -run_logger.palmsens_driver 
 	 Data received: {'index': 6, 'frequency': [23207.943359375], 'zre': [3011.8571043374045], 'zim': [307.8582537799432]} 

2024-05-02 15:01:17,110 - INFO -run_logger.palmsens_driver 
 	 Data received: {'index': 7, 'frequency': [19905.359375], 'zre': [2538.102927394618], 'zim': [362.6486301296312]} 

2024-05-02 15:01:18,331 - INFO -run_logger.palmsens_driver 
 	 Data received: {'index': 8, 'frequency': [17072.744140625], 'zre': [-2168.699118179144], 'zim': [-2017.6481128133391]} 

2024-05-02 15:01:19,571 - INFO -run_logger.palmsens_driver 
 	 Data received: {'index': 9, 'frequency': [14643.22265625], 'zre': [1918.3762286575632], 'zim': [1272.1451259573673]} 

2024-05-02 15:01:20,832 - INFO -run_logger.palmsens_driver 
 	 Data received: {'index': 10, 'frequency': [12559.4326171875], 'zre': [3332.3411201218287], 'zim': [969.3955992766021]} 

2024-05-02 15:01:22,087 - INFO -run_logger.palmsens_driver 
 	 Data received: {'index': 11, 'frequency': [10772.173828125], 'zre': [2119.9155725169294], 'zim': [1384.7589727548147]} 

2024-05-02 15:01:23,348 - INFO -run_logger.palmsens_driver 
 	 Data received: {'index': 12, 'frequency': [9239.2490234375], 'zre': [2756.484114340916], 'zim': [1244.4698521251073]} 

2024-05-02 15:01:24,568 - INFO -run_logger.palmsens_driver 
 	 Data received: {'index': 13, 'frequency': [7924.4658203125], 'zre': [1777.502057360529], 'zim': [1940.7437943322125]} 

2024-05-02 15:01:25,830 - INFO -run_logger.palmsens_driver 
 	 Data received: {'index': 14, 'frequency': [6796.78173828125], 'zre': [726.4119275811555], 'zim': [1295.6869100613776]} 

2024-05-02 15:01:27,089 - INFO -run_logger.palmsens_driver 
 	 Data received: {'index': 15, 'frequency': [5829.57177734375], 'zre': [3238.942746662381], 'zim': [2056.629703616023]} 

2024-05-02 15:01:28,315 - INFO -run_logger.palmsens_driver 
 	 Data received: {'index': 16, 'frequency': [5000.0], 'zre': [492.37188057659205], 'zim': [1391.2155365746864]} 

2024-05-02 15:01:29,528 - INFO -run_logger.palmsens_driver 
 	 Data received: {'index': 17, 'frequency': [4288.4794921875], 'zre': [1639.1544815713673], 'zim': [1439.2606367667088]} 

2024-05-02 15:01:30,755 - INFO -run_logger.palmsens_driver 
 	 Data received: {'index': 18, 'frequency': [3678.211181640625], 'zre': [1829.2548014595664], 'zim': [1570.195709659527]} 

2024-05-02 15:01:31,991 - INFO -run_logger.palmsens_driver 
 	 Data received: {'index': 19, 'frequency': [3154.78662109375], 'zre': [915.734689089462], 'zim': [2673.3954043142576]} 

2024-05-02 15:01:33,268 - INFO -run_logger.palmsens_driver 
 	 Data received: {'index': 20, 'frequency': [2705.84765625], 'zre': [-750.5843271128266], 'zim': [-732.8946124277508]} 

2024-05-02 15:01:34,525 - INFO -run_logger.palmsens_driver 
 	 Data received: {'index': 21, 'frequency': [2320.79443359375], 'zre': [-1125.7187800048853], 'zim': [2499.026791147482]} 

2024-05-02 15:01:35,755 - INFO -run_logger.palmsens_driver 
 	 Data received: {'index': 22, 'frequency': [1990.535888671875], 'zre': [-3043.5854224749787], 'zim': [4467.437951666755]} 

2024-05-02 15:01:36,967 - INFO -run_logger.palmsens_driver 
 	 Data received: {'index': 23, 'frequency': [1707.2744140625], 'zre': [-1901.8096497007887], 'zim': [1736.037502658809]} 

2024-05-02 15:01:38,171 - INFO -run_logger.palmsens_driver 
 	 Data received: {'index': 24, 'frequency': [1464.322265625], 'zre': [7292.609989907212], 'zim': [17614.122001414737]} 

2024-05-02 15:01:39,385 - INFO -run_logger.palmsens_driver 
 	 Data received: {'index': 25, 'frequency': [1255.9432373046875], 'zre': [65.45327594453806], 'zim': [887.266937886628]} 

2024-05-02 15:01:40,591 - INFO -run_logger.palmsens_driver 
 	 Data received: {'index': 26, 'frequency': [1077.21728515625], 'zre': [3629.747827012448], 'zim': [-2434.308235468496]} 

2024-05-02 15:01:41,831 - INFO -run_logger.palmsens_driver 
 	 Data received: {'index': 27, 'frequency': [923.9249267578125], 'zre': [2749.039394029399], 'zim': [3997.6581177220996]} 

2024-05-02 15:01:43,051 - INFO -run_logger.palmsens_driver 
 	 Data received: {'index': 28, 'frequency': [792.4465942382812], 'zre': [3312.814328519779], 'zim': [4329.708280668443]} 

2024-05-02 15:01:44,267 - INFO -run_logger.palmsens_driver 
 	 Data received: {'index': 29, 'frequency': [679.67822265625], 'zre': [3976.726739347159], 'zim': [4801.128794517216]} 

2024-05-02 15:01:45,476 - INFO -run_logger.palmsens_driver 
 	 Data received: {'index': 30, 'frequency': [582.9572143554688], 'zre': [4742.19580672106], 'zim': [4882.295119154576]} 

2024-05-02 15:01:46,806 - INFO -run_logger.palmsens_driver 
 	 Data received: {'index': 31, 'frequency': [500.0], 'zre': [5382.453738911372], 'zim': [5000.74439996536]} 

2024-05-02 15:01:46,842 - INFO -run_logger.palmsens_driver 
 	 result:
{'Title': 'Galvanostatic Impedance Spectroscopy', 'timestamp': '02/05/2024 15:01:07', 'current_arrays': [[0.5, 0.5, 0.5, 0.5, 0.5, 0.5, 0.5, 0.5, 0.5, 0.5, 0.5, 0.5, 0.5, 0.5, 0.5, 0.5, 0.5, 0.5, 0.5, 0.5, 0.5, 0.5, 0.5, 0.5, 0.5, 0.5, 0.5, 0.5, 0.5, 0.5, 0.5]], 'potential_arrays': [[0.15698814392089844, 0.15553569793701172, 0.15521526336669922, 0.15506649017333984, 0.1551351547241211, 0.15499305725097656, 0.15496540069580078, 0.15471744537353516, 0.1549386978149414, 0.15493106842041016, 0.1549234390258789, 0.1548299789428711, 0.15476512908935547, 0.15470123291015625, 0.15485668182373047, 0.15487098693847656, 0.1546621322631836, 0.1546773910522461, 0.1546611785888672, 0.15462493896484375, 0.15457916259765625, 0.1545267105102539, 0.1547393798828125, 0.1542367935180664, 0.15427303314208984, 0.15446758270263672, 0.05284690856933594, 0.052847862243652344, 0.05285930633544922, 0.05286121368408203, 0.052852630615234375]], 'time_arrays': [[0.0, 0.0, 0.0, 0.0, 0.0, 0.0, 0.0, 0.0, 0.0, 0.0, 0.0, 0.0, 0.0, 0.0, 0.0, 0.0, 0.0, 0.0, 0.0, 0.0, 0.0, 0.0, 0.0, 0.0, 0.0, 0.0, 0.0, 0.0, 0.0, 0.0, 0.0]], 'freq_arrays': [[50000.0, 42884.796875, 36782.11328125, 31547.8671875, 27058.4765625, 23207.943359375, 19905.359375, 17072.744140625, 14643.22265625, 12559.4326171875, 10772.173828125, 9239.2490234375, 7924.4658203125, 6796.78173828125, 5829.57177734375, 5000.0, 4288.4794921875, 3678.211181640625, 3154.78662109375, 2705.84765625, 2320.79443359375, 1990.535888671875, 1707.2744140625, 1464.322265625, 1255.9432373046875, 1077.21728515625, 923.9249267578125, 792.4465942382812, 679.67822265625, 582.9572143554688, 500.0]], 'zre_arrays': [[1798.9407904621135, 2490.1762826840336, 1872.6870782768915, 2178.396291793608, 2331.276249050431, 3011.8571043374045, 2538.102927394618, -2168.699118179144, 1918.3762286575632, 3332.3411201218287, 2119.9155725169294, 2756.484114340916, 1777.502057360529, 726.4119275811555, 3238.942746662381, 492.37188057659205, 1639.1544815713673, 1829.2548014595664, 915.734689089462, -750.5843271128266, -1125.7187800048853, -3043.5854224749787, -1901.8096497007887, 7292.609989907212, 65.45327594453806, 3629.747827012448, 2749.039394029399, 3312.814328519779, 3976.726739347159, 4742.19580672106, 5382.453738911372]], 'zim_arrays': [[-1866.862135301865, -49.817439371209616, -1709.718865191511, 449.5504425741645, -1080.021827782652, 307.8582537799432, 362.6486301296312, -2017.6481128133391, 1272.1451259573673, 969.3955992766021, 1384.7589727548147, 1244.4698521251073, 1940.7437943322125, 1295.6869100613776, 2056.629703616023, 1391.2155365746864, 1439.2606367667088, 1570.195709659527, 2673.3954043142576, -732.8946124277508, 2499.026791147482, 4467.437951666755, 1736.037502658809, 17614.122001414737, 887.266937886628, -2434.308235468496, 3997.6581177220996, 4329.708280668443, 4801.128794517216, 4882.295119154576, 5000.74439996536]], 'aux_input_arrays': [], 'peaks': [], 'eis_fit': []} 

2024-05-02 15:01:57,647 - INFO -run_logger.palmsens_driver 
 	 Data received: {'index': 1, 'frequency': [50000.0], 'zre': [-8128.9302760119135], 'zim': [-13348.13789976619]} 

2024-05-02 15:01:58,905 - INFO -run_logger.palmsens_driver 
 	 Data received: {'index': 2, 'frequency': [42884.796875], 'zre': [2572.331290170589], 'zim': [8348.957494075006]} 

2024-05-02 15:02:00,123 - INFO -run_logger.palmsens_driver 
 	 Data received: {'index': 3, 'frequency': [36782.11328125], 'zre': [81.07244528923438], 'zim': [101.24701707415966]} 

2024-05-02 15:02:01,351 - INFO -run_logger.palmsens_driver 
 	 Data received: {'index': 4, 'frequency': [31547.8671875], 'zre': [94.15084190762292], 'zim': [147.99693005435415]} 

2024-05-02 15:02:02,581 - INFO -run_logger.palmsens_driver 
 	 Data received: {'index': 5, 'frequency': [27058.4765625], 'zre': [38.929248339000864], 'zim': [3435.081346418029]} 

2024-05-02 15:02:03,835 - INFO -run_logger.palmsens_driver 
 	 Data received: {'index': 6, 'frequency': [23207.943359375], 'zre': [8688.47957706728], 'zim': [-103.75631608403798]} 

2024-05-02 15:02:05,090 - INFO -run_logger.palmsens_driver 
 	 Data received: {'index': 7, 'frequency': [19905.359375], 'zre': [10403.565759300722], 'zim': [-4722.161283602929]} 

2024-05-02 15:02:06,317 - INFO -run_logger.palmsens_driver 
 	 Data received: {'index': 8, 'frequency': [17072.744140625], 'zre': [-5340.704976551028], 'zim': [5706.478267821641]} 

2024-05-02 15:02:07,582 - INFO -run_logger.palmsens_driver 
 	 Data received: {'index': 9, 'frequency': [14643.22265625], 'zre': [3321.5313936903926], 'zim': [2526.4457479626967]} 

2024-05-02 15:02:08,842 - INFO -run_logger.palmsens_driver 
 	 Data received: {'index': 10, 'frequency': [12559.4326171875], 'zre': [-27165.388395332135], 'zim': [-1573.8165268147468]} 

2024-05-02 15:02:10,104 - INFO -run_logger.palmsens_driver 
 	 Data received: {'index': 11, 'frequency': [10772.173828125], 'zre': [-4776.745598933178], 'zim': [2710.1651046648985]} 

2024-05-02 15:02:11,368 - INFO -run_logger.palmsens_driver 
 	 Data received: {'index': 12, 'frequency': [9239.2490234375], 'zre': [17275.561315950377], 'zim': [19743.44053572464]} 

2024-05-02 15:02:12,624 - INFO -run_logger.palmsens_driver 
 	 Data received: {'index': 13, 'frequency': [7924.4658203125], 'zre': [1246.4845483646504], 'zim': [-4402.151272724243]} 

2024-05-02 15:02:13,853 - INFO -run_logger.palmsens_driver 
 	 Data received: {'index': 14, 'frequency': [6796.78173828125], 'zre': [-5123.94574693851], 'zim': [2102.0193638831265]} 

2024-05-02 15:02:15,073 - INFO -run_logger.palmsens_driver 
 	 Data received: {'index': 15, 'frequency': [5829.57177734375], 'zre': [17255.4775260592], 'zim': [-4464.115532652052]} 

2024-05-02 15:02:16,333 - INFO -run_logger.palmsens_driver 
 	 Data received: {'index': 16, 'frequency': [5000.0], 'zre': [-6221.100121960589], 'zim': [6746.318578649316]} 

2024-05-02 15:02:17,584 - INFO -run_logger.palmsens_driver 
 	 Data received: {'index': 17, 'frequency': [4288.4794921875], 'zre': [14771.751736532931], 'zim': [17780.060640738215]} 

2024-05-02 15:02:18,834 - INFO -run_logger.palmsens_driver 
 	 Data received: {'index': 18, 'frequency': [3678.211181640625], 'zre': [5942.973061590576], 'zim': [9837.468315526696]} 

2024-05-02 15:02:20,086 - INFO -run_logger.palmsens_driver 
 	 Data received: {'index': 19, 'frequency': [3154.78662109375], 'zre': [14488.543751482584], 'zim': [14472.831917397361]} 

2024-05-02 15:02:21,339 - INFO -run_logger.palmsens_driver 
 	 Data received: {'index': 20, 'frequency': [2705.84765625], 'zre': [-8865.596085087986], 'zim': [-25464.292494848105]} 

2024-05-02 15:02:22,591 - INFO -run_logger.palmsens_driver 
 	 Data received: {'index': 21, 'frequency': [2320.79443359375], 'zre': [-9245.450008834792], 'zim': [-7632.902172106505]} 

2024-05-02 15:02:23,803 - INFO -run_logger.palmsens_driver 
 	 Data received: {'index': 22, 'frequency': [1990.535888671875], 'zre': [-91.83147694148388], 'zim': [29705.237821274]} 

2024-05-02 15:02:25,011 - INFO -run_logger.palmsens_driver 
 	 Data received: {'index': 23, 'frequency': [1707.2744140625], 'zre': [-11650.815052836673], 'zim': [-10872.827886278936]} 

2024-05-02 15:02:26,224 - INFO -run_logger.palmsens_driver 
 	 Data received: {'index': 24, 'frequency': [1464.322265625], 'zre': [-1259.0625194132406], 'zim': [2702.388481530655]} 

2024-05-02 15:02:27,417 - INFO -run_logger.palmsens_driver 
 	 Data received: {'index': 25, 'frequency': [1255.9432373046875], 'zre': [10079.543919302781], 'zim': [4197.126630742356]} 

2024-05-02 15:02:28,625 - INFO -run_logger.palmsens_driver 
 	 Data received: {'index': 26, 'frequency': [1077.21728515625], 'zre': [-2100.704300591157], 'zim': [2369.5992648341007]} 

2024-05-02 15:02:29,893 - INFO -run_logger.palmsens_driver 
 	 Data received: {'index': 27, 'frequency': [923.9249267578125], 'zre': [1747.8970334309686], 'zim': [-1293.629741641477]} 

2024-05-02 15:02:31,112 - INFO -run_logger.palmsens_driver 
 	 Data received: {'index': 28, 'frequency': [792.4465942382812], 'zre': [1351.8694571816666], 'zim': [-4873.411637569585]} 

2024-05-02 15:02:32,348 - INFO -run_logger.palmsens_driver 
 	 Data received: {'index': 29, 'frequency': [679.67822265625], 'zre': [4320.65060014879], 'zim': [-2715.292289566638]} 

2024-05-02 15:02:33,554 - INFO -run_logger.palmsens_driver 
 	 Data received: {'index': 30, 'frequency': [582.9572143554688], 'zre': [-96.29582793595242], 'zim': [3913.535294908858]} 

2024-05-02 15:02:34,855 - INFO -run_logger.palmsens_driver 
 	 Data received: {'index': 31, 'frequency': [500.0], 'zre': [5519.641266170796], 'zim': [5087.877878585595]} 

2024-05-02 15:02:34,889 - INFO -run_logger.palmsens_driver 
 	 result:
{'Title': 'Galvanostatic Impedance Spectroscopy', 'timestamp': '02/05/2024 15:01:55', 'current_arrays': [[1.0, 1.0, 1.0, 1.0, 1.0, 1.0, 1.0, 1.0, 1.0, 1.0, 1.0, 1.0, 1.0, 1.0, 1.0, 1.0, 1.0, 1.0, 1.0, 1.0, 1.0, 1.0, 1.0, 1.0, 1.0, 1.0, 1.0, 1.0, 1.0, 1.0, 1.0]], 'potential_arrays': [[0.015685081481933594, 0.015689849853515625, 0.015682220458984375, 0.01567840576171875, 0.015677452087402344, 0.01570415496826172, 0.015732765197753906, 0.015672683715820312, 0.015685081481933594, 0.015558242797851562, 0.015662193298339844, 0.016427040100097656, 0.01570415496826172, 0.01566791534423828, 0.015656471252441406, 0.01570415496826172, 0.01575469970703125, 0.015809059143066406, 0.015532493591308594, 0.015570640563964844, 0.015680313110351562, 0.015668869018554688, 0.016266822814941406, 0.015651702880859375, 0.015822410583496094, 0.015646934509277344, 0.011555671691894531, 0.01161956787109375, 0.011587142944335938, 0.011674880981445312, 0.011580467224121094]], 'time_arrays': [[0.0, 0.0, 0.0, 0.0, 0.0, 0.0, 0.0, 0.0, 0.0, 0.0, 0.0, 0.0, 0.0, 0.0, 0.0, 0.0, 0.0, 0.0, 0.0, 0.0, 0.0, 0.0, 0.0, 0.0, 0.0, 0.0, 0.0, 0.0, 0.0, 0.0, 0.0]], 'freq_arrays': [[50000.0, 42884.796875, 36782.11328125, 31547.8671875, 27058.4765625, 23207.943359375, 19905.359375, 17072.744140625, 14643.22265625, 12559.4326171875, 10772.173828125, 9239.2490234375, 7924.4658203125, 6796.78173828125, 5829.57177734375, 5000.0, 4288.4794921875, 3678.211181640625, 3154.78662109375, 2705.84765625, 2320.79443359375, 1990.535888671875, 1707.2744140625, 1464.322265625, 1255.9432373046875, 1077.21728515625, 923.9249267578125, 792.4465942382812, 679.67822265625, 582.9572143554688, 500.0]], 'zre_arrays': [[-8128.9302760119135, 2572.331290170589, 81.07244528923438, 94.15084190762292, 38.929248339000864, 8688.47957706728, 10403.565759300722, -5340.704976551028, 3321.5313936903926, -27165.388395332135, -4776.745598933178, 17275.561315950377, 1246.4845483646504, -5123.94574693851, 17255.4775260592, -6221.100121960589, 14771.751736532931, 5942.973061590576, 14488.543751482584, -8865.596085087986, -9245.450008834792, -91.83147694148388, -11650.815052836673, -1259.0625194132406, 10079.543919302781, -2100.704300591157, 1747.8970334309686, 1351.8694571816666, 4320.65060014879, -96.29582793595242, 5519.641266170796]], 'zim_arrays': [[-13348.13789976619, 8348.957494075006, 101.24701707415966, 147.99693005435415, 3435.081346418029, -103.75631608403798, -4722.161283602929, 5706.478267821641, 2526.4457479626967, -1573.8165268147468, 2710.1651046648985, 19743.44053572464, -4402.151272724243, 2102.0193638831265, -4464.115532652052, 6746.318578649316, 17780.060640738215, 9837.468315526696, 14472.831917397361, -25464.292494848105, -7632.902172106505, 29705.237821274, -10872.827886278936, 2702.388481530655, 4197.126630742356, 2369.5992648341007, -1293.629741641477, -4873.411637569585, -2715.292289566638, 3913.535294908858, 5087.877878585595]], 'aux_input_arrays': [], 'peaks': [], 'eis_fit': []} 

