2024-06-17 13:04:45,405 - INFO -run_logger.palmsens_driver 
 	 Successfully connected to PalmSens4 [1]. 

2024-06-17 13:05:11,406 - INFO -run_logger.palmsens_driver 
 	 Data received: {'index': 1, 'x': [0.0], 'x_unit': 's', 'x_type': 'Time', 'y': [-2.0412187576293945], 'y_unit': 'V', 'y_type': 'Potential'} 

2024-06-17 13:05:11,677 - INFO -run_logger.palmsens_driver 
 	 Data received: {'index': 2, 'x': [0.25], 'x_unit': 's', 'x_type': 'Time', 'y': [-2.0414533615112305], 'y_unit': 'V', 'y_type': 'Potential'} 

2024-06-17 13:05:11,933 - INFO -run_logger.palmsens_driver 
 	 Data received: {'index': 3, 'x': [0.5], 'x_unit': 's', 'x_type': 'Time', 'y': [-2.041375160217285], 'y_unit': 'V', 'y_type': 'Potential'} 

2024-06-17 13:05:12,148 - INFO -run_logger.palmsens_driver 
 	 Data received: {'index': 4, 'x': [0.75], 'x_unit': 's', 'x_type': 'Time', 'y': [-2.041375160217285], 'y_unit': 'V', 'y_type': 'Potential'} 

2024-06-17 13:05:12,422 - INFO -run_logger.palmsens_driver 
 	 Data received: {'index': 5, 'x': [1.0], 'x_unit': 's', 'x_type': 'Time', 'y': [-2.0414533615112305], 'y_unit': 'V', 'y_type': 'Potential'} 

2024-06-17 13:05:12,636 - INFO -run_logger.palmsens_driver 
 	 Data received: {'index': 6, 'x': [1.25], 'x_unit': 's', 'x_type': 'Time', 'y': [-2.04129695892334], 'y_unit': 'V', 'y_type': 'Potential'} 

2024-06-17 13:05:12,928 - INFO -run_logger.palmsens_driver 
 	 Data received: {'index': 7, 'x': [1.5], 'x_unit': 's', 'x_type': 'Time', 'y': [-2.041375160217285], 'y_unit': 'V', 'y_type': 'Potential'} 

2024-06-17 13:05:13,152 - INFO -run_logger.palmsens_driver 
 	 Data received: {'index': 8, 'x': [1.75], 'x_unit': 's', 'x_type': 'Time', 'y': [-2.04129695892334], 'y_unit': 'V', 'y_type': 'Potential'} 

2024-06-17 13:05:13,412 - INFO -run_logger.palmsens_driver 
 	 Data received: {'index': 9, 'x': [2.0], 'x_unit': 's', 'x_type': 'Time', 'y': [-2.04129695892334], 'y_unit': 'V', 'y_type': 'Potential'} 

2024-06-17 13:05:13,670 - INFO -run_logger.palmsens_driver 
 	 Data received: {'index': 10, 'x': [2.25], 'x_unit': 's', 'x_type': 'Time', 'y': [-2.041375160217285], 'y_unit': 'V', 'y_type': 'Potential'} 

2024-06-17 13:05:13,913 - INFO -run_logger.palmsens_driver 
 	 Data received: {'index': 11, 'x': [2.5], 'x_unit': 's', 'x_type': 'Time', 'y': [-2.0412187576293945], 'y_unit': 'V', 'y_type': 'Potential'} 

2024-06-17 13:05:14,143 - INFO -run_logger.palmsens_driver 
 	 Data received: {'index': 12, 'x': [2.75], 'x_unit': 's', 'x_type': 'Time', 'y': [-2.04129695892334], 'y_unit': 'V', 'y_type': 'Potential'} 

2024-06-17 13:05:14,425 - INFO -run_logger.palmsens_driver 
 	 Data received: {'index': 13, 'x': [3.0], 'x_unit': 's', 'x_type': 'Time', 'y': [-2.04129695892334], 'y_unit': 'V', 'y_type': 'Potential'} 

2024-06-17 13:05:14,666 - INFO -run_logger.palmsens_driver 
 	 Data received: {'index': 14, 'x': [3.25], 'x_unit': 's', 'x_type': 'Time', 'y': [-2.0412187576293945], 'y_unit': 'V', 'y_type': 'Potential'} 

2024-06-17 13:05:14,893 - INFO -run_logger.palmsens_driver 
 	 Data received: {'index': 15, 'x': [3.5], 'x_unit': 's', 'x_type': 'Time', 'y': [-2.0412187576293945], 'y_unit': 'V', 'y_type': 'Potential'} 

2024-06-17 13:05:15,140 - INFO -run_logger.palmsens_driver 
 	 Data received: {'index': 16, 'x': [3.75], 'x_unit': 's', 'x_type': 'Time', 'y': [-2.041062355041504], 'y_unit': 'V', 'y_type': 'Potential'} 

2024-06-17 13:05:15,471 - INFO -run_logger.palmsens_driver 
 	 Data received: {'index': 17, 'x': [4.0], 'x_unit': 's', 'x_type': 'Time', 'y': [-2.041140556335449], 'y_unit': 'V', 'y_type': 'Potential'} 

2024-06-17 13:05:15,662 - INFO -run_logger.palmsens_driver 
 	 Data received: {'index': 18, 'x': [4.25], 'x_unit': 's', 'x_type': 'Time', 'y': [-2.041140556335449], 'y_unit': 'V', 'y_type': 'Potential'} 

2024-06-17 13:05:15,926 - INFO -run_logger.palmsens_driver 
 	 Data received: {'index': 19, 'x': [4.5], 'x_unit': 's', 'x_type': 'Time', 'y': [-2.0409059524536133], 'y_unit': 'V', 'y_type': 'Potential'} 

2024-06-17 13:05:16,154 - INFO -run_logger.palmsens_driver 
 	 Data received: {'index': 20, 'x': [4.75], 'x_unit': 's', 'x_type': 'Time', 'y': [-2.0407495498657227], 'y_unit': 'V', 'y_type': 'Potential'} 

2024-06-17 13:05:16,389 - INFO -run_logger.palmsens_driver 
 	 Data received: {'index': 21, 'x': [5.0], 'x_unit': 's', 'x_type': 'Time', 'y': [-2.0407495498657227], 'y_unit': 'V', 'y_type': 'Potential'} 

2024-06-17 13:05:16,669 - INFO -run_logger.palmsens_driver 
 	 Data received: {'index': 22, 'x': [5.25], 'x_unit': 's', 'x_type': 'Time', 'y': [-2.0406713485717773], 'y_unit': 'V', 'y_type': 'Potential'} 

2024-06-17 13:05:16,902 - INFO -run_logger.palmsens_driver 
 	 Data received: {'index': 23, 'x': [5.5], 'x_unit': 's', 'x_type': 'Time', 'y': [-2.0406713485717773], 'y_unit': 'V', 'y_type': 'Potential'} 

2024-06-17 13:05:17,163 - INFO -run_logger.palmsens_driver 
 	 Data received: {'index': 24, 'x': [5.75], 'x_unit': 's', 'x_type': 'Time', 'y': [-2.0405941009521484], 'y_unit': 'V', 'y_type': 'Potential'} 

2024-06-17 13:05:17,406 - INFO -run_logger.palmsens_driver 
 	 Data received: {'index': 25, 'x': [6.0], 'x_unit': 's', 'x_type': 'Time', 'y': [-2.0407495498657227], 'y_unit': 'V', 'y_type': 'Potential'} 

2024-06-17 13:05:17,681 - INFO -run_logger.palmsens_driver 
 	 Data received: {'index': 26, 'x': [6.25], 'x_unit': 's', 'x_type': 'Time', 'y': [-2.0407495498657227], 'y_unit': 'V', 'y_type': 'Potential'} 

2024-06-17 13:05:17,913 - INFO -run_logger.palmsens_driver 
 	 Data received: {'index': 27, 'x': [6.5], 'x_unit': 's', 'x_type': 'Time', 'y': [-2.0407495498657227], 'y_unit': 'V', 'y_type': 'Potential'} 

2024-06-17 13:05:18,169 - INFO -run_logger.palmsens_driver 
 	 Data received: {'index': 28, 'x': [6.75], 'x_unit': 's', 'x_type': 'Time', 'y': [-2.040827751159668], 'y_unit': 'V', 'y_type': 'Potential'} 

2024-06-17 13:05:18,422 - INFO -run_logger.palmsens_driver 
 	 Data received: {'index': 29, 'x': [7.0], 'x_unit': 's', 'x_type': 'Time', 'y': [-2.0407495498657227], 'y_unit': 'V', 'y_type': 'Potential'} 

2024-06-17 13:05:18,660 - INFO -run_logger.palmsens_driver 
 	 Data received: {'index': 30, 'x': [7.25], 'x_unit': 's', 'x_type': 'Time', 'y': [-2.0407495498657227], 'y_unit': 'V', 'y_type': 'Potential'} 

2024-06-17 13:05:18,892 - INFO -run_logger.palmsens_driver 
 	 Data received: {'index': 31, 'x': [7.5], 'x_unit': 's', 'x_type': 'Time', 'y': [-2.0406713485717773], 'y_unit': 'V', 'y_type': 'Potential'} 

2024-06-17 13:05:19,170 - INFO -run_logger.palmsens_driver 
 	 Data received: {'index': 32, 'x': [7.75], 'x_unit': 's', 'x_type': 'Time', 'y': [-2.0406713485717773], 'y_unit': 'V', 'y_type': 'Potential'} 

2024-06-17 13:05:19,419 - INFO -run_logger.palmsens_driver 
 	 Data received: {'index': 33, 'x': [8.0], 'x_unit': 's', 'x_type': 'Time', 'y': [-2.0407495498657227], 'y_unit': 'V', 'y_type': 'Potential'} 

2024-06-17 13:05:19,663 - INFO -run_logger.palmsens_driver 
 	 Data received: {'index': 34, 'x': [8.25], 'x_unit': 's', 'x_type': 'Time', 'y': [-2.0407495498657227], 'y_unit': 'V', 'y_type': 'Potential'} 

2024-06-17 13:05:19,918 - INFO -run_logger.palmsens_driver 
 	 Data received: {'index': 35, 'x': [8.5], 'x_unit': 's', 'x_type': 'Time', 'y': [-2.0406713485717773], 'y_unit': 'V', 'y_type': 'Potential'} 

2024-06-17 13:05:20,154 - INFO -run_logger.palmsens_driver 
 	 Data received: {'index': 36, 'x': [8.75], 'x_unit': 's', 'x_type': 'Time', 'y': [-2.0407495498657227], 'y_unit': 'V', 'y_type': 'Potential'} 

2024-06-17 13:05:20,392 - INFO -run_logger.palmsens_driver 
 	 Data received: {'index': 37, 'x': [9.0], 'x_unit': 's', 'x_type': 'Time', 'y': [-2.0406713485717773], 'y_unit': 'V', 'y_type': 'Potential'} 

2024-06-17 13:05:20,678 - INFO -run_logger.palmsens_driver 
 	 Data received: {'index': 38, 'x': [9.25], 'x_unit': 's', 'x_type': 'Time', 'y': [-2.0406713485717773], 'y_unit': 'V', 'y_type': 'Potential'} 

2024-06-17 13:05:20,906 - INFO -run_logger.palmsens_driver 
 	 Data received: {'index': 39, 'x': [9.5], 'x_unit': 's', 'x_type': 'Time', 'y': [-2.0405941009521484], 'y_unit': 'V', 'y_type': 'Potential'} 

2024-06-17 13:05:21,141 - INFO -run_logger.palmsens_driver 
 	 Data received: {'index': 40, 'x': [9.75], 'x_unit': 's', 'x_type': 'Time', 'y': [-2.0406713485717773], 'y_unit': 'V', 'y_type': 'Potential'} 

2024-06-17 13:05:21,432 - INFO -run_logger.palmsens_driver 
 	 Data received: {'index': 41, 'x': [10.0], 'x_unit': 's', 'x_type': 'Time', 'y': [-2.0406713485717773], 'y_unit': 'V', 'y_type': 'Potential'} 

2024-06-17 13:05:21,658 - INFO -run_logger.palmsens_driver 
 	 Data received: {'index': 42, 'x': [10.25], 'x_unit': 's', 'x_type': 'Time', 'y': [-2.0405941009521484], 'y_unit': 'V', 'y_type': 'Potential'} 

2024-06-17 13:05:21,897 - INFO -run_logger.palmsens_driver 
 	 Data received: {'index': 43, 'x': [10.5], 'x_unit': 's', 'x_type': 'Time', 'y': [-2.0406713485717773], 'y_unit': 'V', 'y_type': 'Potential'} 

2024-06-17 13:05:22,191 - INFO -run_logger.palmsens_driver 
 	 Data received: {'index': 44, 'x': [10.75], 'x_unit': 's', 'x_type': 'Time', 'y': [-2.0405941009521484], 'y_unit': 'V', 'y_type': 'Potential'} 

2024-06-17 13:05:22,433 - INFO -run_logger.palmsens_driver 
 	 Data received: {'index': 45, 'x': [11.0], 'x_unit': 's', 'x_type': 'Time', 'y': [-2.0405941009521484], 'y_unit': 'V', 'y_type': 'Potential'} 

2024-06-17 13:05:22,654 - INFO -run_logger.palmsens_driver 
 	 Data received: {'index': 46, 'x': [11.25], 'x_unit': 's', 'x_type': 'Time', 'y': [-2.0406713485717773], 'y_unit': 'V', 'y_type': 'Potential'} 

2024-06-17 13:05:22,944 - INFO -run_logger.palmsens_driver 
 	 Data received: {'index': 47, 'x': [11.5], 'x_unit': 's', 'x_type': 'Time', 'y': [-2.040515899658203], 'y_unit': 'V', 'y_type': 'Potential'} 

2024-06-17 13:05:23,165 - INFO -run_logger.palmsens_driver 
 	 Data received: {'index': 48, 'x': [11.75], 'x_unit': 's', 'x_type': 'Time', 'y': [-2.040515899658203], 'y_unit': 'V', 'y_type': 'Potential'} 

2024-06-17 13:05:23,405 - INFO -run_logger.palmsens_driver 
 	 Data received: {'index': 49, 'x': [12.0], 'x_unit': 's', 'x_type': 'Time', 'y': [-2.040515899658203], 'y_unit': 'V', 'y_type': 'Potential'} 

2024-06-17 13:05:23,685 - INFO -run_logger.palmsens_driver 
 	 Data received: {'index': 50, 'x': [12.25], 'x_unit': 's', 'x_type': 'Time', 'y': [-2.040515899658203], 'y_unit': 'V', 'y_type': 'Potential'} 

2024-06-17 13:05:23,916 - INFO -run_logger.palmsens_driver 
 	 Data received: {'index': 51, 'x': [12.5], 'x_unit': 's', 'x_type': 'Time', 'y': [-2.0406713485717773], 'y_unit': 'V', 'y_type': 'Potential'} 

2024-06-17 13:05:24,143 - INFO -run_logger.palmsens_driver 
 	 Data received: {'index': 52, 'x': [12.75], 'x_unit': 's', 'x_type': 'Time', 'y': [-2.0405941009521484], 'y_unit': 'V', 'y_type': 'Potential'} 

2024-06-17 13:05:24,451 - INFO -run_logger.palmsens_driver 
 	 Data received: {'index': 53, 'x': [13.0], 'x_unit': 's', 'x_type': 'Time', 'y': [-2.0406713485717773], 'y_unit': 'V', 'y_type': 'Potential'} 

2024-06-17 13:05:24,665 - INFO -run_logger.palmsens_driver 
 	 Data received: {'index': 54, 'x': [13.25], 'x_unit': 's', 'x_type': 'Time', 'y': [-2.0406713485717773], 'y_unit': 'V', 'y_type': 'Potential'} 

2024-06-17 13:05:24,905 - INFO -run_logger.palmsens_driver 
 	 Data received: {'index': 55, 'x': [13.5], 'x_unit': 's', 'x_type': 'Time', 'y': [-2.0405941009521484], 'y_unit': 'V', 'y_type': 'Potential'} 

2024-06-17 13:05:25,135 - INFO -run_logger.palmsens_driver 
 	 Data received: {'index': 56, 'x': [13.75], 'x_unit': 's', 'x_type': 'Time', 'y': [-2.0406713485717773], 'y_unit': 'V', 'y_type': 'Potential'} 

2024-06-17 13:05:25,414 - INFO -run_logger.palmsens_driver 
 	 Data received: {'index': 57, 'x': [14.0], 'x_unit': 's', 'x_type': 'Time', 'y': [-2.040515899658203], 'y_unit': 'V', 'y_type': 'Potential'} 

2024-06-17 13:05:25,655 - INFO -run_logger.palmsens_driver 
 	 Data received: {'index': 58, 'x': [14.25], 'x_unit': 's', 'x_type': 'Time', 'y': [-2.0405941009521484], 'y_unit': 'V', 'y_type': 'Potential'} 

2024-06-17 13:05:25,929 - INFO -run_logger.palmsens_driver 
 	 Data received: {'index': 59, 'x': [14.5], 'x_unit': 's', 'x_type': 'Time', 'y': [-2.040515899658203], 'y_unit': 'V', 'y_type': 'Potential'} 

2024-06-17 13:05:26,138 - INFO -run_logger.palmsens_driver 
 	 Data received: {'index': 60, 'x': [14.75], 'x_unit': 's', 'x_type': 'Time', 'y': [-2.040515899658203], 'y_unit': 'V', 'y_type': 'Potential'} 

2024-06-17 13:05:26,384 - INFO -run_logger.palmsens_driver 
 	 Data received: {'index': 61, 'x': [15.0], 'x_unit': 's', 'x_type': 'Time', 'y': [-2.040515899658203], 'y_unit': 'V', 'y_type': 'Potential'} 

2024-06-17 13:05:26,673 - INFO -run_logger.palmsens_driver 
 	 Data received: {'index': 62, 'x': [15.25], 'x_unit': 's', 'x_type': 'Time', 'y': [-2.0403594970703125], 'y_unit': 'V', 'y_type': 'Potential'} 

2024-06-17 13:05:26,906 - INFO -run_logger.palmsens_driver 
 	 Data received: {'index': 63, 'x': [15.5], 'x_unit': 's', 'x_type': 'Time', 'y': [-2.040515899658203], 'y_unit': 'V', 'y_type': 'Potential'} 

2024-06-17 13:05:27,149 - INFO -run_logger.palmsens_driver 
 	 Data received: {'index': 64, 'x': [15.75], 'x_unit': 's', 'x_type': 'Time', 'y': [-2.040437698364258], 'y_unit': 'V', 'y_type': 'Potential'} 

2024-06-17 13:05:27,430 - INFO -run_logger.palmsens_driver 
 	 Data received: {'index': 65, 'x': [16.0], 'x_unit': 's', 'x_type': 'Time', 'y': [-2.0403594970703125], 'y_unit': 'V', 'y_type': 'Potential'} 

2024-06-17 13:05:27,665 - INFO -run_logger.palmsens_driver 
 	 Data received: {'index': 66, 'x': [16.25], 'x_unit': 's', 'x_type': 'Time', 'y': [-2.040515899658203], 'y_unit': 'V', 'y_type': 'Potential'} 

2024-06-17 13:05:27,908 - INFO -run_logger.palmsens_driver 
 	 Data received: {'index': 67, 'x': [16.5], 'x_unit': 's', 'x_type': 'Time', 'y': [-2.0403594970703125], 'y_unit': 'V', 'y_type': 'Potential'} 

2024-06-17 13:05:28,182 - INFO -run_logger.palmsens_driver 
 	 Data received: {'index': 68, 'x': [16.75], 'x_unit': 's', 'x_type': 'Time', 'y': [-2.040437698364258], 'y_unit': 'V', 'y_type': 'Potential'} 

2024-06-17 13:05:28,431 - INFO -run_logger.palmsens_driver 
 	 Data received: {'index': 69, 'x': [17.0], 'x_unit': 's', 'x_type': 'Time', 'y': [-2.040515899658203], 'y_unit': 'V', 'y_type': 'Potential'} 

2024-06-17 13:05:28,669 - INFO -run_logger.palmsens_driver 
 	 Data received: {'index': 70, 'x': [17.25], 'x_unit': 's', 'x_type': 'Time', 'y': [-2.040437698364258], 'y_unit': 'V', 'y_type': 'Potential'} 

2024-06-17 13:05:28,902 - INFO -run_logger.palmsens_driver 
 	 Data received: {'index': 71, 'x': [17.5], 'x_unit': 's', 'x_type': 'Time', 'y': [-2.040515899658203], 'y_unit': 'V', 'y_type': 'Potential'} 

2024-06-17 13:05:29,172 - INFO -run_logger.palmsens_driver 
 	 Data received: {'index': 72, 'x': [17.75], 'x_unit': 's', 'x_type': 'Time', 'y': [-2.0403594970703125], 'y_unit': 'V', 'y_type': 'Potential'} 

2024-06-17 13:05:29,407 - INFO -run_logger.palmsens_driver 
 	 Data received: {'index': 73, 'x': [18.0], 'x_unit': 's', 'x_type': 'Time', 'y': [-2.040437698364258], 'y_unit': 'V', 'y_type': 'Potential'} 

2024-06-17 13:05:29,691 - INFO -run_logger.palmsens_driver 
 	 Data received: {'index': 74, 'x': [18.25], 'x_unit': 's', 'x_type': 'Time', 'y': [-2.040437698364258], 'y_unit': 'V', 'y_type': 'Potential'} 

2024-06-17 13:05:29,919 - INFO -run_logger.palmsens_driver 
 	 Data received: {'index': 75, 'x': [18.5], 'x_unit': 's', 'x_type': 'Time', 'y': [-2.040281295776367], 'y_unit': 'V', 'y_type': 'Potential'} 

2024-06-17 13:05:30,152 - INFO -run_logger.palmsens_driver 
 	 Data received: {'index': 76, 'x': [18.75], 'x_unit': 's', 'x_type': 'Time', 'y': [-2.0403594970703125], 'y_unit': 'V', 'y_type': 'Potential'} 

2024-06-17 13:05:30,437 - INFO -run_logger.palmsens_driver 
 	 Data received: {'index': 77, 'x': [19.0], 'x_unit': 's', 'x_type': 'Time', 'y': [-2.040281295776367], 'y_unit': 'V', 'y_type': 'Potential'} 

2024-06-17 13:05:30,661 - INFO -run_logger.palmsens_driver 
 	 Data received: {'index': 78, 'x': [19.25], 'x_unit': 's', 'x_type': 'Time', 'y': [-2.040281295776367], 'y_unit': 'V', 'y_type': 'Potential'} 

2024-06-17 13:05:30,889 - INFO -run_logger.palmsens_driver 
 	 Data received: {'index': 79, 'x': [19.5], 'x_unit': 's', 'x_type': 'Time', 'y': [-2.040281295776367], 'y_unit': 'V', 'y_type': 'Potential'} 

2024-06-17 13:05:31,188 - INFO -run_logger.palmsens_driver 
 	 Data received: {'index': 80, 'x': [19.75], 'x_unit': 's', 'x_type': 'Time', 'y': [-2.040203094482422], 'y_unit': 'V', 'y_type': 'Potential'} 

2024-06-17 13:05:31,428 - INFO -run_logger.palmsens_driver 
 	 Data received: {'index': 81, 'x': [20.0], 'x_unit': 's', 'x_type': 'Time', 'y': [-2.0401248931884766], 'y_unit': 'V', 'y_type': 'Potential'} 

2024-06-17 13:05:31,669 - INFO -run_logger.palmsens_driver 
 	 Data received: {'index': 82, 'x': [20.25], 'x_unit': 's', 'x_type': 'Time', 'y': [-2.0400466918945312], 'y_unit': 'V', 'y_type': 'Potential'} 

2024-06-17 13:05:31,965 - INFO -run_logger.palmsens_driver 
 	 Data received: {'index': 83, 'x': [20.5], 'x_unit': 's', 'x_type': 'Time', 'y': [-2.0400466918945312], 'y_unit': 'V', 'y_type': 'Potential'} 

2024-06-17 13:05:32,164 - INFO -run_logger.palmsens_driver 
 	 Data received: {'index': 84, 'x': [20.75], 'x_unit': 's', 'x_type': 'Time', 'y': [-2.0401248931884766], 'y_unit': 'V', 'y_type': 'Potential'} 

2024-06-17 13:05:32,413 - INFO -run_logger.palmsens_driver 
 	 Data received: {'index': 85, 'x': [21.0], 'x_unit': 's', 'x_type': 'Time', 'y': [-2.0398902893066406], 'y_unit': 'V', 'y_type': 'Potential'} 

2024-06-17 13:05:32,681 - INFO -run_logger.palmsens_driver 
 	 Data received: {'index': 86, 'x': [21.25], 'x_unit': 's', 'x_type': 'Time', 'y': [-2.0398902893066406], 'y_unit': 'V', 'y_type': 'Potential'} 

2024-06-17 13:05:32,923 - INFO -run_logger.palmsens_driver 
 	 Data received: {'index': 87, 'x': [21.5], 'x_unit': 's', 'x_type': 'Time', 'y': [-2.03973388671875], 'y_unit': 'V', 'y_type': 'Potential'} 

2024-06-17 13:05:33,152 - INFO -run_logger.palmsens_driver 
 	 Data received: {'index': 88, 'x': [21.75], 'x_unit': 's', 'x_type': 'Time', 'y': [-2.03973388671875], 'y_unit': 'V', 'y_type': 'Potential'} 

2024-06-17 13:05:33,431 - INFO -run_logger.palmsens_driver 
 	 Data received: {'index': 89, 'x': [22.0], 'x_unit': 's', 'x_type': 'Time', 'y': [-2.0398120880126953], 'y_unit': 'V', 'y_type': 'Potential'} 

2024-06-17 13:05:33,694 - INFO -run_logger.palmsens_driver 
 	 Data received: {'index': 90, 'x': [22.25], 'x_unit': 's', 'x_type': 'Time', 'y': [-2.03973388671875], 'y_unit': 'V', 'y_type': 'Potential'} 

2024-06-17 13:05:33,917 - INFO -run_logger.palmsens_driver 
 	 Data received: {'index': 91, 'x': [22.5], 'x_unit': 's', 'x_type': 'Time', 'y': [-2.0396556854248047], 'y_unit': 'V', 'y_type': 'Potential'} 

2024-06-17 13:05:34,200 - INFO -run_logger.palmsens_driver 
 	 Data received: {'index': 92, 'x': [22.75], 'x_unit': 's', 'x_type': 'Time', 'y': [-2.0396556854248047], 'y_unit': 'V', 'y_type': 'Potential'} 

2024-06-17 13:05:34,419 - INFO -run_logger.palmsens_driver 
 	 Data received: {'index': 93, 'x': [23.0], 'x_unit': 's', 'x_type': 'Time', 'y': [-2.039578437805176], 'y_unit': 'V', 'y_type': 'Potential'} 

2024-06-17 13:05:34,646 - INFO -run_logger.palmsens_driver 
 	 Data received: {'index': 94, 'x': [23.25], 'x_unit': 's', 'x_type': 'Time', 'y': [-2.0396556854248047], 'y_unit': 'V', 'y_type': 'Potential'} 

2024-06-17 13:05:34,934 - INFO -run_logger.palmsens_driver 
 	 Data received: {'index': 95, 'x': [23.5], 'x_unit': 's', 'x_type': 'Time', 'y': [-2.0395002365112305], 'y_unit': 'V', 'y_type': 'Potential'} 

2024-06-17 13:05:35,167 - INFO -run_logger.palmsens_driver 
 	 Data received: {'index': 96, 'x': [23.75], 'x_unit': 's', 'x_type': 'Time', 'y': [-2.039422035217285], 'y_unit': 'V', 'y_type': 'Potential'} 

2024-06-17 13:05:35,405 - INFO -run_logger.palmsens_driver 
 	 Data received: {'index': 97, 'x': [24.0], 'x_unit': 's', 'x_type': 'Time', 'y': [-2.0395002365112305], 'y_unit': 'V', 'y_type': 'Potential'} 

2024-06-17 13:05:35,687 - INFO -run_logger.palmsens_driver 
 	 Data received: {'index': 98, 'x': [24.25], 'x_unit': 's', 'x_type': 'Time', 'y': [-2.039422035217285], 'y_unit': 'V', 'y_type': 'Potential'} 

2024-06-17 13:05:35,922 - INFO -run_logger.palmsens_driver 
 	 Data received: {'index': 99, 'x': [24.5], 'x_unit': 's', 'x_type': 'Time', 'y': [-2.039422035217285], 'y_unit': 'V', 'y_type': 'Potential'} 

2024-06-17 13:05:36,146 - INFO -run_logger.palmsens_driver 
 	 Data received: {'index': 100, 'x': [24.75], 'x_unit': 's', 'x_type': 'Time', 'y': [-2.03934383392334], 'y_unit': 'V', 'y_type': 'Potential'} 

2024-06-17 13:05:36,433 - INFO -run_logger.palmsens_driver 
 	 Data received: {'index': 101, 'x': [25.0], 'x_unit': 's', 'x_type': 'Time', 'y': [-2.0390310287475586], 'y_unit': 'V', 'y_type': 'Potential'} 

2024-06-17 13:05:36,454 - INFO -run_logger.palmsens_driver 
 	 result:
{'Title': 'Open Circuit Potentiometry', 'timestamp': '17/06/2024 13:05:09', 'current_arrays': [[0.2384185791015625, 0.2384185791015625, 0.2384185791015625, 0.2384185791015625, 0.2384185791015625, 0.2384185791015625, 0.2384185791015625, 0.2384185791015625, 0.2384185791015625, 0.2384185791015625, 0.2384185791015625, 0.2384185791015625, 0.2384185791015625, 0.2384185791015625, 0.2384185791015625, 0.2384185791015625, 0.2384185791015625, 0.2384185791015625, 0.2384185791015625, 0.2384185791015625, 0.2384185791015625, 0.2384185791015625, 0.2384185791015625, 0.2384185791015625, 0.2384185791015625, 0.2384185791015625, 0.2384185791015625, 0.2384185791015625, 0.2384185791015625, 0.2384185791015625, 0.2384185791015625, 0.2384185791015625, 0.2384185791015625, 0.2384185791015625, 0.2384185791015625, 0.2384185791015625, 0.2384185791015625, 0.2384185791015625, 0.2384185791015625, 0.2384185791015625, 0.2384185791015625, 0.2384185791015625, 0.2384185791015625, 0.2384185791015625, 0.2384185791015625, 0.2384185791015625, 0.2384185791015625, 0.2384185791015625, 0.2384185791015625, 0.2384185791015625, 0.2384185791015625, 0.2384185791015625, 0.2384185791015625, 0.2384185791015625, 0.2384185791015625, 0.2384185791015625, 0.2384185791015625, 0.2384185791015625, 0.2384185791015625, 0.2384185791015625, 0.2384185791015625, 0.2384185791015625, 0.2384185791015625, 0.2384185791015625, 0.2384185791015625, 0.2384185791015625, 0.2384185791015625, 0.2384185791015625, 0.2384185791015625, 0.2384185791015625, 0.2384185791015625, 0.2384185791015625, 0.2384185791015625, 0.2384185791015625, 0.2384185791015625, 0.2384185791015625, 0.2384185791015625, 0.2384185791015625, 0.2384185791015625, 0.2384185791015625, 0.2384185791015625, 0.2384185791015625, 0.2384185791015625, 0.2384185791015625, 0.2384185791015625, 0.2384185791015625, 0.2384185791015625, 0.2384185791015625, 0.2384185791015625, 0.2384185791015625, 0.2384185791015625, 0.2384185791015625, 0.2384185791015625, 0.2384185791015625, 0.2384185791015625, 0.2384185791015625, 0.2384185791015625, 0.2384185791015625, 0.2384185791015625, 0.2384185791015625, 0.2384185791015625]], 'potential_arrays': [[-2.0412187576293945, -2.0414533615112305, -2.041375160217285, -2.041375160217285, -2.0414533615112305, -2.04129695892334, -2.041375160217285, -2.04129695892334, -2.04129695892334, -2.041375160217285, -2.0412187576293945, -2.04129695892334, -2.04129695892334, -2.0412187576293945, -2.0412187576293945, -2.041062355041504, -2.041140556335449, -2.041140556335449, -2.0409059524536133, -2.0407495498657227, -2.0407495498657227, -2.0406713485717773, -2.0406713485717773, -2.0405941009521484, -2.0407495498657227, -2.0407495498657227, -2.0407495498657227, -2.040827751159668, -2.0407495498657227, -2.0407495498657227, -2.0406713485717773, -2.0406713485717773, -2.0407495498657227, -2.0407495498657227, -2.0406713485717773, -2.0407495498657227, -2.0406713485717773, -2.0406713485717773, -2.0405941009521484, -2.0406713485717773, -2.0406713485717773, -2.0405941009521484, -2.0406713485717773, -2.0405941009521484, -2.0405941009521484, -2.0406713485717773, -2.040515899658203, -2.040515899658203, -2.040515899658203, -2.040515899658203, -2.0406713485717773, -2.0405941009521484, -2.0406713485717773, -2.0406713485717773, -2.0405941009521484, -2.0406713485717773, -2.040515899658203, -2.0405941009521484, -2.040515899658203, -2.040515899658203, -2.040515899658203, -2.0403594970703125, -2.040515899658203, -2.040437698364258, -2.0403594970703125, -2.040515899658203, -2.0403594970703125, -2.040437698364258, -2.040515899658203, -2.040437698364258, -2.040515899658203, -2.0403594970703125, -2.040437698364258, -2.040437698364258, -2.040281295776367, -2.0403594970703125, -2.040281295776367, -2.040281295776367, -2.040281295776367, -2.040203094482422, -2.0401248931884766, -2.0400466918945312, -2.0400466918945312, -2.0401248931884766, -2.0398902893066406, -2.0398902893066406, -2.03973388671875, -2.03973388671875, -2.0398120880126953, -2.03973388671875, -2.0396556854248047, -2.0396556854248047, -2.039578437805176, -2.0396556854248047, -2.0395002365112305, -2.039422035217285, -2.0395002365112305, -2.039422035217285, -2.039422035217285, -2.03934383392334, -2.0390310287475586]], 'time_arrays': [[0.0, 0.25, 0.5, 0.75, 1.0, 1.25, 1.5, 1.75, 2.0, 2.25, 2.5, 2.75, 3.0, 3.25, 3.5, 3.75, 4.0, 4.25, 4.5, 4.75, 5.0, 5.25, 5.5, 5.75, 6.0, 6.25, 6.5, 6.75, 7.0, 7.25, 7.5, 7.75, 8.0, 8.25, 8.5, 8.75, 9.0, 9.25, 9.5, 9.75, 10.0, 10.25, 10.5, 10.75, 11.0, 11.25, 11.5, 11.75, 12.0, 12.25, 12.5, 12.75, 13.0, 13.25, 13.5, 13.75, 14.0, 14.25, 14.5, 14.75, 15.0, 15.25, 15.5, 15.75, 16.0, 16.25, 16.5, 16.75, 17.0, 17.25, 17.5, 17.75, 18.0, 18.25, 18.5, 18.75, 19.0, 19.25, 19.5, 19.75, 20.0, 20.25, 20.5, 20.75, 21.0, 21.25, 21.5, 21.75, 22.0, 22.25, 22.5, 22.75, 23.0, 23.25, 23.5, 23.75, 24.0, 24.25, 24.5, 24.75, 25.0]], 'freq_arrays': [], 'zre_arrays': [], 'zim_arrays': [], 'aux_input_arrays': [], 'peaks': [], 'eis_fit': []} 

