2024-04-15 16:52:38,933 - INFO -run_logger.driver.palmsens_driver 
 	 Successfully connected to PalmSens4 [1]. 

2024-04-15 16:52:42,986 - INFO -run_logger.driver.palmsens_driver 
 	 Data received: {'index': 1, 'frequency': [100000.0], 'zre': [559.3460935232606], 'zim': [46.75556727950611]} 

2024-04-15 16:52:44,204 - INFO -run_logger.driver.palmsens_driver 
 	 Data received: {'index': 2, 'frequency': [74989.421875], 'zre': [560.0020053509639], 'zim': [64.4297406947432]} 

2024-04-15 16:52:45,419 - INFO -run_logger.driver.palmsens_driver 
 	 Data received: {'index': 3, 'frequency': [56234.1328125], 'zre': [559.971228677913], 'zim': [85.4627248501225]} 

2024-04-15 16:52:46,638 - INFO -run_logger.driver.palmsens_driver 
 	 Data received: {'index': 4, 'frequency': [42169.6484375], 'zre': [560.4140321034563], 'zim': [113.69830052077889]} 

2024-04-15 16:52:47,853 - INFO -run_logger.driver.palmsens_driver 
 	 Data received: {'index': 5, 'frequency': [31622.77734375], 'zre': [561.7375892841615], 'zim': [151.51676093722855]} 

2024-04-15 16:52:49,064 - INFO -run_logger.driver.palmsens_driver 
 	 Data received: {'index': 6, 'frequency': [23713.736328125], 'zre': [563.2042165086169], 'zim': [202.20829429534024]} 

2024-04-15 16:52:50,256 - INFO -run_logger.driver.palmsens_driver 
 	 Data received: {'index': 7, 'frequency': [17782.794921875], 'zre': [566.601785943367], 'zim': [269.4904574498514]} 

2024-04-15 16:52:51,470 - INFO -run_logger.driver.palmsens_driver 
 	 Data received: {'index': 8, 'frequency': [13335.2138671875], 'zre': [572.7595491411352], 'zim': [358.52690848589447]} 

2024-04-15 16:52:52,703 - INFO -run_logger.driver.palmsens_driver 
 	 Data received: {'index': 9, 'frequency': [10000.0], 'zre': [582.4274993095484], 'zim': [477.6997559063391]} 

2024-04-15 16:52:52,747 - INFO -run_logger.driver.palmsens_driver 
 	 result:
{'Title': 'Impedance Spectroscopy', 'timestamp': '15/04/2024 16:52:39', 'current_arrays': [[2384.185791015625, 23.84185791015625, -250.33950805664062, -245.57113647460938, -226.49765014648438, -240.80276489257812, -231.26602172851562, -226.49765014648438, -231.26602172851562]], 'potential_arrays': [[0.0, 0.0, 0.0, 0.0, 0.0, 0.0, 0.0, 0.0, 0.0]], 'time_arrays': [[0.0, 0.0, 0.0, 0.0, 0.0, 0.0, 0.0, 0.0, 0.0]], 'freq_arrays': [[100000.0, 74989.421875, 56234.1328125, 42169.6484375, 31622.77734375, 23713.736328125, 17782.794921875, 13335.2138671875, 10000.0]], 'zre_arrays': [[559.3460935232606, 560.0020053509639, 559.971228677913, 560.4140321034563, 561.7375892841615, 563.2042165086169, 566.601785943367, 572.7595491411352, 582.4274993095484]], 'zim_arrays': [[46.75556727950611, 64.4297406947432, 85.4627248501225, 113.69830052077889, 151.51676093722855, 202.20829429534024, 269.4904574498514, 358.52690848589447, 477.6997559063391]], 'aux_input_arrays': [], 'peaks': [], 'eis_fit': []} 

