2024-04-16 14:01:01,275 - INFO -run_logger.driver.palmsens_driver 
 	 Successfully connected to PalmSens4 [1]. 

2024-04-16 14:01:07,317 - INFO -run_logger.driver.palmsens_driver 
 	 Data received: {'index': 1, 'x': [0.0], 'x_unit': 's', 'x_type': 'Time', 'y': [3.910064697265625e-05], 'y_unit': 'V', 'y_type': 'Potential'} 

2024-04-16 14:01:07,391 - INFO -run_logger.driver.palmsens_driver 
 	 Data received: {'index': 2, 'x': [0.10000000149011612], 'x_unit': 's', 'x_type': 'Time', 'y': [0.00011730194091796875], 'y_unit': 'V', 'y_type': 'Potential'} 

2024-04-16 14:01:07,524 - INFO -run_logger.driver.palmsens_driver 
 	 Data received: {'index': 3, 'x': [0.20000000298023224], 'x_unit': 's', 'x_type': 'Time', 'y': [3.910064697265625e-05], 'y_unit': 'V', 'y_type': 'Potential'} 

2024-04-16 14:01:07,593 - INFO -run_logger.driver.palmsens_driver 
 	 Data received: {'index': 4, 'x': [0.30000001192092896], 'x_unit': 's', 'x_type': 'Time', 'y': [3.910064697265625e-05], 'y_unit': 'V', 'y_type': 'Potential'} 

2024-04-16 14:01:07,725 - INFO -run_logger.driver.palmsens_driver 
 	 Data received: {'index': 5, 'x': [0.4000000059604645], 'x_unit': 's', 'x_type': 'Time', 'y': [0.00011730194091796875], 'y_unit': 'V', 'y_type': 'Potential'} 

2024-04-16 14:01:07,806 - INFO -run_logger.driver.palmsens_driver 
 	 Data received: {'index': 6, 'x': [0.5], 'x_unit': 's', 'x_type': 'Time', 'y': [0.0002929687616415322], 'y_unit': 'V', 'y_type': 'Potential'} 

2024-04-16 14:01:07,892 - INFO -run_logger.driver.palmsens_driver 
 	 Data received: {'index': 7, 'x': [0.6000000238418579], 'x_unit': 's', 'x_type': 'Time', 'y': [0.00028514862060546875], 'y_unit': 'V', 'y_type': 'Potential'} 

2024-04-16 14:01:08,025 - INFO -run_logger.driver.palmsens_driver 
 	 Data received: {'index': 8, 'x': [0.699999988079071], 'x_unit': 's', 'x_type': 'Time', 'y': [0.00028514862060546875], 'y_unit': 'V', 'y_type': 'Potential'} 

2024-04-16 14:01:08,108 - INFO -run_logger.driver.palmsens_driver 
 	 Data received: {'index': 9, 'x': [0.800000011920929], 'x_unit': 's', 'x_type': 'Time', 'y': [0.00028514862060546875], 'y_unit': 'V', 'y_type': 'Potential'} 

2024-04-16 14:01:08,212 - INFO -run_logger.driver.palmsens_driver 
 	 Data received: {'index': 10, 'x': [0.9000000357627869], 'x_unit': 's', 'x_type': 'Time', 'y': [0.0002929687616415322], 'y_unit': 'V', 'y_type': 'Potential'} 

2024-04-16 14:01:08,306 - INFO -run_logger.driver.palmsens_driver 
 	 Data received: {'index': 11, 'x': [1.0], 'x_unit': 's', 'x_type': 'Time', 'y': [0.00030117033747956157], 'y_unit': 'V', 'y_type': 'Potential'} 

2024-04-16 14:01:08,441 - INFO -run_logger.driver.palmsens_driver 
 	 Data received: {'index': 12, 'x': [1.100000023841858], 'x_unit': 's', 'x_type': 'Time', 'y': [0.00030038831755518913], 'y_unit': 'V', 'y_type': 'Potential'} 

2024-04-16 14:01:08,495 - INFO -run_logger.driver.palmsens_driver 
 	 Data received: {'index': 13, 'x': [1.2000000476837158], 'x_unit': 's', 'x_type': 'Time', 'y': [0.0002980518329422921], 'y_unit': 'V', 'y_type': 'Potential'} 

2024-04-16 14:01:08,625 - INFO -run_logger.driver.palmsens_driver 
 	 Data received: {'index': 14, 'x': [1.3000000715255737], 'x_unit': 's', 'x_type': 'Time', 'y': [0.00029960632673464715], 'y_unit': 'V', 'y_type': 'Potential'} 

2024-04-16 14:01:08,726 - INFO -run_logger.driver.palmsens_driver 
 	 Data received: {'index': 15, 'x': [1.399999976158142], 'x_unit': 's', 'x_type': 'Time', 'y': [0.00029960632673464715], 'y_unit': 'V', 'y_type': 'Potential'} 

2024-04-16 14:01:08,809 - INFO -run_logger.driver.palmsens_driver 
 	 Data received: {'index': 16, 'x': [1.5], 'x_unit': 's', 'x_type': 'Time', 'y': [0.00029558755340985954], 'y_unit': 'V', 'y_type': 'Potential'} 

2024-04-16 14:01:08,901 - INFO -run_logger.driver.palmsens_driver 
 	 Data received: {'index': 17, 'x': [1.600000023841858], 'x_unit': 's', 'x_type': 'Time', 'y': [0.00029441548394970596], 'y_unit': 'V', 'y_type': 'Potential'} 

2024-04-16 14:01:08,991 - INFO -run_logger.driver.palmsens_driver 
 	 Data received: {'index': 18, 'x': [1.7000000476837158], 'x_unit': 's', 'x_type': 'Time', 'y': [0.00029574299696832895], 'y_unit': 'V', 'y_type': 'Potential'} 

2024-04-16 14:01:09,127 - INFO -run_logger.driver.palmsens_driver 
 	 Data received: {'index': 19, 'x': [1.8000000715255737], 'x_unit': 's', 'x_type': 'Time', 'y': [0.000294102675979957], 'y_unit': 'V', 'y_type': 'Potential'} 

2024-04-16 14:01:09,223 - INFO -run_logger.driver.palmsens_driver 
 	 Data received: {'index': 20, 'x': [1.899999976158142], 'x_unit': 's', 'x_type': 'Time', 'y': [0.00029418087797239423], 'y_unit': 'V', 'y_type': 'Potential'} 

2024-04-16 14:01:09,327 - INFO -run_logger.driver.palmsens_driver 
 	 Data received: {'index': 21, 'x': [2.0], 'x_unit': 's', 'x_type': 'Time', 'y': [0.00029371166601777077], 'y_unit': 'V', 'y_type': 'Potential'} 

2024-04-16 14:01:09,409 - INFO -run_logger.driver.palmsens_driver 
 	 Data received: {'index': 22, 'x': [2.1000001430511475], 'x_unit': 's', 'x_type': 'Time', 'y': [0.00029504013946279883], 'y_unit': 'V', 'y_type': 'Potential'} 

2024-04-16 14:01:09,507 - INFO -run_logger.driver.palmsens_driver 
 	 Data received: {'index': 23, 'x': [2.200000047683716], 'x_unit': 's', 'x_type': 'Time', 'y': [0.00029574299696832895], 'y_unit': 'V', 'y_type': 'Potential'} 

2024-04-16 14:01:09,592 - INFO -run_logger.driver.palmsens_driver 
 	 Data received: {'index': 24, 'x': [2.299999952316284], 'x_unit': 's', 'x_type': 'Time', 'y': [0.000297071470413357], 'y_unit': 'V', 'y_type': 'Potential'} 

2024-04-16 14:01:09,741 - INFO -run_logger.driver.palmsens_driver 
 	 Data received: {'index': 25, 'x': [2.4000000953674316], 'x_unit': 's', 'x_type': 'Time', 'y': [0.0002955093514174223], 'y_unit': 'V', 'y_type': 'Potential'} 

2024-04-16 14:01:09,841 - INFO -run_logger.driver.palmsens_driver 
 	 Data received: {'index': 26, 'x': [2.5], 'x_unit': 's', 'x_type': 'Time', 'y': [0.00029457188793458045], 'y_unit': 'V', 'y_type': 'Potential'} 

2024-04-16 14:01:09,892 - INFO -run_logger.driver.palmsens_driver 
 	 Data received: {'index': 27, 'x': [2.6000001430511475], 'x_unit': 's', 'x_type': 'Time', 'y': [0.00029644681490026414], 'y_unit': 'V', 'y_type': 'Potential'} 

2024-04-16 14:01:10,023 - INFO -run_logger.driver.palmsens_driver 
 	 Data received: {'index': 28, 'x': [2.700000047683716], 'x_unit': 's', 'x_type': 'Time', 'y': [0.0002936344244517386], 'y_unit': 'V', 'y_type': 'Potential'} 

2024-04-16 14:01:10,099 - INFO -run_logger.driver.palmsens_driver 
 	 Data received: {'index': 29, 'x': [2.799999952316284], 'x_unit': 's', 'x_type': 'Time', 'y': [0.00029472733149304986], 'y_unit': 'V', 'y_type': 'Potential'} 

2024-04-16 14:01:10,224 - INFO -run_logger.driver.palmsens_driver 
 	 Data received: {'index': 30, 'x': [2.9000000953674316], 'x_unit': 's', 'x_type': 'Time', 'y': [0.0002932434144895524], 'y_unit': 'V', 'y_type': 'Potential'} 

2024-04-16 14:01:10,319 - INFO -run_logger.driver.palmsens_driver 
 	 Data received: {'index': 31, 'x': [3.0], 'x_unit': 's', 'x_type': 'Time', 'y': [0.0002946491295006126], 'y_unit': 'V', 'y_type': 'Potential'} 

2024-04-16 14:01:10,406 - INFO -run_logger.driver.palmsens_driver 
 	 Data received: {'index': 32, 'x': [3.1000001430511475], 'x_unit': 's', 'x_type': 'Time', 'y': [0.0002951183414552361], 'y_unit': 'V', 'y_type': 'Potential'} 

2024-04-16 14:01:10,507 - INFO -run_logger.driver.palmsens_driver 
 	 Data received: {'index': 33, 'x': [3.200000047683716], 'x_unit': 's', 'x_type': 'Time', 'y': [0.00029488373547792435], 'y_unit': 'V', 'y_type': 'Potential'} 

2024-04-16 14:01:10,606 - INFO -run_logger.driver.palmsens_driver 
 	 Data received: {'index': 34, 'x': [3.299999952316284], 'x_unit': 's', 'x_type': 'Time', 'y': [0.0002944936859421432], 'y_unit': 'V', 'y_type': 'Potential'} 

2024-04-16 14:01:10,739 - INFO -run_logger.driver.palmsens_driver 
 	 Data received: {'index': 35, 'x': [3.4000000953674316], 'x_unit': 's', 'x_type': 'Time', 'y': [0.0002939462719950825], 'y_unit': 'V', 'y_type': 'Potential'} 

2024-04-16 14:01:10,827 - INFO -run_logger.driver.palmsens_driver 
 	 Data received: {'index': 36, 'x': [3.5], 'x_unit': 's', 'x_type': 'Time', 'y': [0.00029425907996483147], 'y_unit': 'V', 'y_type': 'Potential'} 

2024-04-16 14:01:10,923 - INFO -run_logger.driver.palmsens_driver 
 	 Data received: {'index': 37, 'x': [3.6000001430511475], 'x_unit': 's', 'x_type': 'Time', 'y': [0.00029355622245930135], 'y_unit': 'V', 'y_type': 'Potential'} 

2024-04-16 14:01:11,023 - INFO -run_logger.driver.palmsens_driver 
 	 Data received: {'index': 38, 'x': [3.700000047683716], 'x_unit': 's', 'x_type': 'Time', 'y': [0.000292462354991585], 'y_unit': 'V', 'y_type': 'Potential'} 

2024-04-16 14:01:11,102 - INFO -run_logger.driver.palmsens_driver 
 	 Data received: {'index': 39, 'x': [3.799999952316284], 'x_unit': 's', 'x_type': 'Time', 'y': [0.0002926960005424917], 'y_unit': 'V', 'y_type': 'Potential'} 

2024-04-16 14:01:11,241 - INFO -run_logger.driver.palmsens_driver 
 	 Data received: {'index': 40, 'x': [3.9000000953674316], 'x_unit': 's', 'x_type': 'Time', 'y': [0.00029402447398751974], 'y_unit': 'V', 'y_type': 'Potential'} 

2024-04-16 14:01:11,324 - INFO -run_logger.driver.palmsens_driver 
 	 Data received: {'index': 41, 'x': [4.0], 'x_unit': 's', 'x_type': 'Time', 'y': [0.0002920713450293988], 'y_unit': 'V', 'y_type': 'Potential'} 

2024-04-16 14:01:11,408 - INFO -run_logger.driver.palmsens_driver 
 	 Data received: {'index': 42, 'x': [4.099999904632568], 'x_unit': 's', 'x_type': 'Time', 'y': [0.00029285240452736616], 'y_unit': 'V', 'y_type': 'Potential'} 

2024-04-16 14:01:11,500 - INFO -run_logger.driver.palmsens_driver 
 	 Data received: {'index': 43, 'x': [4.200000286102295], 'x_unit': 's', 'x_type': 'Time', 'y': [0.00029441548394970596], 'y_unit': 'V', 'y_type': 'Potential'} 

2024-04-16 14:01:11,600 - INFO -run_logger.driver.palmsens_driver 
 	 Data received: {'index': 44, 'x': [4.300000190734863], 'x_unit': 's', 'x_type': 'Time', 'y': [0.00029488373547792435], 'y_unit': 'V', 'y_type': 'Potential'} 

2024-04-16 14:01:11,742 - INFO -run_logger.driver.palmsens_driver 
 	 Data received: {'index': 45, 'x': [4.400000095367432], 'x_unit': 's', 'x_type': 'Time', 'y': [0.0002932434144895524], 'y_unit': 'V', 'y_type': 'Potential'} 

2024-04-16 14:01:11,791 - INFO -run_logger.driver.palmsens_driver 
 	 Data received: {'index': 46, 'x': [4.5], 'x_unit': 's', 'x_type': 'Time', 'y': [0.00029418087797239423], 'y_unit': 'V', 'y_type': 'Potential'} 

2024-04-16 14:01:11,932 - INFO -run_logger.driver.palmsens_driver 
 	 Data received: {'index': 47, 'x': [4.599999904632568], 'x_unit': 's', 'x_type': 'Time', 'y': [0.0002927742025349289], 'y_unit': 'V', 'y_type': 'Potential'} 

2024-04-16 14:01:12,023 - INFO -run_logger.driver.palmsens_driver 
 	 Data received: {'index': 48, 'x': [4.700000286102295], 'x_unit': 's', 'x_type': 'Time', 'y': [0.00029300880851224065], 'y_unit': 'V', 'y_type': 'Potential'} 

2024-04-16 14:01:12,108 - INFO -run_logger.driver.palmsens_driver 
 	 Data received: {'index': 49, 'x': [4.800000190734863], 'x_unit': 's', 'x_type': 'Time', 'y': [0.00029355622245930135], 'y_unit': 'V', 'y_type': 'Potential'} 

2024-04-16 14:01:12,201 - INFO -run_logger.driver.palmsens_driver 
 	 Data received: {'index': 50, 'x': [4.900000095367432], 'x_unit': 's', 'x_type': 'Time', 'y': [0.00029386807000264525], 'y_unit': 'V', 'y_type': 'Potential'} 

2024-04-16 14:01:12,306 - INFO -run_logger.driver.palmsens_driver 
 	 Data received: {'index': 51, 'x': [5.0], 'x_unit': 's', 'x_type': 'Time', 'y': [0.00029441548394970596], 'y_unit': 'V', 'y_type': 'Potential'} 

2024-04-16 14:01:12,441 - INFO -run_logger.driver.palmsens_driver 
 	 Data received: {'index': 52, 'x': [5.099999904632568], 'x_unit': 's', 'x_type': 'Time', 'y': [0.00029214954702183604], 'y_unit': 'V', 'y_type': 'Potential'} 

2024-04-16 14:01:12,491 - INFO -run_logger.driver.palmsens_driver 
 	 Data received: {'index': 53, 'x': [5.200000286102295], 'x_unit': 's', 'x_type': 'Time', 'y': [0.00029230595100671053], 'y_unit': 'V', 'y_type': 'Potential'} 

2024-04-16 14:01:12,624 - INFO -run_logger.driver.palmsens_driver 
 	 Data received: {'index': 54, 'x': [5.300000190734863], 'x_unit': 's', 'x_type': 'Time', 'y': [0.00029300880851224065], 'y_unit': 'V', 'y_type': 'Potential'} 

2024-04-16 14:01:12,724 - INFO -run_logger.driver.palmsens_driver 
 	 Data received: {'index': 55, 'x': [5.400000095367432], 'x_unit': 's', 'x_type': 'Time', 'y': [0.0002929306065198034], 'y_unit': 'V', 'y_type': 'Potential'} 

2024-04-16 14:01:12,823 - INFO -run_logger.driver.palmsens_driver 
 	 Data received: {'index': 56, 'x': [5.5], 'x_unit': 's', 'x_type': 'Time', 'y': [0.00029316521249711514], 'y_unit': 'V', 'y_type': 'Potential'} 

2024-04-16 14:01:12,946 - INFO -run_logger.driver.palmsens_driver 
 	 Data received: {'index': 57, 'x': [5.599999904632568], 'x_unit': 's', 'x_type': 'Time', 'y': [0.00029441548394970596], 'y_unit': 'V', 'y_type': 'Potential'} 

2024-04-16 14:01:13,041 - INFO -run_logger.driver.palmsens_driver 
 	 Data received: {'index': 58, 'x': [5.700000286102295], 'x_unit': 's', 'x_type': 'Time', 'y': [0.0002934780204668641], 'y_unit': 'V', 'y_type': 'Potential'} 

2024-04-16 14:01:13,131 - INFO -run_logger.driver.palmsens_driver 
 	 Data received: {'index': 59, 'x': [5.800000190734863], 'x_unit': 's', 'x_type': 'Time', 'y': [0.00029230595100671053], 'y_unit': 'V', 'y_type': 'Potential'} 

2024-04-16 14:01:13,222 - INFO -run_logger.driver.palmsens_driver 
 	 Data received: {'index': 60, 'x': [5.900000095367432], 'x_unit': 's', 'x_type': 'Time', 'y': [0.0002936344244517386], 'y_unit': 'V', 'y_type': 'Potential'} 

2024-04-16 14:01:13,324 - INFO -run_logger.driver.palmsens_driver 
 	 Data received: {'index': 61, 'x': [6.0], 'x_unit': 's', 'x_type': 'Time', 'y': [0.0002934780204668641], 'y_unit': 'V', 'y_type': 'Potential'} 

2024-04-16 14:01:13,406 - INFO -run_logger.driver.palmsens_driver 
 	 Data received: {'index': 62, 'x': [6.099999904632568], 'x_unit': 's', 'x_type': 'Time', 'y': [0.0002919149410445243], 'y_unit': 'V', 'y_type': 'Potential'} 

2024-04-16 14:01:13,507 - INFO -run_logger.driver.palmsens_driver 
 	 Data received: {'index': 63, 'x': [6.200000286102295], 'x_unit': 's', 'x_type': 'Time', 'y': [0.000293789868010208], 'y_unit': 'V', 'y_type': 'Potential'} 

2024-04-16 14:01:13,607 - INFO -run_logger.driver.palmsens_driver 
 	 Data received: {'index': 64, 'x': [6.300000190734863], 'x_unit': 's', 'x_type': 'Time', 'y': [0.000293789868010208], 'y_unit': 'V', 'y_type': 'Potential'} 

2024-04-16 14:01:13,708 - INFO -run_logger.driver.palmsens_driver 
 	 Data received: {'index': 65, 'x': [6.400000095367432], 'x_unit': 's', 'x_type': 'Time', 'y': [0.00029097747756168246], 'y_unit': 'V', 'y_type': 'Potential'} 

2024-04-16 14:01:13,800 - INFO -run_logger.driver.palmsens_driver 
 	 Data received: {'index': 66, 'x': [6.5], 'x_unit': 's', 'x_type': 'Time', 'y': [0.00029152489150874317], 'y_unit': 'V', 'y_type': 'Potential'} 

2024-04-16 14:01:13,891 - INFO -run_logger.driver.palmsens_driver 
 	 Data received: {'index': 67, 'x': [6.599999904632568], 'x_unit': 's', 'x_type': 'Time', 'y': [0.0002936344244517386], 'y_unit': 'V', 'y_type': 'Potential'} 

2024-04-16 14:01:14,031 - INFO -run_logger.driver.palmsens_driver 
 	 Data received: {'index': 68, 'x': [6.700000286102295], 'x_unit': 's', 'x_type': 'Time', 'y': [0.00029254055698402226], 'y_unit': 'V', 'y_type': 'Potential'} 

2024-04-16 14:01:14,124 - INFO -run_logger.driver.palmsens_driver 
 	 Data received: {'index': 69, 'x': [6.800000190734863], 'x_unit': 's', 'x_type': 'Time', 'y': [0.0002926960005424917], 'y_unit': 'V', 'y_type': 'Potential'} 

2024-04-16 14:01:14,223 - INFO -run_logger.driver.palmsens_driver 
 	 Data received: {'index': 70, 'x': [6.900000095367432], 'x_unit': 's', 'x_type': 'Time', 'y': [0.0002953529474325478], 'y_unit': 'V', 'y_type': 'Potential'} 

2024-04-16 14:01:14,323 - INFO -run_logger.driver.palmsens_driver 
 	 Data received: {'index': 71, 'x': [7.0], 'x_unit': 's', 'x_type': 'Time', 'y': [0.0002939462719950825], 'y_unit': 'V', 'y_type': 'Potential'} 

2024-04-16 14:01:14,406 - INFO -run_logger.driver.palmsens_driver 
 	 Data received: {'index': 72, 'x': [7.099999904632568], 'x_unit': 's', 'x_type': 'Time', 'y': [0.00029199314303696156], 'y_unit': 'V', 'y_type': 'Potential'} 

2024-04-16 14:01:14,506 - INFO -run_logger.driver.palmsens_driver 
 	 Data received: {'index': 73, 'x': [7.200000286102295], 'x_unit': 's', 'x_type': 'Time', 'y': [0.00029402447398751974], 'y_unit': 'V', 'y_type': 'Potential'} 

2024-04-16 14:01:14,602 - INFO -run_logger.driver.palmsens_driver 
 	 Data received: {'index': 74, 'x': [7.300000190734863], 'x_unit': 's', 'x_type': 'Time', 'y': [0.0002944936859421432], 'y_unit': 'V', 'y_type': 'Potential'} 

2024-04-16 14:01:14,741 - INFO -run_logger.driver.palmsens_driver 
 	 Data received: {'index': 75, 'x': [7.400000095367432], 'x_unit': 's', 'x_type': 'Time', 'y': [0.00029386807000264525], 'y_unit': 'V', 'y_type': 'Potential'} 

2024-04-16 14:01:14,837 - INFO -run_logger.driver.palmsens_driver 
 	 Data received: {'index': 76, 'x': [7.5], 'x_unit': 's', 'x_type': 'Time', 'y': [0.0002930870105046779], 'y_unit': 'V', 'y_type': 'Potential'} 

2024-04-16 14:01:14,923 - INFO -run_logger.driver.palmsens_driver 
 	 Data received: {'index': 77, 'x': [7.599999904632568], 'x_unit': 's', 'x_type': 'Time', 'y': [0.00029402447398751974], 'y_unit': 'V', 'y_type': 'Potential'} 

2024-04-16 14:01:15,023 - INFO -run_logger.driver.palmsens_driver 
 	 Data received: {'index': 78, 'x': [7.700000286102295], 'x_unit': 's', 'x_type': 'Time', 'y': [0.0002939462719950825], 'y_unit': 'V', 'y_type': 'Potential'} 

2024-04-16 14:01:15,108 - INFO -run_logger.driver.palmsens_driver 
 	 Data received: {'index': 79, 'x': [7.800000190734863], 'x_unit': 's', 'x_type': 'Time', 'y': [0.00029316521249711514], 'y_unit': 'V', 'y_type': 'Potential'} 

2024-04-16 14:01:15,216 - INFO -run_logger.driver.palmsens_driver 
 	 Data received: {'index': 80, 'x': [7.900000095367432], 'x_unit': 's', 'x_type': 'Time', 'y': [0.00029386807000264525], 'y_unit': 'V', 'y_type': 'Potential'} 

2024-04-16 14:01:15,307 - INFO -run_logger.driver.palmsens_driver 
 	 Data received: {'index': 81, 'x': [8.0], 'x_unit': 's', 'x_type': 'Time', 'y': [0.00029425907996483147], 'y_unit': 'V', 'y_type': 'Potential'} 

2024-04-16 14:01:15,326 - INFO -run_logger.driver.palmsens_driver 
 	 result:
{'Title': 'Open Circuit Potentiometry', 'timestamp': '16/04/2024 14:01:06', 'current_arrays': [[0.2384185791015625, 0.2384185791015625, 0.2384185791015625, 0.2384185791015625, 0.2384185791015625, 0.2384185791015625, 0.2384185791015625, 0.2384185791015625, 0.2384185791015625, 0.2384185791015625, 0.2384185791015625, 0.2384185791015625, 0.2384185791015625, 0.2384185791015625, 0.2384185791015625, 0.2384185791015625, 0.2384185791015625, 0.2384185791015625, 0.2384185791015625, 0.2384185791015625, 0.2384185791015625, 0.2384185791015625, 0.2384185791015625, 0.2384185791015625, 0.2384185791015625, 0.2384185791015625, 0.2384185791015625, 0.2384185791015625, 0.2384185791015625, 0.2384185791015625, 0.2384185791015625, 0.2384185791015625, 0.2384185791015625, 0.2384185791015625, 0.2384185791015625, 0.2384185791015625, 0.2384185791015625, 0.2384185791015625, 0.2384185791015625, 0.2384185791015625, 0.2384185791015625, 0.2384185791015625, 0.2384185791015625, 0.2384185791015625, 0.2384185791015625, 0.2384185791015625, 0.2384185791015625, 0.2384185791015625, 0.2384185791015625, 0.2384185791015625, 0.2384185791015625, 0.2384185791015625, 0.2384185791015625, 0.2384185791015625, 0.2384185791015625, 0.2384185791015625, 0.2384185791015625, 0.2384185791015625, 0.2384185791015625, 0.2384185791015625, 0.2384185791015625, 0.2384185791015625, 0.2384185791015625, 0.2384185791015625, 0.2384185791015625, 0.2384185791015625, 0.2384185791015625, 0.2384185791015625, 0.2384185791015625, 0.2384185791015625, 0.2384185791015625, 0.2384185791015625, 0.2384185791015625, 0.2384185791015625, 0.2384185791015625, 0.2384185791015625, 0.2384185791015625, 0.2384185791015625, 0.2384185791015625, 0.2384185791015625, 0.2384185791015625]], 'potential_arrays': [[3.910064697265625e-05, 0.00011730194091796875, 3.910064697265625e-05, 3.910064697265625e-05, 0.00011730194091796875, 0.0002929687616415322, 0.00028514862060546875, 0.00028514862060546875, 0.00028514862060546875, 0.0002929687616415322, 0.00030117033747956157, 0.00030038831755518913, 0.0002980518329422921, 0.00029960632673464715, 0.00029960632673464715, 0.00029558755340985954, 0.00029441548394970596, 0.00029574299696832895, 0.000294102675979957, 0.00029418087797239423, 0.00029371166601777077, 0.00029504013946279883, 0.00029574299696832895, 0.000297071470413357, 0.0002955093514174223, 0.00029457188793458045, 0.00029644681490026414, 0.0002936344244517386, 0.00029472733149304986, 0.0002932434144895524, 0.0002946491295006126, 0.0002951183414552361, 0.00029488373547792435, 0.0002944936859421432, 0.0002939462719950825, 0.00029425907996483147, 0.00029355622245930135, 0.000292462354991585, 0.0002926960005424917, 0.00029402447398751974, 0.0002920713450293988, 0.00029285240452736616, 0.00029441548394970596, 0.00029488373547792435, 0.0002932434144895524, 0.00029418087797239423, 0.0002927742025349289, 0.00029300880851224065, 0.00029355622245930135, 0.00029386807000264525, 0.00029441548394970596, 0.00029214954702183604, 0.00029230595100671053, 0.00029300880851224065, 0.0002929306065198034, 0.00029316521249711514, 0.00029441548394970596, 0.0002934780204668641, 0.00029230595100671053, 0.0002936344244517386, 0.0002934780204668641, 0.0002919149410445243, 0.000293789868010208, 0.000293789868010208, 0.00029097747756168246, 0.00029152489150874317, 0.0002936344244517386, 0.00029254055698402226, 0.0002926960005424917, 0.0002953529474325478, 0.0002939462719950825, 0.00029199314303696156, 0.00029402447398751974, 0.0002944936859421432, 0.00029386807000264525, 0.0002930870105046779, 0.00029402447398751974, 0.0002939462719950825, 0.00029316521249711514, 0.00029386807000264525, 0.00029425907996483147]], 'time_arrays': [[0.0, 0.10000000149011612, 0.20000000298023224, 0.30000001192092896, 0.4000000059604645, 0.5, 0.6000000238418579, 0.699999988079071, 0.800000011920929, 0.9000000357627869, 1.0, 1.100000023841858, 1.2000000476837158, 1.3000000715255737, 1.399999976158142, 1.5, 1.600000023841858, 1.7000000476837158, 1.8000000715255737, 1.899999976158142, 2.0, 2.1000001430511475, 2.200000047683716, 2.299999952316284, 2.4000000953674316, 2.5, 2.6000001430511475, 2.700000047683716, 2.799999952316284, 2.9000000953674316, 3.0, 3.1000001430511475, 3.200000047683716, 3.299999952316284, 3.4000000953674316, 3.5, 3.6000001430511475, 3.700000047683716, 3.799999952316284, 3.9000000953674316, 4.0, 4.099999904632568, 4.200000286102295, 4.300000190734863, 4.400000095367432, 4.5, 4.599999904632568, 4.700000286102295, 4.800000190734863, 4.900000095367432, 5.0, 5.099999904632568, 5.200000286102295, 5.300000190734863, 5.400000095367432, 5.5, 5.599999904632568, 5.700000286102295, 5.800000190734863, 5.900000095367432, 6.0, 6.099999904632568, 6.200000286102295, 6.300000190734863, 6.400000095367432, 6.5, 6.599999904632568, 6.700000286102295, 6.800000190734863, 6.900000095367432, 7.0, 7.099999904632568, 7.200000286102295, 7.300000190734863, 7.400000095367432, 7.5, 7.599999904632568, 7.700000286102295, 7.800000190734863, 7.900000095367432, 8.0]], 'freq_arrays': [], 'zre_arrays': [], 'zim_arrays': [], 'aux_input_arrays': [], 'peaks': [], 'eis_fit': []} 

2024-04-16 14:01:20,723 - INFO -run_logger.driver.palmsens_driver 
 	 Data received: {'index': 1, 'x': [0.0], 'x_unit': 's', 'x_type': 'Time', 'y': [3.910064697265625e-05], 'y_unit': 'V', 'y_type': 'Potential'} 

2024-04-16 14:01:20,807 - INFO -run_logger.driver.palmsens_driver 
 	 Data received: {'index': 2, 'x': [0.10000000149011612], 'x_unit': 's', 'x_type': 'Time', 'y': [3.910064697265625e-05], 'y_unit': 'V', 'y_type': 'Potential'} 

2024-04-16 14:01:20,892 - INFO -run_logger.driver.palmsens_driver 
 	 Data received: {'index': 3, 'x': [0.20000000298023224], 'x_unit': 's', 'x_type': 'Time', 'y': [3.910064697265625e-05], 'y_unit': 'V', 'y_type': 'Potential'} 

2024-04-16 14:01:20,988 - INFO -run_logger.driver.palmsens_driver 
 	 Data received: {'index': 4, 'x': [0.30000001192092896], 'x_unit': 's', 'x_type': 'Time', 'y': [0.00011730194091796875], 'y_unit': 'V', 'y_type': 'Potential'} 

2024-04-16 14:01:21,089 - INFO -run_logger.driver.palmsens_driver 
 	 Data received: {'index': 5, 'x': [0.4000000059604645], 'x_unit': 's', 'x_type': 'Time', 'y': [0.00011730194091796875], 'y_unit': 'V', 'y_type': 'Potential'} 

2024-04-16 14:01:21,223 - INFO -run_logger.driver.palmsens_driver 
 	 Data received: {'index': 6, 'x': [0.5], 'x_unit': 's', 'x_type': 'Time', 'y': [0.0002929687616415322], 'y_unit': 'V', 'y_type': 'Potential'} 

2024-04-16 14:01:21,313 - INFO -run_logger.driver.palmsens_driver 
 	 Data received: {'index': 7, 'x': [0.6000000238418579], 'x_unit': 's', 'x_type': 'Time', 'y': [0.0002929687616415322], 'y_unit': 'V', 'y_type': 'Potential'} 

2024-04-16 14:01:21,408 - INFO -run_logger.driver.palmsens_driver 
 	 Data received: {'index': 8, 'x': [0.699999988079071], 'x_unit': 's', 'x_type': 'Time', 'y': [0.0002929687616415322], 'y_unit': 'V', 'y_type': 'Potential'} 

2024-04-16 14:01:21,511 - INFO -run_logger.driver.palmsens_driver 
 	 Data received: {'index': 9, 'x': [0.800000011920929], 'x_unit': 's', 'x_type': 'Time', 'y': [0.00028514862060546875], 'y_unit': 'V', 'y_type': 'Potential'} 

2024-04-16 14:01:21,594 - INFO -run_logger.driver.palmsens_driver 
 	 Data received: {'index': 10, 'x': [0.9000000357627869], 'x_unit': 's', 'x_type': 'Time', 'y': [0.0002929687616415322], 'y_unit': 'V', 'y_type': 'Potential'} 

2024-04-16 14:01:21,690 - INFO -run_logger.driver.palmsens_driver 
 	 Data received: {'index': 11, 'x': [1.0], 'x_unit': 's', 'x_type': 'Time', 'y': [0.00029726981301791966], 'y_unit': 'V', 'y_type': 'Potential'} 

2024-04-16 14:01:21,692 - INFO -run_logger.driver.palmsens_driver 
 	 result:
{'Title': 'Open Circuit Potentiometry', 'timestamp': '16/04/2024 14:01:19', 'current_arrays': [[0.2384185791015625, 0.2384185791015625, 0.2384185791015625, 0.2384185791015625, 0.2384185791015625, 0.2384185791015625, 0.2384185791015625, 0.2384185791015625, 0.2384185791015625, 0.2384185791015625, 0.2384185791015625]], 'potential_arrays': [[3.910064697265625e-05, 3.910064697265625e-05, 3.910064697265625e-05, 0.00011730194091796875, 0.00011730194091796875, 0.0002929687616415322, 0.0002929687616415322, 0.0002929687616415322, 0.00028514862060546875, 0.0002929687616415322, 0.00029726981301791966]], 'time_arrays': [[0.0, 0.10000000149011612, 0.20000000298023224, 0.30000001192092896, 0.4000000059604645, 0.5, 0.6000000238418579, 0.699999988079071, 0.800000011920929, 0.9000000357627869, 1.0]], 'freq_arrays': [], 'zre_arrays': [], 'zim_arrays': [], 'aux_input_arrays': [], 'peaks': [], 'eis_fit': []} 

