2024-05-27 12:34:35,544 - INFO -run_logger.palmsens_driver 
 	 Successfully connected to PalmSens4 [1]. 

2024-05-27 13:05:57,323 - INFO -run_logger.palmsens_driver 
 	 Data received: {'index': 1, 'x': [0.0], 'x_unit': 's', 'x_type': 'Time', 'y': [-10.00452995300293], 'y_unit': 'V', 'y_type': 'Potential'} 

2024-05-27 13:05:57,589 - INFO -run_logger.palmsens_driver 
 	 Data received: {'index': 2, 'x': [0.25], 'x_unit': 's', 'x_type': 'Time', 'y': [-10.005232810974121], 'y_unit': 'V', 'y_type': 'Potential'} 

2024-05-27 13:05:57,822 - INFO -run_logger.palmsens_driver 
 	 Data received: {'index': 3, 'x': [0.5], 'x_unit': 's', 'x_type': 'Time', 'y': [-10.005780220031738], 'y_unit': 'V', 'y_type': 'Potential'} 

2024-05-27 13:05:58,056 - INFO -run_logger.palmsens_driver 
 	 Data received: {'index': 4, 'x': [0.75], 'x_unit': 's', 'x_type': 'Time', 'y': [-10.00648307800293], 'y_unit': 'V', 'y_type': 'Potential'} 

2024-05-27 13:05:58,321 - INFO -run_logger.palmsens_driver 
 	 Data received: {'index': 5, 'x': [1.0], 'x_unit': 's', 'x_type': 'Time', 'y': [-10.006952285766602], 'y_unit': 'V', 'y_type': 'Potential'} 

2024-05-27 13:05:58,557 - INFO -run_logger.palmsens_driver 
 	 Data received: {'index': 6, 'x': [1.25], 'x_unit': 's', 'x_type': 'Time', 'y': [-10.007498741149902], 'y_unit': 'V', 'y_type': 'Potential'} 

2024-05-27 13:05:58,840 - INFO -run_logger.palmsens_driver 
 	 Data received: {'index': 7, 'x': [1.5], 'x_unit': 's', 'x_type': 'Time', 'y': [-10.008201599121094], 'y_unit': 'V', 'y_type': 'Potential'} 

2024-05-27 13:05:59,073 - INFO -run_logger.palmsens_driver 
 	 Data received: {'index': 8, 'x': [1.75], 'x_unit': 's', 'x_type': 'Time', 'y': [-10.008670806884766], 'y_unit': 'V', 'y_type': 'Potential'} 

2024-05-27 13:05:59,308 - INFO -run_logger.palmsens_driver 
 	 Data received: {'index': 9, 'x': [2.0], 'x_unit': 's', 'x_type': 'Time', 'y': [-10.009451866149902], 'y_unit': 'V', 'y_type': 'Potential'} 

2024-05-27 13:05:59,589 - INFO -run_logger.palmsens_driver 
 	 Data received: {'index': 10, 'x': [2.25], 'x_unit': 's', 'x_type': 'Time', 'y': [-10.010154724121094], 'y_unit': 'V', 'y_type': 'Potential'} 

2024-05-27 13:05:59,822 - INFO -run_logger.palmsens_driver 
 	 Data received: {'index': 11, 'x': [2.5], 'x_unit': 's', 'x_type': 'Time', 'y': [-10.010780334472656], 'y_unit': 'V', 'y_type': 'Potential'} 

2024-05-27 13:06:00,058 - INFO -run_logger.palmsens_driver 
 	 Data received: {'index': 12, 'x': [2.75], 'x_unit': 's', 'x_type': 'Time', 'y': [-10.011561393737793], 'y_unit': 'V', 'y_type': 'Potential'} 

2024-05-27 13:06:00,340 - INFO -run_logger.palmsens_driver 
 	 Data received: {'index': 13, 'x': [3.0], 'x_unit': 's', 'x_type': 'Time', 'y': [-10.012107849121094], 'y_unit': 'V', 'y_type': 'Potential'} 

2024-05-27 13:06:00,572 - INFO -run_logger.palmsens_driver 
 	 Data received: {'index': 14, 'x': [3.25], 'x_unit': 's', 'x_type': 'Time', 'y': [-10.012889862060547], 'y_unit': 'V', 'y_type': 'Potential'} 

2024-05-27 13:06:00,807 - INFO -run_logger.palmsens_driver 
 	 Data received: {'index': 15, 'x': [3.5], 'x_unit': 's', 'x_type': 'Time', 'y': [-10.013592720031738], 'y_unit': 'V', 'y_type': 'Potential'} 

2024-05-27 13:06:01,054 - INFO -run_logger.palmsens_driver 
 	 Data received: {'index': 16, 'x': [3.75], 'x_unit': 's', 'x_type': 'Time', 'y': [-10.014139175415039], 'y_unit': 'V', 'y_type': 'Potential'} 

2024-05-27 13:06:01,335 - INFO -run_logger.palmsens_driver 
 	 Data received: {'index': 17, 'x': [4.0], 'x_unit': 's', 'x_type': 'Time', 'y': [-10.014921188354492], 'y_unit': 'V', 'y_type': 'Potential'} 

2024-05-27 13:06:01,571 - INFO -run_logger.palmsens_driver 
 	 Data received: {'index': 18, 'x': [4.25], 'x_unit': 's', 'x_type': 'Time', 'y': [-10.015624046325684], 'y_unit': 'V', 'y_type': 'Potential'} 

2024-05-27 13:06:01,808 - INFO -run_logger.palmsens_driver 
 	 Data received: {'index': 19, 'x': [4.5], 'x_unit': 's', 'x_type': 'Time', 'y': [-10.01624870300293], 'y_unit': 'V', 'y_type': 'Potential'} 

2024-05-27 13:06:02,089 - INFO -run_logger.palmsens_driver 
 	 Data received: {'index': 20, 'x': [4.75], 'x_unit': 's', 'x_type': 'Time', 'y': [-10.017107963562012], 'y_unit': 'V', 'y_type': 'Potential'} 

2024-05-27 13:06:02,326 - INFO -run_logger.palmsens_driver 
 	 Data received: {'index': 21, 'x': [5.0], 'x_unit': 's', 'x_type': 'Time', 'y': [-10.017733573913574], 'y_unit': 'V', 'y_type': 'Potential'} 

2024-05-27 13:06:02,559 - INFO -run_logger.palmsens_driver 
 	 Data received: {'index': 22, 'x': [5.25], 'x_unit': 's', 'x_type': 'Time', 'y': [-10.018436431884766], 'y_unit': 'V', 'y_type': 'Potential'} 

2024-05-27 13:06:02,839 - INFO -run_logger.palmsens_driver 
 	 Data received: {'index': 23, 'x': [5.5], 'x_unit': 's', 'x_type': 'Time', 'y': [-10.019139289855957], 'y_unit': 'V', 'y_type': 'Potential'} 

2024-05-27 13:06:03,071 - INFO -run_logger.palmsens_driver 
 	 Data received: {'index': 24, 'x': [5.75], 'x_unit': 's', 'x_type': 'Time', 'y': [-10.019608497619629], 'y_unit': 'V', 'y_type': 'Potential'} 

2024-05-27 13:06:03,320 - INFO -run_logger.palmsens_driver 
 	 Data received: {'index': 25, 'x': [6.0], 'x_unit': 's', 'x_type': 'Time', 'y': [-10.020389556884766], 'y_unit': 'V', 'y_type': 'Potential'} 

2024-05-27 13:06:03,570 - INFO -run_logger.palmsens_driver 
 	 Data received: {'index': 26, 'x': [6.25], 'x_unit': 's', 'x_type': 'Time', 'y': [-10.021092414855957], 'y_unit': 'V', 'y_type': 'Potential'} 

2024-05-27 13:06:03,820 - INFO -run_logger.palmsens_driver 
 	 Data received: {'index': 27, 'x': [6.5], 'x_unit': 's', 'x_type': 'Time', 'y': [-10.02171802520752], 'y_unit': 'V', 'y_type': 'Potential'} 

2024-05-27 13:06:04,069 - INFO -run_logger.palmsens_driver 
 	 Data received: {'index': 28, 'x': [6.75], 'x_unit': 's', 'x_type': 'Time', 'y': [-10.022499084472656], 'y_unit': 'V', 'y_type': 'Potential'} 

2024-05-27 13:06:04,303 - INFO -run_logger.palmsens_driver 
 	 Data received: {'index': 29, 'x': [7.0], 'x_unit': 's', 'x_type': 'Time', 'y': [-10.023123741149902], 'y_unit': 'V', 'y_type': 'Potential'} 

2024-05-27 13:06:04,582 - INFO -run_logger.palmsens_driver 
 	 Data received: {'index': 30, 'x': [7.25], 'x_unit': 's', 'x_type': 'Time', 'y': [-10.023904800415039], 'y_unit': 'V', 'y_type': 'Potential'} 

2024-05-27 13:06:04,816 - INFO -run_logger.palmsens_driver 
 	 Data received: {'index': 31, 'x': [7.5], 'x_unit': 's', 'x_type': 'Time', 'y': [-10.024608612060547], 'y_unit': 'V', 'y_type': 'Potential'} 

2024-05-27 13:06:05,052 - INFO -run_logger.palmsens_driver 
 	 Data received: {'index': 32, 'x': [7.75], 'x_unit': 's', 'x_type': 'Time', 'y': [-10.025311470031738], 'y_unit': 'V', 'y_type': 'Potential'} 

2024-05-27 13:06:05,330 - INFO -run_logger.palmsens_driver 
 	 Data received: {'index': 33, 'x': [8.0], 'x_unit': 's', 'x_type': 'Time', 'y': [-10.02601432800293], 'y_unit': 'V', 'y_type': 'Potential'} 

2024-05-27 13:06:05,563 - INFO -run_logger.palmsens_driver 
 	 Data received: {'index': 34, 'x': [8.25], 'x_unit': 's', 'x_type': 'Time', 'y': [-10.026718139648438], 'y_unit': 'V', 'y_type': 'Potential'} 

2024-05-27 13:06:05,843 - INFO -run_logger.palmsens_driver 
 	 Data received: {'index': 35, 'x': [8.5], 'x_unit': 's', 'x_type': 'Time', 'y': [-10.027499198913574], 'y_unit': 'V', 'y_type': 'Potential'} 

2024-05-27 13:06:06,079 - INFO -run_logger.palmsens_driver 
 	 Data received: {'index': 36, 'x': [8.75], 'x_unit': 's', 'x_type': 'Time', 'y': [-10.02812385559082], 'y_unit': 'V', 'y_type': 'Potential'} 

2024-05-27 13:06:06,311 - INFO -run_logger.palmsens_driver 
 	 Data received: {'index': 37, 'x': [9.0], 'x_unit': 's', 'x_type': 'Time', 'y': [-10.028748512268066], 'y_unit': 'V', 'y_type': 'Potential'} 

2024-05-27 13:06:06,594 - INFO -run_logger.palmsens_driver 
 	 Data received: {'index': 38, 'x': [9.25], 'x_unit': 's', 'x_type': 'Time', 'y': [-10.029452323913574], 'y_unit': 'V', 'y_type': 'Potential'} 

2024-05-27 13:06:06,826 - INFO -run_logger.palmsens_driver 
 	 Data received: {'index': 39, 'x': [9.5], 'x_unit': 's', 'x_type': 'Time', 'y': [-10.030233383178711], 'y_unit': 'V', 'y_type': 'Potential'} 

2024-05-27 13:06:07,060 - INFO -run_logger.palmsens_driver 
 	 Data received: {'index': 40, 'x': [9.75], 'x_unit': 's', 'x_type': 'Time', 'y': [-10.030936241149902], 'y_unit': 'V', 'y_type': 'Potential'} 

2024-05-27 13:06:07,341 - INFO -run_logger.palmsens_driver 
 	 Data received: {'index': 41, 'x': [10.0], 'x_unit': 's', 'x_type': 'Time', 'y': [-10.031561851501465], 'y_unit': 'V', 'y_type': 'Potential'} 

2024-05-27 13:06:07,577 - INFO -run_logger.palmsens_driver 
 	 Data received: {'index': 42, 'x': [10.25], 'x_unit': 's', 'x_type': 'Time', 'y': [-10.032186508178711], 'y_unit': 'V', 'y_type': 'Potential'} 

2024-05-27 13:06:07,809 - INFO -run_logger.palmsens_driver 
 	 Data received: {'index': 43, 'x': [10.5], 'x_unit': 's', 'x_type': 'Time', 'y': [-10.032967567443848], 'y_unit': 'V', 'y_type': 'Potential'} 

2024-05-27 13:06:08,090 - INFO -run_logger.palmsens_driver 
 	 Data received: {'index': 44, 'x': [10.75], 'x_unit': 's', 'x_type': 'Time', 'y': [-10.033514976501465], 'y_unit': 'V', 'y_type': 'Potential'} 

2024-05-27 13:06:08,327 - INFO -run_logger.palmsens_driver 
 	 Data received: {'index': 45, 'x': [11.0], 'x_unit': 's', 'x_type': 'Time', 'y': [-10.034374237060547], 'y_unit': 'V', 'y_type': 'Potential'} 

2024-05-27 13:06:08,560 - INFO -run_logger.palmsens_driver 
 	 Data received: {'index': 46, 'x': [11.25], 'x_unit': 's', 'x_type': 'Time', 'y': [-10.034920692443848], 'y_unit': 'V', 'y_type': 'Potential'} 

2024-05-27 13:06:08,842 - INFO -run_logger.palmsens_driver 
 	 Data received: {'index': 47, 'x': [11.5], 'x_unit': 's', 'x_type': 'Time', 'y': [-10.03554630279541], 'y_unit': 'V', 'y_type': 'Potential'} 

2024-05-27 13:06:09,076 - INFO -run_logger.palmsens_driver 
 	 Data received: {'index': 48, 'x': [11.75], 'x_unit': 's', 'x_type': 'Time', 'y': [-10.036405563354492], 'y_unit': 'V', 'y_type': 'Potential'} 

2024-05-27 13:06:09,310 - INFO -run_logger.palmsens_driver 
 	 Data received: {'index': 49, 'x': [12.0], 'x_unit': 's', 'x_type': 'Time', 'y': [-10.037186622619629], 'y_unit': 'V', 'y_type': 'Potential'} 

2024-05-27 13:06:09,592 - INFO -run_logger.palmsens_driver 
 	 Data received: {'index': 50, 'x': [12.25], 'x_unit': 's', 'x_type': 'Time', 'y': [-10.037967681884766], 'y_unit': 'V', 'y_type': 'Potential'} 

2024-05-27 13:06:09,827 - INFO -run_logger.palmsens_driver 
 	 Data received: {'index': 51, 'x': [12.5], 'x_unit': 's', 'x_type': 'Time', 'y': [-10.038592338562012], 'y_unit': 'V', 'y_type': 'Potential'} 

2024-05-27 13:06:10,062 - INFO -run_logger.palmsens_driver 
 	 Data received: {'index': 52, 'x': [12.75], 'x_unit': 's', 'x_type': 'Time', 'y': [-10.039139747619629], 'y_unit': 'V', 'y_type': 'Potential'} 

2024-05-27 13:06:10,298 - INFO -run_logger.palmsens_driver 
 	 Data received: {'index': 53, 'x': [13.0], 'x_unit': 's', 'x_type': 'Time', 'y': [-10.039999008178711], 'y_unit': 'V', 'y_type': 'Potential'} 

2024-05-27 13:06:10,577 - INFO -run_logger.palmsens_driver 
 	 Data received: {'index': 54, 'x': [13.25], 'x_unit': 's', 'x_type': 'Time', 'y': [-10.040468215942383], 'y_unit': 'V', 'y_type': 'Potential'} 

2024-05-27 13:06:10,810 - INFO -run_logger.palmsens_driver 
 	 Data received: {'index': 55, 'x': [13.5], 'x_unit': 's', 'x_type': 'Time', 'y': [-10.041171073913574], 'y_unit': 'V', 'y_type': 'Potential'} 

2024-05-27 13:06:11,092 - INFO -run_logger.palmsens_driver 
 	 Data received: {'index': 56, 'x': [13.75], 'x_unit': 's', 'x_type': 'Time', 'y': [-10.041873931884766], 'y_unit': 'V', 'y_type': 'Potential'} 

2024-05-27 13:06:11,330 - INFO -run_logger.palmsens_driver 
 	 Data received: {'index': 57, 'x': [14.0], 'x_unit': 's', 'x_type': 'Time', 'y': [-10.042576789855957], 'y_unit': 'V', 'y_type': 'Potential'} 

2024-05-27 13:06:11,563 - INFO -run_logger.palmsens_driver 
 	 Data received: {'index': 58, 'x': [14.25], 'x_unit': 's', 'x_type': 'Time', 'y': [-10.043436050415039], 'y_unit': 'V', 'y_type': 'Potential'} 

2024-05-27 13:06:11,797 - INFO -run_logger.palmsens_driver 
 	 Data received: {'index': 59, 'x': [14.5], 'x_unit': 's', 'x_type': 'Time', 'y': [-10.044061660766602], 'y_unit': 'V', 'y_type': 'Potential'} 

2024-05-27 13:06:12,077 - INFO -run_logger.palmsens_driver 
 	 Data received: {'index': 60, 'x': [14.75], 'x_unit': 's', 'x_type': 'Time', 'y': [-10.044686317443848], 'y_unit': 'V', 'y_type': 'Potential'} 

2024-05-27 13:06:12,312 - INFO -run_logger.palmsens_driver 
 	 Data received: {'index': 61, 'x': [15.0], 'x_unit': 's', 'x_type': 'Time', 'y': [-10.045467376708984], 'y_unit': 'V', 'y_type': 'Potential'} 

2024-05-27 13:06:12,591 - INFO -run_logger.palmsens_driver 
 	 Data received: {'index': 62, 'x': [15.25], 'x_unit': 's', 'x_type': 'Time', 'y': [-10.046171188354492], 'y_unit': 'V', 'y_type': 'Potential'} 

2024-05-27 13:06:12,826 - INFO -run_logger.palmsens_driver 
 	 Data received: {'index': 63, 'x': [15.5], 'x_unit': 's', 'x_type': 'Time', 'y': [-10.046952247619629], 'y_unit': 'V', 'y_type': 'Potential'} 

2024-05-27 13:06:13,061 - INFO -run_logger.palmsens_driver 
 	 Data received: {'index': 64, 'x': [15.75], 'x_unit': 's', 'x_type': 'Time', 'y': [-10.04765510559082], 'y_unit': 'V', 'y_type': 'Potential'} 

2024-05-27 13:06:13,343 - INFO -run_logger.palmsens_driver 
 	 Data received: {'index': 65, 'x': [16.0], 'x_unit': 's', 'x_type': 'Time', 'y': [-10.048280715942383], 'y_unit': 'V', 'y_type': 'Potential'} 

2024-05-27 13:06:13,576 - INFO -run_logger.palmsens_driver 
 	 Data received: {'index': 66, 'x': [16.25], 'x_unit': 's', 'x_type': 'Time', 'y': [-10.04906177520752], 'y_unit': 'V', 'y_type': 'Potential'} 

2024-05-27 13:06:13,810 - INFO -run_logger.palmsens_driver 
 	 Data received: {'index': 67, 'x': [16.5], 'x_unit': 's', 'x_type': 'Time', 'y': [-10.049686431884766], 'y_unit': 'V', 'y_type': 'Potential'} 

2024-05-27 13:06:14,093 - INFO -run_logger.palmsens_driver 
 	 Data received: {'index': 68, 'x': [16.75], 'x_unit': 's', 'x_type': 'Time', 'y': [-10.050311088562012], 'y_unit': 'V', 'y_type': 'Potential'} 

2024-05-27 13:06:14,330 - INFO -run_logger.palmsens_driver 
 	 Data received: {'index': 69, 'x': [17.0], 'x_unit': 's', 'x_type': 'Time', 'y': [-10.05101490020752], 'y_unit': 'V', 'y_type': 'Potential'} 

2024-05-27 13:06:14,563 - INFO -run_logger.palmsens_driver 
 	 Data received: {'index': 70, 'x': [17.25], 'x_unit': 's', 'x_type': 'Time', 'y': [-10.05156135559082], 'y_unit': 'V', 'y_type': 'Potential'} 

2024-05-27 13:06:14,797 - INFO -run_logger.palmsens_driver 
 	 Data received: {'index': 71, 'x': [17.5], 'x_unit': 's', 'x_type': 'Time', 'y': [-10.052342414855957], 'y_unit': 'V', 'y_type': 'Potential'} 

2024-05-27 13:06:15,076 - INFO -run_logger.palmsens_driver 
 	 Data received: {'index': 72, 'x': [17.75], 'x_unit': 's', 'x_type': 'Time', 'y': [-10.052811622619629], 'y_unit': 'V', 'y_type': 'Potential'} 

2024-05-27 13:06:15,311 - INFO -run_logger.palmsens_driver 
 	 Data received: {'index': 73, 'x': [18.0], 'x_unit': 's', 'x_type': 'Time', 'y': [-10.053436279296875], 'y_unit': 'V', 'y_type': 'Potential'} 

2024-05-27 13:06:15,591 - INFO -run_logger.palmsens_driver 
 	 Data received: {'index': 74, 'x': [18.25], 'x_unit': 's', 'x_type': 'Time', 'y': [-10.054140090942383], 'y_unit': 'V', 'y_type': 'Potential'} 

2024-05-27 13:06:15,825 - INFO -run_logger.palmsens_driver 
 	 Data received: {'index': 75, 'x': [18.5], 'x_unit': 's', 'x_type': 'Time', 'y': [-10.054764747619629], 'y_unit': 'V', 'y_type': 'Potential'} 

2024-05-27 13:06:16,059 - INFO -run_logger.palmsens_driver 
 	 Data received: {'index': 76, 'x': [18.75], 'x_unit': 's', 'x_type': 'Time', 'y': [-10.055389404296875], 'y_unit': 'V', 'y_type': 'Potential'} 

2024-05-27 13:06:16,341 - INFO -run_logger.palmsens_driver 
 	 Data received: {'index': 77, 'x': [19.0], 'x_unit': 's', 'x_type': 'Time', 'y': [-10.055936813354492], 'y_unit': 'V', 'y_type': 'Potential'} 

2024-05-27 13:06:16,573 - INFO -run_logger.palmsens_driver 
 	 Data received: {'index': 78, 'x': [19.25], 'x_unit': 's', 'x_type': 'Time', 'y': [-10.056639671325684], 'y_unit': 'V', 'y_type': 'Potential'} 

2024-05-27 13:06:16,820 - INFO -run_logger.palmsens_driver 
 	 Data received: {'index': 79, 'x': [19.5], 'x_unit': 's', 'x_type': 'Time', 'y': [-10.057342529296875], 'y_unit': 'V', 'y_type': 'Potential'} 

2024-05-27 13:06:17,054 - INFO -run_logger.palmsens_driver 
 	 Data received: {'index': 80, 'x': [19.75], 'x_unit': 's', 'x_type': 'Time', 'y': [-10.057889938354492], 'y_unit': 'V', 'y_type': 'Potential'} 

2024-05-27 13:06:17,351 - INFO -run_logger.palmsens_driver 
 	 Data received: {'index': 81, 'x': [20.0], 'x_unit': 's', 'x_type': 'Time', 'y': [-10.058436393737793], 'y_unit': 'V', 'y_type': 'Potential'} 

2024-05-27 13:06:17,588 - INFO -run_logger.palmsens_driver 
 	 Data received: {'index': 82, 'x': [20.25], 'x_unit': 's', 'x_type': 'Time', 'y': [-10.059062004089355], 'y_unit': 'V', 'y_type': 'Potential'} 

2024-05-27 13:06:17,822 - INFO -run_logger.palmsens_driver 
 	 Data received: {'index': 83, 'x': [20.5], 'x_unit': 's', 'x_type': 'Time', 'y': [-10.059530258178711], 'y_unit': 'V', 'y_type': 'Potential'} 

2024-05-27 13:06:18,055 - INFO -run_logger.palmsens_driver 
 	 Data received: {'index': 84, 'x': [20.75], 'x_unit': 's', 'x_type': 'Time', 'y': [-10.060233116149902], 'y_unit': 'V', 'y_type': 'Potential'} 

2024-05-27 13:06:18,336 - INFO -run_logger.palmsens_driver 
 	 Data received: {'index': 85, 'x': [21.0], 'x_unit': 's', 'x_type': 'Time', 'y': [-10.060702323913574], 'y_unit': 'V', 'y_type': 'Potential'} 

2024-05-27 13:06:18,586 - INFO -run_logger.palmsens_driver 
 	 Data received: {'index': 86, 'x': [21.25], 'x_unit': 's', 'x_type': 'Time', 'y': [-10.061248779296875], 'y_unit': 'V', 'y_type': 'Potential'} 

2024-05-27 13:06:18,823 - INFO -run_logger.palmsens_driver 
 	 Data received: {'index': 87, 'x': [21.5], 'x_unit': 's', 'x_type': 'Time', 'y': [-10.061639785766602], 'y_unit': 'V', 'y_type': 'Potential'} 

2024-05-27 13:06:19,056 - INFO -run_logger.palmsens_driver 
 	 Data received: {'index': 88, 'x': [21.75], 'x_unit': 's', 'x_type': 'Time', 'y': [-10.062264442443848], 'y_unit': 'V', 'y_type': 'Potential'} 

2024-05-27 13:06:19,339 - INFO -run_logger.palmsens_driver 
 	 Data received: {'index': 89, 'x': [22.0], 'x_unit': 's', 'x_type': 'Time', 'y': [-10.06289005279541], 'y_unit': 'V', 'y_type': 'Potential'} 

2024-05-27 13:06:19,573 - INFO -run_logger.palmsens_driver 
 	 Data received: {'index': 90, 'x': [22.25], 'x_unit': 's', 'x_type': 'Time', 'y': [-10.063436508178711], 'y_unit': 'V', 'y_type': 'Potential'} 

2024-05-27 13:06:19,805 - INFO -run_logger.palmsens_driver 
 	 Data received: {'index': 91, 'x': [22.5], 'x_unit': 's', 'x_type': 'Time', 'y': [-10.064061164855957], 'y_unit': 'V', 'y_type': 'Potential'} 

2024-05-27 13:06:20,086 - INFO -run_logger.palmsens_driver 
 	 Data received: {'index': 92, 'x': [22.75], 'x_unit': 's', 'x_type': 'Time', 'y': [-10.06468677520752], 'y_unit': 'V', 'y_type': 'Potential'} 

2024-05-27 13:06:20,335 - INFO -run_logger.palmsens_driver 
 	 Data received: {'index': 93, 'x': [23.0], 'x_unit': 's', 'x_type': 'Time', 'y': [-10.06523323059082], 'y_unit': 'V', 'y_type': 'Potential'} 

2024-05-27 13:06:20,570 - INFO -run_logger.palmsens_driver 
 	 Data received: {'index': 94, 'x': [23.25], 'x_unit': 's', 'x_type': 'Time', 'y': [-10.065858840942383], 'y_unit': 'V', 'y_type': 'Potential'} 

2024-05-27 13:06:20,821 - INFO -run_logger.palmsens_driver 
 	 Data received: {'index': 95, 'x': [23.5], 'x_unit': 's', 'x_type': 'Time', 'y': [-10.066405296325684], 'y_unit': 'V', 'y_type': 'Potential'} 

2024-05-27 13:06:21,057 - INFO -run_logger.palmsens_driver 
 	 Data received: {'index': 96, 'x': [23.75], 'x_unit': 's', 'x_type': 'Time', 'y': [-10.0669527053833], 'y_unit': 'V', 'y_type': 'Potential'} 

2024-05-27 13:06:21,338 - INFO -run_logger.palmsens_driver 
 	 Data received: {'index': 97, 'x': [24.0], 'x_unit': 's', 'x_type': 'Time', 'y': [-10.067655563354492], 'y_unit': 'V', 'y_type': 'Potential'} 

2024-05-27 13:06:21,572 - INFO -run_logger.palmsens_driver 
 	 Data received: {'index': 98, 'x': [24.25], 'x_unit': 's', 'x_type': 'Time', 'y': [-10.068045616149902], 'y_unit': 'V', 'y_type': 'Potential'} 

2024-05-27 13:06:21,805 - INFO -run_logger.palmsens_driver 
 	 Data received: {'index': 99, 'x': [24.5], 'x_unit': 's', 'x_type': 'Time', 'y': [-10.068671226501465], 'y_unit': 'V', 'y_type': 'Potential'} 

2024-05-27 13:06:22,086 - INFO -run_logger.palmsens_driver 
 	 Data received: {'index': 100, 'x': [24.75], 'x_unit': 's', 'x_type': 'Time', 'y': [-10.069217681884766], 'y_unit': 'V', 'y_type': 'Potential'} 

2024-05-27 13:06:22,322 - INFO -run_logger.palmsens_driver 
 	 Data received: {'index': 101, 'x': [25.0], 'x_unit': 's', 'x_type': 'Time', 'y': [-10.069843292236328], 'y_unit': 'V', 'y_type': 'Potential'} 

2024-05-27 13:06:22,558 - INFO -run_logger.palmsens_driver 
 	 Data received: {'index': 102, 'x': [25.25], 'x_unit': 's', 'x_type': 'Time', 'y': [-10.070076942443848], 'y_unit': 'V', 'y_type': 'Potential'} 

2024-05-27 13:06:22,839 - INFO -run_logger.palmsens_driver 
 	 Data received: {'index': 103, 'x': [25.5], 'x_unit': 's', 'x_type': 'Time', 'y': [-10.070624351501465], 'y_unit': 'V', 'y_type': 'Potential'} 

2024-05-27 13:06:23,074 - INFO -run_logger.palmsens_driver 
 	 Data received: {'index': 104, 'x': [25.75], 'x_unit': 's', 'x_type': 'Time', 'y': [-10.071170806884766], 'y_unit': 'V', 'y_type': 'Potential'} 

2024-05-27 13:06:23,309 - INFO -run_logger.palmsens_driver 
 	 Data received: {'index': 105, 'x': [26.0], 'x_unit': 's', 'x_type': 'Time', 'y': [-10.071640014648438], 'y_unit': 'V', 'y_type': 'Potential'} 

2024-05-27 13:06:23,587 - INFO -run_logger.palmsens_driver 
 	 Data received: {'index': 106, 'x': [26.25], 'x_unit': 's', 'x_type': 'Time', 'y': [-10.072186470031738], 'y_unit': 'V', 'y_type': 'Potential'} 

2024-05-27 13:06:23,821 - INFO -run_logger.palmsens_driver 
 	 Data received: {'index': 107, 'x': [26.5], 'x_unit': 's', 'x_type': 'Time', 'y': [-10.07288932800293], 'y_unit': 'V', 'y_type': 'Potential'} 

2024-05-27 13:06:24,058 - INFO -run_logger.palmsens_driver 
 	 Data received: {'index': 108, 'x': [26.75], 'x_unit': 's', 'x_type': 'Time', 'y': [-10.073358535766602], 'y_unit': 'V', 'y_type': 'Potential'} 

2024-05-27 13:06:24,341 - INFO -run_logger.palmsens_driver 
 	 Data received: {'index': 109, 'x': [27.0], 'x_unit': 's', 'x_type': 'Time', 'y': [-10.073904991149902], 'y_unit': 'V', 'y_type': 'Potential'} 

2024-05-27 13:06:24,573 - INFO -run_logger.palmsens_driver 
 	 Data received: {'index': 110, 'x': [27.25], 'x_unit': 's', 'x_type': 'Time', 'y': [-10.074374198913574], 'y_unit': 'V', 'y_type': 'Potential'} 

2024-05-27 13:06:24,809 - INFO -run_logger.palmsens_driver 
 	 Data received: {'index': 111, 'x': [27.5], 'x_unit': 's', 'x_type': 'Time', 'y': [-10.0747652053833], 'y_unit': 'V', 'y_type': 'Potential'} 

2024-05-27 13:06:25,088 - INFO -run_logger.palmsens_driver 
 	 Data received: {'index': 112, 'x': [27.75], 'x_unit': 's', 'x_type': 'Time', 'y': [-10.075311660766602], 'y_unit': 'V', 'y_type': 'Potential'} 

2024-05-27 13:06:25,324 - INFO -run_logger.palmsens_driver 
 	 Data received: {'index': 113, 'x': [28.0], 'x_unit': 's', 'x_type': 'Time', 'y': [-10.075702667236328], 'y_unit': 'V', 'y_type': 'Potential'} 

2024-05-27 13:06:25,558 - INFO -run_logger.palmsens_driver 
 	 Data received: {'index': 114, 'x': [28.25], 'x_unit': 's', 'x_type': 'Time', 'y': [-10.076170921325684], 'y_unit': 'V', 'y_type': 'Potential'} 

2024-05-27 13:06:25,840 - INFO -run_logger.palmsens_driver 
 	 Data received: {'index': 115, 'x': [28.5], 'x_unit': 's', 'x_type': 'Time', 'y': [-10.0767183303833], 'y_unit': 'V', 'y_type': 'Potential'} 

2024-05-27 13:06:26,074 - INFO -run_logger.palmsens_driver 
 	 Data received: {'index': 116, 'x': [28.75], 'x_unit': 's', 'x_type': 'Time', 'y': [-10.077108383178711], 'y_unit': 'V', 'y_type': 'Potential'} 

2024-05-27 13:06:26,306 - INFO -run_logger.palmsens_driver 
 	 Data received: {'index': 117, 'x': [29.0], 'x_unit': 's', 'x_type': 'Time', 'y': [-10.077655792236328], 'y_unit': 'V', 'y_type': 'Potential'} 

2024-05-27 13:06:26,554 - INFO -run_logger.palmsens_driver 
 	 Data received: {'index': 118, 'x': [29.25], 'x_unit': 's', 'x_type': 'Time', 'y': [-10.077967643737793], 'y_unit': 'V', 'y_type': 'Potential'} 

2024-05-27 13:06:26,851 - INFO -run_logger.palmsens_driver 
 	 Data received: {'index': 119, 'x': [29.5], 'x_unit': 's', 'x_type': 'Time', 'y': [-10.07835865020752], 'y_unit': 'V', 'y_type': 'Potential'} 

2024-05-27 13:06:27,085 - INFO -run_logger.palmsens_driver 
 	 Data received: {'index': 120, 'x': [29.75], 'x_unit': 's', 'x_type': 'Time', 'y': [-10.07874870300293], 'y_unit': 'V', 'y_type': 'Potential'} 

2024-05-27 13:06:27,335 - INFO -run_logger.palmsens_driver 
 	 Data received: {'index': 121, 'x': [30.0], 'x_unit': 's', 'x_type': 'Time', 'y': [-10.079061508178711], 'y_unit': 'V', 'y_type': 'Potential'} 

2024-05-27 13:06:27,365 - INFO -run_logger.palmsens_driver 
 	 result:
{'Title': 'Open Circuit Potentiometry', 'timestamp': '27/05/2024 13:05:55', 'current_arrays': [[0.2384185791015625, 0.2384185791015625, 0.2384185791015625, 0.2384185791015625, 0.2384185791015625, 0.2384185791015625, 0.2384185791015625, 0.2384185791015625, 0.2384185791015625, 0.2384185791015625, 0.2384185791015625, 0.2384185791015625, 0.2384185791015625, 0.2384185791015625, 0.2384185791015625, 0.2384185791015625, 0.2384185791015625, 0.2384185791015625, 0.2384185791015625, 0.2384185791015625, 0.2384185791015625, 0.2384185791015625, 0.2384185791015625, 0.2384185791015625, 0.2384185791015625, 0.2384185791015625, 0.2384185791015625, 0.2384185791015625, 0.2384185791015625, 0.2384185791015625, 0.2384185791015625, 0.2384185791015625, 0.2384185791015625, 0.2384185791015625, 0.2384185791015625, 0.2384185791015625, 0.2384185791015625, 0.2384185791015625, 0.2384185791015625, 0.2384185791015625, 0.2384185791015625, 0.2384185791015625, 0.2384185791015625, 0.2384185791015625, 0.2384185791015625, 0.2384185791015625, 0.2384185791015625, 0.2384185791015625, 0.2384185791015625, 0.2384185791015625, 0.2384185791015625, 0.2384185791015625, 0.2384185791015625, 0.2384185791015625, 0.2384185791015625, 0.2384185791015625, 0.2384185791015625, 0.2384185791015625, 0.2384185791015625, 0.2384185791015625, 0.2384185791015625, 0.2384185791015625, 0.2384185791015625, 0.2384185791015625, 0.2384185791015625, 0.2384185791015625, 0.2384185791015625, 0.2384185791015625, 0.2384185791015625, 0.2384185791015625, 0.2384185791015625, 0.2384185791015625, 0.2384185791015625, 0.2384185791015625, 0.2384185791015625, 0.2384185791015625, 0.2384185791015625, 0.2384185791015625, 0.2384185791015625, 0.2384185791015625, 0.2384185791015625, 0.2384185791015625, 0.2384185791015625, 0.2384185791015625, 0.2384185791015625, 0.2384185791015625, 0.2384185791015625, 0.2384185791015625, 0.2384185791015625, 0.2384185791015625, 0.2384185791015625, 0.2384185791015625, 0.2384185791015625, 0.2384185791015625, 0.2384185791015625, 0.2384185791015625, 0.2384185791015625, 0.2384185791015625, 0.2384185791015625, 0.2384185791015625, 0.2384185791015625, 0.2384185791015625, 0.2384185791015625, 0.2384185791015625, 0.2384185791015625, 0.2384185791015625, 0.2384185791015625, 0.2384185791015625, 0.2384185791015625, 0.2384185791015625, 0.2384185791015625, 0.2384185791015625, 0.2384185791015625, 0.2384185791015625, 0.2384185791015625, 0.2384185791015625, 0.2384185791015625, 0.2384185791015625, 0.2384185791015625, 0.2384185791015625, 0.2384185791015625]], 'potential_arrays': [[-10.00452995300293, -10.005232810974121, -10.005780220031738, -10.00648307800293, -10.006952285766602, -10.007498741149902, -10.008201599121094, -10.008670806884766, -10.009451866149902, -10.010154724121094, -10.010780334472656, -10.011561393737793, -10.012107849121094, -10.012889862060547, -10.013592720031738, -10.014139175415039, -10.014921188354492, -10.015624046325684, -10.01624870300293, -10.017107963562012, -10.017733573913574, -10.018436431884766, -10.019139289855957, -10.019608497619629, -10.020389556884766, -10.021092414855957, -10.02171802520752, -10.022499084472656, -10.023123741149902, -10.023904800415039, -10.024608612060547, -10.025311470031738, -10.02601432800293, -10.026718139648438, -10.027499198913574, -10.02812385559082, -10.028748512268066, -10.029452323913574, -10.030233383178711, -10.030936241149902, -10.031561851501465, -10.032186508178711, -10.032967567443848, -10.033514976501465, -10.034374237060547, -10.034920692443848, -10.03554630279541, -10.036405563354492, -10.037186622619629, -10.037967681884766, -10.038592338562012, -10.039139747619629, -10.039999008178711, -10.040468215942383, -10.041171073913574, -10.041873931884766, -10.042576789855957, -10.043436050415039, -10.044061660766602, -10.044686317443848, -10.045467376708984, -10.046171188354492, -10.046952247619629, -10.04765510559082, -10.048280715942383, -10.04906177520752, -10.049686431884766, -10.050311088562012, -10.05101490020752, -10.05156135559082, -10.052342414855957, -10.052811622619629, -10.053436279296875, -10.054140090942383, -10.054764747619629, -10.055389404296875, -10.055936813354492, -10.056639671325684, -10.057342529296875, -10.057889938354492, -10.058436393737793, -10.059062004089355, -10.059530258178711, -10.060233116149902, -10.060702323913574, -10.061248779296875, -10.061639785766602, -10.062264442443848, -10.06289005279541, -10.063436508178711, -10.064061164855957, -10.06468677520752, -10.06523323059082, -10.065858840942383, -10.066405296325684, -10.0669527053833, -10.067655563354492, -10.068045616149902, -10.068671226501465, -10.069217681884766, -10.069843292236328, -10.070076942443848, -10.070624351501465, -10.071170806884766, -10.071640014648438, -10.072186470031738, -10.07288932800293, -10.073358535766602, -10.073904991149902, -10.074374198913574, -10.0747652053833, -10.075311660766602, -10.075702667236328, -10.076170921325684, -10.0767183303833, -10.077108383178711, -10.077655792236328, -10.077967643737793, -10.07835865020752, -10.07874870300293, -10.079061508178711]], 'time_arrays': [[0.0, 0.25, 0.5, 0.75, 1.0, 1.25, 1.5, 1.75, 2.0, 2.25, 2.5, 2.75, 3.0, 3.25, 3.5, 3.75, 4.0, 4.25, 4.5, 4.75, 5.0, 5.25, 5.5, 5.75, 6.0, 6.25, 6.5, 6.75, 7.0, 7.25, 7.5, 7.75, 8.0, 8.25, 8.5, 8.75, 9.0, 9.25, 9.5, 9.75, 10.0, 10.25, 10.5, 10.75, 11.0, 11.25, 11.5, 11.75, 12.0, 12.25, 12.5, 12.75, 13.0, 13.25, 13.5, 13.75, 14.0, 14.25, 14.5, 14.75, 15.0, 15.25, 15.5, 15.75, 16.0, 16.25, 16.5, 16.75, 17.0, 17.25, 17.5, 17.75, 18.0, 18.25, 18.5, 18.75, 19.0, 19.25, 19.5, 19.75, 20.0, 20.25, 20.5, 20.75, 21.0, 21.25, 21.5, 21.75, 22.0, 22.25, 22.5, 22.75, 23.0, 23.25, 23.5, 23.75, 24.0, 24.25, 24.5, 24.75, 25.0, 25.25, 25.5, 25.75, 26.0, 26.25, 26.5, 26.75, 27.0, 27.25, 27.5, 27.75, 28.0, 28.25, 28.5, 28.75, 29.0, 29.25, 29.5, 29.75, 30.0]], 'freq_arrays': [], 'zre_arrays': [], 'zim_arrays': [], 'aux_input_arrays': [], 'peaks': [], 'eis_fit': []} 

2024-05-27 13:06:29,645 - INFO -run_logger.palmsens_driver 
 	 Data received: {'index': 1, 'frequency': [100000.0], 'zre': [-193.90185033760852], 'zim': [92.70649586443578]} 

2024-05-27 13:06:30,892 - INFO -run_logger.palmsens_driver 
 	 Data received: {'index': 2, 'frequency': [79432.8203125], 'zre': [8.90887022456389], 'zim': [-29.805467447179414]} 

2024-05-27 13:06:32,142 - INFO -run_logger.palmsens_driver 
 	 Data received: {'index': 3, 'frequency': [63095.734375], 'zre': [-51.055394125527904], 'zim': [30.60475451391403]} 

