2024-06-17 15:23:11,455 - INFO -run_logger.palmsens_driver 
 	 Successfully connected to PalmSens4 [1]. 

2024-06-17 15:23:13,406 - INFO -run_logger.palmsens_driver 
 	 Data received: {'index': 1, 'x': [0.0], 'x_unit': 's', 'x_type': 'Time', 'y': [-2.0057497024536133], 'y_unit': 'V', 'y_type': 'Potential'} 

2024-06-17 15:23:13,683 - INFO -run_logger.palmsens_driver 
 	 Data received: {'index': 2, 'x': [0.25], 'x_unit': 's', 'x_type': 'Time', 'y': [-2.004812240600586], 'y_unit': 'V', 'y_type': 'Potential'} 

2024-06-17 15:23:13,918 - INFO -run_logger.palmsens_driver 
 	 Data received: {'index': 3, 'x': [0.5], 'x_unit': 's', 'x_type': 'Time', 'y': [-2.0047340393066406], 'y_unit': 'V', 'y_type': 'Potential'} 

2024-06-17 15:23:14,150 - INFO -run_logger.palmsens_driver 
 	 Data received: {'index': 4, 'x': [0.75], 'x_unit': 's', 'x_type': 'Time', 'y': [-2.004812240600586], 'y_unit': 'V', 'y_type': 'Potential'} 

2024-06-17 15:23:14,434 - INFO -run_logger.palmsens_driver 
 	 Data received: {'index': 5, 'x': [1.0], 'x_unit': 's', 'x_type': 'Time', 'y': [-2.0046558380126953], 'y_unit': 'V', 'y_type': 'Potential'} 

2024-06-17 15:23:14,669 - INFO -run_logger.palmsens_driver 
 	 Data received: {'index': 6, 'x': [1.25], 'x_unit': 's', 'x_type': 'Time', 'y': [-2.0046558380126953], 'y_unit': 'V', 'y_type': 'Potential'} 

2024-06-17 15:23:14,904 - INFO -run_logger.palmsens_driver 
 	 Data received: {'index': 7, 'x': [1.5], 'x_unit': 's', 'x_type': 'Time', 'y': [-2.0047340393066406], 'y_unit': 'V', 'y_type': 'Potential'} 

2024-06-17 15:23:15,184 - INFO -run_logger.palmsens_driver 
 	 Data received: {'index': 8, 'x': [1.75], 'x_unit': 's', 'x_type': 'Time', 'y': [-2.0046558380126953], 'y_unit': 'V', 'y_type': 'Potential'} 

2024-06-17 15:23:15,418 - INFO -run_logger.palmsens_driver 
 	 Data received: {'index': 9, 'x': [2.0], 'x_unit': 's', 'x_type': 'Time', 'y': [-2.0047340393066406], 'y_unit': 'V', 'y_type': 'Potential'} 

2024-06-17 15:23:15,652 - INFO -run_logger.palmsens_driver 
 	 Data received: {'index': 10, 'x': [2.25], 'x_unit': 's', 'x_type': 'Time', 'y': [-2.0047340393066406], 'y_unit': 'V', 'y_type': 'Potential'} 

2024-06-17 15:23:15,934 - INFO -run_logger.palmsens_driver 
 	 Data received: {'index': 11, 'x': [2.5], 'x_unit': 's', 'x_type': 'Time', 'y': [-2.0046558380126953], 'y_unit': 'V', 'y_type': 'Potential'} 

2024-06-17 15:23:16,169 - INFO -run_logger.palmsens_driver 
 	 Data received: {'index': 12, 'x': [2.75], 'x_unit': 's', 'x_type': 'Time', 'y': [-2.0046558380126953], 'y_unit': 'V', 'y_type': 'Potential'} 

2024-06-17 15:23:16,406 - INFO -run_logger.palmsens_driver 
 	 Data received: {'index': 13, 'x': [3.0], 'x_unit': 's', 'x_type': 'Time', 'y': [-2.00457763671875], 'y_unit': 'V', 'y_type': 'Potential'} 

2024-06-17 15:23:16,688 - INFO -run_logger.palmsens_driver 
 	 Data received: {'index': 14, 'x': [3.25], 'x_unit': 's', 'x_type': 'Time', 'y': [-2.0046558380126953], 'y_unit': 'V', 'y_type': 'Potential'} 

2024-06-17 15:23:16,923 - INFO -run_logger.palmsens_driver 
 	 Data received: {'index': 15, 'x': [3.5], 'x_unit': 's', 'x_type': 'Time', 'y': [-2.0044994354248047], 'y_unit': 'V', 'y_type': 'Potential'} 

2024-06-17 15:23:17,154 - INFO -run_logger.palmsens_driver 
 	 Data received: {'index': 16, 'x': [3.75], 'x_unit': 's', 'x_type': 'Time', 'y': [-2.0044212341308594], 'y_unit': 'V', 'y_type': 'Potential'} 

2024-06-17 15:23:17,432 - INFO -run_logger.palmsens_driver 
 	 Data received: {'index': 17, 'x': [4.0], 'x_unit': 's', 'x_type': 'Time', 'y': [-2.004343032836914], 'y_unit': 'V', 'y_type': 'Potential'} 

2024-06-17 15:23:17,672 - INFO -run_logger.palmsens_driver 
 	 Data received: {'index': 18, 'x': [4.25], 'x_unit': 's', 'x_type': 'Time', 'y': [-2.004265785217285], 'y_unit': 'V', 'y_type': 'Potential'} 

2024-06-17 15:23:17,908 - INFO -run_logger.palmsens_driver 
 	 Data received: {'index': 19, 'x': [4.5], 'x_unit': 's', 'x_type': 'Time', 'y': [-2.004265785217285], 'y_unit': 'V', 'y_type': 'Potential'} 

2024-06-17 15:23:18,189 - INFO -run_logger.palmsens_driver 
 	 Data received: {'index': 20, 'x': [4.75], 'x_unit': 's', 'x_type': 'Time', 'y': [-2.004265785217285], 'y_unit': 'V', 'y_type': 'Potential'} 

2024-06-17 15:23:18,414 - INFO -run_logger.palmsens_driver 
 	 Data received: {'index': 21, 'x': [5.0], 'x_unit': 's', 'x_type': 'Time', 'y': [-2.00418758392334], 'y_unit': 'V', 'y_type': 'Potential'} 

2024-06-17 15:23:18,660 - INFO -run_logger.palmsens_driver 
 	 Data received: {'index': 22, 'x': [5.25], 'x_unit': 's', 'x_type': 'Time', 'y': [-2.004265785217285], 'y_unit': 'V', 'y_type': 'Potential'} 

2024-06-17 15:23:18,939 - INFO -run_logger.palmsens_driver 
 	 Data received: {'index': 23, 'x': [5.5], 'x_unit': 's', 'x_type': 'Time', 'y': [-2.00418758392334], 'y_unit': 'V', 'y_type': 'Potential'} 

2024-06-17 15:23:19,188 - INFO -run_logger.palmsens_driver 
 	 Data received: {'index': 24, 'x': [5.75], 'x_unit': 's', 'x_type': 'Time', 'y': [-2.00418758392334], 'y_unit': 'V', 'y_type': 'Potential'} 

2024-06-17 15:23:19,420 - INFO -run_logger.palmsens_driver 
 	 Data received: {'index': 25, 'x': [6.0], 'x_unit': 's', 'x_type': 'Time', 'y': [-2.00418758392334], 'y_unit': 'V', 'y_type': 'Potential'} 

2024-06-17 15:23:19,653 - INFO -run_logger.palmsens_driver 
 	 Data received: {'index': 26, 'x': [6.25], 'x_unit': 's', 'x_type': 'Time', 'y': [-2.004031181335449], 'y_unit': 'V', 'y_type': 'Potential'} 

2024-06-17 15:23:19,938 - INFO -run_logger.palmsens_driver 
 	 Data received: {'index': 27, 'x': [6.5], 'x_unit': 's', 'x_type': 'Time', 'y': [-2.0041093826293945], 'y_unit': 'V', 'y_type': 'Potential'} 

2024-06-17 15:23:20,165 - INFO -run_logger.palmsens_driver 
 	 Data received: {'index': 28, 'x': [6.75], 'x_unit': 's', 'x_type': 'Time', 'y': [-2.004031181335449], 'y_unit': 'V', 'y_type': 'Potential'} 

2024-06-17 15:23:20,405 - INFO -run_logger.palmsens_driver 
 	 Data received: {'index': 29, 'x': [7.0], 'x_unit': 's', 'x_type': 'Time', 'y': [-2.004031181335449], 'y_unit': 'V', 'y_type': 'Potential'} 

2024-06-17 15:23:20,683 - INFO -run_logger.palmsens_driver 
 	 Data received: {'index': 30, 'x': [7.25], 'x_unit': 's', 'x_type': 'Time', 'y': [-2.0041093826293945], 'y_unit': 'V', 'y_type': 'Potential'} 

2024-06-17 15:23:20,922 - INFO -run_logger.palmsens_driver 
 	 Data received: {'index': 31, 'x': [7.5], 'x_unit': 's', 'x_type': 'Time', 'y': [-2.004031181335449], 'y_unit': 'V', 'y_type': 'Potential'} 

2024-06-17 15:23:21,156 - INFO -run_logger.palmsens_driver 
 	 Data received: {'index': 32, 'x': [7.75], 'x_unit': 's', 'x_type': 'Time', 'y': [-2.004031181335449], 'y_unit': 'V', 'y_type': 'Potential'} 

2024-06-17 15:23:21,437 - INFO -run_logger.palmsens_driver 
 	 Data received: {'index': 33, 'x': [8.0], 'x_unit': 's', 'x_type': 'Time', 'y': [-2.004031181335449], 'y_unit': 'V', 'y_type': 'Potential'} 

2024-06-17 15:23:21,693 - INFO -run_logger.palmsens_driver 
 	 Data received: {'index': 34, 'x': [8.25], 'x_unit': 's', 'x_type': 'Time', 'y': [-2.003952980041504], 'y_unit': 'V', 'y_type': 'Potential'} 

2024-06-17 15:23:21,921 - INFO -run_logger.palmsens_driver 
 	 Data received: {'index': 35, 'x': [8.5], 'x_unit': 's', 'x_type': 'Time', 'y': [-2.003952980041504], 'y_unit': 'V', 'y_type': 'Potential'} 

2024-06-17 15:23:22,155 - INFO -run_logger.palmsens_driver 
 	 Data received: {'index': 36, 'x': [8.75], 'x_unit': 's', 'x_type': 'Time', 'y': [-2.0038747787475586], 'y_unit': 'V', 'y_type': 'Potential'} 

2024-06-17 15:23:22,438 - INFO -run_logger.palmsens_driver 
 	 Data received: {'index': 37, 'x': [9.0], 'x_unit': 's', 'x_type': 'Time', 'y': [-2.0038747787475586], 'y_unit': 'V', 'y_type': 'Potential'} 

2024-06-17 15:23:22,674 - INFO -run_logger.palmsens_driver 
 	 Data received: {'index': 38, 'x': [9.25], 'x_unit': 's', 'x_type': 'Time', 'y': [-2.003952980041504], 'y_unit': 'V', 'y_type': 'Potential'} 

2024-06-17 15:23:22,900 - INFO -run_logger.palmsens_driver 
 	 Data received: {'index': 39, 'x': [9.5], 'x_unit': 's', 'x_type': 'Time', 'y': [-2.0038747787475586], 'y_unit': 'V', 'y_type': 'Potential'} 

2024-06-17 15:23:23,188 - INFO -run_logger.palmsens_driver 
 	 Data received: {'index': 40, 'x': [9.75], 'x_unit': 's', 'x_type': 'Time', 'y': [-2.0038747787475586], 'y_unit': 'V', 'y_type': 'Potential'} 

2024-06-17 15:23:23,405 - INFO -run_logger.palmsens_driver 
 	 Data received: {'index': 41, 'x': [10.0], 'x_unit': 's', 'x_type': 'Time', 'y': [-2.0038747787475586], 'y_unit': 'V', 'y_type': 'Potential'} 

2024-06-17 15:23:23,684 - INFO -run_logger.palmsens_driver 
 	 Data received: {'index': 42, 'x': [10.25], 'x_unit': 's', 'x_type': 'Time', 'y': [-2.0038747787475586], 'y_unit': 'V', 'y_type': 'Potential'} 

2024-06-17 15:23:23,905 - INFO -run_logger.palmsens_driver 
 	 Data received: {'index': 43, 'x': [10.5], 'x_unit': 's', 'x_type': 'Time', 'y': [-2.0038747787475586], 'y_unit': 'V', 'y_type': 'Potential'} 

2024-06-17 15:23:24,186 - INFO -run_logger.palmsens_driver 
 	 Data received: {'index': 44, 'x': [10.75], 'x_unit': 's', 'x_type': 'Time', 'y': [-2.0038747787475586], 'y_unit': 'V', 'y_type': 'Potential'} 

2024-06-17 15:23:24,422 - INFO -run_logger.palmsens_driver 
 	 Data received: {'index': 45, 'x': [11.0], 'x_unit': 's', 'x_type': 'Time', 'y': [-2.0038747787475586], 'y_unit': 'V', 'y_type': 'Potential'} 

2024-06-17 15:23:24,655 - INFO -run_logger.palmsens_driver 
 	 Data received: {'index': 46, 'x': [11.25], 'x_unit': 's', 'x_type': 'Time', 'y': [-2.003718376159668], 'y_unit': 'V', 'y_type': 'Potential'} 

2024-06-17 15:23:24,945 - INFO -run_logger.palmsens_driver 
 	 Data received: {'index': 47, 'x': [11.5], 'x_unit': 's', 'x_type': 'Time', 'y': [-2.0037965774536133], 'y_unit': 'V', 'y_type': 'Potential'} 

2024-06-17 15:23:25,165 - INFO -run_logger.palmsens_driver 
 	 Data received: {'index': 48, 'x': [11.75], 'x_unit': 's', 'x_type': 'Time', 'y': [-2.0038747787475586], 'y_unit': 'V', 'y_type': 'Potential'} 

2024-06-17 15:23:25,407 - INFO -run_logger.palmsens_driver 
 	 Data received: {'index': 49, 'x': [12.0], 'x_unit': 's', 'x_type': 'Time', 'y': [-2.0037965774536133], 'y_unit': 'V', 'y_type': 'Potential'} 

2024-06-17 15:23:25,681 - INFO -run_logger.palmsens_driver 
 	 Data received: {'index': 50, 'x': [12.25], 'x_unit': 's', 'x_type': 'Time', 'y': [-2.0038747787475586], 'y_unit': 'V', 'y_type': 'Potential'} 

2024-06-17 15:23:25,925 - INFO -run_logger.palmsens_driver 
 	 Data received: {'index': 51, 'x': [12.5], 'x_unit': 's', 'x_type': 'Time', 'y': [-2.0038747787475586], 'y_unit': 'V', 'y_type': 'Potential'} 

2024-06-17 15:23:26,151 - INFO -run_logger.palmsens_driver 
 	 Data received: {'index': 52, 'x': [12.75], 'x_unit': 's', 'x_type': 'Time', 'y': [-2.0038747787475586], 'y_unit': 'V', 'y_type': 'Potential'} 

2024-06-17 15:23:26,433 - INFO -run_logger.palmsens_driver 
 	 Data received: {'index': 53, 'x': [13.0], 'x_unit': 's', 'x_type': 'Time', 'y': [-2.0038747787475586], 'y_unit': 'V', 'y_type': 'Potential'} 

2024-06-17 15:23:26,672 - INFO -run_logger.palmsens_driver 
 	 Data received: {'index': 54, 'x': [13.25], 'x_unit': 's', 'x_type': 'Time', 'y': [-2.0037965774536133], 'y_unit': 'V', 'y_type': 'Potential'} 

2024-06-17 15:23:26,905 - INFO -run_logger.palmsens_driver 
 	 Data received: {'index': 55, 'x': [13.5], 'x_unit': 's', 'x_type': 'Time', 'y': [-2.0038747787475586], 'y_unit': 'V', 'y_type': 'Potential'} 

2024-06-17 15:23:27,185 - INFO -run_logger.palmsens_driver 
 	 Data received: {'index': 56, 'x': [13.75], 'x_unit': 's', 'x_type': 'Time', 'y': [-2.0037965774536133], 'y_unit': 'V', 'y_type': 'Potential'} 

2024-06-17 15:23:27,422 - INFO -run_logger.palmsens_driver 
 	 Data received: {'index': 57, 'x': [14.0], 'x_unit': 's', 'x_type': 'Time', 'y': [-2.003718376159668], 'y_unit': 'V', 'y_type': 'Potential'} 

2024-06-17 15:23:27,659 - INFO -run_logger.palmsens_driver 
 	 Data received: {'index': 58, 'x': [14.25], 'x_unit': 's', 'x_type': 'Time', 'y': [-2.0037965774536133], 'y_unit': 'V', 'y_type': 'Potential'} 

2024-06-17 15:23:27,938 - INFO -run_logger.palmsens_driver 
 	 Data received: {'index': 59, 'x': [14.5], 'x_unit': 's', 'x_type': 'Time', 'y': [-2.003718376159668], 'y_unit': 'V', 'y_type': 'Potential'} 

2024-06-17 15:23:28,174 - INFO -run_logger.palmsens_driver 
 	 Data received: {'index': 60, 'x': [14.75], 'x_unit': 's', 'x_type': 'Time', 'y': [-2.0036401748657227], 'y_unit': 'V', 'y_type': 'Potential'} 

2024-06-17 15:23:28,403 - INFO -run_logger.palmsens_driver 
 	 Data received: {'index': 61, 'x': [15.0], 'x_unit': 's', 'x_type': 'Time', 'y': [-2.003718376159668], 'y_unit': 'V', 'y_type': 'Potential'} 

2024-06-17 15:23:28,692 - INFO -run_logger.palmsens_driver 
 	 Data received: {'index': 62, 'x': [15.25], 'x_unit': 's', 'x_type': 'Time', 'y': [-2.0036401748657227], 'y_unit': 'V', 'y_type': 'Potential'} 

2024-06-17 15:23:28,920 - INFO -run_logger.palmsens_driver 
 	 Data received: {'index': 63, 'x': [15.5], 'x_unit': 's', 'x_type': 'Time', 'y': [-2.0036401748657227], 'y_unit': 'V', 'y_type': 'Potential'} 

2024-06-17 15:23:29,159 - INFO -run_logger.palmsens_driver 
 	 Data received: {'index': 64, 'x': [15.75], 'x_unit': 's', 'x_type': 'Time', 'y': [-2.0035619735717773], 'y_unit': 'V', 'y_type': 'Potential'} 

2024-06-17 15:23:29,437 - INFO -run_logger.palmsens_driver 
 	 Data received: {'index': 65, 'x': [16.0], 'x_unit': 's', 'x_type': 'Time', 'y': [-2.003483772277832], 'y_unit': 'V', 'y_type': 'Potential'} 

2024-06-17 15:23:29,673 - INFO -run_logger.palmsens_driver 
 	 Data received: {'index': 66, 'x': [16.25], 'x_unit': 's', 'x_type': 'Time', 'y': [-2.0034055709838867], 'y_unit': 'V', 'y_type': 'Potential'} 

2024-06-17 15:23:29,905 - INFO -run_logger.palmsens_driver 
 	 Data received: {'index': 67, 'x': [16.5], 'x_unit': 's', 'x_type': 'Time', 'y': [-2.0032501220703125], 'y_unit': 'V', 'y_type': 'Potential'} 

2024-06-17 15:23:30,188 - INFO -run_logger.palmsens_driver 
 	 Data received: {'index': 68, 'x': [16.75], 'x_unit': 's', 'x_type': 'Time', 'y': [-2.0034055709838867], 'y_unit': 'V', 'y_type': 'Potential'} 

2024-06-17 15:23:30,420 - INFO -run_logger.palmsens_driver 
 	 Data received: {'index': 69, 'x': [17.0], 'x_unit': 's', 'x_type': 'Time', 'y': [-2.003328323364258], 'y_unit': 'V', 'y_type': 'Potential'} 

2024-06-17 15:23:30,691 - INFO -run_logger.palmsens_driver 
 	 Data received: {'index': 70, 'x': [17.25], 'x_unit': 's', 'x_type': 'Time', 'y': [-2.0032501220703125], 'y_unit': 'V', 'y_type': 'Potential'} 

2024-06-17 15:23:30,921 - INFO -run_logger.palmsens_driver 
 	 Data received: {'index': 71, 'x': [17.5], 'x_unit': 's', 'x_type': 'Time', 'y': [-2.0032501220703125], 'y_unit': 'V', 'y_type': 'Potential'} 

2024-06-17 15:23:31,158 - INFO -run_logger.palmsens_driver 
 	 Data received: {'index': 72, 'x': [17.75], 'x_unit': 's', 'x_type': 'Time', 'y': [-2.003171920776367], 'y_unit': 'V', 'y_type': 'Potential'} 

2024-06-17 15:23:31,437 - INFO -run_logger.palmsens_driver 
 	 Data received: {'index': 73, 'x': [18.0], 'x_unit': 's', 'x_type': 'Time', 'y': [-2.003171920776367], 'y_unit': 'V', 'y_type': 'Potential'} 

2024-06-17 15:23:31,670 - INFO -run_logger.palmsens_driver 
 	 Data received: {'index': 74, 'x': [18.25], 'x_unit': 's', 'x_type': 'Time', 'y': [-2.003093719482422], 'y_unit': 'V', 'y_type': 'Potential'} 

2024-06-17 15:23:31,903 - INFO -run_logger.palmsens_driver 
 	 Data received: {'index': 75, 'x': [18.5], 'x_unit': 's', 'x_type': 'Time', 'y': [-2.003093719482422], 'y_unit': 'V', 'y_type': 'Potential'} 

2024-06-17 15:23:32,187 - INFO -run_logger.palmsens_driver 
 	 Data received: {'index': 76, 'x': [18.75], 'x_unit': 's', 'x_type': 'Time', 'y': [-2.003093719482422], 'y_unit': 'V', 'y_type': 'Potential'} 

2024-06-17 15:23:32,421 - INFO -run_logger.palmsens_driver 
 	 Data received: {'index': 77, 'x': [19.0], 'x_unit': 's', 'x_type': 'Time', 'y': [-2.0029373168945312], 'y_unit': 'V', 'y_type': 'Potential'} 

2024-06-17 15:23:32,656 - INFO -run_logger.palmsens_driver 
 	 Data received: {'index': 78, 'x': [19.25], 'x_unit': 's', 'x_type': 'Time', 'y': [-2.0029373168945312], 'y_unit': 'V', 'y_type': 'Potential'} 

2024-06-17 15:23:32,937 - INFO -run_logger.palmsens_driver 
 	 Data received: {'index': 79, 'x': [19.5], 'x_unit': 's', 'x_type': 'Time', 'y': [-2.0030155181884766], 'y_unit': 'V', 'y_type': 'Potential'} 

2024-06-17 15:23:33,172 - INFO -run_logger.palmsens_driver 
 	 Data received: {'index': 80, 'x': [19.75], 'x_unit': 's', 'x_type': 'Time', 'y': [-2.0029373168945312], 'y_unit': 'V', 'y_type': 'Potential'} 

2024-06-17 15:23:33,404 - INFO -run_logger.palmsens_driver 
 	 Data received: {'index': 81, 'x': [20.0], 'x_unit': 's', 'x_type': 'Time', 'y': [-2.0030155181884766], 'y_unit': 'V', 'y_type': 'Potential'} 

2024-06-17 15:23:33,425 - INFO -run_logger.palmsens_driver 
 	 result:
{'Title': 'Open Circuit Potentiometry', 'timestamp': '17/06/2024 15:23:12', 'current_arrays': [[0.2384185791015625, 0.2384185791015625, 0.2384185791015625, 0.2384185791015625, 0.2384185791015625, 0.2384185791015625, 0.2384185791015625, 0.2384185791015625, 0.2384185791015625, 0.2384185791015625, 0.2384185791015625, 0.2384185791015625, 0.2384185791015625, 0.2384185791015625, 0.2384185791015625, 0.2384185791015625, 0.2384185791015625, 0.2384185791015625, 0.2384185791015625, 0.2384185791015625, 0.2384185791015625, 0.2384185791015625, 0.2384185791015625, 0.2384185791015625, 0.2384185791015625, 0.2384185791015625, 0.2384185791015625, 0.2384185791015625, 0.2384185791015625, 0.2384185791015625, 0.2384185791015625, 0.2384185791015625, 0.2384185791015625, 0.2384185791015625, 0.2384185791015625, 0.2384185791015625, 0.2384185791015625, 0.2384185791015625, 0.2384185791015625, 0.2384185791015625, 0.2384185791015625, 0.2384185791015625, 0.2384185791015625, 0.2384185791015625, 0.2384185791015625, 0.2384185791015625, 0.2384185791015625, 0.2384185791015625, 0.2384185791015625, 0.2384185791015625, 0.2384185791015625, 0.2384185791015625, 0.2384185791015625, 0.2384185791015625, 0.2384185791015625, 0.2384185791015625, 0.2384185791015625, 0.2384185791015625, 0.2384185791015625, 0.2384185791015625, 0.2384185791015625, 0.2384185791015625, 0.2384185791015625, 0.2384185791015625, 0.2384185791015625, 0.2384185791015625, 0.2384185791015625, 0.2384185791015625, 0.2384185791015625, 0.2384185791015625, 0.2384185791015625, 0.2384185791015625, 0.2384185791015625, 0.2384185791015625, 0.2384185791015625, 0.2384185791015625, 0.2384185791015625, 0.2384185791015625, 0.2384185791015625, 0.2384185791015625, 0.2384185791015625]], 'potential_arrays': [[-2.0057497024536133, -2.004812240600586, -2.0047340393066406, -2.004812240600586, -2.0046558380126953, -2.0046558380126953, -2.0047340393066406, -2.0046558380126953, -2.0047340393066406, -2.0047340393066406, -2.0046558380126953, -2.0046558380126953, -2.00457763671875, -2.0046558380126953, -2.0044994354248047, -2.0044212341308594, -2.004343032836914, -2.004265785217285, -2.004265785217285, -2.004265785217285, -2.00418758392334, -2.004265785217285, -2.00418758392334, -2.00418758392334, -2.00418758392334, -2.004031181335449, -2.0041093826293945, -2.004031181335449, -2.004031181335449, -2.0041093826293945, -2.004031181335449, -2.004031181335449, -2.004031181335449, -2.003952980041504, -2.003952980041504, -2.0038747787475586, -2.0038747787475586, -2.003952980041504, -2.0038747787475586, -2.0038747787475586, -2.0038747787475586, -2.0038747787475586, -2.0038747787475586, -2.0038747787475586, -2.0038747787475586, -2.003718376159668, -2.0037965774536133, -2.0038747787475586, -2.0037965774536133, -2.0038747787475586, -2.0038747787475586, -2.0038747787475586, -2.0038747787475586, -2.0037965774536133, -2.0038747787475586, -2.0037965774536133, -2.003718376159668, -2.0037965774536133, -2.003718376159668, -2.0036401748657227, -2.003718376159668, -2.0036401748657227, -2.0036401748657227, -2.0035619735717773, -2.003483772277832, -2.0034055709838867, -2.0032501220703125, -2.0034055709838867, -2.003328323364258, -2.0032501220703125, -2.0032501220703125, -2.003171920776367, -2.003171920776367, -2.003093719482422, -2.003093719482422, -2.003093719482422, -2.0029373168945312, -2.0029373168945312, -2.0030155181884766, -2.0029373168945312, -2.0030155181884766]], 'time_arrays': [[0.0, 0.25, 0.5, 0.75, 1.0, 1.25, 1.5, 1.75, 2.0, 2.25, 2.5, 2.75, 3.0, 3.25, 3.5, 3.75, 4.0, 4.25, 4.5, 4.75, 5.0, 5.25, 5.5, 5.75, 6.0, 6.25, 6.5, 6.75, 7.0, 7.25, 7.5, 7.75, 8.0, 8.25, 8.5, 8.75, 9.0, 9.25, 9.5, 9.75, 10.0, 10.25, 10.5, 10.75, 11.0, 11.25, 11.5, 11.75, 12.0, 12.25, 12.5, 12.75, 13.0, 13.25, 13.5, 13.75, 14.0, 14.25, 14.5, 14.75, 15.0, 15.25, 15.5, 15.75, 16.0, 16.25, 16.5, 16.75, 17.0, 17.25, 17.5, 17.75, 18.0, 18.25, 18.5, 18.75, 19.0, 19.25, 19.5, 19.75, 20.0]], 'freq_arrays': [], 'zre_arrays': [], 'zim_arrays': [], 'aux_input_arrays': [], 'peaks': [], 'eis_fit': []} 

2024-06-17 15:23:38,906 - INFO -run_logger.palmsens_driver 
 	 Data received: {'index': 1, 'x': [0.0], 'x_unit': 's', 'x_type': 'Time', 'y': [-2.00223445892334], 'y_unit': 'V', 'y_type': 'Potential'} 

2024-06-17 15:23:39,189 - INFO -run_logger.palmsens_driver 
 	 Data received: {'index': 2, 'x': [0.25], 'x_unit': 's', 'x_type': 'Time', 'y': [-2.002312660217285], 'y_unit': 'V', 'y_type': 'Potential'} 

2024-06-17 15:23:39,419 - INFO -run_logger.palmsens_driver 
 	 Data received: {'index': 3, 'x': [0.5], 'x_unit': 's', 'x_type': 'Time', 'y': [-2.00223445892334], 'y_unit': 'V', 'y_type': 'Potential'} 

2024-06-17 15:23:39,657 - INFO -run_logger.palmsens_driver 
 	 Data received: {'index': 4, 'x': [0.75], 'x_unit': 's', 'x_type': 'Time', 'y': [-2.00223445892334], 'y_unit': 'V', 'y_type': 'Potential'} 

2024-06-17 15:23:39,938 - INFO -run_logger.palmsens_driver 
 	 Data received: {'index': 5, 'x': [1.0], 'x_unit': 's', 'x_type': 'Time', 'y': [-2.002312660217285], 'y_unit': 'V', 'y_type': 'Potential'} 

2024-06-17 15:23:40,172 - INFO -run_logger.palmsens_driver 
 	 Data received: {'index': 6, 'x': [1.25], 'x_unit': 's', 'x_type': 'Time', 'y': [-2.00223445892334], 'y_unit': 'V', 'y_type': 'Potential'} 

2024-06-17 15:23:40,404 - INFO -run_logger.palmsens_driver 
 	 Data received: {'index': 7, 'x': [1.5], 'x_unit': 's', 'x_type': 'Time', 'y': [-2.002312660217285], 'y_unit': 'V', 'y_type': 'Potential'} 

2024-06-17 15:23:40,689 - INFO -run_logger.palmsens_driver 
 	 Data received: {'index': 8, 'x': [1.75], 'x_unit': 's', 'x_type': 'Time', 'y': [-2.0021562576293945], 'y_unit': 'V', 'y_type': 'Potential'} 

2024-06-17 15:23:40,920 - INFO -run_logger.palmsens_driver 
 	 Data received: {'index': 9, 'x': [2.0], 'x_unit': 's', 'x_type': 'Time', 'y': [-2.00223445892334], 'y_unit': 'V', 'y_type': 'Potential'} 

2024-06-17 15:23:41,154 - INFO -run_logger.palmsens_driver 
 	 Data received: {'index': 10, 'x': [2.25], 'x_unit': 's', 'x_type': 'Time', 'y': [-2.002312660217285], 'y_unit': 'V', 'y_type': 'Potential'} 

2024-06-17 15:23:41,438 - INFO -run_logger.palmsens_driver 
 	 Data received: {'index': 11, 'x': [2.5], 'x_unit': 's', 'x_type': 'Time', 'y': [-2.00223445892334], 'y_unit': 'V', 'y_type': 'Potential'} 

2024-06-17 15:23:41,671 - INFO -run_logger.palmsens_driver 
 	 Data received: {'index': 12, 'x': [2.75], 'x_unit': 's', 'x_type': 'Time', 'y': [-2.00223445892334], 'y_unit': 'V', 'y_type': 'Potential'} 

2024-06-17 15:23:41,905 - INFO -run_logger.palmsens_driver 
 	 Data received: {'index': 13, 'x': [3.0], 'x_unit': 's', 'x_type': 'Time', 'y': [-2.0021562576293945], 'y_unit': 'V', 'y_type': 'Potential'} 

2024-06-17 15:23:42,189 - INFO -run_logger.palmsens_driver 
 	 Data received: {'index': 14, 'x': [3.25], 'x_unit': 's', 'x_type': 'Time', 'y': [-2.0021562576293945], 'y_unit': 'V', 'y_type': 'Potential'} 

2024-06-17 15:23:42,419 - INFO -run_logger.palmsens_driver 
 	 Data received: {'index': 15, 'x': [3.5], 'x_unit': 's', 'x_type': 'Time', 'y': [-2.0021562576293945], 'y_unit': 'V', 'y_type': 'Potential'} 

2024-06-17 15:23:42,658 - INFO -run_logger.palmsens_driver 
 	 Data received: {'index': 16, 'x': [3.75], 'x_unit': 's', 'x_type': 'Time', 'y': [-2.0021562576293945], 'y_unit': 'V', 'y_type': 'Potential'} 

2024-06-17 15:23:42,938 - INFO -run_logger.palmsens_driver 
 	 Data received: {'index': 17, 'x': [4.0], 'x_unit': 's', 'x_type': 'Time', 'y': [-2.0021562576293945], 'y_unit': 'V', 'y_type': 'Potential'} 

2024-06-17 15:23:43,170 - INFO -run_logger.palmsens_driver 
 	 Data received: {'index': 18, 'x': [4.25], 'x_unit': 's', 'x_type': 'Time', 'y': [-2.00223445892334], 'y_unit': 'V', 'y_type': 'Potential'} 

2024-06-17 15:23:43,406 - INFO -run_logger.palmsens_driver 
 	 Data received: {'index': 19, 'x': [4.5], 'x_unit': 's', 'x_type': 'Time', 'y': [-2.002078056335449], 'y_unit': 'V', 'y_type': 'Potential'} 

2024-06-17 15:23:43,689 - INFO -run_logger.palmsens_driver 
 	 Data received: {'index': 20, 'x': [4.75], 'x_unit': 's', 'x_type': 'Time', 'y': [-2.0021562576293945], 'y_unit': 'V', 'y_type': 'Potential'} 

2024-06-17 15:23:43,920 - INFO -run_logger.palmsens_driver 
 	 Data received: {'index': 21, 'x': [5.0], 'x_unit': 's', 'x_type': 'Time', 'y': [-2.0021562576293945], 'y_unit': 'V', 'y_type': 'Potential'} 

2024-06-17 15:23:44,156 - INFO -run_logger.palmsens_driver 
 	 Data received: {'index': 22, 'x': [5.25], 'x_unit': 's', 'x_type': 'Time', 'y': [-2.00223445892334], 'y_unit': 'V', 'y_type': 'Potential'} 

2024-06-17 15:23:44,436 - INFO -run_logger.palmsens_driver 
 	 Data received: {'index': 23, 'x': [5.5], 'x_unit': 's', 'x_type': 'Time', 'y': [-2.002312660217285], 'y_unit': 'V', 'y_type': 'Potential'} 

2024-06-17 15:23:44,669 - INFO -run_logger.palmsens_driver 
 	 Data received: {'index': 24, 'x': [5.75], 'x_unit': 's', 'x_type': 'Time', 'y': [-2.0021562576293945], 'y_unit': 'V', 'y_type': 'Potential'} 

2024-06-17 15:23:44,902 - INFO -run_logger.palmsens_driver 
 	 Data received: {'index': 25, 'x': [6.0], 'x_unit': 's', 'x_type': 'Time', 'y': [-2.001999855041504], 'y_unit': 'V', 'y_type': 'Potential'} 

2024-06-17 15:23:45,189 - INFO -run_logger.palmsens_driver 
 	 Data received: {'index': 26, 'x': [6.25], 'x_unit': 's', 'x_type': 'Time', 'y': [-2.002078056335449], 'y_unit': 'V', 'y_type': 'Potential'} 

2024-06-17 15:23:45,419 - INFO -run_logger.palmsens_driver 
 	 Data received: {'index': 27, 'x': [6.5], 'x_unit': 's', 'x_type': 'Time', 'y': [-2.0016088485717773], 'y_unit': 'V', 'y_type': 'Potential'} 

2024-06-17 15:23:45,660 - INFO -run_logger.palmsens_driver 
 	 Data received: {'index': 28, 'x': [6.75], 'x_unit': 's', 'x_type': 'Time', 'y': [-2.0016870498657227], 'y_unit': 'V', 'y_type': 'Potential'} 

2024-06-17 15:23:45,938 - INFO -run_logger.palmsens_driver 
 	 Data received: {'index': 29, 'x': [7.0], 'x_unit': 's', 'x_type': 'Time', 'y': [-2.0016088485717773], 'y_unit': 'V', 'y_type': 'Potential'} 

2024-06-17 15:23:46,174 - INFO -run_logger.palmsens_driver 
 	 Data received: {'index': 30, 'x': [7.25], 'x_unit': 's', 'x_type': 'Time', 'y': [-1.995905876159668], 'y_unit': 'V', 'y_type': 'Potential'} 

2024-06-17 15:23:46,404 - INFO -run_logger.palmsens_driver 
 	 Data received: {'index': 31, 'x': [7.5], 'x_unit': 's', 'x_type': 'Time', 'y': [-2.000046730041504], 'y_unit': 'V', 'y_type': 'Potential'} 

2024-06-17 15:23:46,689 - INFO -run_logger.palmsens_driver 
 	 Data received: {'index': 32, 'x': [7.75], 'x_unit': 's', 'x_type': 'Time', 'y': [-1.9990310668945312], 'y_unit': 'V', 'y_type': 'Potential'} 

2024-06-17 15:23:46,920 - INFO -run_logger.palmsens_driver 
 	 Data received: {'index': 33, 'x': [8.0], 'x_unit': 's', 'x_type': 'Time', 'y': [-1.9985618591308594], 'y_unit': 'V', 'y_type': 'Potential'} 

2024-06-17 15:23:47,160 - INFO -run_logger.palmsens_driver 
 	 Data received: {'index': 34, 'x': [8.25], 'x_unit': 's', 'x_type': 'Time', 'y': [-2.001140594482422], 'y_unit': 'V', 'y_type': 'Potential'} 

2024-06-17 15:23:47,438 - INFO -run_logger.palmsens_driver 
 	 Data received: {'index': 35, 'x': [8.5], 'x_unit': 's', 'x_type': 'Time', 'y': [-2.0005931854248047], 'y_unit': 'V', 'y_type': 'Potential'} 

2024-06-17 15:23:47,675 - INFO -run_logger.palmsens_driver 
 	 Data received: {'index': 36, 'x': [8.75], 'x_unit': 's', 'x_type': 'Time', 'y': [-2.0021562576293945], 'y_unit': 'V', 'y_type': 'Potential'} 

2024-06-17 15:23:47,904 - INFO -run_logger.palmsens_driver 
 	 Data received: {'index': 37, 'x': [9.0], 'x_unit': 's', 'x_type': 'Time', 'y': [-2.00223445892334], 'y_unit': 'V', 'y_type': 'Potential'} 

2024-06-17 15:23:48,188 - INFO -run_logger.palmsens_driver 
 	 Data received: {'index': 38, 'x': [9.25], 'x_unit': 's', 'x_type': 'Time', 'y': [-2.0010623931884766], 'y_unit': 'V', 'y_type': 'Potential'} 

2024-06-17 15:23:48,419 - INFO -run_logger.palmsens_driver 
 	 Data received: {'index': 39, 'x': [9.5], 'x_unit': 's', 'x_type': 'Time', 'y': [-1.999577522277832], 'y_unit': 'V', 'y_type': 'Potential'} 

2024-06-17 15:23:48,655 - INFO -run_logger.palmsens_driver 
 	 Data received: {'index': 40, 'x': [9.75], 'x_unit': 's', 'x_type': 'Time', 'y': [-2.0019216537475586], 'y_unit': 'V', 'y_type': 'Potential'} 

2024-06-17 15:23:48,921 - INFO -run_logger.palmsens_driver 
 	 Data received: {'index': 41, 'x': [10.0], 'x_unit': 's', 'x_type': 'Time', 'y': [-2.0021562576293945], 'y_unit': 'V', 'y_type': 'Potential'} 

2024-06-17 15:23:49,156 - INFO -run_logger.palmsens_driver 
 	 Data received: {'index': 42, 'x': [10.25], 'x_unit': 's', 'x_type': 'Time', 'y': [-2.001218795776367], 'y_unit': 'V', 'y_type': 'Potential'} 

2024-06-17 15:23:49,439 - INFO -run_logger.palmsens_driver 
 	 Data received: {'index': 43, 'x': [10.5], 'x_unit': 's', 'x_type': 'Time', 'y': [-2.002389907836914], 'y_unit': 'V', 'y_type': 'Potential'} 

2024-06-17 15:23:49,672 - INFO -run_logger.palmsens_driver 
 	 Data received: {'index': 44, 'x': [10.75], 'x_unit': 's', 'x_type': 'Time', 'y': [-2.0021562576293945], 'y_unit': 'V', 'y_type': 'Potential'} 

2024-06-17 15:23:49,905 - INFO -run_logger.palmsens_driver 
 	 Data received: {'index': 45, 'x': [11.0], 'x_unit': 's', 'x_type': 'Time', 'y': [-2.002078056335449], 'y_unit': 'V', 'y_type': 'Potential'} 

2024-06-17 15:23:50,189 - INFO -run_logger.palmsens_driver 
 	 Data received: {'index': 46, 'x': [11.25], 'x_unit': 's', 'x_type': 'Time', 'y': [-2.0024681091308594], 'y_unit': 'V', 'y_type': 'Potential'} 

2024-06-17 15:23:50,417 - INFO -run_logger.palmsens_driver 
 	 Data received: {'index': 47, 'x': [11.5], 'x_unit': 's', 'x_type': 'Time', 'y': [-2.001999855041504], 'y_unit': 'V', 'y_type': 'Potential'} 

2024-06-17 15:23:50,658 - INFO -run_logger.palmsens_driver 
 	 Data received: {'index': 48, 'x': [11.75], 'x_unit': 's', 'x_type': 'Time', 'y': [-2.0025463104248047], 'y_unit': 'V', 'y_type': 'Potential'} 

2024-06-17 15:23:50,937 - INFO -run_logger.palmsens_driver 
 	 Data received: {'index': 49, 'x': [12.0], 'x_unit': 's', 'x_type': 'Time', 'y': [-2.0024681091308594], 'y_unit': 'V', 'y_type': 'Potential'} 

2024-06-17 15:23:51,172 - INFO -run_logger.palmsens_driver 
 	 Data received: {'index': 50, 'x': [12.25], 'x_unit': 's', 'x_type': 'Time', 'y': [-2.002389907836914], 'y_unit': 'V', 'y_type': 'Potential'} 

2024-06-17 15:23:51,405 - INFO -run_logger.palmsens_driver 
 	 Data received: {'index': 51, 'x': [12.5], 'x_unit': 's', 'x_type': 'Time', 'y': [-2.0025463104248047], 'y_unit': 'V', 'y_type': 'Potential'} 

2024-06-17 15:23:51,688 - INFO -run_logger.palmsens_driver 
 	 Data received: {'index': 52, 'x': [12.75], 'x_unit': 's', 'x_type': 'Time', 'y': [-2.0025463104248047], 'y_unit': 'V', 'y_type': 'Potential'} 

2024-06-17 15:23:51,919 - INFO -run_logger.palmsens_driver 
 	 Data received: {'index': 53, 'x': [13.0], 'x_unit': 's', 'x_type': 'Time', 'y': [-2.00262451171875], 'y_unit': 'V', 'y_type': 'Potential'} 

2024-06-17 15:23:52,155 - INFO -run_logger.palmsens_driver 
 	 Data received: {'index': 54, 'x': [13.25], 'x_unit': 's', 'x_type': 'Time', 'y': [-2.0024681091308594], 'y_unit': 'V', 'y_type': 'Potential'} 

2024-06-17 15:23:52,438 - INFO -run_logger.palmsens_driver 
 	 Data received: {'index': 55, 'x': [13.5], 'x_unit': 's', 'x_type': 'Time', 'y': [-2.0024681091308594], 'y_unit': 'V', 'y_type': 'Potential'} 

2024-06-17 15:23:52,673 - INFO -run_logger.palmsens_driver 
 	 Data received: {'index': 56, 'x': [13.75], 'x_unit': 's', 'x_type': 'Time', 'y': [-2.0025463104248047], 'y_unit': 'V', 'y_type': 'Potential'} 

2024-06-17 15:23:52,903 - INFO -run_logger.palmsens_driver 
 	 Data received: {'index': 57, 'x': [14.0], 'x_unit': 's', 'x_type': 'Time', 'y': [-2.0024681091308594], 'y_unit': 'V', 'y_type': 'Potential'} 

2024-06-17 15:23:53,187 - INFO -run_logger.palmsens_driver 
 	 Data received: {'index': 58, 'x': [14.25], 'x_unit': 's', 'x_type': 'Time', 'y': [-2.0024681091308594], 'y_unit': 'V', 'y_type': 'Potential'} 

2024-06-17 15:23:53,421 - INFO -run_logger.palmsens_driver 
 	 Data received: {'index': 59, 'x': [14.5], 'x_unit': 's', 'x_type': 'Time', 'y': [-2.002389907836914], 'y_unit': 'V', 'y_type': 'Potential'} 

2024-06-17 15:23:53,657 - INFO -run_logger.palmsens_driver 
 	 Data received: {'index': 60, 'x': [14.75], 'x_unit': 's', 'x_type': 'Time', 'y': [-2.0024681091308594], 'y_unit': 'V', 'y_type': 'Potential'} 

2024-06-17 15:23:53,938 - INFO -run_logger.palmsens_driver 
 	 Data received: {'index': 61, 'x': [15.0], 'x_unit': 's', 'x_type': 'Time', 'y': [-2.0025463104248047], 'y_unit': 'V', 'y_type': 'Potential'} 

2024-06-17 15:23:54,174 - INFO -run_logger.palmsens_driver 
 	 Data received: {'index': 62, 'x': [15.25], 'x_unit': 's', 'x_type': 'Time', 'y': [-2.0024681091308594], 'y_unit': 'V', 'y_type': 'Potential'} 

2024-06-17 15:23:54,405 - INFO -run_logger.palmsens_driver 
 	 Data received: {'index': 63, 'x': [15.5], 'x_unit': 's', 'x_type': 'Time', 'y': [-2.0025463104248047], 'y_unit': 'V', 'y_type': 'Potential'} 

2024-06-17 15:23:54,644 - INFO -run_logger.palmsens_driver 
 	 Data received: {'index': 64, 'x': [15.75], 'x_unit': 's', 'x_type': 'Time', 'y': [-2.00262451171875], 'y_unit': 'V', 'y_type': 'Potential'} 

2024-06-17 15:23:54,919 - INFO -run_logger.palmsens_driver 
 	 Data received: {'index': 65, 'x': [16.0], 'x_unit': 's', 'x_type': 'Time', 'y': [-2.00262451171875], 'y_unit': 'V', 'y_type': 'Potential'} 

2024-06-17 15:23:55,159 - INFO -run_logger.palmsens_driver 
 	 Data received: {'index': 66, 'x': [16.25], 'x_unit': 's', 'x_type': 'Time', 'y': [-2.00262451171875], 'y_unit': 'V', 'y_type': 'Potential'} 

2024-06-17 15:23:55,438 - INFO -run_logger.palmsens_driver 
 	 Data received: {'index': 67, 'x': [16.5], 'x_unit': 's', 'x_type': 'Time', 'y': [-2.00262451171875], 'y_unit': 'V', 'y_type': 'Potential'} 

2024-06-17 15:23:55,672 - INFO -run_logger.palmsens_driver 
 	 Data received: {'index': 68, 'x': [16.75], 'x_unit': 's', 'x_type': 'Time', 'y': [-2.0027027130126953], 'y_unit': 'V', 'y_type': 'Potential'} 

2024-06-17 15:23:55,905 - INFO -run_logger.palmsens_driver 
 	 Data received: {'index': 69, 'x': [17.0], 'x_unit': 's', 'x_type': 'Time', 'y': [-2.002859115600586], 'y_unit': 'V', 'y_type': 'Potential'} 

2024-06-17 15:23:56,186 - INFO -run_logger.palmsens_driver 
 	 Data received: {'index': 70, 'x': [17.25], 'x_unit': 's', 'x_type': 'Time', 'y': [-2.0027027130126953], 'y_unit': 'V', 'y_type': 'Potential'} 

2024-06-17 15:23:56,419 - INFO -run_logger.palmsens_driver 
 	 Data received: {'index': 71, 'x': [17.5], 'x_unit': 's', 'x_type': 'Time', 'y': [-2.002859115600586], 'y_unit': 'V', 'y_type': 'Potential'} 

2024-06-17 15:23:56,657 - INFO -run_logger.palmsens_driver 
 	 Data received: {'index': 72, 'x': [17.75], 'x_unit': 's', 'x_type': 'Time', 'y': [-2.002859115600586], 'y_unit': 'V', 'y_type': 'Potential'} 

2024-06-17 15:23:56,937 - INFO -run_logger.palmsens_driver 
 	 Data received: {'index': 73, 'x': [18.0], 'x_unit': 's', 'x_type': 'Time', 'y': [-2.002859115600586], 'y_unit': 'V', 'y_type': 'Potential'} 

2024-06-17 15:23:57,174 - INFO -run_logger.palmsens_driver 
 	 Data received: {'index': 74, 'x': [18.25], 'x_unit': 's', 'x_type': 'Time', 'y': [-2.0030155181884766], 'y_unit': 'V', 'y_type': 'Potential'} 

2024-06-17 15:23:57,403 - INFO -run_logger.palmsens_driver 
 	 Data received: {'index': 75, 'x': [18.5], 'x_unit': 's', 'x_type': 'Time', 'y': [-2.0029373168945312], 'y_unit': 'V', 'y_type': 'Potential'} 

2024-06-17 15:23:57,691 - INFO -run_logger.palmsens_driver 
 	 Data received: {'index': 76, 'x': [18.75], 'x_unit': 's', 'x_type': 'Time', 'y': [-2.003093719482422], 'y_unit': 'V', 'y_type': 'Potential'} 

2024-06-17 15:23:57,919 - INFO -run_logger.palmsens_driver 
 	 Data received: {'index': 77, 'x': [19.0], 'x_unit': 's', 'x_type': 'Time', 'y': [-2.003093719482422], 'y_unit': 'V', 'y_type': 'Potential'} 

2024-06-17 15:23:58,157 - INFO -run_logger.palmsens_driver 
 	 Data received: {'index': 78, 'x': [19.25], 'x_unit': 's', 'x_type': 'Time', 'y': [-2.0030155181884766], 'y_unit': 'V', 'y_type': 'Potential'} 

2024-06-17 15:23:58,438 - INFO -run_logger.palmsens_driver 
 	 Data received: {'index': 79, 'x': [19.5], 'x_unit': 's', 'x_type': 'Time', 'y': [-2.003093719482422], 'y_unit': 'V', 'y_type': 'Potential'} 

2024-06-17 15:23:58,674 - INFO -run_logger.palmsens_driver 
 	 Data received: {'index': 80, 'x': [19.75], 'x_unit': 's', 'x_type': 'Time', 'y': [-2.0030155181884766], 'y_unit': 'V', 'y_type': 'Potential'} 

2024-06-17 15:23:58,905 - INFO -run_logger.palmsens_driver 
 	 Data received: {'index': 81, 'x': [20.0], 'x_unit': 's', 'x_type': 'Time', 'y': [-2.003093719482422], 'y_unit': 'V', 'y_type': 'Potential'} 

2024-06-17 15:23:58,916 - INFO -run_logger.palmsens_driver 
 	 result:
{'Title': 'Open Circuit Potentiometry', 'timestamp': '17/06/2024 15:23:37', 'current_arrays': [[0.2384185791015625, 0.2384185791015625, 0.2384185791015625, 0.2384185791015625, 0.2384185791015625, 0.2384185791015625, 0.2384185791015625, 0.2384185791015625, 0.2384185791015625, 0.2384185791015625, 0.2384185791015625, 0.2384185791015625, 0.2384185791015625, 0.2384185791015625, 0.2384185791015625, 0.2384185791015625, 0.2384185791015625, 0.2384185791015625, 0.2384185791015625, 0.2384185791015625, 0.2384185791015625, 0.2384185791015625, 0.2384185791015625, 0.2384185791015625, 0.2384185791015625, 0.2384185791015625, 0.2384185791015625, 0.2384185791015625, 0.2384185791015625, 0.2384185791015625, 0.2384185791015625, 0.2384185791015625, 0.2384185791015625, 0.2384185791015625, 0.2384185791015625, 0.2384185791015625, 0.2384185791015625, 0.2384185791015625, 0.2384185791015625, 0.2384185791015625, 0.2384185791015625, 0.2384185791015625, 0.2384185791015625, 0.2384185791015625, 0.2384185791015625, 0.2384185791015625, 0.2384185791015625, 0.2384185791015625, 0.2384185791015625, 0.2384185791015625, 0.2384185791015625, 0.2384185791015625, 0.2384185791015625, 0.2384185791015625, 0.2384185791015625, 0.2384185791015625, 0.2384185791015625, 0.2384185791015625, 0.2384185791015625, 0.2384185791015625, 0.2384185791015625, 0.2384185791015625, 0.2384185791015625, 0.2384185791015625, 0.2384185791015625, 0.2384185791015625, 0.2384185791015625, 0.2384185791015625, 0.2384185791015625, 0.2384185791015625, 0.2384185791015625, 0.2384185791015625, 0.2384185791015625, 0.2384185791015625, 0.2384185791015625, 0.2384185791015625, 0.2384185791015625, 0.2384185791015625, 0.2384185791015625, 0.2384185791015625, 0.2384185791015625]], 'potential_arrays': [[-2.00223445892334, -2.002312660217285, -2.00223445892334, -2.00223445892334, -2.002312660217285, -2.00223445892334, -2.002312660217285, -2.0021562576293945, -2.00223445892334, -2.002312660217285, -2.00223445892334, -2.00223445892334, -2.0021562576293945, -2.0021562576293945, -2.0021562576293945, -2.0021562576293945, -2.0021562576293945, -2.00223445892334, -2.002078056335449, -2.0021562576293945, -2.0021562576293945, -2.00223445892334, -2.002312660217285, -2.0021562576293945, -2.001999855041504, -2.002078056335449, -2.0016088485717773, -2.0016870498657227, -2.0016088485717773, -1.995905876159668, -2.000046730041504, -1.9990310668945312, -1.9985618591308594, -2.001140594482422, -2.0005931854248047, -2.0021562576293945, -2.00223445892334, -2.0010623931884766, -1.999577522277832, -2.0019216537475586, -2.0021562576293945, -2.001218795776367, -2.002389907836914, -2.0021562576293945, -2.002078056335449, -2.0024681091308594, -2.001999855041504, -2.0025463104248047, -2.0024681091308594, -2.002389907836914, -2.0025463104248047, -2.0025463104248047, -2.00262451171875, -2.0024681091308594, -2.0024681091308594, -2.0025463104248047, -2.0024681091308594, -2.0024681091308594, -2.002389907836914, -2.0024681091308594, -2.0025463104248047, -2.0024681091308594, -2.0025463104248047, -2.00262451171875, -2.00262451171875, -2.00262451171875, -2.00262451171875, -2.0027027130126953, -2.002859115600586, -2.0027027130126953, -2.002859115600586, -2.002859115600586, -2.002859115600586, -2.0030155181884766, -2.0029373168945312, -2.003093719482422, -2.003093719482422, -2.0030155181884766, -2.003093719482422, -2.0030155181884766, -2.003093719482422]], 'time_arrays': [[0.0, 0.25, 0.5, 0.75, 1.0, 1.25, 1.5, 1.75, 2.0, 2.25, 2.5, 2.75, 3.0, 3.25, 3.5, 3.75, 4.0, 4.25, 4.5, 4.75, 5.0, 5.25, 5.5, 5.75, 6.0, 6.25, 6.5, 6.75, 7.0, 7.25, 7.5, 7.75, 8.0, 8.25, 8.5, 8.75, 9.0, 9.25, 9.5, 9.75, 10.0, 10.25, 10.5, 10.75, 11.0, 11.25, 11.5, 11.75, 12.0, 12.25, 12.5, 12.75, 13.0, 13.25, 13.5, 13.75, 14.0, 14.25, 14.5, 14.75, 15.0, 15.25, 15.5, 15.75, 16.0, 16.25, 16.5, 16.75, 17.0, 17.25, 17.5, 17.75, 18.0, 18.25, 18.5, 18.75, 19.0, 19.25, 19.5, 19.75, 20.0]], 'freq_arrays': [], 'zre_arrays': [], 'zim_arrays': [], 'aux_input_arrays': [], 'peaks': [], 'eis_fit': []} 

