2024-04-30 16:23:06,074 - INFO -run_logger.palmsens_driver 
 	 Successfully connected to PalmSens4 [1]. 

2024-04-30 16:23:11,507 - INFO -run_logger.palmsens_driver 
 	 Data received: {'index': 1, 'frequency': [100000.0], 'zre': [558.5951002131332], 'zim': [45.99666162128332]} 

2024-04-30 16:23:12,757 - INFO -run_logger.palmsens_driver 
 	 Data received: {'index': 2, 'frequency': [79432.8203125], 'zre': [559.6585061634577], 'zim': [60.67831623499998]} 

2024-04-30 16:23:14,012 - INFO -run_logger.palmsens_driver 
 	 Data received: {'index': 3, 'frequency': [63095.734375], 'zre': [559.4594998598515], 'zim': [76.14642835210633]} 

2024-04-30 16:23:15,260 - INFO -run_logger.palmsens_driver 
 	 Data received: {'index': 4, 'frequency': [50118.72265625], 'zre': [560.1679220597223], 'zim': [95.79970191542772]} 

2024-04-30 16:23:16,514 - INFO -run_logger.palmsens_driver 
 	 Data received: {'index': 5, 'frequency': [39810.71875], 'zre': [560.8133112290817], 'zim': [120.88302322979031]} 

2024-04-30 16:23:17,766 - INFO -run_logger.palmsens_driver 
 	 Data received: {'index': 6, 'frequency': [31622.77734375], 'zre': [559.7562387945742], 'zim': [151.24949799060164]} 

2024-04-30 16:23:19,006 - INFO -run_logger.palmsens_driver 
 	 Data received: {'index': 7, 'frequency': [25118.865234375], 'zre': [562.8172811899273], 'zim': [190.7031350082804]} 

2024-04-30 16:23:20,234 - INFO -run_logger.palmsens_driver 
 	 Data received: {'index': 8, 'frequency': [19952.623046875], 'zre': [564.7191004540891], 'zim': [239.9650536037242]} 

2024-04-30 16:23:21,480 - INFO -run_logger.palmsens_driver 
 	 Data received: {'index': 9, 'frequency': [15848.931640625], 'zre': [569.0544312729468], 'zim': [302.11321427035665]} 

2024-04-30 16:23:22,724 - INFO -run_logger.palmsens_driver 
 	 Data received: {'index': 10, 'frequency': [12589.25390625], 'zre': [574.122850292841], 'zim': [380.07289129584973]} 

2024-04-30 16:23:23,956 - INFO -run_logger.palmsens_driver 
 	 Data received: {'index': 11, 'frequency': [10000.0], 'zre': [582.3949363773604], 'zim': [478.2292348353439]} 

2024-04-30 16:23:24,017 - INFO -run_logger.palmsens_driver 
 	 result:
{'Title': 'Impedance Spectroscopy', 'timestamp': '30/04/2024 16:23:09', 'current_arrays': [[2384.185791015625, 23.84185791015625, -250.33950805664062, -245.57113647460938, -226.49765014648438, -240.80276489257812, -245.57113647460938, -236.03439331054688, -231.26602172851562, -231.26602172851562, -221.72927856445312]], 'potential_arrays': [[0.0, 0.0, 0.0, 0.0, 0.0, 0.0, 0.0, 0.0, 0.0, 0.0, 0.0]], 'time_arrays': [[0.0, 0.0, 0.0, 0.0, 0.0, 0.0, 0.0, 0.0, 0.0, 0.0, 0.0]], 'freq_arrays': [[100000.0, 79432.8203125, 63095.734375, 50118.72265625, 39810.71875, 31622.77734375, 25118.865234375, 19952.623046875, 15848.931640625, 12589.25390625, 10000.0]], 'zre_arrays': [[558.5951002131332, 559.6585061634577, 559.4594998598515, 560.1679220597223, 560.8133112290817, 559.7562387945742, 562.8172811899273, 564.7191004540891, 569.0544312729468, 574.122850292841, 582.3949363773604]], 'zim_arrays': [[45.99666162128332, 60.67831623499998, 76.14642835210633, 95.79970191542772, 120.88302322979031, 151.24949799060164, 190.7031350082804, 239.9650536037242, 302.11321427035665, 380.07289129584973, 478.2292348353439]], 'aux_input_arrays': [], 'peaks': [], 'eis_fit': []} 

