2024-05-02 16:32:30,233 - INFO -run_logger.palmsens_driver 
 	 Successfully connected to PalmSens4 [1]. 

2024-05-02 16:33:54,427 - INFO -run_logger.palmsens_driver 
 	 Data received: {'index': 1, 'x': [0.0], 'x_unit': 's', 'x_type': 'Time', 'y': [0.00011730194091796875], 'y_unit': 'V', 'y_type': 'Potential'} 

2024-05-02 16:33:54,646 - INFO -run_logger.palmsens_driver 
 	 Data received: {'index': 2, 'x': [0.25], 'x_unit': 's', 'x_type': 'Time', 'y': [0.00011730194091796875], 'y_unit': 'V', 'y_type': 'Potential'} 

2024-05-02 16:33:54,879 - INFO -run_logger.palmsens_driver 
 	 Data received: {'index': 3, 'x': [0.5], 'x_unit': 's', 'x_type': 'Time', 'y': [0.00011730194091796875], 'y_unit': 'V', 'y_type': 'Potential'} 

2024-05-02 16:33:55,126 - INFO -run_logger.palmsens_driver 
 	 Data received: {'index': 4, 'x': [0.75], 'x_unit': 's', 'x_type': 'Time', 'y': [0.00011730194091796875], 'y_unit': 'V', 'y_type': 'Potential'} 

2024-05-02 16:33:55,406 - INFO -run_logger.palmsens_driver 
 	 Data received: {'index': 5, 'x': [1.0], 'x_unit': 's', 'x_type': 'Time', 'y': [0.00011730194091796875], 'y_unit': 'V', 'y_type': 'Potential'} 

2024-05-02 16:33:55,639 - INFO -run_logger.palmsens_driver 
 	 Data received: {'index': 6, 'x': [1.25], 'x_unit': 's', 'x_type': 'Time', 'y': [0.0002929687616415322], 'y_unit': 'V', 'y_type': 'Potential'} 

2024-05-02 16:33:55,871 - INFO -run_logger.palmsens_driver 
 	 Data received: {'index': 7, 'x': [1.5], 'x_unit': 's', 'x_type': 'Time', 'y': [0.0002929687616415322], 'y_unit': 'V', 'y_type': 'Potential'} 

2024-05-02 16:33:56,150 - INFO -run_logger.palmsens_driver 
 	 Data received: {'index': 8, 'x': [1.75], 'x_unit': 's', 'x_type': 'Time', 'y': [0.0002929687616415322], 'y_unit': 'V', 'y_type': 'Potential'} 

2024-05-02 16:33:56,384 - INFO -run_logger.palmsens_driver 
 	 Data received: {'index': 9, 'x': [2.0], 'x_unit': 's', 'x_type': 'Time', 'y': [0.0002929687616415322], 'y_unit': 'V', 'y_type': 'Potential'} 

2024-05-02 16:33:56,662 - INFO -run_logger.palmsens_driver 
 	 Data received: {'index': 10, 'x': [2.25], 'x_unit': 's', 'x_type': 'Time', 'y': [0.0002929687616415322], 'y_unit': 'V', 'y_type': 'Potential'} 

2024-05-02 16:33:56,894 - INFO -run_logger.palmsens_driver 
 	 Data received: {'index': 11, 'x': [2.5], 'x_unit': 's', 'x_type': 'Time', 'y': [0.000301952357403934], 'y_unit': 'V', 'y_type': 'Potential'} 

2024-05-02 16:33:56,925 - INFO -run_logger.palmsens_driver 
 	 result:
{'Title': 'Open Circuit Potentiometry', 'timestamp': '02/05/2024 16:33:53', 'current_arrays': [[0.2384185791015625, 0.2384185791015625, 0.2384185791015625, 0.2384185791015625, 0.2384185791015625, 0.2384185791015625, 0.2384185791015625, 0.2384185791015625, 0.2384185791015625, 0.2384185791015625, 0.2384185791015625]], 'potential_arrays': [[0.00011730194091796875, 0.00011730194091796875, 0.00011730194091796875, 0.00011730194091796875, 0.00011730194091796875, 0.0002929687616415322, 0.0002929687616415322, 0.0002929687616415322, 0.0002929687616415322, 0.0002929687616415322, 0.000301952357403934]], 'time_arrays': [[0.0, 0.25, 0.5, 0.75, 1.0, 1.25, 1.5, 1.75, 2.0, 2.25, 2.5]], 'freq_arrays': [], 'zre_arrays': [], 'zim_arrays': [], 'aux_input_arrays': [], 'peaks': [], 'eis_fit': []} 

