2024-04-15 17:17:05,084 - INFO -run_logger.driver.palmsens_driver 
 	 Successfully connected to PalmSens4 [1]. 

2024-04-15 17:17:08,918 - INFO -run_logger.driver.palmsens_driver 
 	 Data received: {'index': 1, 'frequency': [100000.0], 'zre': [558.8644895652149], 'zim': [46.88644907356887]} 

2024-04-15 17:17:10,104 - INFO -run_logger.driver.palmsens_driver 
 	 Data received: {'index': 2, 'frequency': [74989.421875], 'zre': [560.227661484314], 'zim': [64.12331344713691]} 

2024-04-15 17:17:11,334 - INFO -run_logger.driver.palmsens_driver 
 	 Data received: {'index': 3, 'frequency': [56234.1328125], 'zre': [559.6806376236873], 'zim': [85.62514042344203]} 

2024-04-15 17:17:12,571 - INFO -run_logger.driver.palmsens_driver 
 	 Data received: {'index': 4, 'frequency': [42169.6484375], 'zre': [560.8083064143718], 'zim': [113.73203196023091]} 

2024-04-15 17:17:13,820 - INFO -run_logger.driver.palmsens_driver 
 	 Data received: {'index': 5, 'frequency': [31622.77734375], 'zre': [561.6644744693593], 'zim': [151.95595947499245]} 

2024-04-15 17:17:15,068 - INFO -run_logger.driver.palmsens_driver 
 	 Data received: {'index': 6, 'frequency': [23713.736328125], 'zre': [563.3852448015467], 'zim': [202.2068496105629]} 

2024-04-15 17:17:16,287 - INFO -run_logger.driver.palmsens_driver 
 	 Data received: {'index': 7, 'frequency': [17782.794921875], 'zre': [566.0898920912715], 'zim': [269.0655526049037]} 

2024-04-15 17:17:17,502 - INFO -run_logger.driver.palmsens_driver 
 	 Data received: {'index': 8, 'frequency': [13335.2138671875], 'zre': [572.3650470410345], 'zim': [358.9558335149805]} 

2024-04-15 17:17:18,718 - INFO -run_logger.driver.palmsens_driver 
 	 Data received: {'index': 9, 'frequency': [10000.0], 'zre': [583.3818277634448], 'zim': [477.6374153432849]} 

2024-04-15 17:17:18,770 - INFO -run_logger.driver.palmsens_driver 
 	 result:
{'Title': 'Impedance Spectroscopy', 'timestamp': '15/04/2024 17:17:05', 'current_arrays': [[2384.185791015625, 23.84185791015625, -240.80276489257812, -245.57113647460938, -231.26602172851562, -240.80276489257812, -231.26602172851562, -226.49765014648438, -231.26602172851562]], 'potential_arrays': [[0.0, 0.0, 0.0, 0.0, 0.0, 0.0, 0.0, 0.0, 0.0]], 'time_arrays': [[0.0, 0.0, 0.0, 0.0, 0.0, 0.0, 0.0, 0.0, 0.0]], 'freq_arrays': [[100000.0, 74989.421875, 56234.1328125, 42169.6484375, 31622.77734375, 23713.736328125, 17782.794921875, 13335.2138671875, 10000.0]], 'zre_arrays': [[558.8644895652149, 560.227661484314, 559.6806376236873, 560.8083064143718, 561.6644744693593, 563.3852448015467, 566.0898920912715, 572.3650470410345, 583.3818277634448]], 'zim_arrays': [[46.88644907356887, 64.12331344713691, 85.62514042344203, 113.73203196023091, 151.95595947499245, 202.2068496105629, 269.0655526049037, 358.9558335149805, 477.6374153432849]], 'aux_input_arrays': [], 'peaks': [], 'eis_fit': []} 

