2024-06-13 15:09:25,935 - INFO -run_logger.palmsens_driver 
 	 Successfully connected to PalmSens4 [1]. 

2024-06-13 15:09:47,569 - INFO -run_logger.palmsens_driver 
 	 Data received: {'index': 1, 'frequency': [100000.0], 'zre': [557.7635525437724], 'zim': [45.236869548592956]} 

2024-06-13 15:09:48,810 - INFO -run_logger.palmsens_driver 
 	 Data received: {'index': 2, 'frequency': [79432.8203125], 'zre': [557.5211788820604], 'zim': [60.45706487599474]} 

2024-06-13 15:09:50,058 - INFO -run_logger.palmsens_driver 
 	 Data received: {'index': 3, 'frequency': [63095.734375], 'zre': [559.0137530411903], 'zim': [76.31325650776952]} 

2024-06-13 15:09:51,313 - INFO -run_logger.palmsens_driver 
 	 Data received: {'index': 4, 'frequency': [50118.72265625], 'zre': [558.2901567539092], 'zim': [97.25333997523832]} 

2024-06-13 15:09:52,547 - INFO -run_logger.palmsens_driver 
 	 Data received: {'index': 5, 'frequency': [39810.71875], 'zre': [559.511227473586], 'zim': [119.29967184347319]} 

2024-06-13 15:09:53,815 - INFO -run_logger.palmsens_driver 
 	 Data received: {'index': 6, 'frequency': [31622.77734375], 'zre': [564.8214945990876], 'zim': [148.85042740869167]} 

2024-06-13 15:09:55,065 - INFO -run_logger.palmsens_driver 
 	 Data received: {'index': 7, 'frequency': [25118.865234375], 'zre': [559.7491261218138], 'zim': [188.3191725362892]} 

2024-06-13 15:09:56,319 - INFO -run_logger.palmsens_driver 
 	 Data received: {'index': 8, 'frequency': [19952.623046875], 'zre': [558.6145515806751], 'zim': [240.11973920935134]} 

2024-06-13 15:09:57,571 - INFO -run_logger.palmsens_driver 
 	 Data received: {'index': 9, 'frequency': [15848.931640625], 'zre': [557.1581813167263], 'zim': [297.2464965469241]} 

2024-06-13 15:09:58,831 - INFO -run_logger.palmsens_driver 
 	 Data received: {'index': 10, 'frequency': [12589.25390625], 'zre': [556.5308041853912], 'zim': [376.3152805410573]} 

2024-06-13 15:10:00,052 - INFO -run_logger.palmsens_driver 
 	 Data received: {'index': 11, 'frequency': [10000.0], 'zre': [555.1466272394792], 'zim': [474.33311799470636]} 

2024-06-13 15:10:01,320 - INFO -run_logger.palmsens_driver 
 	 Data received: {'index': 12, 'frequency': [100000.0], 'zre': [559.1729328098293], 'zim': [44.211825658006774]} 

2024-06-13 15:10:02,536 - INFO -run_logger.palmsens_driver 
 	 Data received: {'index': 13, 'frequency': [79432.8203125], 'zre': [559.2398780390093], 'zim': [58.30202639300854]} 

2024-06-13 15:10:03,765 - INFO -run_logger.palmsens_driver 
 	 Data received: {'index': 14, 'frequency': [63095.734375], 'zre': [558.3852916511447], 'zim': [75.75980393338374]} 

2024-06-13 15:10:04,998 - INFO -run_logger.palmsens_driver 
 	 Data received: {'index': 15, 'frequency': [50118.72265625], 'zre': [559.4096487037195], 'zim': [96.80853559335706]} 

2024-06-13 15:10:06,218 - INFO -run_logger.palmsens_driver 
 	 Data received: {'index': 16, 'frequency': [39810.71875], 'zre': [558.2724002750571], 'zim': [122.35037297344736]} 

2024-06-13 15:10:07,458 - INFO -run_logger.palmsens_driver 
 	 Data received: {'index': 17, 'frequency': [31622.77734375], 'zre': [555.2844345681877], 'zim': [145.59906641174626]} 

2024-06-13 15:10:08,709 - INFO -run_logger.palmsens_driver 
 	 Data received: {'index': 18, 'frequency': [25118.865234375], 'zre': [559.8066044477907], 'zim': [190.76951511267305]} 

2024-06-13 15:10:09,958 - INFO -run_logger.palmsens_driver 
 	 Data received: {'index': 19, 'frequency': [19952.623046875], 'zre': [561.8214373760908], 'zim': [237.46623283080424]} 

2024-06-13 15:10:11,180 - INFO -run_logger.palmsens_driver 
 	 Data received: {'index': 20, 'frequency': [15848.931640625], 'zre': [558.8803456519692], 'zim': [300.03949519739825]} 

2024-06-13 15:10:12,395 - INFO -run_logger.palmsens_driver 
 	 Data received: {'index': 21, 'frequency': [12589.25390625], 'zre': [557.66222023521], 'zim': [378.2801693840968]} 

2024-06-13 15:10:13,641 - INFO -run_logger.palmsens_driver 
 	 Data received: {'index': 22, 'frequency': [10000.0], 'zre': [558.4511704568604], 'zim': [473.13905569991744]} 

2024-06-13 15:10:14,897 - INFO -run_logger.palmsens_driver 
 	 Data received: {'index': 23, 'frequency': [100000.0], 'zre': [558.3829806906291], 'zim': [46.82384286994522]} 

2024-06-13 15:10:16,148 - INFO -run_logger.palmsens_driver 
 	 Data received: {'index': 24, 'frequency': [79432.8203125], 'zre': [558.3345389378314], 'zim': [59.948262248160205]} 

2024-06-13 15:10:17,367 - INFO -run_logger.palmsens_driver 
 	 Data received: {'index': 25, 'frequency': [63095.734375], 'zre': [560.836110504675], 'zim': [74.67532870181853]} 

2024-06-13 15:10:18,600 - INFO -run_logger.palmsens_driver 
 	 Data received: {'index': 26, 'frequency': [50118.72265625], 'zre': [559.1498758099303], 'zim': [95.62931720152943]} 

2024-06-13 15:10:19,847 - INFO -run_logger.palmsens_driver 
 	 Data received: {'index': 27, 'frequency': [39810.71875], 'zre': [559.6046658248264], 'zim': [119.60681396877035]} 

2024-06-13 15:10:21,093 - INFO -run_logger.palmsens_driver 
 	 Data received: {'index': 28, 'frequency': [31622.77734375], 'zre': [562.1907878499004], 'zim': [146.1687096587712]} 

2024-06-13 15:10:22,341 - INFO -run_logger.palmsens_driver 
 	 Data received: {'index': 29, 'frequency': [25118.865234375], 'zre': [560.4744117892008], 'zim': [189.97115723422831]} 

2024-06-13 15:10:23,590 - INFO -run_logger.palmsens_driver 
 	 Data received: {'index': 30, 'frequency': [19952.623046875], 'zre': [560.4372404080515], 'zim': [237.67070466672607]} 

2024-06-13 15:10:24,836 - INFO -run_logger.palmsens_driver 
 	 Data received: {'index': 31, 'frequency': [15848.931640625], 'zre': [559.685502720393], 'zim': [296.74707057785355]} 

2024-06-13 15:10:26,055 - INFO -run_logger.palmsens_driver 
 	 Data received: {'index': 32, 'frequency': [12589.25390625], 'zre': [559.5073708655569], 'zim': [372.9561179970599]} 

2024-06-13 15:10:27,300 - INFO -run_logger.palmsens_driver 
 	 Data received: {'index': 33, 'frequency': [10000.0], 'zre': [562.3195670138017], 'zim': [472.70179918083]} 

2024-06-13 15:10:28,553 - INFO -run_logger.palmsens_driver 
 	 Data received: {'index': 34, 'frequency': [100000.0], 'zre': [559.0321429296803], 'zim': [44.17747961328867]} 

2024-06-13 15:10:29,789 - INFO -run_logger.palmsens_driver 
 	 Data received: {'index': 35, 'frequency': [79432.8203125], 'zre': [561.1431874892504], 'zim': [61.54095391802559]} 

2024-06-13 15:10:31,018 - INFO -run_logger.palmsens_driver 
 	 Data received: {'index': 36, 'frequency': [63095.734375], 'zre': [559.5196504719879], 'zim': [73.76119893251466]} 

2024-06-13 15:10:32,254 - INFO -run_logger.palmsens_driver 
 	 Data received: {'index': 37, 'frequency': [50118.72265625], 'zre': [560.0226451786377], 'zim': [94.20921406506797]} 

2024-06-13 15:10:33,497 - INFO -run_logger.palmsens_driver 
 	 Data received: {'index': 38, 'frequency': [39810.71875], 'zre': [556.2925164835727], 'zim': [119.23627865561657]} 

2024-06-13 15:10:34,724 - INFO -run_logger.palmsens_driver 
 	 Data received: {'index': 39, 'frequency': [31622.77734375], 'zre': [558.43508174099], 'zim': [151.54642662999498]} 

2024-06-13 15:10:35,965 - INFO -run_logger.palmsens_driver 
 	 Data received: {'index': 40, 'frequency': [25118.865234375], 'zre': [558.2782263998154], 'zim': [189.2116494648471]} 

2024-06-13 15:10:37,211 - INFO -run_logger.palmsens_driver 
 	 Data received: {'index': 41, 'frequency': [19952.623046875], 'zre': [558.7962346885764], 'zim': [241.027163449461]} 

2024-06-13 15:10:38,432 - INFO -run_logger.palmsens_driver 
 	 Data received: {'index': 42, 'frequency': [15848.931640625], 'zre': [559.6396406915816], 'zim': [301.6767557636503]} 

2024-06-13 15:10:39,694 - INFO -run_logger.palmsens_driver 
 	 Data received: {'index': 43, 'frequency': [12589.25390625], 'zre': [559.7460869545248], 'zim': [376.6311766297071]} 

2024-06-13 15:10:40,938 - INFO -run_logger.palmsens_driver 
 	 Data received: {'index': 44, 'frequency': [10000.0], 'zre': [556.5218635673297], 'zim': [476.10714368800825]} 

2024-06-13 15:10:42,181 - INFO -run_logger.palmsens_driver 
 	 Data received: {'index': 45, 'frequency': [100000.0], 'zre': [558.82328395311], 'zim': [45.85860819407454]} 

2024-06-13 15:10:43,404 - INFO -run_logger.palmsens_driver 
 	 Data received: {'index': 46, 'frequency': [79432.8203125], 'zre': [559.1224888925152], 'zim': [60.27784563023326]} 

2024-06-13 15:10:44,658 - INFO -run_logger.palmsens_driver 
 	 Data received: {'index': 47, 'frequency': [63095.734375], 'zre': [561.110063544129], 'zim': [77.01779110082686]} 

2024-06-13 15:10:45,904 - INFO -run_logger.palmsens_driver 
 	 Data received: {'index': 48, 'frequency': [50118.72265625], 'zre': [559.4994042938209], 'zim': [94.47093486302363]} 

2024-06-13 15:10:47,129 - INFO -run_logger.palmsens_driver 
 	 Data received: {'index': 49, 'frequency': [39810.71875], 'zre': [558.3584461035133], 'zim': [119.19070421281135]} 

2024-06-13 15:10:48,372 - INFO -run_logger.palmsens_driver 
 	 Data received: {'index': 50, 'frequency': [31622.77734375], 'zre': [564.2816508745445], 'zim': [154.7864488818665]} 

2024-06-13 15:10:49,621 - INFO -run_logger.palmsens_driver 
 	 Data received: {'index': 51, 'frequency': [25118.865234375], 'zre': [559.7831534442531], 'zim': [189.24791347473732]} 

2024-06-13 15:10:50,865 - INFO -run_logger.palmsens_driver 
 	 Data received: {'index': 52, 'frequency': [19952.623046875], 'zre': [559.7682617792245], 'zim': [237.09130226059102]} 

2024-06-13 15:10:52,111 - INFO -run_logger.palmsens_driver 
 	 Data received: {'index': 53, 'frequency': [15848.931640625], 'zre': [559.8674184622361], 'zim': [300.74117098142096]} 

2024-06-13 15:10:53,361 - INFO -run_logger.palmsens_driver 
 	 Data received: {'index': 54, 'frequency': [12589.25390625], 'zre': [561.506486479247], 'zim': [376.88520794648633]} 

2024-06-13 15:10:54,609 - INFO -run_logger.palmsens_driver 
 	 Data received: {'index': 55, 'frequency': [10000.0], 'zre': [556.783836622163], 'zim': [476.5658123009419]} 

2024-06-13 15:10:55,856 - INFO -run_logger.palmsens_driver 
 	 Data received: {'index': 56, 'frequency': [100000.0], 'zre': [558.2051978606153], 'zim': [44.999836764695566]} 

2024-06-13 15:10:57,071 - INFO -run_logger.palmsens_driver 
 	 Data received: {'index': 57, 'frequency': [79432.8203125], 'zre': [563.7441626058688], 'zim': [62.34094768300714]} 

2024-06-13 15:10:58,316 - INFO -run_logger.palmsens_driver 
 	 Data received: {'index': 58, 'frequency': [63095.734375], 'zre': [558.7501968565686], 'zim': [74.97884973048436]} 

2024-06-13 15:10:59,535 - INFO -run_logger.palmsens_driver 
 	 Data received: {'index': 59, 'frequency': [50118.72265625], 'zre': [558.728072512159], 'zim': [94.66492247803882]} 

2024-06-13 15:11:00,771 - INFO -run_logger.palmsens_driver 
 	 Data received: {'index': 60, 'frequency': [39810.71875], 'zre': [559.7101640016798], 'zim': [120.14579176898584]} 

2024-06-13 15:11:01,996 - INFO -run_logger.palmsens_driver 
 	 Data received: {'index': 61, 'frequency': [31622.77734375], 'zre': [554.1288989528862], 'zim': [146.6133385931481]} 

2024-06-13 15:11:03,249 - INFO -run_logger.palmsens_driver 
 	 Data received: {'index': 62, 'frequency': [25118.865234375], 'zre': [558.0091237983823], 'zim': [189.59998774532264]} 

2024-06-13 15:11:04,481 - INFO -run_logger.palmsens_driver 
 	 Data received: {'index': 63, 'frequency': [19952.623046875], 'zre': [559.4768124802674], 'zim': [237.99806590676107]} 

2024-06-13 15:11:05,714 - INFO -run_logger.palmsens_driver 
 	 Data received: {'index': 64, 'frequency': [15848.931640625], 'zre': [560.3770081643619], 'zim': [298.92783916390937]} 

2024-06-13 15:11:06,978 - INFO -run_logger.palmsens_driver 
 	 Data received: {'index': 65, 'frequency': [12589.25390625], 'zre': [556.7378133719424], 'zim': [376.1183347601212]} 

2024-06-13 15:11:08,195 - INFO -run_logger.palmsens_driver 
 	 Data received: {'index': 66, 'frequency': [10000.0], 'zre': [562.2696222296514], 'zim': [479.3566878893495]} 

2024-06-13 15:11:08,271 - INFO -run_logger.palmsens_driver 
 	 result:
{'Title': 'Impedance Spectroscopy', 'timestamp': '13/06/2024 15:09:45', 'current_arrays': [[2384.185791015625, 23.84185791015625, -216.96090698242188, -207.42416381835938, -236.03439331054688, -197.88742065429688, -240.80276489257812, -245.57113647460938, -283.7181091308594, -174.04556274414062, -250.33950805664062, 2384.185791015625, 119.20928955078125, -264.6446228027344, -207.42416381835938, -221.72927856445312, -231.26602172851562, -231.26602172851562, -193.11904907226562, -212.19253540039062, -240.80276489257812, -193.11904907226562, 2384.185791015625, 71.52557373046875, -193.11904907226562, -197.88742065429688, -207.42416381835938, -207.42416381835938, -231.26602172851562, -216.96090698242188, -216.96090698242188, -112.05673217773438, -193.11904907226562, 2384.185791015625, 71.52557373046875, -331.4018249511719, -264.6446228027344, -178.81393432617188, -188.35067749023438, -188.35067749023438, -116.82510375976562, -178.81393432617188, -255.10787963867188, -169.27719116210938, 2384.185791015625, 71.52557373046875, -207.42416381835938, -212.19253540039062, -226.49765014648438, -212.19253540039062, -245.57113647460938, -197.88742065429688, -145.43533325195312, -188.35067749023438, -226.49765014648438, 2384.185791015625, 119.20928955078125, -174.04556274414062, -226.49765014648438, -193.11904907226562, -202.65579223632812, -264.6446228027344, -221.72927856445312, -226.49765014648438, -226.49765014648438, -116.82510375976562]], 'potential_arrays': [[0.0, 0.0, 0.0, 0.0, 0.0, 0.0, 0.0, 0.0, 0.0, 0.0, 0.0, 0.10000000149011612, 0.10000000149011612, 0.10000000149011612, 0.10000000149011612, 0.10000000149011612, 0.10000000149011612, 0.10000000149011612, 0.10000000149011612, 0.10000000149011612, 0.10000000149011612, 0.10000000149011612, 0.20000000298023224, 0.20000000298023224, 0.20000000298023224, 0.20000000298023224, 0.20000000298023224, 0.20000000298023224, 0.20000000298023224, 0.20000000298023224, 0.20000000298023224, 0.20000000298023224, 0.20000000298023224, 0.30000001192092896, 0.30000001192092896, 0.30000001192092896, 0.30000001192092896, 0.30000001192092896, 0.30000001192092896, 0.30000001192092896, 0.30000001192092896, 0.30000001192092896, 0.30000001192092896, 0.30000001192092896, 0.4000000059604645, 0.4000000059604645, 0.4000000059604645, 0.4000000059604645, 0.4000000059604645, 0.4000000059604645, 0.4000000059604645, 0.4000000059604645, 0.4000000059604645, 0.4000000059604645, 0.4000000059604645, 0.5, 0.5, 0.5, 0.5, 0.5, 0.5, 0.5, 0.5, 0.5, 0.5, 0.5]], 'time_arrays': [[0.0, 0.0, 0.0, 0.0, 0.0, 0.0, 0.0, 0.0, 0.0, 0.0, 0.0, 14.644633293151855, 14.644633293151855, 14.644633293151855, 14.644633293151855, 14.644633293151855, 14.644633293151855, 14.644633293151855, 14.644633293151855, 14.644633293151855, 14.644633293151855, 14.644633293151855, 28.233909606933594, 28.233909606933594, 28.233909606933594, 28.233909606933594, 28.233909606933594, 28.233909606933594, 28.233909606933594, 28.233909606933594, 28.233909606933594, 28.233909606933594, 28.233909606933594, 41.89300537109375, 41.89300537109375, 41.89300537109375, 41.89300537109375, 41.89300537109375, 41.89300537109375, 41.89300537109375, 41.89300537109375, 41.89300537109375, 41.89300537109375, 41.89300537109375, 55.53095626831055, 55.53095626831055, 55.53095626831055, 55.53095626831055, 55.53095626831055, 55.53095626831055, 55.53095626831055, 55.53095626831055, 55.53095626831055, 55.53095626831055, 55.53095626831055, 69.2018814086914, 69.2018814086914, 69.2018814086914, 69.2018814086914, 69.2018814086914, 69.2018814086914, 69.2018814086914, 69.2018814086914, 69.2018814086914, 69.2018814086914, 69.2018814086914]], 'freq_arrays': [[100000.0, 79432.8203125, 63095.734375, 50118.72265625, 39810.71875, 31622.77734375, 25118.865234375, 19952.623046875, 15848.931640625, 12589.25390625, 10000.0, 100000.0, 79432.8203125, 63095.734375, 50118.72265625, 39810.71875, 31622.77734375, 25118.865234375, 19952.623046875, 15848.931640625, 12589.25390625, 10000.0, 100000.0, 79432.8203125, 63095.734375, 50118.72265625, 39810.71875, 31622.77734375, 25118.865234375, 19952.623046875, 15848.931640625, 12589.25390625, 10000.0, 100000.0, 79432.8203125, 63095.734375, 50118.72265625, 39810.71875, 31622.77734375, 25118.865234375, 19952.623046875, 15848.931640625, 12589.25390625, 10000.0, 100000.0, 79432.8203125, 63095.734375, 50118.72265625, 39810.71875, 31622.77734375, 25118.865234375, 19952.623046875, 15848.931640625, 12589.25390625, 10000.0, 100000.0, 79432.8203125, 63095.734375, 50118.72265625, 39810.71875, 31622.77734375, 25118.865234375, 19952.623046875, 15848.931640625, 12589.25390625, 10000.0]], 'zre_arrays': [[557.7635525437724, 557.5211788820604, 559.0137530411903, 558.2901567539092, 559.511227473586, 564.8214945990876, 559.7491261218138, 558.6145515806751, 557.1581813167263, 556.5308041853912, 555.1466272394792, 559.1729328098293, 559.2398780390093, 558.3852916511447, 559.4096487037195, 558.2724002750571, 555.2844345681877, 559.8066044477907, 561.8214373760908, 558.8803456519692, 557.66222023521, 558.4511704568604, 558.3829806906291, 558.3345389378314, 560.836110504675, 559.1498758099303, 559.6046658248264, 562.1907878499004, 560.4744117892008, 560.4372404080515, 559.685502720393, 559.5073708655569, 562.3195670138017, 559.0321429296803, 561.1431874892504, 559.5196504719879, 560.0226451786377, 556.2925164835727, 558.43508174099, 558.2782263998154, 558.7962346885764, 559.6396406915816, 559.7460869545248, 556.5218635673297, 558.82328395311, 559.1224888925152, 561.110063544129, 559.4994042938209, 558.3584461035133, 564.2816508745445, 559.7831534442531, 559.7682617792245, 559.8674184622361, 561.506486479247, 556.783836622163, 558.2051978606153, 563.7441626058688, 558.7501968565686, 558.728072512159, 559.7101640016798, 554.1288989528862, 558.0091237983823, 559.4768124802674, 560.3770081643619, 556.7378133719424, 562.2696222296514]], 'zim_arrays': [[45.236869548592956, 60.45706487599474, 76.31325650776952, 97.25333997523832, 119.29967184347319, 148.85042740869167, 188.3191725362892, 240.11973920935134, 297.2464965469241, 376.3152805410573, 474.33311799470636, 44.211825658006774, 58.30202639300854, 75.75980393338374, 96.80853559335706, 122.35037297344736, 145.59906641174626, 190.76951511267305, 237.46623283080424, 300.03949519739825, 378.2801693840968, 473.13905569991744, 46.82384286994522, 59.948262248160205, 74.67532870181853, 95.62931720152943, 119.60681396877035, 146.1687096587712, 189.97115723422831, 237.67070466672607, 296.74707057785355, 372.9561179970599, 472.70179918083, 44.17747961328867, 61.54095391802559, 73.76119893251466, 94.20921406506797, 119.23627865561657, 151.54642662999498, 189.2116494648471, 241.027163449461, 301.6767557636503, 376.6311766297071, 476.10714368800825, 45.85860819407454, 60.27784563023326, 77.01779110082686, 94.47093486302363, 119.19070421281135, 154.7864488818665, 189.24791347473732, 237.09130226059102, 300.74117098142096, 376.88520794648633, 476.5658123009419, 44.999836764695566, 62.34094768300714, 74.97884973048436, 94.66492247803882, 120.14579176898584, 146.6133385931481, 189.59998774532264, 237.99806590676107, 298.92783916390937, 376.1183347601212, 479.3566878893495]], 'aux_input_arrays': [], 'peaks': [], 'eis_fit': []} 

2024-06-13 15:12:08,610 - INFO -run_logger.palmsens_driver 
 	 Data received: {'index': 1, 'frequency': [100000.0], 'zre': [559.8920204716618], 'zim': [46.11468041068067]} 

2024-06-13 15:12:09,856 - INFO -run_logger.palmsens_driver 
 	 Data received: {'index': 2, 'frequency': [79432.8203125], 'zre': [557.4318450701883], 'zim': [59.69598822924132]} 

2024-06-13 15:12:11,073 - INFO -run_logger.palmsens_driver 
 	 Data received: {'index': 3, 'frequency': [63095.734375], 'zre': [559.0322421066354], 'zim': [75.91878625045133]} 

2024-06-13 15:12:12,296 - INFO -run_logger.palmsens_driver 
 	 Data received: {'index': 4, 'frequency': [50118.72265625], 'zre': [559.0777723822671], 'zim': [96.4251176103006]} 

2024-06-13 15:12:13,549 - INFO -run_logger.palmsens_driver 
 	 Data received: {'index': 5, 'frequency': [39810.71875], 'zre': [557.7932495605264], 'zim': [120.73882246121758]} 

2024-06-13 15:12:14,802 - INFO -run_logger.palmsens_driver 
 	 Data received: {'index': 6, 'frequency': [31622.77734375], 'zre': [550.7272466102736], 'zim': [151.49236060889712]} 

2024-06-13 15:12:16,023 - INFO -run_logger.palmsens_driver 
 	 Data received: {'index': 7, 'frequency': [25118.865234375], 'zre': [559.1226356595078], 'zim': [189.10307909360264]} 

2024-06-13 15:12:17,241 - INFO -run_logger.palmsens_driver 
 	 Data received: {'index': 8, 'frequency': [19952.623046875], 'zre': [560.1913745441518], 'zim': [237.41730443977207]} 

2024-06-13 15:12:18,491 - INFO -run_logger.palmsens_driver 
 	 Data received: {'index': 9, 'frequency': [15848.931640625], 'zre': [560.3025049167611], 'zim': [295.5477796224001]} 

2024-06-13 15:12:19,745 - INFO -run_logger.palmsens_driver 
 	 Data received: {'index': 10, 'frequency': [12589.25390625], 'zre': [552.0406495593361], 'zim': [378.56280733859336]} 

2024-06-13 15:12:20,995 - INFO -run_logger.palmsens_driver 
 	 Data received: {'index': 11, 'frequency': [10000.0], 'zre': [562.5144522746934], 'zim': [473.8679851021557]} 

2024-06-13 15:13:07,816 - INFO -run_logger.palmsens_driver 
 	 Data received: {'index': 12, 'frequency': [100000.0], 'zre': [560.0532105585614], 'zim': [44.7009298823345]} 

2024-06-13 15:13:09,059 - INFO -run_logger.palmsens_driver 
 	 Data received: {'index': 13, 'frequency': [79432.8203125], 'zre': [556.6680961273971], 'zim': [59.75411753504051]} 

2024-06-13 15:13:10,306 - INFO -run_logger.palmsens_driver 
 	 Data received: {'index': 14, 'frequency': [63095.734375], 'zre': [560.828566757353], 'zim': [75.24292452967504]} 

2024-06-13 15:13:11,555 - INFO -run_logger.palmsens_driver 
 	 Data received: {'index': 15, 'frequency': [50118.72265625], 'zre': [560.7540899464766], 'zim': [96.63522232563308]} 

2024-06-13 15:13:12,773 - INFO -run_logger.palmsens_driver 
 	 Data received: {'index': 16, 'frequency': [39810.71875], 'zre': [559.226492293248], 'zim': [119.46541723820759]} 

2024-06-13 15:13:14,020 - INFO -run_logger.palmsens_driver 
 	 Data received: {'index': 17, 'frequency': [31622.77734375], 'zre': [562.9020771669125], 'zim': [152.32802372456592]} 

2024-06-13 15:13:15,266 - INFO -run_logger.palmsens_driver 
 	 Data received: {'index': 18, 'frequency': [25118.865234375], 'zre': [558.0136839009319], 'zim': [190.6922766073682]} 

2024-06-13 15:13:16,511 - INFO -run_logger.palmsens_driver 
 	 Data received: {'index': 19, 'frequency': [19952.623046875], 'zre': [559.3553553987724], 'zim': [237.69769122138047]} 

2024-06-13 15:13:17,758 - INFO -run_logger.palmsens_driver 
 	 Data received: {'index': 20, 'frequency': [15848.931640625], 'zre': [559.6193110087171], 'zim': [299.1781704013531]} 

2024-06-13 15:13:18,994 - INFO -run_logger.palmsens_driver 
 	 Data received: {'index': 21, 'frequency': [12589.25390625], 'zre': [560.3349344763545], 'zim': [376.2425556802677]} 

2024-06-13 15:13:20,255 - INFO -run_logger.palmsens_driver 
 	 Data received: {'index': 22, 'frequency': [10000.0], 'zre': [558.3962140613163], 'zim': [475.6605883327352]} 

2024-06-13 15:14:07,788 - INFO -run_logger.palmsens_driver 
 	 Data received: {'index': 23, 'frequency': [100000.0], 'zre': [558.181497327911], 'zim': [44.17141141280459]} 

2024-06-13 15:14:09,000 - INFO -run_logger.palmsens_driver 
 	 Data received: {'index': 24, 'frequency': [79432.8203125], 'zre': [556.6127363472717], 'zim': [59.816455122092236]} 

2024-06-13 15:14:10,245 - INFO -run_logger.palmsens_driver 
 	 Data received: {'index': 25, 'frequency': [63095.734375], 'zre': [560.0078908506935], 'zim': [75.11162539228012]} 

2024-06-13 15:14:11,493 - INFO -run_logger.palmsens_driver 
 	 Data received: {'index': 26, 'frequency': [50118.72265625], 'zre': [559.8962114893045], 'zim': [95.68723821249564]} 

2024-06-13 15:14:12,721 - INFO -run_logger.palmsens_driver 
 	 Data received: {'index': 27, 'frequency': [39810.71875], 'zre': [557.3735230049936], 'zim': [118.35669819236983]} 

2024-06-13 15:14:13,961 - INFO -run_logger.palmsens_driver 
 	 Data received: {'index': 28, 'frequency': [31622.77734375], 'zre': [563.4385708714191], 'zim': [153.16431765976358]} 

2024-06-13 15:14:15,191 - INFO -run_logger.palmsens_driver 
 	 Data received: {'index': 29, 'frequency': [25118.865234375], 'zre': [558.4362104716286], 'zim': [189.3916919448841]} 

2024-06-13 15:14:16,436 - INFO -run_logger.palmsens_driver 
 	 Data received: {'index': 30, 'frequency': [19952.623046875], 'zre': [559.7021673082045], 'zim': [237.68528043751067]} 

2024-06-13 15:14:17,695 - INFO -run_logger.palmsens_driver 
 	 Data received: {'index': 31, 'frequency': [15848.931640625], 'zre': [558.9892012392163], 'zim': [300.3721602621757]} 

2024-06-13 15:14:18,928 - INFO -run_logger.palmsens_driver 
 	 Data received: {'index': 32, 'frequency': [12589.25390625], 'zre': [555.2605695748291], 'zim': [380.3684200695435]} 

2024-06-13 15:14:20,191 - INFO -run_logger.palmsens_driver 
 	 Data received: {'index': 33, 'frequency': [10000.0], 'zre': [561.2961611658394], 'zim': [470.05861525381823]} 

2024-06-13 15:14:20,241 - INFO -run_logger.palmsens_driver 
 	 result:
{'Title': 'Impedance Spectroscopy', 'timestamp': '13/06/2024 15:12:06', 'current_arrays': [[2384.185791015625, 23.84185791015625, -112.05673217773438, -193.11904907226562, -236.03439331054688, -197.88742065429688, -250.33950805664062, -259.8762512207031, -283.7181091308594, -231.26602172851562, -240.80276489257812, 2384.185791015625, 23.84185791015625, -226.49765014648438, -207.42416381835938, -197.88742065429688, -245.57113647460938, -250.33950805664062, -245.57113647460938, -212.19253540039062, -116.82510375976562, -269.4129943847656, 2384.185791015625, 23.84185791015625, -107.28836059570312, -221.72927856445312, -216.96090698242188, -245.57113647460938, -226.49765014648438, -174.04556274414062, -231.26602172851562, -169.27719116210938, -226.49765014648438]], 'potential_arrays': [[0.0, 0.0, 0.0, 0.0, 0.0, 0.0, 0.0, 0.0, 0.0, 0.0, 0.0, 0.0, 0.0, 0.0, 0.0, 0.0, 0.0, 0.0, 0.0, 0.0, 0.0, 0.0, 0.0, 0.0, 0.0, 0.0, 0.0, 0.0, 0.0, 0.0, 0.0, 0.0, 0.0]], 'time_arrays': [[0.0, 0.0, 0.0, 0.0, 0.0, 0.0, 0.0, 0.0, 0.0, 0.0, 0.0, 60.014888763427734, 60.014888763427734, 60.014888763427734, 60.014888763427734, 60.014888763427734, 60.014888763427734, 60.014888763427734, 60.014888763427734, 60.014888763427734, 60.014888763427734, 60.014888763427734, 120.01556396484375, 120.01556396484375, 120.01556396484375, 120.01556396484375, 120.01556396484375, 120.01556396484375, 120.01556396484375, 120.01556396484375, 120.01556396484375, 120.01556396484375, 120.01556396484375]], 'freq_arrays': [[100000.0, 79432.8203125, 63095.734375, 50118.72265625, 39810.71875, 31622.77734375, 25118.865234375, 19952.623046875, 15848.931640625, 12589.25390625, 10000.0, 100000.0, 79432.8203125, 63095.734375, 50118.72265625, 39810.71875, 31622.77734375, 25118.865234375, 19952.623046875, 15848.931640625, 12589.25390625, 10000.0, 100000.0, 79432.8203125, 63095.734375, 50118.72265625, 39810.71875, 31622.77734375, 25118.865234375, 19952.623046875, 15848.931640625, 12589.25390625, 10000.0]], 'zre_arrays': [[559.8920204716618, 557.4318450701883, 559.0322421066354, 559.0777723822671, 557.7932495605264, 550.7272466102736, 559.1226356595078, 560.1913745441518, 560.3025049167611, 552.0406495593361, 562.5144522746934, 560.0532105585614, 556.6680961273971, 560.828566757353, 560.7540899464766, 559.226492293248, 562.9020771669125, 558.0136839009319, 559.3553553987724, 559.6193110087171, 560.3349344763545, 558.3962140613163, 558.181497327911, 556.6127363472717, 560.0078908506935, 559.8962114893045, 557.3735230049936, 563.4385708714191, 558.4362104716286, 559.7021673082045, 558.9892012392163, 555.2605695748291, 561.2961611658394]], 'zim_arrays': [[46.11468041068067, 59.69598822924132, 75.91878625045133, 96.4251176103006, 120.73882246121758, 151.49236060889712, 189.10307909360264, 237.41730443977207, 295.5477796224001, 378.56280733859336, 473.8679851021557, 44.7009298823345, 59.75411753504051, 75.24292452967504, 96.63522232563308, 119.46541723820759, 152.32802372456592, 190.6922766073682, 237.69769122138047, 299.1781704013531, 376.2425556802677, 475.6605883327352, 44.17141141280459, 59.816455122092236, 75.11162539228012, 95.68723821249564, 118.35669819236983, 153.16431765976358, 189.3916919448841, 237.68528043751067, 300.3721602621757, 380.3684200695435, 470.05861525381823]], 'aux_input_arrays': [], 'peaks': [], 'eis_fit': []} 

2024-06-13 15:15:04,394 - INFO -run_logger.palmsens_driver 
 	 Data received: {'index': 1, 'frequency': [100000.0], 'zre': [557.7978201258803], 'zim': [45.533735929786914]} 

2024-06-13 15:15:05,636 - INFO -run_logger.palmsens_driver 
 	 Data received: {'index': 2, 'frequency': [79432.8203125], 'zre': [559.1438354429031], 'zim': [58.79866496275063]} 

2024-06-13 15:15:06,895 - INFO -run_logger.palmsens_driver 
 	 Data received: {'index': 3, 'frequency': [63095.734375], 'zre': [558.4813057005231], 'zim': [74.93067567527608]} 

2024-06-13 15:15:08,130 - INFO -run_logger.palmsens_driver 
 	 Data received: {'index': 4, 'frequency': [50118.72265625], 'zre': [558.9354540261568], 'zim': [96.36696087742271]} 

2024-06-13 15:15:09,372 - INFO -run_logger.palmsens_driver 
 	 Data received: {'index': 5, 'frequency': [39810.71875], 'zre': [561.771242812518], 'zim': [119.17797075655896]} 

2024-06-13 15:15:10,636 - INFO -run_logger.palmsens_driver 
 	 Data received: {'index': 6, 'frequency': [31622.77734375], 'zre': [559.065261737276], 'zim': [147.08424182988662]} 

2024-06-13 15:15:11,883 - INFO -run_logger.palmsens_driver 
 	 Data received: {'index': 7, 'frequency': [25118.865234375], 'zre': [557.4640354330645], 'zim': [189.32391682884278]} 

2024-06-13 15:15:13,128 - INFO -run_logger.palmsens_driver 
 	 Data received: {'index': 8, 'frequency': [19952.623046875], 'zre': [559.6493444695666], 'zim': [238.8686119441246]} 

2024-06-13 15:15:14,374 - INFO -run_logger.palmsens_driver 
 	 Data received: {'index': 9, 'frequency': [15848.931640625], 'zre': [555.9238943669446], 'zim': [296.84877691466716]} 

2024-06-13 15:15:15,630 - INFO -run_logger.palmsens_driver 
 	 Data received: {'index': 10, 'frequency': [12589.25390625], 'zre': [561.2025764312676], 'zim': [379.0055115801592]} 

2024-06-13 15:15:16,876 - INFO -run_logger.palmsens_driver 
 	 Data received: {'index': 11, 'frequency': [10000.0], 'zre': [560.4932804744949], 'zim': [474.9201191528641]} 

2024-06-13 15:15:18,123 - INFO -run_logger.palmsens_driver 
 	 Data received: {'index': 12, 'frequency': [100000.0], 'zre': [558.6519105525767], 'zim': [46.0218950193756]} 

2024-06-13 15:15:19,371 - INFO -run_logger.palmsens_driver 
 	 Data received: {'index': 13, 'frequency': [79432.8203125], 'zre': [558.5962207227676], 'zim': [61.83630233632147]} 

2024-06-13 15:15:20,630 - INFO -run_logger.palmsens_driver 
 	 Data received: {'index': 14, 'frequency': [63095.734375], 'zre': [557.2808357658997], 'zim': [74.1321199972819]} 

2024-06-13 15:15:21,886 - INFO -run_logger.palmsens_driver 
 	 Data received: {'index': 15, 'frequency': [50118.72265625], 'zre': [558.5479740242716], 'zim': [95.93517429755984]} 

2024-06-13 15:15:23,142 - INFO -run_logger.palmsens_driver 
 	 Data received: {'index': 16, 'frequency': [39810.71875], 'zre': [557.9655099429348], 'zim': [121.67845127602274]} 

2024-06-13 15:15:24,383 - INFO -run_logger.palmsens_driver 
 	 Data received: {'index': 17, 'frequency': [31622.77734375], 'zre': [554.439273372913], 'zim': [149.3203219076177]} 

2024-06-13 15:15:25,613 - INFO -run_logger.palmsens_driver 
 	 Data received: {'index': 18, 'frequency': [25118.865234375], 'zre': [557.8966465433791], 'zim': [188.45519401973135]} 

2024-06-13 15:15:26,861 - INFO -run_logger.palmsens_driver 
 	 Data received: {'index': 19, 'frequency': [19952.623046875], 'zre': [559.3216669768863], 'zim': [238.05335093256534]} 

2024-06-13 15:15:28,090 - INFO -run_logger.palmsens_driver 
 	 Data received: {'index': 20, 'frequency': [15848.931640625], 'zre': [556.9269276244937], 'zim': [300.44019630153076]} 

2024-06-13 15:15:29,327 - INFO -run_logger.palmsens_driver 
 	 Data received: {'index': 21, 'frequency': [12589.25390625], 'zre': [556.4638256946479], 'zim': [377.38252177920424]} 

2024-06-13 15:15:30,575 - INFO -run_logger.palmsens_driver 
 	 Data received: {'index': 22, 'frequency': [10000.0], 'zre': [562.7524062417639], 'zim': [475.36095168748363]} 

2024-06-13 15:15:31,800 - INFO -run_logger.palmsens_driver 
 	 Data received: {'index': 23, 'frequency': [100000.0], 'zre': [558.1165378672044], 'zim': [44.97844584567958]} 

2024-06-13 15:15:33,042 - INFO -run_logger.palmsens_driver 
 	 Data received: {'index': 24, 'frequency': [79432.8203125], 'zre': [560.42386784483], 'zim': [61.27267835766289]} 

2024-06-13 15:15:34,291 - INFO -run_logger.palmsens_driver 
 	 Data received: {'index': 25, 'frequency': [63095.734375], 'zre': [559.2463142821927], 'zim': [75.80371391270265]} 

2024-06-13 15:15:35,544 - INFO -run_logger.palmsens_driver 
 	 Data received: {'index': 26, 'frequency': [50118.72265625], 'zre': [558.093084910421], 'zim': [93.73276311161254]} 

2024-06-13 15:15:36,780 - INFO -run_logger.palmsens_driver 
 	 Data received: {'index': 27, 'frequency': [39810.71875], 'zre': [557.1227050884066], 'zim': [119.65062454818992]} 

2024-06-13 15:15:38,031 - INFO -run_logger.palmsens_driver 
 	 Data received: {'index': 28, 'frequency': [31622.77734375], 'zre': [564.7445927943668], 'zim': [156.3019234388102]} 

2024-06-13 15:15:39,264 - INFO -run_logger.palmsens_driver 
 	 Data received: {'index': 29, 'frequency': [25118.865234375], 'zre': [560.3564694956456], 'zim': [188.89565094396826]} 

2024-06-13 15:15:40,512 - INFO -run_logger.palmsens_driver 
 	 Data received: {'index': 30, 'frequency': [19952.623046875], 'zre': [558.831360377068], 'zim': [237.23697970158156]} 

2024-06-13 15:15:41,733 - INFO -run_logger.palmsens_driver 
 	 Data received: {'index': 31, 'frequency': [15848.931640625], 'zre': [557.9422225286987], 'zim': [302.8113499382765]} 

2024-06-13 15:15:42,991 - INFO -run_logger.palmsens_driver 
 	 Data received: {'index': 32, 'frequency': [12589.25390625], 'zre': [562.0671733122717], 'zim': [380.20813123634514]} 

2024-06-13 15:15:44,236 - INFO -run_logger.palmsens_driver 
 	 Data received: {'index': 33, 'frequency': [10000.0], 'zre': [559.3415781569048], 'zim': [476.0863868104372]} 

2024-06-13 15:15:45,481 - INFO -run_logger.palmsens_driver 
 	 Data received: {'index': 34, 'frequency': [100000.0], 'zre': [559.0649543184057], 'zim': [45.2920888020468]} 

2024-06-13 15:15:46,734 - INFO -run_logger.palmsens_driver 
 	 Data received: {'index': 35, 'frequency': [79432.8203125], 'zre': [559.9351037494755], 'zim': [59.58015887743075]} 

2024-06-13 15:15:47,984 - INFO -run_logger.palmsens_driver 
 	 Data received: {'index': 36, 'frequency': [63095.734375], 'zre': [558.863791788202], 'zim': [76.88036319431018]} 

2024-06-13 15:15:49,226 - INFO -run_logger.palmsens_driver 
 	 Data received: {'index': 37, 'frequency': [50118.72265625], 'zre': [559.201401595592], 'zim': [95.33229688642051]} 

2024-06-13 15:15:50,473 - INFO -run_logger.palmsens_driver 
 	 Data received: {'index': 38, 'frequency': [39810.71875], 'zre': [558.9637611292158], 'zim': [122.58903831296787]} 

2024-06-13 15:15:51,721 - INFO -run_logger.palmsens_driver 
 	 Data received: {'index': 39, 'frequency': [31622.77734375], 'zre': [555.5519704030589], 'zim': [147.41369685060872]} 

2024-06-13 15:15:52,982 - INFO -run_logger.palmsens_driver 
 	 Data received: {'index': 40, 'frequency': [25118.865234375], 'zre': [559.7878781476277], 'zim': [189.12552980119622]} 

2024-06-13 15:15:54,214 - INFO -run_logger.palmsens_driver 
 	 Data received: {'index': 41, 'frequency': [19952.623046875], 'zre': [558.8612769800981], 'zim': [236.27385033707242]} 

2024-06-13 15:15:55,422 - INFO -run_logger.palmsens_driver 
 	 Data received: {'index': 42, 'frequency': [15848.931640625], 'zre': [559.53762550414], 'zim': [296.4055077708993]} 

2024-06-13 15:15:56,621 - INFO -run_logger.palmsens_driver 
 	 Data received: {'index': 43, 'frequency': [12589.25390625], 'zre': [562.9948811202262], 'zim': [377.8095035451185]} 

2024-06-13 15:15:57,873 - INFO -run_logger.palmsens_driver 
 	 Data received: {'index': 44, 'frequency': [10000.0], 'zre': [558.5645611915571], 'zim': [471.6243357127702]} 

2024-06-13 15:15:59,126 - INFO -run_logger.palmsens_driver 
 	 Data received: {'index': 45, 'frequency': [100000.0], 'zre': [558.7291369606834], 'zim': [44.33800502873964]} 

2024-06-13 15:16:00,354 - INFO -run_logger.palmsens_driver 
 	 Data received: {'index': 46, 'frequency': [79432.8203125], 'zre': [557.7408413588738], 'zim': [58.85712031674112]} 

2024-06-13 15:16:01,616 - INFO -run_logger.palmsens_driver 
 	 Data received: {'index': 47, 'frequency': [63095.734375], 'zre': [558.1463618046234], 'zim': [73.25912520562972]} 

2024-06-13 15:16:02,846 - INFO -run_logger.palmsens_driver 
 	 Data received: {'index': 48, 'frequency': [50118.72265625], 'zre': [560.4725020869421], 'zim': [94.24090759207486]} 

2024-06-13 15:16:04,103 - INFO -run_logger.palmsens_driver 
 	 Data received: {'index': 49, 'frequency': [39810.71875], 'zre': [562.1019865945068], 'zim': [117.71931787668206]} 

2024-06-13 15:16:05,360 - INFO -run_logger.palmsens_driver 
 	 Data received: {'index': 50, 'frequency': [31622.77734375], 'zre': [556.5589669723083], 'zim': [156.04198727573043]} 

2024-06-13 15:16:06,615 - INFO -run_logger.palmsens_driver 
 	 Data received: {'index': 51, 'frequency': [25118.865234375], 'zre': [559.9989058258205], 'zim': [188.24602058609537]} 

2024-06-13 15:16:07,866 - INFO -run_logger.palmsens_driver 
 	 Data received: {'index': 52, 'frequency': [19952.623046875], 'zre': [559.9784606355944], 'zim': [238.27071912349393]} 

2024-06-13 15:16:09,121 - INFO -run_logger.palmsens_driver 
 	 Data received: {'index': 53, 'frequency': [15848.931640625], 'zre': [558.8697401895785], 'zim': [298.72415894029206]} 

2024-06-13 15:16:10,375 - INFO -run_logger.palmsens_driver 
 	 Data received: {'index': 54, 'frequency': [12589.25390625], 'zre': [555.637177833694], 'zim': [381.17167428991553]} 

2024-06-13 15:16:11,628 - INFO -run_logger.palmsens_driver 
 	 Data received: {'index': 55, 'frequency': [10000.0], 'zre': [556.793739460465], 'zim': [470.3603088472696]} 

2024-06-13 15:16:12,879 - INFO -run_logger.palmsens_driver 
 	 Data received: {'index': 56, 'frequency': [100000.0], 'zre': [558.9079391217239], 'zim': [45.22574217633353]} 

2024-06-13 15:16:14,128 - INFO -run_logger.palmsens_driver 
 	 Data received: {'index': 57, 'frequency': [79432.8203125], 'zre': [559.99874104821], 'zim': [57.70050826141648]} 

2024-06-13 15:16:15,378 - INFO -run_logger.palmsens_driver 
 	 Data received: {'index': 58, 'frequency': [63095.734375], 'zre': [558.0383061634328], 'zim': [74.31637508326824]} 

2024-06-13 15:16:16,628 - INFO -run_logger.palmsens_driver 
 	 Data received: {'index': 59, 'frequency': [50118.72265625], 'zre': [559.3423611908383], 'zim': [94.93211472426691]} 

2024-06-13 15:16:17,843 - INFO -run_logger.palmsens_driver 
 	 Data received: {'index': 60, 'frequency': [39810.71875], 'zre': [558.2923054812533], 'zim': [120.77640923683367]} 

2024-06-13 15:16:19,074 - INFO -run_logger.palmsens_driver 
 	 Data received: {'index': 61, 'frequency': [31622.77734375], 'zre': [559.4149627108117], 'zim': [146.30776058490034]} 

2024-06-13 15:16:20,330 - INFO -run_logger.palmsens_driver 
 	 Data received: {'index': 62, 'frequency': [25118.865234375], 'zre': [558.3856232556576], 'zim': [190.2896997493956]} 

2024-06-13 15:16:21,562 - INFO -run_logger.palmsens_driver 
 	 Data received: {'index': 63, 'frequency': [19952.623046875], 'zre': [556.7550561408757], 'zim': [235.9717584524287]} 

2024-06-13 15:16:22,821 - INFO -run_logger.palmsens_driver 
 	 Data received: {'index': 64, 'frequency': [15848.931640625], 'zre': [561.3207686406915], 'zim': [299.65174302339034]} 

2024-06-13 15:16:24,026 - INFO -run_logger.palmsens_driver 
 	 Data received: {'index': 65, 'frequency': [12589.25390625], 'zre': [558.269892071874], 'zim': [377.573899369513]} 

2024-06-13 15:16:25,304 - INFO -run_logger.palmsens_driver 
 	 Data received: {'index': 66, 'frequency': [10000.0], 'zre': [557.5479875724575], 'zim': [475.2043732600976]} 

2024-06-13 15:16:25,353 - INFO -run_logger.palmsens_driver 
 	 result:
{'Title': 'Impedance Spectroscopy', 'timestamp': '13/06/2024 15:15:02', 'current_arrays': [[2384.185791015625, -71.52557373046875, -255.10787963867188, -212.19253540039062, -202.65579223632812, -240.80276489257812, -193.11904907226562, -255.10787963867188, -231.26602172851562, -298.0232238769531, -145.43533325195312, 2384.185791015625, 71.52557373046875, -269.4129943847656, -221.72927856445312, -202.65579223632812, -183.58230590820312, -255.10787963867188, -255.10787963867188, -245.57113647460938, -202.65579223632812, -212.19253540039062, 2384.185791015625, -23.84185791015625, -240.80276489257812, -255.10787963867188, -221.72927856445312, -236.03439331054688, -240.80276489257812, -174.04556274414062, -226.49765014648438, -312.3283386230469, -188.35067749023438, 2384.185791015625, 23.84185791015625, -197.88742065429688, -207.42416381835938, -236.03439331054688, -226.49765014648438, -255.10787963867188, -236.03439331054688, -245.57113647460938, -193.11904907226562, -202.65579223632812, 2384.185791015625, 23.84185791015625, -207.42416381835938, -212.19253540039062, -245.57113647460938, -269.4129943847656, -202.65579223632812, -202.65579223632812, -188.35067749023438, -164.50881958007812, -269.4129943847656, 2384.185791015625, 71.52557373046875, -231.26602172851562, -231.26602172851562, -164.50881958007812, -183.58230590820312, -255.10787963867188, -236.03439331054688, -216.96090698242188, -336.1701965332031, -145.43533325195312]], 'potential_arrays': [[0.0, 0.0, 0.0, 0.0, 0.0, 0.0, 0.0, 0.0, 0.0, 0.0, 0.0, 0.10000000149011612, 0.10000000149011612, 0.10000000149011612, 0.10000000149011612, 0.10000000149011612, 0.10000000149011612, 0.10000000149011612, 0.10000000149011612, 0.10000000149011612, 0.10000000149011612, 0.10000000149011612, 0.20000000298023224, 0.20000000298023224, 0.20000000298023224, 0.20000000298023224, 0.20000000298023224, 0.20000000298023224, 0.20000000298023224, 0.20000000298023224, 0.20000000298023224, 0.20000000298023224, 0.20000000298023224, 0.30000001192092896, 0.30000001192092896, 0.30000001192092896, 0.30000001192092896, 0.30000001192092896, 0.30000001192092896, 0.30000001192092896, 0.30000001192092896, 0.30000001192092896, 0.30000001192092896, 0.30000001192092896, 0.4000000059604645, 0.4000000059604645, 0.4000000059604645, 0.4000000059604645, 0.4000000059604645, 0.4000000059604645, 0.4000000059604645, 0.4000000059604645, 0.4000000059604645, 0.4000000059604645, 0.4000000059604645, 0.5, 0.5, 0.5, 0.5, 0.5, 0.5, 0.5, 0.5, 0.5, 0.5, 0.5]], 'time_arrays': [[0.0, 0.0, 0.0, 0.0, 0.0, 0.0, 0.0, 0.0, 0.0, 0.0, 0.0, 14.533987998962402, 14.533987998962402, 14.533987998962402, 14.533987998962402, 14.533987998962402, 14.533987998962402, 14.533987998962402, 14.533987998962402, 14.533987998962402, 14.533987998962402, 14.533987998962402, 28.234302520751953, 28.234302520751953, 28.234302520751953, 28.234302520751953, 28.234302520751953, 28.234302520751953, 28.234302520751953, 28.234302520751953, 28.234302520751953, 28.234302520751953, 28.234302520751953, 41.89437484741211, 41.89437484741211, 41.89437484741211, 41.89437484741211, 41.89437484741211, 41.89437484741211, 41.89437484741211, 41.89437484741211, 41.89437484741211, 41.89437484741211, 41.89437484741211, 55.53194808959961, 55.53194808959961, 55.53194808959961, 55.53194808959961, 55.53194808959961, 55.53194808959961, 55.53194808959961, 55.53194808959961, 55.53194808959961, 55.53194808959961, 55.53194808959961, 69.28654479980469, 69.28654479980469, 69.28654479980469, 69.28654479980469, 69.28654479980469, 69.28654479980469, 69.28654479980469, 69.28654479980469, 69.28654479980469, 69.28654479980469, 69.28654479980469]], 'freq_arrays': [[100000.0, 79432.8203125, 63095.734375, 50118.72265625, 39810.71875, 31622.77734375, 25118.865234375, 19952.623046875, 15848.931640625, 12589.25390625, 10000.0, 100000.0, 79432.8203125, 63095.734375, 50118.72265625, 39810.71875, 31622.77734375, 25118.865234375, 19952.623046875, 15848.931640625, 12589.25390625, 10000.0, 100000.0, 79432.8203125, 63095.734375, 50118.72265625, 39810.71875, 31622.77734375, 25118.865234375, 19952.623046875, 15848.931640625, 12589.25390625, 10000.0, 100000.0, 79432.8203125, 63095.734375, 50118.72265625, 39810.71875, 31622.77734375, 25118.865234375, 19952.623046875, 15848.931640625, 12589.25390625, 10000.0, 100000.0, 79432.8203125, 63095.734375, 50118.72265625, 39810.71875, 31622.77734375, 25118.865234375, 19952.623046875, 15848.931640625, 12589.25390625, 10000.0, 100000.0, 79432.8203125, 63095.734375, 50118.72265625, 39810.71875, 31622.77734375, 25118.865234375, 19952.623046875, 15848.931640625, 12589.25390625, 10000.0]], 'zre_arrays': [[557.7978201258803, 559.1438354429031, 558.4813057005231, 558.9354540261568, 561.771242812518, 559.065261737276, 557.4640354330645, 559.6493444695666, 555.9238943669446, 561.2025764312676, 560.4932804744949, 558.6519105525767, 558.5962207227676, 557.2808357658997, 558.5479740242716, 557.9655099429348, 554.439273372913, 557.8966465433791, 559.3216669768863, 556.9269276244937, 556.4638256946479, 562.7524062417639, 558.1165378672044, 560.42386784483, 559.2463142821927, 558.093084910421, 557.1227050884066, 564.7445927943668, 560.3564694956456, 558.831360377068, 557.9422225286987, 562.0671733122717, 559.3415781569048, 559.0649543184057, 559.9351037494755, 558.863791788202, 559.201401595592, 558.9637611292158, 555.5519704030589, 559.7878781476277, 558.8612769800981, 559.53762550414, 562.9948811202262, 558.5645611915571, 558.7291369606834, 557.7408413588738, 558.1463618046234, 560.4725020869421, 562.1019865945068, 556.5589669723083, 559.9989058258205, 559.9784606355944, 558.8697401895785, 555.637177833694, 556.793739460465, 558.9079391217239, 559.99874104821, 558.0383061634328, 559.3423611908383, 558.2923054812533, 559.4149627108117, 558.3856232556576, 556.7550561408757, 561.3207686406915, 558.269892071874, 557.5479875724575]], 'zim_arrays': [[45.533735929786914, 58.79866496275063, 74.93067567527608, 96.36696087742271, 119.17797075655896, 147.08424182988662, 189.32391682884278, 238.8686119441246, 296.84877691466716, 379.0055115801592, 474.9201191528641, 46.0218950193756, 61.83630233632147, 74.1321199972819, 95.93517429755984, 121.67845127602274, 149.3203219076177, 188.45519401973135, 238.05335093256534, 300.44019630153076, 377.38252177920424, 475.36095168748363, 44.97844584567958, 61.27267835766289, 75.80371391270265, 93.73276311161254, 119.65062454818992, 156.3019234388102, 188.89565094396826, 237.23697970158156, 302.8113499382765, 380.20813123634514, 476.0863868104372, 45.2920888020468, 59.58015887743075, 76.88036319431018, 95.33229688642051, 122.58903831296787, 147.41369685060872, 189.12552980119622, 236.27385033707242, 296.4055077708993, 377.8095035451185, 471.6243357127702, 44.33800502873964, 58.85712031674112, 73.25912520562972, 94.24090759207486, 117.71931787668206, 156.04198727573043, 188.24602058609537, 238.27071912349393, 298.72415894029206, 381.17167428991553, 470.3603088472696, 45.22574217633353, 57.70050826141648, 74.31637508326824, 94.93211472426691, 120.77640923683367, 146.30776058490034, 190.2896997493956, 235.9717584524287, 299.65174302339034, 377.573899369513, 475.2043732600976]], 'aux_input_arrays': [], 'peaks': [], 'eis_fit': []} 

2024-06-13 15:31:32,199 - INFO -run_logger.palmsens_driver 
 	 Data received: {'index': 1, 'frequency': [100000.0], 'zre': [558.6059077211933], 'zim': [44.77354634096483]} 

2024-06-13 15:31:33,412 - INFO -run_logger.palmsens_driver 
 	 Data received: {'index': 2, 'frequency': [79432.8203125], 'zre': [557.7808219766741], 'zim': [60.70454112093534]} 

2024-06-13 15:31:34,659 - INFO -run_logger.palmsens_driver 
 	 Data received: {'index': 3, 'frequency': [63095.734375], 'zre': [559.9087837899373], 'zim': [74.10767044402134]} 

2024-06-13 15:31:35,896 - INFO -run_logger.palmsens_driver 
 	 Data received: {'index': 4, 'frequency': [50118.72265625], 'zre': [557.8480204990914], 'zim': [94.08975586949563]} 

2024-06-13 15:31:37,147 - INFO -run_logger.palmsens_driver 
 	 Data received: {'index': 5, 'frequency': [39810.71875], 'zre': [555.7901662186381], 'zim': [118.9743733022931]} 

2024-06-13 15:31:38,360 - INFO -run_logger.palmsens_driver 
 	 Data received: {'index': 6, 'frequency': [31622.77734375], 'zre': [554.6985005437375], 'zim': [150.43018443642495]} 

2024-06-13 15:31:39,585 - INFO -run_logger.palmsens_driver 
 	 Data received: {'index': 7, 'frequency': [25118.865234375], 'zre': [560.7986918786797], 'zim': [188.75897005856334]} 

2024-06-13 15:31:40,827 - INFO -run_logger.palmsens_driver 
 	 Data received: {'index': 8, 'frequency': [19952.623046875], 'zre': [559.0545659092928], 'zim': [237.8560286445893]} 

2024-06-13 15:31:42,043 - INFO -run_logger.palmsens_driver 
 	 Data received: {'index': 9, 'frequency': [15848.931640625], 'zre': [562.2382975289491], 'zim': [296.7146329135544]} 

2024-06-13 15:31:43,289 - INFO -run_logger.palmsens_driver 
 	 Data received: {'index': 10, 'frequency': [12589.25390625], 'zre': [562.9698754424513], 'zim': [378.54000766830035]} 

2024-06-13 15:31:44,550 - INFO -run_logger.palmsens_driver 
 	 Data received: {'index': 11, 'frequency': [10000.0], 'zre': [564.5320672658195], 'zim': [476.4943395211925]} 

2024-06-13 15:32:01,355 - INFO -run_logger.palmsens_driver 
 	 Data received: {'index': 12, 'frequency': [100000.0], 'zre': [559.1390160621573], 'zim': [44.67277960188796]} 

2024-06-13 15:32:02,581 - INFO -run_logger.palmsens_driver 
 	 Data received: {'index': 13, 'frequency': [79432.8203125], 'zre': [560.2025853182176], 'zim': [59.7656545428986]} 

2024-06-13 15:32:03,827 - INFO -run_logger.palmsens_driver 
 	 Data received: {'index': 14, 'frequency': [63095.734375], 'zre': [559.2746932240788], 'zim': [75.58507550830105]} 

2024-06-13 15:32:05,073 - INFO -run_logger.palmsens_driver 
 	 Data received: {'index': 15, 'frequency': [50118.72265625], 'zre': [559.7036608739878], 'zim': [94.10994154117277]} 

2024-06-13 15:32:06,287 - INFO -run_logger.palmsens_driver 
 	 Data received: {'index': 16, 'frequency': [39810.71875], 'zre': [558.3854689015697], 'zim': [121.32515782988413]} 

2024-06-13 15:32:07,531 - INFO -run_logger.palmsens_driver 
 	 Data received: {'index': 17, 'frequency': [31622.77734375], 'zre': [559.7220946879099], 'zim': [152.3706011528042]} 

2024-06-13 15:32:08,756 - INFO -run_logger.palmsens_driver 
 	 Data received: {'index': 18, 'frequency': [25118.865234375], 'zre': [559.1301094233993], 'zim': [188.7541311409666]} 

2024-06-13 15:32:09,997 - INFO -run_logger.palmsens_driver 
 	 Data received: {'index': 19, 'frequency': [19952.623046875], 'zre': [558.4596743529204], 'zim': [239.43870954520486]} 

2024-06-13 15:32:11,243 - INFO -run_logger.palmsens_driver 
 	 Data received: {'index': 20, 'frequency': [15848.931640625], 'zre': [556.6717995966868], 'zim': [299.79104030852585]} 

2024-06-13 15:32:12,500 - INFO -run_logger.palmsens_driver 
 	 Data received: {'index': 21, 'frequency': [12589.25390625], 'zre': [561.8208836315619], 'zim': [378.34144628110624]} 

2024-06-13 15:32:13,745 - INFO -run_logger.palmsens_driver 
 	 Data received: {'index': 22, 'frequency': [10000.0], 'zre': [559.6700848712287], 'zim': [478.10282809963593]} 

2024-06-13 15:32:31,355 - INFO -run_logger.palmsens_driver 
 	 Data received: {'index': 23, 'frequency': [100000.0], 'zre': [557.6465894577578], 'zim': [45.44343369298452]} 

2024-06-13 15:32:32,599 - INFO -run_logger.palmsens_driver 
 	 Data received: {'index': 24, 'frequency': [79432.8203125], 'zre': [558.9747680651544], 'zim': [60.856519766281636]} 

2024-06-13 15:32:33,837 - INFO -run_logger.palmsens_driver 
 	 Data received: {'index': 25, 'frequency': [63095.734375], 'zre': [561.1368797632707], 'zim': [77.71910544534661]} 

2024-06-13 15:32:35,050 - INFO -run_logger.palmsens_driver 
 	 Data received: {'index': 26, 'frequency': [50118.72265625], 'zre': [557.7072765733491], 'zim': [95.4268611444645]} 

2024-06-13 15:32:36,319 - INFO -run_logger.palmsens_driver 
 	 Data received: {'index': 27, 'frequency': [39810.71875], 'zre': [558.219043230284], 'zim': [121.71186535421805]} 

2024-06-13 15:32:37,563 - INFO -run_logger.palmsens_driver 
 	 Data received: {'index': 28, 'frequency': [31622.77734375], 'zre': [556.2996215492445], 'zim': [158.4371894112654]} 

2024-06-13 15:32:38,806 - INFO -run_logger.palmsens_driver 
 	 Data received: {'index': 29, 'frequency': [25118.865234375], 'zre': [559.5659800649158], 'zim': [188.61382688337176]} 

2024-06-13 15:32:40,036 - INFO -run_logger.palmsens_driver 
 	 Data received: {'index': 30, 'frequency': [19952.623046875], 'zre': [559.355661603213], 'zim': [235.57410506375763]} 

2024-06-13 15:32:41,289 - INFO -run_logger.palmsens_driver 
 	 Data received: {'index': 31, 'frequency': [15848.931640625], 'zre': [558.9139368948222], 'zim': [299.0164391946141]} 

2024-06-13 15:32:42,531 - INFO -run_logger.palmsens_driver 
 	 Data received: {'index': 32, 'frequency': [12589.25390625], 'zre': [556.452159301301], 'zim': [377.6853391906652]} 

2024-06-13 15:32:43,786 - INFO -run_logger.palmsens_driver 
 	 Data received: {'index': 33, 'frequency': [10000.0], 'zre': [558.8314438273326], 'zim': [477.52875187162255]} 

2024-06-13 15:32:43,836 - INFO -run_logger.palmsens_driver 
 	 result:
{'Title': 'Impedance Spectroscopy', 'timestamp': '13/06/2024 15:31:30', 'current_arrays': [[2384.185791015625, -23.84185791015625, -183.58230590820312, -240.80276489257812, -221.72927856445312, -259.8762512207031, -126.36184692382812, -231.26602172851562, -312.3283386230469, -245.57113647460938, -197.88742065429688, 2384.185791015625, 23.84185791015625, -216.96090698242188, -259.8762512207031, -169.27719116210938, -183.58230590820312, -245.57113647460938, -212.19253540039062, -45.299530029296875, -288.4864807128906, -154.97207641601562, 2384.185791015625, 23.84185791015625, -150.20370483398438, -231.26602172851562, -212.19253540039062, -207.42416381835938, -226.49765014648438, -212.19253540039062, -207.42416381835938, -164.50881958007812, -326.6334533691406]], 'potential_arrays': [[0.0, 0.0, 0.0, 0.0, 0.0, 0.0, 0.0, 0.0, 0.0, 0.0, 0.0, 0.0, 0.0, 0.0, 0.0, 0.0, 0.0, 0.0, 0.0, 0.0, 0.0, 0.0, 0.0, 0.0, 0.0, 0.0, 0.0, 0.0, 0.0, 0.0, 0.0, 0.0, 0.0]], 'time_arrays': [[0.0, 0.0, 0.0, 0.0, 0.0, 0.0, 0.0, 0.0, 0.0, 0.0, 0.0, 30.000930786132812, 30.000930786132812, 30.000930786132812, 30.000930786132812, 30.000930786132812, 30.000930786132812, 30.000930786132812, 30.000930786132812, 30.000930786132812, 30.000930786132812, 30.000930786132812, 60.00193405151367, 60.00193405151367, 60.00193405151367, 60.00193405151367, 60.00193405151367, 60.00193405151367, 60.00193405151367, 60.00193405151367, 60.00193405151367, 60.00193405151367, 60.00193405151367]], 'freq_arrays': [[100000.0, 79432.8203125, 63095.734375, 50118.72265625, 39810.71875, 31622.77734375, 25118.865234375, 19952.623046875, 15848.931640625, 12589.25390625, 10000.0, 100000.0, 79432.8203125, 63095.734375, 50118.72265625, 39810.71875, 31622.77734375, 25118.865234375, 19952.623046875, 15848.931640625, 12589.25390625, 10000.0, 100000.0, 79432.8203125, 63095.734375, 50118.72265625, 39810.71875, 31622.77734375, 25118.865234375, 19952.623046875, 15848.931640625, 12589.25390625, 10000.0]], 'zre_arrays': [[558.6059077211933, 557.7808219766741, 559.9087837899373, 557.8480204990914, 555.7901662186381, 554.6985005437375, 560.7986918786797, 559.0545659092928, 562.2382975289491, 562.9698754424513, 564.5320672658195, 559.1390160621573, 560.2025853182176, 559.2746932240788, 559.7036608739878, 558.3854689015697, 559.7220946879099, 559.1301094233993, 558.4596743529204, 556.6717995966868, 561.8208836315619, 559.6700848712287, 557.6465894577578, 558.9747680651544, 561.1368797632707, 557.7072765733491, 558.219043230284, 556.2996215492445, 559.5659800649158, 559.355661603213, 558.9139368948222, 556.452159301301, 558.8314438273326]], 'zim_arrays': [[44.77354634096483, 60.70454112093534, 74.10767044402134, 94.08975586949563, 118.9743733022931, 150.43018443642495, 188.75897005856334, 237.8560286445893, 296.7146329135544, 378.54000766830035, 476.4943395211925, 44.67277960188796, 59.7656545428986, 75.58507550830105, 94.10994154117277, 121.32515782988413, 152.3706011528042, 188.7541311409666, 239.43870954520486, 299.79104030852585, 378.34144628110624, 478.10282809963593, 45.44343369298452, 60.856519766281636, 77.71910544534661, 95.4268611444645, 121.71186535421805, 158.4371894112654, 188.61382688337176, 235.57410506375763, 299.0164391946141, 377.6853391906652, 477.52875187162255]], 'aux_input_arrays': [], 'peaks': [], 'eis_fit': []} 

2024-06-13 15:32:54,622 - INFO -run_logger.palmsens_driver 
 	 Data received: {'index': 1, 'frequency': [100000.0], 'zre': [559.6839336682466], 'zim': [45.62619492747409]} 

2024-06-13 15:32:55,850 - INFO -run_logger.palmsens_driver 
 	 Data received: {'index': 2, 'frequency': [79432.8203125], 'zre': [560.0220864914899], 'zim': [59.935150009612485]} 

2024-06-13 15:32:57,088 - INFO -run_logger.palmsens_driver 
 	 Data received: {'index': 3, 'frequency': [63095.734375], 'zre': [560.8636059621008], 'zim': [75.20282973640545]} 

2024-06-13 15:32:58,345 - INFO -run_logger.palmsens_driver 
 	 Data received: {'index': 4, 'frequency': [50118.72265625], 'zre': [559.233615646488], 'zim': [97.97614600474566]} 

2024-06-13 15:32:59,600 - INFO -run_logger.palmsens_driver 
 	 Data received: {'index': 5, 'frequency': [39810.71875], 'zre': [560.4463126559639], 'zim': [121.19322935883693]} 

2024-06-13 15:33:00,836 - INFO -run_logger.palmsens_driver 
 	 Data received: {'index': 6, 'frequency': [31622.77734375], 'zre': [558.4331225519204], 'zim': [154.07275272721338]} 

2024-06-13 15:33:02,099 - INFO -run_logger.palmsens_driver 
 	 Data received: {'index': 7, 'frequency': [25118.865234375], 'zre': [557.8982761065499], 'zim': [189.97815615117455]} 

2024-06-13 15:33:03,346 - INFO -run_logger.palmsens_driver 
 	 Data received: {'index': 8, 'frequency': [19952.623046875], 'zre': [558.2425816639343], 'zim': [237.58772933930885]} 

2024-06-13 15:33:04,591 - INFO -run_logger.palmsens_driver 
 	 Data received: {'index': 9, 'frequency': [15848.931640625], 'zre': [562.1440626772059], 'zim': [300.5249737580337]} 

2024-06-13 15:33:05,848 - INFO -run_logger.palmsens_driver 
 	 Data received: {'index': 10, 'frequency': [12589.25390625], 'zre': [559.3767038519715], 'zim': [375.44110014716676]} 

2024-06-13 15:33:07,070 - INFO -run_logger.palmsens_driver 
 	 Data received: {'index': 11, 'frequency': [10000.0], 'zre': [556.2482308991534], 'zim': [475.4839327271568]} 

2024-06-13 15:33:23,775 - INFO -run_logger.palmsens_driver 
 	 Data received: {'index': 12, 'frequency': [100000.0], 'zre': [558.7460672719636], 'zim': [45.205835608453874]} 

2024-06-13 15:33:25,014 - INFO -run_logger.palmsens_driver 
 	 Data received: {'index': 13, 'frequency': [79432.8203125], 'zre': [557.9163446505581], 'zim': [59.54293819483287]} 

2024-06-13 15:33:26,255 - INFO -run_logger.palmsens_driver 
 	 Data received: {'index': 14, 'frequency': [63095.734375], 'zre': [557.5925407174302], 'zim': [76.05643739574231]} 

2024-06-13 15:33:27,503 - INFO -run_logger.palmsens_driver 
 	 Data received: {'index': 15, 'frequency': [50118.72265625], 'zre': [560.993158968348], 'zim': [93.42182094519477]} 

2024-06-13 15:33:28,725 - INFO -run_logger.palmsens_driver 
 	 Data received: {'index': 16, 'frequency': [39810.71875], 'zre': [560.7588566914559], 'zim': [120.95244833595329]} 

2024-06-13 15:33:29,969 - INFO -run_logger.palmsens_driver 
 	 Data received: {'index': 17, 'frequency': [31622.77734375], 'zre': [556.4195710565527], 'zim': [144.4394788351706]} 

2024-06-13 15:33:31,212 - INFO -run_logger.palmsens_driver 
 	 Data received: {'index': 18, 'frequency': [25118.865234375], 'zre': [559.7101046332643], 'zim': [189.09489930293657]} 

2024-06-13 15:33:32,427 - INFO -run_logger.palmsens_driver 
 	 Data received: {'index': 19, 'frequency': [19952.623046875], 'zre': [558.8864715192816], 'zim': [241.3514896375046]} 

2024-06-13 15:33:33,668 - INFO -run_logger.palmsens_driver 
 	 Data received: {'index': 20, 'frequency': [15848.931640625], 'zre': [559.750038823431], 'zim': [299.15042206910636]} 

2024-06-13 15:33:34,926 - INFO -run_logger.palmsens_driver 
 	 Data received: {'index': 21, 'frequency': [12589.25390625], 'zre': [557.8584628682993], 'zim': [381.5659177118938]} 

2024-06-13 15:33:36,166 - INFO -run_logger.palmsens_driver 
 	 Data received: {'index': 22, 'frequency': [10000.0], 'zre': [562.6126595302393], 'zim': [474.8254843607142]} 

2024-06-13 15:33:53,766 - INFO -run_logger.palmsens_driver 
 	 Data received: {'index': 23, 'frequency': [100000.0], 'zre': [556.9110358767552], 'zim': [46.031236540699375]} 

2024-06-13 15:33:54,981 - INFO -run_logger.palmsens_driver 
 	 Data received: {'index': 24, 'frequency': [79432.8203125], 'zre': [559.9463115155253], 'zim': [61.26765037010121]} 

2024-06-13 15:33:56,219 - INFO -run_logger.palmsens_driver 
 	 Data received: {'index': 25, 'frequency': [63095.734375], 'zre': [558.2985583816946], 'zim': [73.69533591296661]} 

2024-06-13 15:33:57,446 - INFO -run_logger.palmsens_driver 
 	 Data received: {'index': 26, 'frequency': [50118.72265625], 'zre': [559.5044855301777], 'zim': [93.53710103485061]} 

2024-06-13 15:33:58,649 - INFO -run_logger.palmsens_driver 
 	 Data received: {'index': 27, 'frequency': [39810.71875], 'zre': [559.5889130263464], 'zim': [120.1902667420343]} 

2024-06-13 15:33:59,879 - INFO -run_logger.palmsens_driver 
 	 Data received: {'index': 28, 'frequency': [31622.77734375], 'zre': [553.7364841148108], 'zim': [142.94808826958948]} 

2024-06-13 15:34:01,078 - INFO -run_logger.palmsens_driver 
 	 Data received: {'index': 29, 'frequency': [25118.865234375], 'zre': [558.927131550079], 'zim': [188.3662439988919]} 

2024-06-13 15:34:02,331 - INFO -run_logger.palmsens_driver 
 	 Data received: {'index': 30, 'frequency': [19952.623046875], 'zre': [559.6570395665259], 'zim': [236.26852589589475]} 

2024-06-13 15:34:03,569 - INFO -run_logger.palmsens_driver 
 	 Data received: {'index': 31, 'frequency': [15848.931640625], 'zre': [560.292126559811], 'zim': [300.13595915745947]} 

2024-06-13 15:34:04,813 - INFO -run_logger.palmsens_driver 
 	 Data received: {'index': 32, 'frequency': [12589.25390625], 'zre': [558.5016440871583], 'zim': [374.27675329368986]} 

2024-06-13 15:34:06,057 - INFO -run_logger.palmsens_driver 
 	 Data received: {'index': 33, 'frequency': [10000.0], 'zre': [558.4223062828524], 'zim': [475.35857723641163]} 

2024-06-13 15:34:06,106 - INFO -run_logger.palmsens_driver 
 	 result:
{'Title': 'Impedance Spectroscopy', 'timestamp': '13/06/2024 15:32:52', 'current_arrays': [[2384.185791015625, 71.52557373046875, -159.74044799804688, -188.35067749023438, -154.97207641601562, -240.80276489257812, -259.8762512207031, -207.42416381835938, -221.72927856445312, -269.4129943847656, -140.66696166992188, 2384.185791015625, 119.20928955078125, -236.03439331054688, -212.19253540039062, -183.58230590820312, -197.88742065429688, -202.65579223632812, -188.35067749023438, -197.88742065429688, -140.66696166992188, -236.03439331054688, 2384.185791015625, 23.84185791015625, -264.6446228027344, -197.88742065429688, -221.72927856445312, -221.72927856445312, -245.57113647460938, -154.97207641601562, -193.11904907226562, -226.49765014648438, -83.44650268554688]], 'potential_arrays': [[0.0, 0.0, 0.0, 0.0, 0.0, 0.0, 0.0, 0.0, 0.0, 0.0, 0.0, 0.0, 0.0, 0.0, 0.0, 0.0, 0.0, 0.0, 0.0, 0.0, 0.0, 0.0, 0.0, 0.0, 0.0, 0.0, 0.0, 0.0, 0.0, 0.0, 0.0, 0.0, 0.0]], 'time_arrays': [[0.0, 0.0, 0.0, 0.0, 0.0, 0.0, 0.0, 0.0, 0.0, 0.0, 0.0, 30.00067901611328, 30.00067901611328, 30.00067901611328, 30.00067901611328, 30.00067901611328, 30.00067901611328, 30.00067901611328, 30.00067901611328, 30.00067901611328, 30.00067901611328, 30.00067901611328, 60.00157165527344, 60.00157165527344, 60.00157165527344, 60.00157165527344, 60.00157165527344, 60.00157165527344, 60.00157165527344, 60.00157165527344, 60.00157165527344, 60.00157165527344, 60.00157165527344]], 'freq_arrays': [[100000.0, 79432.8203125, 63095.734375, 50118.72265625, 39810.71875, 31622.77734375, 25118.865234375, 19952.623046875, 15848.931640625, 12589.25390625, 10000.0, 100000.0, 79432.8203125, 63095.734375, 50118.72265625, 39810.71875, 31622.77734375, 25118.865234375, 19952.623046875, 15848.931640625, 12589.25390625, 10000.0, 100000.0, 79432.8203125, 63095.734375, 50118.72265625, 39810.71875, 31622.77734375, 25118.865234375, 19952.623046875, 15848.931640625, 12589.25390625, 10000.0]], 'zre_arrays': [[559.6839336682466, 560.0220864914899, 560.8636059621008, 559.233615646488, 560.4463126559639, 558.4331225519204, 557.8982761065499, 558.2425816639343, 562.1440626772059, 559.3767038519715, 556.2482308991534, 558.7460672719636, 557.9163446505581, 557.5925407174302, 560.993158968348, 560.7588566914559, 556.4195710565527, 559.7101046332643, 558.8864715192816, 559.750038823431, 557.8584628682993, 562.6126595302393, 556.9110358767552, 559.9463115155253, 558.2985583816946, 559.5044855301777, 559.5889130263464, 553.7364841148108, 558.927131550079, 559.6570395665259, 560.292126559811, 558.5016440871583, 558.4223062828524]], 'zim_arrays': [[45.62619492747409, 59.935150009612485, 75.20282973640545, 97.97614600474566, 121.19322935883693, 154.07275272721338, 189.97815615117455, 237.58772933930885, 300.5249737580337, 375.44110014716676, 475.4839327271568, 45.205835608453874, 59.54293819483287, 76.05643739574231, 93.42182094519477, 120.95244833595329, 144.4394788351706, 189.09489930293657, 241.3514896375046, 299.15042206910636, 381.5659177118938, 474.8254843607142, 46.031236540699375, 61.26765037010121, 73.69533591296661, 93.53710103485061, 120.1902667420343, 142.94808826958948, 188.3662439988919, 236.26852589589475, 300.13595915745947, 374.27675329368986, 475.35857723641163]], 'aux_input_arrays': [], 'peaks': [], 'eis_fit': []} 

