2024-06-12 19:09:05,309 - INFO -run_logger.palmsens_driver 
 	 Successfully connected to PalmSens4 [1]. 

2024-06-12 19:09:10,750 - INFO -run_logger.palmsens_driver 
 	 Data received: {'index': 1, 'x': [0.0], 'x_unit': 's', 'x_type': 'Time', 'y': [0.07152557373046875], 'y_unit': 'µA', 'y_type': 'Current'} 

2024-06-12 19:09:10,828 - INFO -run_logger.palmsens_driver 
 	 Data received: {'index': 2, 'x': [0.10000000149011612], 'x_unit': 's', 'x_type': 'Time', 'y': [0.02384185791015625], 'y_unit': 'µA', 'y_type': 'Current'} 

2024-06-12 19:09:10,969 - INFO -run_logger.palmsens_driver 
 	 Data received: {'index': 3, 'x': [0.20000000298023224], 'x_unit': 's', 'x_type': 'Time', 'y': [0.07152557373046875], 'y_unit': 'µA', 'y_type': 'Current'} 

2024-06-12 19:09:11,062 - INFO -run_logger.palmsens_driver 
 	 Data received: {'index': 4, 'x': [0.30000001192092896], 'x_unit': 's', 'x_type': 'Time', 'y': [0.07152557373046875], 'y_unit': 'µA', 'y_type': 'Current'} 

2024-06-12 19:09:11,154 - INFO -run_logger.palmsens_driver 
 	 Data received: {'index': 5, 'x': [0.4000000059604645], 'x_unit': 's', 'x_type': 'Time', 'y': [0.07152557373046875], 'y_unit': 'µA', 'y_type': 'Current'} 

2024-06-12 19:09:11,262 - INFO -run_logger.palmsens_driver 
 	 Data received: {'index': 6, 'x': [0.5], 'x_unit': 's', 'x_type': 'Time', 'y': [0.002384185791015625], 'y_unit': 'µA', 'y_type': 'Current'} 

2024-06-12 19:09:11,372 - INFO -run_logger.palmsens_driver 
 	 Data received: {'index': 7, 'x': [0.6000000238418579], 'x_unit': 's', 'x_type': 'Time', 'y': [-0.002384185791015625], 'y_unit': 'µA', 'y_type': 'Current'} 

2024-06-12 19:09:11,466 - INFO -run_logger.palmsens_driver 
 	 Data received: {'index': 8, 'x': [0.699999988079071], 'x_unit': 's', 'x_type': 'Time', 'y': [-0.002384185791015625], 'y_unit': 'µA', 'y_type': 'Current'} 

2024-06-12 19:09:11,560 - INFO -run_logger.palmsens_driver 
 	 Data received: {'index': 9, 'x': [0.800000011920929], 'x_unit': 's', 'x_type': 'Time', 'y': [-0.002384185791015625], 'y_unit': 'µA', 'y_type': 'Current'} 

2024-06-12 19:09:11,655 - INFO -run_logger.palmsens_driver 
 	 Data received: {'index': 10, 'x': [0.9000000357627869], 'x_unit': 's', 'x_type': 'Time', 'y': [-0.002384185791015625], 'y_unit': 'µA', 'y_type': 'Current'} 

2024-06-12 19:09:11,750 - INFO -run_logger.palmsens_driver 
 	 Data received: {'index': 11, 'x': [1.0], 'x_unit': 's', 'x_type': 'Time', 'y': [-0.0002384185791015625], 'y_unit': 'µA', 'y_type': 'Current'} 

2024-06-12 19:09:11,844 - INFO -run_logger.palmsens_driver 
 	 Data received: {'index': 12, 'x': [1.100000023841858], 'x_unit': 's', 'x_type': 'Time', 'y': [-0.0007152557373046875], 'y_unit': 'µA', 'y_type': 'Current'} 

2024-06-12 19:09:11,937 - INFO -run_logger.palmsens_driver 
 	 Data received: {'index': 13, 'x': [1.2000000476837158], 'x_unit': 's', 'x_type': 'Time', 'y': [-0.0007152557373046875], 'y_unit': 'µA', 'y_type': 'Current'} 

2024-06-12 19:09:12,031 - INFO -run_logger.palmsens_driver 
 	 Data received: {'index': 14, 'x': [1.3000000715255737], 'x_unit': 's', 'x_type': 'Time', 'y': [-0.0002384185791015625], 'y_unit': 'µA', 'y_type': 'Current'} 

2024-06-12 19:09:12,170 - INFO -run_logger.palmsens_driver 
 	 Data received: {'index': 15, 'x': [1.399999976158142], 'x_unit': 's', 'x_type': 'Time', 'y': [-0.0002384185791015625], 'y_unit': 'µA', 'y_type': 'Current'} 

2024-06-12 19:09:12,262 - INFO -run_logger.palmsens_driver 
 	 Data received: {'index': 16, 'x': [1.5], 'x_unit': 's', 'x_type': 'Time', 'y': [0.014567375183105469], 'y_unit': 'µA', 'y_type': 'Current'} 

2024-06-12 19:09:12,371 - INFO -run_logger.palmsens_driver 
 	 Data received: {'index': 17, 'x': [1.600000023841858], 'x_unit': 's', 'x_type': 'Time', 'y': [0.011038780212402344], 'y_unit': 'µA', 'y_type': 'Current'} 

2024-06-12 19:09:12,464 - INFO -run_logger.palmsens_driver 
 	 Data received: {'index': 18, 'x': [1.7000000476837158], 'x_unit': 's', 'x_type': 'Time', 'y': [0.007128715515136719], 'y_unit': 'µA', 'y_type': 'Current'} 

2024-06-12 19:09:12,557 - INFO -run_logger.palmsens_driver 
 	 Data received: {'index': 19, 'x': [1.8000000715255737], 'x_unit': 's', 'x_type': 'Time', 'y': [0.011610984802246094], 'y_unit': 'µA', 'y_type': 'Current'} 

2024-06-12 19:09:12,650 - INFO -run_logger.palmsens_driver 
 	 Data received: {'index': 20, 'x': [1.899999976158142], 'x_unit': 's', 'x_type': 'Time', 'y': [0.013995170593261719], 'y_unit': 'µA', 'y_type': 'Current'} 

2024-06-12 19:09:12,743 - INFO -run_logger.palmsens_driver 
 	 Data received: {'index': 21, 'x': [2.0], 'x_unit': 's', 'x_type': 'Time', 'y': [0.013899803161621094], 'y_unit': 'µA', 'y_type': 'Current'} 

2024-06-12 19:09:12,836 - INFO -run_logger.palmsens_driver 
 	 Data received: {'index': 22, 'x': [2.1000001430511475], 'x_unit': 's', 'x_type': 'Time', 'y': [0.010275840759277344], 'y_unit': 'µA', 'y_type': 'Current'} 

2024-06-12 19:09:12,931 - INFO -run_logger.palmsens_driver 
 	 Data received: {'index': 23, 'x': [2.200000047683716], 'x_unit': 's', 'x_type': 'Time', 'y': [0.014328956604003906], 'y_unit': 'µA', 'y_type': 'Current'} 

2024-06-12 19:09:13,073 - INFO -run_logger.palmsens_driver 
 	 Data received: {'index': 24, 'x': [2.299999952316284], 'x_unit': 's', 'x_type': 'Time', 'y': [0.013375282287597656], 'y_unit': 'µA', 'y_type': 'Current'} 

2024-06-12 19:09:13,166 - INFO -run_logger.palmsens_driver 
 	 Data received: {'index': 25, 'x': [2.4000000953674316], 'x_unit': 's', 'x_type': 'Time', 'y': [0.008559226989746094], 'y_unit': 'µA', 'y_type': 'Current'} 

2024-06-12 19:09:13,261 - INFO -run_logger.palmsens_driver 
 	 Data received: {'index': 26, 'x': [2.5], 'x_unit': 's', 'x_type': 'Time', 'y': [0.010132789611816406], 'y_unit': 'µA', 'y_type': 'Current'} 

2024-06-12 19:09:13,356 - INFO -run_logger.palmsens_driver 
 	 Data received: {'index': 27, 'x': [2.6000001430511475], 'x_unit': 's', 'x_type': 'Time', 'y': [0.011706352233886719], 'y_unit': 'µA', 'y_type': 'Current'} 

2024-06-12 19:09:13,449 - INFO -run_logger.palmsens_driver 
 	 Data received: {'index': 28, 'x': [2.700000047683716], 'x_unit': 's', 'x_type': 'Time', 'y': [0.010704994201660156], 'y_unit': 'µA', 'y_type': 'Current'} 

2024-06-12 19:09:13,557 - INFO -run_logger.palmsens_driver 
 	 Data received: {'index': 29, 'x': [2.799999952316284], 'x_unit': 's', 'x_type': 'Time', 'y': [0.009799003601074219], 'y_unit': 'µA', 'y_type': 'Current'} 

2024-06-12 19:09:13,651 - INFO -run_logger.palmsens_driver 
 	 Data received: {'index': 30, 'x': [2.9000000953674316], 'x_unit': 's', 'x_type': 'Time', 'y': [0.012230873107910156], 'y_unit': 'µA', 'y_type': 'Current'} 

2024-06-12 19:09:13,743 - INFO -run_logger.palmsens_driver 
 	 Data received: {'index': 31, 'x': [3.0], 'x_unit': 's', 'x_type': 'Time', 'y': [0.009655952453613281], 'y_unit': 'µA', 'y_type': 'Current'} 

2024-06-12 19:09:13,838 - INFO -run_logger.palmsens_driver 
 	 Data received: {'index': 32, 'x': [3.1000001430511475], 'x_unit': 's', 'x_type': 'Time', 'y': [0.006556510925292969], 'y_unit': 'µA', 'y_type': 'Current'} 

2024-06-12 19:09:13,929 - INFO -run_logger.palmsens_driver 
 	 Data received: {'index': 33, 'x': [3.200000047683716], 'x_unit': 's', 'x_type': 'Time', 'y': [0.009322166442871094], 'y_unit': 'µA', 'y_type': 'Current'} 

2024-06-12 19:09:14,071 - INFO -run_logger.palmsens_driver 
 	 Data received: {'index': 34, 'x': [3.299999952316284], 'x_unit': 's', 'x_type': 'Time', 'y': [0.009465217590332031], 'y_unit': 'µA', 'y_type': 'Current'} 

2024-06-12 19:09:14,164 - INFO -run_logger.palmsens_driver 
 	 Data received: {'index': 35, 'x': [3.4000000953674316], 'x_unit': 's', 'x_type': 'Time', 'y': [0.010943412780761719], 'y_unit': 'µA', 'y_type': 'Current'} 

2024-06-12 19:09:14,258 - INFO -run_logger.palmsens_driver 
 	 Data received: {'index': 36, 'x': [3.5], 'x_unit': 's', 'x_type': 'Time', 'y': [0.009083747863769531], 'y_unit': 'µA', 'y_type': 'Current'} 

2024-06-12 19:09:14,350 - INFO -run_logger.palmsens_driver 
 	 Data received: {'index': 37, 'x': [3.6000001430511475], 'x_unit': 's', 'x_type': 'Time', 'y': [0.012564659118652344], 'y_unit': 'µA', 'y_type': 'Current'} 

2024-06-12 19:09:14,444 - INFO -run_logger.palmsens_driver 
 	 Data received: {'index': 38, 'x': [3.700000047683716], 'x_unit': 's', 'x_type': 'Time', 'y': [0.008702278137207031], 'y_unit': 'µA', 'y_type': 'Current'} 

2024-06-12 19:09:14,537 - INFO -run_logger.palmsens_driver 
 	 Data received: {'index': 39, 'x': [3.799999952316284], 'x_unit': 's', 'x_type': 'Time', 'y': [0.010132789611816406], 'y_unit': 'µA', 'y_type': 'Current'} 

2024-06-12 19:09:14,631 - INFO -run_logger.palmsens_driver 
 	 Data received: {'index': 40, 'x': [3.9000000953674316], 'x_unit': 's', 'x_type': 'Time', 'y': [0.008654594421386719], 'y_unit': 'µA', 'y_type': 'Current'} 

2024-06-12 19:09:14,771 - INFO -run_logger.palmsens_driver 
 	 Data received: {'index': 41, 'x': [4.0], 'x_unit': 's', 'x_type': 'Time', 'y': [0.009179115295410156], 'y_unit': 'µA', 'y_type': 'Current'} 

2024-06-12 19:09:14,866 - INFO -run_logger.palmsens_driver 
 	 Data received: {'index': 42, 'x': [4.099999904632568], 'x_unit': 's', 'x_type': 'Time', 'y': [0.011038780212402344], 'y_unit': 'µA', 'y_type': 'Current'} 

2024-06-12 19:09:14,960 - INFO -run_logger.palmsens_driver 
 	 Data received: {'index': 43, 'x': [4.200000286102295], 'x_unit': 's', 'x_type': 'Time', 'y': [0.013422966003417969], 'y_unit': 'µA', 'y_type': 'Current'} 

2024-06-12 19:09:15,053 - INFO -run_logger.palmsens_driver 
 	 Data received: {'index': 44, 'x': [4.300000190734863], 'x_unit': 's', 'x_type': 'Time', 'y': [0.009751319885253906], 'y_unit': 'µA', 'y_type': 'Current'} 

2024-06-12 19:09:15,146 - INFO -run_logger.palmsens_driver 
 	 Data received: {'index': 45, 'x': [4.400000095367432], 'x_unit': 's', 'x_type': 'Time', 'y': [0.007081031799316406], 'y_unit': 'µA', 'y_type': 'Current'} 

2024-06-12 19:09:15,238 - INFO -run_logger.palmsens_driver 
 	 Data received: {'index': 46, 'x': [4.5], 'x_unit': 's', 'x_type': 'Time', 'y': [0.011706352233886719], 'y_unit': 'µA', 'y_type': 'Current'} 

2024-06-12 19:09:15,332 - INFO -run_logger.palmsens_driver 
 	 Data received: {'index': 47, 'x': [4.599999904632568], 'x_unit': 's', 'x_type': 'Time', 'y': [0.010275840759277344], 'y_unit': 'µA', 'y_type': 'Current'} 

2024-06-12 19:09:15,471 - INFO -run_logger.palmsens_driver 
 	 Data received: {'index': 48, 'x': [4.700000286102295], 'x_unit': 's', 'x_type': 'Time', 'y': [0.010895729064941406], 'y_unit': 'µA', 'y_type': 'Current'} 

2024-06-12 19:09:15,564 - INFO -run_logger.palmsens_driver 
 	 Data received: {'index': 49, 'x': [4.800000190734863], 'x_unit': 's', 'x_type': 'Time', 'y': [0.004506111145019531], 'y_unit': 'µA', 'y_type': 'Current'} 

2024-06-12 19:09:15,657 - INFO -run_logger.palmsens_driver 
 	 Data received: {'index': 50, 'x': [4.900000095367432], 'x_unit': 's', 'x_type': 'Time', 'y': [0.010466575622558594], 'y_unit': 'µA', 'y_type': 'Current'} 

2024-06-12 19:09:15,749 - INFO -run_logger.palmsens_driver 
 	 Data received: {'index': 51, 'x': [5.0], 'x_unit': 's', 'x_type': 'Time', 'y': [0.010991096496582031], 'y_unit': 'µA', 'y_type': 'Current'} 

2024-06-12 19:09:15,780 - INFO -run_logger.palmsens_driver 
 	 result:
{'Title': 'Chronoamperometry', 'timestamp': '12/06/2024 19:09:09', 'current_arrays': [[0.07152557373046875, 0.02384185791015625, 0.07152557373046875, 0.07152557373046875, 0.07152557373046875, 0.002384185791015625, -0.002384185791015625, -0.002384185791015625, -0.002384185791015625, -0.002384185791015625, -0.0002384185791015625, -0.0007152557373046875, -0.0007152557373046875, -0.0002384185791015625, -0.0002384185791015625, 0.014567375183105469, 0.011038780212402344, 0.007128715515136719, 0.011610984802246094, 0.013995170593261719, 0.013899803161621094, 0.010275840759277344, 0.014328956604003906, 0.013375282287597656, 0.008559226989746094, 0.010132789611816406, 0.011706352233886719, 0.010704994201660156, 0.009799003601074219, 0.012230873107910156, 0.009655952453613281, 0.006556510925292969, 0.009322166442871094, 0.009465217590332031, 0.010943412780761719, 0.009083747863769531, 0.012564659118652344, 0.008702278137207031, 0.010132789611816406, 0.008654594421386719, 0.009179115295410156, 0.011038780212402344, 0.013422966003417969, 0.009751319885253906, 0.007081031799316406, 0.011706352233886719, 0.010275840759277344, 0.010895729064941406, 0.004506111145019531, 0.010466575622558594, 0.010991096496582031]], 'potential_arrays': [[0.49996280670166016, 0.49996280670166016, 0.49996280670166016, 0.49996280670166016, 0.49996280670166016, 0.49996280670166016, 0.49996280670166016, 0.49996280670166016, 0.49996280670166016, 0.49996280670166016, 0.49996280670166016, 0.49996280670166016, 0.49996280670166016, 0.49996280670166016, 0.49996280670166016, 0.49996280670166016, 0.49996280670166016, 0.49996280670166016, 0.49996280670166016, 0.49996280670166016, 0.49996280670166016, 0.49996280670166016, 0.49996280670166016, 0.49996280670166016, 0.49996280670166016, 0.49996280670166016, 0.49996280670166016, 0.49996280670166016, 0.49996280670166016, 0.49996280670166016, 0.49996280670166016, 0.49996280670166016, 0.49996280670166016, 0.49996280670166016, 0.49996280670166016, 0.49996280670166016, 0.49996280670166016, 0.49996280670166016, 0.49996280670166016, 0.49996280670166016, 0.49996280670166016, 0.49996280670166016, 0.49996280670166016, 0.49996280670166016, 0.49996280670166016, 0.49996280670166016, 0.49996280670166016, 0.49996280670166016, 0.49996280670166016, 0.49996280670166016, 0.49996280670166016]], 'time_arrays': [[0.0, 0.10000000149011612, 0.20000000298023224, 0.30000001192092896, 0.4000000059604645, 0.5, 0.6000000238418579, 0.699999988079071, 0.800000011920929, 0.9000000357627869, 1.0, 1.100000023841858, 1.2000000476837158, 1.3000000715255737, 1.399999976158142, 1.5, 1.600000023841858, 1.7000000476837158, 1.8000000715255737, 1.899999976158142, 2.0, 2.1000001430511475, 2.200000047683716, 2.299999952316284, 2.4000000953674316, 2.5, 2.6000001430511475, 2.700000047683716, 2.799999952316284, 2.9000000953674316, 3.0, 3.1000001430511475, 3.200000047683716, 3.299999952316284, 3.4000000953674316, 3.5, 3.6000001430511475, 3.700000047683716, 3.799999952316284, 3.9000000953674316, 4.0, 4.099999904632568, 4.200000286102295, 4.300000190734863, 4.400000095367432, 4.5, 4.599999904632568, 4.700000286102295, 4.800000190734863, 4.900000095367432, 5.0]], 'freq_arrays': [], 'zre_arrays': [], 'zim_arrays': [], 'aux_input_arrays': [], 'peaks': [], 'eis_fit': []} 

