2024-06-17 14:13:31,748 - INFO -run_logger.palmsens_driver 
 	 Successfully connected to PalmSens4 [1]. 

2024-06-17 14:13:46,964 - INFO -run_logger.palmsens_driver 
 	 Data received: {'index': 1, 'x': [0.0], 'x_unit': 's', 'x_type': 'Time', 'y': [-1.9835624694824219], 'y_unit': 'V', 'y_type': 'Potential'} 

2024-06-17 14:13:47,234 - INFO -run_logger.palmsens_driver 
 	 Data received: {'index': 2, 'x': [0.25], 'x_unit': 's', 'x_type': 'Time', 'y': [-1.9836406707763672], 'y_unit': 'V', 'y_type': 'Potential'} 

2024-06-17 14:13:47,468 - INFO -run_logger.palmsens_driver 
 	 Data received: {'index': 3, 'x': [0.5], 'x_unit': 's', 'x_type': 'Time', 'y': [-1.9835624694824219], 'y_unit': 'V', 'y_type': 'Potential'} 

2024-06-17 14:13:47,701 - INFO -run_logger.palmsens_driver 
 	 Data received: {'index': 4, 'x': [0.75], 'x_unit': 's', 'x_type': 'Time', 'y': [-1.9835624694824219], 'y_unit': 'V', 'y_type': 'Potential'} 

2024-06-17 14:13:47,983 - INFO -run_logger.palmsens_driver 
 	 Data received: {'index': 5, 'x': [1.0], 'x_unit': 's', 'x_type': 'Time', 'y': [-1.9836406707763672], 'y_unit': 'V', 'y_type': 'Potential'} 

2024-06-17 14:13:48,214 - INFO -run_logger.palmsens_driver 
 	 Data received: {'index': 6, 'x': [1.25], 'x_unit': 's', 'x_type': 'Time', 'y': [-1.9835624694824219], 'y_unit': 'V', 'y_type': 'Potential'} 

2024-06-17 14:13:48,447 - INFO -run_logger.palmsens_driver 
 	 Data received: {'index': 7, 'x': [1.5], 'x_unit': 's', 'x_type': 'Time', 'y': [-1.9837188720703125], 'y_unit': 'V', 'y_type': 'Potential'} 

2024-06-17 14:13:48,729 - INFO -run_logger.palmsens_driver 
 	 Data received: {'index': 8, 'x': [1.75], 'x_unit': 's', 'x_type': 'Time', 'y': [-1.9835624694824219], 'y_unit': 'V', 'y_type': 'Potential'} 

2024-06-17 14:13:48,961 - INFO -run_logger.palmsens_driver 
 	 Data received: {'index': 9, 'x': [2.0], 'x_unit': 's', 'x_type': 'Time', 'y': [-1.9835624694824219], 'y_unit': 'V', 'y_type': 'Potential'} 

2024-06-17 14:13:49,197 - INFO -run_logger.palmsens_driver 
 	 Data received: {'index': 10, 'x': [2.25], 'x_unit': 's', 'x_type': 'Time', 'y': [-1.9835624694824219], 'y_unit': 'V', 'y_type': 'Potential'} 

2024-06-17 14:13:49,491 - INFO -run_logger.palmsens_driver 
 	 Data received: {'index': 11, 'x': [2.5], 'x_unit': 's', 'x_type': 'Time', 'y': [-1.9834842681884766], 'y_unit': 'V', 'y_type': 'Potential'} 

2024-06-17 14:13:49,726 - INFO -run_logger.palmsens_driver 
 	 Data received: {'index': 12, 'x': [2.75], 'x_unit': 's', 'x_type': 'Time', 'y': [-1.9834842681884766], 'y_unit': 'V', 'y_type': 'Potential'} 

2024-06-17 14:13:49,957 - INFO -run_logger.palmsens_driver 
 	 Data received: {'index': 13, 'x': [3.0], 'x_unit': 's', 'x_type': 'Time', 'y': [-1.9835624694824219], 'y_unit': 'V', 'y_type': 'Potential'} 

2024-06-17 14:13:50,236 - INFO -run_logger.palmsens_driver 
 	 Data received: {'index': 14, 'x': [3.25], 'x_unit': 's', 'x_type': 'Time', 'y': [-1.9834060668945312], 'y_unit': 'V', 'y_type': 'Potential'} 

2024-06-17 14:13:50,472 - INFO -run_logger.palmsens_driver 
 	 Data received: {'index': 15, 'x': [3.5], 'x_unit': 's', 'x_type': 'Time', 'y': [-1.9834842681884766], 'y_unit': 'V', 'y_type': 'Potential'} 

2024-06-17 14:13:50,703 - INFO -run_logger.palmsens_driver 
 	 Data received: {'index': 16, 'x': [3.75], 'x_unit': 's', 'x_type': 'Time', 'y': [-1.983327865600586], 'y_unit': 'V', 'y_type': 'Potential'} 

2024-06-17 14:13:50,983 - INFO -run_logger.palmsens_driver 
 	 Data received: {'index': 17, 'x': [4.0], 'x_unit': 's', 'x_type': 'Time', 'y': [-1.983327865600586], 'y_unit': 'V', 'y_type': 'Potential'} 

2024-06-17 14:13:51,218 - INFO -run_logger.palmsens_driver 
 	 Data received: {'index': 18, 'x': [4.25], 'x_unit': 's', 'x_type': 'Time', 'y': [-1.9834060668945312], 'y_unit': 'V', 'y_type': 'Potential'} 

2024-06-17 14:13:51,453 - INFO -run_logger.palmsens_driver 
 	 Data received: {'index': 19, 'x': [4.5], 'x_unit': 's', 'x_type': 'Time', 'y': [-1.983327865600586], 'y_unit': 'V', 'y_type': 'Potential'} 

2024-06-17 14:13:51,736 - INFO -run_logger.palmsens_driver 
 	 Data received: {'index': 20, 'x': [4.75], 'x_unit': 's', 'x_type': 'Time', 'y': [-1.983327865600586], 'y_unit': 'V', 'y_type': 'Potential'} 

2024-06-17 14:13:51,967 - INFO -run_logger.palmsens_driver 
 	 Data received: {'index': 21, 'x': [5.0], 'x_unit': 's', 'x_type': 'Time', 'y': [-1.9832496643066406], 'y_unit': 'V', 'y_type': 'Potential'} 

2024-06-17 14:13:52,199 - INFO -run_logger.palmsens_driver 
 	 Data received: {'index': 22, 'x': [5.25], 'x_unit': 's', 'x_type': 'Time', 'y': [-1.9831714630126953], 'y_unit': 'V', 'y_type': 'Potential'} 

2024-06-17 14:13:52,480 - INFO -run_logger.palmsens_driver 
 	 Data received: {'index': 23, 'x': [5.5], 'x_unit': 's', 'x_type': 'Time', 'y': [-1.9832496643066406], 'y_unit': 'V', 'y_type': 'Potential'} 

2024-06-17 14:13:52,714 - INFO -run_logger.palmsens_driver 
 	 Data received: {'index': 24, 'x': [5.75], 'x_unit': 's', 'x_type': 'Time', 'y': [-1.98309326171875], 'y_unit': 'V', 'y_type': 'Potential'} 

2024-06-17 14:13:52,949 - INFO -run_logger.palmsens_driver 
 	 Data received: {'index': 25, 'x': [6.0], 'x_unit': 's', 'x_type': 'Time', 'y': [-1.9831714630126953], 'y_unit': 'V', 'y_type': 'Potential'} 

2024-06-17 14:13:53,229 - INFO -run_logger.palmsens_driver 
 	 Data received: {'index': 26, 'x': [6.25], 'x_unit': 's', 'x_type': 'Time', 'y': [-1.98309326171875], 'y_unit': 'V', 'y_type': 'Potential'} 

2024-06-17 14:13:53,476 - INFO -run_logger.palmsens_driver 
 	 Data received: {'index': 27, 'x': [6.5], 'x_unit': 's', 'x_type': 'Time', 'y': [-1.9830150604248047], 'y_unit': 'V', 'y_type': 'Potential'} 

2024-06-17 14:13:53,726 - INFO -run_logger.palmsens_driver 
 	 Data received: {'index': 28, 'x': [6.75], 'x_unit': 's', 'x_type': 'Time', 'y': [-1.98309326171875], 'y_unit': 'V', 'y_type': 'Potential'} 

2024-06-17 14:13:53,956 - INFO -run_logger.palmsens_driver 
 	 Data received: {'index': 29, 'x': [7.0], 'x_unit': 's', 'x_type': 'Time', 'y': [-1.98309326171875], 'y_unit': 'V', 'y_type': 'Potential'} 

2024-06-17 14:13:54,237 - INFO -run_logger.palmsens_driver 
 	 Data received: {'index': 30, 'x': [7.25], 'x_unit': 's', 'x_type': 'Time', 'y': [-1.983327865600586], 'y_unit': 'V', 'y_type': 'Potential'} 

2024-06-17 14:13:54,468 - INFO -run_logger.palmsens_driver 
 	 Data received: {'index': 31, 'x': [7.5], 'x_unit': 's', 'x_type': 'Time', 'y': [-1.983327865600586], 'y_unit': 'V', 'y_type': 'Potential'} 

2024-06-17 14:13:54,700 - INFO -run_logger.palmsens_driver 
 	 Data received: {'index': 32, 'x': [7.75], 'x_unit': 's', 'x_type': 'Time', 'y': [-1.9832496643066406], 'y_unit': 'V', 'y_type': 'Potential'} 

2024-06-17 14:13:54,980 - INFO -run_logger.palmsens_driver 
 	 Data received: {'index': 33, 'x': [8.0], 'x_unit': 's', 'x_type': 'Time', 'y': [-1.983327865600586], 'y_unit': 'V', 'y_type': 'Potential'} 

2024-06-17 14:13:55,214 - INFO -run_logger.palmsens_driver 
 	 Data received: {'index': 34, 'x': [8.25], 'x_unit': 's', 'x_type': 'Time', 'y': [-1.9831714630126953], 'y_unit': 'V', 'y_type': 'Potential'} 

2024-06-17 14:13:55,462 - INFO -run_logger.palmsens_driver 
 	 Data received: {'index': 35, 'x': [8.5], 'x_unit': 's', 'x_type': 'Time', 'y': [-1.9832496643066406], 'y_unit': 'V', 'y_type': 'Potential'} 

2024-06-17 14:13:55,725 - INFO -run_logger.palmsens_driver 
 	 Data received: {'index': 36, 'x': [8.75], 'x_unit': 's', 'x_type': 'Time', 'y': [-1.9832496643066406], 'y_unit': 'V', 'y_type': 'Potential'} 

2024-06-17 14:13:55,957 - INFO -run_logger.palmsens_driver 
 	 Data received: {'index': 37, 'x': [9.0], 'x_unit': 's', 'x_type': 'Time', 'y': [-1.9831714630126953], 'y_unit': 'V', 'y_type': 'Potential'} 

2024-06-17 14:13:56,234 - INFO -run_logger.palmsens_driver 
 	 Data received: {'index': 38, 'x': [9.25], 'x_unit': 's', 'x_type': 'Time', 'y': [-1.9831714630126953], 'y_unit': 'V', 'y_type': 'Potential'} 

2024-06-17 14:13:56,466 - INFO -run_logger.palmsens_driver 
 	 Data received: {'index': 39, 'x': [9.5], 'x_unit': 's', 'x_type': 'Time', 'y': [-1.98309326171875], 'y_unit': 'V', 'y_type': 'Potential'} 

2024-06-17 14:13:56,698 - INFO -run_logger.palmsens_driver 
 	 Data received: {'index': 40, 'x': [9.75], 'x_unit': 's', 'x_type': 'Time', 'y': [-1.98309326171875], 'y_unit': 'V', 'y_type': 'Potential'} 

2024-06-17 14:13:56,946 - INFO -run_logger.palmsens_driver 
 	 Data received: {'index': 41, 'x': [10.0], 'x_unit': 's', 'x_type': 'Time', 'y': [-1.98309326171875], 'y_unit': 'V', 'y_type': 'Potential'} 

2024-06-17 14:13:57,227 - INFO -run_logger.palmsens_driver 
 	 Data received: {'index': 42, 'x': [10.25], 'x_unit': 's', 'x_type': 'Time', 'y': [-1.9830150604248047], 'y_unit': 'V', 'y_type': 'Potential'} 

2024-06-17 14:13:57,461 - INFO -run_logger.palmsens_driver 
 	 Data received: {'index': 43, 'x': [10.5], 'x_unit': 's', 'x_type': 'Time', 'y': [-1.9830150604248047], 'y_unit': 'V', 'y_type': 'Potential'} 

2024-06-17 14:13:57,694 - INFO -run_logger.palmsens_driver 
 	 Data received: {'index': 44, 'x': [10.75], 'x_unit': 's', 'x_type': 'Time', 'y': [-1.9829368591308594], 'y_unit': 'V', 'y_type': 'Potential'} 

2024-06-17 14:13:57,973 - INFO -run_logger.palmsens_driver 
 	 Data received: {'index': 45, 'x': [11.0], 'x_unit': 's', 'x_type': 'Time', 'y': [-1.9829368591308594], 'y_unit': 'V', 'y_type': 'Potential'} 

2024-06-17 14:13:58,204 - INFO -run_logger.palmsens_driver 
 	 Data received: {'index': 46, 'x': [11.25], 'x_unit': 's', 'x_type': 'Time', 'y': [-1.9829368591308594], 'y_unit': 'V', 'y_type': 'Potential'} 

2024-06-17 14:13:58,483 - INFO -run_logger.palmsens_driver 
 	 Data received: {'index': 47, 'x': [11.5], 'x_unit': 's', 'x_type': 'Time', 'y': [-1.9827804565429688], 'y_unit': 'V', 'y_type': 'Potential'} 

2024-06-17 14:13:58,718 - INFO -run_logger.palmsens_driver 
 	 Data received: {'index': 48, 'x': [11.75], 'x_unit': 's', 'x_type': 'Time', 'y': [-1.982858657836914], 'y_unit': 'V', 'y_type': 'Potential'} 

2024-06-17 14:13:58,953 - INFO -run_logger.palmsens_driver 
 	 Data received: {'index': 49, 'x': [12.0], 'x_unit': 's', 'x_type': 'Time', 'y': [-1.9827804565429688], 'y_unit': 'V', 'y_type': 'Potential'} 

2024-06-17 14:13:59,231 - INFO -run_logger.palmsens_driver 
 	 Data received: {'index': 50, 'x': [12.25], 'x_unit': 's', 'x_type': 'Time', 'y': [-1.9827032089233398], 'y_unit': 'V', 'y_type': 'Potential'} 

2024-06-17 14:13:59,466 - INFO -run_logger.palmsens_driver 
 	 Data received: {'index': 51, 'x': [12.5], 'x_unit': 's', 'x_type': 'Time', 'y': [-1.9827804565429688], 'y_unit': 'V', 'y_type': 'Potential'} 

2024-06-17 14:13:59,699 - INFO -run_logger.palmsens_driver 
 	 Data received: {'index': 52, 'x': [12.75], 'x_unit': 's', 'x_type': 'Time', 'y': [-1.9826250076293945], 'y_unit': 'V', 'y_type': 'Potential'} 

2024-06-17 14:13:59,980 - INFO -run_logger.palmsens_driver 
 	 Data received: {'index': 53, 'x': [13.0], 'x_unit': 's', 'x_type': 'Time', 'y': [-1.9827032089233398], 'y_unit': 'V', 'y_type': 'Potential'} 

2024-06-17 14:14:00,211 - INFO -run_logger.palmsens_driver 
 	 Data received: {'index': 54, 'x': [13.25], 'x_unit': 's', 'x_type': 'Time', 'y': [-1.9826250076293945], 'y_unit': 'V', 'y_type': 'Potential'} 

2024-06-17 14:14:00,448 - INFO -run_logger.palmsens_driver 
 	 Data received: {'index': 55, 'x': [13.5], 'x_unit': 's', 'x_type': 'Time', 'y': [-1.9825468063354492], 'y_unit': 'V', 'y_type': 'Potential'} 

2024-06-17 14:14:00,729 - INFO -run_logger.palmsens_driver 
 	 Data received: {'index': 56, 'x': [13.75], 'x_unit': 's', 'x_type': 'Time', 'y': [-1.982468605041504], 'y_unit': 'V', 'y_type': 'Potential'} 

2024-06-17 14:14:00,965 - INFO -run_logger.palmsens_driver 
 	 Data received: {'index': 57, 'x': [14.0], 'x_unit': 's', 'x_type': 'Time', 'y': [-1.9823904037475586], 'y_unit': 'V', 'y_type': 'Potential'} 

2024-06-17 14:14:01,201 - INFO -run_logger.palmsens_driver 
 	 Data received: {'index': 58, 'x': [14.25], 'x_unit': 's', 'x_type': 'Time', 'y': [-1.9823904037475586], 'y_unit': 'V', 'y_type': 'Potential'} 

2024-06-17 14:14:01,482 - INFO -run_logger.palmsens_driver 
 	 Data received: {'index': 59, 'x': [14.5], 'x_unit': 's', 'x_type': 'Time', 'y': [-1.9823904037475586], 'y_unit': 'V', 'y_type': 'Potential'} 

2024-06-17 14:14:01,717 - INFO -run_logger.palmsens_driver 
 	 Data received: {'index': 60, 'x': [14.75], 'x_unit': 's', 'x_type': 'Time', 'y': [-1.982234001159668], 'y_unit': 'V', 'y_type': 'Potential'} 

2024-06-17 14:14:01,951 - INFO -run_logger.palmsens_driver 
 	 Data received: {'index': 61, 'x': [15.0], 'x_unit': 's', 'x_type': 'Time', 'y': [-1.9823122024536133], 'y_unit': 'V', 'y_type': 'Potential'} 

2024-06-17 14:14:02,231 - INFO -run_logger.palmsens_driver 
 	 Data received: {'index': 62, 'x': [15.25], 'x_unit': 's', 'x_type': 'Time', 'y': [-1.982234001159668], 'y_unit': 'V', 'y_type': 'Potential'} 

2024-06-17 14:14:02,463 - INFO -run_logger.palmsens_driver 
 	 Data received: {'index': 63, 'x': [15.5], 'x_unit': 's', 'x_type': 'Time', 'y': [-1.982234001159668], 'y_unit': 'V', 'y_type': 'Potential'} 

2024-06-17 14:14:02,697 - INFO -run_logger.palmsens_driver 
 	 Data received: {'index': 64, 'x': [15.75], 'x_unit': 's', 'x_type': 'Time', 'y': [-1.982234001159668], 'y_unit': 'V', 'y_type': 'Potential'} 

2024-06-17 14:14:02,979 - INFO -run_logger.palmsens_driver 
 	 Data received: {'index': 65, 'x': [16.0], 'x_unit': 's', 'x_type': 'Time', 'y': [-1.9821557998657227], 'y_unit': 'V', 'y_type': 'Potential'} 

2024-06-17 14:14:03,213 - INFO -run_logger.palmsens_driver 
 	 Data received: {'index': 66, 'x': [16.25], 'x_unit': 's', 'x_type': 'Time', 'y': [-1.982234001159668], 'y_unit': 'V', 'y_type': 'Potential'} 

2024-06-17 14:14:03,447 - INFO -run_logger.palmsens_driver 
 	 Data received: {'index': 67, 'x': [16.5], 'x_unit': 's', 'x_type': 'Time', 'y': [-1.9821557998657227], 'y_unit': 'V', 'y_type': 'Potential'} 

2024-06-17 14:14:03,708 - INFO -run_logger.palmsens_driver 
 	 Data received: {'index': 68, 'x': [16.75], 'x_unit': 's', 'x_type': 'Time', 'y': [-1.9820775985717773], 'y_unit': 'V', 'y_type': 'Potential'} 

2024-06-17 14:14:03,987 - INFO -run_logger.palmsens_driver 
 	 Data received: {'index': 69, 'x': [17.0], 'x_unit': 's', 'x_type': 'Time', 'y': [-1.9820775985717773], 'y_unit': 'V', 'y_type': 'Potential'} 

2024-06-17 14:14:04,221 - INFO -run_logger.palmsens_driver 
 	 Data received: {'index': 70, 'x': [17.25], 'x_unit': 's', 'x_type': 'Time', 'y': [-1.9819211959838867], 'y_unit': 'V', 'y_type': 'Potential'} 

2024-06-17 14:14:04,453 - INFO -run_logger.palmsens_driver 
 	 Data received: {'index': 71, 'x': [17.5], 'x_unit': 's', 'x_type': 'Time', 'y': [-1.981999397277832], 'y_unit': 'V', 'y_type': 'Potential'} 

2024-06-17 14:14:04,732 - INFO -run_logger.palmsens_driver 
 	 Data received: {'index': 72, 'x': [17.75], 'x_unit': 's', 'x_type': 'Time', 'y': [-1.9819211959838867], 'y_unit': 'V', 'y_type': 'Potential'} 

2024-06-17 14:14:04,967 - INFO -run_logger.palmsens_driver 
 	 Data received: {'index': 73, 'x': [18.0], 'x_unit': 's', 'x_type': 'Time', 'y': [-1.9818429946899414], 'y_unit': 'V', 'y_type': 'Potential'} 

2024-06-17 14:14:05,202 - INFO -run_logger.palmsens_driver 
 	 Data received: {'index': 74, 'x': [18.25], 'x_unit': 's', 'x_type': 'Time', 'y': [-1.9819211959838867], 'y_unit': 'V', 'y_type': 'Potential'} 

2024-06-17 14:14:05,481 - INFO -run_logger.palmsens_driver 
 	 Data received: {'index': 75, 'x': [18.5], 'x_unit': 's', 'x_type': 'Time', 'y': [-1.9818429946899414], 'y_unit': 'V', 'y_type': 'Potential'} 

2024-06-17 14:14:05,716 - INFO -run_logger.palmsens_driver 
 	 Data received: {'index': 76, 'x': [18.75], 'x_unit': 's', 'x_type': 'Time', 'y': [-1.9818429946899414], 'y_unit': 'V', 'y_type': 'Potential'} 

2024-06-17 14:14:05,945 - INFO -run_logger.palmsens_driver 
 	 Data received: {'index': 77, 'x': [19.0], 'x_unit': 's', 'x_type': 'Time', 'y': [-1.9817657470703125], 'y_unit': 'V', 'y_type': 'Potential'} 

2024-06-17 14:14:06,194 - INFO -run_logger.palmsens_driver 
 	 Data received: {'index': 78, 'x': [19.25], 'x_unit': 's', 'x_type': 'Time', 'y': [-1.9816093444824219], 'y_unit': 'V', 'y_type': 'Potential'} 

2024-06-17 14:14:06,476 - INFO -run_logger.palmsens_driver 
 	 Data received: {'index': 79, 'x': [19.5], 'x_unit': 's', 'x_type': 'Time', 'y': [-1.9816875457763672], 'y_unit': 'V', 'y_type': 'Potential'} 

2024-06-17 14:14:06,710 - INFO -run_logger.palmsens_driver 
 	 Data received: {'index': 80, 'x': [19.75], 'x_unit': 's', 'x_type': 'Time', 'y': [-1.9816093444824219], 'y_unit': 'V', 'y_type': 'Potential'} 

2024-06-17 14:14:06,944 - INFO -run_logger.palmsens_driver 
 	 Data received: {'index': 81, 'x': [20.0], 'x_unit': 's', 'x_type': 'Time', 'y': [-1.9816093444824219], 'y_unit': 'V', 'y_type': 'Potential'} 

2024-06-17 14:14:06,993 - INFO -run_logger.palmsens_driver 
 	 result:
{'Title': 'Open Circuit Potentiometry', 'timestamp': '17/06/2024 14:13:45', 'current_arrays': [[0.2384185791015625, 0.2384185791015625, 0.2384185791015625, 0.2384185791015625, 0.2384185791015625, 0.2384185791015625, 0.2384185791015625, 0.2384185791015625, 0.2384185791015625, 0.2384185791015625, 0.2384185791015625, 0.2384185791015625, 0.2384185791015625, 0.2384185791015625, 0.2384185791015625, 0.2384185791015625, 0.2384185791015625, 0.2384185791015625, 0.2384185791015625, 0.2384185791015625, 0.2384185791015625, 0.2384185791015625, 0.2384185791015625, 0.2384185791015625, 0.2384185791015625, 0.2384185791015625, 0.2384185791015625, 0.2384185791015625, 0.2384185791015625, 0.2384185791015625, 0.2384185791015625, 0.2384185791015625, 0.2384185791015625, 0.2384185791015625, 0.2384185791015625, 0.2384185791015625, 0.2384185791015625, 0.2384185791015625, 0.2384185791015625, 0.2384185791015625, 0.2384185791015625, 0.2384185791015625, 0.2384185791015625, 0.2384185791015625, 0.2384185791015625, 0.2384185791015625, 0.2384185791015625, 0.2384185791015625, 0.2384185791015625, 0.2384185791015625, 0.2384185791015625, 0.2384185791015625, 0.2384185791015625, 0.2384185791015625, 0.2384185791015625, 0.2384185791015625, 0.2384185791015625, 0.2384185791015625, 0.2384185791015625, 0.2384185791015625, 0.2384185791015625, 0.2384185791015625, 0.2384185791015625, 0.2384185791015625, 0.2384185791015625, 0.2384185791015625, 0.2384185791015625, 0.2384185791015625, 0.2384185791015625, 0.2384185791015625, 0.2384185791015625, 0.2384185791015625, 0.2384185791015625, 0.2384185791015625, 0.2384185791015625, 0.2384185791015625, 0.2384185791015625, 0.2384185791015625, 0.2384185791015625, 0.2384185791015625, 0.2384185791015625]], 'potential_arrays': [[-1.9835624694824219, -1.9836406707763672, -1.9835624694824219, -1.9835624694824219, -1.9836406707763672, -1.9835624694824219, -1.9837188720703125, -1.9835624694824219, -1.9835624694824219, -1.9835624694824219, -1.9834842681884766, -1.9834842681884766, -1.9835624694824219, -1.9834060668945312, -1.9834842681884766, -1.983327865600586, -1.983327865600586, -1.9834060668945312, -1.983327865600586, -1.983327865600586, -1.9832496643066406, -1.9831714630126953, -1.9832496643066406, -1.98309326171875, -1.9831714630126953, -1.98309326171875, -1.9830150604248047, -1.98309326171875, -1.98309326171875, -1.983327865600586, -1.983327865600586, -1.9832496643066406, -1.983327865600586, -1.9831714630126953, -1.9832496643066406, -1.9832496643066406, -1.9831714630126953, -1.9831714630126953, -1.98309326171875, -1.98309326171875, -1.98309326171875, -1.9830150604248047, -1.9830150604248047, -1.9829368591308594, -1.9829368591308594, -1.9829368591308594, -1.9827804565429688, -1.982858657836914, -1.9827804565429688, -1.9827032089233398, -1.9827804565429688, -1.9826250076293945, -1.9827032089233398, -1.9826250076293945, -1.9825468063354492, -1.982468605041504, -1.9823904037475586, -1.9823904037475586, -1.9823904037475586, -1.982234001159668, -1.9823122024536133, -1.982234001159668, -1.982234001159668, -1.982234001159668, -1.9821557998657227, -1.982234001159668, -1.9821557998657227, -1.9820775985717773, -1.9820775985717773, -1.9819211959838867, -1.981999397277832, -1.9819211959838867, -1.9818429946899414, -1.9819211959838867, -1.9818429946899414, -1.9818429946899414, -1.9817657470703125, -1.9816093444824219, -1.9816875457763672, -1.9816093444824219, -1.9816093444824219]], 'time_arrays': [[0.0, 0.25, 0.5, 0.75, 1.0, 1.25, 1.5, 1.75, 2.0, 2.25, 2.5, 2.75, 3.0, 3.25, 3.5, 3.75, 4.0, 4.25, 4.5, 4.75, 5.0, 5.25, 5.5, 5.75, 6.0, 6.25, 6.5, 6.75, 7.0, 7.25, 7.5, 7.75, 8.0, 8.25, 8.5, 8.75, 9.0, 9.25, 9.5, 9.75, 10.0, 10.25, 10.5, 10.75, 11.0, 11.25, 11.5, 11.75, 12.0, 12.25, 12.5, 12.75, 13.0, 13.25, 13.5, 13.75, 14.0, 14.25, 14.5, 14.75, 15.0, 15.25, 15.5, 15.75, 16.0, 16.25, 16.5, 16.75, 17.0, 17.25, 17.5, 17.75, 18.0, 18.25, 18.5, 18.75, 19.0, 19.25, 19.5, 19.75, 20.0]], 'freq_arrays': [], 'zre_arrays': [], 'zim_arrays': [], 'aux_input_arrays': [], 'peaks': [], 'eis_fit': []} 

2024-06-17 14:16:35,408 - INFO -run_logger.palmsens_driver 
 	 Data received: {'index': 1, 'x': [0.0], 'x_unit': 's', 'x_type': 'Time', 'y': [-1.9835624694824219], 'y_unit': 'V', 'y_type': 'Potential'} 

2024-06-17 14:16:35,643 - INFO -run_logger.palmsens_driver 
 	 Data received: {'index': 2, 'x': [0.25], 'x_unit': 's', 'x_type': 'Time', 'y': [-1.9836406707763672], 'y_unit': 'V', 'y_type': 'Potential'} 

2024-06-17 14:16:35,876 - INFO -run_logger.palmsens_driver 
 	 Data received: {'index': 3, 'x': [0.5], 'x_unit': 's', 'x_type': 'Time', 'y': [-1.9835624694824219], 'y_unit': 'V', 'y_type': 'Potential'} 

2024-06-17 14:16:36,158 - INFO -run_logger.palmsens_driver 
 	 Data received: {'index': 4, 'x': [0.75], 'x_unit': 's', 'x_type': 'Time', 'y': [-1.9835624694824219], 'y_unit': 'V', 'y_type': 'Potential'} 

2024-06-17 14:16:36,393 - INFO -run_logger.palmsens_driver 
 	 Data received: {'index': 5, 'x': [1.0], 'x_unit': 's', 'x_type': 'Time', 'y': [-1.9835624694824219], 'y_unit': 'V', 'y_type': 'Potential'} 

2024-06-17 14:16:36,628 - INFO -run_logger.palmsens_driver 
 	 Data received: {'index': 6, 'x': [1.25], 'x_unit': 's', 'x_type': 'Time', 'y': [-1.9834842681884766], 'y_unit': 'V', 'y_type': 'Potential'} 

2024-06-17 14:16:36,907 - INFO -run_logger.palmsens_driver 
 	 Data received: {'index': 7, 'x': [1.5], 'x_unit': 's', 'x_type': 'Time', 'y': [-1.9835624694824219], 'y_unit': 'V', 'y_type': 'Potential'} 

2024-06-17 14:16:37,142 - INFO -run_logger.palmsens_driver 
 	 Data received: {'index': 8, 'x': [1.75], 'x_unit': 's', 'x_type': 'Time', 'y': [-1.9834842681884766], 'y_unit': 'V', 'y_type': 'Potential'} 

2024-06-17 14:16:37,418 - INFO -run_logger.palmsens_driver 
 	 Data received: {'index': 9, 'x': [2.0], 'x_unit': 's', 'x_type': 'Time', 'y': [-1.9835624694824219], 'y_unit': 'V', 'y_type': 'Potential'} 

2024-06-17 14:16:37,649 - INFO -run_logger.palmsens_driver 
 	 Data received: {'index': 10, 'x': [2.25], 'x_unit': 's', 'x_type': 'Time', 'y': [-1.9834842681884766], 'y_unit': 'V', 'y_type': 'Potential'} 

2024-06-17 14:16:37,898 - INFO -run_logger.palmsens_driver 
 	 Data received: {'index': 11, 'x': [2.5], 'x_unit': 's', 'x_type': 'Time', 'y': [-1.9834060668945312], 'y_unit': 'V', 'y_type': 'Potential'} 

2024-06-17 14:16:38,132 - INFO -run_logger.palmsens_driver 
 	 Data received: {'index': 12, 'x': [2.75], 'x_unit': 's', 'x_type': 'Time', 'y': [-1.9834060668945312], 'y_unit': 'V', 'y_type': 'Potential'} 

2024-06-17 14:16:38,410 - INFO -run_logger.palmsens_driver 
 	 Data received: {'index': 13, 'x': [3.0], 'x_unit': 's', 'x_type': 'Time', 'y': [-1.983327865600586], 'y_unit': 'V', 'y_type': 'Potential'} 

2024-06-17 14:16:38,646 - INFO -run_logger.palmsens_driver 
 	 Data received: {'index': 14, 'x': [3.25], 'x_unit': 's', 'x_type': 'Time', 'y': [-1.9834060668945312], 'y_unit': 'V', 'y_type': 'Potential'} 

2024-06-17 14:16:38,879 - INFO -run_logger.palmsens_driver 
 	 Data received: {'index': 15, 'x': [3.5], 'x_unit': 's', 'x_type': 'Time', 'y': [-1.9834842681884766], 'y_unit': 'V', 'y_type': 'Potential'} 

2024-06-17 14:16:39,164 - INFO -run_logger.palmsens_driver 
 	 Data received: {'index': 16, 'x': [3.75], 'x_unit': 's', 'x_type': 'Time', 'y': [-1.9834842681884766], 'y_unit': 'V', 'y_type': 'Potential'} 

2024-06-17 14:16:39,392 - INFO -run_logger.palmsens_driver 
 	 Data received: {'index': 17, 'x': [4.0], 'x_unit': 's', 'x_type': 'Time', 'y': [-1.9835624694824219], 'y_unit': 'V', 'y_type': 'Potential'} 

2024-06-17 14:16:39,626 - INFO -run_logger.palmsens_driver 
 	 Data received: {'index': 18, 'x': [4.25], 'x_unit': 's', 'x_type': 'Time', 'y': [-1.9834842681884766], 'y_unit': 'V', 'y_type': 'Potential'} 

2024-06-17 14:16:39,906 - INFO -run_logger.palmsens_driver 
 	 Data received: {'index': 19, 'x': [4.5], 'x_unit': 's', 'x_type': 'Time', 'y': [-1.9834842681884766], 'y_unit': 'V', 'y_type': 'Potential'} 

2024-06-17 14:16:40,140 - INFO -run_logger.palmsens_driver 
 	 Data received: {'index': 20, 'x': [4.75], 'x_unit': 's', 'x_type': 'Time', 'y': [-1.9834842681884766], 'y_unit': 'V', 'y_type': 'Potential'} 

2024-06-17 14:16:40,376 - INFO -run_logger.palmsens_driver 
 	 Data received: {'index': 21, 'x': [5.0], 'x_unit': 's', 'x_type': 'Time', 'y': [-1.9834842681884766], 'y_unit': 'V', 'y_type': 'Potential'} 

2024-06-17 14:16:40,656 - INFO -run_logger.palmsens_driver 
 	 Data received: {'index': 22, 'x': [5.25], 'x_unit': 's', 'x_type': 'Time', 'y': [-1.9834842681884766], 'y_unit': 'V', 'y_type': 'Potential'} 

2024-06-17 14:16:40,890 - INFO -run_logger.palmsens_driver 
 	 Data received: {'index': 23, 'x': [5.5], 'x_unit': 's', 'x_type': 'Time', 'y': [-1.9834060668945312], 'y_unit': 'V', 'y_type': 'Potential'} 

2024-06-17 14:16:41,171 - INFO -run_logger.palmsens_driver 
 	 Data received: {'index': 24, 'x': [5.75], 'x_unit': 's', 'x_type': 'Time', 'y': [-1.9834060668945312], 'y_unit': 'V', 'y_type': 'Potential'} 

2024-06-17 14:16:41,405 - INFO -run_logger.palmsens_driver 
 	 Data received: {'index': 25, 'x': [6.0], 'x_unit': 's', 'x_type': 'Time', 'y': [-1.9834842681884766], 'y_unit': 'V', 'y_type': 'Potential'} 

2024-06-17 14:16:41,635 - INFO -run_logger.palmsens_driver 
 	 Data received: {'index': 26, 'x': [6.25], 'x_unit': 's', 'x_type': 'Time', 'y': [-1.9834060668945312], 'y_unit': 'V', 'y_type': 'Potential'} 

2024-06-17 14:16:41,915 - INFO -run_logger.palmsens_driver 
 	 Data received: {'index': 27, 'x': [6.5], 'x_unit': 's', 'x_type': 'Time', 'y': [-1.9834842681884766], 'y_unit': 'V', 'y_type': 'Potential'} 

2024-06-17 14:16:42,148 - INFO -run_logger.palmsens_driver 
 	 Data received: {'index': 28, 'x': [6.75], 'x_unit': 's', 'x_type': 'Time', 'y': [-1.9834060668945312], 'y_unit': 'V', 'y_type': 'Potential'} 

2024-06-17 14:16:42,397 - INFO -run_logger.palmsens_driver 
 	 Data received: {'index': 29, 'x': [7.0], 'x_unit': 's', 'x_type': 'Time', 'y': [-1.9834060668945312], 'y_unit': 'V', 'y_type': 'Potential'} 

2024-06-17 14:16:42,630 - INFO -run_logger.palmsens_driver 
 	 Data received: {'index': 30, 'x': [7.25], 'x_unit': 's', 'x_type': 'Time', 'y': [-1.9834842681884766], 'y_unit': 'V', 'y_type': 'Potential'} 

2024-06-17 14:16:42,911 - INFO -run_logger.palmsens_driver 
 	 Data received: {'index': 31, 'x': [7.5], 'x_unit': 's', 'x_type': 'Time', 'y': [-1.9834060668945312], 'y_unit': 'V', 'y_type': 'Potential'} 

2024-06-17 14:16:43,145 - INFO -run_logger.palmsens_driver 
 	 Data received: {'index': 32, 'x': [7.75], 'x_unit': 's', 'x_type': 'Time', 'y': [-1.9834842681884766], 'y_unit': 'V', 'y_type': 'Potential'} 

2024-06-17 14:16:43,377 - INFO -run_logger.palmsens_driver 
 	 Data received: {'index': 33, 'x': [8.0], 'x_unit': 's', 'x_type': 'Time', 'y': [-1.9834842681884766], 'y_unit': 'V', 'y_type': 'Potential'} 

2024-06-17 14:16:43,660 - INFO -run_logger.palmsens_driver 
 	 Data received: {'index': 34, 'x': [8.25], 'x_unit': 's', 'x_type': 'Time', 'y': [-1.9834060668945312], 'y_unit': 'V', 'y_type': 'Potential'} 

2024-06-17 14:16:43,893 - INFO -run_logger.palmsens_driver 
 	 Data received: {'index': 35, 'x': [8.5], 'x_unit': 's', 'x_type': 'Time', 'y': [-1.9834842681884766], 'y_unit': 'V', 'y_type': 'Potential'} 

2024-06-17 14:16:44,127 - INFO -run_logger.palmsens_driver 
 	 Data received: {'index': 36, 'x': [8.75], 'x_unit': 's', 'x_type': 'Time', 'y': [-1.9834060668945312], 'y_unit': 'V', 'y_type': 'Potential'} 

2024-06-17 14:16:44,405 - INFO -run_logger.palmsens_driver 
 	 Data received: {'index': 37, 'x': [9.0], 'x_unit': 's', 'x_type': 'Time', 'y': [-1.9834060668945312], 'y_unit': 'V', 'y_type': 'Potential'} 

2024-06-17 14:16:44,639 - INFO -run_logger.palmsens_driver 
 	 Data received: {'index': 38, 'x': [9.25], 'x_unit': 's', 'x_type': 'Time', 'y': [-1.9834842681884766], 'y_unit': 'V', 'y_type': 'Potential'} 

2024-06-17 14:16:44,921 - INFO -run_logger.palmsens_driver 
 	 Data received: {'index': 39, 'x': [9.5], 'x_unit': 's', 'x_type': 'Time', 'y': [-1.9834060668945312], 'y_unit': 'V', 'y_type': 'Potential'} 

2024-06-17 14:16:45,153 - INFO -run_logger.palmsens_driver 
 	 Data received: {'index': 40, 'x': [9.75], 'x_unit': 's', 'x_type': 'Time', 'y': [-1.9834842681884766], 'y_unit': 'V', 'y_type': 'Potential'} 

2024-06-17 14:16:45,389 - INFO -run_logger.palmsens_driver 
 	 Data received: {'index': 41, 'x': [10.0], 'x_unit': 's', 'x_type': 'Time', 'y': [-1.9834060668945312], 'y_unit': 'V', 'y_type': 'Potential'} 

2024-06-17 14:16:45,625 - INFO -run_logger.palmsens_driver 
 	 Data received: {'index': 42, 'x': [10.25], 'x_unit': 's', 'x_type': 'Time', 'y': [-1.9834060668945312], 'y_unit': 'V', 'y_type': 'Potential'} 

2024-06-17 14:16:45,903 - INFO -run_logger.palmsens_driver 
 	 Data received: {'index': 43, 'x': [10.5], 'x_unit': 's', 'x_type': 'Time', 'y': [-1.9835624694824219], 'y_unit': 'V', 'y_type': 'Potential'} 

2024-06-17 14:16:46,135 - INFO -run_logger.palmsens_driver 
 	 Data received: {'index': 44, 'x': [10.75], 'x_unit': 's', 'x_type': 'Time', 'y': [-1.9834060668945312], 'y_unit': 'V', 'y_type': 'Potential'} 

2024-06-17 14:16:46,416 - INFO -run_logger.palmsens_driver 
 	 Data received: {'index': 45, 'x': [11.0], 'x_unit': 's', 'x_type': 'Time', 'y': [-1.9835624694824219], 'y_unit': 'V', 'y_type': 'Potential'} 

2024-06-17 14:16:46,649 - INFO -run_logger.palmsens_driver 
 	 Data received: {'index': 46, 'x': [11.25], 'x_unit': 's', 'x_type': 'Time', 'y': [-1.9834842681884766], 'y_unit': 'V', 'y_type': 'Potential'} 

2024-06-17 14:16:46,898 - INFO -run_logger.palmsens_driver 
 	 Data received: {'index': 47, 'x': [11.5], 'x_unit': 's', 'x_type': 'Time', 'y': [-1.9834060668945312], 'y_unit': 'V', 'y_type': 'Potential'} 

2024-06-17 14:16:47,148 - INFO -run_logger.palmsens_driver 
 	 Data received: {'index': 48, 'x': [11.75], 'x_unit': 's', 'x_type': 'Time', 'y': [-1.9834842681884766], 'y_unit': 'V', 'y_type': 'Potential'} 

2024-06-17 14:16:47,394 - INFO -run_logger.palmsens_driver 
 	 Data received: {'index': 49, 'x': [12.0], 'x_unit': 's', 'x_type': 'Time', 'y': [-1.9834060668945312], 'y_unit': 'V', 'y_type': 'Potential'} 

2024-06-17 14:16:47,664 - INFO -run_logger.palmsens_driver 
 	 Data received: {'index': 50, 'x': [12.25], 'x_unit': 's', 'x_type': 'Time', 'y': [-1.9835624694824219], 'y_unit': 'V', 'y_type': 'Potential'} 

2024-06-17 14:16:47,911 - INFO -run_logger.palmsens_driver 
 	 Data received: {'index': 51, 'x': [12.5], 'x_unit': 's', 'x_type': 'Time', 'y': [-1.9834842681884766], 'y_unit': 'V', 'y_type': 'Potential'} 

2024-06-17 14:16:48,144 - INFO -run_logger.palmsens_driver 
 	 Data received: {'index': 52, 'x': [12.75], 'x_unit': 's', 'x_type': 'Time', 'y': [-1.9834842681884766], 'y_unit': 'V', 'y_type': 'Potential'} 

2024-06-17 14:16:48,375 - INFO -run_logger.palmsens_driver 
 	 Data received: {'index': 53, 'x': [13.0], 'x_unit': 's', 'x_type': 'Time', 'y': [-1.9835624694824219], 'y_unit': 'V', 'y_type': 'Potential'} 

2024-06-17 14:16:48,658 - INFO -run_logger.palmsens_driver 
 	 Data received: {'index': 54, 'x': [13.25], 'x_unit': 's', 'x_type': 'Time', 'y': [-1.9834842681884766], 'y_unit': 'V', 'y_type': 'Potential'} 

2024-06-17 14:16:48,908 - INFO -run_logger.palmsens_driver 
 	 Data received: {'index': 55, 'x': [13.5], 'x_unit': 's', 'x_type': 'Time', 'y': [-1.9835624694824219], 'y_unit': 'V', 'y_type': 'Potential'} 

2024-06-17 14:16:49,143 - INFO -run_logger.palmsens_driver 
 	 Data received: {'index': 56, 'x': [13.75], 'x_unit': 's', 'x_type': 'Time', 'y': [-1.9835624694824219], 'y_unit': 'V', 'y_type': 'Potential'} 

2024-06-17 14:16:49,392 - INFO -run_logger.palmsens_driver 
 	 Data received: {'index': 57, 'x': [14.0], 'x_unit': 's', 'x_type': 'Time', 'y': [-1.9835624694824219], 'y_unit': 'V', 'y_type': 'Potential'} 

2024-06-17 14:16:49,626 - INFO -run_logger.palmsens_driver 
 	 Data received: {'index': 58, 'x': [14.25], 'x_unit': 's', 'x_type': 'Time', 'y': [-1.9835624694824219], 'y_unit': 'V', 'y_type': 'Potential'} 

2024-06-17 14:16:49,895 - INFO -run_logger.palmsens_driver 
 	 Data received: {'index': 59, 'x': [14.5], 'x_unit': 's', 'x_type': 'Time', 'y': [-1.9834842681884766], 'y_unit': 'V', 'y_type': 'Potential'} 

2024-06-17 14:16:50,162 - INFO -run_logger.palmsens_driver 
 	 Data received: {'index': 60, 'x': [14.75], 'x_unit': 's', 'x_type': 'Time', 'y': [-1.9835624694824219], 'y_unit': 'V', 'y_type': 'Potential'} 

2024-06-17 14:16:50,392 - INFO -run_logger.palmsens_driver 
 	 Data received: {'index': 61, 'x': [15.0], 'x_unit': 's', 'x_type': 'Time', 'y': [-1.9836406707763672], 'y_unit': 'V', 'y_type': 'Potential'} 

2024-06-17 14:16:50,674 - INFO -run_logger.palmsens_driver 
 	 Data received: {'index': 62, 'x': [15.25], 'x_unit': 's', 'x_type': 'Time', 'y': [-1.9835624694824219], 'y_unit': 'V', 'y_type': 'Potential'} 

2024-06-17 14:16:50,877 - INFO -run_logger.palmsens_driver 
 	 Data received: {'index': 63, 'x': [15.5], 'x_unit': 's', 'x_type': 'Time', 'y': [-1.9836406707763672], 'y_unit': 'V', 'y_type': 'Potential'} 

2024-06-17 14:16:51,155 - INFO -run_logger.palmsens_driver 
 	 Data received: {'index': 64, 'x': [15.75], 'x_unit': 's', 'x_type': 'Time', 'y': [-1.9835624694824219], 'y_unit': 'V', 'y_type': 'Potential'} 

2024-06-17 14:16:51,388 - INFO -run_logger.palmsens_driver 
 	 Data received: {'index': 65, 'x': [16.0], 'x_unit': 's', 'x_type': 'Time', 'y': [-1.9835624694824219], 'y_unit': 'V', 'y_type': 'Potential'} 

2024-06-17 14:16:51,673 - INFO -run_logger.palmsens_driver 
 	 Data received: {'index': 66, 'x': [16.25], 'x_unit': 's', 'x_type': 'Time', 'y': [-1.9836406707763672], 'y_unit': 'V', 'y_type': 'Potential'} 

2024-06-17 14:16:51,914 - INFO -run_logger.palmsens_driver 
 	 Data received: {'index': 67, 'x': [16.5], 'x_unit': 's', 'x_type': 'Time', 'y': [-1.9835624694824219], 'y_unit': 'V', 'y_type': 'Potential'} 

2024-06-17 14:16:52,156 - INFO -run_logger.palmsens_driver 
 	 Data received: {'index': 68, 'x': [16.75], 'x_unit': 's', 'x_type': 'Time', 'y': [-1.9835624694824219], 'y_unit': 'V', 'y_type': 'Potential'} 

2024-06-17 14:16:52,391 - INFO -run_logger.palmsens_driver 
 	 Data received: {'index': 69, 'x': [17.0], 'x_unit': 's', 'x_type': 'Time', 'y': [-1.9835624694824219], 'y_unit': 'V', 'y_type': 'Potential'} 

2024-06-17 14:16:52,651 - INFO -run_logger.palmsens_driver 
 	 Data received: {'index': 70, 'x': [17.25], 'x_unit': 's', 'x_type': 'Time', 'y': [-1.9835624694824219], 'y_unit': 'V', 'y_type': 'Potential'} 

2024-06-17 14:16:52,890 - INFO -run_logger.palmsens_driver 
 	 Data received: {'index': 71, 'x': [17.5], 'x_unit': 's', 'x_type': 'Time', 'y': [-1.9836406707763672], 'y_unit': 'V', 'y_type': 'Potential'} 

2024-06-17 14:16:53,171 - INFO -run_logger.palmsens_driver 
 	 Data received: {'index': 72, 'x': [17.75], 'x_unit': 's', 'x_type': 'Time', 'y': [-1.9835624694824219], 'y_unit': 'V', 'y_type': 'Potential'} 

2024-06-17 14:16:53,407 - INFO -run_logger.palmsens_driver 
 	 Data received: {'index': 73, 'x': [18.0], 'x_unit': 's', 'x_type': 'Time', 'y': [-1.9835624694824219], 'y_unit': 'V', 'y_type': 'Potential'} 

2024-06-17 14:16:53,639 - INFO -run_logger.palmsens_driver 
 	 Data received: {'index': 74, 'x': [18.25], 'x_unit': 's', 'x_type': 'Time', 'y': [-1.9836406707763672], 'y_unit': 'V', 'y_type': 'Potential'} 

2024-06-17 14:16:53,921 - INFO -run_logger.palmsens_driver 
 	 Data received: {'index': 75, 'x': [18.5], 'x_unit': 's', 'x_type': 'Time', 'y': [-1.9834842681884766], 'y_unit': 'V', 'y_type': 'Potential'} 

2024-06-17 14:16:54,153 - INFO -run_logger.palmsens_driver 
 	 Data received: {'index': 76, 'x': [18.75], 'x_unit': 's', 'x_type': 'Time', 'y': [-1.9836406707763672], 'y_unit': 'V', 'y_type': 'Potential'} 

2024-06-17 14:16:54,390 - INFO -run_logger.palmsens_driver 
 	 Data received: {'index': 77, 'x': [19.0], 'x_unit': 's', 'x_type': 'Time', 'y': [-1.9835624694824219], 'y_unit': 'V', 'y_type': 'Potential'} 

2024-06-17 14:16:54,669 - INFO -run_logger.palmsens_driver 
 	 Data received: {'index': 78, 'x': [19.25], 'x_unit': 's', 'x_type': 'Time', 'y': [-1.9835624694824219], 'y_unit': 'V', 'y_type': 'Potential'} 

2024-06-17 14:16:54,904 - INFO -run_logger.palmsens_driver 
 	 Data received: {'index': 79, 'x': [19.5], 'x_unit': 's', 'x_type': 'Time', 'y': [-1.9835624694824219], 'y_unit': 'V', 'y_type': 'Potential'} 

2024-06-17 14:16:55,140 - INFO -run_logger.palmsens_driver 
 	 Data received: {'index': 80, 'x': [19.75], 'x_unit': 's', 'x_type': 'Time', 'y': [-1.9834842681884766], 'y_unit': 'V', 'y_type': 'Potential'} 

2024-06-17 14:16:55,414 - INFO -run_logger.palmsens_driver 
 	 Data received: {'index': 81, 'x': [20.0], 'x_unit': 's', 'x_type': 'Time', 'y': [-1.9836406707763672], 'y_unit': 'V', 'y_type': 'Potential'} 

2024-06-17 14:16:55,417 - INFO -run_logger.palmsens_driver 
 	 result:
{'Title': 'Open Circuit Potentiometry', 'timestamp': '17/06/2024 14:16:33', 'current_arrays': [[0.2384185791015625, 0.2384185791015625, 0.2384185791015625, 0.2384185791015625, 0.2384185791015625, 0.2384185791015625, 0.2384185791015625, 0.2384185791015625, 0.2384185791015625, 0.2384185791015625, 0.2384185791015625, 0.2384185791015625, 0.2384185791015625, 0.2384185791015625, 0.2384185791015625, 0.2384185791015625, 0.2384185791015625, 0.2384185791015625, 0.2384185791015625, 0.2384185791015625, 0.2384185791015625, 0.2384185791015625, 0.2384185791015625, 0.2384185791015625, 0.2384185791015625, 0.2384185791015625, 0.2384185791015625, 0.2384185791015625, 0.2384185791015625, 0.2384185791015625, 0.2384185791015625, 0.2384185791015625, 0.2384185791015625, 0.2384185791015625, 0.2384185791015625, 0.2384185791015625, 0.2384185791015625, 0.2384185791015625, 0.2384185791015625, 0.2384185791015625, 0.2384185791015625, 0.2384185791015625, 0.2384185791015625, 0.2384185791015625, 0.2384185791015625, 0.2384185791015625, 0.2384185791015625, 0.2384185791015625, 0.2384185791015625, 0.2384185791015625, 0.2384185791015625, 0.2384185791015625, 0.2384185791015625, 0.2384185791015625, 0.2384185791015625, 0.2384185791015625, 0.2384185791015625, 0.2384185791015625, 0.2384185791015625, 0.2384185791015625, 0.2384185791015625, 0.2384185791015625, 0.2384185791015625, 0.2384185791015625, 0.2384185791015625, 0.2384185791015625, 0.2384185791015625, 0.2384185791015625, 0.2384185791015625, 0.2384185791015625, 0.2384185791015625, 0.2384185791015625, 0.2384185791015625, 0.2384185791015625, 0.2384185791015625, 0.2384185791015625, 0.2384185791015625, 0.2384185791015625, 0.2384185791015625, 0.2384185791015625, 0.2384185791015625]], 'potential_arrays': [[-1.9835624694824219, -1.9836406707763672, -1.9835624694824219, -1.9835624694824219, -1.9835624694824219, -1.9834842681884766, -1.9835624694824219, -1.9834842681884766, -1.9835624694824219, -1.9834842681884766, -1.9834060668945312, -1.9834060668945312, -1.983327865600586, -1.9834060668945312, -1.9834842681884766, -1.9834842681884766, -1.9835624694824219, -1.9834842681884766, -1.9834842681884766, -1.9834842681884766, -1.9834842681884766, -1.9834842681884766, -1.9834060668945312, -1.9834060668945312, -1.9834842681884766, -1.9834060668945312, -1.9834842681884766, -1.9834060668945312, -1.9834060668945312, -1.9834842681884766, -1.9834060668945312, -1.9834842681884766, -1.9834842681884766, -1.9834060668945312, -1.9834842681884766, -1.9834060668945312, -1.9834060668945312, -1.9834842681884766, -1.9834060668945312, -1.9834842681884766, -1.9834060668945312, -1.9834060668945312, -1.9835624694824219, -1.9834060668945312, -1.9835624694824219, -1.9834842681884766, -1.9834060668945312, -1.9834842681884766, -1.9834060668945312, -1.9835624694824219, -1.9834842681884766, -1.9834842681884766, -1.9835624694824219, -1.9834842681884766, -1.9835624694824219, -1.9835624694824219, -1.9835624694824219, -1.9835624694824219, -1.9834842681884766, -1.9835624694824219, -1.9836406707763672, -1.9835624694824219, -1.9836406707763672, -1.9835624694824219, -1.9835624694824219, -1.9836406707763672, -1.9835624694824219, -1.9835624694824219, -1.9835624694824219, -1.9835624694824219, -1.9836406707763672, -1.9835624694824219, -1.9835624694824219, -1.9836406707763672, -1.9834842681884766, -1.9836406707763672, -1.9835624694824219, -1.9835624694824219, -1.9835624694824219, -1.9834842681884766, -1.9836406707763672]], 'time_arrays': [[0.0, 0.25, 0.5, 0.75, 1.0, 1.25, 1.5, 1.75, 2.0, 2.25, 2.5, 2.75, 3.0, 3.25, 3.5, 3.75, 4.0, 4.25, 4.5, 4.75, 5.0, 5.25, 5.5, 5.75, 6.0, 6.25, 6.5, 6.75, 7.0, 7.25, 7.5, 7.75, 8.0, 8.25, 8.5, 8.75, 9.0, 9.25, 9.5, 9.75, 10.0, 10.25, 10.5, 10.75, 11.0, 11.25, 11.5, 11.75, 12.0, 12.25, 12.5, 12.75, 13.0, 13.25, 13.5, 13.75, 14.0, 14.25, 14.5, 14.75, 15.0, 15.25, 15.5, 15.75, 16.0, 16.25, 16.5, 16.75, 17.0, 17.25, 17.5, 17.75, 18.0, 18.25, 18.5, 18.75, 19.0, 19.25, 19.5, 19.75, 20.0]], 'freq_arrays': [], 'zre_arrays': [], 'zim_arrays': [], 'aux_input_arrays': [], 'peaks': [], 'eis_fit': []} 

2024-06-17 14:19:11,695 - INFO -run_logger.palmsens_driver 
 	 Data received: {'index': 1, 'x': [0.0], 'x_unit': 's', 'x_type': 'Time', 'y': [-1.9795780181884766], 'y_unit': 'V', 'y_type': 'Potential'} 

2024-06-17 14:19:11,973 - INFO -run_logger.palmsens_driver 
 	 Data received: {'index': 2, 'x': [0.25], 'x_unit': 's', 'x_type': 'Time', 'y': [-1.9784059524536133], 'y_unit': 'V', 'y_type': 'Potential'} 

2024-06-17 14:19:12,204 - INFO -run_logger.palmsens_driver 
 	 Data received: {'index': 3, 'x': [0.5], 'x_unit': 's', 'x_type': 'Time', 'y': [-1.9797344207763672], 'y_unit': 'V', 'y_type': 'Potential'} 

2024-06-17 14:19:12,436 - INFO -run_logger.palmsens_driver 
 	 Data received: {'index': 4, 'x': [0.75], 'x_unit': 's', 'x_type': 'Time', 'y': [-1.9795780181884766], 'y_unit': 'V', 'y_type': 'Potential'} 

2024-06-17 14:19:12,719 - INFO -run_logger.palmsens_driver 
 	 Data received: {'index': 5, 'x': [1.0], 'x_unit': 's', 'x_type': 'Time', 'y': [-1.9796562194824219], 'y_unit': 'V', 'y_type': 'Potential'} 

2024-06-17 14:19:12,953 - INFO -run_logger.palmsens_driver 
 	 Data received: {'index': 6, 'x': [1.25], 'x_unit': 's', 'x_type': 'Time', 'y': [-1.9796562194824219], 'y_unit': 'V', 'y_type': 'Potential'} 

2024-06-17 14:19:13,191 - INFO -run_logger.palmsens_driver 
 	 Data received: {'index': 7, 'x': [1.5], 'x_unit': 's', 'x_type': 'Time', 'y': [-1.9794998168945312], 'y_unit': 'V', 'y_type': 'Potential'} 

2024-06-17 14:19:13,473 - INFO -run_logger.palmsens_driver 
 	 Data received: {'index': 8, 'x': [1.75], 'x_unit': 's', 'x_type': 'Time', 'y': [-1.978952407836914], 'y_unit': 'V', 'y_type': 'Potential'} 

2024-06-17 14:19:13,708 - INFO -run_logger.palmsens_driver 
 	 Data received: {'index': 9, 'x': [2.0], 'x_unit': 's', 'x_type': 'Time', 'y': [-1.979421615600586], 'y_unit': 'V', 'y_type': 'Potential'} 

2024-06-17 14:19:13,943 - INFO -run_logger.palmsens_driver 
 	 Data received: {'index': 10, 'x': [2.25], 'x_unit': 's', 'x_type': 'Time', 'y': [-1.9797344207763672], 'y_unit': 'V', 'y_type': 'Potential'} 

2024-06-17 14:19:14,224 - INFO -run_logger.palmsens_driver 
 	 Data received: {'index': 11, 'x': [2.5], 'x_unit': 's', 'x_type': 'Time', 'y': [-1.980046272277832], 'y_unit': 'V', 'y_type': 'Potential'} 

2024-06-17 14:19:14,461 - INFO -run_logger.palmsens_driver 
 	 Data received: {'index': 12, 'x': [2.75], 'x_unit': 's', 'x_type': 'Time', 'y': [-1.9801244735717773], 'y_unit': 'V', 'y_type': 'Potential'} 

2024-06-17 14:19:14,692 - INFO -run_logger.palmsens_driver 
 	 Data received: {'index': 13, 'x': [3.0], 'x_unit': 's', 'x_type': 'Time', 'y': [-1.980046272277832], 'y_unit': 'V', 'y_type': 'Potential'} 

2024-06-17 14:19:14,974 - INFO -run_logger.palmsens_driver 
 	 Data received: {'index': 14, 'x': [3.25], 'x_unit': 's', 'x_type': 'Time', 'y': [-1.9803590774536133], 'y_unit': 'V', 'y_type': 'Potential'} 

2024-06-17 14:19:15,203 - INFO -run_logger.palmsens_driver 
 	 Data received: {'index': 15, 'x': [3.5], 'x_unit': 's', 'x_type': 'Time', 'y': [-1.9801244735717773], 'y_unit': 'V', 'y_type': 'Potential'} 

2024-06-17 14:19:15,439 - INFO -run_logger.palmsens_driver 
 	 Data received: {'index': 16, 'x': [3.75], 'x_unit': 's', 'x_type': 'Time', 'y': [-1.980046272277832], 'y_unit': 'V', 'y_type': 'Potential'} 

2024-06-17 14:19:15,718 - INFO -run_logger.palmsens_driver 
 	 Data received: {'index': 17, 'x': [4.0], 'x_unit': 's', 'x_type': 'Time', 'y': [-1.9799680709838867], 'y_unit': 'V', 'y_type': 'Potential'} 

2024-06-17 14:19:15,954 - INFO -run_logger.palmsens_driver 
 	 Data received: {'index': 18, 'x': [4.25], 'x_unit': 's', 'x_type': 'Time', 'y': [-1.9799680709838867], 'y_unit': 'V', 'y_type': 'Potential'} 

2024-06-17 14:19:16,188 - INFO -run_logger.palmsens_driver 
 	 Data received: {'index': 19, 'x': [4.5], 'x_unit': 's', 'x_type': 'Time', 'y': [-1.9799680709838867], 'y_unit': 'V', 'y_type': 'Potential'} 

2024-06-17 14:19:16,470 - INFO -run_logger.palmsens_driver 
 	 Data received: {'index': 20, 'x': [4.75], 'x_unit': 's', 'x_type': 'Time', 'y': [-1.9798126220703125], 'y_unit': 'V', 'y_type': 'Potential'} 

2024-06-17 14:19:16,705 - INFO -run_logger.palmsens_driver 
 	 Data received: {'index': 21, 'x': [5.0], 'x_unit': 's', 'x_type': 'Time', 'y': [-1.9798126220703125], 'y_unit': 'V', 'y_type': 'Potential'} 

2024-06-17 14:19:16,983 - INFO -run_logger.palmsens_driver 
 	 Data received: {'index': 22, 'x': [5.25], 'x_unit': 's', 'x_type': 'Time', 'y': [-1.9798126220703125], 'y_unit': 'V', 'y_type': 'Potential'} 

2024-06-17 14:19:17,227 - INFO -run_logger.palmsens_driver 
 	 Data received: {'index': 23, 'x': [5.5], 'x_unit': 's', 'x_type': 'Time', 'y': [-1.9797344207763672], 'y_unit': 'V', 'y_type': 'Potential'} 

2024-06-17 14:19:17,459 - INFO -run_logger.palmsens_driver 
 	 Data received: {'index': 24, 'x': [5.75], 'x_unit': 's', 'x_type': 'Time', 'y': [-1.9798126220703125], 'y_unit': 'V', 'y_type': 'Potential'} 

2024-06-17 14:19:17,688 - INFO -run_logger.palmsens_driver 
 	 Data received: {'index': 25, 'x': [6.0], 'x_unit': 's', 'x_type': 'Time', 'y': [-1.9797344207763672], 'y_unit': 'V', 'y_type': 'Potential'} 

2024-06-17 14:19:17,968 - INFO -run_logger.palmsens_driver 
 	 Data received: {'index': 26, 'x': [6.25], 'x_unit': 's', 'x_type': 'Time', 'y': [-1.9798126220703125], 'y_unit': 'V', 'y_type': 'Potential'} 

2024-06-17 14:19:18,199 - INFO -run_logger.palmsens_driver 
 	 Data received: {'index': 27, 'x': [6.5], 'x_unit': 's', 'x_type': 'Time', 'y': [-1.9798126220703125], 'y_unit': 'V', 'y_type': 'Potential'} 

2024-06-17 14:19:18,479 - INFO -run_logger.palmsens_driver 
 	 Data received: {'index': 28, 'x': [6.75], 'x_unit': 's', 'x_type': 'Time', 'y': [-1.9797344207763672], 'y_unit': 'V', 'y_type': 'Potential'} 

2024-06-17 14:19:18,727 - INFO -run_logger.palmsens_driver 
 	 Data received: {'index': 29, 'x': [7.0], 'x_unit': 's', 'x_type': 'Time', 'y': [-1.9797344207763672], 'y_unit': 'V', 'y_type': 'Potential'} 

2024-06-17 14:19:18,962 - INFO -run_logger.palmsens_driver 
 	 Data received: {'index': 30, 'x': [7.25], 'x_unit': 's', 'x_type': 'Time', 'y': [-1.9797344207763672], 'y_unit': 'V', 'y_type': 'Potential'} 

2024-06-17 14:19:19,199 - INFO -run_logger.palmsens_driver 
 	 Data received: {'index': 31, 'x': [7.5], 'x_unit': 's', 'x_type': 'Time', 'y': [-1.9795780181884766], 'y_unit': 'V', 'y_type': 'Potential'} 

2024-06-17 14:19:19,444 - INFO -run_logger.palmsens_driver 
 	 Data received: {'index': 32, 'x': [7.75], 'x_unit': 's', 'x_type': 'Time', 'y': [-1.9796562194824219], 'y_unit': 'V', 'y_type': 'Potential'} 

2024-06-17 14:19:19,695 - INFO -run_logger.palmsens_driver 
 	 Data received: {'index': 33, 'x': [8.0], 'x_unit': 's', 'x_type': 'Time', 'y': [-1.9794998168945312], 'y_unit': 'V', 'y_type': 'Potential'} 

2024-06-17 14:19:19,975 - INFO -run_logger.palmsens_driver 
 	 Data received: {'index': 34, 'x': [8.25], 'x_unit': 's', 'x_type': 'Time', 'y': [-1.9794998168945312], 'y_unit': 'V', 'y_type': 'Potential'} 

2024-06-17 14:19:20,209 - INFO -run_logger.palmsens_driver 
 	 Data received: {'index': 35, 'x': [8.5], 'x_unit': 's', 'x_type': 'Time', 'y': [-1.9794998168945312], 'y_unit': 'V', 'y_type': 'Potential'} 

2024-06-17 14:19:20,442 - INFO -run_logger.palmsens_driver 
 	 Data received: {'index': 36, 'x': [8.75], 'x_unit': 's', 'x_type': 'Time', 'y': [-1.979421615600586], 'y_unit': 'V', 'y_type': 'Potential'} 

2024-06-17 14:19:20,723 - INFO -run_logger.palmsens_driver 
 	 Data received: {'index': 37, 'x': [9.0], 'x_unit': 's', 'x_type': 'Time', 'y': [-1.9794998168945312], 'y_unit': 'V', 'y_type': 'Potential'} 

2024-06-17 14:19:20,955 - INFO -run_logger.palmsens_driver 
 	 Data received: {'index': 38, 'x': [9.25], 'x_unit': 's', 'x_type': 'Time', 'y': [-1.979421615600586], 'y_unit': 'V', 'y_type': 'Potential'} 

2024-06-17 14:19:21,189 - INFO -run_logger.palmsens_driver 
 	 Data received: {'index': 39, 'x': [9.5], 'x_unit': 's', 'x_type': 'Time', 'y': [-1.979421615600586], 'y_unit': 'V', 'y_type': 'Potential'} 

2024-06-17 14:19:21,467 - INFO -run_logger.palmsens_driver 
 	 Data received: {'index': 40, 'x': [9.75], 'x_unit': 's', 'x_type': 'Time', 'y': [-1.9794998168945312], 'y_unit': 'V', 'y_type': 'Potential'} 

2024-06-17 14:19:21,698 - INFO -run_logger.palmsens_driver 
 	 Data received: {'index': 41, 'x': [10.0], 'x_unit': 's', 'x_type': 'Time', 'y': [-1.9793434143066406], 'y_unit': 'V', 'y_type': 'Potential'} 

2024-06-17 14:19:21,978 - INFO -run_logger.palmsens_driver 
 	 Data received: {'index': 42, 'x': [10.25], 'x_unit': 's', 'x_type': 'Time', 'y': [-1.979421615600586], 'y_unit': 'V', 'y_type': 'Potential'} 

2024-06-17 14:19:22,215 - INFO -run_logger.palmsens_driver 
 	 Data received: {'index': 43, 'x': [10.5], 'x_unit': 's', 'x_type': 'Time', 'y': [-1.9793434143066406], 'y_unit': 'V', 'y_type': 'Potential'} 

2024-06-17 14:19:22,448 - INFO -run_logger.palmsens_driver 
 	 Data received: {'index': 44, 'x': [10.75], 'x_unit': 's', 'x_type': 'Time', 'y': [-1.9793434143066406], 'y_unit': 'V', 'y_type': 'Potential'} 

2024-06-17 14:19:22,695 - INFO -run_logger.palmsens_driver 
 	 Data received: {'index': 45, 'x': [11.0], 'x_unit': 's', 'x_type': 'Time', 'y': [-1.9793434143066406], 'y_unit': 'V', 'y_type': 'Potential'} 

2024-06-17 14:19:22,944 - INFO -run_logger.palmsens_driver 
 	 Data received: {'index': 46, 'x': [11.25], 'x_unit': 's', 'x_type': 'Time', 'y': [-1.9792652130126953], 'y_unit': 'V', 'y_type': 'Potential'} 

2024-06-17 14:19:23,225 - INFO -run_logger.palmsens_driver 
 	 Data received: {'index': 47, 'x': [11.5], 'x_unit': 's', 'x_type': 'Time', 'y': [-1.9793434143066406], 'y_unit': 'V', 'y_type': 'Potential'} 

2024-06-17 14:19:23,455 - INFO -run_logger.palmsens_driver 
 	 Data received: {'index': 48, 'x': [11.75], 'x_unit': 's', 'x_type': 'Time', 'y': [-1.9792652130126953], 'y_unit': 'V', 'y_type': 'Potential'} 

2024-06-17 14:19:23,686 - INFO -run_logger.palmsens_driver 
 	 Data received: {'index': 49, 'x': [12.0], 'x_unit': 's', 'x_type': 'Time', 'y': [-1.9793434143066406], 'y_unit': 'V', 'y_type': 'Potential'} 

2024-06-17 14:19:23,964 - INFO -run_logger.palmsens_driver 
 	 Data received: {'index': 50, 'x': [12.25], 'x_unit': 's', 'x_type': 'Time', 'y': [-1.9793434143066406], 'y_unit': 'V', 'y_type': 'Potential'} 

2024-06-17 14:19:24,199 - INFO -run_logger.palmsens_driver 
 	 Data received: {'index': 51, 'x': [12.5], 'x_unit': 's', 'x_type': 'Time', 'y': [-1.97918701171875], 'y_unit': 'V', 'y_type': 'Potential'} 

2024-06-17 14:19:24,481 - INFO -run_logger.palmsens_driver 
 	 Data received: {'index': 52, 'x': [12.75], 'x_unit': 's', 'x_type': 'Time', 'y': [-1.9792652130126953], 'y_unit': 'V', 'y_type': 'Potential'} 

2024-06-17 14:19:24,717 - INFO -run_logger.palmsens_driver 
 	 Data received: {'index': 53, 'x': [13.0], 'x_unit': 's', 'x_type': 'Time', 'y': [-1.97918701171875], 'y_unit': 'V', 'y_type': 'Potential'} 

2024-06-17 14:19:24,951 - INFO -run_logger.palmsens_driver 
 	 Data received: {'index': 54, 'x': [13.25], 'x_unit': 's', 'x_type': 'Time', 'y': [-1.9791088104248047], 'y_unit': 'V', 'y_type': 'Potential'} 

2024-06-17 14:19:25,230 - INFO -run_logger.palmsens_driver 
 	 Data received: {'index': 55, 'x': [13.5], 'x_unit': 's', 'x_type': 'Time', 'y': [-1.97918701171875], 'y_unit': 'V', 'y_type': 'Potential'} 

2024-06-17 14:19:25,465 - INFO -run_logger.palmsens_driver 
 	 Data received: {'index': 56, 'x': [13.75], 'x_unit': 's', 'x_type': 'Time', 'y': [-1.9791088104248047], 'y_unit': 'V', 'y_type': 'Potential'} 

2024-06-17 14:19:25,710 - INFO -run_logger.palmsens_driver 
 	 Data received: {'index': 57, 'x': [14.0], 'x_unit': 's', 'x_type': 'Time', 'y': [-1.9792652130126953], 'y_unit': 'V', 'y_type': 'Potential'} 

2024-06-17 14:19:25,943 - INFO -run_logger.palmsens_driver 
 	 Data received: {'index': 58, 'x': [14.25], 'x_unit': 's', 'x_type': 'Time', 'y': [-1.97918701171875], 'y_unit': 'V', 'y_type': 'Potential'} 

2024-06-17 14:19:26,225 - INFO -run_logger.palmsens_driver 
 	 Data received: {'index': 59, 'x': [14.5], 'x_unit': 's', 'x_type': 'Time', 'y': [-1.9791088104248047], 'y_unit': 'V', 'y_type': 'Potential'} 

2024-06-17 14:19:26,459 - INFO -run_logger.palmsens_driver 
 	 Data received: {'index': 60, 'x': [14.75], 'x_unit': 's', 'x_type': 'Time', 'y': [-1.9791088104248047], 'y_unit': 'V', 'y_type': 'Potential'} 

2024-06-17 14:19:26,694 - INFO -run_logger.palmsens_driver 
 	 Data received: {'index': 61, 'x': [15.0], 'x_unit': 's', 'x_type': 'Time', 'y': [-1.97918701171875], 'y_unit': 'V', 'y_type': 'Potential'} 

2024-06-17 14:19:26,976 - INFO -run_logger.palmsens_driver 
 	 Data received: {'index': 62, 'x': [15.25], 'x_unit': 's', 'x_type': 'Time', 'y': [-1.97918701171875], 'y_unit': 'V', 'y_type': 'Potential'} 

2024-06-17 14:19:27,209 - INFO -run_logger.palmsens_driver 
 	 Data received: {'index': 63, 'x': [15.5], 'x_unit': 's', 'x_type': 'Time', 'y': [-1.9791088104248047], 'y_unit': 'V', 'y_type': 'Potential'} 

2024-06-17 14:19:27,441 - INFO -run_logger.palmsens_driver 
 	 Data received: {'index': 64, 'x': [15.75], 'x_unit': 's', 'x_type': 'Time', 'y': [-1.978952407836914], 'y_unit': 'V', 'y_type': 'Potential'} 

2024-06-17 14:19:27,725 - INFO -run_logger.palmsens_driver 
 	 Data received: {'index': 65, 'x': [16.0], 'x_unit': 's', 'x_type': 'Time', 'y': [-1.9788742065429688], 'y_unit': 'V', 'y_type': 'Potential'} 

2024-06-17 14:19:27,960 - INFO -run_logger.palmsens_driver 
 	 Data received: {'index': 66, 'x': [16.25], 'x_unit': 's', 'x_type': 'Time', 'y': [-1.9787969589233398], 'y_unit': 'V', 'y_type': 'Potential'} 

2024-06-17 14:19:28,208 - INFO -run_logger.palmsens_driver 
 	 Data received: {'index': 67, 'x': [16.5], 'x_unit': 's', 'x_type': 'Time', 'y': [-1.9787187576293945], 'y_unit': 'V', 'y_type': 'Potential'} 

2024-06-17 14:19:28,442 - INFO -run_logger.palmsens_driver 
 	 Data received: {'index': 68, 'x': [16.75], 'x_unit': 's', 'x_type': 'Time', 'y': [-1.9787187576293945], 'y_unit': 'V', 'y_type': 'Potential'} 

2024-06-17 14:19:28,689 - INFO -run_logger.palmsens_driver 
 	 Data received: {'index': 69, 'x': [17.0], 'x_unit': 's', 'x_type': 'Time', 'y': [-1.9787969589233398], 'y_unit': 'V', 'y_type': 'Potential'} 

2024-06-17 14:19:28,942 - INFO -run_logger.palmsens_driver 
 	 Data received: {'index': 70, 'x': [17.25], 'x_unit': 's', 'x_type': 'Time', 'y': [-1.9788742065429688], 'y_unit': 'V', 'y_type': 'Potential'} 

2024-06-17 14:19:29,225 - INFO -run_logger.palmsens_driver 
 	 Data received: {'index': 71, 'x': [17.5], 'x_unit': 's', 'x_type': 'Time', 'y': [-1.9787187576293945], 'y_unit': 'V', 'y_type': 'Potential'} 

2024-06-17 14:19:29,439 - INFO -run_logger.palmsens_driver 
 	 Data received: {'index': 72, 'x': [17.75], 'x_unit': 's', 'x_type': 'Time', 'y': [-1.9787969589233398], 'y_unit': 'V', 'y_type': 'Potential'} 

2024-06-17 14:19:29,719 - INFO -run_logger.palmsens_driver 
 	 Data received: {'index': 73, 'x': [18.0], 'x_unit': 's', 'x_type': 'Time', 'y': [-1.9788742065429688], 'y_unit': 'V', 'y_type': 'Potential'} 

2024-06-17 14:19:29,938 - INFO -run_logger.palmsens_driver 
 	 Data received: {'index': 74, 'x': [18.25], 'x_unit': 's', 'x_type': 'Time', 'y': [-1.9787187576293945], 'y_unit': 'V', 'y_type': 'Potential'} 

2024-06-17 14:19:30,224 - INFO -run_logger.palmsens_driver 
 	 Data received: {'index': 75, 'x': [18.5], 'x_unit': 's', 'x_type': 'Time', 'y': [-1.9787969589233398], 'y_unit': 'V', 'y_type': 'Potential'} 

2024-06-17 14:19:30,438 - INFO -run_logger.palmsens_driver 
 	 Data received: {'index': 76, 'x': [18.75], 'x_unit': 's', 'x_type': 'Time', 'y': [-1.9787969589233398], 'y_unit': 'V', 'y_type': 'Potential'} 

2024-06-17 14:19:30,718 - INFO -run_logger.palmsens_driver 
 	 Data received: {'index': 77, 'x': [19.0], 'x_unit': 's', 'x_type': 'Time', 'y': [-1.9787187576293945], 'y_unit': 'V', 'y_type': 'Potential'} 

2024-06-17 14:19:30,953 - INFO -run_logger.palmsens_driver 
 	 Data received: {'index': 78, 'x': [19.25], 'x_unit': 's', 'x_type': 'Time', 'y': [-1.9787969589233398], 'y_unit': 'V', 'y_type': 'Potential'} 

2024-06-17 14:19:31,188 - INFO -run_logger.palmsens_driver 
 	 Data received: {'index': 79, 'x': [19.5], 'x_unit': 's', 'x_type': 'Time', 'y': [-1.9787969589233398], 'y_unit': 'V', 'y_type': 'Potential'} 

2024-06-17 14:19:31,467 - INFO -run_logger.palmsens_driver 
 	 Data received: {'index': 80, 'x': [19.75], 'x_unit': 's', 'x_type': 'Time', 'y': [-1.9788742065429688], 'y_unit': 'V', 'y_type': 'Potential'} 

2024-06-17 14:19:31,701 - INFO -run_logger.palmsens_driver 
 	 Data received: {'index': 81, 'x': [20.0], 'x_unit': 's', 'x_type': 'Time', 'y': [-1.9788742065429688], 'y_unit': 'V', 'y_type': 'Potential'} 

2024-06-17 14:19:31,716 - INFO -run_logger.palmsens_driver 
 	 result:
{'Title': 'Open Circuit Potentiometry', 'timestamp': '17/06/2024 14:19:10', 'current_arrays': [[0.2384185791015625, 0.2384185791015625, 0.2384185791015625, 0.2384185791015625, 0.2384185791015625, 0.2384185791015625, 0.2384185791015625, 0.2384185791015625, 0.2384185791015625, 0.2384185791015625, 0.2384185791015625, 0.2384185791015625, 0.2384185791015625, 0.2384185791015625, 0.2384185791015625, 0.2384185791015625, 0.2384185791015625, 0.2384185791015625, 0.2384185791015625, 0.2384185791015625, 0.2384185791015625, 0.2384185791015625, 0.2384185791015625, 0.2384185791015625, 0.2384185791015625, 0.2384185791015625, 0.2384185791015625, 0.2384185791015625, 0.2384185791015625, 0.2384185791015625, 0.2384185791015625, 0.2384185791015625, 0.2384185791015625, 0.2384185791015625, 0.2384185791015625, 0.2384185791015625, 0.2384185791015625, 0.2384185791015625, 0.2384185791015625, 0.2384185791015625, 0.2384185791015625, 0.2384185791015625, 0.2384185791015625, 0.2384185791015625, 0.2384185791015625, 0.2384185791015625, 0.2384185791015625, 0.2384185791015625, 0.2384185791015625, 0.2384185791015625, 0.2384185791015625, 0.2384185791015625, 0.2384185791015625, 0.2384185791015625, 0.2384185791015625, 0.2384185791015625, 0.2384185791015625, 0.2384185791015625, 0.2384185791015625, 0.2384185791015625, 0.2384185791015625, 0.2384185791015625, 0.2384185791015625, 0.2384185791015625, 0.2384185791015625, 0.2384185791015625, 0.2384185791015625, 0.2384185791015625, 0.2384185791015625, 0.2384185791015625, 0.2384185791015625, 0.2384185791015625, 0.2384185791015625, 0.2384185791015625, 0.2384185791015625, 0.2384185791015625, 0.2384185791015625, 0.2384185791015625, 0.2384185791015625, 0.2384185791015625, 0.2384185791015625]], 'potential_arrays': [[-1.9795780181884766, -1.9784059524536133, -1.9797344207763672, -1.9795780181884766, -1.9796562194824219, -1.9796562194824219, -1.9794998168945312, -1.978952407836914, -1.979421615600586, -1.9797344207763672, -1.980046272277832, -1.9801244735717773, -1.980046272277832, -1.9803590774536133, -1.9801244735717773, -1.980046272277832, -1.9799680709838867, -1.9799680709838867, -1.9799680709838867, -1.9798126220703125, -1.9798126220703125, -1.9798126220703125, -1.9797344207763672, -1.9798126220703125, -1.9797344207763672, -1.9798126220703125, -1.9798126220703125, -1.9797344207763672, -1.9797344207763672, -1.9797344207763672, -1.9795780181884766, -1.9796562194824219, -1.9794998168945312, -1.9794998168945312, -1.9794998168945312, -1.979421615600586, -1.9794998168945312, -1.979421615600586, -1.979421615600586, -1.9794998168945312, -1.9793434143066406, -1.979421615600586, -1.9793434143066406, -1.9793434143066406, -1.9793434143066406, -1.9792652130126953, -1.9793434143066406, -1.9792652130126953, -1.9793434143066406, -1.9793434143066406, -1.97918701171875, -1.9792652130126953, -1.97918701171875, -1.9791088104248047, -1.97918701171875, -1.9791088104248047, -1.9792652130126953, -1.97918701171875, -1.9791088104248047, -1.9791088104248047, -1.97918701171875, -1.97918701171875, -1.9791088104248047, -1.978952407836914, -1.9788742065429688, -1.9787969589233398, -1.9787187576293945, -1.9787187576293945, -1.9787969589233398, -1.9788742065429688, -1.9787187576293945, -1.9787969589233398, -1.9788742065429688, -1.9787187576293945, -1.9787969589233398, -1.9787969589233398, -1.9787187576293945, -1.9787969589233398, -1.9787969589233398, -1.9788742065429688, -1.9788742065429688]], 'time_arrays': [[0.0, 0.25, 0.5, 0.75, 1.0, 1.25, 1.5, 1.75, 2.0, 2.25, 2.5, 2.75, 3.0, 3.25, 3.5, 3.75, 4.0, 4.25, 4.5, 4.75, 5.0, 5.25, 5.5, 5.75, 6.0, 6.25, 6.5, 6.75, 7.0, 7.25, 7.5, 7.75, 8.0, 8.25, 8.5, 8.75, 9.0, 9.25, 9.5, 9.75, 10.0, 10.25, 10.5, 10.75, 11.0, 11.25, 11.5, 11.75, 12.0, 12.25, 12.5, 12.75, 13.0, 13.25, 13.5, 13.75, 14.0, 14.25, 14.5, 14.75, 15.0, 15.25, 15.5, 15.75, 16.0, 16.25, 16.5, 16.75, 17.0, 17.25, 17.5, 17.75, 18.0, 18.25, 18.5, 18.75, 19.0, 19.25, 19.5, 19.75, 20.0]], 'freq_arrays': [], 'zre_arrays': [], 'zim_arrays': [], 'aux_input_arrays': [], 'peaks': [], 'eis_fit': []} 

2024-06-17 14:20:04,209 - INFO -run_logger.palmsens_driver 
 	 Data received: {'index': 1, 'x': [0.0], 'x_unit': 's', 'x_type': 'Time', 'y': [-1.9749679565429688], 'y_unit': 'V', 'y_type': 'Potential'} 

2024-06-17 14:20:04,443 - INFO -run_logger.palmsens_driver 
 	 Data received: {'index': 2, 'x': [0.25], 'x_unit': 's', 'x_type': 'Time', 'y': [-1.9748907089233398], 'y_unit': 'V', 'y_type': 'Potential'} 

2024-06-17 14:20:04,676 - INFO -run_logger.palmsens_driver 
 	 Data received: {'index': 3, 'x': [0.5], 'x_unit': 's', 'x_type': 'Time', 'y': [-1.9749679565429688], 'y_unit': 'V', 'y_type': 'Potential'} 

2024-06-17 14:20:04,959 - INFO -run_logger.palmsens_driver 
 	 Data received: {'index': 4, 'x': [0.75], 'x_unit': 's', 'x_type': 'Time', 'y': [-1.975046157836914], 'y_unit': 'V', 'y_type': 'Potential'} 

2024-06-17 14:20:05,191 - INFO -run_logger.palmsens_driver 
 	 Data received: {'index': 5, 'x': [1.0], 'x_unit': 's', 'x_type': 'Time', 'y': [-1.9749679565429688], 'y_unit': 'V', 'y_type': 'Potential'} 

2024-06-17 14:20:05,424 - INFO -run_logger.palmsens_driver 
 	 Data received: {'index': 6, 'x': [1.25], 'x_unit': 's', 'x_type': 'Time', 'y': [-1.9751243591308594], 'y_unit': 'V', 'y_type': 'Potential'} 

2024-06-17 14:20:05,704 - INFO -run_logger.palmsens_driver 
 	 Data received: {'index': 7, 'x': [1.5], 'x_unit': 's', 'x_type': 'Time', 'y': [-1.975046157836914], 'y_unit': 'V', 'y_type': 'Potential'} 

2024-06-17 14:20:05,936 - INFO -run_logger.palmsens_driver 
 	 Data received: {'index': 8, 'x': [1.75], 'x_unit': 's', 'x_type': 'Time', 'y': [-1.975046157836914], 'y_unit': 'V', 'y_type': 'Potential'} 

2024-06-17 14:20:06,215 - INFO -run_logger.palmsens_driver 
 	 Data received: {'index': 9, 'x': [2.0], 'x_unit': 's', 'x_type': 'Time', 'y': [-1.9751243591308594], 'y_unit': 'V', 'y_type': 'Potential'} 

2024-06-17 14:20:06,449 - INFO -run_logger.palmsens_driver 
 	 Data received: {'index': 10, 'x': [2.25], 'x_unit': 's', 'x_type': 'Time', 'y': [-1.9751243591308594], 'y_unit': 'V', 'y_type': 'Potential'} 

2024-06-17 14:20:06,685 - INFO -run_logger.palmsens_driver 
 	 Data received: {'index': 11, 'x': [2.5], 'x_unit': 's', 'x_type': 'Time', 'y': [-1.9752025604248047], 'y_unit': 'V', 'y_type': 'Potential'} 

2024-06-17 14:20:06,962 - INFO -run_logger.palmsens_driver 
 	 Data received: {'index': 12, 'x': [2.75], 'x_unit': 's', 'x_type': 'Time', 'y': [-1.9752025604248047], 'y_unit': 'V', 'y_type': 'Potential'} 

2024-06-17 14:20:07,211 - INFO -run_logger.palmsens_driver 
 	 Data received: {'index': 13, 'x': [3.0], 'x_unit': 's', 'x_type': 'Time', 'y': [-1.9751243591308594], 'y_unit': 'V', 'y_type': 'Potential'} 

2024-06-17 14:20:07,443 - INFO -run_logger.palmsens_driver 
 	 Data received: {'index': 14, 'x': [3.25], 'x_unit': 's', 'x_type': 'Time', 'y': [-1.9752025604248047], 'y_unit': 'V', 'y_type': 'Potential'} 

2024-06-17 14:20:07,676 - INFO -run_logger.palmsens_driver 
 	 Data received: {'index': 15, 'x': [3.5], 'x_unit': 's', 'x_type': 'Time', 'y': [-1.9752025604248047], 'y_unit': 'V', 'y_type': 'Potential'} 

2024-06-17 14:20:07,954 - INFO -run_logger.palmsens_driver 
 	 Data received: {'index': 16, 'x': [3.75], 'x_unit': 's', 'x_type': 'Time', 'y': [-1.97528076171875], 'y_unit': 'V', 'y_type': 'Potential'} 

2024-06-17 14:20:08,186 - INFO -run_logger.palmsens_driver 
 	 Data received: {'index': 17, 'x': [4.0], 'x_unit': 's', 'x_type': 'Time', 'y': [-1.9753589630126953], 'y_unit': 'V', 'y_type': 'Potential'} 

2024-06-17 14:20:08,464 - INFO -run_logger.palmsens_driver 
 	 Data received: {'index': 18, 'x': [4.25], 'x_unit': 's', 'x_type': 'Time', 'y': [-1.9752025604248047], 'y_unit': 'V', 'y_type': 'Potential'} 

2024-06-17 14:20:08,698 - INFO -run_logger.palmsens_driver 
 	 Data received: {'index': 19, 'x': [4.5], 'x_unit': 's', 'x_type': 'Time', 'y': [-1.9752025604248047], 'y_unit': 'V', 'y_type': 'Potential'} 

2024-06-17 14:20:08,932 - INFO -run_logger.palmsens_driver 
 	 Data received: {'index': 20, 'x': [4.75], 'x_unit': 's', 'x_type': 'Time', 'y': [-1.9752025604248047], 'y_unit': 'V', 'y_type': 'Potential'} 

2024-06-17 14:20:09,178 - INFO -run_logger.palmsens_driver 
 	 Data received: {'index': 21, 'x': [5.0], 'x_unit': 's', 'x_type': 'Time', 'y': [-1.9751243591308594], 'y_unit': 'V', 'y_type': 'Potential'} 

2024-06-17 14:20:09,459 - INFO -run_logger.palmsens_driver 
 	 Data received: {'index': 22, 'x': [5.25], 'x_unit': 's', 'x_type': 'Time', 'y': [-1.9751243591308594], 'y_unit': 'V', 'y_type': 'Potential'} 

2024-06-17 14:20:09,692 - INFO -run_logger.palmsens_driver 
 	 Data received: {'index': 23, 'x': [5.5], 'x_unit': 's', 'x_type': 'Time', 'y': [-1.975046157836914], 'y_unit': 'V', 'y_type': 'Potential'} 

2024-06-17 14:20:09,921 - INFO -run_logger.palmsens_driver 
 	 Data received: {'index': 24, 'x': [5.75], 'x_unit': 's', 'x_type': 'Time', 'y': [-1.9751243591308594], 'y_unit': 'V', 'y_type': 'Potential'} 

2024-06-17 14:20:10,203 - INFO -run_logger.palmsens_driver 
 	 Data received: {'index': 25, 'x': [6.0], 'x_unit': 's', 'x_type': 'Time', 'y': [-1.9749679565429688], 'y_unit': 'V', 'y_type': 'Potential'} 

2024-06-17 14:20:10,437 - INFO -run_logger.palmsens_driver 
 	 Data received: {'index': 26, 'x': [6.25], 'x_unit': 's', 'x_type': 'Time', 'y': [-1.9748907089233398], 'y_unit': 'V', 'y_type': 'Potential'} 

2024-06-17 14:20:10,671 - INFO -run_logger.palmsens_driver 
 	 Data received: {'index': 27, 'x': [6.5], 'x_unit': 's', 'x_type': 'Time', 'y': [-1.9749679565429688], 'y_unit': 'V', 'y_type': 'Potential'} 

2024-06-17 14:20:10,951 - INFO -run_logger.palmsens_driver 
 	 Data received: {'index': 28, 'x': [6.75], 'x_unit': 's', 'x_type': 'Time', 'y': [-1.9748907089233398], 'y_unit': 'V', 'y_type': 'Potential'} 

2024-06-17 14:20:11,184 - INFO -run_logger.palmsens_driver 
 	 Data received: {'index': 29, 'x': [7.0], 'x_unit': 's', 'x_type': 'Time', 'y': [-1.9749679565429688], 'y_unit': 'V', 'y_type': 'Potential'} 

2024-06-17 14:20:11,466 - INFO -run_logger.palmsens_driver 
 	 Data received: {'index': 30, 'x': [7.25], 'x_unit': 's', 'x_type': 'Time', 'y': [-1.9748125076293945], 'y_unit': 'V', 'y_type': 'Potential'} 

2024-06-17 14:20:11,699 - INFO -run_logger.palmsens_driver 
 	 Data received: {'index': 31, 'x': [7.5], 'x_unit': 's', 'x_type': 'Time', 'y': [-1.9748125076293945], 'y_unit': 'V', 'y_type': 'Potential'} 

2024-06-17 14:20:11,932 - INFO -run_logger.palmsens_driver 
 	 Data received: {'index': 32, 'x': [7.75], 'x_unit': 's', 'x_type': 'Time', 'y': [-1.9748907089233398], 'y_unit': 'V', 'y_type': 'Potential'} 

2024-06-17 14:20:12,181 - INFO -run_logger.palmsens_driver 
 	 Data received: {'index': 33, 'x': [8.0], 'x_unit': 's', 'x_type': 'Time', 'y': [-1.9754371643066406], 'y_unit': 'V', 'y_type': 'Potential'} 

2024-06-17 14:20:12,459 - INFO -run_logger.palmsens_driver 
 	 Data received: {'index': 34, 'x': [8.25], 'x_unit': 's', 'x_type': 'Time', 'y': [-1.9754371643066406], 'y_unit': 'V', 'y_type': 'Potential'} 

2024-06-17 14:20:12,691 - INFO -run_logger.palmsens_driver 
 	 Data received: {'index': 35, 'x': [8.5], 'x_unit': 's', 'x_type': 'Time', 'y': [-1.9751243591308594], 'y_unit': 'V', 'y_type': 'Potential'} 

2024-06-17 14:20:12,925 - INFO -run_logger.palmsens_driver 
 	 Data received: {'index': 36, 'x': [8.75], 'x_unit': 's', 'x_type': 'Time', 'y': [-1.9749679565429688], 'y_unit': 'V', 'y_type': 'Potential'} 

2024-06-17 14:20:13,203 - INFO -run_logger.palmsens_driver 
 	 Data received: {'index': 37, 'x': [9.0], 'x_unit': 's', 'x_type': 'Time', 'y': [-1.9748907089233398], 'y_unit': 'V', 'y_type': 'Potential'} 

2024-06-17 14:20:13,439 - INFO -run_logger.palmsens_driver 
 	 Data received: {'index': 38, 'x': [9.25], 'x_unit': 's', 'x_type': 'Time', 'y': [-1.9747343063354492], 'y_unit': 'V', 'y_type': 'Potential'} 

2024-06-17 14:20:13,673 - INFO -run_logger.palmsens_driver 
 	 Data received: {'index': 39, 'x': [9.5], 'x_unit': 's', 'x_type': 'Time', 'y': [-1.9748125076293945], 'y_unit': 'V', 'y_type': 'Potential'} 

2024-06-17 14:20:13,954 - INFO -run_logger.palmsens_driver 
 	 Data received: {'index': 40, 'x': [9.75], 'x_unit': 's', 'x_type': 'Time', 'y': [-1.9748125076293945], 'y_unit': 'V', 'y_type': 'Potential'} 

2024-06-17 14:20:14,183 - INFO -run_logger.palmsens_driver 
 	 Data received: {'index': 41, 'x': [10.0], 'x_unit': 's', 'x_type': 'Time', 'y': [-1.974656105041504], 'y_unit': 'V', 'y_type': 'Potential'} 

2024-06-17 14:20:14,432 - INFO -run_logger.palmsens_driver 
 	 Data received: {'index': 42, 'x': [10.25], 'x_unit': 's', 'x_type': 'Time', 'y': [-1.974421501159668], 'y_unit': 'V', 'y_type': 'Potential'} 

2024-06-17 14:20:14,713 - INFO -run_logger.palmsens_driver 
 	 Data received: {'index': 43, 'x': [10.5], 'x_unit': 's', 'x_type': 'Time', 'y': [-1.9743432998657227], 'y_unit': 'V', 'y_type': 'Potential'} 

2024-06-17 14:20:14,948 - INFO -run_logger.palmsens_driver 
 	 Data received: {'index': 44, 'x': [10.75], 'x_unit': 's', 'x_type': 'Time', 'y': [-1.974421501159668], 'y_unit': 'V', 'y_type': 'Potential'} 

2024-06-17 14:20:15,182 - INFO -run_logger.palmsens_driver 
 	 Data received: {'index': 45, 'x': [11.0], 'x_unit': 's', 'x_type': 'Time', 'y': [-1.9738750457763672], 'y_unit': 'V', 'y_type': 'Potential'} 

2024-06-17 14:20:15,465 - INFO -run_logger.palmsens_driver 
 	 Data received: {'index': 46, 'x': [11.25], 'x_unit': 's', 'x_type': 'Time', 'y': [-1.9743432998657227], 'y_unit': 'V', 'y_type': 'Potential'} 

2024-06-17 14:20:15,698 - INFO -run_logger.palmsens_driver 
 	 Data received: {'index': 47, 'x': [11.5], 'x_unit': 's', 'x_type': 'Time', 'y': [-1.974421501159668], 'y_unit': 'V', 'y_type': 'Potential'} 

2024-06-17 14:20:15,932 - INFO -run_logger.palmsens_driver 
 	 Data received: {'index': 48, 'x': [11.75], 'x_unit': 's', 'x_type': 'Time', 'y': [-1.9743432998657227], 'y_unit': 'V', 'y_type': 'Potential'} 

2024-06-17 14:20:16,214 - INFO -run_logger.palmsens_driver 
 	 Data received: {'index': 49, 'x': [12.0], 'x_unit': 's', 'x_type': 'Time', 'y': [-1.9742650985717773], 'y_unit': 'V', 'y_type': 'Potential'} 

2024-06-17 14:20:16,461 - INFO -run_logger.palmsens_driver 
 	 Data received: {'index': 50, 'x': [12.25], 'x_unit': 's', 'x_type': 'Time', 'y': [-1.9743432998657227], 'y_unit': 'V', 'y_type': 'Potential'} 

2024-06-17 14:20:16,708 - INFO -run_logger.palmsens_driver 
 	 Data received: {'index': 51, 'x': [12.5], 'x_unit': 's', 'x_type': 'Time', 'y': [-1.9742650985717773], 'y_unit': 'V', 'y_type': 'Potential'} 

2024-06-17 14:20:16,944 - INFO -run_logger.palmsens_driver 
 	 Data received: {'index': 52, 'x': [12.75], 'x_unit': 's', 'x_type': 'Time', 'y': [-1.975046157836914], 'y_unit': 'V', 'y_type': 'Potential'} 

2024-06-17 14:20:17,181 - INFO -run_logger.palmsens_driver 
 	 Data received: {'index': 53, 'x': [13.0], 'x_unit': 's', 'x_type': 'Time', 'y': [-1.975046157836914], 'y_unit': 'V', 'y_type': 'Potential'} 

2024-06-17 14:20:17,428 - INFO -run_logger.palmsens_driver 
 	 Data received: {'index': 54, 'x': [13.25], 'x_unit': 's', 'x_type': 'Time', 'y': [-1.9741086959838867], 'y_unit': 'V', 'y_type': 'Potential'} 

2024-06-17 14:20:17,708 - INFO -run_logger.palmsens_driver 
 	 Data received: {'index': 55, 'x': [13.5], 'x_unit': 's', 'x_type': 'Time', 'y': [-1.974656105041504], 'y_unit': 'V', 'y_type': 'Potential'} 

2024-06-17 14:20:17,937 - INFO -run_logger.palmsens_driver 
 	 Data received: {'index': 56, 'x': [13.75], 'x_unit': 's', 'x_type': 'Time', 'y': [-1.9743432998657227], 'y_unit': 'V', 'y_type': 'Potential'} 

2024-06-17 14:20:18,171 - INFO -run_logger.palmsens_driver 
 	 Data received: {'index': 57, 'x': [14.0], 'x_unit': 's', 'x_type': 'Time', 'y': [-1.9748125076293945], 'y_unit': 'V', 'y_type': 'Potential'} 

2024-06-17 14:20:18,453 - INFO -run_logger.palmsens_driver 
 	 Data received: {'index': 58, 'x': [14.25], 'x_unit': 's', 'x_type': 'Time', 'y': [-1.9748125076293945], 'y_unit': 'V', 'y_type': 'Potential'} 

2024-06-17 14:20:18,686 - INFO -run_logger.palmsens_driver 
 	 Data received: {'index': 59, 'x': [14.5], 'x_unit': 's', 'x_type': 'Time', 'y': [-1.975046157836914], 'y_unit': 'V', 'y_type': 'Potential'} 

2024-06-17 14:20:18,962 - INFO -run_logger.palmsens_driver 
 	 Data received: {'index': 60, 'x': [14.75], 'x_unit': 's', 'x_type': 'Time', 'y': [-1.9752025604248047], 'y_unit': 'V', 'y_type': 'Potential'} 

2024-06-17 14:20:19,210 - INFO -run_logger.palmsens_driver 
 	 Data received: {'index': 61, 'x': [15.0], 'x_unit': 's', 'x_type': 'Time', 'y': [-1.9749679565429688], 'y_unit': 'V', 'y_type': 'Potential'} 

2024-06-17 14:20:19,446 - INFO -run_logger.palmsens_driver 
 	 Data received: {'index': 62, 'x': [15.25], 'x_unit': 's', 'x_type': 'Time', 'y': [-1.9748125076293945], 'y_unit': 'V', 'y_type': 'Potential'} 

2024-06-17 14:20:19,694 - INFO -run_logger.palmsens_driver 
 	 Data received: {'index': 63, 'x': [15.5], 'x_unit': 's', 'x_type': 'Time', 'y': [-1.9745779037475586], 'y_unit': 'V', 'y_type': 'Potential'} 

2024-06-17 14:20:19,929 - INFO -run_logger.palmsens_driver 
 	 Data received: {'index': 64, 'x': [15.75], 'x_unit': 's', 'x_type': 'Time', 'y': [-1.9745779037475586], 'y_unit': 'V', 'y_type': 'Potential'} 

2024-06-17 14:20:20,210 - INFO -run_logger.palmsens_driver 
 	 Data received: {'index': 65, 'x': [16.0], 'x_unit': 's', 'x_type': 'Time', 'y': [-1.9748907089233398], 'y_unit': 'V', 'y_type': 'Potential'} 

2024-06-17 14:20:20,441 - INFO -run_logger.palmsens_driver 
 	 Data received: {'index': 66, 'x': [16.25], 'x_unit': 's', 'x_type': 'Time', 'y': [-1.9749679565429688], 'y_unit': 'V', 'y_type': 'Potential'} 

2024-06-17 14:20:20,673 - INFO -run_logger.palmsens_driver 
 	 Data received: {'index': 67, 'x': [16.5], 'x_unit': 's', 'x_type': 'Time', 'y': [-1.9752025604248047], 'y_unit': 'V', 'y_type': 'Potential'} 

2024-06-17 14:20:20,955 - INFO -run_logger.palmsens_driver 
 	 Data received: {'index': 68, 'x': [16.75], 'x_unit': 's', 'x_type': 'Time', 'y': [-1.9753589630126953], 'y_unit': 'V', 'y_type': 'Potential'} 

2024-06-17 14:20:21,185 - INFO -run_logger.palmsens_driver 
 	 Data received: {'index': 69, 'x': [17.0], 'x_unit': 's', 'x_type': 'Time', 'y': [-1.97528076171875], 'y_unit': 'V', 'y_type': 'Potential'} 

2024-06-17 14:20:21,420 - INFO -run_logger.palmsens_driver 
 	 Data received: {'index': 70, 'x': [17.25], 'x_unit': 's', 'x_type': 'Time', 'y': [-1.9753589630126953], 'y_unit': 'V', 'y_type': 'Potential'} 

2024-06-17 14:20:21,700 - INFO -run_logger.palmsens_driver 
 	 Data received: {'index': 71, 'x': [17.5], 'x_unit': 's', 'x_type': 'Time', 'y': [-1.9753589630126953], 'y_unit': 'V', 'y_type': 'Potential'} 

2024-06-17 14:20:21,936 - INFO -run_logger.palmsens_driver 
 	 Data received: {'index': 72, 'x': [17.75], 'x_unit': 's', 'x_type': 'Time', 'y': [-1.9754371643066406], 'y_unit': 'V', 'y_type': 'Potential'} 

2024-06-17 14:20:22,171 - INFO -run_logger.palmsens_driver 
 	 Data received: {'index': 73, 'x': [18.0], 'x_unit': 's', 'x_type': 'Time', 'y': [-1.975515365600586], 'y_unit': 'V', 'y_type': 'Potential'} 

2024-06-17 14:20:22,449 - INFO -run_logger.palmsens_driver 
 	 Data received: {'index': 74, 'x': [18.25], 'x_unit': 's', 'x_type': 'Time', 'y': [-1.9754371643066406], 'y_unit': 'V', 'y_type': 'Potential'} 

2024-06-17 14:20:22,682 - INFO -run_logger.palmsens_driver 
 	 Data received: {'index': 75, 'x': [18.5], 'x_unit': 's', 'x_type': 'Time', 'y': [-1.9756717681884766], 'y_unit': 'V', 'y_type': 'Potential'} 

2024-06-17 14:20:22,946 - INFO -run_logger.palmsens_driver 
 	 Data received: {'index': 76, 'x': [18.75], 'x_unit': 's', 'x_type': 'Time', 'y': [-1.9757499694824219], 'y_unit': 'V', 'y_type': 'Potential'} 

2024-06-17 14:20:23,181 - INFO -run_logger.palmsens_driver 
 	 Data received: {'index': 77, 'x': [19.0], 'x_unit': 's', 'x_type': 'Time', 'y': [-1.9757499694824219], 'y_unit': 'V', 'y_type': 'Potential'} 

2024-06-17 14:20:23,458 - INFO -run_logger.palmsens_driver 
 	 Data received: {'index': 78, 'x': [19.25], 'x_unit': 's', 'x_type': 'Time', 'y': [-1.9759836196899414], 'y_unit': 'V', 'y_type': 'Potential'} 

2024-06-17 14:20:23,690 - INFO -run_logger.palmsens_driver 
 	 Data received: {'index': 79, 'x': [19.5], 'x_unit': 's', 'x_type': 'Time', 'y': [-1.9759836196899414], 'y_unit': 'V', 'y_type': 'Potential'} 

2024-06-17 14:20:23,922 - INFO -run_logger.palmsens_driver 
 	 Data received: {'index': 80, 'x': [19.75], 'x_unit': 's', 'x_type': 'Time', 'y': [-1.9760618209838867], 'y_unit': 'V', 'y_type': 'Potential'} 

2024-06-17 14:20:24,199 - INFO -run_logger.palmsens_driver 
 	 Data received: {'index': 81, 'x': [20.0], 'x_unit': 's', 'x_type': 'Time', 'y': [-1.976140022277832], 'y_unit': 'V', 'y_type': 'Potential'} 

2024-06-17 14:20:24,210 - INFO -run_logger.palmsens_driver 
 	 result:
{'Title': 'Open Circuit Potentiometry', 'timestamp': '17/06/2024 14:20:02', 'current_arrays': [[0.2384185791015625, 0.2384185791015625, 0.2384185791015625, 0.2384185791015625, 0.2384185791015625, 0.2384185791015625, 0.2384185791015625, 0.2384185791015625, 0.2384185791015625, 0.2384185791015625, 0.2384185791015625, 0.2384185791015625, 0.2384185791015625, 0.2384185791015625, 0.2384185791015625, 0.2384185791015625, 0.2384185791015625, 0.2384185791015625, 0.2384185791015625, 0.2384185791015625, 0.2384185791015625, 0.2384185791015625, 0.2384185791015625, 0.2384185791015625, 0.2384185791015625, 0.2384185791015625, 0.2384185791015625, 0.2384185791015625, 0.2384185791015625, 0.2384185791015625, 0.2384185791015625, 0.2384185791015625, 0.2384185791015625, 0.2384185791015625, 0.2384185791015625, 0.2384185791015625, 0.2384185791015625, 0.2384185791015625, 0.2384185791015625, 0.2384185791015625, 0.2384185791015625, 0.2384185791015625, 0.2384185791015625, 0.2384185791015625, 0.2384185791015625, 0.2384185791015625, 0.2384185791015625, 0.2384185791015625, 0.2384185791015625, 0.2384185791015625, 0.2384185791015625, 0.2384185791015625, 0.2384185791015625, 0.2384185791015625, 0.2384185791015625, 0.2384185791015625, 0.2384185791015625, 0.2384185791015625, 0.2384185791015625, 0.2384185791015625, 0.2384185791015625, 0.2384185791015625, 0.2384185791015625, 0.2384185791015625, 0.2384185791015625, 0.2384185791015625, 0.2384185791015625, 0.2384185791015625, 0.2384185791015625, 0.2384185791015625, 0.2384185791015625, 0.2384185791015625, 0.2384185791015625, 0.2384185791015625, 0.2384185791015625, 0.2384185791015625, 0.2384185791015625, 0.2384185791015625, 0.2384185791015625, 0.2384185791015625, 0.2384185791015625]], 'potential_arrays': [[-1.9749679565429688, -1.9748907089233398, -1.9749679565429688, -1.975046157836914, -1.9749679565429688, -1.9751243591308594, -1.975046157836914, -1.975046157836914, -1.9751243591308594, -1.9751243591308594, -1.9752025604248047, -1.9752025604248047, -1.9751243591308594, -1.9752025604248047, -1.9752025604248047, -1.97528076171875, -1.9753589630126953, -1.9752025604248047, -1.9752025604248047, -1.9752025604248047, -1.9751243591308594, -1.9751243591308594, -1.975046157836914, -1.9751243591308594, -1.9749679565429688, -1.9748907089233398, -1.9749679565429688, -1.9748907089233398, -1.9749679565429688, -1.9748125076293945, -1.9748125076293945, -1.9748907089233398, -1.9754371643066406, -1.9754371643066406, -1.9751243591308594, -1.9749679565429688, -1.9748907089233398, -1.9747343063354492, -1.9748125076293945, -1.9748125076293945, -1.974656105041504, -1.974421501159668, -1.9743432998657227, -1.974421501159668, -1.9738750457763672, -1.9743432998657227, -1.974421501159668, -1.9743432998657227, -1.9742650985717773, -1.9743432998657227, -1.9742650985717773, -1.975046157836914, -1.975046157836914, -1.9741086959838867, -1.974656105041504, -1.9743432998657227, -1.9748125076293945, -1.9748125076293945, -1.975046157836914, -1.9752025604248047, -1.9749679565429688, -1.9748125076293945, -1.9745779037475586, -1.9745779037475586, -1.9748907089233398, -1.9749679565429688, -1.9752025604248047, -1.9753589630126953, -1.97528076171875, -1.9753589630126953, -1.9753589630126953, -1.9754371643066406, -1.975515365600586, -1.9754371643066406, -1.9756717681884766, -1.9757499694824219, -1.9757499694824219, -1.9759836196899414, -1.9759836196899414, -1.9760618209838867, -1.976140022277832]], 'time_arrays': [[0.0, 0.25, 0.5, 0.75, 1.0, 1.25, 1.5, 1.75, 2.0, 2.25, 2.5, 2.75, 3.0, 3.25, 3.5, 3.75, 4.0, 4.25, 4.5, 4.75, 5.0, 5.25, 5.5, 5.75, 6.0, 6.25, 6.5, 6.75, 7.0, 7.25, 7.5, 7.75, 8.0, 8.25, 8.5, 8.75, 9.0, 9.25, 9.5, 9.75, 10.0, 10.25, 10.5, 10.75, 11.0, 11.25, 11.5, 11.75, 12.0, 12.25, 12.5, 12.75, 13.0, 13.25, 13.5, 13.75, 14.0, 14.25, 14.5, 14.75, 15.0, 15.25, 15.5, 15.75, 16.0, 16.25, 16.5, 16.75, 17.0, 17.25, 17.5, 17.75, 18.0, 18.25, 18.5, 18.75, 19.0, 19.25, 19.5, 19.75, 20.0]], 'freq_arrays': [], 'zre_arrays': [], 'zim_arrays': [], 'aux_input_arrays': [], 'peaks': [], 'eis_fit': []} 

