2024-06-17 13:42:24,314 - INFO -run_logger.palmsens_driver 
 	 Successfully connected to PalmSens4 [1]. 

2024-06-17 13:43:22,803 - INFO -run_logger.palmsens_driver 
 	 Data received: {'index': 1, 'x': [0.0], 'x_unit': 's', 'x_type': 'Time', 'y': [-1.9931716918945312], 'y_unit': 'V', 'y_type': 'Potential'} 

2024-06-17 13:43:23,061 - INFO -run_logger.palmsens_driver 
 	 Data received: {'index': 2, 'x': [0.25], 'x_unit': 's', 'x_type': 'Time', 'y': [-1.9932498931884766], 'y_unit': 'V', 'y_type': 'Potential'} 

2024-06-17 13:43:23,296 - INFO -run_logger.palmsens_driver 
 	 Data received: {'index': 3, 'x': [0.5], 'x_unit': 's', 'x_type': 'Time', 'y': [-1.9933280944824219], 'y_unit': 'V', 'y_type': 'Potential'} 

2024-06-17 13:43:23,530 - INFO -run_logger.palmsens_driver 
 	 Data received: {'index': 4, 'x': [0.75], 'x_unit': 's', 'x_type': 'Time', 'y': [-1.9934844970703125], 'y_unit': 'V', 'y_type': 'Potential'} 

2024-06-17 13:43:23,766 - INFO -run_logger.palmsens_driver 
 	 Data received: {'index': 5, 'x': [1.0], 'x_unit': 's', 'x_type': 'Time', 'y': [-1.9934062957763672], 'y_unit': 'V', 'y_type': 'Potential'} 

2024-06-17 13:43:24,044 - INFO -run_logger.palmsens_driver 
 	 Data received: {'index': 6, 'x': [1.25], 'x_unit': 's', 'x_type': 'Time', 'y': [-1.9934844970703125], 'y_unit': 'V', 'y_type': 'Potential'} 

2024-06-17 13:43:24,278 - INFO -run_logger.palmsens_driver 
 	 Data received: {'index': 7, 'x': [1.5], 'x_unit': 's', 'x_type': 'Time', 'y': [-1.9935617446899414], 'y_unit': 'V', 'y_type': 'Potential'} 

2024-06-17 13:43:24,524 - INFO -run_logger.palmsens_driver 
 	 Data received: {'index': 8, 'x': [1.75], 'x_unit': 's', 'x_type': 'Time', 'y': [-1.9935617446899414], 'y_unit': 'V', 'y_type': 'Potential'} 

2024-06-17 13:43:24,819 - INFO -run_logger.palmsens_driver 
 	 Data received: {'index': 9, 'x': [2.0], 'x_unit': 's', 'x_type': 'Time', 'y': [-1.9935617446899414], 'y_unit': 'V', 'y_type': 'Potential'} 

2024-06-17 13:43:25,055 - INFO -run_logger.palmsens_driver 
 	 Data received: {'index': 10, 'x': [2.25], 'x_unit': 's', 'x_type': 'Time', 'y': [-1.9935617446899414], 'y_unit': 'V', 'y_type': 'Potential'} 

2024-06-17 13:43:25,287 - INFO -run_logger.palmsens_driver 
 	 Data received: {'index': 11, 'x': [2.5], 'x_unit': 's', 'x_type': 'Time', 'y': [-1.9936399459838867], 'y_unit': 'V', 'y_type': 'Potential'} 

2024-06-17 13:43:25,522 - INFO -run_logger.palmsens_driver 
 	 Data received: {'index': 12, 'x': [2.75], 'x_unit': 's', 'x_type': 'Time', 'y': [-1.9936399459838867], 'y_unit': 'V', 'y_type': 'Potential'} 

2024-06-17 13:43:25,804 - INFO -run_logger.palmsens_driver 
 	 Data received: {'index': 13, 'x': [3.0], 'x_unit': 's', 'x_type': 'Time', 'y': [-1.9936399459838867], 'y_unit': 'V', 'y_type': 'Potential'} 

2024-06-17 13:43:26,038 - INFO -run_logger.palmsens_driver 
 	 Data received: {'index': 14, 'x': [3.25], 'x_unit': 's', 'x_type': 'Time', 'y': [-1.993718147277832], 'y_unit': 'V', 'y_type': 'Potential'} 

2024-06-17 13:43:26,273 - INFO -run_logger.palmsens_driver 
 	 Data received: {'index': 15, 'x': [3.5], 'x_unit': 's', 'x_type': 'Time', 'y': [-1.993718147277832], 'y_unit': 'V', 'y_type': 'Potential'} 

2024-06-17 13:43:26,551 - INFO -run_logger.palmsens_driver 
 	 Data received: {'index': 16, 'x': [3.75], 'x_unit': 's', 'x_type': 'Time', 'y': [-1.993718147277832], 'y_unit': 'V', 'y_type': 'Potential'} 

2024-06-17 13:43:26,784 - INFO -run_logger.palmsens_driver 
 	 Data received: {'index': 17, 'x': [4.0], 'x_unit': 's', 'x_type': 'Time', 'y': [-1.993718147277832], 'y_unit': 'V', 'y_type': 'Potential'} 

2024-06-17 13:43:27,017 - INFO -run_logger.palmsens_driver 
 	 Data received: {'index': 18, 'x': [4.25], 'x_unit': 's', 'x_type': 'Time', 'y': [-1.993718147277832], 'y_unit': 'V', 'y_type': 'Potential'} 

2024-06-17 13:43:27,296 - INFO -run_logger.palmsens_driver 
 	 Data received: {'index': 19, 'x': [4.5], 'x_unit': 's', 'x_type': 'Time', 'y': [-1.9937963485717773], 'y_unit': 'V', 'y_type': 'Potential'} 

2024-06-17 13:43:27,528 - INFO -run_logger.palmsens_driver 
 	 Data received: {'index': 20, 'x': [4.75], 'x_unit': 's', 'x_type': 'Time', 'y': [-1.993718147277832], 'y_unit': 'V', 'y_type': 'Potential'} 

2024-06-17 13:43:27,805 - INFO -run_logger.palmsens_driver 
 	 Data received: {'index': 21, 'x': [5.0], 'x_unit': 's', 'x_type': 'Time', 'y': [-1.9938745498657227], 'y_unit': 'V', 'y_type': 'Potential'} 

2024-06-17 13:43:28,043 - INFO -run_logger.palmsens_driver 
 	 Data received: {'index': 22, 'x': [5.25], 'x_unit': 's', 'x_type': 'Time', 'y': [-1.9938745498657227], 'y_unit': 'V', 'y_type': 'Potential'} 

2024-06-17 13:43:28,288 - INFO -run_logger.palmsens_driver 
 	 Data received: {'index': 23, 'x': [5.5], 'x_unit': 's', 'x_type': 'Time', 'y': [-1.9937963485717773], 'y_unit': 'V', 'y_type': 'Potential'} 

2024-06-17 13:43:28,521 - INFO -run_logger.palmsens_driver 
 	 Data received: {'index': 24, 'x': [5.75], 'x_unit': 's', 'x_type': 'Time', 'y': [-1.9938745498657227], 'y_unit': 'V', 'y_type': 'Potential'} 

2024-06-17 13:43:28,803 - INFO -run_logger.palmsens_driver 
 	 Data received: {'index': 25, 'x': [6.0], 'x_unit': 's', 'x_type': 'Time', 'y': [-1.9937963485717773], 'y_unit': 'V', 'y_type': 'Potential'} 

2024-06-17 13:43:29,035 - INFO -run_logger.palmsens_driver 
 	 Data received: {'index': 26, 'x': [6.25], 'x_unit': 's', 'x_type': 'Time', 'y': [-1.9938745498657227], 'y_unit': 'V', 'y_type': 'Potential'} 

2024-06-17 13:43:29,267 - INFO -run_logger.palmsens_driver 
 	 Data received: {'index': 27, 'x': [6.5], 'x_unit': 's', 'x_type': 'Time', 'y': [-1.9940309524536133], 'y_unit': 'V', 'y_type': 'Potential'} 

2024-06-17 13:43:29,546 - INFO -run_logger.palmsens_driver 
 	 Data received: {'index': 28, 'x': [6.75], 'x_unit': 's', 'x_type': 'Time', 'y': [-1.993952751159668], 'y_unit': 'V', 'y_type': 'Potential'} 

2024-06-17 13:43:29,780 - INFO -run_logger.palmsens_driver 
 	 Data received: {'index': 29, 'x': [7.0], 'x_unit': 's', 'x_type': 'Time', 'y': [-1.9940309524536133], 'y_unit': 'V', 'y_type': 'Potential'} 

2024-06-17 13:43:30,061 - INFO -run_logger.palmsens_driver 
 	 Data received: {'index': 30, 'x': [7.25], 'x_unit': 's', 'x_type': 'Time', 'y': [-1.993952751159668], 'y_unit': 'V', 'y_type': 'Potential'} 

2024-06-17 13:43:30,295 - INFO -run_logger.palmsens_driver 
 	 Data received: {'index': 31, 'x': [7.5], 'x_unit': 's', 'x_type': 'Time', 'y': [-1.9940309524536133], 'y_unit': 'V', 'y_type': 'Potential'} 

2024-06-17 13:43:30,527 - INFO -run_logger.palmsens_driver 
 	 Data received: {'index': 32, 'x': [7.75], 'x_unit': 's', 'x_type': 'Time', 'y': [-1.9941091537475586], 'y_unit': 'V', 'y_type': 'Potential'} 

2024-06-17 13:43:30,807 - INFO -run_logger.palmsens_driver 
 	 Data received: {'index': 33, 'x': [8.0], 'x_unit': 's', 'x_type': 'Time', 'y': [-1.9941091537475586], 'y_unit': 'V', 'y_type': 'Potential'} 

2024-06-17 13:43:31,040 - INFO -run_logger.palmsens_driver 
 	 Data received: {'index': 34, 'x': [8.25], 'x_unit': 's', 'x_type': 'Time', 'y': [-1.994187355041504], 'y_unit': 'V', 'y_type': 'Potential'} 

2024-06-17 13:43:31,305 - INFO -run_logger.palmsens_driver 
 	 Data received: {'index': 35, 'x': [8.5], 'x_unit': 's', 'x_type': 'Time', 'y': [-1.994187355041504], 'y_unit': 'V', 'y_type': 'Potential'} 

2024-06-17 13:43:31,561 - INFO -run_logger.palmsens_driver 
 	 Data received: {'index': 36, 'x': [8.75], 'x_unit': 's', 'x_type': 'Time', 'y': [-1.994187355041504], 'y_unit': 'V', 'y_type': 'Potential'} 

2024-06-17 13:43:31,777 - INFO -run_logger.palmsens_driver 
 	 Data received: {'index': 37, 'x': [9.0], 'x_unit': 's', 'x_type': 'Time', 'y': [-1.9942655563354492], 'y_unit': 'V', 'y_type': 'Potential'} 

2024-06-17 13:43:32,025 - INFO -run_logger.palmsens_driver 
 	 Data received: {'index': 38, 'x': [9.25], 'x_unit': 's', 'x_type': 'Time', 'y': [-1.9942655563354492], 'y_unit': 'V', 'y_type': 'Potential'} 

2024-06-17 13:43:32,302 - INFO -run_logger.palmsens_driver 
 	 Data received: {'index': 39, 'x': [9.5], 'x_unit': 's', 'x_type': 'Time', 'y': [-1.9943437576293945], 'y_unit': 'V', 'y_type': 'Potential'} 

2024-06-17 13:43:32,532 - INFO -run_logger.palmsens_driver 
 	 Data received: {'index': 40, 'x': [9.75], 'x_unit': 's', 'x_type': 'Time', 'y': [-1.9943437576293945], 'y_unit': 'V', 'y_type': 'Potential'} 

2024-06-17 13:43:32,765 - INFO -run_logger.palmsens_driver 
 	 Data received: {'index': 41, 'x': [10.0], 'x_unit': 's', 'x_type': 'Time', 'y': [-1.9943437576293945], 'y_unit': 'V', 'y_type': 'Potential'} 

2024-06-17 13:43:33,043 - INFO -run_logger.palmsens_driver 
 	 Data received: {'index': 42, 'x': [10.25], 'x_unit': 's', 'x_type': 'Time', 'y': [-1.9945001602172852], 'y_unit': 'V', 'y_type': 'Potential'} 

2024-06-17 13:43:33,278 - INFO -run_logger.palmsens_driver 
 	 Data received: {'index': 43, 'x': [10.5], 'x_unit': 's', 'x_type': 'Time', 'y': [-1.9944219589233398], 'y_unit': 'V', 'y_type': 'Potential'} 

2024-06-17 13:43:33,561 - INFO -run_logger.palmsens_driver 
 	 Data received: {'index': 44, 'x': [10.75], 'x_unit': 's', 'x_type': 'Time', 'y': [-1.9944219589233398], 'y_unit': 'V', 'y_type': 'Potential'} 

2024-06-17 13:43:33,795 - INFO -run_logger.palmsens_driver 
 	 Data received: {'index': 45, 'x': [11.0], 'x_unit': 's', 'x_type': 'Time', 'y': [-1.9945001602172852], 'y_unit': 'V', 'y_type': 'Potential'} 

2024-06-17 13:43:34,031 - INFO -run_logger.palmsens_driver 
 	 Data received: {'index': 46, 'x': [11.25], 'x_unit': 's', 'x_type': 'Time', 'y': [-1.9944219589233398], 'y_unit': 'V', 'y_type': 'Potential'} 

2024-06-17 13:43:34,309 - INFO -run_logger.palmsens_driver 
 	 Data received: {'index': 47, 'x': [11.5], 'x_unit': 's', 'x_type': 'Time', 'y': [-1.9945001602172852], 'y_unit': 'V', 'y_type': 'Potential'} 

2024-06-17 13:43:34,541 - INFO -run_logger.palmsens_driver 
 	 Data received: {'index': 48, 'x': [11.75], 'x_unit': 's', 'x_type': 'Time', 'y': [-1.9944219589233398], 'y_unit': 'V', 'y_type': 'Potential'} 

2024-06-17 13:43:34,788 - INFO -run_logger.palmsens_driver 
 	 Data received: {'index': 49, 'x': [12.0], 'x_unit': 's', 'x_type': 'Time', 'y': [-1.9943437576293945], 'y_unit': 'V', 'y_type': 'Potential'} 

2024-06-17 13:43:35,020 - INFO -run_logger.palmsens_driver 
 	 Data received: {'index': 50, 'x': [12.25], 'x_unit': 's', 'x_type': 'Time', 'y': [-1.9945001602172852], 'y_unit': 'V', 'y_type': 'Potential'} 

2024-06-17 13:43:35,299 - INFO -run_logger.palmsens_driver 
 	 Data received: {'index': 51, 'x': [12.5], 'x_unit': 's', 'x_type': 'Time', 'y': [-1.9944219589233398], 'y_unit': 'V', 'y_type': 'Potential'} 

2024-06-17 13:43:35,535 - INFO -run_logger.palmsens_driver 
 	 Data received: {'index': 52, 'x': [12.75], 'x_unit': 's', 'x_type': 'Time', 'y': [-1.9945001602172852], 'y_unit': 'V', 'y_type': 'Potential'} 

2024-06-17 13:43:35,770 - INFO -run_logger.palmsens_driver 
 	 Data received: {'index': 53, 'x': [13.0], 'x_unit': 's', 'x_type': 'Time', 'y': [-1.9945001602172852], 'y_unit': 'V', 'y_type': 'Potential'} 

2024-06-17 13:43:36,046 - INFO -run_logger.palmsens_driver 
 	 Data received: {'index': 54, 'x': [13.25], 'x_unit': 's', 'x_type': 'Time', 'y': [-1.9945001602172852], 'y_unit': 'V', 'y_type': 'Potential'} 

2024-06-17 13:43:36,281 - INFO -run_logger.palmsens_driver 
 	 Data received: {'index': 55, 'x': [13.5], 'x_unit': 's', 'x_type': 'Time', 'y': [-1.994577407836914], 'y_unit': 'V', 'y_type': 'Potential'} 

2024-06-17 13:43:36,561 - INFO -run_logger.palmsens_driver 
 	 Data received: {'index': 56, 'x': [13.75], 'x_unit': 's', 'x_type': 'Time', 'y': [-1.9945001602172852], 'y_unit': 'V', 'y_type': 'Potential'} 

2024-06-17 13:43:36,793 - INFO -run_logger.palmsens_driver 
 	 Data received: {'index': 57, 'x': [14.0], 'x_unit': 's', 'x_type': 'Time', 'y': [-1.994577407836914], 'y_unit': 'V', 'y_type': 'Potential'} 

2024-06-17 13:43:37,028 - INFO -run_logger.palmsens_driver 
 	 Data received: {'index': 58, 'x': [14.25], 'x_unit': 's', 'x_type': 'Time', 'y': [-1.9945001602172852], 'y_unit': 'V', 'y_type': 'Potential'} 

2024-06-17 13:43:37,309 - INFO -run_logger.palmsens_driver 
 	 Data received: {'index': 59, 'x': [14.5], 'x_unit': 's', 'x_type': 'Time', 'y': [-1.9945001602172852], 'y_unit': 'V', 'y_type': 'Potential'} 

2024-06-17 13:43:37,544 - INFO -run_logger.palmsens_driver 
 	 Data received: {'index': 60, 'x': [14.75], 'x_unit': 's', 'x_type': 'Time', 'y': [-1.994577407836914], 'y_unit': 'V', 'y_type': 'Potential'} 

2024-06-17 13:43:37,776 - INFO -run_logger.palmsens_driver 
 	 Data received: {'index': 61, 'x': [15.0], 'x_unit': 's', 'x_type': 'Time', 'y': [-1.994577407836914], 'y_unit': 'V', 'y_type': 'Potential'} 

2024-06-17 13:43:38,023 - INFO -run_logger.palmsens_driver 
 	 Data received: {'index': 62, 'x': [15.25], 'x_unit': 's', 'x_type': 'Time', 'y': [-1.9946556091308594], 'y_unit': 'V', 'y_type': 'Potential'} 

2024-06-17 13:43:38,300 - INFO -run_logger.palmsens_driver 
 	 Data received: {'index': 63, 'x': [15.5], 'x_unit': 's', 'x_type': 'Time', 'y': [-1.994577407836914], 'y_unit': 'V', 'y_type': 'Potential'} 

2024-06-17 13:43:38,535 - INFO -run_logger.palmsens_driver 
 	 Data received: {'index': 64, 'x': [15.75], 'x_unit': 's', 'x_type': 'Time', 'y': [-1.994577407836914], 'y_unit': 'V', 'y_type': 'Potential'} 

2024-06-17 13:43:38,768 - INFO -run_logger.palmsens_driver 
 	 Data received: {'index': 65, 'x': [16.0], 'x_unit': 's', 'x_type': 'Time', 'y': [-1.9946556091308594], 'y_unit': 'V', 'y_type': 'Potential'} 

2024-06-17 13:43:39,052 - INFO -run_logger.palmsens_driver 
 	 Data received: {'index': 66, 'x': [16.25], 'x_unit': 's', 'x_type': 'Time', 'y': [-1.994577407836914], 'y_unit': 'V', 'y_type': 'Potential'} 

2024-06-17 13:43:39,286 - INFO -run_logger.palmsens_driver 
 	 Data received: {'index': 67, 'x': [16.5], 'x_unit': 's', 'x_type': 'Time', 'y': [-1.994577407836914], 'y_unit': 'V', 'y_type': 'Potential'} 

2024-06-17 13:43:39,519 - INFO -run_logger.palmsens_driver 
 	 Data received: {'index': 68, 'x': [16.75], 'x_unit': 's', 'x_type': 'Time', 'y': [-1.994577407836914], 'y_unit': 'V', 'y_type': 'Potential'} 

2024-06-17 13:43:39,801 - INFO -run_logger.palmsens_driver 
 	 Data received: {'index': 69, 'x': [17.0], 'x_unit': 's', 'x_type': 'Time', 'y': [-1.994577407836914], 'y_unit': 'V', 'y_type': 'Potential'} 

2024-06-17 13:43:40,032 - INFO -run_logger.palmsens_driver 
 	 Data received: {'index': 70, 'x': [17.25], 'x_unit': 's', 'x_type': 'Time', 'y': [-1.9946556091308594], 'y_unit': 'V', 'y_type': 'Potential'} 

2024-06-17 13:43:40,269 - INFO -run_logger.palmsens_driver 
 	 Data received: {'index': 71, 'x': [17.5], 'x_unit': 's', 'x_type': 'Time', 'y': [-1.994577407836914], 'y_unit': 'V', 'y_type': 'Potential'} 

2024-06-17 13:43:40,550 - INFO -run_logger.palmsens_driver 
 	 Data received: {'index': 72, 'x': [17.75], 'x_unit': 's', 'x_type': 'Time', 'y': [-1.994577407836914], 'y_unit': 'V', 'y_type': 'Potential'} 

2024-06-17 13:43:40,782 - INFO -run_logger.palmsens_driver 
 	 Data received: {'index': 73, 'x': [18.0], 'x_unit': 's', 'x_type': 'Time', 'y': [-1.9946556091308594], 'y_unit': 'V', 'y_type': 'Potential'} 

2024-06-17 13:43:41,017 - INFO -run_logger.palmsens_driver 
 	 Data received: {'index': 74, 'x': [18.25], 'x_unit': 's', 'x_type': 'Time', 'y': [-1.994577407836914], 'y_unit': 'V', 'y_type': 'Potential'} 

2024-06-17 13:43:41,295 - INFO -run_logger.palmsens_driver 
 	 Data received: {'index': 75, 'x': [18.5], 'x_unit': 's', 'x_type': 'Time', 'y': [-1.994577407836914], 'y_unit': 'V', 'y_type': 'Potential'} 

2024-06-17 13:43:41,527 - INFO -run_logger.palmsens_driver 
 	 Data received: {'index': 76, 'x': [18.75], 'x_unit': 's', 'x_type': 'Time', 'y': [-1.9946556091308594], 'y_unit': 'V', 'y_type': 'Potential'} 

2024-06-17 13:43:41,808 - INFO -run_logger.palmsens_driver 
 	 Data received: {'index': 77, 'x': [19.0], 'x_unit': 's', 'x_type': 'Time', 'y': [-1.994577407836914], 'y_unit': 'V', 'y_type': 'Potential'} 

2024-06-17 13:43:42,042 - INFO -run_logger.palmsens_driver 
 	 Data received: {'index': 78, 'x': [19.25], 'x_unit': 's', 'x_type': 'Time', 'y': [-1.9945001602172852], 'y_unit': 'V', 'y_type': 'Potential'} 

2024-06-17 13:43:42,276 - INFO -run_logger.palmsens_driver 
 	 Data received: {'index': 79, 'x': [19.5], 'x_unit': 's', 'x_type': 'Time', 'y': [-1.9943437576293945], 'y_unit': 'V', 'y_type': 'Potential'} 

2024-06-17 13:43:42,555 - INFO -run_logger.palmsens_driver 
 	 Data received: {'index': 80, 'x': [19.75], 'x_unit': 's', 'x_type': 'Time', 'y': [-1.994577407836914], 'y_unit': 'V', 'y_type': 'Potential'} 

2024-06-17 13:43:42,791 - INFO -run_logger.palmsens_driver 
 	 Data received: {'index': 81, 'x': [20.0], 'x_unit': 's', 'x_type': 'Time', 'y': [-1.994577407836914], 'y_unit': 'V', 'y_type': 'Potential'} 

2024-06-17 13:43:43,039 - INFO -run_logger.palmsens_driver 
 	 Data received: {'index': 82, 'x': [20.25], 'x_unit': 's', 'x_type': 'Time', 'y': [-1.9946556091308594], 'y_unit': 'V', 'y_type': 'Potential'} 

2024-06-17 13:43:43,271 - INFO -run_logger.palmsens_driver 
 	 Data received: {'index': 83, 'x': [20.5], 'x_unit': 's', 'x_type': 'Time', 'y': [-1.9949684143066406], 'y_unit': 'V', 'y_type': 'Potential'} 

2024-06-17 13:43:43,551 - INFO -run_logger.palmsens_driver 
 	 Data received: {'index': 84, 'x': [20.75], 'x_unit': 's', 'x_type': 'Time', 'y': [-1.9946556091308594], 'y_unit': 'V', 'y_type': 'Potential'} 

2024-06-17 13:43:43,784 - INFO -run_logger.palmsens_driver 
 	 Data received: {'index': 85, 'x': [21.0], 'x_unit': 's', 'x_type': 'Time', 'y': [-1.9947338104248047], 'y_unit': 'V', 'y_type': 'Potential'} 

2024-06-17 13:43:44,019 - INFO -run_logger.palmsens_driver 
 	 Data received: {'index': 86, 'x': [21.25], 'x_unit': 's', 'x_type': 'Time', 'y': [-1.99481201171875], 'y_unit': 'V', 'y_type': 'Potential'} 

2024-06-17 13:43:44,299 - INFO -run_logger.palmsens_driver 
 	 Data received: {'index': 87, 'x': [21.5], 'x_unit': 's', 'x_type': 'Time', 'y': [-1.9946556091308594], 'y_unit': 'V', 'y_type': 'Potential'} 

2024-06-17 13:43:44,532 - INFO -run_logger.palmsens_driver 
 	 Data received: {'index': 88, 'x': [21.75], 'x_unit': 's', 'x_type': 'Time', 'y': [-1.99481201171875], 'y_unit': 'V', 'y_type': 'Potential'} 

2024-06-17 13:43:44,768 - INFO -run_logger.palmsens_driver 
 	 Data received: {'index': 89, 'x': [22.0], 'x_unit': 's', 'x_type': 'Time', 'y': [-1.9946556091308594], 'y_unit': 'V', 'y_type': 'Potential'} 

2024-06-17 13:43:45,047 - INFO -run_logger.palmsens_driver 
 	 Data received: {'index': 90, 'x': [22.25], 'x_unit': 's', 'x_type': 'Time', 'y': [-1.9947338104248047], 'y_unit': 'V', 'y_type': 'Potential'} 

2024-06-17 13:43:45,281 - INFO -run_logger.palmsens_driver 
 	 Data received: {'index': 91, 'x': [22.5], 'x_unit': 's', 'x_type': 'Time', 'y': [-1.99481201171875], 'y_unit': 'V', 'y_type': 'Potential'} 

2024-06-17 13:43:45,515 - INFO -run_logger.palmsens_driver 
 	 Data received: {'index': 92, 'x': [22.75], 'x_unit': 's', 'x_type': 'Time', 'y': [-1.9947338104248047], 'y_unit': 'V', 'y_type': 'Potential'} 

2024-06-17 13:43:45,796 - INFO -run_logger.palmsens_driver 
 	 Data received: {'index': 93, 'x': [23.0], 'x_unit': 's', 'x_type': 'Time', 'y': [-1.9948902130126953], 'y_unit': 'V', 'y_type': 'Potential'} 

2024-06-17 13:43:46,030 - INFO -run_logger.palmsens_driver 
 	 Data received: {'index': 94, 'x': [23.25], 'x_unit': 's', 'x_type': 'Time', 'y': [-1.99481201171875], 'y_unit': 'V', 'y_type': 'Potential'} 

2024-06-17 13:43:46,308 - INFO -run_logger.palmsens_driver 
 	 Data received: {'index': 95, 'x': [23.5], 'x_unit': 's', 'x_type': 'Time', 'y': [-1.99481201171875], 'y_unit': 'V', 'y_type': 'Potential'} 

2024-06-17 13:43:46,541 - INFO -run_logger.palmsens_driver 
 	 Data received: {'index': 96, 'x': [23.75], 'x_unit': 's', 'x_type': 'Time', 'y': [-1.9948902130126953], 'y_unit': 'V', 'y_type': 'Potential'} 

2024-06-17 13:43:46,774 - INFO -run_logger.palmsens_driver 
 	 Data received: {'index': 97, 'x': [24.0], 'x_unit': 's', 'x_type': 'Time', 'y': [-1.99481201171875], 'y_unit': 'V', 'y_type': 'Potential'} 

2024-06-17 13:43:47,057 - INFO -run_logger.palmsens_driver 
 	 Data received: {'index': 98, 'x': [24.25], 'x_unit': 's', 'x_type': 'Time', 'y': [-1.9948902130126953], 'y_unit': 'V', 'y_type': 'Potential'} 

2024-06-17 13:43:47,307 - INFO -run_logger.palmsens_driver 
 	 Data received: {'index': 99, 'x': [24.5], 'x_unit': 's', 'x_type': 'Time', 'y': [-1.99481201171875], 'y_unit': 'V', 'y_type': 'Potential'} 

2024-06-17 13:43:47,540 - INFO -run_logger.palmsens_driver 
 	 Data received: {'index': 100, 'x': [24.75], 'x_unit': 's', 'x_type': 'Time', 'y': [-1.99481201171875], 'y_unit': 'V', 'y_type': 'Potential'} 

2024-06-17 13:43:47,778 - INFO -run_logger.palmsens_driver 
 	 Data received: {'index': 101, 'x': [25.0], 'x_unit': 's', 'x_type': 'Time', 'y': [-1.99481201171875], 'y_unit': 'V', 'y_type': 'Potential'} 

2024-06-17 13:43:47,810 - INFO -run_logger.palmsens_driver 
 	 result:
{'Title': 'Open Circuit Potentiometry', 'timestamp': '17/06/2024 13:43:21', 'current_arrays': [[0.2384185791015625, 0.2384185791015625, 0.2384185791015625, 0.2384185791015625, 0.2384185791015625, 0.2384185791015625, 0.2384185791015625, 0.2384185791015625, 0.2384185791015625, 0.2384185791015625, 0.2384185791015625, 0.2384185791015625, 0.2384185791015625, 0.2384185791015625, 0.2384185791015625, 0.2384185791015625, 0.2384185791015625, 0.2384185791015625, 0.2384185791015625, 0.2384185791015625, 0.2384185791015625, 0.2384185791015625, 0.2384185791015625, 0.2384185791015625, 0.2384185791015625, 0.2384185791015625, 0.2384185791015625, 0.2384185791015625, 0.2384185791015625, 0.2384185791015625, 0.2384185791015625, 0.2384185791015625, 0.2384185791015625, 0.2384185791015625, 0.2384185791015625, 0.2384185791015625, 0.2384185791015625, 0.2384185791015625, 0.2384185791015625, 0.2384185791015625, 0.2384185791015625, 0.2384185791015625, 0.2384185791015625, 0.2384185791015625, 0.2384185791015625, 0.2384185791015625, 0.2384185791015625, 0.2384185791015625, 0.2384185791015625, 0.2384185791015625, 0.2384185791015625, 0.2384185791015625, 0.2384185791015625, 0.2384185791015625, 0.2384185791015625, 0.2384185791015625, 0.2384185791015625, 0.2384185791015625, 0.2384185791015625, 0.2384185791015625, 0.2384185791015625, 0.2384185791015625, 0.2384185791015625, 0.2384185791015625, 0.2384185791015625, 0.2384185791015625, 0.2384185791015625, 0.2384185791015625, 0.2384185791015625, 0.2384185791015625, 0.2384185791015625, 0.2384185791015625, 0.2384185791015625, 0.2384185791015625, 0.2384185791015625, 0.2384185791015625, 0.2384185791015625, 0.2384185791015625, 0.2384185791015625, 0.2384185791015625, 0.2384185791015625, 0.2384185791015625, 0.2384185791015625, 0.2384185791015625, 0.2384185791015625, 0.2384185791015625, 0.2384185791015625, 0.2384185791015625, 0.2384185791015625, 0.2384185791015625, 0.2384185791015625, 0.2384185791015625, 0.2384185791015625, 0.2384185791015625, 0.2384185791015625, 0.2384185791015625, 0.2384185791015625, 0.2384185791015625, 0.2384185791015625, 0.2384185791015625, 0.2384185791015625]], 'potential_arrays': [[-1.9931716918945312, -1.9932498931884766, -1.9933280944824219, -1.9934844970703125, -1.9934062957763672, -1.9934844970703125, -1.9935617446899414, -1.9935617446899414, -1.9935617446899414, -1.9935617446899414, -1.9936399459838867, -1.9936399459838867, -1.9936399459838867, -1.993718147277832, -1.993718147277832, -1.993718147277832, -1.993718147277832, -1.993718147277832, -1.9937963485717773, -1.993718147277832, -1.9938745498657227, -1.9938745498657227, -1.9937963485717773, -1.9938745498657227, -1.9937963485717773, -1.9938745498657227, -1.9940309524536133, -1.993952751159668, -1.9940309524536133, -1.993952751159668, -1.9940309524536133, -1.9941091537475586, -1.9941091537475586, -1.994187355041504, -1.994187355041504, -1.994187355041504, -1.9942655563354492, -1.9942655563354492, -1.9943437576293945, -1.9943437576293945, -1.9943437576293945, -1.9945001602172852, -1.9944219589233398, -1.9944219589233398, -1.9945001602172852, -1.9944219589233398, -1.9945001602172852, -1.9944219589233398, -1.9943437576293945, -1.9945001602172852, -1.9944219589233398, -1.9945001602172852, -1.9945001602172852, -1.9945001602172852, -1.994577407836914, -1.9945001602172852, -1.994577407836914, -1.9945001602172852, -1.9945001602172852, -1.994577407836914, -1.994577407836914, -1.9946556091308594, -1.994577407836914, -1.994577407836914, -1.9946556091308594, -1.994577407836914, -1.994577407836914, -1.994577407836914, -1.994577407836914, -1.9946556091308594, -1.994577407836914, -1.994577407836914, -1.9946556091308594, -1.994577407836914, -1.994577407836914, -1.9946556091308594, -1.994577407836914, -1.9945001602172852, -1.9943437576293945, -1.994577407836914, -1.994577407836914, -1.9946556091308594, -1.9949684143066406, -1.9946556091308594, -1.9947338104248047, -1.99481201171875, -1.9946556091308594, -1.99481201171875, -1.9946556091308594, -1.9947338104248047, -1.99481201171875, -1.9947338104248047, -1.9948902130126953, -1.99481201171875, -1.99481201171875, -1.9948902130126953, -1.99481201171875, -1.9948902130126953, -1.99481201171875, -1.99481201171875, -1.99481201171875]], 'time_arrays': [[0.0, 0.25, 0.5, 0.75, 1.0, 1.25, 1.5, 1.75, 2.0, 2.25, 2.5, 2.75, 3.0, 3.25, 3.5, 3.75, 4.0, 4.25, 4.5, 4.75, 5.0, 5.25, 5.5, 5.75, 6.0, 6.25, 6.5, 6.75, 7.0, 7.25, 7.5, 7.75, 8.0, 8.25, 8.5, 8.75, 9.0, 9.25, 9.5, 9.75, 10.0, 10.25, 10.5, 10.75, 11.0, 11.25, 11.5, 11.75, 12.0, 12.25, 12.5, 12.75, 13.0, 13.25, 13.5, 13.75, 14.0, 14.25, 14.5, 14.75, 15.0, 15.25, 15.5, 15.75, 16.0, 16.25, 16.5, 16.75, 17.0, 17.25, 17.5, 17.75, 18.0, 18.25, 18.5, 18.75, 19.0, 19.25, 19.5, 19.75, 20.0, 20.25, 20.5, 20.75, 21.0, 21.25, 21.5, 21.75, 22.0, 22.25, 22.5, 22.75, 23.0, 23.25, 23.5, 23.75, 24.0, 24.25, 24.5, 24.75, 25.0]], 'freq_arrays': [], 'zre_arrays': [], 'zim_arrays': [], 'aux_input_arrays': [], 'peaks': [], 'eis_fit': []} 

2024-06-17 13:44:04,272 - INFO -run_logger.palmsens_driver 
 	 Data received: {'index': 1, 'x': [0.0], 'x_unit': 's', 'x_type': 'Time', 'y': [-1.9960622787475586], 'y_unit': 'V', 'y_type': 'Potential'} 

2024-06-17 13:44:04,508 - INFO -run_logger.palmsens_driver 
 	 Data received: {'index': 2, 'x': [0.25], 'x_unit': 's', 'x_type': 'Time', 'y': [-1.9962186813354492], 'y_unit': 'V', 'y_type': 'Potential'} 

2024-06-17 13:44:04,741 - INFO -run_logger.palmsens_driver 
 	 Data received: {'index': 3, 'x': [0.5], 'x_unit': 's', 'x_type': 'Time', 'y': [-1.9962186813354492], 'y_unit': 'V', 'y_type': 'Potential'} 

2024-06-17 13:44:05,019 - INFO -run_logger.palmsens_driver 
 	 Data received: {'index': 4, 'x': [0.75], 'x_unit': 's', 'x_type': 'Time', 'y': [-1.9962968826293945], 'y_unit': 'V', 'y_type': 'Potential'} 

2024-06-17 13:44:05,252 - INFO -run_logger.palmsens_driver 
 	 Data received: {'index': 5, 'x': [1.0], 'x_unit': 's', 'x_type': 'Time', 'y': [-1.9962186813354492], 'y_unit': 'V', 'y_type': 'Potential'} 

2024-06-17 13:44:05,527 - INFO -run_logger.palmsens_driver 
 	 Data received: {'index': 6, 'x': [1.25], 'x_unit': 's', 'x_type': 'Time', 'y': [-1.996140480041504], 'y_unit': 'V', 'y_type': 'Potential'} 

2024-06-17 13:44:05,761 - INFO -run_logger.palmsens_driver 
 	 Data received: {'index': 7, 'x': [1.5], 'x_unit': 's', 'x_type': 'Time', 'y': [-1.996140480041504], 'y_unit': 'V', 'y_type': 'Potential'} 

2024-06-17 13:44:05,995 - INFO -run_logger.palmsens_driver 
 	 Data received: {'index': 8, 'x': [1.75], 'x_unit': 's', 'x_type': 'Time', 'y': [-1.996140480041504], 'y_unit': 'V', 'y_type': 'Potential'} 

2024-06-17 13:44:06,277 - INFO -run_logger.palmsens_driver 
 	 Data received: {'index': 9, 'x': [2.0], 'x_unit': 's', 'x_type': 'Time', 'y': [-1.9962968826293945], 'y_unit': 'V', 'y_type': 'Potential'} 

2024-06-17 13:44:06,512 - INFO -run_logger.palmsens_driver 
 	 Data received: {'index': 10, 'x': [2.25], 'x_unit': 's', 'x_type': 'Time', 'y': [-1.9962186813354492], 'y_unit': 'V', 'y_type': 'Potential'} 

2024-06-17 13:44:06,745 - INFO -run_logger.palmsens_driver 
 	 Data received: {'index': 11, 'x': [2.5], 'x_unit': 's', 'x_type': 'Time', 'y': [-1.9962186813354492], 'y_unit': 'V', 'y_type': 'Potential'} 

2024-06-17 13:44:06,993 - INFO -run_logger.palmsens_driver 
 	 Data received: {'index': 12, 'x': [2.75], 'x_unit': 's', 'x_type': 'Time', 'y': [-1.9963750839233398], 'y_unit': 'V', 'y_type': 'Potential'} 

2024-06-17 13:44:07,275 - INFO -run_logger.palmsens_driver 
 	 Data received: {'index': 13, 'x': [3.0], 'x_unit': 's', 'x_type': 'Time', 'y': [-1.9962968826293945], 'y_unit': 'V', 'y_type': 'Potential'} 

2024-06-17 13:44:07,523 - INFO -run_logger.palmsens_driver 
 	 Data received: {'index': 14, 'x': [3.25], 'x_unit': 's', 'x_type': 'Time', 'y': [-1.9964532852172852], 'y_unit': 'V', 'y_type': 'Potential'} 

2024-06-17 13:44:07,772 - INFO -run_logger.palmsens_driver 
 	 Data received: {'index': 15, 'x': [3.5], 'x_unit': 's', 'x_type': 'Time', 'y': [-1.9964532852172852], 'y_unit': 'V', 'y_type': 'Potential'} 

2024-06-17 13:44:08,007 - INFO -run_logger.palmsens_driver 
 	 Data received: {'index': 16, 'x': [3.75], 'x_unit': 's', 'x_type': 'Time', 'y': [-1.9963750839233398], 'y_unit': 'V', 'y_type': 'Potential'} 

2024-06-17 13:44:08,241 - INFO -run_logger.palmsens_driver 
 	 Data received: {'index': 17, 'x': [4.0], 'x_unit': 's', 'x_type': 'Time', 'y': [-1.996530532836914], 'y_unit': 'V', 'y_type': 'Potential'} 

2024-06-17 13:44:08,522 - INFO -run_logger.palmsens_driver 
 	 Data received: {'index': 18, 'x': [4.25], 'x_unit': 's', 'x_type': 'Time', 'y': [-1.996530532836914], 'y_unit': 'V', 'y_type': 'Potential'} 

2024-06-17 13:44:08,752 - INFO -run_logger.palmsens_driver 
 	 Data received: {'index': 19, 'x': [4.5], 'x_unit': 's', 'x_type': 'Time', 'y': [-1.9966087341308594], 'y_unit': 'V', 'y_type': 'Potential'} 

2024-06-17 13:44:08,983 - INFO -run_logger.palmsens_driver 
 	 Data received: {'index': 20, 'x': [4.75], 'x_unit': 's', 'x_type': 'Time', 'y': [-1.9966087341308594], 'y_unit': 'V', 'y_type': 'Potential'} 

2024-06-17 13:44:09,264 - INFO -run_logger.palmsens_driver 
 	 Data received: {'index': 21, 'x': [5.0], 'x_unit': 's', 'x_type': 'Time', 'y': [-1.9966087341308594], 'y_unit': 'V', 'y_type': 'Potential'} 

2024-06-17 13:44:09,495 - INFO -run_logger.palmsens_driver 
 	 Data received: {'index': 22, 'x': [5.25], 'x_unit': 's', 'x_type': 'Time', 'y': [-1.99676513671875], 'y_unit': 'V', 'y_type': 'Potential'} 

2024-06-17 13:44:09,776 - INFO -run_logger.palmsens_driver 
 	 Data received: {'index': 23, 'x': [5.5], 'x_unit': 's', 'x_type': 'Time', 'y': [-1.99676513671875], 'y_unit': 'V', 'y_type': 'Potential'} 

2024-06-17 13:44:10,012 - INFO -run_logger.palmsens_driver 
 	 Data received: {'index': 24, 'x': [5.75], 'x_unit': 's', 'x_type': 'Time', 'y': [-1.9968433380126953], 'y_unit': 'V', 'y_type': 'Potential'} 

2024-06-17 13:44:10,246 - INFO -run_logger.palmsens_driver 
 	 Data received: {'index': 25, 'x': [6.0], 'x_unit': 's', 'x_type': 'Time', 'y': [-1.9969215393066406], 'y_unit': 'V', 'y_type': 'Potential'} 

2024-06-17 13:44:10,528 - INFO -run_logger.palmsens_driver 
 	 Data received: {'index': 26, 'x': [6.25], 'x_unit': 's', 'x_type': 'Time', 'y': [-1.9969215393066406], 'y_unit': 'V', 'y_type': 'Potential'} 

2024-06-17 13:44:10,762 - INFO -run_logger.palmsens_driver 
 	 Data received: {'index': 27, 'x': [6.5], 'x_unit': 's', 'x_type': 'Time', 'y': [-1.996999740600586], 'y_unit': 'V', 'y_type': 'Potential'} 

2024-06-17 13:44:10,996 - INFO -run_logger.palmsens_driver 
 	 Data received: {'index': 28, 'x': [6.75], 'x_unit': 's', 'x_type': 'Time', 'y': [-1.996999740600586], 'y_unit': 'V', 'y_type': 'Potential'} 

2024-06-17 13:44:11,276 - INFO -run_logger.palmsens_driver 
 	 Data received: {'index': 29, 'x': [7.0], 'x_unit': 's', 'x_type': 'Time', 'y': [-1.996999740600586], 'y_unit': 'V', 'y_type': 'Potential'} 

2024-06-17 13:44:11,512 - INFO -run_logger.palmsens_driver 
 	 Data received: {'index': 30, 'x': [7.25], 'x_unit': 's', 'x_type': 'Time', 'y': [-1.9971561431884766], 'y_unit': 'V', 'y_type': 'Potential'} 

2024-06-17 13:44:11,747 - INFO -run_logger.palmsens_driver 
 	 Data received: {'index': 31, 'x': [7.5], 'x_unit': 's', 'x_type': 'Time', 'y': [-1.9970779418945312], 'y_unit': 'V', 'y_type': 'Potential'} 

2024-06-17 13:44:12,026 - INFO -run_logger.palmsens_driver 
 	 Data received: {'index': 32, 'x': [7.75], 'x_unit': 's', 'x_type': 'Time', 'y': [-1.9973125457763672], 'y_unit': 'V', 'y_type': 'Potential'} 

2024-06-17 13:44:12,261 - INFO -run_logger.palmsens_driver 
 	 Data received: {'index': 33, 'x': [8.0], 'x_unit': 's', 'x_type': 'Time', 'y': [-1.9973125457763672], 'y_unit': 'V', 'y_type': 'Potential'} 

2024-06-17 13:44:12,495 - INFO -run_logger.palmsens_driver 
 	 Data received: {'index': 34, 'x': [8.25], 'x_unit': 's', 'x_type': 'Time', 'y': [-1.9973125457763672], 'y_unit': 'V', 'y_type': 'Potential'} 

2024-06-17 13:44:12,760 - INFO -run_logger.palmsens_driver 
 	 Data received: {'index': 35, 'x': [8.5], 'x_unit': 's', 'x_type': 'Time', 'y': [-1.9974689483642578], 'y_unit': 'V', 'y_type': 'Potential'} 

2024-06-17 13:44:13,006 - INFO -run_logger.palmsens_driver 
 	 Data received: {'index': 36, 'x': [8.75], 'x_unit': 's', 'x_type': 'Time', 'y': [-1.9974689483642578], 'y_unit': 'V', 'y_type': 'Potential'} 

2024-06-17 13:44:13,240 - INFO -run_logger.palmsens_driver 
 	 Data received: {'index': 37, 'x': [9.0], 'x_unit': 's', 'x_type': 'Time', 'y': [-1.9975461959838867], 'y_unit': 'V', 'y_type': 'Potential'} 

2024-06-17 13:44:13,518 - INFO -run_logger.palmsens_driver 
 	 Data received: {'index': 38, 'x': [9.25], 'x_unit': 's', 'x_type': 'Time', 'y': [-1.9975461959838867], 'y_unit': 'V', 'y_type': 'Potential'} 

2024-06-17 13:44:13,752 - INFO -run_logger.palmsens_driver 
 	 Data received: {'index': 39, 'x': [9.5], 'x_unit': 's', 'x_type': 'Time', 'y': [-1.9975461959838867], 'y_unit': 'V', 'y_type': 'Potential'} 

2024-06-17 13:44:13,986 - INFO -run_logger.palmsens_driver 
 	 Data received: {'index': 40, 'x': [9.75], 'x_unit': 's', 'x_type': 'Time', 'y': [-1.997624397277832], 'y_unit': 'V', 'y_type': 'Potential'} 

2024-06-17 13:44:14,270 - INFO -run_logger.palmsens_driver 
 	 Data received: {'index': 41, 'x': [10.0], 'x_unit': 's', 'x_type': 'Time', 'y': [-1.997624397277832], 'y_unit': 'V', 'y_type': 'Potential'} 

2024-06-17 13:44:14,499 - INFO -run_logger.palmsens_driver 
 	 Data received: {'index': 42, 'x': [10.25], 'x_unit': 's', 'x_type': 'Time', 'y': [-1.9977025985717773], 'y_unit': 'V', 'y_type': 'Potential'} 

2024-06-17 13:44:14,733 - INFO -run_logger.palmsens_driver 
 	 Data received: {'index': 43, 'x': [10.5], 'x_unit': 's', 'x_type': 'Time', 'y': [-1.9977807998657227], 'y_unit': 'V', 'y_type': 'Potential'} 

2024-06-17 13:44:15,010 - INFO -run_logger.palmsens_driver 
 	 Data received: {'index': 44, 'x': [10.75], 'x_unit': 's', 'x_type': 'Time', 'y': [-1.9977025985717773], 'y_unit': 'V', 'y_type': 'Potential'} 

2024-06-17 13:44:15,257 - INFO -run_logger.palmsens_driver 
 	 Data received: {'index': 45, 'x': [11.0], 'x_unit': 's', 'x_type': 'Time', 'y': [-1.9977807998657227], 'y_unit': 'V', 'y_type': 'Potential'} 

2024-06-17 13:44:15,489 - INFO -run_logger.palmsens_driver 
 	 Data received: {'index': 46, 'x': [11.25], 'x_unit': 's', 'x_type': 'Time', 'y': [-1.997624397277832], 'y_unit': 'V', 'y_type': 'Potential'} 

2024-06-17 13:44:15,768 - INFO -run_logger.palmsens_driver 
 	 Data received: {'index': 47, 'x': [11.5], 'x_unit': 's', 'x_type': 'Time', 'y': [-1.997624397277832], 'y_unit': 'V', 'y_type': 'Potential'} 

2024-06-17 13:44:16,006 - INFO -run_logger.palmsens_driver 
 	 Data received: {'index': 48, 'x': [11.75], 'x_unit': 's', 'x_type': 'Time', 'y': [-1.9977807998657227], 'y_unit': 'V', 'y_type': 'Potential'} 

2024-06-17 13:44:16,238 - INFO -run_logger.palmsens_driver 
 	 Data received: {'index': 49, 'x': [12.0], 'x_unit': 's', 'x_type': 'Time', 'y': [-1.9975461959838867], 'y_unit': 'V', 'y_type': 'Potential'} 

2024-06-17 13:44:16,520 - INFO -run_logger.palmsens_driver 
 	 Data received: {'index': 50, 'x': [12.25], 'x_unit': 's', 'x_type': 'Time', 'y': [-1.9977025985717773], 'y_unit': 'V', 'y_type': 'Potential'} 

2024-06-17 13:44:16,754 - INFO -run_logger.palmsens_driver 
 	 Data received: {'index': 51, 'x': [12.5], 'x_unit': 's', 'x_type': 'Time', 'y': [-1.9975461959838867], 'y_unit': 'V', 'y_type': 'Potential'} 

2024-06-17 13:44:16,989 - INFO -run_logger.palmsens_driver 
 	 Data received: {'index': 52, 'x': [12.75], 'x_unit': 's', 'x_type': 'Time', 'y': [-1.997624397277832], 'y_unit': 'V', 'y_type': 'Potential'} 

2024-06-17 13:44:17,266 - INFO -run_logger.palmsens_driver 
 	 Data received: {'index': 53, 'x': [13.0], 'x_unit': 's', 'x_type': 'Time', 'y': [-1.9977807998657227], 'y_unit': 'V', 'y_type': 'Potential'} 

2024-06-17 13:44:17,502 - INFO -run_logger.palmsens_driver 
 	 Data received: {'index': 54, 'x': [13.25], 'x_unit': 's', 'x_type': 'Time', 'y': [-1.9977025985717773], 'y_unit': 'V', 'y_type': 'Potential'} 

2024-06-17 13:44:17,733 - INFO -run_logger.palmsens_driver 
 	 Data received: {'index': 55, 'x': [13.5], 'x_unit': 's', 'x_type': 'Time', 'y': [-1.9977807998657227], 'y_unit': 'V', 'y_type': 'Potential'} 

2024-06-17 13:44:18,013 - INFO -run_logger.palmsens_driver 
 	 Data received: {'index': 56, 'x': [13.75], 'x_unit': 's', 'x_type': 'Time', 'y': [-1.997859001159668], 'y_unit': 'V', 'y_type': 'Potential'} 

2024-06-17 13:44:18,246 - INFO -run_logger.palmsens_driver 
 	 Data received: {'index': 57, 'x': [14.0], 'x_unit': 's', 'x_type': 'Time', 'y': [-1.997859001159668], 'y_unit': 'V', 'y_type': 'Potential'} 

2024-06-17 13:44:18,527 - INFO -run_logger.palmsens_driver 
 	 Data received: {'index': 58, 'x': [14.25], 'x_unit': 's', 'x_type': 'Time', 'y': [-1.9979372024536133], 'y_unit': 'V', 'y_type': 'Potential'} 

2024-06-17 13:44:18,763 - INFO -run_logger.palmsens_driver 
 	 Data received: {'index': 59, 'x': [14.5], 'x_unit': 's', 'x_type': 'Time', 'y': [-1.9977807998657227], 'y_unit': 'V', 'y_type': 'Potential'} 

2024-06-17 13:44:18,996 - INFO -run_logger.palmsens_driver 
 	 Data received: {'index': 60, 'x': [14.75], 'x_unit': 's', 'x_type': 'Time', 'y': [-1.997859001159668], 'y_unit': 'V', 'y_type': 'Potential'} 

2024-06-17 13:44:19,278 - INFO -run_logger.palmsens_driver 
 	 Data received: {'index': 61, 'x': [15.0], 'x_unit': 's', 'x_type': 'Time', 'y': [-1.997859001159668], 'y_unit': 'V', 'y_type': 'Potential'} 

2024-06-17 13:44:19,510 - INFO -run_logger.palmsens_driver 
 	 Data received: {'index': 62, 'x': [15.25], 'x_unit': 's', 'x_type': 'Time', 'y': [-1.9977807998657227], 'y_unit': 'V', 'y_type': 'Potential'} 

2024-06-17 13:44:19,746 - INFO -run_logger.palmsens_driver 
 	 Data received: {'index': 63, 'x': [15.5], 'x_unit': 's', 'x_type': 'Time', 'y': [-1.9979372024536133], 'y_unit': 'V', 'y_type': 'Potential'} 

2024-06-17 13:44:20,027 - INFO -run_logger.palmsens_driver 
 	 Data received: {'index': 64, 'x': [15.75], 'x_unit': 's', 'x_type': 'Time', 'y': [-1.9979372024536133], 'y_unit': 'V', 'y_type': 'Potential'} 

2024-06-17 13:44:20,261 - INFO -run_logger.palmsens_driver 
 	 Data received: {'index': 65, 'x': [16.0], 'x_unit': 's', 'x_type': 'Time', 'y': [-1.9979372024536133], 'y_unit': 'V', 'y_type': 'Potential'} 

2024-06-17 13:44:20,523 - INFO -run_logger.palmsens_driver 
 	 Data received: {'index': 66, 'x': [16.25], 'x_unit': 's', 'x_type': 'Time', 'y': [-1.9979372024536133], 'y_unit': 'V', 'y_type': 'Potential'} 

2024-06-17 13:44:20,758 - INFO -run_logger.palmsens_driver 
 	 Data received: {'index': 67, 'x': [16.5], 'x_unit': 's', 'x_type': 'Time', 'y': [-1.997859001159668], 'y_unit': 'V', 'y_type': 'Potential'} 

2024-06-17 13:44:20,990 - INFO -run_logger.palmsens_driver 
 	 Data received: {'index': 68, 'x': [16.75], 'x_unit': 's', 'x_type': 'Time', 'y': [-1.997859001159668], 'y_unit': 'V', 'y_type': 'Potential'} 

2024-06-17 13:44:21,270 - INFO -run_logger.palmsens_driver 
 	 Data received: {'index': 69, 'x': [17.0], 'x_unit': 's', 'x_type': 'Time', 'y': [-1.9977807998657227], 'y_unit': 'V', 'y_type': 'Potential'} 

2024-06-17 13:44:21,507 - INFO -run_logger.palmsens_driver 
 	 Data received: {'index': 70, 'x': [17.25], 'x_unit': 's', 'x_type': 'Time', 'y': [-1.997859001159668], 'y_unit': 'V', 'y_type': 'Potential'} 

2024-06-17 13:44:21,739 - INFO -run_logger.palmsens_driver 
 	 Data received: {'index': 71, 'x': [17.5], 'x_unit': 's', 'x_type': 'Time', 'y': [-1.9979372024536133], 'y_unit': 'V', 'y_type': 'Potential'} 

2024-06-17 13:44:22,018 - INFO -run_logger.palmsens_driver 
 	 Data received: {'index': 72, 'x': [17.75], 'x_unit': 's', 'x_type': 'Time', 'y': [-1.997859001159668], 'y_unit': 'V', 'y_type': 'Potential'} 

2024-06-17 13:44:22,252 - INFO -run_logger.palmsens_driver 
 	 Data received: {'index': 73, 'x': [18.0], 'x_unit': 's', 'x_type': 'Time', 'y': [-1.9979372024536133], 'y_unit': 'V', 'y_type': 'Potential'} 

2024-06-17 13:44:22,486 - INFO -run_logger.palmsens_driver 
 	 Data received: {'index': 74, 'x': [18.25], 'x_unit': 's', 'x_type': 'Time', 'y': [-1.9979372024536133], 'y_unit': 'V', 'y_type': 'Potential'} 

2024-06-17 13:44:22,764 - INFO -run_logger.palmsens_driver 
 	 Data received: {'index': 75, 'x': [18.5], 'x_unit': 's', 'x_type': 'Time', 'y': [-1.9979372024536133], 'y_unit': 'V', 'y_type': 'Potential'} 

2024-06-17 13:44:22,999 - INFO -run_logger.palmsens_driver 
 	 Data received: {'index': 76, 'x': [18.75], 'x_unit': 's', 'x_type': 'Time', 'y': [-1.9979372024536133], 'y_unit': 'V', 'y_type': 'Potential'} 

2024-06-17 13:44:23,233 - INFO -run_logger.palmsens_driver 
 	 Data received: {'index': 77, 'x': [19.0], 'x_unit': 's', 'x_type': 'Time', 'y': [-1.9979372024536133], 'y_unit': 'V', 'y_type': 'Potential'} 

2024-06-17 13:44:23,515 - INFO -run_logger.palmsens_driver 
 	 Data received: {'index': 78, 'x': [19.25], 'x_unit': 's', 'x_type': 'Time', 'y': [-1.9980154037475586], 'y_unit': 'V', 'y_type': 'Potential'} 

2024-06-17 13:44:23,752 - INFO -run_logger.palmsens_driver 
 	 Data received: {'index': 79, 'x': [19.5], 'x_unit': 's', 'x_type': 'Time', 'y': [-1.9979372024536133], 'y_unit': 'V', 'y_type': 'Potential'} 

2024-06-17 13:44:24,029 - INFO -run_logger.palmsens_driver 
 	 Data received: {'index': 80, 'x': [19.75], 'x_unit': 's', 'x_type': 'Time', 'y': [-1.9979372024536133], 'y_unit': 'V', 'y_type': 'Potential'} 

2024-06-17 13:44:24,262 - INFO -run_logger.palmsens_driver 
 	 Data received: {'index': 81, 'x': [20.0], 'x_unit': 's', 'x_type': 'Time', 'y': [-1.9980154037475586], 'y_unit': 'V', 'y_type': 'Potential'} 

2024-06-17 13:44:24,495 - INFO -run_logger.palmsens_driver 
 	 Data received: {'index': 82, 'x': [20.25], 'x_unit': 's', 'x_type': 'Time', 'y': [-1.9979372024536133], 'y_unit': 'V', 'y_type': 'Potential'} 

2024-06-17 13:44:24,775 - INFO -run_logger.palmsens_driver 
 	 Data received: {'index': 83, 'x': [20.5], 'x_unit': 's', 'x_type': 'Time', 'y': [-1.9980154037475586], 'y_unit': 'V', 'y_type': 'Potential'} 

2024-06-17 13:44:25,025 - INFO -run_logger.palmsens_driver 
 	 Data received: {'index': 84, 'x': [20.75], 'x_unit': 's', 'x_type': 'Time', 'y': [-1.9980154037475586], 'y_unit': 'V', 'y_type': 'Potential'} 

2024-06-17 13:44:25,277 - INFO -run_logger.palmsens_driver 
 	 Data received: {'index': 85, 'x': [21.0], 'x_unit': 's', 'x_type': 'Time', 'y': [-1.9980154037475586], 'y_unit': 'V', 'y_type': 'Potential'} 

2024-06-17 13:44:25,511 - INFO -run_logger.palmsens_driver 
 	 Data received: {'index': 86, 'x': [21.25], 'x_unit': 's', 'x_type': 'Time', 'y': [-1.998093605041504], 'y_unit': 'V', 'y_type': 'Potential'} 

2024-06-17 13:44:25,746 - INFO -run_logger.palmsens_driver 
 	 Data received: {'index': 87, 'x': [21.5], 'x_unit': 's', 'x_type': 'Time', 'y': [-1.9980154037475586], 'y_unit': 'V', 'y_type': 'Potential'} 

2024-06-17 13:44:26,029 - INFO -run_logger.palmsens_driver 
 	 Data received: {'index': 88, 'x': [21.75], 'x_unit': 's', 'x_type': 'Time', 'y': [-1.9980154037475586], 'y_unit': 'V', 'y_type': 'Potential'} 

2024-06-17 13:44:26,263 - INFO -run_logger.palmsens_driver 
 	 Data received: {'index': 89, 'x': [22.0], 'x_unit': 's', 'x_type': 'Time', 'y': [-1.9981718063354492], 'y_unit': 'V', 'y_type': 'Potential'} 

2024-06-17 13:44:26,499 - INFO -run_logger.palmsens_driver 
 	 Data received: {'index': 90, 'x': [22.25], 'x_unit': 's', 'x_type': 'Time', 'y': [-1.998093605041504], 'y_unit': 'V', 'y_type': 'Potential'} 

2024-06-17 13:44:26,734 - INFO -run_logger.palmsens_driver 
 	 Data received: {'index': 91, 'x': [22.5], 'x_unit': 's', 'x_type': 'Time', 'y': [-1.9981718063354492], 'y_unit': 'V', 'y_type': 'Potential'} 

2024-06-17 13:44:27,015 - INFO -run_logger.palmsens_driver 
 	 Data received: {'index': 92, 'x': [22.75], 'x_unit': 's', 'x_type': 'Time', 'y': [-1.998093605041504], 'y_unit': 'V', 'y_type': 'Potential'} 

2024-06-17 13:44:27,249 - INFO -run_logger.palmsens_driver 
 	 Data received: {'index': 93, 'x': [23.0], 'x_unit': 's', 'x_type': 'Time', 'y': [-1.9981718063354492], 'y_unit': 'V', 'y_type': 'Potential'} 

2024-06-17 13:44:27,529 - INFO -run_logger.palmsens_driver 
 	 Data received: {'index': 94, 'x': [23.25], 'x_unit': 's', 'x_type': 'Time', 'y': [-1.9982500076293945], 'y_unit': 'V', 'y_type': 'Potential'} 

2024-06-17 13:44:27,763 - INFO -run_logger.palmsens_driver 
 	 Data received: {'index': 95, 'x': [23.5], 'x_unit': 's', 'x_type': 'Time', 'y': [-1.9981718063354492], 'y_unit': 'V', 'y_type': 'Potential'} 

2024-06-17 13:44:27,994 - INFO -run_logger.palmsens_driver 
 	 Data received: {'index': 96, 'x': [23.75], 'x_unit': 's', 'x_type': 'Time', 'y': [-1.9981718063354492], 'y_unit': 'V', 'y_type': 'Potential'} 

2024-06-17 13:44:28,243 - INFO -run_logger.palmsens_driver 
 	 Data received: {'index': 97, 'x': [24.0], 'x_unit': 's', 'x_type': 'Time', 'y': [-1.9981718063354492], 'y_unit': 'V', 'y_type': 'Potential'} 

2024-06-17 13:44:28,517 - INFO -run_logger.palmsens_driver 
 	 Data received: {'index': 98, 'x': [24.25], 'x_unit': 's', 'x_type': 'Time', 'y': [-1.9981718063354492], 'y_unit': 'V', 'y_type': 'Potential'} 

2024-06-17 13:44:28,755 - INFO -run_logger.palmsens_driver 
 	 Data received: {'index': 99, 'x': [24.5], 'x_unit': 's', 'x_type': 'Time', 'y': [-1.9982500076293945], 'y_unit': 'V', 'y_type': 'Potential'} 

2024-06-17 13:44:28,988 - INFO -run_logger.palmsens_driver 
 	 Data received: {'index': 100, 'x': [24.75], 'x_unit': 's', 'x_type': 'Time', 'y': [-1.9981718063354492], 'y_unit': 'V', 'y_type': 'Potential'} 

2024-06-17 13:44:29,267 - INFO -run_logger.palmsens_driver 
 	 Data received: {'index': 101, 'x': [25.0], 'x_unit': 's', 'x_type': 'Time', 'y': [-1.9982500076293945], 'y_unit': 'V', 'y_type': 'Potential'} 

2024-06-17 13:44:29,502 - INFO -run_logger.palmsens_driver 
 	 Data received: {'index': 102, 'x': [25.25], 'x_unit': 's', 'x_type': 'Time', 'y': [-1.9983282089233398], 'y_unit': 'V', 'y_type': 'Potential'} 

2024-06-17 13:44:29,736 - INFO -run_logger.palmsens_driver 
 	 Data received: {'index': 103, 'x': [25.5], 'x_unit': 's', 'x_type': 'Time', 'y': [-1.9982500076293945], 'y_unit': 'V', 'y_type': 'Potential'} 

2024-06-17 13:44:30,013 - INFO -run_logger.palmsens_driver 
 	 Data received: {'index': 104, 'x': [25.75], 'x_unit': 's', 'x_type': 'Time', 'y': [-1.9983282089233398], 'y_unit': 'V', 'y_type': 'Potential'} 

2024-06-17 13:44:30,247 - INFO -run_logger.palmsens_driver 
 	 Data received: {'index': 105, 'x': [26.0], 'x_unit': 's', 'x_type': 'Time', 'y': [-1.9982500076293945], 'y_unit': 'V', 'y_type': 'Potential'} 

2024-06-17 13:44:30,482 - INFO -run_logger.palmsens_driver 
 	 Data received: {'index': 106, 'x': [26.25], 'x_unit': 's', 'x_type': 'Time', 'y': [-1.9983282089233398], 'y_unit': 'V', 'y_type': 'Potential'} 

2024-06-17 13:44:30,764 - INFO -run_logger.palmsens_driver 
 	 Data received: {'index': 107, 'x': [26.5], 'x_unit': 's', 'x_type': 'Time', 'y': [-1.9983282089233398], 'y_unit': 'V', 'y_type': 'Potential'} 

2024-06-17 13:44:30,996 - INFO -run_logger.palmsens_driver 
 	 Data received: {'index': 108, 'x': [26.75], 'x_unit': 's', 'x_type': 'Time', 'y': [-1.9982500076293945], 'y_unit': 'V', 'y_type': 'Potential'} 

2024-06-17 13:44:31,275 - INFO -run_logger.palmsens_driver 
 	 Data received: {'index': 109, 'x': [27.0], 'x_unit': 's', 'x_type': 'Time', 'y': [-1.9983282089233398], 'y_unit': 'V', 'y_type': 'Potential'} 

2024-06-17 13:44:31,510 - INFO -run_logger.palmsens_driver 
 	 Data received: {'index': 110, 'x': [27.25], 'x_unit': 's', 'x_type': 'Time', 'y': [-1.9982500076293945], 'y_unit': 'V', 'y_type': 'Potential'} 

2024-06-17 13:44:31,744 - INFO -run_logger.palmsens_driver 
 	 Data received: {'index': 111, 'x': [27.5], 'x_unit': 's', 'x_type': 'Time', 'y': [-1.9983282089233398], 'y_unit': 'V', 'y_type': 'Potential'} 

2024-06-17 13:44:32,027 - INFO -run_logger.palmsens_driver 
 	 Data received: {'index': 112, 'x': [27.75], 'x_unit': 's', 'x_type': 'Time', 'y': [-1.9982500076293945], 'y_unit': 'V', 'y_type': 'Potential'} 

2024-06-17 13:44:32,272 - INFO -run_logger.palmsens_driver 
 	 Data received: {'index': 113, 'x': [28.0], 'x_unit': 's', 'x_type': 'Time', 'y': [-1.9981718063354492], 'y_unit': 'V', 'y_type': 'Potential'} 

2024-06-17 13:44:32,505 - INFO -run_logger.palmsens_driver 
 	 Data received: {'index': 114, 'x': [28.25], 'x_unit': 's', 'x_type': 'Time', 'y': [-1.998093605041504], 'y_unit': 'V', 'y_type': 'Potential'} 

2024-06-17 13:44:32,742 - INFO -run_logger.palmsens_driver 
 	 Data received: {'index': 115, 'x': [28.5], 'x_unit': 's', 'x_type': 'Time', 'y': [-1.9981718063354492], 'y_unit': 'V', 'y_type': 'Potential'} 

2024-06-17 13:44:33,024 - INFO -run_logger.palmsens_driver 
 	 Data received: {'index': 116, 'x': [28.75], 'x_unit': 's', 'x_type': 'Time', 'y': [-1.9981718063354492], 'y_unit': 'V', 'y_type': 'Potential'} 

2024-06-17 13:44:33,258 - INFO -run_logger.palmsens_driver 
 	 Data received: {'index': 117, 'x': [29.0], 'x_unit': 's', 'x_type': 'Time', 'y': [-1.9982500076293945], 'y_unit': 'V', 'y_type': 'Potential'} 

2024-06-17 13:44:33,492 - INFO -run_logger.palmsens_driver 
 	 Data received: {'index': 118, 'x': [29.25], 'x_unit': 's', 'x_type': 'Time', 'y': [-1.998093605041504], 'y_unit': 'V', 'y_type': 'Potential'} 

2024-06-17 13:44:33,769 - INFO -run_logger.palmsens_driver 
 	 Data received: {'index': 119, 'x': [29.5], 'x_unit': 's', 'x_type': 'Time', 'y': [-1.9982500076293945], 'y_unit': 'V', 'y_type': 'Potential'} 

2024-06-17 13:44:34,006 - INFO -run_logger.palmsens_driver 
 	 Data received: {'index': 120, 'x': [29.75], 'x_unit': 's', 'x_type': 'Time', 'y': [-1.9981718063354492], 'y_unit': 'V', 'y_type': 'Potential'} 

2024-06-17 13:44:34,239 - INFO -run_logger.palmsens_driver 
 	 Data received: {'index': 121, 'x': [30.0], 'x_unit': 's', 'x_type': 'Time', 'y': [-1.9982500076293945], 'y_unit': 'V', 'y_type': 'Potential'} 

2024-06-17 13:44:34,519 - INFO -run_logger.palmsens_driver 
 	 Data received: {'index': 122, 'x': [30.25], 'x_unit': 's', 'x_type': 'Time', 'y': [-1.9983282089233398], 'y_unit': 'V', 'y_type': 'Potential'} 

2024-06-17 13:44:34,753 - INFO -run_logger.palmsens_driver 
 	 Data received: {'index': 123, 'x': [30.5], 'x_unit': 's', 'x_type': 'Time', 'y': [-1.9983282089233398], 'y_unit': 'V', 'y_type': 'Potential'} 

2024-06-17 13:44:34,985 - INFO -run_logger.palmsens_driver 
 	 Data received: {'index': 124, 'x': [30.75], 'x_unit': 's', 'x_type': 'Time', 'y': [-1.9984064102172852], 'y_unit': 'V', 'y_type': 'Potential'} 

2024-06-17 13:44:35,268 - INFO -run_logger.palmsens_driver 
 	 Data received: {'index': 125, 'x': [31.0], 'x_unit': 's', 'x_type': 'Time', 'y': [-1.9984064102172852], 'y_unit': 'V', 'y_type': 'Potential'} 

2024-06-17 13:44:35,501 - INFO -run_logger.palmsens_driver 
 	 Data received: {'index': 126, 'x': [31.25], 'x_unit': 's', 'x_type': 'Time', 'y': [-1.9984064102172852], 'y_unit': 'V', 'y_type': 'Potential'} 

2024-06-17 13:44:35,735 - INFO -run_logger.palmsens_driver 
 	 Data received: {'index': 127, 'x': [31.5], 'x_unit': 's', 'x_type': 'Time', 'y': [-1.998483657836914], 'y_unit': 'V', 'y_type': 'Potential'} 

2024-06-17 13:44:36,012 - INFO -run_logger.palmsens_driver 
 	 Data received: {'index': 128, 'x': [31.75], 'x_unit': 's', 'x_type': 'Time', 'y': [-1.9984064102172852], 'y_unit': 'V', 'y_type': 'Potential'} 

2024-06-17 13:44:36,246 - INFO -run_logger.palmsens_driver 
 	 Data received: {'index': 129, 'x': [32.0], 'x_unit': 's', 'x_type': 'Time', 'y': [-1.9984064102172852], 'y_unit': 'V', 'y_type': 'Potential'} 

2024-06-17 13:44:36,527 - INFO -run_logger.palmsens_driver 
 	 Data received: {'index': 130, 'x': [32.25], 'x_unit': 's', 'x_type': 'Time', 'y': [-1.998483657836914], 'y_unit': 'V', 'y_type': 'Potential'} 

2024-06-17 13:44:36,760 - INFO -run_logger.palmsens_driver 
 	 Data received: {'index': 131, 'x': [32.5], 'x_unit': 's', 'x_type': 'Time', 'y': [-1.9984064102172852], 'y_unit': 'V', 'y_type': 'Potential'} 

2024-06-17 13:44:36,996 - INFO -run_logger.palmsens_driver 
 	 Data received: {'index': 132, 'x': [32.75], 'x_unit': 's', 'x_type': 'Time', 'y': [-1.998483657836914], 'y_unit': 'V', 'y_type': 'Potential'} 

2024-06-17 13:44:37,276 - INFO -run_logger.palmsens_driver 
 	 Data received: {'index': 133, 'x': [33.0], 'x_unit': 's', 'x_type': 'Time', 'y': [-1.9984064102172852], 'y_unit': 'V', 'y_type': 'Potential'} 

2024-06-17 13:44:37,525 - INFO -run_logger.palmsens_driver 
 	 Data received: {'index': 134, 'x': [33.25], 'x_unit': 's', 'x_type': 'Time', 'y': [-1.9984064102172852], 'y_unit': 'V', 'y_type': 'Potential'} 

2024-06-17 13:44:37,773 - INFO -run_logger.palmsens_driver 
 	 Data received: {'index': 135, 'x': [33.5], 'x_unit': 's', 'x_type': 'Time', 'y': [-1.998483657836914], 'y_unit': 'V', 'y_type': 'Potential'} 

2024-06-17 13:44:38,009 - INFO -run_logger.palmsens_driver 
 	 Data received: {'index': 136, 'x': [33.75], 'x_unit': 's', 'x_type': 'Time', 'y': [-1.9984064102172852], 'y_unit': 'V', 'y_type': 'Potential'} 

2024-06-17 13:44:38,241 - INFO -run_logger.palmsens_driver 
 	 Data received: {'index': 137, 'x': [34.0], 'x_unit': 's', 'x_type': 'Time', 'y': [-1.998483657836914], 'y_unit': 'V', 'y_type': 'Potential'} 

2024-06-17 13:44:38,522 - INFO -run_logger.palmsens_driver 
 	 Data received: {'index': 138, 'x': [34.25], 'x_unit': 's', 'x_type': 'Time', 'y': [-1.9984064102172852], 'y_unit': 'V', 'y_type': 'Potential'} 

2024-06-17 13:44:38,759 - INFO -run_logger.palmsens_driver 
 	 Data received: {'index': 139, 'x': [34.5], 'x_unit': 's', 'x_type': 'Time', 'y': [-1.9984064102172852], 'y_unit': 'V', 'y_type': 'Potential'} 

2024-06-17 13:44:38,988 - INFO -run_logger.palmsens_driver 
 	 Data received: {'index': 140, 'x': [34.75], 'x_unit': 's', 'x_type': 'Time', 'y': [-1.998483657836914], 'y_unit': 'V', 'y_type': 'Potential'} 

2024-06-17 13:44:39,259 - INFO -run_logger.palmsens_driver 
 	 Data received: {'index': 141, 'x': [35.0], 'x_unit': 's', 'x_type': 'Time', 'y': [-1.9984064102172852], 'y_unit': 'V', 'y_type': 'Potential'} 

2024-06-17 13:44:39,511 - INFO -run_logger.palmsens_driver 
 	 Data received: {'index': 142, 'x': [35.25], 'x_unit': 's', 'x_type': 'Time', 'y': [-1.998483657836914], 'y_unit': 'V', 'y_type': 'Potential'} 

2024-06-17 13:44:39,744 - INFO -run_logger.palmsens_driver 
 	 Data received: {'index': 143, 'x': [35.5], 'x_unit': 's', 'x_type': 'Time', 'y': [-1.998483657836914], 'y_unit': 'V', 'y_type': 'Potential'} 

2024-06-17 13:44:39,991 - INFO -run_logger.palmsens_driver 
 	 Data received: {'index': 144, 'x': [35.75], 'x_unit': 's', 'x_type': 'Time', 'y': [-1.9984064102172852], 'y_unit': 'V', 'y_type': 'Potential'} 

2024-06-17 13:44:40,241 - INFO -run_logger.palmsens_driver 
 	 Data received: {'index': 145, 'x': [36.0], 'x_unit': 's', 'x_type': 'Time', 'y': [-1.9985618591308594], 'y_unit': 'V', 'y_type': 'Potential'} 

2024-06-17 13:44:40,509 - INFO -run_logger.palmsens_driver 
 	 Data received: {'index': 146, 'x': [36.25], 'x_unit': 's', 'x_type': 'Time', 'y': [-1.9984064102172852], 'y_unit': 'V', 'y_type': 'Potential'} 

2024-06-17 13:44:40,746 - INFO -run_logger.palmsens_driver 
 	 Data received: {'index': 147, 'x': [36.5], 'x_unit': 's', 'x_type': 'Time', 'y': [-1.9985618591308594], 'y_unit': 'V', 'y_type': 'Potential'} 

2024-06-17 13:44:40,988 - INFO -run_logger.palmsens_driver 
 	 Data received: {'index': 148, 'x': [36.75], 'x_unit': 's', 'x_type': 'Time', 'y': [-1.9985618591308594], 'y_unit': 'V', 'y_type': 'Potential'} 

2024-06-17 13:44:41,260 - INFO -run_logger.palmsens_driver 
 	 Data received: {'index': 149, 'x': [37.0], 'x_unit': 's', 'x_type': 'Time', 'y': [-1.9985618591308594], 'y_unit': 'V', 'y_type': 'Potential'} 

2024-06-17 13:44:41,505 - INFO -run_logger.palmsens_driver 
 	 Data received: {'index': 150, 'x': [37.25], 'x_unit': 's', 'x_type': 'Time', 'y': [-1.9984064102172852], 'y_unit': 'V', 'y_type': 'Potential'} 

2024-06-17 13:44:41,775 - INFO -run_logger.palmsens_driver 
 	 Data received: {'index': 151, 'x': [37.5], 'x_unit': 's', 'x_type': 'Time', 'y': [-1.9986400604248047], 'y_unit': 'V', 'y_type': 'Potential'} 

2024-06-17 13:44:42,017 - INFO -run_logger.palmsens_driver 
 	 Data received: {'index': 152, 'x': [37.75], 'x_unit': 's', 'x_type': 'Time', 'y': [-1.9986400604248047], 'y_unit': 'V', 'y_type': 'Potential'} 

2024-06-17 13:44:42,255 - INFO -run_logger.palmsens_driver 
 	 Data received: {'index': 153, 'x': [38.0], 'x_unit': 's', 'x_type': 'Time', 'y': [-1.9985618591308594], 'y_unit': 'V', 'y_type': 'Potential'} 

2024-06-17 13:44:42,509 - INFO -run_logger.palmsens_driver 
 	 Data received: {'index': 154, 'x': [38.25], 'x_unit': 's', 'x_type': 'Time', 'y': [-1.9985618591308594], 'y_unit': 'V', 'y_type': 'Potential'} 

2024-06-17 13:44:42,775 - INFO -run_logger.palmsens_driver 
 	 Data received: {'index': 155, 'x': [38.5], 'x_unit': 's', 'x_type': 'Time', 'y': [-1.99871826171875], 'y_unit': 'V', 'y_type': 'Potential'} 

2024-06-17 13:44:42,985 - INFO -run_logger.palmsens_driver 
 	 Data received: {'index': 156, 'x': [38.75], 'x_unit': 's', 'x_type': 'Time', 'y': [-1.9986400604248047], 'y_unit': 'V', 'y_type': 'Potential'} 

2024-06-17 13:44:43,265 - INFO -run_logger.palmsens_driver 
 	 Data received: {'index': 157, 'x': [39.0], 'x_unit': 's', 'x_type': 'Time', 'y': [-1.99871826171875], 'y_unit': 'V', 'y_type': 'Potential'} 

2024-06-17 13:44:43,507 - INFO -run_logger.palmsens_driver 
 	 Data received: {'index': 158, 'x': [39.25], 'x_unit': 's', 'x_type': 'Time', 'y': [-1.9987964630126953], 'y_unit': 'V', 'y_type': 'Potential'} 

2024-06-17 13:44:43,737 - INFO -run_logger.palmsens_driver 
 	 Data received: {'index': 159, 'x': [39.5], 'x_unit': 's', 'x_type': 'Time', 'y': [-1.99871826171875], 'y_unit': 'V', 'y_type': 'Potential'} 

2024-06-17 13:44:44,010 - INFO -run_logger.palmsens_driver 
 	 Data received: {'index': 160, 'x': [39.75], 'x_unit': 's', 'x_type': 'Time', 'y': [-1.9987964630126953], 'y_unit': 'V', 'y_type': 'Potential'} 

2024-06-17 13:44:44,251 - INFO -run_logger.palmsens_driver 
 	 Data received: {'index': 161, 'x': [40.0], 'x_unit': 's', 'x_type': 'Time', 'y': [-1.9987964630126953], 'y_unit': 'V', 'y_type': 'Potential'} 

2024-06-17 13:44:44,491 - INFO -run_logger.palmsens_driver 
 	 Data received: {'index': 162, 'x': [40.25], 'x_unit': 's', 'x_type': 'Time', 'y': [-1.9987964630126953], 'y_unit': 'V', 'y_type': 'Potential'} 

2024-06-17 13:44:44,763 - INFO -run_logger.palmsens_driver 
 	 Data received: {'index': 163, 'x': [40.5], 'x_unit': 's', 'x_type': 'Time', 'y': [-1.9988746643066406], 'y_unit': 'V', 'y_type': 'Potential'} 

2024-06-17 13:44:45,030 - INFO -run_logger.palmsens_driver 
 	 Data received: {'index': 164, 'x': [40.75], 'x_unit': 's', 'x_type': 'Time', 'y': [-1.9987964630126953], 'y_unit': 'V', 'y_type': 'Potential'} 

2024-06-17 13:44:45,260 - INFO -run_logger.palmsens_driver 
 	 Data received: {'index': 165, 'x': [41.0], 'x_unit': 's', 'x_type': 'Time', 'y': [-1.9988746643066406], 'y_unit': 'V', 'y_type': 'Potential'} 

2024-06-17 13:44:45,492 - INFO -run_logger.palmsens_driver 
 	 Data received: {'index': 166, 'x': [41.25], 'x_unit': 's', 'x_type': 'Time', 'y': [-1.9988746643066406], 'y_unit': 'V', 'y_type': 'Potential'} 

2024-06-17 13:44:45,760 - INFO -run_logger.palmsens_driver 
 	 Data received: {'index': 167, 'x': [41.5], 'x_unit': 's', 'x_type': 'Time', 'y': [-1.9987964630126953], 'y_unit': 'V', 'y_type': 'Potential'} 

2024-06-17 13:44:45,988 - INFO -run_logger.palmsens_driver 
 	 Data received: {'index': 168, 'x': [41.75], 'x_unit': 's', 'x_type': 'Time', 'y': [-1.9987964630126953], 'y_unit': 'V', 'y_type': 'Potential'} 

2024-06-17 13:44:46,259 - INFO -run_logger.palmsens_driver 
 	 Data received: {'index': 169, 'x': [42.0], 'x_unit': 's', 'x_type': 'Time', 'y': [-1.99871826171875], 'y_unit': 'V', 'y_type': 'Potential'} 

2024-06-17 13:44:46,489 - INFO -run_logger.palmsens_driver 
 	 Data received: {'index': 170, 'x': [42.25], 'x_unit': 's', 'x_type': 'Time', 'y': [-1.9987964630126953], 'y_unit': 'V', 'y_type': 'Potential'} 

2024-06-17 13:44:46,759 - INFO -run_logger.palmsens_driver 
 	 Data received: {'index': 171, 'x': [42.5], 'x_unit': 's', 'x_type': 'Time', 'y': [-1.99871826171875], 'y_unit': 'V', 'y_type': 'Potential'} 

2024-06-17 13:44:46,982 - INFO -run_logger.palmsens_driver 
 	 Data received: {'index': 172, 'x': [42.75], 'x_unit': 's', 'x_type': 'Time', 'y': [-1.99871826171875], 'y_unit': 'V', 'y_type': 'Potential'} 

2024-06-17 13:44:47,264 - INFO -run_logger.palmsens_driver 
 	 Data received: {'index': 173, 'x': [43.0], 'x_unit': 's', 'x_type': 'Time', 'y': [-1.9987964630126953], 'y_unit': 'V', 'y_type': 'Potential'} 

2024-06-17 13:44:47,497 - INFO -run_logger.palmsens_driver 
 	 Data received: {'index': 174, 'x': [43.25], 'x_unit': 's', 'x_type': 'Time', 'y': [-1.9986400604248047], 'y_unit': 'V', 'y_type': 'Potential'} 

2024-06-17 13:44:47,776 - INFO -run_logger.palmsens_driver 
 	 Data received: {'index': 175, 'x': [43.5], 'x_unit': 's', 'x_type': 'Time', 'y': [-1.9986400604248047], 'y_unit': 'V', 'y_type': 'Potential'} 

2024-06-17 13:44:48,009 - INFO -run_logger.palmsens_driver 
 	 Data received: {'index': 176, 'x': [43.75], 'x_unit': 's', 'x_type': 'Time', 'y': [-1.9986400604248047], 'y_unit': 'V', 'y_type': 'Potential'} 

2024-06-17 13:44:48,242 - INFO -run_logger.palmsens_driver 
 	 Data received: {'index': 177, 'x': [44.0], 'x_unit': 's', 'x_type': 'Time', 'y': [-1.9985618591308594], 'y_unit': 'V', 'y_type': 'Potential'} 

2024-06-17 13:44:48,490 - INFO -run_logger.palmsens_driver 
 	 Data received: {'index': 178, 'x': [44.25], 'x_unit': 's', 'x_type': 'Time', 'y': [-1.9986400604248047], 'y_unit': 'V', 'y_type': 'Potential'} 

2024-06-17 13:44:48,774 - INFO -run_logger.palmsens_driver 
 	 Data received: {'index': 179, 'x': [44.5], 'x_unit': 's', 'x_type': 'Time', 'y': [-1.998483657836914], 'y_unit': 'V', 'y_type': 'Potential'} 

2024-06-17 13:44:49,017 - INFO -run_logger.palmsens_driver 
 	 Data received: {'index': 180, 'x': [44.75], 'x_unit': 's', 'x_type': 'Time', 'y': [-1.9984064102172852], 'y_unit': 'V', 'y_type': 'Potential'} 

2024-06-17 13:44:49,242 - INFO -run_logger.palmsens_driver 
 	 Data received: {'index': 181, 'x': [45.0], 'x_unit': 's', 'x_type': 'Time', 'y': [-1.998483657836914], 'y_unit': 'V', 'y_type': 'Potential'} 

2024-06-17 13:44:49,492 - INFO -run_logger.palmsens_driver 
 	 Data received: {'index': 182, 'x': [45.25], 'x_unit': 's', 'x_type': 'Time', 'y': [-1.9984064102172852], 'y_unit': 'V', 'y_type': 'Potential'} 

2024-06-17 13:44:49,736 - INFO -run_logger.palmsens_driver 
 	 Data received: {'index': 183, 'x': [45.5], 'x_unit': 's', 'x_type': 'Time', 'y': [-1.998483657836914], 'y_unit': 'V', 'y_type': 'Potential'} 

2024-06-17 13:44:50,015 - INFO -run_logger.palmsens_driver 
 	 Data received: {'index': 184, 'x': [45.75], 'x_unit': 's', 'x_type': 'Time', 'y': [-1.998483657836914], 'y_unit': 'V', 'y_type': 'Potential'} 

2024-06-17 13:44:50,255 - INFO -run_logger.palmsens_driver 
 	 Data received: {'index': 185, 'x': [46.0], 'x_unit': 's', 'x_type': 'Time', 'y': [-1.9984064102172852], 'y_unit': 'V', 'y_type': 'Potential'} 

2024-06-17 13:44:50,491 - INFO -run_logger.palmsens_driver 
 	 Data received: {'index': 186, 'x': [46.25], 'x_unit': 's', 'x_type': 'Time', 'y': [-1.998483657836914], 'y_unit': 'V', 'y_type': 'Potential'} 

2024-06-17 13:44:50,772 - INFO -run_logger.palmsens_driver 
 	 Data received: {'index': 187, 'x': [46.5], 'x_unit': 's', 'x_type': 'Time', 'y': [-1.9985618591308594], 'y_unit': 'V', 'y_type': 'Potential'} 

2024-06-17 13:44:51,011 - INFO -run_logger.palmsens_driver 
 	 Data received: {'index': 188, 'x': [46.75], 'x_unit': 's', 'x_type': 'Time', 'y': [-1.9977025985717773], 'y_unit': 'V', 'y_type': 'Potential'} 

2024-06-17 13:44:51,264 - INFO -run_logger.palmsens_driver 
 	 Data received: {'index': 189, 'x': [47.0], 'x_unit': 's', 'x_type': 'Time', 'y': [-1.9983282089233398], 'y_unit': 'V', 'y_type': 'Potential'} 

2024-06-17 13:44:51,492 - INFO -run_logger.palmsens_driver 
 	 Data received: {'index': 190, 'x': [47.25], 'x_unit': 's', 'x_type': 'Time', 'y': [-1.9985618591308594], 'y_unit': 'V', 'y_type': 'Potential'} 

2024-06-17 13:44:51,773 - INFO -run_logger.palmsens_driver 
 	 Data received: {'index': 191, 'x': [47.5], 'x_unit': 's', 'x_type': 'Time', 'y': [-1.998483657836914], 'y_unit': 'V', 'y_type': 'Potential'} 

2024-06-17 13:44:52,004 - INFO -run_logger.palmsens_driver 
 	 Data received: {'index': 192, 'x': [47.75], 'x_unit': 's', 'x_type': 'Time', 'y': [-1.9987964630126953], 'y_unit': 'V', 'y_type': 'Potential'} 

2024-06-17 13:44:52,234 - INFO -run_logger.palmsens_driver 
 	 Data received: {'index': 193, 'x': [48.0], 'x_unit': 's', 'x_type': 'Time', 'y': [-1.99871826171875], 'y_unit': 'V', 'y_type': 'Potential'} 

2024-06-17 13:44:52,519 - INFO -run_logger.palmsens_driver 
 	 Data received: {'index': 194, 'x': [48.25], 'x_unit': 's', 'x_type': 'Time', 'y': [-1.9987964630126953], 'y_unit': 'V', 'y_type': 'Potential'} 

2024-06-17 13:44:52,756 - INFO -run_logger.palmsens_driver 
 	 Data received: {'index': 195, 'x': [48.5], 'x_unit': 's', 'x_type': 'Time', 'y': [-1.99871826171875], 'y_unit': 'V', 'y_type': 'Potential'} 

2024-06-17 13:44:53,026 - INFO -run_logger.palmsens_driver 
 	 Data received: {'index': 196, 'x': [48.75], 'x_unit': 's', 'x_type': 'Time', 'y': [-1.9988746643066406], 'y_unit': 'V', 'y_type': 'Potential'} 

2024-06-17 13:44:53,261 - INFO -run_logger.palmsens_driver 
 	 Data received: {'index': 197, 'x': [49.0], 'x_unit': 's', 'x_type': 'Time', 'y': [-1.99871826171875], 'y_unit': 'V', 'y_type': 'Potential'} 

2024-06-17 13:44:53,496 - INFO -run_logger.palmsens_driver 
 	 Data received: {'index': 198, 'x': [49.25], 'x_unit': 's', 'x_type': 'Time', 'y': [-1.99871826171875], 'y_unit': 'V', 'y_type': 'Potential'} 

2024-06-17 13:44:53,740 - INFO -run_logger.palmsens_driver 
 	 Data received: {'index': 199, 'x': [49.5], 'x_unit': 's', 'x_type': 'Time', 'y': [-1.9987964630126953], 'y_unit': 'V', 'y_type': 'Potential'} 

2024-06-17 13:44:54,012 - INFO -run_logger.palmsens_driver 
 	 Data received: {'index': 200, 'x': [49.75], 'x_unit': 's', 'x_type': 'Time', 'y': [-1.99871826171875], 'y_unit': 'V', 'y_type': 'Potential'} 

2024-06-17 13:44:54,257 - INFO -run_logger.palmsens_driver 
 	 Data received: {'index': 201, 'x': [50.0], 'x_unit': 's', 'x_type': 'Time', 'y': [-1.99871826171875], 'y_unit': 'V', 'y_type': 'Potential'} 

2024-06-17 13:44:54,485 - INFO -run_logger.palmsens_driver 
 	 Data received: {'index': 202, 'x': [50.25], 'x_unit': 's', 'x_type': 'Time', 'y': [-1.9986400604248047], 'y_unit': 'V', 'y_type': 'Potential'} 

2024-06-17 13:44:54,758 - INFO -run_logger.palmsens_driver 
 	 Data received: {'index': 203, 'x': [50.5], 'x_unit': 's', 'x_type': 'Time', 'y': [-1.9986400604248047], 'y_unit': 'V', 'y_type': 'Potential'} 

2024-06-17 13:44:54,998 - INFO -run_logger.palmsens_driver 
 	 Data received: {'index': 204, 'x': [50.75], 'x_unit': 's', 'x_type': 'Time', 'y': [-1.99871826171875], 'y_unit': 'V', 'y_type': 'Potential'} 

2024-06-17 13:44:55,259 - INFO -run_logger.palmsens_driver 
 	 Data received: {'index': 205, 'x': [51.0], 'x_unit': 's', 'x_type': 'Time', 'y': [-1.9986400604248047], 'y_unit': 'V', 'y_type': 'Potential'} 

2024-06-17 13:44:55,494 - INFO -run_logger.palmsens_driver 
 	 Data received: {'index': 206, 'x': [51.25], 'x_unit': 's', 'x_type': 'Time', 'y': [-1.99871826171875], 'y_unit': 'V', 'y_type': 'Potential'} 

2024-06-17 13:44:55,731 - INFO -run_logger.palmsens_driver 
 	 Data received: {'index': 207, 'x': [51.5], 'x_unit': 's', 'x_type': 'Time', 'y': [-1.99871826171875], 'y_unit': 'V', 'y_type': 'Potential'} 

2024-06-17 13:44:56,012 - INFO -run_logger.palmsens_driver 
 	 Data received: {'index': 208, 'x': [51.75], 'x_unit': 's', 'x_type': 'Time', 'y': [-1.9986400604248047], 'y_unit': 'V', 'y_type': 'Potential'} 

2024-06-17 13:44:56,245 - INFO -run_logger.palmsens_driver 
 	 Data received: {'index': 209, 'x': [52.0], 'x_unit': 's', 'x_type': 'Time', 'y': [-1.99871826171875], 'y_unit': 'V', 'y_type': 'Potential'} 

2024-06-17 13:44:56,528 - INFO -run_logger.palmsens_driver 
 	 Data received: {'index': 210, 'x': [52.25], 'x_unit': 's', 'x_type': 'Time', 'y': [-1.99871826171875], 'y_unit': 'V', 'y_type': 'Potential'} 

2024-06-17 13:44:56,765 - INFO -run_logger.palmsens_driver 
 	 Data received: {'index': 211, 'x': [52.5], 'x_unit': 's', 'x_type': 'Time', 'y': [-1.99871826171875], 'y_unit': 'V', 'y_type': 'Potential'} 

2024-06-17 13:44:57,000 - INFO -run_logger.palmsens_driver 
 	 Data received: {'index': 212, 'x': [52.75], 'x_unit': 's', 'x_type': 'Time', 'y': [-1.9987964630126953], 'y_unit': 'V', 'y_type': 'Potential'} 

2024-06-17 13:44:57,234 - INFO -run_logger.palmsens_driver 
 	 Data received: {'index': 213, 'x': [53.0], 'x_unit': 's', 'x_type': 'Time', 'y': [-1.99871826171875], 'y_unit': 'V', 'y_type': 'Potential'} 

2024-06-17 13:44:57,515 - INFO -run_logger.palmsens_driver 
 	 Data received: {'index': 214, 'x': [53.25], 'x_unit': 's', 'x_type': 'Time', 'y': [-1.9987964630126953], 'y_unit': 'V', 'y_type': 'Potential'} 

2024-06-17 13:44:57,750 - INFO -run_logger.palmsens_driver 
 	 Data received: {'index': 215, 'x': [53.5], 'x_unit': 's', 'x_type': 'Time', 'y': [-1.9986400604248047], 'y_unit': 'V', 'y_type': 'Potential'} 

2024-06-17 13:44:57,984 - INFO -run_logger.palmsens_driver 
 	 Data received: {'index': 216, 'x': [53.75], 'x_unit': 's', 'x_type': 'Time', 'y': [-1.9986400604248047], 'y_unit': 'V', 'y_type': 'Potential'} 

2024-06-17 13:44:58,264 - INFO -run_logger.palmsens_driver 
 	 Data received: {'index': 217, 'x': [54.0], 'x_unit': 's', 'x_type': 'Time', 'y': [-1.99871826171875], 'y_unit': 'V', 'y_type': 'Potential'} 

2024-06-17 13:44:58,501 - INFO -run_logger.palmsens_driver 
 	 Data received: {'index': 218, 'x': [54.25], 'x_unit': 's', 'x_type': 'Time', 'y': [-1.9986400604248047], 'y_unit': 'V', 'y_type': 'Potential'} 

2024-06-17 13:44:58,742 - INFO -run_logger.palmsens_driver 
 	 Data received: {'index': 219, 'x': [54.5], 'x_unit': 's', 'x_type': 'Time', 'y': [-1.99871826171875], 'y_unit': 'V', 'y_type': 'Potential'} 

2024-06-17 13:44:59,017 - INFO -run_logger.palmsens_driver 
 	 Data received: {'index': 220, 'x': [54.75], 'x_unit': 's', 'x_type': 'Time', 'y': [-1.9986400604248047], 'y_unit': 'V', 'y_type': 'Potential'} 

2024-06-17 13:44:59,256 - INFO -run_logger.palmsens_driver 
 	 Data received: {'index': 221, 'x': [55.0], 'x_unit': 's', 'x_type': 'Time', 'y': [-1.99871826171875], 'y_unit': 'V', 'y_type': 'Potential'} 

2024-06-17 13:44:59,489 - INFO -run_logger.palmsens_driver 
 	 Data received: {'index': 222, 'x': [55.25], 'x_unit': 's', 'x_type': 'Time', 'y': [-1.99871826171875], 'y_unit': 'V', 'y_type': 'Potential'} 

2024-06-17 13:44:59,772 - INFO -run_logger.palmsens_driver 
 	 Data received: {'index': 223, 'x': [55.5], 'x_unit': 's', 'x_type': 'Time', 'y': [-1.9986400604248047], 'y_unit': 'V', 'y_type': 'Potential'} 

2024-06-17 13:45:00,006 - INFO -run_logger.palmsens_driver 
 	 Data received: {'index': 224, 'x': [55.75], 'x_unit': 's', 'x_type': 'Time', 'y': [-1.9986400604248047], 'y_unit': 'V', 'y_type': 'Potential'} 

2024-06-17 13:45:00,233 - INFO -run_logger.palmsens_driver 
 	 Data received: {'index': 225, 'x': [56.0], 'x_unit': 's', 'x_type': 'Time', 'y': [-1.9986400604248047], 'y_unit': 'V', 'y_type': 'Potential'} 

2024-06-17 13:45:00,512 - INFO -run_logger.palmsens_driver 
 	 Data received: {'index': 226, 'x': [56.25], 'x_unit': 's', 'x_type': 'Time', 'y': [-1.9986400604248047], 'y_unit': 'V', 'y_type': 'Potential'} 

2024-06-17 13:45:00,744 - INFO -run_logger.palmsens_driver 
 	 Data received: {'index': 227, 'x': [56.5], 'x_unit': 's', 'x_type': 'Time', 'y': [-1.99871826171875], 'y_unit': 'V', 'y_type': 'Potential'} 

2024-06-17 13:45:01,027 - INFO -run_logger.palmsens_driver 
 	 Data received: {'index': 228, 'x': [56.75], 'x_unit': 's', 'x_type': 'Time', 'y': [-1.9986400604248047], 'y_unit': 'V', 'y_type': 'Potential'} 

2024-06-17 13:45:01,260 - INFO -run_logger.palmsens_driver 
 	 Data received: {'index': 229, 'x': [57.0], 'x_unit': 's', 'x_type': 'Time', 'y': [-1.99871826171875], 'y_unit': 'V', 'y_type': 'Potential'} 

2024-06-17 13:45:01,495 - INFO -run_logger.palmsens_driver 
 	 Data received: {'index': 230, 'x': [57.25], 'x_unit': 's', 'x_type': 'Time', 'y': [-1.99871826171875], 'y_unit': 'V', 'y_type': 'Potential'} 

2024-06-17 13:45:01,742 - INFO -run_logger.palmsens_driver 
 	 Data received: {'index': 231, 'x': [57.5], 'x_unit': 's', 'x_type': 'Time', 'y': [-1.99871826171875], 'y_unit': 'V', 'y_type': 'Potential'} 

2024-06-17 13:45:02,021 - INFO -run_logger.palmsens_driver 
 	 Data received: {'index': 232, 'x': [57.75], 'x_unit': 's', 'x_type': 'Time', 'y': [-1.99871826171875], 'y_unit': 'V', 'y_type': 'Potential'} 

2024-06-17 13:45:02,257 - INFO -run_logger.palmsens_driver 
 	 Data received: {'index': 233, 'x': [58.0], 'x_unit': 's', 'x_type': 'Time', 'y': [-1.99871826171875], 'y_unit': 'V', 'y_type': 'Potential'} 

2024-06-17 13:45:02,489 - INFO -run_logger.palmsens_driver 
 	 Data received: {'index': 234, 'x': [58.25], 'x_unit': 's', 'x_type': 'Time', 'y': [-1.9987964630126953], 'y_unit': 'V', 'y_type': 'Potential'} 

2024-06-17 13:45:02,766 - INFO -run_logger.palmsens_driver 
 	 Data received: {'index': 235, 'x': [58.5], 'x_unit': 's', 'x_type': 'Time', 'y': [-1.9988746643066406], 'y_unit': 'V', 'y_type': 'Potential'} 

2024-06-17 13:45:03,002 - INFO -run_logger.palmsens_driver 
 	 Data received: {'index': 236, 'x': [58.75], 'x_unit': 's', 'x_type': 'Time', 'y': [-1.99871826171875], 'y_unit': 'V', 'y_type': 'Potential'} 

2024-06-17 13:45:03,234 - INFO -run_logger.palmsens_driver 
 	 Data received: {'index': 237, 'x': [59.0], 'x_unit': 's', 'x_type': 'Time', 'y': [-1.9987964630126953], 'y_unit': 'V', 'y_type': 'Potential'} 

2024-06-17 13:45:03,513 - INFO -run_logger.palmsens_driver 
 	 Data received: {'index': 238, 'x': [59.25], 'x_unit': 's', 'x_type': 'Time', 'y': [-1.9986400604248047], 'y_unit': 'V', 'y_type': 'Potential'} 

2024-06-17 13:45:03,747 - INFO -run_logger.palmsens_driver 
 	 Data received: {'index': 239, 'x': [59.5], 'x_unit': 's', 'x_type': 'Time', 'y': [-1.99871826171875], 'y_unit': 'V', 'y_type': 'Potential'} 

2024-06-17 13:45:03,984 - INFO -run_logger.palmsens_driver 
 	 Data received: {'index': 240, 'x': [59.75], 'x_unit': 's', 'x_type': 'Time', 'y': [-1.9987964630126953], 'y_unit': 'V', 'y_type': 'Potential'} 

2024-06-17 13:45:04,265 - INFO -run_logger.palmsens_driver 
 	 Data received: {'index': 241, 'x': [60.0], 'x_unit': 's', 'x_type': 'Time', 'y': [-1.99871826171875], 'y_unit': 'V', 'y_type': 'Potential'} 

2024-06-17 13:45:04,273 - INFO -run_logger.palmsens_driver 
 	 result:
{'Title': 'Open Circuit Potentiometry', 'timestamp': '17/06/2024 13:44:02', 'current_arrays': [[0.2384185791015625, 0.2384185791015625, 0.2384185791015625, 0.2384185791015625, 0.2384185791015625, 0.2384185791015625, 0.2384185791015625, 0.2384185791015625, 0.2384185791015625, 0.2384185791015625, 0.2384185791015625, 0.2384185791015625, 0.2384185791015625, 0.2384185791015625, 0.2384185791015625, 0.2384185791015625, 0.2384185791015625, 0.2384185791015625, 0.2384185791015625, 0.2384185791015625, 0.2384185791015625, 0.2384185791015625, 0.2384185791015625, 0.2384185791015625, 0.2384185791015625, 0.2384185791015625, 0.2384185791015625, 0.2384185791015625, 0.2384185791015625, 0.2384185791015625, 0.2384185791015625, 0.2384185791015625, 0.2384185791015625, 0.2384185791015625, 0.2384185791015625, 0.2384185791015625, 0.2384185791015625, 0.2384185791015625, 0.2384185791015625, 0.2384185791015625, 0.2384185791015625, 0.2384185791015625, 0.2384185791015625, 0.2384185791015625, 0.2384185791015625, 0.2384185791015625, 0.2384185791015625, 0.2384185791015625, 0.2384185791015625, 0.2384185791015625, 0.2384185791015625, 0.2384185791015625, 0.2384185791015625, 0.2384185791015625, 0.2384185791015625, 0.2384185791015625, 0.2384185791015625, 0.2384185791015625, 0.2384185791015625, 0.2384185791015625, 0.2384185791015625, 0.2384185791015625, 0.2384185791015625, 0.2384185791015625, 0.2384185791015625, 0.2384185791015625, 0.2384185791015625, 0.2384185791015625, 0.2384185791015625, 0.2384185791015625, 0.2384185791015625, 0.2384185791015625, 0.2384185791015625, 0.2384185791015625, 0.2384185791015625, 0.2384185791015625, 0.2384185791015625, 0.2384185791015625, 0.2384185791015625, 0.2384185791015625, 0.2384185791015625, 0.2384185791015625, 0.2384185791015625, 0.2384185791015625, 0.2384185791015625, 0.2384185791015625, 0.2384185791015625, 0.2384185791015625, 0.2384185791015625, 0.2384185791015625, 0.2384185791015625, 0.2384185791015625, 0.2384185791015625, 0.2384185791015625, 0.2384185791015625, 0.2384185791015625, 0.2384185791015625, 0.2384185791015625, 0.2384185791015625, 0.2384185791015625, 0.2384185791015625, 0.2384185791015625, 0.2384185791015625, 0.2384185791015625, 0.2384185791015625, 0.2384185791015625, 0.2384185791015625, 0.2384185791015625, 0.2384185791015625, 0.2384185791015625, 0.2384185791015625, 0.2384185791015625, 0.2384185791015625, 0.2384185791015625, 0.2384185791015625, 0.2384185791015625, 0.2384185791015625, 0.2384185791015625, 0.2384185791015625, 0.2384185791015625, 0.2384185791015625, 0.2384185791015625, 0.2384185791015625, 0.2384185791015625, 0.2384185791015625, 0.2384185791015625, 0.2384185791015625, 0.2384185791015625, 0.2384185791015625, 0.2384185791015625, 0.2384185791015625, 0.2384185791015625, 0.2384185791015625, 0.2384185791015625, 0.2384185791015625, 0.2384185791015625, 0.2384185791015625, 0.2384185791015625, 0.2384185791015625, 0.2384185791015625, 0.2384185791015625, 0.2384185791015625, 0.2384185791015625, 0.2384185791015625, 0.2384185791015625, 0.2384185791015625, 0.2384185791015625, 0.2384185791015625, 0.2384185791015625, 0.2384185791015625, 0.2384185791015625, 0.2384185791015625, 0.2384185791015625, 0.2384185791015625, 0.2384185791015625, 0.2384185791015625, 0.2384185791015625, 0.2384185791015625, 0.2384185791015625, 0.2384185791015625, 0.2384185791015625, 0.2384185791015625, 0.2384185791015625, 0.2384185791015625, 0.2384185791015625, 0.2384185791015625, 0.2384185791015625, 0.2384185791015625, 0.2384185791015625, 0.2384185791015625, 0.2384185791015625, 0.2384185791015625, 0.2384185791015625, 0.2384185791015625, 0.2384185791015625, 0.2384185791015625, 0.2384185791015625, 0.2384185791015625, 0.2384185791015625, 0.2384185791015625, 0.2384185791015625, 0.2384185791015625, 0.2384185791015625, 0.2384185791015625, 0.2384185791015625, 0.2384185791015625, 0.2384185791015625, 0.2384185791015625, 0.2384185791015625, 0.2384185791015625, 0.2384185791015625, 0.2384185791015625, 0.2384185791015625, 0.2384185791015625, 0.2384185791015625, 0.2384185791015625, 0.2384185791015625, 0.2384185791015625, 0.2384185791015625, 0.2384185791015625, 0.2384185791015625, 0.2384185791015625, 0.2384185791015625, 0.2384185791015625, 0.2384185791015625, 0.2384185791015625, 0.2384185791015625, 0.2384185791015625, 0.2384185791015625, 0.2384185791015625, 0.2384185791015625, 0.2384185791015625, 0.2384185791015625, 0.2384185791015625, 0.2384185791015625, 0.2384185791015625, 0.2384185791015625, 0.2384185791015625, 0.2384185791015625, 0.2384185791015625, 0.2384185791015625, 0.2384185791015625, 0.2384185791015625, 0.2384185791015625, 0.2384185791015625, 0.2384185791015625, 0.2384185791015625, 0.2384185791015625, 0.2384185791015625, 0.2384185791015625, 0.2384185791015625, 0.2384185791015625, 0.2384185791015625, 0.2384185791015625, 0.2384185791015625, 0.2384185791015625, 0.2384185791015625, 0.2384185791015625, 0.2384185791015625, 0.2384185791015625, 0.2384185791015625]], 'potential_arrays': [[-1.9960622787475586, -1.9962186813354492, -1.9962186813354492, -1.9962968826293945, -1.9962186813354492, -1.996140480041504, -1.996140480041504, -1.996140480041504, -1.9962968826293945, -1.9962186813354492, -1.9962186813354492, -1.9963750839233398, -1.9962968826293945, -1.9964532852172852, -1.9964532852172852, -1.9963750839233398, -1.996530532836914, -1.996530532836914, -1.9966087341308594, -1.9966087341308594, -1.9966087341308594, -1.99676513671875, -1.99676513671875, -1.9968433380126953, -1.9969215393066406, -1.9969215393066406, -1.996999740600586, -1.996999740600586, -1.996999740600586, -1.9971561431884766, -1.9970779418945312, -1.9973125457763672, -1.9973125457763672, -1.9973125457763672, -1.9974689483642578, -1.9974689483642578, -1.9975461959838867, -1.9975461959838867, -1.9975461959838867, -1.997624397277832, -1.997624397277832, -1.9977025985717773, -1.9977807998657227, -1.9977025985717773, -1.9977807998657227, -1.997624397277832, -1.997624397277832, -1.9977807998657227, -1.9975461959838867, -1.9977025985717773, -1.9975461959838867, -1.997624397277832, -1.9977807998657227, -1.9977025985717773, -1.9977807998657227, -1.997859001159668, -1.997859001159668, -1.9979372024536133, -1.9977807998657227, -1.997859001159668, -1.997859001159668, -1.9977807998657227, -1.9979372024536133, -1.9979372024536133, -1.9979372024536133, -1.9979372024536133, -1.997859001159668, -1.997859001159668, -1.9977807998657227, -1.997859001159668, -1.9979372024536133, -1.997859001159668, -1.9979372024536133, -1.9979372024536133, -1.9979372024536133, -1.9979372024536133, -1.9979372024536133, -1.9980154037475586, -1.9979372024536133, -1.9979372024536133, -1.9980154037475586, -1.9979372024536133, -1.9980154037475586, -1.9980154037475586, -1.9980154037475586, -1.998093605041504, -1.9980154037475586, -1.9980154037475586, -1.9981718063354492, -1.998093605041504, -1.9981718063354492, -1.998093605041504, -1.9981718063354492, -1.9982500076293945, -1.9981718063354492, -1.9981718063354492, -1.9981718063354492, -1.9981718063354492, -1.9982500076293945, -1.9981718063354492, -1.9982500076293945, -1.9983282089233398, -1.9982500076293945, -1.9983282089233398, -1.9982500076293945, -1.9983282089233398, -1.9983282089233398, -1.9982500076293945, -1.9983282089233398, -1.9982500076293945, -1.9983282089233398, -1.9982500076293945, -1.9981718063354492, -1.998093605041504, -1.9981718063354492, -1.9981718063354492, -1.9982500076293945, -1.998093605041504, -1.9982500076293945, -1.9981718063354492, -1.9982500076293945, -1.9983282089233398, -1.9983282089233398, -1.9984064102172852, -1.9984064102172852, -1.9984064102172852, -1.998483657836914, -1.9984064102172852, -1.9984064102172852, -1.998483657836914, -1.9984064102172852, -1.998483657836914, -1.9984064102172852, -1.9984064102172852, -1.998483657836914, -1.9984064102172852, -1.998483657836914, -1.9984064102172852, -1.9984064102172852, -1.998483657836914, -1.9984064102172852, -1.998483657836914, -1.998483657836914, -1.9984064102172852, -1.9985618591308594, -1.9984064102172852, -1.9985618591308594, -1.9985618591308594, -1.9985618591308594, -1.9984064102172852, -1.9986400604248047, -1.9986400604248047, -1.9985618591308594, -1.9985618591308594, -1.99871826171875, -1.9986400604248047, -1.99871826171875, -1.9987964630126953, -1.99871826171875, -1.9987964630126953, -1.9987964630126953, -1.9987964630126953, -1.9988746643066406, -1.9987964630126953, -1.9988746643066406, -1.9988746643066406, -1.9987964630126953, -1.9987964630126953, -1.99871826171875, -1.9987964630126953, -1.99871826171875, -1.99871826171875, -1.9987964630126953, -1.9986400604248047, -1.9986400604248047, -1.9986400604248047, -1.9985618591308594, -1.9986400604248047, -1.998483657836914, -1.9984064102172852, -1.998483657836914, -1.9984064102172852, -1.998483657836914, -1.998483657836914, -1.9984064102172852, -1.998483657836914, -1.9985618591308594, -1.9977025985717773, -1.9983282089233398, -1.9985618591308594, -1.998483657836914, -1.9987964630126953, -1.99871826171875, -1.9987964630126953, -1.99871826171875, -1.9988746643066406, -1.99871826171875, -1.99871826171875, -1.9987964630126953, -1.99871826171875, -1.99871826171875, -1.9986400604248047, -1.9986400604248047, -1.99871826171875, -1.9986400604248047, -1.99871826171875, -1.99871826171875, -1.9986400604248047, -1.99871826171875, -1.99871826171875, -1.99871826171875, -1.9987964630126953, -1.99871826171875, -1.9987964630126953, -1.9986400604248047, -1.9986400604248047, -1.99871826171875, -1.9986400604248047, -1.99871826171875, -1.9986400604248047, -1.99871826171875, -1.99871826171875, -1.9986400604248047, -1.9986400604248047, -1.9986400604248047, -1.9986400604248047, -1.99871826171875, -1.9986400604248047, -1.99871826171875, -1.99871826171875, -1.99871826171875, -1.99871826171875, -1.99871826171875, -1.9987964630126953, -1.9988746643066406, -1.99871826171875, -1.9987964630126953, -1.9986400604248047, -1.99871826171875, -1.9987964630126953, -1.99871826171875]], 'time_arrays': [[0.0, 0.25, 0.5, 0.75, 1.0, 1.25, 1.5, 1.75, 2.0, 2.25, 2.5, 2.75, 3.0, 3.25, 3.5, 3.75, 4.0, 4.25, 4.5, 4.75, 5.0, 5.25, 5.5, 5.75, 6.0, 6.25, 6.5, 6.75, 7.0, 7.25, 7.5, 7.75, 8.0, 8.25, 8.5, 8.75, 9.0, 9.25, 9.5, 9.75, 10.0, 10.25, 10.5, 10.75, 11.0, 11.25, 11.5, 11.75, 12.0, 12.25, 12.5, 12.75, 13.0, 13.25, 13.5, 13.75, 14.0, 14.25, 14.5, 14.75, 15.0, 15.25, 15.5, 15.75, 16.0, 16.25, 16.5, 16.75, 17.0, 17.25, 17.5, 17.75, 18.0, 18.25, 18.5, 18.75, 19.0, 19.25, 19.5, 19.75, 20.0, 20.25, 20.5, 20.75, 21.0, 21.25, 21.5, 21.75, 22.0, 22.25, 22.5, 22.75, 23.0, 23.25, 23.5, 23.75, 24.0, 24.25, 24.5, 24.75, 25.0, 25.25, 25.5, 25.75, 26.0, 26.25, 26.5, 26.75, 27.0, 27.25, 27.5, 27.75, 28.0, 28.25, 28.5, 28.75, 29.0, 29.25, 29.5, 29.75, 30.0, 30.25, 30.5, 30.75, 31.0, 31.25, 31.5, 31.75, 32.0, 32.25, 32.5, 32.75, 33.0, 33.25, 33.5, 33.75, 34.0, 34.25, 34.5, 34.75, 35.0, 35.25, 35.5, 35.75, 36.0, 36.25, 36.5, 36.75, 37.0, 37.25, 37.5, 37.75, 38.0, 38.25, 38.5, 38.75, 39.0, 39.25, 39.5, 39.75, 40.0, 40.25, 40.5, 40.75, 41.0, 41.25, 41.5, 41.75, 42.0, 42.25, 42.5, 42.75, 43.0, 43.25, 43.5, 43.75, 44.0, 44.25, 44.5, 44.75, 45.0, 45.25, 45.5, 45.75, 46.0, 46.25, 46.5, 46.75, 47.0, 47.25, 47.5, 47.75, 48.0, 48.25, 48.5, 48.75, 49.0, 49.25, 49.5, 49.75, 50.0, 50.25, 50.5, 50.75, 51.0, 51.25, 51.5, 51.75, 52.0, 52.25, 52.5, 52.75, 53.0, 53.25, 53.5, 53.75, 54.0, 54.25, 54.5, 54.75, 55.0, 55.25, 55.5, 55.75, 56.0, 56.25, 56.5, 56.75, 57.0, 57.25, 57.5, 57.75, 58.0, 58.25, 58.5, 58.75, 59.0, 59.25, 59.5, 59.75, 60.0]], 'freq_arrays': [], 'zre_arrays': [], 'zim_arrays': [], 'aux_input_arrays': [], 'peaks': [], 'eis_fit': []} 

