2024-06-17 14:38:43,086 - INFO -run_logger.palmsens_driver 
 	 Successfully connected to PalmSens4 [1]. 

2024-06-17 14:39:04,629 - INFO -run_logger.palmsens_driver 
 	 Data received: {'index': 1, 'x': [0.0], 'x_unit': 's', 'x_type': 'Time', 'y': [-1.9841089248657227], 'y_unit': 'V', 'y_type': 'Potential'} 

2024-06-17 14:39:04,852 - INFO -run_logger.palmsens_driver 
 	 Data received: {'index': 2, 'x': [0.25], 'x_unit': 's', 'x_type': 'Time', 'y': [-1.9841089248657227], 'y_unit': 'V', 'y_type': 'Potential'} 

2024-06-17 14:39:05,116 - INFO -run_logger.palmsens_driver 
 	 Data received: {'index': 3, 'x': [0.5], 'x_unit': 's', 'x_type': 'Time', 'y': [-1.9841089248657227], 'y_unit': 'V', 'y_type': 'Potential'} 

2024-06-17 14:39:05,338 - INFO -run_logger.palmsens_driver 
 	 Data received: {'index': 4, 'x': [0.75], 'x_unit': 's', 'x_type': 'Time', 'y': [-1.9841089248657227], 'y_unit': 'V', 'y_type': 'Potential'} 

2024-06-17 14:39:05,619 - INFO -run_logger.palmsens_driver 
 	 Data received: {'index': 5, 'x': [1.0], 'x_unit': 's', 'x_type': 'Time', 'y': [-1.9840307235717773], 'y_unit': 'V', 'y_type': 'Potential'} 

2024-06-17 14:39:05,852 - INFO -run_logger.palmsens_driver 
 	 Data received: {'index': 6, 'x': [1.25], 'x_unit': 's', 'x_type': 'Time', 'y': [-1.9841089248657227], 'y_unit': 'V', 'y_type': 'Potential'} 

2024-06-17 14:39:06,086 - INFO -run_logger.palmsens_driver 
 	 Data received: {'index': 7, 'x': [1.5], 'x_unit': 's', 'x_type': 'Time', 'y': [-1.9840307235717773], 'y_unit': 'V', 'y_type': 'Potential'} 

2024-06-17 14:39:06,335 - INFO -run_logger.palmsens_driver 
 	 Data received: {'index': 8, 'x': [1.75], 'x_unit': 's', 'x_type': 'Time', 'y': [-1.9840307235717773], 'y_unit': 'V', 'y_type': 'Potential'} 

2024-06-17 14:39:06,616 - INFO -run_logger.palmsens_driver 
 	 Data received: {'index': 9, 'x': [2.0], 'x_unit': 's', 'x_type': 'Time', 'y': [-1.9840307235717773], 'y_unit': 'V', 'y_type': 'Potential'} 

2024-06-17 14:39:06,848 - INFO -run_logger.palmsens_driver 
 	 Data received: {'index': 10, 'x': [2.25], 'x_unit': 's', 'x_type': 'Time', 'y': [-1.983952522277832], 'y_unit': 'V', 'y_type': 'Potential'} 

2024-06-17 14:39:07,083 - INFO -run_logger.palmsens_driver 
 	 Data received: {'index': 11, 'x': [2.5], 'x_unit': 's', 'x_type': 'Time', 'y': [-1.983952522277832], 'y_unit': 'V', 'y_type': 'Potential'} 

2024-06-17 14:39:07,364 - INFO -run_logger.palmsens_driver 
 	 Data received: {'index': 12, 'x': [2.75], 'x_unit': 's', 'x_type': 'Time', 'y': [-1.983952522277832], 'y_unit': 'V', 'y_type': 'Potential'} 

2024-06-17 14:39:07,596 - INFO -run_logger.palmsens_driver 
 	 Data received: {'index': 13, 'x': [3.0], 'x_unit': 's', 'x_type': 'Time', 'y': [-1.9838743209838867], 'y_unit': 'V', 'y_type': 'Potential'} 

2024-06-17 14:39:07,828 - INFO -run_logger.palmsens_driver 
 	 Data received: {'index': 14, 'x': [3.25], 'x_unit': 's', 'x_type': 'Time', 'y': [-1.983952522277832], 'y_unit': 'V', 'y_type': 'Potential'} 

2024-06-17 14:39:08,108 - INFO -run_logger.palmsens_driver 
 	 Data received: {'index': 15, 'x': [3.5], 'x_unit': 's', 'x_type': 'Time', 'y': [-1.9837961196899414], 'y_unit': 'V', 'y_type': 'Potential'} 

2024-06-17 14:39:08,344 - INFO -run_logger.palmsens_driver 
 	 Data received: {'index': 16, 'x': [3.75], 'x_unit': 's', 'x_type': 'Time', 'y': [-1.9837961196899414], 'y_unit': 'V', 'y_type': 'Potential'} 

2024-06-17 14:39:08,577 - INFO -run_logger.palmsens_driver 
 	 Data received: {'index': 17, 'x': [4.0], 'x_unit': 's', 'x_type': 'Time', 'y': [-1.9838743209838867], 'y_unit': 'V', 'y_type': 'Potential'} 

2024-06-17 14:39:08,858 - INFO -run_logger.palmsens_driver 
 	 Data received: {'index': 18, 'x': [4.25], 'x_unit': 's', 'x_type': 'Time', 'y': [-1.9834842681884766], 'y_unit': 'V', 'y_type': 'Potential'} 

2024-06-17 14:39:09,092 - INFO -run_logger.palmsens_driver 
 	 Data received: {'index': 19, 'x': [4.5], 'x_unit': 's', 'x_type': 'Time', 'y': [-1.9838743209838867], 'y_unit': 'V', 'y_type': 'Potential'} 

2024-06-17 14:39:09,372 - INFO -run_logger.palmsens_driver 
 	 Data received: {'index': 20, 'x': [4.75], 'x_unit': 's', 'x_type': 'Time', 'y': [-1.983952522277832], 'y_unit': 'V', 'y_type': 'Potential'} 

2024-06-17 14:39:09,606 - INFO -run_logger.palmsens_driver 
 	 Data received: {'index': 21, 'x': [5.0], 'x_unit': 's', 'x_type': 'Time', 'y': [-1.9845781326293945], 'y_unit': 'V', 'y_type': 'Potential'} 

2024-06-17 14:39:09,841 - INFO -run_logger.palmsens_driver 
 	 Data received: {'index': 22, 'x': [5.25], 'x_unit': 's', 'x_type': 'Time', 'y': [-1.9838743209838867], 'y_unit': 'V', 'y_type': 'Potential'} 

2024-06-17 14:39:10,118 - INFO -run_logger.palmsens_driver 
 	 Data received: {'index': 23, 'x': [5.5], 'x_unit': 's', 'x_type': 'Time', 'y': [-1.9838743209838867], 'y_unit': 'V', 'y_type': 'Potential'} 

2024-06-17 14:39:10,366 - INFO -run_logger.palmsens_driver 
 	 Data received: {'index': 24, 'x': [5.75], 'x_unit': 's', 'x_type': 'Time', 'y': [-1.9838743209838867], 'y_unit': 'V', 'y_type': 'Potential'} 

2024-06-17 14:39:10,600 - INFO -run_logger.palmsens_driver 
 	 Data received: {'index': 25, 'x': [6.0], 'x_unit': 's', 'x_type': 'Time', 'y': [-1.9838743209838867], 'y_unit': 'V', 'y_type': 'Potential'} 

2024-06-17 14:39:10,834 - INFO -run_logger.palmsens_driver 
 	 Data received: {'index': 26, 'x': [6.25], 'x_unit': 's', 'x_type': 'Time', 'y': [-1.9837961196899414], 'y_unit': 'V', 'y_type': 'Potential'} 

2024-06-17 14:39:11,116 - INFO -run_logger.palmsens_driver 
 	 Data received: {'index': 27, 'x': [6.5], 'x_unit': 's', 'x_type': 'Time', 'y': [-1.9838743209838867], 'y_unit': 'V', 'y_type': 'Potential'} 

2024-06-17 14:39:11,348 - INFO -run_logger.palmsens_driver 
 	 Data received: {'index': 28, 'x': [6.75], 'x_unit': 's', 'x_type': 'Time', 'y': [-1.9837961196899414], 'y_unit': 'V', 'y_type': 'Potential'} 

2024-06-17 14:39:11,583 - INFO -run_logger.palmsens_driver 
 	 Data received: {'index': 29, 'x': [7.0], 'x_unit': 's', 'x_type': 'Time', 'y': [-1.9837188720703125], 'y_unit': 'V', 'y_type': 'Potential'} 

2024-06-17 14:39:11,862 - INFO -run_logger.palmsens_driver 
 	 Data received: {'index': 30, 'x': [7.25], 'x_unit': 's', 'x_type': 'Time', 'y': [-1.9837961196899414], 'y_unit': 'V', 'y_type': 'Potential'} 

2024-06-17 14:39:12,095 - INFO -run_logger.palmsens_driver 
 	 Data received: {'index': 31, 'x': [7.5], 'x_unit': 's', 'x_type': 'Time', 'y': [-1.9836406707763672], 'y_unit': 'V', 'y_type': 'Potential'} 

2024-06-17 14:39:12,332 - INFO -run_logger.palmsens_driver 
 	 Data received: {'index': 32, 'x': [7.75], 'x_unit': 's', 'x_type': 'Time', 'y': [-1.9837188720703125], 'y_unit': 'V', 'y_type': 'Potential'} 

2024-06-17 14:39:12,611 - INFO -run_logger.palmsens_driver 
 	 Data received: {'index': 33, 'x': [8.0], 'x_unit': 's', 'x_type': 'Time', 'y': [-1.9836406707763672], 'y_unit': 'V', 'y_type': 'Potential'} 

2024-06-17 14:39:12,844 - INFO -run_logger.palmsens_driver 
 	 Data received: {'index': 34, 'x': [8.25], 'x_unit': 's', 'x_type': 'Time', 'y': [-1.9835624694824219], 'y_unit': 'V', 'y_type': 'Potential'} 

2024-06-17 14:39:13,077 - INFO -run_logger.palmsens_driver 
 	 Data received: {'index': 35, 'x': [8.5], 'x_unit': 's', 'x_type': 'Time', 'y': [-1.9836406707763672], 'y_unit': 'V', 'y_type': 'Potential'} 

2024-06-17 14:39:13,359 - INFO -run_logger.palmsens_driver 
 	 Data received: {'index': 36, 'x': [8.75], 'x_unit': 's', 'x_type': 'Time', 'y': [-1.9834842681884766], 'y_unit': 'V', 'y_type': 'Potential'} 

2024-06-17 14:39:13,591 - INFO -run_logger.palmsens_driver 
 	 Data received: {'index': 37, 'x': [9.0], 'x_unit': 's', 'x_type': 'Time', 'y': [-1.9835624694824219], 'y_unit': 'V', 'y_type': 'Potential'} 

2024-06-17 14:39:13,827 - INFO -run_logger.palmsens_driver 
 	 Data received: {'index': 38, 'x': [9.25], 'x_unit': 's', 'x_type': 'Time', 'y': [-1.9834842681884766], 'y_unit': 'V', 'y_type': 'Potential'} 

2024-06-17 14:39:14,108 - INFO -run_logger.palmsens_driver 
 	 Data received: {'index': 39, 'x': [9.5], 'x_unit': 's', 'x_type': 'Time', 'y': [-1.9834060668945312], 'y_unit': 'V', 'y_type': 'Potential'} 

2024-06-17 14:39:14,339 - INFO -run_logger.palmsens_driver 
 	 Data received: {'index': 40, 'x': [9.75], 'x_unit': 's', 'x_type': 'Time', 'y': [-1.9834842681884766], 'y_unit': 'V', 'y_type': 'Potential'} 

2024-06-17 14:39:14,621 - INFO -run_logger.palmsens_driver 
 	 Data received: {'index': 41, 'x': [10.0], 'x_unit': 's', 'x_type': 'Time', 'y': [-1.983327865600586], 'y_unit': 'V', 'y_type': 'Potential'} 

2024-06-17 14:39:14,853 - INFO -run_logger.palmsens_driver 
 	 Data received: {'index': 42, 'x': [10.25], 'x_unit': 's', 'x_type': 'Time', 'y': [-1.9834060668945312], 'y_unit': 'V', 'y_type': 'Potential'} 

2024-06-17 14:39:15,101 - INFO -run_logger.palmsens_driver 
 	 Data received: {'index': 43, 'x': [10.5], 'x_unit': 's', 'x_type': 'Time', 'y': [-1.983327865600586], 'y_unit': 'V', 'y_type': 'Potential'} 

2024-06-17 14:39:15,334 - INFO -run_logger.palmsens_driver 
 	 Data received: {'index': 44, 'x': [10.75], 'x_unit': 's', 'x_type': 'Time', 'y': [-1.983327865600586], 'y_unit': 'V', 'y_type': 'Potential'} 

2024-06-17 14:39:15,618 - INFO -run_logger.palmsens_driver 
 	 Data received: {'index': 45, 'x': [11.0], 'x_unit': 's', 'x_type': 'Time', 'y': [-1.983327865600586], 'y_unit': 'V', 'y_type': 'Potential'} 

2024-06-17 14:39:15,867 - INFO -run_logger.palmsens_driver 
 	 Data received: {'index': 46, 'x': [11.25], 'x_unit': 's', 'x_type': 'Time', 'y': [-1.9831714630126953], 'y_unit': 'V', 'y_type': 'Potential'} 

2024-06-17 14:39:16,115 - INFO -run_logger.palmsens_driver 
 	 Data received: {'index': 47, 'x': [11.5], 'x_unit': 's', 'x_type': 'Time', 'y': [-1.9830150604248047], 'y_unit': 'V', 'y_type': 'Potential'} 

2024-06-17 14:39:16,348 - INFO -run_logger.palmsens_driver 
 	 Data received: {'index': 48, 'x': [11.75], 'x_unit': 's', 'x_type': 'Time', 'y': [-1.9831714630126953], 'y_unit': 'V', 'y_type': 'Potential'} 

2024-06-17 14:39:16,581 - INFO -run_logger.palmsens_driver 
 	 Data received: {'index': 49, 'x': [12.0], 'x_unit': 's', 'x_type': 'Time', 'y': [-1.982858657836914], 'y_unit': 'V', 'y_type': 'Potential'} 

2024-06-17 14:39:16,861 - INFO -run_logger.palmsens_driver 
 	 Data received: {'index': 50, 'x': [12.25], 'x_unit': 's', 'x_type': 'Time', 'y': [-1.98309326171875], 'y_unit': 'V', 'y_type': 'Potential'} 

2024-06-17 14:39:17,095 - INFO -run_logger.palmsens_driver 
 	 Data received: {'index': 51, 'x': [12.5], 'x_unit': 's', 'x_type': 'Time', 'y': [-1.98309326171875], 'y_unit': 'V', 'y_type': 'Potential'} 

2024-06-17 14:39:17,327 - INFO -run_logger.palmsens_driver 
 	 Data received: {'index': 52, 'x': [12.75], 'x_unit': 's', 'x_type': 'Time', 'y': [-1.98309326171875], 'y_unit': 'V', 'y_type': 'Potential'} 

2024-06-17 14:39:17,608 - INFO -run_logger.palmsens_driver 
 	 Data received: {'index': 53, 'x': [13.0], 'x_unit': 's', 'x_type': 'Time', 'y': [-1.9831714630126953], 'y_unit': 'V', 'y_type': 'Potential'} 

2024-06-17 14:39:17,841 - INFO -run_logger.palmsens_driver 
 	 Data received: {'index': 54, 'x': [13.25], 'x_unit': 's', 'x_type': 'Time', 'y': [-1.9830150604248047], 'y_unit': 'V', 'y_type': 'Potential'} 

2024-06-17 14:39:18,122 - INFO -run_logger.palmsens_driver 
 	 Data received: {'index': 55, 'x': [13.5], 'x_unit': 's', 'x_type': 'Time', 'y': [-1.98309326171875], 'y_unit': 'V', 'y_type': 'Potential'} 

2024-06-17 14:39:18,357 - INFO -run_logger.palmsens_driver 
 	 Data received: {'index': 56, 'x': [13.75], 'x_unit': 's', 'x_type': 'Time', 'y': [-1.9830150604248047], 'y_unit': 'V', 'y_type': 'Potential'} 

2024-06-17 14:39:18,588 - INFO -run_logger.palmsens_driver 
 	 Data received: {'index': 57, 'x': [14.0], 'x_unit': 's', 'x_type': 'Time', 'y': [-1.9830150604248047], 'y_unit': 'V', 'y_type': 'Potential'} 

2024-06-17 14:39:18,870 - INFO -run_logger.palmsens_driver 
 	 Data received: {'index': 58, 'x': [14.25], 'x_unit': 's', 'x_type': 'Time', 'y': [-1.98309326171875], 'y_unit': 'V', 'y_type': 'Potential'} 

2024-06-17 14:39:19,106 - INFO -run_logger.palmsens_driver 
 	 Data received: {'index': 59, 'x': [14.5], 'x_unit': 's', 'x_type': 'Time', 'y': [-1.9830150604248047], 'y_unit': 'V', 'y_type': 'Potential'} 

2024-06-17 14:39:19,340 - INFO -run_logger.palmsens_driver 
 	 Data received: {'index': 60, 'x': [14.75], 'x_unit': 's', 'x_type': 'Time', 'y': [-1.98309326171875], 'y_unit': 'V', 'y_type': 'Potential'} 

2024-06-17 14:39:19,632 - INFO -run_logger.palmsens_driver 
 	 Data received: {'index': 61, 'x': [15.0], 'x_unit': 's', 'x_type': 'Time', 'y': [-1.9830150604248047], 'y_unit': 'V', 'y_type': 'Potential'} 

2024-06-17 14:39:19,864 - INFO -run_logger.palmsens_driver 
 	 Data received: {'index': 62, 'x': [15.25], 'x_unit': 's', 'x_type': 'Time', 'y': [-1.9830150604248047], 'y_unit': 'V', 'y_type': 'Potential'} 

2024-06-17 14:39:20,098 - INFO -run_logger.palmsens_driver 
 	 Data received: {'index': 63, 'x': [15.5], 'x_unit': 's', 'x_type': 'Time', 'y': [-1.9830150604248047], 'y_unit': 'V', 'y_type': 'Potential'} 

2024-06-17 14:39:20,331 - INFO -run_logger.palmsens_driver 
 	 Data received: {'index': 64, 'x': [15.75], 'x_unit': 's', 'x_type': 'Time', 'y': [-1.9830150604248047], 'y_unit': 'V', 'y_type': 'Potential'} 

2024-06-17 14:39:20,613 - INFO -run_logger.palmsens_driver 
 	 Data received: {'index': 65, 'x': [16.0], 'x_unit': 's', 'x_type': 'Time', 'y': [-1.98309326171875], 'y_unit': 'V', 'y_type': 'Potential'} 

2024-06-17 14:39:20,845 - INFO -run_logger.palmsens_driver 
 	 Data received: {'index': 66, 'x': [16.25], 'x_unit': 's', 'x_type': 'Time', 'y': [-1.9830150604248047], 'y_unit': 'V', 'y_type': 'Potential'} 

2024-06-17 14:39:21,078 - INFO -run_logger.palmsens_driver 
 	 Data received: {'index': 67, 'x': [16.5], 'x_unit': 's', 'x_type': 'Time', 'y': [-1.9830150604248047], 'y_unit': 'V', 'y_type': 'Potential'} 

2024-06-17 14:39:21,355 - INFO -run_logger.palmsens_driver 
 	 Data received: {'index': 68, 'x': [16.75], 'x_unit': 's', 'x_type': 'Time', 'y': [-1.98309326171875], 'y_unit': 'V', 'y_type': 'Potential'} 

2024-06-17 14:39:21,591 - INFO -run_logger.palmsens_driver 
 	 Data received: {'index': 69, 'x': [17.0], 'x_unit': 's', 'x_type': 'Time', 'y': [-1.9830150604248047], 'y_unit': 'V', 'y_type': 'Potential'} 

2024-06-17 14:39:21,869 - INFO -run_logger.palmsens_driver 
 	 Data received: {'index': 70, 'x': [17.25], 'x_unit': 's', 'x_type': 'Time', 'y': [-1.9831714630126953], 'y_unit': 'V', 'y_type': 'Potential'} 

2024-06-17 14:39:22,103 - INFO -run_logger.palmsens_driver 
 	 Data received: {'index': 71, 'x': [17.5], 'x_unit': 's', 'x_type': 'Time', 'y': [-1.98309326171875], 'y_unit': 'V', 'y_type': 'Potential'} 

2024-06-17 14:39:22,350 - INFO -run_logger.palmsens_driver 
 	 Data received: {'index': 72, 'x': [17.75], 'x_unit': 's', 'x_type': 'Time', 'y': [-1.98309326171875], 'y_unit': 'V', 'y_type': 'Potential'} 

2024-06-17 14:39:22,583 - INFO -run_logger.palmsens_driver 
 	 Data received: {'index': 73, 'x': [18.0], 'x_unit': 's', 'x_type': 'Time', 'y': [-1.9831714630126953], 'y_unit': 'V', 'y_type': 'Potential'} 

2024-06-17 14:39:22,865 - INFO -run_logger.palmsens_driver 
 	 Data received: {'index': 74, 'x': [18.25], 'x_unit': 's', 'x_type': 'Time', 'y': [-1.9832496643066406], 'y_unit': 'V', 'y_type': 'Potential'} 

2024-06-17 14:39:23,095 - INFO -run_logger.palmsens_driver 
 	 Data received: {'index': 75, 'x': [18.5], 'x_unit': 's', 'x_type': 'Time', 'y': [-1.9831714630126953], 'y_unit': 'V', 'y_type': 'Potential'} 

2024-06-17 14:39:23,329 - INFO -run_logger.palmsens_driver 
 	 Data received: {'index': 76, 'x': [18.75], 'x_unit': 's', 'x_type': 'Time', 'y': [-1.9832496643066406], 'y_unit': 'V', 'y_type': 'Potential'} 

2024-06-17 14:39:23,608 - INFO -run_logger.palmsens_driver 
 	 Data received: {'index': 77, 'x': [19.0], 'x_unit': 's', 'x_type': 'Time', 'y': [-1.9831714630126953], 'y_unit': 'V', 'y_type': 'Potential'} 

2024-06-17 14:39:23,843 - INFO -run_logger.palmsens_driver 
 	 Data received: {'index': 78, 'x': [19.25], 'x_unit': 's', 'x_type': 'Time', 'y': [-1.9832496643066406], 'y_unit': 'V', 'y_type': 'Potential'} 

2024-06-17 14:39:24,120 - INFO -run_logger.palmsens_driver 
 	 Data received: {'index': 79, 'x': [19.5], 'x_unit': 's', 'x_type': 'Time', 'y': [-1.9831714630126953], 'y_unit': 'V', 'y_type': 'Potential'} 

2024-06-17 14:39:24,353 - INFO -run_logger.palmsens_driver 
 	 Data received: {'index': 80, 'x': [19.75], 'x_unit': 's', 'x_type': 'Time', 'y': [-1.9832496643066406], 'y_unit': 'V', 'y_type': 'Potential'} 

2024-06-17 14:39:24,590 - INFO -run_logger.palmsens_driver 
 	 Data received: {'index': 81, 'x': [20.0], 'x_unit': 's', 'x_type': 'Time', 'y': [-1.983327865600586], 'y_unit': 'V', 'y_type': 'Potential'} 

2024-06-17 14:39:24,622 - INFO -run_logger.palmsens_driver 
 	 result:
{'Title': 'Open Circuit Potentiometry', 'timestamp': '17/06/2024 14:39:03', 'current_arrays': [[0.2384185791015625, 0.2384185791015625, 0.2384185791015625, 0.2384185791015625, 0.2384185791015625, 0.2384185791015625, 0.2384185791015625, 0.2384185791015625, 0.2384185791015625, 0.2384185791015625, 0.2384185791015625, 0.2384185791015625, 0.2384185791015625, 0.2384185791015625, 0.2384185791015625, 0.2384185791015625, 0.2384185791015625, 0.2384185791015625, 0.2384185791015625, 0.2384185791015625, 0.2384185791015625, 0.2384185791015625, 0.2384185791015625, 0.2384185791015625, 0.2384185791015625, 0.2384185791015625, 0.2384185791015625, 0.2384185791015625, 0.2384185791015625, 0.2384185791015625, 0.2384185791015625, 0.2384185791015625, 0.2384185791015625, 0.2384185791015625, 0.2384185791015625, 0.2384185791015625, 0.2384185791015625, 0.2384185791015625, 0.2384185791015625, 0.2384185791015625, 0.2384185791015625, 0.2384185791015625, 0.2384185791015625, 0.2384185791015625, 0.2384185791015625, 0.2384185791015625, 0.2384185791015625, 0.2384185791015625, 0.2384185791015625, 0.2384185791015625, 0.2384185791015625, 0.2384185791015625, 0.2384185791015625, 0.2384185791015625, 0.2384185791015625, 0.2384185791015625, 0.2384185791015625, 0.2384185791015625, 0.2384185791015625, 0.2384185791015625, 0.2384185791015625, 0.2384185791015625, 0.2384185791015625, 0.2384185791015625, 0.2384185791015625, 0.2384185791015625, 0.2384185791015625, 0.2384185791015625, 0.2384185791015625, 0.2384185791015625, 0.2384185791015625, 0.2384185791015625, 0.2384185791015625, 0.2384185791015625, 0.2384185791015625, 0.2384185791015625, 0.2384185791015625, 0.2384185791015625, 0.2384185791015625, 0.2384185791015625, 0.2384185791015625]], 'potential_arrays': [[-1.9841089248657227, -1.9841089248657227, -1.9841089248657227, -1.9841089248657227, -1.9840307235717773, -1.9841089248657227, -1.9840307235717773, -1.9840307235717773, -1.9840307235717773, -1.983952522277832, -1.983952522277832, -1.983952522277832, -1.9838743209838867, -1.983952522277832, -1.9837961196899414, -1.9837961196899414, -1.9838743209838867, -1.9834842681884766, -1.9838743209838867, -1.983952522277832, -1.9845781326293945, -1.9838743209838867, -1.9838743209838867, -1.9838743209838867, -1.9838743209838867, -1.9837961196899414, -1.9838743209838867, -1.9837961196899414, -1.9837188720703125, -1.9837961196899414, -1.9836406707763672, -1.9837188720703125, -1.9836406707763672, -1.9835624694824219, -1.9836406707763672, -1.9834842681884766, -1.9835624694824219, -1.9834842681884766, -1.9834060668945312, -1.9834842681884766, -1.983327865600586, -1.9834060668945312, -1.983327865600586, -1.983327865600586, -1.983327865600586, -1.9831714630126953, -1.9830150604248047, -1.9831714630126953, -1.982858657836914, -1.98309326171875, -1.98309326171875, -1.98309326171875, -1.9831714630126953, -1.9830150604248047, -1.98309326171875, -1.9830150604248047, -1.9830150604248047, -1.98309326171875, -1.9830150604248047, -1.98309326171875, -1.9830150604248047, -1.9830150604248047, -1.9830150604248047, -1.9830150604248047, -1.98309326171875, -1.9830150604248047, -1.9830150604248047, -1.98309326171875, -1.9830150604248047, -1.9831714630126953, -1.98309326171875, -1.98309326171875, -1.9831714630126953, -1.9832496643066406, -1.9831714630126953, -1.9832496643066406, -1.9831714630126953, -1.9832496643066406, -1.9831714630126953, -1.9832496643066406, -1.983327865600586]], 'time_arrays': [[0.0, 0.25, 0.5, 0.75, 1.0, 1.25, 1.5, 1.75, 2.0, 2.25, 2.5, 2.75, 3.0, 3.25, 3.5, 3.75, 4.0, 4.25, 4.5, 4.75, 5.0, 5.25, 5.5, 5.75, 6.0, 6.25, 6.5, 6.75, 7.0, 7.25, 7.5, 7.75, 8.0, 8.25, 8.5, 8.75, 9.0, 9.25, 9.5, 9.75, 10.0, 10.25, 10.5, 10.75, 11.0, 11.25, 11.5, 11.75, 12.0, 12.25, 12.5, 12.75, 13.0, 13.25, 13.5, 13.75, 14.0, 14.25, 14.5, 14.75, 15.0, 15.25, 15.5, 15.75, 16.0, 16.25, 16.5, 16.75, 17.0, 17.25, 17.5, 17.75, 18.0, 18.25, 18.5, 18.75, 19.0, 19.25, 19.5, 19.75, 20.0]], 'freq_arrays': [], 'zre_arrays': [], 'zim_arrays': [], 'aux_input_arrays': [], 'peaks': [], 'eis_fit': []} 

