2024-06-17 15:19:38,473 - INFO -run_logger.palmsens_driver 
 	 Successfully connected to PalmSens4 [1]. 

2024-06-17 15:20:20,358 - INFO -run_logger.palmsens_driver 
 	 Data received: {'index': 1, 'x': [0.0], 'x_unit': 's', 'x_type': 'Time', 'y': [-1.9936399459838867], 'y_unit': 'V', 'y_type': 'Potential'} 

2024-06-17 15:20:20,588 - INFO -run_logger.palmsens_driver 
 	 Data received: {'index': 2, 'x': [0.25], 'x_unit': 's', 'x_type': 'Time', 'y': [-1.9936399459838867], 'y_unit': 'V', 'y_type': 'Potential'} 

2024-06-17 15:20:20,835 - INFO -run_logger.palmsens_driver 
 	 Data received: {'index': 3, 'x': [0.5], 'x_unit': 's', 'x_type': 'Time', 'y': [-1.9937963485717773], 'y_unit': 'V', 'y_type': 'Potential'} 

2024-06-17 15:20:21,068 - INFO -run_logger.palmsens_driver 
 	 Data received: {'index': 4, 'x': [0.75], 'x_unit': 's', 'x_type': 'Time', 'y': [-1.993718147277832], 'y_unit': 'V', 'y_type': 'Potential'} 

2024-06-17 15:20:21,347 - INFO -run_logger.palmsens_driver 
 	 Data received: {'index': 5, 'x': [1.0], 'x_unit': 's', 'x_type': 'Time', 'y': [-1.9938745498657227], 'y_unit': 'V', 'y_type': 'Potential'} 

2024-06-17 15:20:21,582 - INFO -run_logger.palmsens_driver 
 	 Data received: {'index': 6, 'x': [1.25], 'x_unit': 's', 'x_type': 'Time', 'y': [-1.9937963485717773], 'y_unit': 'V', 'y_type': 'Potential'} 

2024-06-17 15:20:21,817 - INFO -run_logger.palmsens_driver 
 	 Data received: {'index': 7, 'x': [1.5], 'x_unit': 's', 'x_type': 'Time', 'y': [-1.9937963485717773], 'y_unit': 'V', 'y_type': 'Potential'} 

2024-06-17 15:20:22,099 - INFO -run_logger.palmsens_driver 
 	 Data received: {'index': 8, 'x': [1.75], 'x_unit': 's', 'x_type': 'Time', 'y': [-1.9938745498657227], 'y_unit': 'V', 'y_type': 'Potential'} 

2024-06-17 15:20:22,332 - INFO -run_logger.palmsens_driver 
 	 Data received: {'index': 9, 'x': [2.0], 'x_unit': 's', 'x_type': 'Time', 'y': [-1.9938745498657227], 'y_unit': 'V', 'y_type': 'Potential'} 

2024-06-17 15:20:22,565 - INFO -run_logger.palmsens_driver 
 	 Data received: {'index': 10, 'x': [2.25], 'x_unit': 's', 'x_type': 'Time', 'y': [-1.9938745498657227], 'y_unit': 'V', 'y_type': 'Potential'} 

2024-06-17 15:20:22,844 - INFO -run_logger.palmsens_driver 
 	 Data received: {'index': 11, 'x': [2.5], 'x_unit': 's', 'x_type': 'Time', 'y': [-1.9938745498657227], 'y_unit': 'V', 'y_type': 'Potential'} 

2024-06-17 15:20:23,078 - INFO -run_logger.palmsens_driver 
 	 Data received: {'index': 12, 'x': [2.75], 'x_unit': 's', 'x_type': 'Time', 'y': [-1.9937963485717773], 'y_unit': 'V', 'y_type': 'Potential'} 

2024-06-17 15:20:23,340 - INFO -run_logger.palmsens_driver 
 	 Data received: {'index': 13, 'x': [3.0], 'x_unit': 's', 'x_type': 'Time', 'y': [-1.9938745498657227], 'y_unit': 'V', 'y_type': 'Potential'} 

2024-06-17 15:20:23,577 - INFO -run_logger.palmsens_driver 
 	 Data received: {'index': 14, 'x': [3.25], 'x_unit': 's', 'x_type': 'Time', 'y': [-1.9937963485717773], 'y_unit': 'V', 'y_type': 'Potential'} 

2024-06-17 15:20:23,814 - INFO -run_logger.palmsens_driver 
 	 Data received: {'index': 15, 'x': [3.5], 'x_unit': 's', 'x_type': 'Time', 'y': [-1.9938745498657227], 'y_unit': 'V', 'y_type': 'Potential'} 

2024-06-17 15:20:24,094 - INFO -run_logger.palmsens_driver 
 	 Data received: {'index': 16, 'x': [3.75], 'x_unit': 's', 'x_type': 'Time', 'y': [-1.993952751159668], 'y_unit': 'V', 'y_type': 'Potential'} 

2024-06-17 15:20:24,339 - INFO -run_logger.palmsens_driver 
 	 Data received: {'index': 17, 'x': [4.0], 'x_unit': 's', 'x_type': 'Time', 'y': [-1.9938745498657227], 'y_unit': 'V', 'y_type': 'Potential'} 

2024-06-17 15:20:24,572 - INFO -run_logger.palmsens_driver 
 	 Data received: {'index': 18, 'x': [4.25], 'x_unit': 's', 'x_type': 'Time', 'y': [-1.9940309524536133], 'y_unit': 'V', 'y_type': 'Potential'} 

2024-06-17 15:20:24,854 - INFO -run_logger.palmsens_driver 
 	 Data received: {'index': 19, 'x': [4.5], 'x_unit': 's', 'x_type': 'Time', 'y': [-1.9940309524536133], 'y_unit': 'V', 'y_type': 'Potential'} 

2024-06-17 15:20:25,087 - INFO -run_logger.palmsens_driver 
 	 Data received: {'index': 20, 'x': [4.75], 'x_unit': 's', 'x_type': 'Time', 'y': [-1.9945001602172852], 'y_unit': 'V', 'y_type': 'Potential'} 

2024-06-17 15:20:25,323 - INFO -run_logger.palmsens_driver 
 	 Data received: {'index': 21, 'x': [5.0], 'x_unit': 's', 'x_type': 'Time', 'y': [-1.9945001602172852], 'y_unit': 'V', 'y_type': 'Potential'} 

2024-06-17 15:20:25,601 - INFO -run_logger.palmsens_driver 
 	 Data received: {'index': 22, 'x': [5.25], 'x_unit': 's', 'x_type': 'Time', 'y': [-1.9945001602172852], 'y_unit': 'V', 'y_type': 'Potential'} 

2024-06-17 15:20:25,841 - INFO -run_logger.palmsens_driver 
 	 Data received: {'index': 23, 'x': [5.5], 'x_unit': 's', 'x_type': 'Time', 'y': [-1.9945001602172852], 'y_unit': 'V', 'y_type': 'Potential'} 

2024-06-17 15:20:26,071 - INFO -run_logger.palmsens_driver 
 	 Data received: {'index': 24, 'x': [5.75], 'x_unit': 's', 'x_type': 'Time', 'y': [-1.9945001602172852], 'y_unit': 'V', 'y_type': 'Potential'} 

2024-06-17 15:20:26,314 - INFO -run_logger.palmsens_driver 
 	 Data received: {'index': 25, 'x': [6.0], 'x_unit': 's', 'x_type': 'Time', 'y': [-1.994577407836914], 'y_unit': 'V', 'y_type': 'Potential'} 

2024-06-17 15:20:26,570 - INFO -run_logger.palmsens_driver 
 	 Data received: {'index': 26, 'x': [6.25], 'x_unit': 's', 'x_type': 'Time', 'y': [-1.994577407836914], 'y_unit': 'V', 'y_type': 'Potential'} 

2024-06-17 15:20:26,850 - INFO -run_logger.palmsens_driver 
 	 Data received: {'index': 27, 'x': [6.5], 'x_unit': 's', 'x_type': 'Time', 'y': [-1.994577407836914], 'y_unit': 'V', 'y_type': 'Potential'} 

2024-06-17 15:20:27,079 - INFO -run_logger.palmsens_driver 
 	 Data received: {'index': 28, 'x': [6.75], 'x_unit': 's', 'x_type': 'Time', 'y': [-1.9947338104248047], 'y_unit': 'V', 'y_type': 'Potential'} 

2024-06-17 15:20:27,355 - INFO -run_logger.palmsens_driver 
 	 Data received: {'index': 29, 'x': [7.0], 'x_unit': 's', 'x_type': 'Time', 'y': [-1.99481201171875], 'y_unit': 'V', 'y_type': 'Potential'} 

2024-06-17 15:20:27,600 - INFO -run_logger.palmsens_driver 
 	 Data received: {'index': 30, 'x': [7.25], 'x_unit': 's', 'x_type': 'Time', 'y': [-1.9947338104248047], 'y_unit': 'V', 'y_type': 'Potential'} 

2024-06-17 15:20:27,829 - INFO -run_logger.palmsens_driver 
 	 Data received: {'index': 31, 'x': [7.5], 'x_unit': 's', 'x_type': 'Time', 'y': [-1.99481201171875], 'y_unit': 'V', 'y_type': 'Potential'} 

2024-06-17 15:20:28,069 - INFO -run_logger.palmsens_driver 
 	 Data received: {'index': 32, 'x': [7.75], 'x_unit': 's', 'x_type': 'Time', 'y': [-1.9947338104248047], 'y_unit': 'V', 'y_type': 'Potential'} 

2024-06-17 15:20:28,337 - INFO -run_logger.palmsens_driver 
 	 Data received: {'index': 33, 'x': [8.0], 'x_unit': 's', 'x_type': 'Time', 'y': [-1.9947338104248047], 'y_unit': 'V', 'y_type': 'Potential'} 

2024-06-17 15:20:28,585 - INFO -run_logger.palmsens_driver 
 	 Data received: {'index': 34, 'x': [8.25], 'x_unit': 's', 'x_type': 'Time', 'y': [-1.99481201171875], 'y_unit': 'V', 'y_type': 'Potential'} 

2024-06-17 15:20:28,853 - INFO -run_logger.palmsens_driver 
 	 Data received: {'index': 35, 'x': [8.5], 'x_unit': 's', 'x_type': 'Time', 'y': [-1.99481201171875], 'y_unit': 'V', 'y_type': 'Potential'} 

2024-06-17 15:20:29,104 - INFO -run_logger.palmsens_driver 
 	 Data received: {'index': 36, 'x': [8.75], 'x_unit': 's', 'x_type': 'Time', 'y': [-1.9948902130126953], 'y_unit': 'V', 'y_type': 'Potential'} 

2024-06-17 15:20:29,323 - INFO -run_logger.palmsens_driver 
 	 Data received: {'index': 37, 'x': [9.0], 'x_unit': 's', 'x_type': 'Time', 'y': [-1.9947338104248047], 'y_unit': 'V', 'y_type': 'Potential'} 

2024-06-17 15:20:29,562 - INFO -run_logger.palmsens_driver 
 	 Data received: {'index': 38, 'x': [9.25], 'x_unit': 's', 'x_type': 'Time', 'y': [-1.9947338104248047], 'y_unit': 'V', 'y_type': 'Potential'} 

2024-06-17 15:20:29,839 - INFO -run_logger.palmsens_driver 
 	 Data received: {'index': 39, 'x': [9.5], 'x_unit': 's', 'x_type': 'Time', 'y': [-1.99481201171875], 'y_unit': 'V', 'y_type': 'Potential'} 

2024-06-17 15:20:30,087 - INFO -run_logger.palmsens_driver 
 	 Data received: {'index': 40, 'x': [9.75], 'x_unit': 's', 'x_type': 'Time', 'y': [-1.9947338104248047], 'y_unit': 'V', 'y_type': 'Potential'} 

2024-06-17 15:20:30,322 - INFO -run_logger.palmsens_driver 
 	 Data received: {'index': 41, 'x': [10.0], 'x_unit': 's', 'x_type': 'Time', 'y': [-1.99481201171875], 'y_unit': 'V', 'y_type': 'Potential'} 

2024-06-17 15:20:30,588 - INFO -run_logger.palmsens_driver 
 	 Data received: {'index': 42, 'x': [10.25], 'x_unit': 's', 'x_type': 'Time', 'y': [-1.9947338104248047], 'y_unit': 'V', 'y_type': 'Potential'} 

2024-06-17 15:20:30,828 - INFO -run_logger.palmsens_driver 
 	 Data received: {'index': 43, 'x': [10.5], 'x_unit': 's', 'x_type': 'Time', 'y': [-1.9947338104248047], 'y_unit': 'V', 'y_type': 'Potential'} 

2024-06-17 15:20:31,103 - INFO -run_logger.palmsens_driver 
 	 Data received: {'index': 44, 'x': [10.75], 'x_unit': 's', 'x_type': 'Time', 'y': [-1.9949684143066406], 'y_unit': 'V', 'y_type': 'Potential'} 

2024-06-17 15:20:31,334 - INFO -run_logger.palmsens_driver 
 	 Data received: {'index': 45, 'x': [11.0], 'x_unit': 's', 'x_type': 'Time', 'y': [-1.9949684143066406], 'y_unit': 'V', 'y_type': 'Potential'} 

2024-06-17 15:20:31,606 - INFO -run_logger.palmsens_driver 
 	 Data received: {'index': 46, 'x': [11.25], 'x_unit': 's', 'x_type': 'Time', 'y': [-1.995046615600586], 'y_unit': 'V', 'y_type': 'Potential'} 

2024-06-17 15:20:31,855 - INFO -run_logger.palmsens_driver 
 	 Data received: {'index': 47, 'x': [11.5], 'x_unit': 's', 'x_type': 'Time', 'y': [-1.995046615600586], 'y_unit': 'V', 'y_type': 'Potential'} 

2024-06-17 15:20:32,087 - INFO -run_logger.palmsens_driver 
 	 Data received: {'index': 48, 'x': [11.75], 'x_unit': 's', 'x_type': 'Time', 'y': [-1.9949684143066406], 'y_unit': 'V', 'y_type': 'Potential'} 

2024-06-17 15:20:32,320 - INFO -run_logger.palmsens_driver 
 	 Data received: {'index': 49, 'x': [12.0], 'x_unit': 's', 'x_type': 'Time', 'y': [-1.9949684143066406], 'y_unit': 'V', 'y_type': 'Potential'} 

2024-06-17 15:20:32,589 - INFO -run_logger.palmsens_driver 
 	 Data received: {'index': 50, 'x': [12.25], 'x_unit': 's', 'x_type': 'Time', 'y': [-1.9948902130126953], 'y_unit': 'V', 'y_type': 'Potential'} 

2024-06-17 15:20:32,834 - INFO -run_logger.palmsens_driver 
 	 Data received: {'index': 51, 'x': [12.5], 'x_unit': 's', 'x_type': 'Time', 'y': [-1.99481201171875], 'y_unit': 'V', 'y_type': 'Potential'} 

2024-06-17 15:20:33,069 - INFO -run_logger.palmsens_driver 
 	 Data received: {'index': 52, 'x': [12.75], 'x_unit': 's', 'x_type': 'Time', 'y': [-1.99481201171875], 'y_unit': 'V', 'y_type': 'Potential'} 

2024-06-17 15:20:33,352 - INFO -run_logger.palmsens_driver 
 	 Data received: {'index': 53, 'x': [13.0], 'x_unit': 's', 'x_type': 'Time', 'y': [-1.99481201171875], 'y_unit': 'V', 'y_type': 'Potential'} 

2024-06-17 15:20:33,590 - INFO -run_logger.palmsens_driver 
 	 Data received: {'index': 54, 'x': [13.25], 'x_unit': 's', 'x_type': 'Time', 'y': [-1.99481201171875], 'y_unit': 'V', 'y_type': 'Potential'} 

2024-06-17 15:20:33,822 - INFO -run_logger.palmsens_driver 
 	 Data received: {'index': 55, 'x': [13.5], 'x_unit': 's', 'x_type': 'Time', 'y': [-1.9947338104248047], 'y_unit': 'V', 'y_type': 'Potential'} 

2024-06-17 15:20:34,070 - INFO -run_logger.palmsens_driver 
 	 Data received: {'index': 56, 'x': [13.75], 'x_unit': 's', 'x_type': 'Time', 'y': [-1.9947338104248047], 'y_unit': 'V', 'y_type': 'Potential'} 

2024-06-17 15:20:34,338 - INFO -run_logger.palmsens_driver 
 	 Data received: {'index': 57, 'x': [14.0], 'x_unit': 's', 'x_type': 'Time', 'y': [-1.99481201171875], 'y_unit': 'V', 'y_type': 'Potential'} 

2024-06-17 15:20:34,608 - INFO -run_logger.palmsens_driver 
 	 Data received: {'index': 58, 'x': [14.25], 'x_unit': 's', 'x_type': 'Time', 'y': [-1.9947338104248047], 'y_unit': 'V', 'y_type': 'Potential'} 

2024-06-17 15:20:34,824 - INFO -run_logger.palmsens_driver 
 	 Data received: {'index': 59, 'x': [14.5], 'x_unit': 's', 'x_type': 'Time', 'y': [-1.99481201171875], 'y_unit': 'V', 'y_type': 'Potential'} 

2024-06-17 15:20:35,070 - INFO -run_logger.palmsens_driver 
 	 Data received: {'index': 60, 'x': [14.75], 'x_unit': 's', 'x_type': 'Time', 'y': [-1.9947338104248047], 'y_unit': 'V', 'y_type': 'Potential'} 

2024-06-17 15:20:35,353 - INFO -run_logger.palmsens_driver 
 	 Data received: {'index': 61, 'x': [15.0], 'x_unit': 's', 'x_type': 'Time', 'y': [-1.99481201171875], 'y_unit': 'V', 'y_type': 'Potential'} 

2024-06-17 15:20:35,588 - INFO -run_logger.palmsens_driver 
 	 Data received: {'index': 62, 'x': [15.25], 'x_unit': 's', 'x_type': 'Time', 'y': [-1.99481201171875], 'y_unit': 'V', 'y_type': 'Potential'} 

2024-06-17 15:20:35,822 - INFO -run_logger.palmsens_driver 
 	 Data received: {'index': 63, 'x': [15.5], 'x_unit': 's', 'x_type': 'Time', 'y': [-1.9947338104248047], 'y_unit': 'V', 'y_type': 'Potential'} 

2024-06-17 15:20:36,089 - INFO -run_logger.palmsens_driver 
 	 Data received: {'index': 64, 'x': [15.75], 'x_unit': 's', 'x_type': 'Time', 'y': [-1.9948902130126953], 'y_unit': 'V', 'y_type': 'Potential'} 

2024-06-17 15:20:36,342 - INFO -run_logger.palmsens_driver 
 	 Data received: {'index': 65, 'x': [16.0], 'x_unit': 's', 'x_type': 'Time', 'y': [-1.9948902130126953], 'y_unit': 'V', 'y_type': 'Potential'} 

2024-06-17 15:20:36,575 - INFO -run_logger.palmsens_driver 
 	 Data received: {'index': 66, 'x': [16.25], 'x_unit': 's', 'x_type': 'Time', 'y': [-1.9948902130126953], 'y_unit': 'V', 'y_type': 'Potential'} 

2024-06-17 15:20:36,855 - INFO -run_logger.palmsens_driver 
 	 Data received: {'index': 67, 'x': [16.5], 'x_unit': 's', 'x_type': 'Time', 'y': [-1.9949684143066406], 'y_unit': 'V', 'y_type': 'Potential'} 

2024-06-17 15:20:37,088 - INFO -run_logger.palmsens_driver 
 	 Data received: {'index': 68, 'x': [16.75], 'x_unit': 's', 'x_type': 'Time', 'y': [-1.9948902130126953], 'y_unit': 'V', 'y_type': 'Potential'} 

2024-06-17 15:20:37,340 - INFO -run_logger.palmsens_driver 
 	 Data received: {'index': 69, 'x': [17.0], 'x_unit': 's', 'x_type': 'Time', 'y': [-1.9949684143066406], 'y_unit': 'V', 'y_type': 'Potential'} 

2024-06-17 15:20:37,573 - INFO -run_logger.palmsens_driver 
 	 Data received: {'index': 70, 'x': [17.25], 'x_unit': 's', 'x_type': 'Time', 'y': [-1.9949684143066406], 'y_unit': 'V', 'y_type': 'Potential'} 

2024-06-17 15:20:37,841 - INFO -run_logger.palmsens_driver 
 	 Data received: {'index': 71, 'x': [17.5], 'x_unit': 's', 'x_type': 'Time', 'y': [-1.9949684143066406], 'y_unit': 'V', 'y_type': 'Potential'} 

2024-06-17 15:20:38,092 - INFO -run_logger.palmsens_driver 
 	 Data received: {'index': 72, 'x': [17.75], 'x_unit': 's', 'x_type': 'Time', 'y': [-1.9949684143066406], 'y_unit': 'V', 'y_type': 'Potential'} 

2024-06-17 15:20:38,316 - INFO -run_logger.palmsens_driver 
 	 Data received: {'index': 73, 'x': [18.0], 'x_unit': 's', 'x_type': 'Time', 'y': [-1.9948902130126953], 'y_unit': 'V', 'y_type': 'Potential'} 

2024-06-17 15:20:38,589 - INFO -run_logger.palmsens_driver 
 	 Data received: {'index': 74, 'x': [18.25], 'x_unit': 's', 'x_type': 'Time', 'y': [-1.9949684143066406], 'y_unit': 'V', 'y_type': 'Potential'} 

2024-06-17 15:20:38,822 - INFO -run_logger.palmsens_driver 
 	 Data received: {'index': 75, 'x': [18.5], 'x_unit': 's', 'x_type': 'Time', 'y': [-1.9949684143066406], 'y_unit': 'V', 'y_type': 'Potential'} 

2024-06-17 15:20:39,071 - INFO -run_logger.palmsens_driver 
 	 Data received: {'index': 76, 'x': [18.75], 'x_unit': 's', 'x_type': 'Time', 'y': [-1.9948902130126953], 'y_unit': 'V', 'y_type': 'Potential'} 

2024-06-17 15:20:39,358 - INFO -run_logger.palmsens_driver 
 	 Data received: {'index': 77, 'x': [19.0], 'x_unit': 's', 'x_type': 'Time', 'y': [-1.9949684143066406], 'y_unit': 'V', 'y_type': 'Potential'} 

2024-06-17 15:20:39,592 - INFO -run_logger.palmsens_driver 
 	 Data received: {'index': 78, 'x': [19.25], 'x_unit': 's', 'x_type': 'Time', 'y': [-1.9948902130126953], 'y_unit': 'V', 'y_type': 'Potential'} 

2024-06-17 15:20:39,824 - INFO -run_logger.palmsens_driver 
 	 Data received: {'index': 79, 'x': [19.5], 'x_unit': 's', 'x_type': 'Time', 'y': [-1.9948902130126953], 'y_unit': 'V', 'y_type': 'Potential'} 

2024-06-17 15:20:40,107 - INFO -run_logger.palmsens_driver 
 	 Data received: {'index': 80, 'x': [19.75], 'x_unit': 's', 'x_type': 'Time', 'y': [-1.9949684143066406], 'y_unit': 'V', 'y_type': 'Potential'} 

2024-06-17 15:20:40,322 - INFO -run_logger.palmsens_driver 
 	 Data received: {'index': 81, 'x': [20.0], 'x_unit': 's', 'x_type': 'Time', 'y': [-1.9948902130126953], 'y_unit': 'V', 'y_type': 'Potential'} 

2024-06-17 15:20:40,361 - INFO -run_logger.palmsens_driver 
 	 result:
{'Title': 'Open Circuit Potentiometry', 'timestamp': '17/06/2024 15:20:18', 'current_arrays': [[0.2384185791015625, 0.2384185791015625, 0.2384185791015625, 0.2384185791015625, 0.2384185791015625, 0.2384185791015625, 0.2384185791015625, 0.2384185791015625, 0.2384185791015625, 0.2384185791015625, 0.2384185791015625, 0.2384185791015625, 0.2384185791015625, 0.2384185791015625, 0.2384185791015625, 0.2384185791015625, 0.2384185791015625, 0.2384185791015625, 0.2384185791015625, 0.2384185791015625, 0.2384185791015625, 0.2384185791015625, 0.2384185791015625, 0.2384185791015625, 0.2384185791015625, 0.2384185791015625, 0.2384185791015625, 0.2384185791015625, 0.2384185791015625, 0.2384185791015625, 0.2384185791015625, 0.2384185791015625, 0.2384185791015625, 0.2384185791015625, 0.2384185791015625, 0.2384185791015625, 0.2384185791015625, 0.2384185791015625, 0.2384185791015625, 0.2384185791015625, 0.2384185791015625, 0.2384185791015625, 0.2384185791015625, 0.2384185791015625, 0.2384185791015625, 0.2384185791015625, 0.2384185791015625, 0.2384185791015625, 0.2384185791015625, 0.2384185791015625, 0.2384185791015625, 0.2384185791015625, 0.2384185791015625, 0.2384185791015625, 0.2384185791015625, 0.2384185791015625, 0.2384185791015625, 0.2384185791015625, 0.2384185791015625, 0.2384185791015625, 0.2384185791015625, 0.2384185791015625, 0.2384185791015625, 0.2384185791015625, 0.2384185791015625, 0.2384185791015625, 0.2384185791015625, 0.2384185791015625, 0.2384185791015625, 0.2384185791015625, 0.2384185791015625, 0.2384185791015625, 0.2384185791015625, 0.2384185791015625, 0.2384185791015625, 0.2384185791015625, 0.2384185791015625, 0.2384185791015625, 0.2384185791015625, 0.2384185791015625, 0.2384185791015625]], 'potential_arrays': [[-1.9936399459838867, -1.9936399459838867, -1.9937963485717773, -1.993718147277832, -1.9938745498657227, -1.9937963485717773, -1.9937963485717773, -1.9938745498657227, -1.9938745498657227, -1.9938745498657227, -1.9938745498657227, -1.9937963485717773, -1.9938745498657227, -1.9937963485717773, -1.9938745498657227, -1.993952751159668, -1.9938745498657227, -1.9940309524536133, -1.9940309524536133, -1.9945001602172852, -1.9945001602172852, -1.9945001602172852, -1.9945001602172852, -1.9945001602172852, -1.994577407836914, -1.994577407836914, -1.994577407836914, -1.9947338104248047, -1.99481201171875, -1.9947338104248047, -1.99481201171875, -1.9947338104248047, -1.9947338104248047, -1.99481201171875, -1.99481201171875, -1.9948902130126953, -1.9947338104248047, -1.9947338104248047, -1.99481201171875, -1.9947338104248047, -1.99481201171875, -1.9947338104248047, -1.9947338104248047, -1.9949684143066406, -1.9949684143066406, -1.995046615600586, -1.995046615600586, -1.9949684143066406, -1.9949684143066406, -1.9948902130126953, -1.99481201171875, -1.99481201171875, -1.99481201171875, -1.99481201171875, -1.9947338104248047, -1.9947338104248047, -1.99481201171875, -1.9947338104248047, -1.99481201171875, -1.9947338104248047, -1.99481201171875, -1.99481201171875, -1.9947338104248047, -1.9948902130126953, -1.9948902130126953, -1.9948902130126953, -1.9949684143066406, -1.9948902130126953, -1.9949684143066406, -1.9949684143066406, -1.9949684143066406, -1.9949684143066406, -1.9948902130126953, -1.9949684143066406, -1.9949684143066406, -1.9948902130126953, -1.9949684143066406, -1.9948902130126953, -1.9948902130126953, -1.9949684143066406, -1.9948902130126953]], 'time_arrays': [[0.0, 0.25, 0.5, 0.75, 1.0, 1.25, 1.5, 1.75, 2.0, 2.25, 2.5, 2.75, 3.0, 3.25, 3.5, 3.75, 4.0, 4.25, 4.5, 4.75, 5.0, 5.25, 5.5, 5.75, 6.0, 6.25, 6.5, 6.75, 7.0, 7.25, 7.5, 7.75, 8.0, 8.25, 8.5, 8.75, 9.0, 9.25, 9.5, 9.75, 10.0, 10.25, 10.5, 10.75, 11.0, 11.25, 11.5, 11.75, 12.0, 12.25, 12.5, 12.75, 13.0, 13.25, 13.5, 13.75, 14.0, 14.25, 14.5, 14.75, 15.0, 15.25, 15.5, 15.75, 16.0, 16.25, 16.5, 16.75, 17.0, 17.25, 17.5, 17.75, 18.0, 18.25, 18.5, 18.75, 19.0, 19.25, 19.5, 19.75, 20.0]], 'freq_arrays': [], 'zre_arrays': [], 'zim_arrays': [], 'aux_input_arrays': [], 'peaks': [], 'eis_fit': []} 

