2024-06-17 14:54:53,580 - INFO -run_logger.palmsens_driver 
 	 Successfully connected to PalmSens4 [1]. 

2024-06-17 14:56:25,737 - INFO -run_logger.palmsens_driver 
 	 Data received: {'index': 1, 'x': [0.0], 'x_unit': 's', 'x_type': 'Time', 'y': [-1.9807500839233398], 'y_unit': 'V', 'y_type': 'Potential'} 

2024-06-17 14:56:25,973 - INFO -run_logger.palmsens_driver 
 	 Data received: {'index': 2, 'x': [0.25], 'x_unit': 's', 'x_type': 'Time', 'y': [-1.980905532836914], 'y_unit': 'V', 'y_type': 'Potential'} 

2024-06-17 14:56:26,242 - INFO -run_logger.palmsens_driver 
 	 Data received: {'index': 3, 'x': [0.5], 'x_unit': 's', 'x_type': 'Time', 'y': [-1.980905532836914], 'y_unit': 'V', 'y_type': 'Potential'} 

2024-06-17 14:56:26,485 - INFO -run_logger.palmsens_driver 
 	 Data received: {'index': 4, 'x': [0.75], 'x_unit': 's', 'x_type': 'Time', 'y': [-1.9809837341308594], 'y_unit': 'V', 'y_type': 'Potential'} 

2024-06-17 14:56:26,723 - INFO -run_logger.palmsens_driver 
 	 Data received: {'index': 5, 'x': [1.0], 'x_unit': 's', 'x_type': 'Time', 'y': [-1.9809837341308594], 'y_unit': 'V', 'y_type': 'Potential'} 

2024-06-17 14:56:27,003 - INFO -run_logger.palmsens_driver 
 	 Data received: {'index': 6, 'x': [1.25], 'x_unit': 's', 'x_type': 'Time', 'y': [-1.980905532836914], 'y_unit': 'V', 'y_type': 'Potential'} 

2024-06-17 14:56:27,237 - INFO -run_logger.palmsens_driver 
 	 Data received: {'index': 7, 'x': [1.5], 'x_unit': 's', 'x_type': 'Time', 'y': [-1.9810619354248047], 'y_unit': 'V', 'y_type': 'Potential'} 

2024-06-17 14:56:27,472 - INFO -run_logger.palmsens_driver 
 	 Data received: {'index': 8, 'x': [1.75], 'x_unit': 's', 'x_type': 'Time', 'y': [-1.9809837341308594], 'y_unit': 'V', 'y_type': 'Potential'} 

2024-06-17 14:56:27,741 - INFO -run_logger.palmsens_driver 
 	 Data received: {'index': 9, 'x': [2.0], 'x_unit': 's', 'x_type': 'Time', 'y': [-1.9810619354248047], 'y_unit': 'V', 'y_type': 'Potential'} 

2024-06-17 14:56:27,971 - INFO -run_logger.palmsens_driver 
 	 Data received: {'index': 10, 'x': [2.25], 'x_unit': 's', 'x_type': 'Time', 'y': [-1.98114013671875], 'y_unit': 'V', 'y_type': 'Potential'} 

2024-06-17 14:56:28,254 - INFO -run_logger.palmsens_driver 
 	 Data received: {'index': 11, 'x': [2.5], 'x_unit': 's', 'x_type': 'Time', 'y': [-1.9810619354248047], 'y_unit': 'V', 'y_type': 'Potential'} 

2024-06-17 14:56:28,488 - INFO -run_logger.palmsens_driver 
 	 Data received: {'index': 12, 'x': [2.75], 'x_unit': 's', 'x_type': 'Time', 'y': [-1.9812183380126953], 'y_unit': 'V', 'y_type': 'Potential'} 

2024-06-17 14:56:28,720 - INFO -run_logger.palmsens_driver 
 	 Data received: {'index': 13, 'x': [3.0], 'x_unit': 's', 'x_type': 'Time', 'y': [-1.98114013671875], 'y_unit': 'V', 'y_type': 'Potential'} 

2024-06-17 14:56:29,006 - INFO -run_logger.palmsens_driver 
 	 Data received: {'index': 14, 'x': [3.25], 'x_unit': 's', 'x_type': 'Time', 'y': [-1.98114013671875], 'y_unit': 'V', 'y_type': 'Potential'} 

2024-06-17 14:56:29,237 - INFO -run_logger.palmsens_driver 
 	 Data received: {'index': 15, 'x': [3.5], 'x_unit': 's', 'x_type': 'Time', 'y': [-1.98114013671875], 'y_unit': 'V', 'y_type': 'Potential'} 

2024-06-17 14:56:29,471 - INFO -run_logger.palmsens_driver 
 	 Data received: {'index': 16, 'x': [3.75], 'x_unit': 's', 'x_type': 'Time', 'y': [-1.9810619354248047], 'y_unit': 'V', 'y_type': 'Potential'} 

2024-06-17 14:56:29,741 - INFO -run_logger.palmsens_driver 
 	 Data received: {'index': 17, 'x': [4.0], 'x_unit': 's', 'x_type': 'Time', 'y': [-1.98114013671875], 'y_unit': 'V', 'y_type': 'Potential'} 

2024-06-17 14:56:29,970 - INFO -run_logger.palmsens_driver 
 	 Data received: {'index': 18, 'x': [4.25], 'x_unit': 's', 'x_type': 'Time', 'y': [-1.9810619354248047], 'y_unit': 'V', 'y_type': 'Potential'} 

2024-06-17 14:56:30,238 - INFO -run_logger.palmsens_driver 
 	 Data received: {'index': 19, 'x': [4.5], 'x_unit': 's', 'x_type': 'Time', 'y': [-1.9810619354248047], 'y_unit': 'V', 'y_type': 'Potential'} 

2024-06-17 14:56:30,472 - INFO -run_logger.palmsens_driver 
 	 Data received: {'index': 20, 'x': [4.75], 'x_unit': 's', 'x_type': 'Time', 'y': [-1.98114013671875], 'y_unit': 'V', 'y_type': 'Potential'} 

2024-06-17 14:56:30,755 - INFO -run_logger.palmsens_driver 
 	 Data received: {'index': 21, 'x': [5.0], 'x_unit': 's', 'x_type': 'Time', 'y': [-1.9809837341308594], 'y_unit': 'V', 'y_type': 'Potential'} 

2024-06-17 14:56:30,986 - INFO -run_logger.palmsens_driver 
 	 Data received: {'index': 22, 'x': [5.25], 'x_unit': 's', 'x_type': 'Time', 'y': [-1.9809837341308594], 'y_unit': 'V', 'y_type': 'Potential'} 

2024-06-17 14:56:31,221 - INFO -run_logger.palmsens_driver 
 	 Data received: {'index': 23, 'x': [5.5], 'x_unit': 's', 'x_type': 'Time', 'y': [-1.980905532836914], 'y_unit': 'V', 'y_type': 'Potential'} 

2024-06-17 14:56:31,503 - INFO -run_logger.palmsens_driver 
 	 Data received: {'index': 24, 'x': [5.75], 'x_unit': 's', 'x_type': 'Time', 'y': [-1.980905532836914], 'y_unit': 'V', 'y_type': 'Potential'} 

2024-06-17 14:56:31,738 - INFO -run_logger.palmsens_driver 
 	 Data received: {'index': 25, 'x': [6.0], 'x_unit': 's', 'x_type': 'Time', 'y': [-1.980905532836914], 'y_unit': 'V', 'y_type': 'Potential'} 

2024-06-17 14:56:31,972 - INFO -run_logger.palmsens_driver 
 	 Data received: {'index': 26, 'x': [6.25], 'x_unit': 's', 'x_type': 'Time', 'y': [-1.9808273315429688], 'y_unit': 'V', 'y_type': 'Potential'} 

2024-06-17 14:56:32,221 - INFO -run_logger.palmsens_driver 
 	 Data received: {'index': 27, 'x': [6.5], 'x_unit': 's', 'x_type': 'Time', 'y': [-1.9808273315429688], 'y_unit': 'V', 'y_type': 'Potential'} 

2024-06-17 14:56:32,502 - INFO -run_logger.palmsens_driver 
 	 Data received: {'index': 28, 'x': [6.75], 'x_unit': 's', 'x_type': 'Time', 'y': [-1.9808273315429688], 'y_unit': 'V', 'y_type': 'Potential'} 

2024-06-17 14:56:32,722 - INFO -run_logger.palmsens_driver 
 	 Data received: {'index': 29, 'x': [7.0], 'x_unit': 's', 'x_type': 'Time', 'y': [-1.9808273315429688], 'y_unit': 'V', 'y_type': 'Potential'} 

2024-06-17 14:56:33,006 - INFO -run_logger.palmsens_driver 
 	 Data received: {'index': 30, 'x': [7.25], 'x_unit': 's', 'x_type': 'Time', 'y': [-1.9807500839233398], 'y_unit': 'V', 'y_type': 'Potential'} 

2024-06-17 14:56:33,239 - INFO -run_logger.palmsens_driver 
 	 Data received: {'index': 31, 'x': [7.5], 'x_unit': 's', 'x_type': 'Time', 'y': [-1.9806718826293945], 'y_unit': 'V', 'y_type': 'Potential'} 

2024-06-17 14:56:33,506 - INFO -run_logger.palmsens_driver 
 	 Data received: {'index': 32, 'x': [7.75], 'x_unit': 's', 'x_type': 'Time', 'y': [-1.9807500839233398], 'y_unit': 'V', 'y_type': 'Potential'} 

2024-06-17 14:56:33,741 - INFO -run_logger.palmsens_driver 
 	 Data received: {'index': 33, 'x': [8.0], 'x_unit': 's', 'x_type': 'Time', 'y': [-1.9806718826293945], 'y_unit': 'V', 'y_type': 'Potential'} 

2024-06-17 14:56:33,988 - INFO -run_logger.palmsens_driver 
 	 Data received: {'index': 34, 'x': [8.25], 'x_unit': 's', 'x_type': 'Time', 'y': [-1.9805936813354492], 'y_unit': 'V', 'y_type': 'Potential'} 

2024-06-17 14:56:34,254 - INFO -run_logger.palmsens_driver 
 	 Data received: {'index': 35, 'x': [8.5], 'x_unit': 's', 'x_type': 'Time', 'y': [-1.9806718826293945], 'y_unit': 'V', 'y_type': 'Potential'} 

2024-06-17 14:56:34,491 - INFO -run_logger.palmsens_driver 
 	 Data received: {'index': 36, 'x': [8.75], 'x_unit': 's', 'x_type': 'Time', 'y': [-1.9806718826293945], 'y_unit': 'V', 'y_type': 'Potential'} 

2024-06-17 14:56:34,762 - INFO -run_logger.palmsens_driver 
 	 Data received: {'index': 37, 'x': [9.0], 'x_unit': 's', 'x_type': 'Time', 'y': [-1.9805936813354492], 'y_unit': 'V', 'y_type': 'Potential'} 

2024-06-17 14:56:34,997 - INFO -run_logger.palmsens_driver 
 	 Data received: {'index': 38, 'x': [9.25], 'x_unit': 's', 'x_type': 'Time', 'y': [-1.9807500839233398], 'y_unit': 'V', 'y_type': 'Potential'} 

2024-06-17 14:56:35,232 - INFO -run_logger.palmsens_driver 
 	 Data received: {'index': 39, 'x': [9.5], 'x_unit': 's', 'x_type': 'Time', 'y': [-1.9806718826293945], 'y_unit': 'V', 'y_type': 'Potential'} 

2024-06-17 14:56:35,472 - INFO -run_logger.palmsens_driver 
 	 Data received: {'index': 40, 'x': [9.75], 'x_unit': 's', 'x_type': 'Time', 'y': [-1.9807500839233398], 'y_unit': 'V', 'y_type': 'Potential'} 

2024-06-17 14:56:35,747 - INFO -run_logger.palmsens_driver 
 	 Data received: {'index': 41, 'x': [10.0], 'x_unit': 's', 'x_type': 'Time', 'y': [-1.9806718826293945], 'y_unit': 'V', 'y_type': 'Potential'} 

2024-06-17 14:56:35,986 - INFO -run_logger.palmsens_driver 
 	 Data received: {'index': 42, 'x': [10.25], 'x_unit': 's', 'x_type': 'Time', 'y': [-1.9806718826293945], 'y_unit': 'V', 'y_type': 'Potential'} 

2024-06-17 14:56:36,218 - INFO -run_logger.palmsens_driver 
 	 Data received: {'index': 43, 'x': [10.5], 'x_unit': 's', 'x_type': 'Time', 'y': [-1.9807500839233398], 'y_unit': 'V', 'y_type': 'Potential'} 

2024-06-17 14:56:36,501 - INFO -run_logger.palmsens_driver 
 	 Data received: {'index': 44, 'x': [10.75], 'x_unit': 's', 'x_type': 'Time', 'y': [-1.9805936813354492], 'y_unit': 'V', 'y_type': 'Potential'} 

2024-06-17 14:56:36,730 - INFO -run_logger.palmsens_driver 
 	 Data received: {'index': 45, 'x': [11.0], 'x_unit': 's', 'x_type': 'Time', 'y': [-1.9806718826293945], 'y_unit': 'V', 'y_type': 'Potential'} 

2024-06-17 14:56:36,969 - INFO -run_logger.palmsens_driver 
 	 Data received: {'index': 46, 'x': [11.25], 'x_unit': 's', 'x_type': 'Time', 'y': [-1.9806718826293945], 'y_unit': 'V', 'y_type': 'Potential'} 

2024-06-17 14:56:37,221 - INFO -run_logger.palmsens_driver 
 	 Data received: {'index': 47, 'x': [11.5], 'x_unit': 's', 'x_type': 'Time', 'y': [-1.9805936813354492], 'y_unit': 'V', 'y_type': 'Potential'} 

2024-06-17 14:56:37,498 - INFO -run_logger.palmsens_driver 
 	 Data received: {'index': 48, 'x': [11.75], 'x_unit': 's', 'x_type': 'Time', 'y': [-1.9806718826293945], 'y_unit': 'V', 'y_type': 'Potential'} 

2024-06-17 14:56:37,739 - INFO -run_logger.palmsens_driver 
 	 Data received: {'index': 49, 'x': [12.0], 'x_unit': 's', 'x_type': 'Time', 'y': [-1.980515480041504], 'y_unit': 'V', 'y_type': 'Potential'} 

2024-06-17 14:56:37,971 - INFO -run_logger.palmsens_driver 
 	 Data received: {'index': 50, 'x': [12.25], 'x_unit': 's', 'x_type': 'Time', 'y': [-1.9805936813354492], 'y_unit': 'V', 'y_type': 'Potential'} 

2024-06-17 14:56:38,239 - INFO -run_logger.palmsens_driver 
 	 Data received: {'index': 51, 'x': [12.5], 'x_unit': 's', 'x_type': 'Time', 'y': [-1.9805936813354492], 'y_unit': 'V', 'y_type': 'Potential'} 

2024-06-17 14:56:38,471 - INFO -run_logger.palmsens_driver 
 	 Data received: {'index': 52, 'x': [12.75], 'x_unit': 's', 'x_type': 'Time', 'y': [-1.980515480041504], 'y_unit': 'V', 'y_type': 'Potential'} 

2024-06-17 14:56:38,754 - INFO -run_logger.palmsens_driver 
 	 Data received: {'index': 53, 'x': [13.0], 'x_unit': 's', 'x_type': 'Time', 'y': [-1.9805936813354492], 'y_unit': 'V', 'y_type': 'Potential'} 

2024-06-17 14:56:38,986 - INFO -run_logger.palmsens_driver 
 	 Data received: {'index': 54, 'x': [13.25], 'x_unit': 's', 'x_type': 'Time', 'y': [-1.9804372787475586], 'y_unit': 'V', 'y_type': 'Potential'} 

2024-06-17 14:56:39,219 - INFO -run_logger.palmsens_driver 
 	 Data received: {'index': 55, 'x': [13.5], 'x_unit': 's', 'x_type': 'Time', 'y': [-1.9804372787475586], 'y_unit': 'V', 'y_type': 'Potential'} 

2024-06-17 14:56:39,506 - INFO -run_logger.palmsens_driver 
 	 Data received: {'index': 56, 'x': [13.75], 'x_unit': 's', 'x_type': 'Time', 'y': [-1.980515480041504], 'y_unit': 'V', 'y_type': 'Potential'} 

2024-06-17 14:56:39,737 - INFO -run_logger.palmsens_driver 
 	 Data received: {'index': 57, 'x': [14.0], 'x_unit': 's', 'x_type': 'Time', 'y': [-1.9804372787475586], 'y_unit': 'V', 'y_type': 'Potential'} 

2024-06-17 14:56:40,007 - INFO -run_logger.palmsens_driver 
 	 Data received: {'index': 58, 'x': [14.25], 'x_unit': 's', 'x_type': 'Time', 'y': [-1.980515480041504], 'y_unit': 'V', 'y_type': 'Potential'} 

2024-06-17 14:56:40,239 - INFO -run_logger.palmsens_driver 
 	 Data received: {'index': 59, 'x': [14.5], 'x_unit': 's', 'x_type': 'Time', 'y': [-1.9803590774536133], 'y_unit': 'V', 'y_type': 'Potential'} 

2024-06-17 14:56:40,491 - INFO -run_logger.palmsens_driver 
 	 Data received: {'index': 60, 'x': [14.75], 'x_unit': 's', 'x_type': 'Time', 'y': [-1.9803590774536133], 'y_unit': 'V', 'y_type': 'Potential'} 

2024-06-17 14:56:40,728 - INFO -run_logger.palmsens_driver 
 	 Data received: {'index': 61, 'x': [15.0], 'x_unit': 's', 'x_type': 'Time', 'y': [-1.980515480041504], 'y_unit': 'V', 'y_type': 'Potential'} 

2024-06-17 14:56:41,010 - INFO -run_logger.palmsens_driver 
 	 Data received: {'index': 62, 'x': [15.25], 'x_unit': 's', 'x_type': 'Time', 'y': [-1.9803590774536133], 'y_unit': 'V', 'y_type': 'Potential'} 

2024-06-17 14:56:41,246 - INFO -run_logger.palmsens_driver 
 	 Data received: {'index': 63, 'x': [15.5], 'x_unit': 's', 'x_type': 'Time', 'y': [-1.980515480041504], 'y_unit': 'V', 'y_type': 'Potential'} 

2024-06-17 14:56:41,480 - INFO -run_logger.palmsens_driver 
 	 Data received: {'index': 64, 'x': [15.75], 'x_unit': 's', 'x_type': 'Time', 'y': [-1.9804372787475586], 'y_unit': 'V', 'y_type': 'Potential'} 

2024-06-17 14:56:41,762 - INFO -run_logger.palmsens_driver 
 	 Data received: {'index': 65, 'x': [16.0], 'x_unit': 's', 'x_type': 'Time', 'y': [-1.9803590774536133], 'y_unit': 'V', 'y_type': 'Potential'} 

2024-06-17 14:56:41,998 - INFO -run_logger.palmsens_driver 
 	 Data received: {'index': 66, 'x': [16.25], 'x_unit': 's', 'x_type': 'Time', 'y': [-1.9803590774536133], 'y_unit': 'V', 'y_type': 'Potential'} 

2024-06-17 14:56:42,232 - INFO -run_logger.palmsens_driver 
 	 Data received: {'index': 67, 'x': [16.5], 'x_unit': 's', 'x_type': 'Time', 'y': [-1.980280876159668], 'y_unit': 'V', 'y_type': 'Potential'} 

2024-06-17 14:56:42,466 - INFO -run_logger.palmsens_driver 
 	 Data received: {'index': 68, 'x': [16.75], 'x_unit': 's', 'x_type': 'Time', 'y': [-1.9803590774536133], 'y_unit': 'V', 'y_type': 'Potential'} 

2024-06-17 14:56:42,749 - INFO -run_logger.palmsens_driver 
 	 Data received: {'index': 69, 'x': [17.0], 'x_unit': 's', 'x_type': 'Time', 'y': [-1.9803590774536133], 'y_unit': 'V', 'y_type': 'Potential'} 

2024-06-17 14:56:42,988 - INFO -run_logger.palmsens_driver 
 	 Data received: {'index': 70, 'x': [17.25], 'x_unit': 's', 'x_type': 'Time', 'y': [-1.9802026748657227], 'y_unit': 'V', 'y_type': 'Potential'} 

2024-06-17 14:56:43,222 - INFO -run_logger.palmsens_driver 
 	 Data received: {'index': 71, 'x': [17.5], 'x_unit': 's', 'x_type': 'Time', 'y': [-1.980280876159668], 'y_unit': 'V', 'y_type': 'Potential'} 

2024-06-17 14:56:43,494 - INFO -run_logger.palmsens_driver 
 	 Data received: {'index': 72, 'x': [17.75], 'x_unit': 's', 'x_type': 'Time', 'y': [-1.9802026748657227], 'y_unit': 'V', 'y_type': 'Potential'} 

2024-06-17 14:56:43,737 - INFO -run_logger.palmsens_driver 
 	 Data received: {'index': 73, 'x': [18.0], 'x_unit': 's', 'x_type': 'Time', 'y': [-1.980280876159668], 'y_unit': 'V', 'y_type': 'Potential'} 

2024-06-17 14:56:43,975 - INFO -run_logger.palmsens_driver 
 	 Data received: {'index': 74, 'x': [18.25], 'x_unit': 's', 'x_type': 'Time', 'y': [-1.9802026748657227], 'y_unit': 'V', 'y_type': 'Potential'} 

2024-06-17 14:56:44,254 - INFO -run_logger.palmsens_driver 
 	 Data received: {'index': 75, 'x': [18.5], 'x_unit': 's', 'x_type': 'Time', 'y': [-1.9802026748657227], 'y_unit': 'V', 'y_type': 'Potential'} 

2024-06-17 14:56:44,488 - INFO -run_logger.palmsens_driver 
 	 Data received: {'index': 76, 'x': [18.75], 'x_unit': 's', 'x_type': 'Time', 'y': [-1.9802026748657227], 'y_unit': 'V', 'y_type': 'Potential'} 

2024-06-17 14:56:44,723 - INFO -run_logger.palmsens_driver 
 	 Data received: {'index': 77, 'x': [19.0], 'x_unit': 's', 'x_type': 'Time', 'y': [-1.9801244735717773], 'y_unit': 'V', 'y_type': 'Potential'} 

2024-06-17 14:56:45,006 - INFO -run_logger.palmsens_driver 
 	 Data received: {'index': 78, 'x': [19.25], 'x_unit': 's', 'x_type': 'Time', 'y': [-1.9801244735717773], 'y_unit': 'V', 'y_type': 'Potential'} 

2024-06-17 14:56:45,237 - INFO -run_logger.palmsens_driver 
 	 Data received: {'index': 79, 'x': [19.5], 'x_unit': 's', 'x_type': 'Time', 'y': [-1.9802026748657227], 'y_unit': 'V', 'y_type': 'Potential'} 

2024-06-17 14:56:45,474 - INFO -run_logger.palmsens_driver 
 	 Data received: {'index': 80, 'x': [19.75], 'x_unit': 's', 'x_type': 'Time', 'y': [-1.980046272277832], 'y_unit': 'V', 'y_type': 'Potential'} 

2024-06-17 14:56:45,742 - INFO -run_logger.palmsens_driver 
 	 Data received: {'index': 81, 'x': [20.0], 'x_unit': 's', 'x_type': 'Time', 'y': [-1.9801244735717773], 'y_unit': 'V', 'y_type': 'Potential'} 

2024-06-17 14:56:45,757 - INFO -run_logger.palmsens_driver 
 	 result:
{'Title': 'Open Circuit Potentiometry', 'timestamp': '17/06/2024 14:56:24', 'current_arrays': [[0.2384185791015625, 0.2384185791015625, 0.2384185791015625, 0.2384185791015625, 0.2384185791015625, 0.2384185791015625, 0.2384185791015625, 0.2384185791015625, 0.2384185791015625, 0.2384185791015625, 0.2384185791015625, 0.2384185791015625, 0.2384185791015625, 0.2384185791015625, 0.2384185791015625, 0.2384185791015625, 0.2384185791015625, 0.2384185791015625, 0.2384185791015625, 0.2384185791015625, 0.2384185791015625, 0.2384185791015625, 0.2384185791015625, 0.2384185791015625, 0.2384185791015625, 0.2384185791015625, 0.2384185791015625, 0.2384185791015625, 0.2384185791015625, 0.2384185791015625, 0.2384185791015625, 0.2384185791015625, 0.2384185791015625, 0.2384185791015625, 0.2384185791015625, 0.2384185791015625, 0.2384185791015625, 0.2384185791015625, 0.2384185791015625, 0.2384185791015625, 0.2384185791015625, 0.2384185791015625, 0.2384185791015625, 0.2384185791015625, 0.2384185791015625, 0.2384185791015625, 0.2384185791015625, 0.2384185791015625, 0.2384185791015625, 0.2384185791015625, 0.2384185791015625, 0.2384185791015625, 0.2384185791015625, 0.2384185791015625, 0.2384185791015625, 0.2384185791015625, 0.2384185791015625, 0.2384185791015625, 0.2384185791015625, 0.2384185791015625, 0.2384185791015625, 0.2384185791015625, 0.2384185791015625, 0.2384185791015625, 0.2384185791015625, 0.2384185791015625, 0.2384185791015625, 0.2384185791015625, 0.2384185791015625, 0.2384185791015625, 0.2384185791015625, 0.2384185791015625, 0.2384185791015625, 0.2384185791015625, 0.2384185791015625, 0.2384185791015625, 0.2384185791015625, 0.2384185791015625, 0.2384185791015625, 0.2384185791015625, 0.2384185791015625]], 'potential_arrays': [[-1.9807500839233398, -1.980905532836914, -1.980905532836914, -1.9809837341308594, -1.9809837341308594, -1.980905532836914, -1.9810619354248047, -1.9809837341308594, -1.9810619354248047, -1.98114013671875, -1.9810619354248047, -1.9812183380126953, -1.98114013671875, -1.98114013671875, -1.98114013671875, -1.9810619354248047, -1.98114013671875, -1.9810619354248047, -1.9810619354248047, -1.98114013671875, -1.9809837341308594, -1.9809837341308594, -1.980905532836914, -1.980905532836914, -1.980905532836914, -1.9808273315429688, -1.9808273315429688, -1.9808273315429688, -1.9808273315429688, -1.9807500839233398, -1.9806718826293945, -1.9807500839233398, -1.9806718826293945, -1.9805936813354492, -1.9806718826293945, -1.9806718826293945, -1.9805936813354492, -1.9807500839233398, -1.9806718826293945, -1.9807500839233398, -1.9806718826293945, -1.9806718826293945, -1.9807500839233398, -1.9805936813354492, -1.9806718826293945, -1.9806718826293945, -1.9805936813354492, -1.9806718826293945, -1.980515480041504, -1.9805936813354492, -1.9805936813354492, -1.980515480041504, -1.9805936813354492, -1.9804372787475586, -1.9804372787475586, -1.980515480041504, -1.9804372787475586, -1.980515480041504, -1.9803590774536133, -1.9803590774536133, -1.980515480041504, -1.9803590774536133, -1.980515480041504, -1.9804372787475586, -1.9803590774536133, -1.9803590774536133, -1.980280876159668, -1.9803590774536133, -1.9803590774536133, -1.9802026748657227, -1.980280876159668, -1.9802026748657227, -1.980280876159668, -1.9802026748657227, -1.9802026748657227, -1.9802026748657227, -1.9801244735717773, -1.9801244735717773, -1.9802026748657227, -1.980046272277832, -1.9801244735717773]], 'time_arrays': [[0.0, 0.25, 0.5, 0.75, 1.0, 1.25, 1.5, 1.75, 2.0, 2.25, 2.5, 2.75, 3.0, 3.25, 3.5, 3.75, 4.0, 4.25, 4.5, 4.75, 5.0, 5.25, 5.5, 5.75, 6.0, 6.25, 6.5, 6.75, 7.0, 7.25, 7.5, 7.75, 8.0, 8.25, 8.5, 8.75, 9.0, 9.25, 9.5, 9.75, 10.0, 10.25, 10.5, 10.75, 11.0, 11.25, 11.5, 11.75, 12.0, 12.25, 12.5, 12.75, 13.0, 13.25, 13.5, 13.75, 14.0, 14.25, 14.5, 14.75, 15.0, 15.25, 15.5, 15.75, 16.0, 16.25, 16.5, 16.75, 17.0, 17.25, 17.5, 17.75, 18.0, 18.25, 18.5, 18.75, 19.0, 19.25, 19.5, 19.75, 20.0]], 'freq_arrays': [], 'zre_arrays': [], 'zim_arrays': [], 'aux_input_arrays': [], 'peaks': [], 'eis_fit': []} 

