2024-06-17 15:00:42,555 - INFO -run_logger.palmsens_driver 
 	 Successfully connected to PalmSens4 [1]. 

2024-06-17 15:03:34,180 - INFO -run_logger.palmsens_driver 
 	 Data received: {'index': 1, 'x': [0.0], 'x_unit': 's', 'x_type': 'Time', 'y': [-1.9819211959838867], 'y_unit': 'V', 'y_type': 'Potential'} 

2024-06-17 15:03:34,422 - INFO -run_logger.palmsens_driver 
 	 Data received: {'index': 2, 'x': [0.25], 'x_unit': 's', 'x_type': 'Time', 'y': [-1.9818429946899414], 'y_unit': 'V', 'y_type': 'Potential'} 

2024-06-17 15:03:34,656 - INFO -run_logger.palmsens_driver 
 	 Data received: {'index': 3, 'x': [0.5], 'x_unit': 's', 'x_type': 'Time', 'y': [-1.9819211959838867], 'y_unit': 'V', 'y_type': 'Potential'} 

2024-06-17 15:03:34,941 - INFO -run_logger.palmsens_driver 
 	 Data received: {'index': 4, 'x': [0.75], 'x_unit': 's', 'x_type': 'Time', 'y': [-1.9819211959838867], 'y_unit': 'V', 'y_type': 'Potential'} 

2024-06-17 15:03:35,170 - INFO -run_logger.palmsens_driver 
 	 Data received: {'index': 5, 'x': [1.0], 'x_unit': 's', 'x_type': 'Time', 'y': [-1.9819211959838867], 'y_unit': 'V', 'y_type': 'Potential'} 

2024-06-17 15:03:35,406 - INFO -run_logger.palmsens_driver 
 	 Data received: {'index': 6, 'x': [1.25], 'x_unit': 's', 'x_type': 'Time', 'y': [-1.981999397277832], 'y_unit': 'V', 'y_type': 'Potential'} 

2024-06-17 15:03:35,689 - INFO -run_logger.palmsens_driver 
 	 Data received: {'index': 7, 'x': [1.5], 'x_unit': 's', 'x_type': 'Time', 'y': [-1.9819211959838867], 'y_unit': 'V', 'y_type': 'Potential'} 

2024-06-17 15:03:35,940 - INFO -run_logger.palmsens_driver 
 	 Data received: {'index': 8, 'x': [1.75], 'x_unit': 's', 'x_type': 'Time', 'y': [-1.981999397277832], 'y_unit': 'V', 'y_type': 'Potential'} 

2024-06-17 15:03:36,175 - INFO -run_logger.palmsens_driver 
 	 Data received: {'index': 9, 'x': [2.0], 'x_unit': 's', 'x_type': 'Time', 'y': [-1.981999397277832], 'y_unit': 'V', 'y_type': 'Potential'} 

2024-06-17 15:03:36,439 - INFO -run_logger.palmsens_driver 
 	 Data received: {'index': 10, 'x': [2.25], 'x_unit': 's', 'x_type': 'Time', 'y': [-1.981999397277832], 'y_unit': 'V', 'y_type': 'Potential'} 

2024-06-17 15:03:36,672 - INFO -run_logger.palmsens_driver 
 	 Data received: {'index': 11, 'x': [2.5], 'x_unit': 's', 'x_type': 'Time', 'y': [-1.9820775985717773], 'y_unit': 'V', 'y_type': 'Potential'} 

2024-06-17 15:03:36,905 - INFO -run_logger.palmsens_driver 
 	 Data received: {'index': 12, 'x': [2.75], 'x_unit': 's', 'x_type': 'Time', 'y': [-1.981999397277832], 'y_unit': 'V', 'y_type': 'Potential'} 

2024-06-17 15:03:37,194 - INFO -run_logger.palmsens_driver 
 	 Data received: {'index': 13, 'x': [3.0], 'x_unit': 's', 'x_type': 'Time', 'y': [-1.981999397277832], 'y_unit': 'V', 'y_type': 'Potential'} 

2024-06-17 15:03:37,428 - INFO -run_logger.palmsens_driver 
 	 Data received: {'index': 14, 'x': [3.25], 'x_unit': 's', 'x_type': 'Time', 'y': [-1.981999397277832], 'y_unit': 'V', 'y_type': 'Potential'} 

2024-06-17 15:03:37,663 - INFO -run_logger.palmsens_driver 
 	 Data received: {'index': 15, 'x': [3.5], 'x_unit': 's', 'x_type': 'Time', 'y': [-1.981999397277832], 'y_unit': 'V', 'y_type': 'Potential'} 

2024-06-17 15:03:37,946 - INFO -run_logger.palmsens_driver 
 	 Data received: {'index': 16, 'x': [3.75], 'x_unit': 's', 'x_type': 'Time', 'y': [-1.9820775985717773], 'y_unit': 'V', 'y_type': 'Potential'} 

2024-06-17 15:03:38,181 - INFO -run_logger.palmsens_driver 
 	 Data received: {'index': 17, 'x': [4.0], 'x_unit': 's', 'x_type': 'Time', 'y': [-1.9819211959838867], 'y_unit': 'V', 'y_type': 'Potential'} 

2024-06-17 15:03:38,415 - INFO -run_logger.palmsens_driver 
 	 Data received: {'index': 18, 'x': [4.25], 'x_unit': 's', 'x_type': 'Time', 'y': [-1.981999397277832], 'y_unit': 'V', 'y_type': 'Potential'} 

2024-06-17 15:03:38,698 - INFO -run_logger.palmsens_driver 
 	 Data received: {'index': 19, 'x': [4.5], 'x_unit': 's', 'x_type': 'Time', 'y': [-1.9820775985717773], 'y_unit': 'V', 'y_type': 'Potential'} 

2024-06-17 15:03:38,932 - INFO -run_logger.palmsens_driver 
 	 Data received: {'index': 20, 'x': [4.75], 'x_unit': 's', 'x_type': 'Time', 'y': [-1.982234001159668], 'y_unit': 'V', 'y_type': 'Potential'} 

2024-06-17 15:03:39,167 - INFO -run_logger.palmsens_driver 
 	 Data received: {'index': 21, 'x': [5.0], 'x_unit': 's', 'x_type': 'Time', 'y': [-1.982234001159668], 'y_unit': 'V', 'y_type': 'Potential'} 

2024-06-17 15:03:39,405 - INFO -run_logger.palmsens_driver 
 	 Data received: {'index': 22, 'x': [5.25], 'x_unit': 's', 'x_type': 'Time', 'y': [-1.9821557998657227], 'y_unit': 'V', 'y_type': 'Potential'} 

2024-06-17 15:03:39,690 - INFO -run_logger.palmsens_driver 
 	 Data received: {'index': 23, 'x': [5.5], 'x_unit': 's', 'x_type': 'Time', 'y': [-1.981999397277832], 'y_unit': 'V', 'y_type': 'Potential'} 

2024-06-17 15:03:39,925 - INFO -run_logger.palmsens_driver 
 	 Data received: {'index': 24, 'x': [5.75], 'x_unit': 's', 'x_type': 'Time', 'y': [-1.981999397277832], 'y_unit': 'V', 'y_type': 'Potential'} 

2024-06-17 15:03:40,160 - INFO -run_logger.palmsens_driver 
 	 Data received: {'index': 25, 'x': [6.0], 'x_unit': 's', 'x_type': 'Time', 'y': [-1.981999397277832], 'y_unit': 'V', 'y_type': 'Potential'} 

2024-06-17 15:03:40,443 - INFO -run_logger.palmsens_driver 
 	 Data received: {'index': 26, 'x': [6.25], 'x_unit': 's', 'x_type': 'Time', 'y': [-1.9821557998657227], 'y_unit': 'V', 'y_type': 'Potential'} 

2024-06-17 15:03:40,673 - INFO -run_logger.palmsens_driver 
 	 Data received: {'index': 27, 'x': [6.5], 'x_unit': 's', 'x_type': 'Time', 'y': [-1.9820775985717773], 'y_unit': 'V', 'y_type': 'Potential'} 

2024-06-17 15:03:40,904 - INFO -run_logger.palmsens_driver 
 	 Data received: {'index': 28, 'x': [6.75], 'x_unit': 's', 'x_type': 'Time', 'y': [-1.9820775985717773], 'y_unit': 'V', 'y_type': 'Potential'} 

2024-06-17 15:03:41,187 - INFO -run_logger.palmsens_driver 
 	 Data received: {'index': 29, 'x': [7.0], 'x_unit': 's', 'x_type': 'Time', 'y': [-1.9821557998657227], 'y_unit': 'V', 'y_type': 'Potential'} 

2024-06-17 15:03:41,422 - INFO -run_logger.palmsens_driver 
 	 Data received: {'index': 30, 'x': [7.25], 'x_unit': 's', 'x_type': 'Time', 'y': [-1.981999397277832], 'y_unit': 'V', 'y_type': 'Potential'} 

2024-06-17 15:03:41,654 - INFO -run_logger.palmsens_driver 
 	 Data received: {'index': 31, 'x': [7.5], 'x_unit': 's', 'x_type': 'Time', 'y': [-1.9820775985717773], 'y_unit': 'V', 'y_type': 'Potential'} 

2024-06-17 15:03:41,938 - INFO -run_logger.palmsens_driver 
 	 Data received: {'index': 32, 'x': [7.75], 'x_unit': 's', 'x_type': 'Time', 'y': [-1.9820775985717773], 'y_unit': 'V', 'y_type': 'Potential'} 

2024-06-17 15:03:42,157 - INFO -run_logger.palmsens_driver 
 	 Data received: {'index': 33, 'x': [8.0], 'x_unit': 's', 'x_type': 'Time', 'y': [-1.9819211959838867], 'y_unit': 'V', 'y_type': 'Potential'} 

2024-06-17 15:03:42,430 - INFO -run_logger.palmsens_driver 
 	 Data received: {'index': 34, 'x': [8.25], 'x_unit': 's', 'x_type': 'Time', 'y': [-1.981999397277832], 'y_unit': 'V', 'y_type': 'Potential'} 

2024-06-17 15:03:42,679 - INFO -run_logger.palmsens_driver 
 	 Data received: {'index': 35, 'x': [8.5], 'x_unit': 's', 'x_type': 'Time', 'y': [-1.9819211959838867], 'y_unit': 'V', 'y_type': 'Potential'} 

2024-06-17 15:03:42,948 - INFO -run_logger.palmsens_driver 
 	 Data received: {'index': 36, 'x': [8.75], 'x_unit': 's', 'x_type': 'Time', 'y': [-1.9819211959838867], 'y_unit': 'V', 'y_type': 'Potential'} 

2024-06-17 15:03:43,188 - INFO -run_logger.palmsens_driver 
 	 Data received: {'index': 37, 'x': [9.0], 'x_unit': 's', 'x_type': 'Time', 'y': [-1.9818429946899414], 'y_unit': 'V', 'y_type': 'Potential'} 

2024-06-17 15:03:43,420 - INFO -run_logger.palmsens_driver 
 	 Data received: {'index': 38, 'x': [9.25], 'x_unit': 's', 'x_type': 'Time', 'y': [-1.9818429946899414], 'y_unit': 'V', 'y_type': 'Potential'} 

2024-06-17 15:03:43,689 - INFO -run_logger.palmsens_driver 
 	 Data received: {'index': 39, 'x': [9.5], 'x_unit': 's', 'x_type': 'Time', 'y': [-1.9819211959838867], 'y_unit': 'V', 'y_type': 'Potential'} 

2024-06-17 15:03:43,939 - INFO -run_logger.palmsens_driver 
 	 Data received: {'index': 40, 'x': [9.75], 'x_unit': 's', 'x_type': 'Time', 'y': [-1.9818429946899414], 'y_unit': 'V', 'y_type': 'Potential'} 

2024-06-17 15:03:44,189 - INFO -run_logger.palmsens_driver 
 	 Data received: {'index': 41, 'x': [10.0], 'x_unit': 's', 'x_type': 'Time', 'y': [-1.9818429946899414], 'y_unit': 'V', 'y_type': 'Potential'} 

2024-06-17 15:03:44,421 - INFO -run_logger.palmsens_driver 
 	 Data received: {'index': 42, 'x': [10.25], 'x_unit': 's', 'x_type': 'Time', 'y': [-1.9819211959838867], 'y_unit': 'V', 'y_type': 'Potential'} 

2024-06-17 15:03:44,688 - INFO -run_logger.palmsens_driver 
 	 Data received: {'index': 43, 'x': [10.5], 'x_unit': 's', 'x_type': 'Time', 'y': [-1.9818429946899414], 'y_unit': 'V', 'y_type': 'Potential'} 

2024-06-17 15:03:44,921 - INFO -run_logger.palmsens_driver 
 	 Data received: {'index': 44, 'x': [10.75], 'x_unit': 's', 'x_type': 'Time', 'y': [-1.9818429946899414], 'y_unit': 'V', 'y_type': 'Potential'} 

2024-06-17 15:03:45,156 - INFO -run_logger.palmsens_driver 
 	 Data received: {'index': 45, 'x': [11.0], 'x_unit': 's', 'x_type': 'Time', 'y': [-1.9817657470703125], 'y_unit': 'V', 'y_type': 'Potential'} 

2024-06-17 15:03:45,438 - INFO -run_logger.palmsens_driver 
 	 Data received: {'index': 46, 'x': [11.25], 'x_unit': 's', 'x_type': 'Time', 'y': [-1.9817657470703125], 'y_unit': 'V', 'y_type': 'Potential'} 

2024-06-17 15:03:45,670 - INFO -run_logger.palmsens_driver 
 	 Data received: {'index': 47, 'x': [11.5], 'x_unit': 's', 'x_type': 'Time', 'y': [-1.9818429946899414], 'y_unit': 'V', 'y_type': 'Potential'} 

2024-06-17 15:03:45,906 - INFO -run_logger.palmsens_driver 
 	 Data received: {'index': 48, 'x': [11.75], 'x_unit': 's', 'x_type': 'Time', 'y': [-1.9817657470703125], 'y_unit': 'V', 'y_type': 'Potential'} 

2024-06-17 15:03:46,183 - INFO -run_logger.palmsens_driver 
 	 Data received: {'index': 49, 'x': [12.0], 'x_unit': 's', 'x_type': 'Time', 'y': [-1.9818429946899414], 'y_unit': 'V', 'y_type': 'Potential'} 

2024-06-17 15:03:46,424 - INFO -run_logger.palmsens_driver 
 	 Data received: {'index': 50, 'x': [12.25], 'x_unit': 's', 'x_type': 'Time', 'y': [-1.9817657470703125], 'y_unit': 'V', 'y_type': 'Potential'} 

2024-06-17 15:03:46,687 - INFO -run_logger.palmsens_driver 
 	 Data received: {'index': 51, 'x': [12.5], 'x_unit': 's', 'x_type': 'Time', 'y': [-1.9817657470703125], 'y_unit': 'V', 'y_type': 'Potential'} 

2024-06-17 15:03:46,924 - INFO -run_logger.palmsens_driver 
 	 Data received: {'index': 52, 'x': [12.75], 'x_unit': 's', 'x_type': 'Time', 'y': [-1.9817657470703125], 'y_unit': 'V', 'y_type': 'Potential'} 

2024-06-17 15:03:47,194 - INFO -run_logger.palmsens_driver 
 	 Data received: {'index': 53, 'x': [13.0], 'x_unit': 's', 'x_type': 'Time', 'y': [-1.9815311431884766], 'y_unit': 'V', 'y_type': 'Potential'} 

2024-06-17 15:03:47,419 - INFO -run_logger.palmsens_driver 
 	 Data received: {'index': 54, 'x': [13.25], 'x_unit': 's', 'x_type': 'Time', 'y': [-1.9816093444824219], 'y_unit': 'V', 'y_type': 'Potential'} 

2024-06-17 15:03:47,686 - INFO -run_logger.palmsens_driver 
 	 Data received: {'index': 55, 'x': [13.5], 'x_unit': 's', 'x_type': 'Time', 'y': [-1.9816093444824219], 'y_unit': 'V', 'y_type': 'Potential'} 

2024-06-17 15:03:47,956 - INFO -run_logger.palmsens_driver 
 	 Data received: {'index': 56, 'x': [13.75], 'x_unit': 's', 'x_type': 'Time', 'y': [-1.9816093444824219], 'y_unit': 'V', 'y_type': 'Potential'} 

2024-06-17 15:03:48,182 - INFO -run_logger.palmsens_driver 
 	 Data received: {'index': 57, 'x': [14.0], 'x_unit': 's', 'x_type': 'Time', 'y': [-1.9816093444824219], 'y_unit': 'V', 'y_type': 'Potential'} 

2024-06-17 15:03:48,424 - INFO -run_logger.palmsens_driver 
 	 Data received: {'index': 58, 'x': [14.25], 'x_unit': 's', 'x_type': 'Time', 'y': [-1.9815311431884766], 'y_unit': 'V', 'y_type': 'Potential'} 

2024-06-17 15:03:48,654 - INFO -run_logger.palmsens_driver 
 	 Data received: {'index': 59, 'x': [14.5], 'x_unit': 's', 'x_type': 'Time', 'y': [-1.9815311431884766], 'y_unit': 'V', 'y_type': 'Potential'} 

2024-06-17 15:03:48,934 - INFO -run_logger.palmsens_driver 
 	 Data received: {'index': 60, 'x': [14.75], 'x_unit': 's', 'x_type': 'Time', 'y': [-1.9815311431884766], 'y_unit': 'V', 'y_type': 'Potential'} 

2024-06-17 15:03:49,172 - INFO -run_logger.palmsens_driver 
 	 Data received: {'index': 61, 'x': [15.0], 'x_unit': 's', 'x_type': 'Time', 'y': [-1.9814529418945312], 'y_unit': 'V', 'y_type': 'Potential'} 

2024-06-17 15:03:49,418 - INFO -run_logger.palmsens_driver 
 	 Data received: {'index': 62, 'x': [15.25], 'x_unit': 's', 'x_type': 'Time', 'y': [-1.9814529418945312], 'y_unit': 'V', 'y_type': 'Potential'} 

2024-06-17 15:03:49,654 - INFO -run_logger.palmsens_driver 
 	 Data received: {'index': 63, 'x': [15.5], 'x_unit': 's', 'x_type': 'Time', 'y': [-1.981374740600586], 'y_unit': 'V', 'y_type': 'Potential'} 

2024-06-17 15:03:49,937 - INFO -run_logger.palmsens_driver 
 	 Data received: {'index': 64, 'x': [15.75], 'x_unit': 's', 'x_type': 'Time', 'y': [-1.981374740600586], 'y_unit': 'V', 'y_type': 'Potential'} 

2024-06-17 15:03:50,186 - INFO -run_logger.palmsens_driver 
 	 Data received: {'index': 65, 'x': [16.0], 'x_unit': 's', 'x_type': 'Time', 'y': [-1.981374740600586], 'y_unit': 'V', 'y_type': 'Potential'} 

2024-06-17 15:03:50,423 - INFO -run_logger.palmsens_driver 
 	 Data received: {'index': 66, 'x': [16.25], 'x_unit': 's', 'x_type': 'Time', 'y': [-1.9812965393066406], 'y_unit': 'V', 'y_type': 'Potential'} 

2024-06-17 15:03:50,656 - INFO -run_logger.palmsens_driver 
 	 Data received: {'index': 67, 'x': [16.5], 'x_unit': 's', 'x_type': 'Time', 'y': [-1.9814529418945312], 'y_unit': 'V', 'y_type': 'Potential'} 

2024-06-17 15:03:50,940 - INFO -run_logger.palmsens_driver 
 	 Data received: {'index': 68, 'x': [16.75], 'x_unit': 's', 'x_type': 'Time', 'y': [-1.9812965393066406], 'y_unit': 'V', 'y_type': 'Potential'} 

2024-06-17 15:03:51,173 - INFO -run_logger.palmsens_driver 
 	 Data received: {'index': 69, 'x': [17.0], 'x_unit': 's', 'x_type': 'Time', 'y': [-1.9812965393066406], 'y_unit': 'V', 'y_type': 'Potential'} 

2024-06-17 15:03:51,409 - INFO -run_logger.palmsens_driver 
 	 Data received: {'index': 70, 'x': [17.25], 'x_unit': 's', 'x_type': 'Time', 'y': [-1.981374740600586], 'y_unit': 'V', 'y_type': 'Potential'} 

2024-06-17 15:03:51,687 - INFO -run_logger.palmsens_driver 
 	 Data received: {'index': 71, 'x': [17.5], 'x_unit': 's', 'x_type': 'Time', 'y': [-1.9812965393066406], 'y_unit': 'V', 'y_type': 'Potential'} 

2024-06-17 15:03:51,918 - INFO -run_logger.palmsens_driver 
 	 Data received: {'index': 72, 'x': [17.75], 'x_unit': 's', 'x_type': 'Time', 'y': [-1.981374740600586], 'y_unit': 'V', 'y_type': 'Potential'} 

2024-06-17 15:03:52,155 - INFO -run_logger.palmsens_driver 
 	 Data received: {'index': 73, 'x': [18.0], 'x_unit': 's', 'x_type': 'Time', 'y': [-1.9812965393066406], 'y_unit': 'V', 'y_type': 'Potential'} 

2024-06-17 15:03:52,439 - INFO -run_logger.palmsens_driver 
 	 Data received: {'index': 74, 'x': [18.25], 'x_unit': 's', 'x_type': 'Time', 'y': [-1.9812965393066406], 'y_unit': 'V', 'y_type': 'Potential'} 

2024-06-17 15:03:52,704 - INFO -run_logger.palmsens_driver 
 	 Data received: {'index': 75, 'x': [18.5], 'x_unit': 's', 'x_type': 'Time', 'y': [-1.9812965393066406], 'y_unit': 'V', 'y_type': 'Potential'} 

2024-06-17 15:03:52,930 - INFO -run_logger.palmsens_driver 
 	 Data received: {'index': 76, 'x': [18.75], 'x_unit': 's', 'x_type': 'Time', 'y': [-1.9812965393066406], 'y_unit': 'V', 'y_type': 'Potential'} 

2024-06-17 15:03:53,179 - INFO -run_logger.palmsens_driver 
 	 Data received: {'index': 77, 'x': [19.0], 'x_unit': 's', 'x_type': 'Time', 'y': [-1.9812965393066406], 'y_unit': 'V', 'y_type': 'Potential'} 

2024-06-17 15:03:53,405 - INFO -run_logger.palmsens_driver 
 	 Data received: {'index': 78, 'x': [19.25], 'x_unit': 's', 'x_type': 'Time', 'y': [-1.9812965393066406], 'y_unit': 'V', 'y_type': 'Potential'} 

2024-06-17 15:03:53,692 - INFO -run_logger.palmsens_driver 
 	 Data received: {'index': 79, 'x': [19.5], 'x_unit': 's', 'x_type': 'Time', 'y': [-1.9812183380126953], 'y_unit': 'V', 'y_type': 'Potential'} 

2024-06-17 15:03:53,920 - INFO -run_logger.palmsens_driver 
 	 Data received: {'index': 80, 'x': [19.75], 'x_unit': 's', 'x_type': 'Time', 'y': [-1.9812965393066406], 'y_unit': 'V', 'y_type': 'Potential'} 

2024-06-17 15:03:54,152 - INFO -run_logger.palmsens_driver 
 	 Data received: {'index': 81, 'x': [20.0], 'x_unit': 's', 'x_type': 'Time', 'y': [-1.9810619354248047], 'y_unit': 'V', 'y_type': 'Potential'} 

2024-06-17 15:03:54,179 - INFO -run_logger.palmsens_driver 
 	 result:
{'Title': 'Open Circuit Potentiometry', 'timestamp': '17/06/2024 15:03:32', 'current_arrays': [[0.2384185791015625, 0.2384185791015625, 0.2384185791015625, 0.2384185791015625, 0.2384185791015625, 0.2384185791015625, 0.2384185791015625, 0.2384185791015625, 0.2384185791015625, 0.2384185791015625, 0.2384185791015625, 0.2384185791015625, 0.2384185791015625, 0.2384185791015625, 0.2384185791015625, 0.2384185791015625, 0.2384185791015625, 0.2384185791015625, 0.2384185791015625, 0.2384185791015625, 0.2384185791015625, 0.2384185791015625, 0.2384185791015625, 0.2384185791015625, 0.2384185791015625, 0.2384185791015625, 0.2384185791015625, 0.2384185791015625, 0.2384185791015625, 0.2384185791015625, 0.2384185791015625, 0.2384185791015625, 0.2384185791015625, 0.2384185791015625, 0.2384185791015625, 0.2384185791015625, 0.2384185791015625, 0.2384185791015625, 0.2384185791015625, 0.2384185791015625, 0.2384185791015625, 0.2384185791015625, 0.2384185791015625, 0.2384185791015625, 0.2384185791015625, 0.2384185791015625, 0.2384185791015625, 0.2384185791015625, 0.2384185791015625, 0.2384185791015625, 0.2384185791015625, 0.2384185791015625, 0.2384185791015625, 0.2384185791015625, 0.2384185791015625, 0.2384185791015625, 0.2384185791015625, 0.2384185791015625, 0.2384185791015625, 0.2384185791015625, 0.2384185791015625, 0.2384185791015625, 0.2384185791015625, 0.2384185791015625, 0.2384185791015625, 0.2384185791015625, 0.2384185791015625, 0.2384185791015625, 0.2384185791015625, 0.2384185791015625, 0.2384185791015625, 0.2384185791015625, 0.2384185791015625, 0.2384185791015625, 0.2384185791015625, 0.2384185791015625, 0.2384185791015625, 0.2384185791015625, 0.2384185791015625, 0.2384185791015625, 0.2384185791015625]], 'potential_arrays': [[-1.9819211959838867, -1.9818429946899414, -1.9819211959838867, -1.9819211959838867, -1.9819211959838867, -1.981999397277832, -1.9819211959838867, -1.981999397277832, -1.981999397277832, -1.981999397277832, -1.9820775985717773, -1.981999397277832, -1.981999397277832, -1.981999397277832, -1.981999397277832, -1.9820775985717773, -1.9819211959838867, -1.981999397277832, -1.9820775985717773, -1.982234001159668, -1.982234001159668, -1.9821557998657227, -1.981999397277832, -1.981999397277832, -1.981999397277832, -1.9821557998657227, -1.9820775985717773, -1.9820775985717773, -1.9821557998657227, -1.981999397277832, -1.9820775985717773, -1.9820775985717773, -1.9819211959838867, -1.981999397277832, -1.9819211959838867, -1.9819211959838867, -1.9818429946899414, -1.9818429946899414, -1.9819211959838867, -1.9818429946899414, -1.9818429946899414, -1.9819211959838867, -1.9818429946899414, -1.9818429946899414, -1.9817657470703125, -1.9817657470703125, -1.9818429946899414, -1.9817657470703125, -1.9818429946899414, -1.9817657470703125, -1.9817657470703125, -1.9817657470703125, -1.9815311431884766, -1.9816093444824219, -1.9816093444824219, -1.9816093444824219, -1.9816093444824219, -1.9815311431884766, -1.9815311431884766, -1.9815311431884766, -1.9814529418945312, -1.9814529418945312, -1.981374740600586, -1.981374740600586, -1.981374740600586, -1.9812965393066406, -1.9814529418945312, -1.9812965393066406, -1.9812965393066406, -1.981374740600586, -1.9812965393066406, -1.981374740600586, -1.9812965393066406, -1.9812965393066406, -1.9812965393066406, -1.9812965393066406, -1.9812965393066406, -1.9812965393066406, -1.9812183380126953, -1.9812965393066406, -1.9810619354248047]], 'time_arrays': [[0.0, 0.25, 0.5, 0.75, 1.0, 1.25, 1.5, 1.75, 2.0, 2.25, 2.5, 2.75, 3.0, 3.25, 3.5, 3.75, 4.0, 4.25, 4.5, 4.75, 5.0, 5.25, 5.5, 5.75, 6.0, 6.25, 6.5, 6.75, 7.0, 7.25, 7.5, 7.75, 8.0, 8.25, 8.5, 8.75, 9.0, 9.25, 9.5, 9.75, 10.0, 10.25, 10.5, 10.75, 11.0, 11.25, 11.5, 11.75, 12.0, 12.25, 12.5, 12.75, 13.0, 13.25, 13.5, 13.75, 14.0, 14.25, 14.5, 14.75, 15.0, 15.25, 15.5, 15.75, 16.0, 16.25, 16.5, 16.75, 17.0, 17.25, 17.5, 17.75, 18.0, 18.25, 18.5, 18.75, 19.0, 19.25, 19.5, 19.75, 20.0]], 'freq_arrays': [], 'zre_arrays': [], 'zim_arrays': [], 'aux_input_arrays': [], 'peaks': [], 'eis_fit': []} 

