2024-04-26 21:19:27,046 - INFO -run_logger.palmsens_driver 
 	 Successfully connected to PalmSens4 [1]. 

2024-04-26 21:19:39,200 - INFO -run_logger.palmsens_driver 
 	 Data received: {'index': 1, 'x': [0.0], 'x_unit': 's', 'x_type': 'Time', 'y': [0.00011730194091796875], 'y_unit': 'V', 'y_type': 'Potential'} 

2024-04-26 21:19:39,714 - INFO -run_logger.palmsens_driver 
 	 Data received: {'index': 2, 'x': [0.5], 'x_unit': 's', 'x_type': 'Time', 'y': [3.910064697265625e-05], 'y_unit': 'V', 'y_type': 'Potential'} 

2024-04-26 21:19:40,181 - INFO -run_logger.palmsens_driver 
 	 Data received: {'index': 3, 'x': [1.0], 'x_unit': 's', 'x_type': 'Time', 'y': [0.00011730194091796875], 'y_unit': 'V', 'y_type': 'Potential'} 

2024-04-26 21:19:40,220 - INFO -run_logger.palmsens_driver 
 	 result:
{'Title': 'Open Circuit Potentiometry', 'timestamp': '26/04/2024 21:19:37', 'current_arrays': [[0.2384185791015625, 0.2384185791015625, 0.2384185791015625]], 'potential_arrays': [[0.00011730194091796875, 3.910064697265625e-05, 0.00011730194091796875]], 'time_arrays': [[0.0, 0.5, 1.0]], 'freq_arrays': [], 'zre_arrays': [], 'zim_arrays': [], 'aux_input_arrays': [], 'peaks': [], 'eis_fit': []} 

2024-04-26 21:22:11,415 - INFO -run_logger.palmsens_driver 
 	 Data received: {'index': 1, 'x': [0.0], 'x_unit': 's', 'x_type': 'Time', 'y': [0.00011730194091796875], 'y_unit': 'V', 'y_type': 'Potential'} 

2024-04-26 21:22:11,933 - INFO -run_logger.palmsens_driver 
 	 Data received: {'index': 2, 'x': [0.5], 'x_unit': 's', 'x_type': 'Time', 'y': [3.910064697265625e-05], 'y_unit': 'V', 'y_type': 'Potential'} 

2024-04-26 21:22:12,446 - INFO -run_logger.palmsens_driver 
 	 Data received: {'index': 3, 'x': [1.0], 'x_unit': 's', 'x_type': 'Time', 'y': [3.910064697265625e-05], 'y_unit': 'V', 'y_type': 'Potential'} 

2024-04-26 21:22:12,448 - INFO -run_logger.palmsens_driver 
 	 result:
{'Title': 'Open Circuit Potentiometry', 'timestamp': '26/04/2024 21:22:09', 'current_arrays': [[0.2384185791015625, 0.2384185791015625, 0.2384185791015625]], 'potential_arrays': [[0.00011730194091796875, 3.910064697265625e-05, 3.910064697265625e-05]], 'time_arrays': [[0.0, 0.5, 1.0]], 'freq_arrays': [], 'zre_arrays': [], 'zim_arrays': [], 'aux_input_arrays': [], 'peaks': [], 'eis_fit': []} 

