2024-06-17 12:40:19,255 - INFO -run_logger.palmsens_driver 
 	 Successfully connected to PalmSens4 [1]. 

2024-06-17 12:40:52,961 - INFO -run_logger.palmsens_driver 
 	 Data received: {'index': 1, 'x': [0.0], 'x_unit': 's', 'x_type': 'Time', 'y': [-2.0540313720703125], 'y_unit': 'V', 'y_type': 'Potential'} 

2024-06-17 12:40:53,461 - INFO -run_logger.palmsens_driver 
 	 Data received: {'index': 2, 'x': [0.5], 'x_unit': 's', 'x_type': 'Time', 'y': [-2.054109573364258], 'y_unit': 'V', 'y_type': 'Potential'} 

2024-06-17 12:40:53,927 - INFO -run_logger.palmsens_driver 
 	 Data received: {'index': 3, 'x': [1.0], 'x_unit': 's', 'x_type': 'Time', 'y': [-2.054109573364258], 'y_unit': 'V', 'y_type': 'Potential'} 

2024-06-17 12:40:54,445 - INFO -run_logger.palmsens_driver 
 	 Data received: {'index': 4, 'x': [1.5], 'x_unit': 's', 'x_type': 'Time', 'y': [-2.054109573364258], 'y_unit': 'V', 'y_type': 'Potential'} 

2024-06-17 12:40:54,931 - INFO -run_logger.palmsens_driver 
 	 Data received: {'index': 5, 'x': [2.0], 'x_unit': 's', 'x_type': 'Time', 'y': [-2.054187774658203], 'y_unit': 'V', 'y_type': 'Potential'} 

2024-06-17 12:40:55,448 - INFO -run_logger.palmsens_driver 
 	 Data received: {'index': 6, 'x': [2.5], 'x_unit': 's', 'x_type': 'Time', 'y': [-2.054109573364258], 'y_unit': 'V', 'y_type': 'Potential'} 

2024-06-17 12:40:55,922 - INFO -run_logger.palmsens_driver 
 	 Data received: {'index': 7, 'x': [3.0], 'x_unit': 's', 'x_type': 'Time', 'y': [-2.0540313720703125], 'y_unit': 'V', 'y_type': 'Potential'} 

2024-06-17 12:40:56,434 - INFO -run_logger.palmsens_driver 
 	 Data received: {'index': 8, 'x': [3.5], 'x_unit': 's', 'x_type': 'Time', 'y': [-2.0540313720703125], 'y_unit': 'V', 'y_type': 'Potential'} 

2024-06-17 12:40:56,953 - INFO -run_logger.palmsens_driver 
 	 Data received: {'index': 9, 'x': [4.0], 'x_unit': 's', 'x_type': 'Time', 'y': [-2.054109573364258], 'y_unit': 'V', 'y_type': 'Potential'} 

2024-06-17 12:40:57,428 - INFO -run_logger.palmsens_driver 
 	 Data received: {'index': 10, 'x': [4.5], 'x_unit': 's', 'x_type': 'Time', 'y': [-2.054109573364258], 'y_unit': 'V', 'y_type': 'Potential'} 

2024-06-17 12:40:57,942 - INFO -run_logger.palmsens_driver 
 	 Data received: {'index': 11, 'x': [5.0], 'x_unit': 's', 'x_type': 'Time', 'y': [-2.054109573364258], 'y_unit': 'V', 'y_type': 'Potential'} 

2024-06-17 12:40:57,984 - INFO -run_logger.palmsens_driver 
 	 result:
{'Title': 'Open Circuit Potentiometry', 'timestamp': '17/06/2024 12:40:51', 'current_arrays': [[0.2384185791015625, 0.2384185791015625, 0.2384185791015625, 0.2384185791015625, 0.2384185791015625, 0.2384185791015625, 0.2384185791015625, 0.2384185791015625, 0.2384185791015625, 0.2384185791015625, 0.2384185791015625]], 'potential_arrays': [[-2.0540313720703125, -2.054109573364258, -2.054109573364258, -2.054109573364258, -2.054187774658203, -2.054109573364258, -2.0540313720703125, -2.0540313720703125, -2.054109573364258, -2.054109573364258, -2.054109573364258]], 'time_arrays': [[0.0, 0.5, 1.0, 1.5, 2.0, 2.5, 3.0, 3.5, 4.0, 4.5, 5.0]], 'freq_arrays': [], 'zre_arrays': [], 'zim_arrays': [], 'aux_input_arrays': [], 'peaks': [], 'eis_fit': []} 

2024-06-17 12:42:30,943 - INFO -run_logger.palmsens_driver 
 	 Data received: {'index': 1, 'x': [0.0], 'x_unit': 's', 'x_type': 'Time', 'y': [-2.049344062805176], 'y_unit': 'V', 'y_type': 'Potential'} 

2024-06-17 12:42:31,225 - INFO -run_logger.palmsens_driver 
 	 Data received: {'index': 2, 'x': [0.25], 'x_unit': 's', 'x_type': 'Time', 'y': [-2.049422264099121], 'y_unit': 'V', 'y_type': 'Potential'} 

2024-06-17 12:42:31,459 - INFO -run_logger.palmsens_driver 
 	 Data received: {'index': 3, 'x': [0.5], 'x_unit': 's', 'x_type': 'Time', 'y': [-2.04949951171875], 'y_unit': 'V', 'y_type': 'Potential'} 

2024-06-17 12:42:31,693 - INFO -run_logger.palmsens_driver 
 	 Data received: {'index': 4, 'x': [0.75], 'x_unit': 's', 'x_type': 'Time', 'y': [-2.04949951171875], 'y_unit': 'V', 'y_type': 'Potential'} 

2024-06-17 12:42:31,973 - INFO -run_logger.palmsens_driver 
 	 Data received: {'index': 5, 'x': [1.0], 'x_unit': 's', 'x_type': 'Time', 'y': [-2.04949951171875], 'y_unit': 'V', 'y_type': 'Potential'} 

2024-06-17 12:42:32,206 - INFO -run_logger.palmsens_driver 
 	 Data received: {'index': 6, 'x': [1.25], 'x_unit': 's', 'x_type': 'Time', 'y': [-2.0495777130126953], 'y_unit': 'V', 'y_type': 'Potential'} 

2024-06-17 12:42:32,439 - INFO -run_logger.palmsens_driver 
 	 Data received: {'index': 7, 'x': [1.5], 'x_unit': 's', 'x_type': 'Time', 'y': [-2.04949951171875], 'y_unit': 'V', 'y_type': 'Potential'} 

2024-06-17 12:42:32,718 - INFO -run_logger.palmsens_driver 
 	 Data received: {'index': 8, 'x': [1.75], 'x_unit': 's', 'x_type': 'Time', 'y': [-2.04949951171875], 'y_unit': 'V', 'y_type': 'Potential'} 

2024-06-17 12:42:32,953 - INFO -run_logger.palmsens_driver 
 	 Data received: {'index': 9, 'x': [2.0], 'x_unit': 's', 'x_type': 'Time', 'y': [-2.049422264099121], 'y_unit': 'V', 'y_type': 'Potential'} 

2024-06-17 12:42:33,184 - INFO -run_logger.palmsens_driver 
 	 Data received: {'index': 10, 'x': [2.25], 'x_unit': 's', 'x_type': 'Time', 'y': [-2.049344062805176], 'y_unit': 'V', 'y_type': 'Potential'} 

2024-06-17 12:42:33,464 - INFO -run_logger.palmsens_driver 
 	 Data received: {'index': 11, 'x': [2.5], 'x_unit': 's', 'x_type': 'Time', 'y': [-2.049422264099121], 'y_unit': 'V', 'y_type': 'Potential'} 

2024-06-17 12:42:33,698 - INFO -run_logger.palmsens_driver 
 	 Data received: {'index': 12, 'x': [2.75], 'x_unit': 's', 'x_type': 'Time', 'y': [-2.049344062805176], 'y_unit': 'V', 'y_type': 'Potential'} 

2024-06-17 12:42:33,935 - INFO -run_logger.palmsens_driver 
 	 Data received: {'index': 13, 'x': [3.0], 'x_unit': 's', 'x_type': 'Time', 'y': [-2.04949951171875], 'y_unit': 'V', 'y_type': 'Potential'} 

2024-06-17 12:42:34,212 - INFO -run_logger.palmsens_driver 
 	 Data received: {'index': 14, 'x': [3.25], 'x_unit': 's', 'x_type': 'Time', 'y': [-2.04949951171875], 'y_unit': 'V', 'y_type': 'Potential'} 

2024-06-17 12:42:34,462 - INFO -run_logger.palmsens_driver 
 	 Data received: {'index': 15, 'x': [3.5], 'x_unit': 's', 'x_type': 'Time', 'y': [-2.049422264099121], 'y_unit': 'V', 'y_type': 'Potential'} 

2024-06-17 12:42:34,710 - INFO -run_logger.palmsens_driver 
 	 Data received: {'index': 16, 'x': [3.75], 'x_unit': 's', 'x_type': 'Time', 'y': [-2.04949951171875], 'y_unit': 'V', 'y_type': 'Potential'} 

2024-06-17 12:42:34,958 - INFO -run_logger.palmsens_driver 
 	 Data received: {'index': 17, 'x': [4.0], 'x_unit': 's', 'x_type': 'Time', 'y': [-2.049344062805176], 'y_unit': 'V', 'y_type': 'Potential'} 

2024-06-17 12:42:35,195 - INFO -run_logger.palmsens_driver 
 	 Data received: {'index': 18, 'x': [4.25], 'x_unit': 's', 'x_type': 'Time', 'y': [-2.049344062805176], 'y_unit': 'V', 'y_type': 'Potential'} 

2024-06-17 12:42:35,474 - INFO -run_logger.palmsens_driver 
 	 Data received: {'index': 19, 'x': [4.5], 'x_unit': 's', 'x_type': 'Time', 'y': [-2.049422264099121], 'y_unit': 'V', 'y_type': 'Potential'} 

2024-06-17 12:42:35,710 - INFO -run_logger.palmsens_driver 
 	 Data received: {'index': 20, 'x': [4.75], 'x_unit': 's', 'x_type': 'Time', 'y': [-2.049344062805176], 'y_unit': 'V', 'y_type': 'Potential'} 

2024-06-17 12:42:35,942 - INFO -run_logger.palmsens_driver 
 	 Data received: {'index': 21, 'x': [5.0], 'x_unit': 's', 'x_type': 'Time', 'y': [-2.049422264099121], 'y_unit': 'V', 'y_type': 'Potential'} 

2024-06-17 12:42:36,222 - INFO -run_logger.palmsens_driver 
 	 Data received: {'index': 22, 'x': [5.25], 'x_unit': 's', 'x_type': 'Time', 'y': [-2.049187660217285], 'y_unit': 'V', 'y_type': 'Potential'} 

2024-06-17 12:42:36,454 - INFO -run_logger.palmsens_driver 
 	 Data received: {'index': 23, 'x': [5.5], 'x_unit': 's', 'x_type': 'Time', 'y': [-2.049187660217285], 'y_unit': 'V', 'y_type': 'Potential'} 

2024-06-17 12:42:36,688 - INFO -run_logger.palmsens_driver 
 	 Data received: {'index': 24, 'x': [5.75], 'x_unit': 's', 'x_type': 'Time', 'y': [-2.0492658615112305], 'y_unit': 'V', 'y_type': 'Potential'} 

2024-06-17 12:42:36,969 - INFO -run_logger.palmsens_driver 
 	 Data received: {'index': 25, 'x': [6.0], 'x_unit': 's', 'x_type': 'Time', 'y': [-2.04910945892334], 'y_unit': 'V', 'y_type': 'Potential'} 

2024-06-17 12:42:37,205 - INFO -run_logger.palmsens_driver 
 	 Data received: {'index': 26, 'x': [6.25], 'x_unit': 's', 'x_type': 'Time', 'y': [-2.04910945892334], 'y_unit': 'V', 'y_type': 'Potential'} 

2024-06-17 12:42:37,437 - INFO -run_logger.palmsens_driver 
 	 Data received: {'index': 27, 'x': [6.5], 'x_unit': 's', 'x_type': 'Time', 'y': [-2.048953056335449], 'y_unit': 'V', 'y_type': 'Potential'} 

2024-06-17 12:42:37,718 - INFO -run_logger.palmsens_driver 
 	 Data received: {'index': 28, 'x': [6.75], 'x_unit': 's', 'x_type': 'Time', 'y': [-2.048953056335449], 'y_unit': 'V', 'y_type': 'Potential'} 

2024-06-17 12:42:37,952 - INFO -run_logger.palmsens_driver 
 	 Data received: {'index': 29, 'x': [7.0], 'x_unit': 's', 'x_type': 'Time', 'y': [-2.0490312576293945], 'y_unit': 'V', 'y_type': 'Potential'} 

2024-06-17 12:42:38,185 - INFO -run_logger.palmsens_driver 
 	 Data received: {'index': 30, 'x': [7.25], 'x_unit': 's', 'x_type': 'Time', 'y': [-2.048953056335449], 'y_unit': 'V', 'y_type': 'Potential'} 

2024-06-17 12:42:38,465 - INFO -run_logger.palmsens_driver 
 	 Data received: {'index': 31, 'x': [7.5], 'x_unit': 's', 'x_type': 'Time', 'y': [-2.0490312576293945], 'y_unit': 'V', 'y_type': 'Potential'} 

2024-06-17 12:42:38,712 - INFO -run_logger.palmsens_driver 
 	 Data received: {'index': 32, 'x': [7.75], 'x_unit': 's', 'x_type': 'Time', 'y': [-2.048953056335449], 'y_unit': 'V', 'y_type': 'Potential'} 

2024-06-17 12:42:38,941 - INFO -run_logger.palmsens_driver 
 	 Data received: {'index': 33, 'x': [8.0], 'x_unit': 's', 'x_type': 'Time', 'y': [-2.048953056335449], 'y_unit': 'V', 'y_type': 'Potential'} 

2024-06-17 12:42:39,222 - INFO -run_logger.palmsens_driver 
 	 Data received: {'index': 34, 'x': [8.25], 'x_unit': 's', 'x_type': 'Time', 'y': [-2.0490312576293945], 'y_unit': 'V', 'y_type': 'Potential'} 

2024-06-17 12:42:39,455 - INFO -run_logger.palmsens_driver 
 	 Data received: {'index': 35, 'x': [8.5], 'x_unit': 's', 'x_type': 'Time', 'y': [-2.048953056335449], 'y_unit': 'V', 'y_type': 'Potential'} 

2024-06-17 12:42:39,688 - INFO -run_logger.palmsens_driver 
 	 Data received: {'index': 36, 'x': [8.75], 'x_unit': 's', 'x_type': 'Time', 'y': [-2.048953056335449], 'y_unit': 'V', 'y_type': 'Potential'} 

2024-06-17 12:42:39,968 - INFO -run_logger.palmsens_driver 
 	 Data received: {'index': 37, 'x': [9.0], 'x_unit': 's', 'x_type': 'Time', 'y': [-2.048874855041504], 'y_unit': 'V', 'y_type': 'Potential'} 

2024-06-17 12:42:40,205 - INFO -run_logger.palmsens_driver 
 	 Data received: {'index': 38, 'x': [9.25], 'x_unit': 's', 'x_type': 'Time', 'y': [-2.0487966537475586], 'y_unit': 'V', 'y_type': 'Potential'} 

2024-06-17 12:42:40,438 - INFO -run_logger.palmsens_driver 
 	 Data received: {'index': 39, 'x': [9.5], 'x_unit': 's', 'x_type': 'Time', 'y': [-2.0487966537475586], 'y_unit': 'V', 'y_type': 'Potential'} 

2024-06-17 12:42:40,716 - INFO -run_logger.palmsens_driver 
 	 Data received: {'index': 40, 'x': [9.75], 'x_unit': 's', 'x_type': 'Time', 'y': [-2.0487184524536133], 'y_unit': 'V', 'y_type': 'Potential'} 

2024-06-17 12:42:40,950 - INFO -run_logger.palmsens_driver 
 	 Data received: {'index': 41, 'x': [10.0], 'x_unit': 's', 'x_type': 'Time', 'y': [-2.0487184524536133], 'y_unit': 'V', 'y_type': 'Potential'} 

2024-06-17 12:42:41,182 - INFO -run_logger.palmsens_driver 
 	 Data received: {'index': 42, 'x': [10.25], 'x_unit': 's', 'x_type': 'Time', 'y': [-2.0487184524536133], 'y_unit': 'V', 'y_type': 'Potential'} 

2024-06-17 12:42:41,464 - INFO -run_logger.palmsens_driver 
 	 Data received: {'index': 43, 'x': [10.5], 'x_unit': 's', 'x_type': 'Time', 'y': [-2.048640251159668], 'y_unit': 'V', 'y_type': 'Potential'} 

2024-06-17 12:42:41,697 - INFO -run_logger.palmsens_driver 
 	 Data received: {'index': 44, 'x': [10.75], 'x_unit': 's', 'x_type': 'Time', 'y': [-2.048640251159668], 'y_unit': 'V', 'y_type': 'Potential'} 

2024-06-17 12:42:41,933 - INFO -run_logger.palmsens_driver 
 	 Data received: {'index': 45, 'x': [11.0], 'x_unit': 's', 'x_type': 'Time', 'y': [-2.0485620498657227], 'y_unit': 'V', 'y_type': 'Potential'} 

2024-06-17 12:42:42,215 - INFO -run_logger.palmsens_driver 
 	 Data received: {'index': 46, 'x': [11.25], 'x_unit': 's', 'x_type': 'Time', 'y': [-2.0484838485717773], 'y_unit': 'V', 'y_type': 'Potential'} 

2024-06-17 12:42:42,450 - INFO -run_logger.palmsens_driver 
 	 Data received: {'index': 47, 'x': [11.5], 'x_unit': 's', 'x_type': 'Time', 'y': [-2.0485620498657227], 'y_unit': 'V', 'y_type': 'Potential'} 

2024-06-17 12:42:42,730 - INFO -run_logger.palmsens_driver 
 	 Data received: {'index': 48, 'x': [11.75], 'x_unit': 's', 'x_type': 'Time', 'y': [-2.0484838485717773], 'y_unit': 'V', 'y_type': 'Potential'} 

2024-06-17 12:42:42,962 - INFO -run_logger.palmsens_driver 
 	 Data received: {'index': 49, 'x': [12.0], 'x_unit': 's', 'x_type': 'Time', 'y': [-2.0485620498657227], 'y_unit': 'V', 'y_type': 'Potential'} 

2024-06-17 12:42:43,196 - INFO -run_logger.palmsens_driver 
 	 Data received: {'index': 50, 'x': [12.25], 'x_unit': 's', 'x_type': 'Time', 'y': [-2.0485620498657227], 'y_unit': 'V', 'y_type': 'Potential'} 

2024-06-17 12:42:43,443 - INFO -run_logger.palmsens_driver 
 	 Data received: {'index': 51, 'x': [12.5], 'x_unit': 's', 'x_type': 'Time', 'y': [-2.0484066009521484], 'y_unit': 'V', 'y_type': 'Potential'} 

2024-06-17 12:42:43,722 - INFO -run_logger.palmsens_driver 
 	 Data received: {'index': 52, 'x': [12.75], 'x_unit': 's', 'x_type': 'Time', 'y': [-2.0484838485717773], 'y_unit': 'V', 'y_type': 'Potential'} 

2024-06-17 12:42:43,955 - INFO -run_logger.palmsens_driver 
 	 Data received: {'index': 53, 'x': [13.0], 'x_unit': 's', 'x_type': 'Time', 'y': [-2.0484066009521484], 'y_unit': 'V', 'y_type': 'Potential'} 

2024-06-17 12:42:44,193 - INFO -run_logger.palmsens_driver 
 	 Data received: {'index': 54, 'x': [13.25], 'x_unit': 's', 'x_type': 'Time', 'y': [-2.0484838485717773], 'y_unit': 'V', 'y_type': 'Potential'} 

2024-06-17 12:42:44,474 - INFO -run_logger.palmsens_driver 
 	 Data received: {'index': 55, 'x': [13.5], 'x_unit': 's', 'x_type': 'Time', 'y': [-2.0484838485717773], 'y_unit': 'V', 'y_type': 'Potential'} 

2024-06-17 12:42:44,706 - INFO -run_logger.palmsens_driver 
 	 Data received: {'index': 56, 'x': [13.75], 'x_unit': 's', 'x_type': 'Time', 'y': [-2.0484066009521484], 'y_unit': 'V', 'y_type': 'Potential'} 

2024-06-17 12:42:44,939 - INFO -run_logger.palmsens_driver 
 	 Data received: {'index': 57, 'x': [14.0], 'x_unit': 's', 'x_type': 'Time', 'y': [-2.0484838485717773], 'y_unit': 'V', 'y_type': 'Potential'} 

2024-06-17 12:42:45,216 - INFO -run_logger.palmsens_driver 
 	 Data received: {'index': 58, 'x': [14.25], 'x_unit': 's', 'x_type': 'Time', 'y': [-2.0484066009521484], 'y_unit': 'V', 'y_type': 'Potential'} 

2024-06-17 12:42:45,452 - INFO -run_logger.palmsens_driver 
 	 Data received: {'index': 59, 'x': [14.5], 'x_unit': 's', 'x_type': 'Time', 'y': [-2.048328399658203], 'y_unit': 'V', 'y_type': 'Potential'} 

2024-06-17 12:42:45,686 - INFO -run_logger.palmsens_driver 
 	 Data received: {'index': 60, 'x': [14.75], 'x_unit': 's', 'x_type': 'Time', 'y': [-2.0484066009521484], 'y_unit': 'V', 'y_type': 'Potential'} 

2024-06-17 12:42:45,966 - INFO -run_logger.palmsens_driver 
 	 Data received: {'index': 61, 'x': [15.0], 'x_unit': 's', 'x_type': 'Time', 'y': [-2.048328399658203], 'y_unit': 'V', 'y_type': 'Potential'} 

2024-06-17 12:42:46,199 - INFO -run_logger.palmsens_driver 
 	 Data received: {'index': 62, 'x': [15.25], 'x_unit': 's', 'x_type': 'Time', 'y': [-2.0484066009521484], 'y_unit': 'V', 'y_type': 'Potential'} 

2024-06-17 12:42:46,435 - INFO -run_logger.palmsens_driver 
 	 Data received: {'index': 63, 'x': [15.5], 'x_unit': 's', 'x_type': 'Time', 'y': [-2.048328399658203], 'y_unit': 'V', 'y_type': 'Potential'} 

2024-06-17 12:42:46,712 - INFO -run_logger.palmsens_driver 
 	 Data received: {'index': 64, 'x': [15.75], 'x_unit': 's', 'x_type': 'Time', 'y': [-2.048328399658203], 'y_unit': 'V', 'y_type': 'Potential'} 

2024-06-17 12:42:46,977 - INFO -run_logger.palmsens_driver 
 	 Data received: {'index': 65, 'x': [16.0], 'x_unit': 's', 'x_type': 'Time', 'y': [-2.0484066009521484], 'y_unit': 'V', 'y_type': 'Potential'} 

2024-06-17 12:42:47,211 - INFO -run_logger.palmsens_driver 
 	 Data received: {'index': 66, 'x': [16.25], 'x_unit': 's', 'x_type': 'Time', 'y': [-2.048328399658203], 'y_unit': 'V', 'y_type': 'Potential'} 

2024-06-17 12:42:47,439 - INFO -run_logger.palmsens_driver 
 	 Data received: {'index': 67, 'x': [16.5], 'x_unit': 's', 'x_type': 'Time', 'y': [-2.048328399658203], 'y_unit': 'V', 'y_type': 'Potential'} 

2024-06-17 12:42:47,719 - INFO -run_logger.palmsens_driver 
 	 Data received: {'index': 68, 'x': [16.75], 'x_unit': 's', 'x_type': 'Time', 'y': [-2.048328399658203], 'y_unit': 'V', 'y_type': 'Potential'} 

2024-06-17 12:42:47,952 - INFO -run_logger.palmsens_driver 
 	 Data received: {'index': 69, 'x': [17.0], 'x_unit': 's', 'x_type': 'Time', 'y': [-2.048328399658203], 'y_unit': 'V', 'y_type': 'Potential'} 

2024-06-17 12:42:48,183 - INFO -run_logger.palmsens_driver 
 	 Data received: {'index': 70, 'x': [17.25], 'x_unit': 's', 'x_type': 'Time', 'y': [-2.0484066009521484], 'y_unit': 'V', 'y_type': 'Potential'} 

2024-06-17 12:42:48,465 - INFO -run_logger.palmsens_driver 
 	 Data received: {'index': 71, 'x': [17.5], 'x_unit': 's', 'x_type': 'Time', 'y': [-2.048328399658203], 'y_unit': 'V', 'y_type': 'Potential'} 

2024-06-17 12:42:48,699 - INFO -run_logger.palmsens_driver 
 	 Data received: {'index': 72, 'x': [17.75], 'x_unit': 's', 'x_type': 'Time', 'y': [-2.0484066009521484], 'y_unit': 'V', 'y_type': 'Potential'} 

2024-06-17 12:42:48,980 - INFO -run_logger.palmsens_driver 
 	 Data received: {'index': 73, 'x': [18.0], 'x_unit': 's', 'x_type': 'Time', 'y': [-2.048328399658203], 'y_unit': 'V', 'y_type': 'Potential'} 

2024-06-17 12:42:49,215 - INFO -run_logger.palmsens_driver 
 	 Data received: {'index': 74, 'x': [18.25], 'x_unit': 's', 'x_type': 'Time', 'y': [-2.048328399658203], 'y_unit': 'V', 'y_type': 'Potential'} 

2024-06-17 12:42:49,447 - INFO -run_logger.palmsens_driver 
 	 Data received: {'index': 75, 'x': [18.5], 'x_unit': 's', 'x_type': 'Time', 'y': [-2.0484066009521484], 'y_unit': 'V', 'y_type': 'Potential'} 

2024-06-17 12:42:49,693 - INFO -run_logger.palmsens_driver 
 	 Data received: {'index': 76, 'x': [18.75], 'x_unit': 's', 'x_type': 'Time', 'y': [-2.048328399658203], 'y_unit': 'V', 'y_type': 'Potential'} 

2024-06-17 12:42:49,973 - INFO -run_logger.palmsens_driver 
 	 Data received: {'index': 77, 'x': [19.0], 'x_unit': 's', 'x_type': 'Time', 'y': [-2.0484066009521484], 'y_unit': 'V', 'y_type': 'Potential'} 

2024-06-17 12:42:50,205 - INFO -run_logger.palmsens_driver 
 	 Data received: {'index': 78, 'x': [19.25], 'x_unit': 's', 'x_type': 'Time', 'y': [-2.0484066009521484], 'y_unit': 'V', 'y_type': 'Potential'} 

2024-06-17 12:42:50,436 - INFO -run_logger.palmsens_driver 
 	 Data received: {'index': 79, 'x': [19.5], 'x_unit': 's', 'x_type': 'Time', 'y': [-2.0484066009521484], 'y_unit': 'V', 'y_type': 'Potential'} 

2024-06-17 12:42:50,718 - INFO -run_logger.palmsens_driver 
 	 Data received: {'index': 80, 'x': [19.75], 'x_unit': 's', 'x_type': 'Time', 'y': [-2.0484838485717773], 'y_unit': 'V', 'y_type': 'Potential'} 

2024-06-17 12:42:50,953 - INFO -run_logger.palmsens_driver 
 	 Data received: {'index': 81, 'x': [20.0], 'x_unit': 's', 'x_type': 'Time', 'y': [-2.0484066009521484], 'y_unit': 'V', 'y_type': 'Potential'} 

2024-06-17 12:42:51,187 - INFO -run_logger.palmsens_driver 
 	 Data received: {'index': 82, 'x': [20.25], 'x_unit': 's', 'x_type': 'Time', 'y': [-2.0484066009521484], 'y_unit': 'V', 'y_type': 'Potential'} 

2024-06-17 12:42:51,465 - INFO -run_logger.palmsens_driver 
 	 Data received: {'index': 83, 'x': [20.5], 'x_unit': 's', 'x_type': 'Time', 'y': [-2.0484838485717773], 'y_unit': 'V', 'y_type': 'Potential'} 

2024-06-17 12:42:51,697 - INFO -run_logger.palmsens_driver 
 	 Data received: {'index': 84, 'x': [20.75], 'x_unit': 's', 'x_type': 'Time', 'y': [-2.0484838485717773], 'y_unit': 'V', 'y_type': 'Potential'} 

2024-06-17 12:42:51,978 - INFO -run_logger.palmsens_driver 
 	 Data received: {'index': 85, 'x': [21.0], 'x_unit': 's', 'x_type': 'Time', 'y': [-2.0485620498657227], 'y_unit': 'V', 'y_type': 'Potential'} 

2024-06-17 12:42:52,226 - INFO -run_logger.palmsens_driver 
 	 Data received: {'index': 86, 'x': [21.25], 'x_unit': 's', 'x_type': 'Time', 'y': [-2.0484838485717773], 'y_unit': 'V', 'y_type': 'Potential'} 

2024-06-17 12:42:52,475 - INFO -run_logger.palmsens_driver 
 	 Data received: {'index': 87, 'x': [21.5], 'x_unit': 's', 'x_type': 'Time', 'y': [-2.0484066009521484], 'y_unit': 'V', 'y_type': 'Potential'} 

2024-06-17 12:42:52,709 - INFO -run_logger.palmsens_driver 
 	 Data received: {'index': 88, 'x': [21.75], 'x_unit': 's', 'x_type': 'Time', 'y': [-2.0484838485717773], 'y_unit': 'V', 'y_type': 'Potential'} 

2024-06-17 12:42:52,945 - INFO -run_logger.palmsens_driver 
 	 Data received: {'index': 89, 'x': [22.0], 'x_unit': 's', 'x_type': 'Time', 'y': [-2.0484066009521484], 'y_unit': 'V', 'y_type': 'Potential'} 

2024-06-17 12:42:53,224 - INFO -run_logger.palmsens_driver 
 	 Data received: {'index': 90, 'x': [22.25], 'x_unit': 's', 'x_type': 'Time', 'y': [-2.0484066009521484], 'y_unit': 'V', 'y_type': 'Potential'} 

2024-06-17 12:42:53,455 - INFO -run_logger.palmsens_driver 
 	 Data received: {'index': 91, 'x': [22.5], 'x_unit': 's', 'x_type': 'Time', 'y': [-2.045281410217285], 'y_unit': 'V', 'y_type': 'Potential'} 

2024-06-17 12:42:53,687 - INFO -run_logger.palmsens_driver 
 	 Data received: {'index': 92, 'x': [22.75], 'x_unit': 's', 'x_type': 'Time', 'y': [-2.0484066009521484], 'y_unit': 'V', 'y_type': 'Potential'} 

2024-06-17 12:42:53,968 - INFO -run_logger.palmsens_driver 
 	 Data received: {'index': 93, 'x': [23.0], 'x_unit': 's', 'x_type': 'Time', 'y': [-2.048250198364258], 'y_unit': 'V', 'y_type': 'Potential'} 

2024-06-17 12:42:54,200 - INFO -run_logger.palmsens_driver 
 	 Data received: {'index': 94, 'x': [23.25], 'x_unit': 's', 'x_type': 'Time', 'y': [-2.0484838485717773], 'y_unit': 'V', 'y_type': 'Potential'} 

2024-06-17 12:42:54,436 - INFO -run_logger.palmsens_driver 
 	 Data received: {'index': 95, 'x': [23.5], 'x_unit': 's', 'x_type': 'Time', 'y': [-2.0487184524536133], 'y_unit': 'V', 'y_type': 'Potential'} 

2024-06-17 12:42:54,720 - INFO -run_logger.palmsens_driver 
 	 Data received: {'index': 96, 'x': [23.75], 'x_unit': 's', 'x_type': 'Time', 'y': [-2.0487966537475586], 'y_unit': 'V', 'y_type': 'Potential'} 

2024-06-17 12:42:54,954 - INFO -run_logger.palmsens_driver 
 	 Data received: {'index': 97, 'x': [24.0], 'x_unit': 's', 'x_type': 'Time', 'y': [-2.0487184524536133], 'y_unit': 'V', 'y_type': 'Potential'} 

2024-06-17 12:42:55,189 - INFO -run_logger.palmsens_driver 
 	 Data received: {'index': 98, 'x': [24.25], 'x_unit': 's', 'x_type': 'Time', 'y': [-2.0487966537475586], 'y_unit': 'V', 'y_type': 'Potential'} 

2024-06-17 12:42:55,471 - INFO -run_logger.palmsens_driver 
 	 Data received: {'index': 99, 'x': [24.5], 'x_unit': 's', 'x_type': 'Time', 'y': [-2.0487966537475586], 'y_unit': 'V', 'y_type': 'Potential'} 

2024-06-17 12:42:55,701 - INFO -run_logger.palmsens_driver 
 	 Data received: {'index': 100, 'x': [24.75], 'x_unit': 's', 'x_type': 'Time', 'y': [-2.0487966537475586], 'y_unit': 'V', 'y_type': 'Potential'} 

2024-06-17 12:42:55,932 - INFO -run_logger.palmsens_driver 
 	 Data received: {'index': 101, 'x': [25.0], 'x_unit': 's', 'x_type': 'Time', 'y': [-2.048874855041504], 'y_unit': 'V', 'y_type': 'Potential'} 

2024-06-17 12:42:55,938 - INFO -run_logger.palmsens_driver 
 	 result:
{'Title': 'Open Circuit Potentiometry', 'timestamp': '17/06/2024 12:42:29', 'current_arrays': [[0.2384185791015625, 0.2384185791015625, 0.2384185791015625, 0.2384185791015625, 0.2384185791015625, 0.2384185791015625, 0.2384185791015625, 0.2384185791015625, 0.2384185791015625, 0.2384185791015625, 0.2384185791015625, 0.2384185791015625, 0.2384185791015625, 0.2384185791015625, 0.2384185791015625, 0.2384185791015625, 0.2384185791015625, 0.2384185791015625, 0.2384185791015625, 0.2384185791015625, 0.2384185791015625, 0.2384185791015625, 0.2384185791015625, 0.2384185791015625, 0.2384185791015625, 0.2384185791015625, 0.2384185791015625, 0.2384185791015625, 0.2384185791015625, 0.2384185791015625, 0.2384185791015625, 0.2384185791015625, 0.2384185791015625, 0.2384185791015625, 0.2384185791015625, 0.2384185791015625, 0.2384185791015625, 0.2384185791015625, 0.2384185791015625, 0.2384185791015625, 0.2384185791015625, 0.2384185791015625, 0.2384185791015625, 0.2384185791015625, 0.2384185791015625, 0.2384185791015625, 0.2384185791015625, 0.2384185791015625, 0.2384185791015625, 0.2384185791015625, 0.2384185791015625, 0.2384185791015625, 0.2384185791015625, 0.2384185791015625, 0.2384185791015625, 0.2384185791015625, 0.2384185791015625, 0.2384185791015625, 0.2384185791015625, 0.2384185791015625, 0.2384185791015625, 0.2384185791015625, 0.2384185791015625, 0.2384185791015625, 0.2384185791015625, 0.2384185791015625, 0.2384185791015625, 0.2384185791015625, 0.2384185791015625, 0.2384185791015625, 0.2384185791015625, 0.2384185791015625, 0.2384185791015625, 0.2384185791015625, 0.2384185791015625, 0.2384185791015625, 0.2384185791015625, 0.2384185791015625, 0.2384185791015625, 0.2384185791015625, 0.2384185791015625, 0.2384185791015625, 0.2384185791015625, 0.2384185791015625, 0.2384185791015625, 0.2384185791015625, 0.2384185791015625, 0.2384185791015625, 0.2384185791015625, 0.2384185791015625, 0.2384185791015625, 0.2384185791015625, 0.2384185791015625, 0.2384185791015625, 0.2384185791015625, 0.2384185791015625, 0.2384185791015625, 0.2384185791015625, 0.2384185791015625, 0.2384185791015625, 0.2384185791015625]], 'potential_arrays': [[-2.049344062805176, -2.049422264099121, -2.04949951171875, -2.04949951171875, -2.04949951171875, -2.0495777130126953, -2.04949951171875, -2.04949951171875, -2.049422264099121, -2.049344062805176, -2.049422264099121, -2.049344062805176, -2.04949951171875, -2.04949951171875, -2.049422264099121, -2.04949951171875, -2.049344062805176, -2.049344062805176, -2.049422264099121, -2.049344062805176, -2.049422264099121, -2.049187660217285, -2.049187660217285, -2.0492658615112305, -2.04910945892334, -2.04910945892334, -2.048953056335449, -2.048953056335449, -2.0490312576293945, -2.048953056335449, -2.0490312576293945, -2.048953056335449, -2.048953056335449, -2.0490312576293945, -2.048953056335449, -2.048953056335449, -2.048874855041504, -2.0487966537475586, -2.0487966537475586, -2.0487184524536133, -2.0487184524536133, -2.0487184524536133, -2.048640251159668, -2.048640251159668, -2.0485620498657227, -2.0484838485717773, -2.0485620498657227, -2.0484838485717773, -2.0485620498657227, -2.0485620498657227, -2.0484066009521484, -2.0484838485717773, -2.0484066009521484, -2.0484838485717773, -2.0484838485717773, -2.0484066009521484, -2.0484838485717773, -2.0484066009521484, -2.048328399658203, -2.0484066009521484, -2.048328399658203, -2.0484066009521484, -2.048328399658203, -2.048328399658203, -2.0484066009521484, -2.048328399658203, -2.048328399658203, -2.048328399658203, -2.048328399658203, -2.0484066009521484, -2.048328399658203, -2.0484066009521484, -2.048328399658203, -2.048328399658203, -2.0484066009521484, -2.048328399658203, -2.0484066009521484, -2.0484066009521484, -2.0484066009521484, -2.0484838485717773, -2.0484066009521484, -2.0484066009521484, -2.0484838485717773, -2.0484838485717773, -2.0485620498657227, -2.0484838485717773, -2.0484066009521484, -2.0484838485717773, -2.0484066009521484, -2.0484066009521484, -2.045281410217285, -2.0484066009521484, -2.048250198364258, -2.0484838485717773, -2.0487184524536133, -2.0487966537475586, -2.0487184524536133, -2.0487966537475586, -2.0487966537475586, -2.0487966537475586, -2.048874855041504]], 'time_arrays': [[0.0, 0.25, 0.5, 0.75, 1.0, 1.25, 1.5, 1.75, 2.0, 2.25, 2.5, 2.75, 3.0, 3.25, 3.5, 3.75, 4.0, 4.25, 4.5, 4.75, 5.0, 5.25, 5.5, 5.75, 6.0, 6.25, 6.5, 6.75, 7.0, 7.25, 7.5, 7.75, 8.0, 8.25, 8.5, 8.75, 9.0, 9.25, 9.5, 9.75, 10.0, 10.25, 10.5, 10.75, 11.0, 11.25, 11.5, 11.75, 12.0, 12.25, 12.5, 12.75, 13.0, 13.25, 13.5, 13.75, 14.0, 14.25, 14.5, 14.75, 15.0, 15.25, 15.5, 15.75, 16.0, 16.25, 16.5, 16.75, 17.0, 17.25, 17.5, 17.75, 18.0, 18.25, 18.5, 18.75, 19.0, 19.25, 19.5, 19.75, 20.0, 20.25, 20.5, 20.75, 21.0, 21.25, 21.5, 21.75, 22.0, 22.25, 22.5, 22.75, 23.0, 23.25, 23.5, 23.75, 24.0, 24.25, 24.5, 24.75, 25.0]], 'freq_arrays': [], 'zre_arrays': [], 'zim_arrays': [], 'aux_input_arrays': [], 'peaks': [], 'eis_fit': []} 

2024-06-17 12:47:26,594 - INFO -run_logger.palmsens_driver 
 	 Data received: {'index': 1, 'x': [0.0], 'x_unit': 's', 'x_type': 'Time', 'y': [-2.050827980041504], 'y_unit': 'V', 'y_type': 'Potential'} 

2024-06-17 12:47:26,828 - INFO -run_logger.palmsens_driver 
 	 Data received: {'index': 2, 'x': [0.25], 'x_unit': 's', 'x_type': 'Time', 'y': [-2.050827980041504], 'y_unit': 'V', 'y_type': 'Potential'} 

2024-06-17 12:47:27,060 - INFO -run_logger.palmsens_driver 
 	 Data received: {'index': 3, 'x': [0.5], 'x_unit': 's', 'x_type': 'Time', 'y': [-2.0509843826293945], 'y_unit': 'V', 'y_type': 'Potential'} 

2024-06-17 12:47:27,346 - INFO -run_logger.palmsens_driver 
 	 Data received: {'index': 4, 'x': [0.75], 'x_unit': 's', 'x_type': 'Time', 'y': [-2.0509843826293945], 'y_unit': 'V', 'y_type': 'Potential'} 

2024-06-17 12:47:27,578 - INFO -run_logger.palmsens_driver 
 	 Data received: {'index': 5, 'x': [1.0], 'x_unit': 's', 'x_type': 'Time', 'y': [-2.050827980041504], 'y_unit': 'V', 'y_type': 'Potential'} 

2024-06-17 12:47:27,813 - INFO -run_logger.palmsens_driver 
 	 Data received: {'index': 6, 'x': [1.25], 'x_unit': 's', 'x_type': 'Time', 'y': [-2.050906181335449], 'y_unit': 'V', 'y_type': 'Potential'} 

2024-06-17 12:47:28,093 - INFO -run_logger.palmsens_driver 
 	 Data received: {'index': 7, 'x': [1.5], 'x_unit': 's', 'x_type': 'Time', 'y': [-2.0507497787475586], 'y_unit': 'V', 'y_type': 'Potential'} 

2024-06-17 12:47:28,325 - INFO -run_logger.palmsens_driver 
 	 Data received: {'index': 8, 'x': [1.75], 'x_unit': 's', 'x_type': 'Time', 'y': [-2.0507497787475586], 'y_unit': 'V', 'y_type': 'Potential'} 

2024-06-17 12:47:28,560 - INFO -run_logger.palmsens_driver 
 	 Data received: {'index': 9, 'x': [2.0], 'x_unit': 's', 'x_type': 'Time', 'y': [-2.050827980041504], 'y_unit': 'V', 'y_type': 'Potential'} 

2024-06-17 12:47:28,838 - INFO -run_logger.palmsens_driver 
 	 Data received: {'index': 10, 'x': [2.25], 'x_unit': 's', 'x_type': 'Time', 'y': [-2.0506715774536133], 'y_unit': 'V', 'y_type': 'Potential'} 

2024-06-17 12:47:29,103 - INFO -run_logger.palmsens_driver 
 	 Data received: {'index': 11, 'x': [2.5], 'x_unit': 's', 'x_type': 'Time', 'y': [-2.0507497787475586], 'y_unit': 'V', 'y_type': 'Potential'} 

2024-06-17 12:47:29,348 - INFO -run_logger.palmsens_driver 
 	 Data received: {'index': 12, 'x': [2.75], 'x_unit': 's', 'x_type': 'Time', 'y': [-2.050593376159668], 'y_unit': 'V', 'y_type': 'Potential'} 

2024-06-17 12:47:29,580 - INFO -run_logger.palmsens_driver 
 	 Data received: {'index': 13, 'x': [3.0], 'x_unit': 's', 'x_type': 'Time', 'y': [-2.050593376159668], 'y_unit': 'V', 'y_type': 'Potential'} 

2024-06-17 12:47:29,813 - INFO -run_logger.palmsens_driver 
 	 Data received: {'index': 14, 'x': [3.25], 'x_unit': 's', 'x_type': 'Time', 'y': [-2.050593376159668], 'y_unit': 'V', 'y_type': 'Potential'} 

2024-06-17 12:47:30,093 - INFO -run_logger.palmsens_driver 
 	 Data received: {'index': 15, 'x': [3.5], 'x_unit': 's', 'x_type': 'Time', 'y': [-2.0505151748657227], 'y_unit': 'V', 'y_type': 'Potential'} 

2024-06-17 12:47:30,324 - INFO -run_logger.palmsens_driver 
 	 Data received: {'index': 16, 'x': [3.75], 'x_unit': 's', 'x_type': 'Time', 'y': [-2.050593376159668], 'y_unit': 'V', 'y_type': 'Potential'} 

2024-06-17 12:47:30,557 - INFO -run_logger.palmsens_driver 
 	 Data received: {'index': 17, 'x': [4.0], 'x_unit': 's', 'x_type': 'Time', 'y': [-2.0505151748657227], 'y_unit': 'V', 'y_type': 'Potential'} 

2024-06-17 12:47:30,837 - INFO -run_logger.palmsens_driver 
 	 Data received: {'index': 18, 'x': [4.25], 'x_unit': 's', 'x_type': 'Time', 'y': [-2.0504369735717773], 'y_unit': 'V', 'y_type': 'Potential'} 

2024-06-17 12:47:31,072 - INFO -run_logger.palmsens_driver 
 	 Data received: {'index': 19, 'x': [4.5], 'x_unit': 's', 'x_type': 'Time', 'y': [-2.0505151748657227], 'y_unit': 'V', 'y_type': 'Potential'} 

2024-06-17 12:47:31,321 - INFO -run_logger.palmsens_driver 
 	 Data received: {'index': 20, 'x': [4.75], 'x_unit': 's', 'x_type': 'Time', 'y': [-2.0504369735717773], 'y_unit': 'V', 'y_type': 'Potential'} 

2024-06-17 12:47:31,569 - INFO -run_logger.palmsens_driver 
 	 Data received: {'index': 21, 'x': [5.0], 'x_unit': 's', 'x_type': 'Time', 'y': [-2.0520782470703125], 'y_unit': 'V', 'y_type': 'Potential'} 

2024-06-17 12:47:31,849 - INFO -run_logger.palmsens_driver 
 	 Data received: {'index': 22, 'x': [5.25], 'x_unit': 's', 'x_type': 'Time', 'y': [-2.052000045776367], 'y_unit': 'V', 'y_type': 'Potential'} 

2024-06-17 12:47:32,082 - INFO -run_logger.palmsens_driver 
 	 Data received: {'index': 23, 'x': [5.5], 'x_unit': 's', 'x_type': 'Time', 'y': [-2.052000045776367], 'y_unit': 'V', 'y_type': 'Potential'} 

2024-06-17 12:47:32,312 - INFO -run_logger.palmsens_driver 
 	 Data received: {'index': 24, 'x': [5.75], 'x_unit': 's', 'x_type': 'Time', 'y': [-2.052156448364258], 'y_unit': 'V', 'y_type': 'Potential'} 

2024-06-17 12:47:32,591 - INFO -run_logger.palmsens_driver 
 	 Data received: {'index': 25, 'x': [6.0], 'x_unit': 's', 'x_type': 'Time', 'y': [-2.052000045776367], 'y_unit': 'V', 'y_type': 'Potential'} 

2024-06-17 12:47:32,828 - INFO -run_logger.palmsens_driver 
 	 Data received: {'index': 26, 'x': [6.25], 'x_unit': 's', 'x_type': 'Time', 'y': [-2.0520782470703125], 'y_unit': 'V', 'y_type': 'Potential'} 

2024-06-17 12:47:33,062 - INFO -run_logger.palmsens_driver 
 	 Data received: {'index': 27, 'x': [6.5], 'x_unit': 's', 'x_type': 'Time', 'y': [-2.052000045776367], 'y_unit': 'V', 'y_type': 'Potential'} 

2024-06-17 12:47:33,342 - INFO -run_logger.palmsens_driver 
 	 Data received: {'index': 28, 'x': [6.75], 'x_unit': 's', 'x_type': 'Time', 'y': [-2.051921844482422], 'y_unit': 'V', 'y_type': 'Potential'} 

2024-06-17 12:47:33,580 - INFO -run_logger.palmsens_driver 
 	 Data received: {'index': 29, 'x': [7.0], 'x_unit': 's', 'x_type': 'Time', 'y': [-2.0518436431884766], 'y_unit': 'V', 'y_type': 'Potential'} 

2024-06-17 12:47:33,816 - INFO -run_logger.palmsens_driver 
 	 Data received: {'index': 30, 'x': [7.25], 'x_unit': 's', 'x_type': 'Time', 'y': [-2.0517654418945312], 'y_unit': 'V', 'y_type': 'Potential'} 

2024-06-17 12:47:34,091 - INFO -run_logger.palmsens_driver 
 	 Data received: {'index': 31, 'x': [7.5], 'x_unit': 's', 'x_type': 'Time', 'y': [-2.051687240600586], 'y_unit': 'V', 'y_type': 'Potential'} 

2024-06-17 12:47:34,325 - INFO -run_logger.palmsens_driver 
 	 Data received: {'index': 32, 'x': [7.75], 'x_unit': 's', 'x_type': 'Time', 'y': [-2.0517654418945312], 'y_unit': 'V', 'y_type': 'Potential'} 

2024-06-17 12:47:34,559 - INFO -run_logger.palmsens_driver 
 	 Data received: {'index': 33, 'x': [8.0], 'x_unit': 's', 'x_type': 'Time', 'y': [-2.0516090393066406], 'y_unit': 'V', 'y_type': 'Potential'} 

2024-06-17 12:47:34,838 - INFO -run_logger.palmsens_driver 
 	 Data received: {'index': 34, 'x': [8.25], 'x_unit': 's', 'x_type': 'Time', 'y': [-2.051687240600586], 'y_unit': 'V', 'y_type': 'Potential'} 

2024-06-17 12:47:35,073 - INFO -run_logger.palmsens_driver 
 	 Data received: {'index': 35, 'x': [8.5], 'x_unit': 's', 'x_type': 'Time', 'y': [-2.0516090393066406], 'y_unit': 'V', 'y_type': 'Potential'} 

2024-06-17 12:47:35,309 - INFO -run_logger.palmsens_driver 
 	 Data received: {'index': 36, 'x': [8.75], 'x_unit': 's', 'x_type': 'Time', 'y': [-2.0515308380126953], 'y_unit': 'V', 'y_type': 'Potential'} 

2024-06-17 12:47:35,601 - INFO -run_logger.palmsens_driver 
 	 Data received: {'index': 37, 'x': [9.0], 'x_unit': 's', 'x_type': 'Time', 'y': [-2.0515308380126953], 'y_unit': 'V', 'y_type': 'Potential'} 

2024-06-17 12:47:35,853 - INFO -run_logger.palmsens_driver 
 	 Data received: {'index': 38, 'x': [9.25], 'x_unit': 's', 'x_type': 'Time', 'y': [-2.05145263671875], 'y_unit': 'V', 'y_type': 'Potential'} 

2024-06-17 12:47:36,100 - INFO -run_logger.palmsens_driver 
 	 Data received: {'index': 39, 'x': [9.5], 'x_unit': 's', 'x_type': 'Time', 'y': [-2.05145263671875], 'y_unit': 'V', 'y_type': 'Potential'} 

2024-06-17 12:47:36,332 - INFO -run_logger.palmsens_driver 
 	 Data received: {'index': 40, 'x': [9.75], 'x_unit': 's', 'x_type': 'Time', 'y': [-2.051297187805176], 'y_unit': 'V', 'y_type': 'Potential'} 

2024-06-17 12:47:36,567 - INFO -run_logger.palmsens_driver 
 	 Data received: {'index': 41, 'x': [10.0], 'x_unit': 's', 'x_type': 'Time', 'y': [-2.0512189865112305], 'y_unit': 'V', 'y_type': 'Potential'} 

2024-06-17 12:47:36,846 - INFO -run_logger.palmsens_driver 
 	 Data received: {'index': 42, 'x': [10.25], 'x_unit': 's', 'x_type': 'Time', 'y': [-2.051297187805176], 'y_unit': 'V', 'y_type': 'Potential'} 

2024-06-17 12:47:37,081 - INFO -run_logger.palmsens_driver 
 	 Data received: {'index': 43, 'x': [10.5], 'x_unit': 's', 'x_type': 'Time', 'y': [-2.05106258392334], 'y_unit': 'V', 'y_type': 'Potential'} 

2024-06-17 12:47:37,312 - INFO -run_logger.palmsens_driver 
 	 Data received: {'index': 44, 'x': [10.75], 'x_unit': 's', 'x_type': 'Time', 'y': [-2.05106258392334], 'y_unit': 'V', 'y_type': 'Potential'} 

2024-06-17 12:47:37,590 - INFO -run_logger.palmsens_driver 
 	 Data received: {'index': 45, 'x': [11.0], 'x_unit': 's', 'x_type': 'Time', 'y': [-2.050906181335449], 'y_unit': 'V', 'y_type': 'Potential'} 

2024-06-17 12:47:37,824 - INFO -run_logger.palmsens_driver 
 	 Data received: {'index': 46, 'x': [11.25], 'x_unit': 's', 'x_type': 'Time', 'y': [-2.050827980041504], 'y_unit': 'V', 'y_type': 'Potential'} 

2024-06-17 12:47:38,058 - INFO -run_logger.palmsens_driver 
 	 Data received: {'index': 47, 'x': [11.5], 'x_unit': 's', 'x_type': 'Time', 'y': [-2.050906181335449], 'y_unit': 'V', 'y_type': 'Potential'} 

2024-06-17 12:47:38,337 - INFO -run_logger.palmsens_driver 
 	 Data received: {'index': 48, 'x': [11.75], 'x_unit': 's', 'x_type': 'Time', 'y': [-2.0507497787475586], 'y_unit': 'V', 'y_type': 'Potential'} 

2024-06-17 12:47:38,572 - INFO -run_logger.palmsens_driver 
 	 Data received: {'index': 49, 'x': [12.0], 'x_unit': 's', 'x_type': 'Time', 'y': [-2.0506715774536133], 'y_unit': 'V', 'y_type': 'Potential'} 

2024-06-17 12:47:38,822 - INFO -run_logger.palmsens_driver 
 	 Data received: {'index': 50, 'x': [12.25], 'x_unit': 's', 'x_type': 'Time', 'y': [-2.0507497787475586], 'y_unit': 'V', 'y_type': 'Potential'} 

2024-06-17 12:47:39,057 - INFO -run_logger.palmsens_driver 
 	 Data received: {'index': 51, 'x': [12.5], 'x_unit': 's', 'x_type': 'Time', 'y': [-2.0506715774536133], 'y_unit': 'V', 'y_type': 'Potential'} 

2024-06-17 12:47:39,350 - INFO -run_logger.palmsens_driver 
 	 Data received: {'index': 52, 'x': [12.75], 'x_unit': 's', 'x_type': 'Time', 'y': [-2.0507497787475586], 'y_unit': 'V', 'y_type': 'Potential'} 

2024-06-17 12:47:39,582 - INFO -run_logger.palmsens_driver 
 	 Data received: {'index': 53, 'x': [13.0], 'x_unit': 's', 'x_type': 'Time', 'y': [-2.050593376159668], 'y_unit': 'V', 'y_type': 'Potential'} 

2024-06-17 12:47:39,818 - INFO -run_logger.palmsens_driver 
 	 Data received: {'index': 54, 'x': [13.25], 'x_unit': 's', 'x_type': 'Time', 'y': [-2.050593376159668], 'y_unit': 'V', 'y_type': 'Potential'} 

2024-06-17 12:47:40,096 - INFO -run_logger.palmsens_driver 
 	 Data received: {'index': 55, 'x': [13.5], 'x_unit': 's', 'x_type': 'Time', 'y': [-2.0505151748657227], 'y_unit': 'V', 'y_type': 'Potential'} 

2024-06-17 12:47:40,329 - INFO -run_logger.palmsens_driver 
 	 Data received: {'index': 56, 'x': [13.75], 'x_unit': 's', 'x_type': 'Time', 'y': [-2.0504369735717773], 'y_unit': 'V', 'y_type': 'Potential'} 

2024-06-17 12:47:40,563 - INFO -run_logger.palmsens_driver 
 	 Data received: {'index': 57, 'x': [14.0], 'x_unit': 's', 'x_type': 'Time', 'y': [-2.0505151748657227], 'y_unit': 'V', 'y_type': 'Potential'} 

2024-06-17 12:47:40,842 - INFO -run_logger.palmsens_driver 
 	 Data received: {'index': 58, 'x': [14.25], 'x_unit': 's', 'x_type': 'Time', 'y': [-2.0503597259521484], 'y_unit': 'V', 'y_type': 'Potential'} 

2024-06-17 12:47:41,077 - INFO -run_logger.palmsens_driver 
 	 Data received: {'index': 59, 'x': [14.5], 'x_unit': 's', 'x_type': 'Time', 'y': [-2.0504369735717773], 'y_unit': 'V', 'y_type': 'Potential'} 

2024-06-17 12:47:41,309 - INFO -run_logger.palmsens_driver 
 	 Data received: {'index': 60, 'x': [14.75], 'x_unit': 's', 'x_type': 'Time', 'y': [-2.0503597259521484], 'y_unit': 'V', 'y_type': 'Potential'} 

2024-06-17 12:47:41,599 - INFO -run_logger.palmsens_driver 
 	 Data received: {'index': 61, 'x': [15.0], 'x_unit': 's', 'x_type': 'Time', 'y': [-2.0503597259521484], 'y_unit': 'V', 'y_type': 'Potential'} 

2024-06-17 12:47:41,834 - INFO -run_logger.palmsens_driver 
 	 Data received: {'index': 62, 'x': [15.25], 'x_unit': 's', 'x_type': 'Time', 'y': [-2.0504369735717773], 'y_unit': 'V', 'y_type': 'Potential'} 

2024-06-17 12:47:42,064 - INFO -run_logger.palmsens_driver 
 	 Data received: {'index': 63, 'x': [15.5], 'x_unit': 's', 'x_type': 'Time', 'y': [-2.050281524658203], 'y_unit': 'V', 'y_type': 'Potential'} 

2024-06-17 12:47:42,340 - INFO -run_logger.palmsens_driver 
 	 Data received: {'index': 64, 'x': [15.75], 'x_unit': 's', 'x_type': 'Time', 'y': [-2.050281524658203], 'y_unit': 'V', 'y_type': 'Potential'} 

2024-06-17 12:47:42,574 - INFO -run_logger.palmsens_driver 
 	 Data received: {'index': 65, 'x': [16.0], 'x_unit': 's', 'x_type': 'Time', 'y': [-2.050281524658203], 'y_unit': 'V', 'y_type': 'Potential'} 

2024-06-17 12:47:42,810 - INFO -run_logger.palmsens_driver 
 	 Data received: {'index': 66, 'x': [16.25], 'x_unit': 's', 'x_type': 'Time', 'y': [-2.050281524658203], 'y_unit': 'V', 'y_type': 'Potential'} 

2024-06-17 12:47:43,089 - INFO -run_logger.palmsens_driver 
 	 Data received: {'index': 67, 'x': [16.5], 'x_unit': 's', 'x_type': 'Time', 'y': [-2.050281524658203], 'y_unit': 'V', 'y_type': 'Potential'} 

2024-06-17 12:47:43,322 - INFO -run_logger.palmsens_driver 
 	 Data received: {'index': 68, 'x': [16.75], 'x_unit': 's', 'x_type': 'Time', 'y': [-2.050281524658203], 'y_unit': 'V', 'y_type': 'Potential'} 

2024-06-17 12:47:43,586 - INFO -run_logger.palmsens_driver 
 	 Data received: {'index': 69, 'x': [17.0], 'x_unit': 's', 'x_type': 'Time', 'y': [-2.050203323364258], 'y_unit': 'V', 'y_type': 'Potential'} 

2024-06-17 12:47:43,820 - INFO -run_logger.palmsens_driver 
 	 Data received: {'index': 70, 'x': [17.25], 'x_unit': 's', 'x_type': 'Time', 'y': [-2.050203323364258], 'y_unit': 'V', 'y_type': 'Potential'} 

2024-06-17 12:47:44,098 - INFO -run_logger.palmsens_driver 
 	 Data received: {'index': 71, 'x': [17.5], 'x_unit': 's', 'x_type': 'Time', 'y': [-2.0501251220703125], 'y_unit': 'V', 'y_type': 'Potential'} 

2024-06-17 12:47:44,330 - INFO -run_logger.palmsens_driver 
 	 Data received: {'index': 72, 'x': [17.75], 'x_unit': 's', 'x_type': 'Time', 'y': [-2.050046920776367], 'y_unit': 'V', 'y_type': 'Potential'} 

2024-06-17 12:47:44,563 - INFO -run_logger.palmsens_driver 
 	 Data received: {'index': 73, 'x': [18.0], 'x_unit': 's', 'x_type': 'Time', 'y': [-2.0498905181884766], 'y_unit': 'V', 'y_type': 'Potential'} 

2024-06-17 12:47:44,841 - INFO -run_logger.palmsens_driver 
 	 Data received: {'index': 74, 'x': [18.25], 'x_unit': 's', 'x_type': 'Time', 'y': [-2.0498905181884766], 'y_unit': 'V', 'y_type': 'Potential'} 

2024-06-17 12:47:45,074 - INFO -run_logger.palmsens_driver 
 	 Data received: {'index': 75, 'x': [18.5], 'x_unit': 's', 'x_type': 'Time', 'y': [-2.0498905181884766], 'y_unit': 'V', 'y_type': 'Potential'} 

2024-06-17 12:47:45,307 - INFO -run_logger.palmsens_driver 
 	 Data received: {'index': 76, 'x': [18.75], 'x_unit': 's', 'x_type': 'Time', 'y': [-2.0498905181884766], 'y_unit': 'V', 'y_type': 'Potential'} 

2024-06-17 12:47:45,586 - INFO -run_logger.palmsens_driver 
 	 Data received: {'index': 77, 'x': [19.0], 'x_unit': 's', 'x_type': 'Time', 'y': [-2.0498123168945312], 'y_unit': 'V', 'y_type': 'Potential'} 

2024-06-17 12:47:45,839 - INFO -run_logger.palmsens_driver 
 	 Data received: {'index': 78, 'x': [19.25], 'x_unit': 's', 'x_type': 'Time', 'y': [-2.0498905181884766], 'y_unit': 'V', 'y_type': 'Potential'} 

2024-06-17 12:47:46,084 - INFO -run_logger.palmsens_driver 
 	 Data received: {'index': 79, 'x': [19.5], 'x_unit': 's', 'x_type': 'Time', 'y': [-2.049734115600586], 'y_unit': 'V', 'y_type': 'Potential'} 

2024-06-17 12:47:46,319 - INFO -run_logger.palmsens_driver 
 	 Data received: {'index': 80, 'x': [19.75], 'x_unit': 's', 'x_type': 'Time', 'y': [-2.049734115600586], 'y_unit': 'V', 'y_type': 'Potential'} 

2024-06-17 12:47:46,600 - INFO -run_logger.palmsens_driver 
 	 Data received: {'index': 81, 'x': [20.0], 'x_unit': 's', 'x_type': 'Time', 'y': [-2.0495777130126953], 'y_unit': 'V', 'y_type': 'Potential'} 

2024-06-17 12:47:46,834 - INFO -run_logger.palmsens_driver 
 	 Data received: {'index': 82, 'x': [20.25], 'x_unit': 's', 'x_type': 'Time', 'y': [-2.0495777130126953], 'y_unit': 'V', 'y_type': 'Potential'} 

2024-06-17 12:47:47,069 - INFO -run_logger.palmsens_driver 
 	 Data received: {'index': 83, 'x': [20.5], 'x_unit': 's', 'x_type': 'Time', 'y': [-2.0495777130126953], 'y_unit': 'V', 'y_type': 'Potential'} 

2024-06-17 12:47:47,349 - INFO -run_logger.palmsens_driver 
 	 Data received: {'index': 84, 'x': [20.75], 'x_unit': 's', 'x_type': 'Time', 'y': [-2.049422264099121], 'y_unit': 'V', 'y_type': 'Potential'} 

2024-06-17 12:47:47,581 - INFO -run_logger.palmsens_driver 
 	 Data received: {'index': 85, 'x': [21.0], 'x_unit': 's', 'x_type': 'Time', 'y': [-2.04949951171875], 'y_unit': 'V', 'y_type': 'Potential'} 

2024-06-17 12:47:47,814 - INFO -run_logger.palmsens_driver 
 	 Data received: {'index': 86, 'x': [21.25], 'x_unit': 's', 'x_type': 'Time', 'y': [-2.049344062805176], 'y_unit': 'V', 'y_type': 'Potential'} 

2024-06-17 12:47:48,095 - INFO -run_logger.palmsens_driver 
 	 Data received: {'index': 87, 'x': [21.5], 'x_unit': 's', 'x_type': 'Time', 'y': [-2.0492658615112305], 'y_unit': 'V', 'y_type': 'Potential'} 

2024-06-17 12:47:48,327 - INFO -run_logger.palmsens_driver 
 	 Data received: {'index': 88, 'x': [21.75], 'x_unit': 's', 'x_type': 'Time', 'y': [-2.049187660217285], 'y_unit': 'V', 'y_type': 'Potential'} 

2024-06-17 12:47:48,562 - INFO -run_logger.palmsens_driver 
 	 Data received: {'index': 89, 'x': [22.0], 'x_unit': 's', 'x_type': 'Time', 'y': [-2.04910945892334], 'y_unit': 'V', 'y_type': 'Potential'} 

2024-06-17 12:47:48,842 - INFO -run_logger.palmsens_driver 
 	 Data received: {'index': 90, 'x': [22.25], 'x_unit': 's', 'x_type': 'Time', 'y': [-2.0490312576293945], 'y_unit': 'V', 'y_type': 'Potential'} 

2024-06-17 12:47:49,078 - INFO -run_logger.palmsens_driver 
 	 Data received: {'index': 91, 'x': [22.5], 'x_unit': 's', 'x_type': 'Time', 'y': [-2.0490312576293945], 'y_unit': 'V', 'y_type': 'Potential'} 

2024-06-17 12:47:49,314 - INFO -run_logger.palmsens_driver 
 	 Data received: {'index': 92, 'x': [22.75], 'x_unit': 's', 'x_type': 'Time', 'y': [-2.048874855041504], 'y_unit': 'V', 'y_type': 'Potential'} 

2024-06-17 12:47:49,597 - INFO -run_logger.palmsens_driver 
 	 Data received: {'index': 93, 'x': [23.0], 'x_unit': 's', 'x_type': 'Time', 'y': [-2.0487184524536133], 'y_unit': 'V', 'y_type': 'Potential'} 

2024-06-17 12:47:49,828 - INFO -run_logger.palmsens_driver 
 	 Data received: {'index': 94, 'x': [23.25], 'x_unit': 's', 'x_type': 'Time', 'y': [-2.0487184524536133], 'y_unit': 'V', 'y_type': 'Potential'} 

2024-06-17 12:47:50,061 - INFO -run_logger.palmsens_driver 
 	 Data received: {'index': 95, 'x': [23.5], 'x_unit': 's', 'x_type': 'Time', 'y': [-2.0487966537475586], 'y_unit': 'V', 'y_type': 'Potential'} 

2024-06-17 12:47:50,343 - INFO -run_logger.palmsens_driver 
 	 Data received: {'index': 96, 'x': [23.75], 'x_unit': 's', 'x_type': 'Time', 'y': [-2.048874855041504], 'y_unit': 'V', 'y_type': 'Potential'} 

2024-06-17 12:47:50,576 - INFO -run_logger.palmsens_driver 
 	 Data received: {'index': 97, 'x': [24.0], 'x_unit': 's', 'x_type': 'Time', 'y': [-2.048874855041504], 'y_unit': 'V', 'y_type': 'Potential'} 

2024-06-17 12:47:50,811 - INFO -run_logger.palmsens_driver 
 	 Data received: {'index': 98, 'x': [24.25], 'x_unit': 's', 'x_type': 'Time', 'y': [-2.0490312576293945], 'y_unit': 'V', 'y_type': 'Potential'} 

2024-06-17 12:47:51,092 - INFO -run_logger.palmsens_driver 
 	 Data received: {'index': 99, 'x': [24.5], 'x_unit': 's', 'x_type': 'Time', 'y': [-2.048953056335449], 'y_unit': 'V', 'y_type': 'Potential'} 

2024-06-17 12:47:51,326 - INFO -run_logger.palmsens_driver 
 	 Data received: {'index': 100, 'x': [24.75], 'x_unit': 's', 'x_type': 'Time', 'y': [-2.048874855041504], 'y_unit': 'V', 'y_type': 'Potential'} 

2024-06-17 12:47:51,558 - INFO -run_logger.palmsens_driver 
 	 Data received: {'index': 101, 'x': [25.0], 'x_unit': 's', 'x_type': 'Time', 'y': [-2.048953056335449], 'y_unit': 'V', 'y_type': 'Potential'} 

2024-06-17 12:47:51,567 - INFO -run_logger.palmsens_driver 
 	 result:
{'Title': 'Open Circuit Potentiometry', 'timestamp': '17/06/2024 12:47:25', 'current_arrays': [[0.2384185791015625, 0.2384185791015625, 0.2384185791015625, 0.2384185791015625, 0.2384185791015625, 0.2384185791015625, 0.2384185791015625, 0.2384185791015625, 0.2384185791015625, 0.2384185791015625, 0.2384185791015625, 0.2384185791015625, 0.2384185791015625, 0.2384185791015625, 0.2384185791015625, 0.2384185791015625, 0.2384185791015625, 0.2384185791015625, 0.2384185791015625, 0.2384185791015625, 0.2384185791015625, 0.2384185791015625, 0.2384185791015625, 0.2384185791015625, 0.2384185791015625, 0.2384185791015625, 0.2384185791015625, 0.2384185791015625, 0.2384185791015625, 0.2384185791015625, 0.2384185791015625, 0.2384185791015625, 0.2384185791015625, 0.2384185791015625, 0.2384185791015625, 0.2384185791015625, 0.2384185791015625, 0.2384185791015625, 0.2384185791015625, 0.2384185791015625, 0.2384185791015625, 0.2384185791015625, 0.2384185791015625, 0.2384185791015625, 0.2384185791015625, 0.2384185791015625, 0.2384185791015625, 0.2384185791015625, 0.2384185791015625, 0.2384185791015625, 0.2384185791015625, 0.2384185791015625, 0.2384185791015625, 0.2384185791015625, 0.2384185791015625, 0.2384185791015625, 0.2384185791015625, 0.2384185791015625, 0.2384185791015625, 0.2384185791015625, 0.2384185791015625, 0.2384185791015625, 0.2384185791015625, 0.2384185791015625, 0.2384185791015625, 0.2384185791015625, 0.2384185791015625, 0.2384185791015625, 0.2384185791015625, 0.2384185791015625, 0.2384185791015625, 0.2384185791015625, 0.2384185791015625, 0.2384185791015625, 0.2384185791015625, 0.2384185791015625, 0.2384185791015625, 0.2384185791015625, 0.2384185791015625, 0.2384185791015625, 0.2384185791015625, 0.2384185791015625, 0.2384185791015625, 0.2384185791015625, 0.2384185791015625, 0.2384185791015625, 0.2384185791015625, 0.2384185791015625, 0.2384185791015625, 0.2384185791015625, 0.2384185791015625, 0.2384185791015625, 0.2384185791015625, 0.2384185791015625, 0.2384185791015625, 0.2384185791015625, 0.2384185791015625, 0.2384185791015625, 0.2384185791015625, 0.2384185791015625, 0.2384185791015625]], 'potential_arrays': [[-2.050827980041504, -2.050827980041504, -2.0509843826293945, -2.0509843826293945, -2.050827980041504, -2.050906181335449, -2.0507497787475586, -2.0507497787475586, -2.050827980041504, -2.0506715774536133, -2.0507497787475586, -2.050593376159668, -2.050593376159668, -2.050593376159668, -2.0505151748657227, -2.050593376159668, -2.0505151748657227, -2.0504369735717773, -2.0505151748657227, -2.0504369735717773, -2.0520782470703125, -2.052000045776367, -2.052000045776367, -2.052156448364258, -2.052000045776367, -2.0520782470703125, -2.052000045776367, -2.051921844482422, -2.0518436431884766, -2.0517654418945312, -2.051687240600586, -2.0517654418945312, -2.0516090393066406, -2.051687240600586, -2.0516090393066406, -2.0515308380126953, -2.0515308380126953, -2.05145263671875, -2.05145263671875, -2.051297187805176, -2.0512189865112305, -2.051297187805176, -2.05106258392334, -2.05106258392334, -2.050906181335449, -2.050827980041504, -2.050906181335449, -2.0507497787475586, -2.0506715774536133, -2.0507497787475586, -2.0506715774536133, -2.0507497787475586, -2.050593376159668, -2.050593376159668, -2.0505151748657227, -2.0504369735717773, -2.0505151748657227, -2.0503597259521484, -2.0504369735717773, -2.0503597259521484, -2.0503597259521484, -2.0504369735717773, -2.050281524658203, -2.050281524658203, -2.050281524658203, -2.050281524658203, -2.050281524658203, -2.050281524658203, -2.050203323364258, -2.050203323364258, -2.0501251220703125, -2.050046920776367, -2.0498905181884766, -2.0498905181884766, -2.0498905181884766, -2.0498905181884766, -2.0498123168945312, -2.0498905181884766, -2.049734115600586, -2.049734115600586, -2.0495777130126953, -2.0495777130126953, -2.0495777130126953, -2.049422264099121, -2.04949951171875, -2.049344062805176, -2.0492658615112305, -2.049187660217285, -2.04910945892334, -2.0490312576293945, -2.0490312576293945, -2.048874855041504, -2.0487184524536133, -2.0487184524536133, -2.0487966537475586, -2.048874855041504, -2.048874855041504, -2.0490312576293945, -2.048953056335449, -2.048874855041504, -2.048953056335449]], 'time_arrays': [[0.0, 0.25, 0.5, 0.75, 1.0, 1.25, 1.5, 1.75, 2.0, 2.25, 2.5, 2.75, 3.0, 3.25, 3.5, 3.75, 4.0, 4.25, 4.5, 4.75, 5.0, 5.25, 5.5, 5.75, 6.0, 6.25, 6.5, 6.75, 7.0, 7.25, 7.5, 7.75, 8.0, 8.25, 8.5, 8.75, 9.0, 9.25, 9.5, 9.75, 10.0, 10.25, 10.5, 10.75, 11.0, 11.25, 11.5, 11.75, 12.0, 12.25, 12.5, 12.75, 13.0, 13.25, 13.5, 13.75, 14.0, 14.25, 14.5, 14.75, 15.0, 15.25, 15.5, 15.75, 16.0, 16.25, 16.5, 16.75, 17.0, 17.25, 17.5, 17.75, 18.0, 18.25, 18.5, 18.75, 19.0, 19.25, 19.5, 19.75, 20.0, 20.25, 20.5, 20.75, 21.0, 21.25, 21.5, 21.75, 22.0, 22.25, 22.5, 22.75, 23.0, 23.25, 23.5, 23.75, 24.0, 24.25, 24.5, 24.75, 25.0]], 'freq_arrays': [], 'zre_arrays': [], 'zim_arrays': [], 'aux_input_arrays': [], 'peaks': [], 'eis_fit': []} 

2024-06-17 12:47:57,319 - INFO -run_logger.palmsens_driver 
 	 Data received: {'index': 1, 'x': [0.0], 'x_unit': 's', 'x_type': 'Time', 'y': [-2.048093795776367], 'y_unit': 'V', 'y_type': 'Potential'} 

2024-06-17 12:47:57,554 - INFO -run_logger.palmsens_driver 
 	 Data received: {'index': 2, 'x': [0.25], 'x_unit': 's', 'x_type': 'Time', 'y': [-2.048093795776367], 'y_unit': 'V', 'y_type': 'Potential'} 

2024-06-17 12:47:57,788 - INFO -run_logger.palmsens_driver 
 	 Data received: {'index': 3, 'x': [0.5], 'x_unit': 's', 'x_type': 'Time', 'y': [-2.0481719970703125], 'y_unit': 'V', 'y_type': 'Potential'} 

2024-06-17 12:47:58,066 - INFO -run_logger.palmsens_driver 
 	 Data received: {'index': 4, 'x': [0.75], 'x_unit': 's', 'x_type': 'Time', 'y': [-2.0481719970703125], 'y_unit': 'V', 'y_type': 'Potential'} 

2024-06-17 12:47:58,300 - INFO -run_logger.palmsens_driver 
 	 Data received: {'index': 5, 'x': [1.0], 'x_unit': 's', 'x_type': 'Time', 'y': [-2.048093795776367], 'y_unit': 'V', 'y_type': 'Potential'} 

2024-06-17 12:47:58,532 - INFO -run_logger.palmsens_driver 
 	 Data received: {'index': 6, 'x': [1.25], 'x_unit': 's', 'x_type': 'Time', 'y': [-2.048093795776367], 'y_unit': 'V', 'y_type': 'Potential'} 

2024-06-17 12:47:58,815 - INFO -run_logger.palmsens_driver 
 	 Data received: {'index': 7, 'x': [1.5], 'x_unit': 's', 'x_type': 'Time', 'y': [-2.048093795776367], 'y_unit': 'V', 'y_type': 'Potential'} 

2024-06-17 12:47:59,048 - INFO -run_logger.palmsens_driver 
 	 Data received: {'index': 8, 'x': [1.75], 'x_unit': 's', 'x_type': 'Time', 'y': [-2.048015594482422], 'y_unit': 'V', 'y_type': 'Potential'} 

2024-06-17 12:47:59,326 - INFO -run_logger.palmsens_driver 
 	 Data received: {'index': 9, 'x': [2.0], 'x_unit': 's', 'x_type': 'Time', 'y': [-2.048015594482422], 'y_unit': 'V', 'y_type': 'Potential'} 

2024-06-17 12:47:59,562 - INFO -run_logger.palmsens_driver 
 	 Data received: {'index': 10, 'x': [2.25], 'x_unit': 's', 'x_type': 'Time', 'y': [-2.0479373931884766], 'y_unit': 'V', 'y_type': 'Potential'} 

2024-06-17 12:47:59,796 - INFO -run_logger.palmsens_driver 
 	 Data received: {'index': 11, 'x': [2.5], 'x_unit': 's', 'x_type': 'Time', 'y': [-2.048015594482422], 'y_unit': 'V', 'y_type': 'Potential'} 

2024-06-17 12:48:00,077 - INFO -run_logger.palmsens_driver 
 	 Data received: {'index': 12, 'x': [2.75], 'x_unit': 's', 'x_type': 'Time', 'y': [-2.048015594482422], 'y_unit': 'V', 'y_type': 'Potential'} 

2024-06-17 12:48:00,313 - INFO -run_logger.palmsens_driver 
 	 Data received: {'index': 13, 'x': [3.0], 'x_unit': 's', 'x_type': 'Time', 'y': [-2.0478591918945312], 'y_unit': 'V', 'y_type': 'Potential'} 

2024-06-17 12:48:00,547 - INFO -run_logger.palmsens_driver 
 	 Data received: {'index': 14, 'x': [3.25], 'x_unit': 's', 'x_type': 'Time', 'y': [-2.0478591918945312], 'y_unit': 'V', 'y_type': 'Potential'} 

2024-06-17 12:48:00,827 - INFO -run_logger.palmsens_driver 
 	 Data received: {'index': 15, 'x': [3.5], 'x_unit': 's', 'x_type': 'Time', 'y': [-2.0477027893066406], 'y_unit': 'V', 'y_type': 'Potential'} 

2024-06-17 12:48:01,060 - INFO -run_logger.palmsens_driver 
 	 Data received: {'index': 16, 'x': [3.75], 'x_unit': 's', 'x_type': 'Time', 'y': [-2.047780990600586], 'y_unit': 'V', 'y_type': 'Potential'} 

2024-06-17 12:48:01,294 - INFO -run_logger.palmsens_driver 
 	 Data received: {'index': 17, 'x': [4.0], 'x_unit': 's', 'x_type': 'Time', 'y': [-2.0477027893066406], 'y_unit': 'V', 'y_type': 'Potential'} 

2024-06-17 12:48:01,573 - INFO -run_logger.palmsens_driver 
 	 Data received: {'index': 18, 'x': [4.25], 'x_unit': 's', 'x_type': 'Time', 'y': [-2.0476245880126953], 'y_unit': 'V', 'y_type': 'Potential'} 

2024-06-17 12:48:01,806 - INFO -run_logger.palmsens_driver 
 	 Data received: {'index': 19, 'x': [4.5], 'x_unit': 's', 'x_type': 'Time', 'y': [-2.0477027893066406], 'y_unit': 'V', 'y_type': 'Potential'} 

2024-06-17 12:48:02,055 - INFO -run_logger.palmsens_driver 
 	 Data received: {'index': 20, 'x': [4.75], 'x_unit': 's', 'x_type': 'Time', 'y': [-2.04754638671875], 'y_unit': 'V', 'y_type': 'Potential'} 

2024-06-17 12:48:02,291 - INFO -run_logger.palmsens_driver 
 	 Data received: {'index': 21, 'x': [5.0], 'x_unit': 's', 'x_type': 'Time', 'y': [-2.0477027893066406], 'y_unit': 'V', 'y_type': 'Potential'} 

2024-06-17 12:48:02,553 - INFO -run_logger.palmsens_driver 
 	 Data received: {'index': 22, 'x': [5.25], 'x_unit': 's', 'x_type': 'Time', 'y': [-2.0476245880126953], 'y_unit': 'V', 'y_type': 'Potential'} 

2024-06-17 12:48:02,786 - INFO -run_logger.palmsens_driver 
 	 Data received: {'index': 23, 'x': [5.5], 'x_unit': 's', 'x_type': 'Time', 'y': [-2.047469139099121], 'y_unit': 'V', 'y_type': 'Potential'} 

2024-06-17 12:48:03,064 - INFO -run_logger.palmsens_driver 
 	 Data received: {'index': 24, 'x': [5.75], 'x_unit': 's', 'x_type': 'Time', 'y': [-2.04754638671875], 'y_unit': 'V', 'y_type': 'Potential'} 

2024-06-17 12:48:03,299 - INFO -run_logger.palmsens_driver 
 	 Data received: {'index': 25, 'x': [6.0], 'x_unit': 's', 'x_type': 'Time', 'y': [-2.047469139099121], 'y_unit': 'V', 'y_type': 'Potential'} 

2024-06-17 12:48:03,534 - INFO -run_logger.palmsens_driver 
 	 Data received: {'index': 26, 'x': [6.25], 'x_unit': 's', 'x_type': 'Time', 'y': [-2.04754638671875], 'y_unit': 'V', 'y_type': 'Potential'} 

2024-06-17 12:48:03,818 - INFO -run_logger.palmsens_driver 
 	 Data received: {'index': 27, 'x': [6.5], 'x_unit': 's', 'x_type': 'Time', 'y': [-2.04754638671875], 'y_unit': 'V', 'y_type': 'Potential'} 

2024-06-17 12:48:04,051 - INFO -run_logger.palmsens_driver 
 	 Data received: {'index': 28, 'x': [6.75], 'x_unit': 's', 'x_type': 'Time', 'y': [-2.047390937805176], 'y_unit': 'V', 'y_type': 'Potential'} 

2024-06-17 12:48:04,286 - INFO -run_logger.palmsens_driver 
 	 Data received: {'index': 29, 'x': [7.0], 'x_unit': 's', 'x_type': 'Time', 'y': [-2.047390937805176], 'y_unit': 'V', 'y_type': 'Potential'} 

2024-06-17 12:48:04,564 - INFO -run_logger.palmsens_driver 
 	 Data received: {'index': 30, 'x': [7.25], 'x_unit': 's', 'x_type': 'Time', 'y': [-2.0473127365112305], 'y_unit': 'V', 'y_type': 'Potential'} 

2024-06-17 12:48:04,796 - INFO -run_logger.palmsens_driver 
 	 Data received: {'index': 31, 'x': [7.5], 'x_unit': 's', 'x_type': 'Time', 'y': [-2.0473127365112305], 'y_unit': 'V', 'y_type': 'Potential'} 

2024-06-17 12:48:05,073 - INFO -run_logger.palmsens_driver 
 	 Data received: {'index': 32, 'x': [7.75], 'x_unit': 's', 'x_type': 'Time', 'y': [-2.0473127365112305], 'y_unit': 'V', 'y_type': 'Potential'} 

2024-06-17 12:48:05,320 - INFO -run_logger.palmsens_driver 
 	 Data received: {'index': 33, 'x': [8.0], 'x_unit': 's', 'x_type': 'Time', 'y': [-2.04715633392334], 'y_unit': 'V', 'y_type': 'Potential'} 

2024-06-17 12:48:05,568 - INFO -run_logger.palmsens_driver 
 	 Data received: {'index': 34, 'x': [8.25], 'x_unit': 's', 'x_type': 'Time', 'y': [-2.047234535217285], 'y_unit': 'V', 'y_type': 'Potential'} 

2024-06-17 12:48:05,800 - INFO -run_logger.palmsens_driver 
 	 Data received: {'index': 35, 'x': [8.5], 'x_unit': 's', 'x_type': 'Time', 'y': [-2.0470781326293945], 'y_unit': 'V', 'y_type': 'Potential'} 

2024-06-17 12:48:06,032 - INFO -run_logger.palmsens_driver 
 	 Data received: {'index': 36, 'x': [8.75], 'x_unit': 's', 'x_type': 'Time', 'y': [-2.0470781326293945], 'y_unit': 'V', 'y_type': 'Potential'} 

2024-06-17 12:48:06,313 - INFO -run_logger.palmsens_driver 
 	 Data received: {'index': 37, 'x': [9.0], 'x_unit': 's', 'x_type': 'Time', 'y': [-2.046999931335449], 'y_unit': 'V', 'y_type': 'Potential'} 

2024-06-17 12:48:06,547 - INFO -run_logger.palmsens_driver 
 	 Data received: {'index': 38, 'x': [9.25], 'x_unit': 's', 'x_type': 'Time', 'y': [-2.046921730041504], 'y_unit': 'V', 'y_type': 'Potential'} 

2024-06-17 12:48:06,824 - INFO -run_logger.palmsens_driver 
 	 Data received: {'index': 39, 'x': [9.5], 'x_unit': 's', 'x_type': 'Time', 'y': [-2.0468435287475586], 'y_unit': 'V', 'y_type': 'Potential'} 

2024-06-17 12:48:07,059 - INFO -run_logger.palmsens_driver 
 	 Data received: {'index': 40, 'x': [9.75], 'x_unit': 's', 'x_type': 'Time', 'y': [-2.0468435287475586], 'y_unit': 'V', 'y_type': 'Potential'} 

2024-06-17 12:48:07,294 - INFO -run_logger.palmsens_driver 
 	 Data received: {'index': 41, 'x': [10.0], 'x_unit': 's', 'x_type': 'Time', 'y': [-2.0467653274536133], 'y_unit': 'V', 'y_type': 'Potential'} 

2024-06-17 12:48:07,574 - INFO -run_logger.palmsens_driver 
 	 Data received: {'index': 42, 'x': [10.25], 'x_unit': 's', 'x_type': 'Time', 'y': [-2.0467653274536133], 'y_unit': 'V', 'y_type': 'Potential'} 

2024-06-17 12:48:07,807 - INFO -run_logger.palmsens_driver 
 	 Data received: {'index': 43, 'x': [10.5], 'x_unit': 's', 'x_type': 'Time', 'y': [-2.046687126159668], 'y_unit': 'V', 'y_type': 'Potential'} 

2024-06-17 12:48:08,042 - INFO -run_logger.palmsens_driver 
 	 Data received: {'index': 44, 'x': [10.75], 'x_unit': 's', 'x_type': 'Time', 'y': [-2.046687126159668], 'y_unit': 'V', 'y_type': 'Potential'} 

2024-06-17 12:48:08,289 - INFO -run_logger.palmsens_driver 
 	 Data received: {'index': 45, 'x': [11.0], 'x_unit': 's', 'x_type': 'Time', 'y': [-2.046687126159668], 'y_unit': 'V', 'y_type': 'Potential'} 

2024-06-17 12:48:08,568 - INFO -run_logger.palmsens_driver 
 	 Data received: {'index': 46, 'x': [11.25], 'x_unit': 's', 'x_type': 'Time', 'y': [-2.0466089248657227], 'y_unit': 'V', 'y_type': 'Potential'} 

2024-06-17 12:48:08,801 - INFO -run_logger.palmsens_driver 
 	 Data received: {'index': 47, 'x': [11.5], 'x_unit': 's', 'x_type': 'Time', 'y': [-2.0466089248657227], 'y_unit': 'V', 'y_type': 'Potential'} 

2024-06-17 12:48:09,033 - INFO -run_logger.palmsens_driver 
 	 Data received: {'index': 48, 'x': [11.75], 'x_unit': 's', 'x_type': 'Time', 'y': [-2.0465307235717773], 'y_unit': 'V', 'y_type': 'Potential'} 

2024-06-17 12:48:09,313 - INFO -run_logger.palmsens_driver 
 	 Data received: {'index': 49, 'x': [12.0], 'x_unit': 's', 'x_type': 'Time', 'y': [-2.0465307235717773], 'y_unit': 'V', 'y_type': 'Potential'} 

2024-06-17 12:48:09,546 - INFO -run_logger.palmsens_driver 
 	 Data received: {'index': 50, 'x': [12.25], 'x_unit': 's', 'x_type': 'Time', 'y': [-2.0465307235717773], 'y_unit': 'V', 'y_type': 'Potential'} 

2024-06-17 12:48:09,826 - INFO -run_logger.palmsens_driver 
 	 Data received: {'index': 51, 'x': [12.5], 'x_unit': 's', 'x_type': 'Time', 'y': [-2.0464534759521484], 'y_unit': 'V', 'y_type': 'Potential'} 

2024-06-17 12:48:10,060 - INFO -run_logger.palmsens_driver 
 	 Data received: {'index': 52, 'x': [12.75], 'x_unit': 's', 'x_type': 'Time', 'y': [-2.0465307235717773], 'y_unit': 'V', 'y_type': 'Potential'} 

2024-06-17 12:48:10,296 - INFO -run_logger.palmsens_driver 
 	 Data received: {'index': 53, 'x': [13.0], 'x_unit': 's', 'x_type': 'Time', 'y': [-2.0464534759521484], 'y_unit': 'V', 'y_type': 'Potential'} 

2024-06-17 12:48:10,587 - INFO -run_logger.palmsens_driver 
 	 Data received: {'index': 54, 'x': [13.25], 'x_unit': 's', 'x_type': 'Time', 'y': [-2.046375274658203], 'y_unit': 'V', 'y_type': 'Potential'} 

2024-06-17 12:48:10,819 - INFO -run_logger.palmsens_driver 
 	 Data received: {'index': 55, 'x': [13.5], 'x_unit': 's', 'x_type': 'Time', 'y': [-2.0464534759521484], 'y_unit': 'V', 'y_type': 'Potential'} 

2024-06-17 12:48:11,051 - INFO -run_logger.palmsens_driver 
 	 Data received: {'index': 56, 'x': [13.75], 'x_unit': 's', 'x_type': 'Time', 'y': [-2.046297073364258], 'y_unit': 'V', 'y_type': 'Potential'} 

2024-06-17 12:48:11,286 - INFO -run_logger.palmsens_driver 
 	 Data received: {'index': 57, 'x': [14.0], 'x_unit': 's', 'x_type': 'Time', 'y': [-2.0464534759521484], 'y_unit': 'V', 'y_type': 'Potential'} 

2024-06-17 12:48:11,567 - INFO -run_logger.palmsens_driver 
 	 Data received: {'index': 58, 'x': [14.25], 'x_unit': 's', 'x_type': 'Time', 'y': [-2.046297073364258], 'y_unit': 'V', 'y_type': 'Potential'} 

2024-06-17 12:48:11,802 - INFO -run_logger.palmsens_driver 
 	 Data received: {'index': 59, 'x': [14.5], 'x_unit': 's', 'x_type': 'Time', 'y': [-2.0462188720703125], 'y_unit': 'V', 'y_type': 'Potential'} 

2024-06-17 12:48:12,037 - INFO -run_logger.palmsens_driver 
 	 Data received: {'index': 60, 'x': [14.75], 'x_unit': 's', 'x_type': 'Time', 'y': [-2.0465307235717773], 'y_unit': 'V', 'y_type': 'Potential'} 

2024-06-17 12:48:12,315 - INFO -run_logger.palmsens_driver 
 	 Data received: {'index': 61, 'x': [15.0], 'x_unit': 's', 'x_type': 'Time', 'y': [-2.0464534759521484], 'y_unit': 'V', 'y_type': 'Potential'} 

2024-06-17 12:48:12,548 - INFO -run_logger.palmsens_driver 
 	 Data received: {'index': 62, 'x': [15.25], 'x_unit': 's', 'x_type': 'Time', 'y': [-2.0465307235717773], 'y_unit': 'V', 'y_type': 'Potential'} 

2024-06-17 12:48:12,827 - INFO -run_logger.palmsens_driver 
 	 Data received: {'index': 63, 'x': [15.5], 'x_unit': 's', 'x_type': 'Time', 'y': [-2.0465307235717773], 'y_unit': 'V', 'y_type': 'Potential'} 

2024-06-17 12:48:13,062 - INFO -run_logger.palmsens_driver 
 	 Data received: {'index': 64, 'x': [15.75], 'x_unit': 's', 'x_type': 'Time', 'y': [-2.0465307235717773], 'y_unit': 'V', 'y_type': 'Potential'} 

2024-06-17 12:48:13,295 - INFO -run_logger.palmsens_driver 
 	 Data received: {'index': 65, 'x': [16.0], 'x_unit': 's', 'x_type': 'Time', 'y': [-2.0466089248657227], 'y_unit': 'V', 'y_type': 'Potential'} 

2024-06-17 12:48:13,575 - INFO -run_logger.palmsens_driver 
 	 Data received: {'index': 66, 'x': [16.25], 'x_unit': 's', 'x_type': 'Time', 'y': [-2.046687126159668], 'y_unit': 'V', 'y_type': 'Potential'} 

2024-06-17 12:48:13,836 - INFO -run_logger.palmsens_driver 
 	 Data received: {'index': 67, 'x': [16.5], 'x_unit': 's', 'x_type': 'Time', 'y': [-2.0466089248657227], 'y_unit': 'V', 'y_type': 'Potential'} 

2024-06-17 12:48:14,071 - INFO -run_logger.palmsens_driver 
 	 Data received: {'index': 68, 'x': [16.75], 'x_unit': 's', 'x_type': 'Time', 'y': [-2.0465307235717773], 'y_unit': 'V', 'y_type': 'Potential'} 

2024-06-17 12:48:14,319 - INFO -run_logger.palmsens_driver 
 	 Data received: {'index': 69, 'x': [17.0], 'x_unit': 's', 'x_type': 'Time', 'y': [-2.046297073364258], 'y_unit': 'V', 'y_type': 'Potential'} 

2024-06-17 12:48:14,554 - INFO -run_logger.palmsens_driver 
 	 Data received: {'index': 70, 'x': [17.25], 'x_unit': 's', 'x_type': 'Time', 'y': [-2.046375274658203], 'y_unit': 'V', 'y_type': 'Potential'} 

2024-06-17 12:48:14,786 - INFO -run_logger.palmsens_driver 
 	 Data received: {'index': 71, 'x': [17.5], 'x_unit': 's', 'x_type': 'Time', 'y': [-2.046297073364258], 'y_unit': 'V', 'y_type': 'Potential'} 

2024-06-17 12:48:15,065 - INFO -run_logger.palmsens_driver 
 	 Data received: {'index': 72, 'x': [17.75], 'x_unit': 's', 'x_type': 'Time', 'y': [-2.046375274658203], 'y_unit': 'V', 'y_type': 'Potential'} 

2024-06-17 12:48:15,301 - INFO -run_logger.palmsens_driver 
 	 Data received: {'index': 73, 'x': [18.0], 'x_unit': 's', 'x_type': 'Time', 'y': [-2.046297073364258], 'y_unit': 'V', 'y_type': 'Potential'} 

2024-06-17 12:48:15,534 - INFO -run_logger.palmsens_driver 
 	 Data received: {'index': 74, 'x': [18.25], 'x_unit': 's', 'x_type': 'Time', 'y': [-2.0462188720703125], 'y_unit': 'V', 'y_type': 'Potential'} 

2024-06-17 12:48:15,814 - INFO -run_logger.palmsens_driver 
 	 Data received: {'index': 75, 'x': [18.5], 'x_unit': 's', 'x_type': 'Time', 'y': [-2.046297073364258], 'y_unit': 'V', 'y_type': 'Potential'} 

2024-06-17 12:48:16,047 - INFO -run_logger.palmsens_driver 
 	 Data received: {'index': 76, 'x': [18.75], 'x_unit': 's', 'x_type': 'Time', 'y': [-2.046297073364258], 'y_unit': 'V', 'y_type': 'Potential'} 

2024-06-17 12:48:16,328 - INFO -run_logger.palmsens_driver 
 	 Data received: {'index': 77, 'x': [19.0], 'x_unit': 's', 'x_type': 'Time', 'y': [-2.0462188720703125], 'y_unit': 'V', 'y_type': 'Potential'} 

2024-06-17 12:48:16,561 - INFO -run_logger.palmsens_driver 
 	 Data received: {'index': 78, 'x': [19.25], 'x_unit': 's', 'x_type': 'Time', 'y': [-2.046297073364258], 'y_unit': 'V', 'y_type': 'Potential'} 

2024-06-17 12:48:16,798 - INFO -run_logger.palmsens_driver 
 	 Data received: {'index': 79, 'x': [19.5], 'x_unit': 's', 'x_type': 'Time', 'y': [-2.0462188720703125], 'y_unit': 'V', 'y_type': 'Potential'} 

2024-06-17 12:48:17,078 - INFO -run_logger.palmsens_driver 
 	 Data received: {'index': 80, 'x': [19.75], 'x_unit': 's', 'x_type': 'Time', 'y': [-2.046297073364258], 'y_unit': 'V', 'y_type': 'Potential'} 

2024-06-17 12:48:17,311 - INFO -run_logger.palmsens_driver 
 	 Data received: {'index': 81, 'x': [20.0], 'x_unit': 's', 'x_type': 'Time', 'y': [-2.046297073364258], 'y_unit': 'V', 'y_type': 'Potential'} 

2024-06-17 12:48:17,545 - INFO -run_logger.palmsens_driver 
 	 Data received: {'index': 82, 'x': [20.25], 'x_unit': 's', 'x_type': 'Time', 'y': [-2.0462188720703125], 'y_unit': 'V', 'y_type': 'Potential'} 

2024-06-17 12:48:17,826 - INFO -run_logger.palmsens_driver 
 	 Data received: {'index': 83, 'x': [20.5], 'x_unit': 's', 'x_type': 'Time', 'y': [-2.046297073364258], 'y_unit': 'V', 'y_type': 'Potential'} 

2024-06-17 12:48:18,061 - INFO -run_logger.palmsens_driver 
 	 Data received: {'index': 84, 'x': [20.75], 'x_unit': 's', 'x_type': 'Time', 'y': [-2.0462188720703125], 'y_unit': 'V', 'y_type': 'Potential'} 

2024-06-17 12:48:18,293 - INFO -run_logger.palmsens_driver 
 	 Data received: {'index': 85, 'x': [21.0], 'x_unit': 's', 'x_type': 'Time', 'y': [-2.046297073364258], 'y_unit': 'V', 'y_type': 'Potential'} 

2024-06-17 12:48:18,573 - INFO -run_logger.palmsens_driver 
 	 Data received: {'index': 86, 'x': [21.25], 'x_unit': 's', 'x_type': 'Time', 'y': [-2.0462188720703125], 'y_unit': 'V', 'y_type': 'Potential'} 

2024-06-17 12:48:18,819 - INFO -run_logger.palmsens_driver 
 	 Data received: {'index': 87, 'x': [21.5], 'x_unit': 's', 'x_type': 'Time', 'y': [-2.046140670776367], 'y_unit': 'V', 'y_type': 'Potential'} 

2024-06-17 12:48:19,049 - INFO -run_logger.palmsens_driver 
 	 Data received: {'index': 88, 'x': [21.75], 'x_unit': 's', 'x_type': 'Time', 'y': [-2.0462188720703125], 'y_unit': 'V', 'y_type': 'Potential'} 

2024-06-17 12:48:19,283 - INFO -run_logger.palmsens_driver 
 	 Data received: {'index': 89, 'x': [22.0], 'x_unit': 's', 'x_type': 'Time', 'y': [-2.046140670776367], 'y_unit': 'V', 'y_type': 'Potential'} 

2024-06-17 12:48:19,566 - INFO -run_logger.palmsens_driver 
 	 Data received: {'index': 90, 'x': [22.25], 'x_unit': 's', 'x_type': 'Time', 'y': [-2.0462188720703125], 'y_unit': 'V', 'y_type': 'Potential'} 

2024-06-17 12:48:19,802 - INFO -run_logger.palmsens_driver 
 	 Data received: {'index': 91, 'x': [22.5], 'x_unit': 's', 'x_type': 'Time', 'y': [-2.046140670776367], 'y_unit': 'V', 'y_type': 'Potential'} 

2024-06-17 12:48:20,037 - INFO -run_logger.palmsens_driver 
 	 Data received: {'index': 92, 'x': [22.75], 'x_unit': 's', 'x_type': 'Time', 'y': [-2.046140670776367], 'y_unit': 'V', 'y_type': 'Potential'} 

2024-06-17 12:48:20,318 - INFO -run_logger.palmsens_driver 
 	 Data received: {'index': 93, 'x': [23.0], 'x_unit': 's', 'x_type': 'Time', 'y': [-2.0462188720703125], 'y_unit': 'V', 'y_type': 'Potential'} 

2024-06-17 12:48:20,548 - INFO -run_logger.palmsens_driver 
 	 Data received: {'index': 94, 'x': [23.25], 'x_unit': 's', 'x_type': 'Time', 'y': [-2.046140670776367], 'y_unit': 'V', 'y_type': 'Potential'} 

2024-06-17 12:48:20,830 - INFO -run_logger.palmsens_driver 
 	 Data received: {'index': 95, 'x': [23.5], 'x_unit': 's', 'x_type': 'Time', 'y': [-2.046140670776367], 'y_unit': 'V', 'y_type': 'Potential'} 

2024-06-17 12:48:21,064 - INFO -run_logger.palmsens_driver 
 	 Data received: {'index': 96, 'x': [23.75], 'x_unit': 's', 'x_type': 'Time', 'y': [-2.0462188720703125], 'y_unit': 'V', 'y_type': 'Potential'} 

2024-06-17 12:48:21,297 - INFO -run_logger.palmsens_driver 
 	 Data received: {'index': 97, 'x': [24.0], 'x_unit': 's', 'x_type': 'Time', 'y': [-2.046375274658203], 'y_unit': 'V', 'y_type': 'Potential'} 

2024-06-17 12:48:21,578 - INFO -run_logger.palmsens_driver 
 	 Data received: {'index': 98, 'x': [24.25], 'x_unit': 's', 'x_type': 'Time', 'y': [-2.046297073364258], 'y_unit': 'V', 'y_type': 'Potential'} 

2024-06-17 12:48:21,815 - INFO -run_logger.palmsens_driver 
 	 Data received: {'index': 99, 'x': [24.5], 'x_unit': 's', 'x_type': 'Time', 'y': [-2.046140670776367], 'y_unit': 'V', 'y_type': 'Potential'} 

2024-06-17 12:48:22,049 - INFO -run_logger.palmsens_driver 
 	 Data received: {'index': 100, 'x': [24.75], 'x_unit': 's', 'x_type': 'Time', 'y': [-2.0459842681884766], 'y_unit': 'V', 'y_type': 'Potential'} 

2024-06-17 12:48:22,327 - INFO -run_logger.palmsens_driver 
 	 Data received: {'index': 101, 'x': [25.0], 'x_unit': 's', 'x_type': 'Time', 'y': [-2.0459060668945312], 'y_unit': 'V', 'y_type': 'Potential'} 

2024-06-17 12:48:22,333 - INFO -run_logger.palmsens_driver 
 	 result:
{'Title': 'Open Circuit Potentiometry', 'timestamp': '17/06/2024 12:47:55', 'current_arrays': [[0.2384185791015625, 0.2384185791015625, 0.2384185791015625, 0.2384185791015625, 0.2384185791015625, 0.2384185791015625, 0.2384185791015625, 0.2384185791015625, 0.2384185791015625, 0.2384185791015625, 0.2384185791015625, 0.2384185791015625, 0.2384185791015625, 0.2384185791015625, 0.2384185791015625, 0.2384185791015625, 0.2384185791015625, 0.2384185791015625, 0.2384185791015625, 0.2384185791015625, 0.2384185791015625, 0.2384185791015625, 0.2384185791015625, 0.2384185791015625, 0.2384185791015625, 0.2384185791015625, 0.2384185791015625, 0.2384185791015625, 0.2384185791015625, 0.2384185791015625, 0.2384185791015625, 0.2384185791015625, 0.2384185791015625, 0.2384185791015625, 0.2384185791015625, 0.2384185791015625, 0.2384185791015625, 0.2384185791015625, 0.2384185791015625, 0.2384185791015625, 0.2384185791015625, 0.2384185791015625, 0.2384185791015625, 0.2384185791015625, 0.2384185791015625, 0.2384185791015625, 0.2384185791015625, 0.2384185791015625, 0.2384185791015625, 0.2384185791015625, 0.2384185791015625, 0.2384185791015625, 0.2384185791015625, 0.2384185791015625, 0.2384185791015625, 0.2384185791015625, 0.2384185791015625, 0.2384185791015625, 0.2384185791015625, 0.2384185791015625, 0.2384185791015625, 0.2384185791015625, 0.2384185791015625, 0.2384185791015625, 0.2384185791015625, 0.2384185791015625, 0.2384185791015625, 0.2384185791015625, 0.2384185791015625, 0.2384185791015625, 0.2384185791015625, 0.2384185791015625, 0.2384185791015625, 0.2384185791015625, 0.2384185791015625, 0.2384185791015625, 0.2384185791015625, 0.2384185791015625, 0.2384185791015625, 0.2384185791015625, 0.2384185791015625, 0.2384185791015625, 0.2384185791015625, 0.2384185791015625, 0.2384185791015625, 0.2384185791015625, 0.2384185791015625, 0.2384185791015625, 0.2384185791015625, 0.2384185791015625, 0.2384185791015625, 0.2384185791015625, 0.2384185791015625, 0.2384185791015625, 0.2384185791015625, 0.2384185791015625, 0.2384185791015625, 0.2384185791015625, 0.2384185791015625, 0.2384185791015625, 0.2384185791015625]], 'potential_arrays': [[-2.048093795776367, -2.048093795776367, -2.0481719970703125, -2.0481719970703125, -2.048093795776367, -2.048093795776367, -2.048093795776367, -2.048015594482422, -2.048015594482422, -2.0479373931884766, -2.048015594482422, -2.048015594482422, -2.0478591918945312, -2.0478591918945312, -2.0477027893066406, -2.047780990600586, -2.0477027893066406, -2.0476245880126953, -2.0477027893066406, -2.04754638671875, -2.0477027893066406, -2.0476245880126953, -2.047469139099121, -2.04754638671875, -2.047469139099121, -2.04754638671875, -2.04754638671875, -2.047390937805176, -2.047390937805176, -2.0473127365112305, -2.0473127365112305, -2.0473127365112305, -2.04715633392334, -2.047234535217285, -2.0470781326293945, -2.0470781326293945, -2.046999931335449, -2.046921730041504, -2.0468435287475586, -2.0468435287475586, -2.0467653274536133, -2.0467653274536133, -2.046687126159668, -2.046687126159668, -2.046687126159668, -2.0466089248657227, -2.0466089248657227, -2.0465307235717773, -2.0465307235717773, -2.0465307235717773, -2.0464534759521484, -2.0465307235717773, -2.0464534759521484, -2.046375274658203, -2.0464534759521484, -2.046297073364258, -2.0464534759521484, -2.046297073364258, -2.0462188720703125, -2.0465307235717773, -2.0464534759521484, -2.0465307235717773, -2.0465307235717773, -2.0465307235717773, -2.0466089248657227, -2.046687126159668, -2.0466089248657227, -2.0465307235717773, -2.046297073364258, -2.046375274658203, -2.046297073364258, -2.046375274658203, -2.046297073364258, -2.0462188720703125, -2.046297073364258, -2.046297073364258, -2.0462188720703125, -2.046297073364258, -2.0462188720703125, -2.046297073364258, -2.046297073364258, -2.0462188720703125, -2.046297073364258, -2.0462188720703125, -2.046297073364258, -2.0462188720703125, -2.046140670776367, -2.0462188720703125, -2.046140670776367, -2.0462188720703125, -2.046140670776367, -2.046140670776367, -2.0462188720703125, -2.046140670776367, -2.046140670776367, -2.0462188720703125, -2.046375274658203, -2.046297073364258, -2.046140670776367, -2.0459842681884766, -2.0459060668945312]], 'time_arrays': [[0.0, 0.25, 0.5, 0.75, 1.0, 1.25, 1.5, 1.75, 2.0, 2.25, 2.5, 2.75, 3.0, 3.25, 3.5, 3.75, 4.0, 4.25, 4.5, 4.75, 5.0, 5.25, 5.5, 5.75, 6.0, 6.25, 6.5, 6.75, 7.0, 7.25, 7.5, 7.75, 8.0, 8.25, 8.5, 8.75, 9.0, 9.25, 9.5, 9.75, 10.0, 10.25, 10.5, 10.75, 11.0, 11.25, 11.5, 11.75, 12.0, 12.25, 12.5, 12.75, 13.0, 13.25, 13.5, 13.75, 14.0, 14.25, 14.5, 14.75, 15.0, 15.25, 15.5, 15.75, 16.0, 16.25, 16.5, 16.75, 17.0, 17.25, 17.5, 17.75, 18.0, 18.25, 18.5, 18.75, 19.0, 19.25, 19.5, 19.75, 20.0, 20.25, 20.5, 20.75, 21.0, 21.25, 21.5, 21.75, 22.0, 22.25, 22.5, 22.75, 23.0, 23.25, 23.5, 23.75, 24.0, 24.25, 24.5, 24.75, 25.0]], 'freq_arrays': [], 'zre_arrays': [], 'zim_arrays': [], 'aux_input_arrays': [], 'peaks': [], 'eis_fit': []} 

