2024-06-17 14:59:48,685 - INFO -run_logger.palmsens_driver 
 	 Successfully connected to PalmSens4 [1]. 

2024-06-17 15:00:13,003 - INFO -run_logger.palmsens_driver 
 	 Data received: {'index': 1, 'x': [0.0], 'x_unit': 's', 'x_type': 'Time', 'y': [-1.9778594970703125], 'y_unit': 'V', 'y_type': 'Potential'} 

2024-06-17 15:00:13,225 - INFO -run_logger.palmsens_driver 
 	 Data received: {'index': 2, 'x': [0.25], 'x_unit': 's', 'x_type': 'Time', 'y': [-1.9779367446899414], 'y_unit': 'V', 'y_type': 'Potential'} 

2024-06-17 15:00:13,508 - INFO -run_logger.palmsens_driver 
 	 Data received: {'index': 3, 'x': [0.5], 'x_unit': 's', 'x_type': 'Time', 'y': [-1.9778594970703125], 'y_unit': 'V', 'y_type': 'Potential'} 

2024-06-17 15:00:13,744 - INFO -run_logger.palmsens_driver 
 	 Data received: {'index': 4, 'x': [0.75], 'x_unit': 's', 'x_type': 'Time', 'y': [-1.9779367446899414], 'y_unit': 'V', 'y_type': 'Potential'} 

2024-06-17 15:00:13,979 - INFO -run_logger.palmsens_driver 
 	 Data received: {'index': 5, 'x': [1.0], 'x_unit': 's', 'x_type': 'Time', 'y': [-1.9778594970703125], 'y_unit': 'V', 'y_type': 'Potential'} 

2024-06-17 15:00:14,264 - INFO -run_logger.palmsens_driver 
 	 Data received: {'index': 6, 'x': [1.25], 'x_unit': 's', 'x_type': 'Time', 'y': [-1.9778594970703125], 'y_unit': 'V', 'y_type': 'Potential'} 

2024-06-17 15:00:14,497 - INFO -run_logger.palmsens_driver 
 	 Data received: {'index': 7, 'x': [1.5], 'x_unit': 's', 'x_type': 'Time', 'y': [-1.9780149459838867], 'y_unit': 'V', 'y_type': 'Potential'} 

2024-06-17 15:00:14,734 - INFO -run_logger.palmsens_driver 
 	 Data received: {'index': 8, 'x': [1.75], 'x_unit': 's', 'x_type': 'Time', 'y': [-1.9779367446899414], 'y_unit': 'V', 'y_type': 'Potential'} 

2024-06-17 15:00:14,968 - INFO -run_logger.palmsens_driver 
 	 Data received: {'index': 9, 'x': [2.0], 'x_unit': 's', 'x_type': 'Time', 'y': [-1.9779367446899414], 'y_unit': 'V', 'y_type': 'Potential'} 

2024-06-17 15:00:15,248 - INFO -run_logger.palmsens_driver 
 	 Data received: {'index': 10, 'x': [2.25], 'x_unit': 's', 'x_type': 'Time', 'y': [-1.9778594970703125], 'y_unit': 'V', 'y_type': 'Potential'} 

2024-06-17 15:00:15,481 - INFO -run_logger.palmsens_driver 
 	 Data received: {'index': 11, 'x': [2.5], 'x_unit': 's', 'x_type': 'Time', 'y': [-1.9777030944824219], 'y_unit': 'V', 'y_type': 'Potential'} 

2024-06-17 15:00:15,717 - INFO -run_logger.palmsens_driver 
 	 Data received: {'index': 12, 'x': [2.75], 'x_unit': 's', 'x_type': 'Time', 'y': [-1.9777812957763672], 'y_unit': 'V', 'y_type': 'Potential'} 

2024-06-17 15:00:16,000 - INFO -run_logger.palmsens_driver 
 	 Data received: {'index': 13, 'x': [3.0], 'x_unit': 's', 'x_type': 'Time', 'y': [-1.9777030944824219], 'y_unit': 'V', 'y_type': 'Potential'} 

2024-06-17 15:00:16,237 - INFO -run_logger.palmsens_driver 
 	 Data received: {'index': 14, 'x': [3.25], 'x_unit': 's', 'x_type': 'Time', 'y': [-1.9777812957763672], 'y_unit': 'V', 'y_type': 'Potential'} 

2024-06-17 15:00:16,473 - INFO -run_logger.palmsens_driver 
 	 Data received: {'index': 15, 'x': [3.5], 'x_unit': 's', 'x_type': 'Time', 'y': [-1.9778594970703125], 'y_unit': 'V', 'y_type': 'Potential'} 

2024-06-17 15:00:16,755 - INFO -run_logger.palmsens_driver 
 	 Data received: {'index': 16, 'x': [3.75], 'x_unit': 's', 'x_type': 'Time', 'y': [-1.9777030944824219], 'y_unit': 'V', 'y_type': 'Potential'} 

2024-06-17 15:00:16,989 - INFO -run_logger.palmsens_driver 
 	 Data received: {'index': 17, 'x': [4.0], 'x_unit': 's', 'x_type': 'Time', 'y': [-1.9777812957763672], 'y_unit': 'V', 'y_type': 'Potential'} 

2024-06-17 15:00:17,227 - INFO -run_logger.palmsens_driver 
 	 Data received: {'index': 18, 'x': [4.25], 'x_unit': 's', 'x_type': 'Time', 'y': [-1.9777030944824219], 'y_unit': 'V', 'y_type': 'Potential'} 

2024-06-17 15:00:17,511 - INFO -run_logger.palmsens_driver 
 	 Data received: {'index': 19, 'x': [4.5], 'x_unit': 's', 'x_type': 'Time', 'y': [-1.9776248931884766], 'y_unit': 'V', 'y_type': 'Potential'} 

2024-06-17 15:00:17,748 - INFO -run_logger.palmsens_driver 
 	 Data received: {'index': 20, 'x': [4.75], 'x_unit': 's', 'x_type': 'Time', 'y': [-1.9776248931884766], 'y_unit': 'V', 'y_type': 'Potential'} 

2024-06-17 15:00:17,983 - INFO -run_logger.palmsens_driver 
 	 Data received: {'index': 21, 'x': [5.0], 'x_unit': 's', 'x_type': 'Time', 'y': [-1.9775466918945312], 'y_unit': 'V', 'y_type': 'Potential'} 

2024-06-17 15:00:18,220 - INFO -run_logger.palmsens_driver 
 	 Data received: {'index': 22, 'x': [5.25], 'x_unit': 's', 'x_type': 'Time', 'y': [-1.9777030944824219], 'y_unit': 'V', 'y_type': 'Potential'} 

2024-06-17 15:00:18,499 - INFO -run_logger.palmsens_driver 
 	 Data received: {'index': 23, 'x': [5.5], 'x_unit': 's', 'x_type': 'Time', 'y': [-1.9776248931884766], 'y_unit': 'V', 'y_type': 'Potential'} 

2024-06-17 15:00:18,733 - INFO -run_logger.palmsens_driver 
 	 Data received: {'index': 24, 'x': [5.75], 'x_unit': 's', 'x_type': 'Time', 'y': [-1.9777030944824219], 'y_unit': 'V', 'y_type': 'Potential'} 

2024-06-17 15:00:19,011 - INFO -run_logger.palmsens_driver 
 	 Data received: {'index': 25, 'x': [6.0], 'x_unit': 's', 'x_type': 'Time', 'y': [-1.9777812957763672], 'y_unit': 'V', 'y_type': 'Potential'} 

2024-06-17 15:00:19,249 - INFO -run_logger.palmsens_driver 
 	 Data received: {'index': 26, 'x': [6.25], 'x_unit': 's', 'x_type': 'Time', 'y': [-1.9776248931884766], 'y_unit': 'V', 'y_type': 'Potential'} 

2024-06-17 15:00:19,486 - INFO -run_logger.palmsens_driver 
 	 Data received: {'index': 27, 'x': [6.5], 'x_unit': 's', 'x_type': 'Time', 'y': [-1.9777812957763672], 'y_unit': 'V', 'y_type': 'Potential'} 

2024-06-17 15:00:19,719 - INFO -run_logger.palmsens_driver 
 	 Data received: {'index': 28, 'x': [6.75], 'x_unit': 's', 'x_type': 'Time', 'y': [-1.9777030944824219], 'y_unit': 'V', 'y_type': 'Potential'} 

2024-06-17 15:00:19,998 - INFO -run_logger.palmsens_driver 
 	 Data received: {'index': 29, 'x': [7.0], 'x_unit': 's', 'x_type': 'Time', 'y': [-1.9777030944824219], 'y_unit': 'V', 'y_type': 'Potential'} 

2024-06-17 15:00:20,232 - INFO -run_logger.palmsens_driver 
 	 Data received: {'index': 30, 'x': [7.25], 'x_unit': 's', 'x_type': 'Time', 'y': [-1.9777812957763672], 'y_unit': 'V', 'y_type': 'Potential'} 

2024-06-17 15:00:20,467 - INFO -run_logger.palmsens_driver 
 	 Data received: {'index': 31, 'x': [7.5], 'x_unit': 's', 'x_type': 'Time', 'y': [-1.9777030944824219], 'y_unit': 'V', 'y_type': 'Potential'} 

2024-06-17 15:00:20,752 - INFO -run_logger.palmsens_driver 
 	 Data received: {'index': 32, 'x': [7.75], 'x_unit': 's', 'x_type': 'Time', 'y': [-1.9778594970703125], 'y_unit': 'V', 'y_type': 'Potential'} 

2024-06-17 15:00:20,986 - INFO -run_logger.palmsens_driver 
 	 Data received: {'index': 33, 'x': [8.0], 'x_unit': 's', 'x_type': 'Time', 'y': [-1.9778594970703125], 'y_unit': 'V', 'y_type': 'Potential'} 

2024-06-17 15:00:21,222 - INFO -run_logger.palmsens_driver 
 	 Data received: {'index': 34, 'x': [8.25], 'x_unit': 's', 'x_type': 'Time', 'y': [-1.9777812957763672], 'y_unit': 'V', 'y_type': 'Potential'} 

2024-06-17 15:00:21,502 - INFO -run_logger.palmsens_driver 
 	 Data received: {'index': 35, 'x': [8.5], 'x_unit': 's', 'x_type': 'Time', 'y': [-1.9777812957763672], 'y_unit': 'V', 'y_type': 'Potential'} 

2024-06-17 15:00:21,735 - INFO -run_logger.palmsens_driver 
 	 Data received: {'index': 36, 'x': [8.75], 'x_unit': 's', 'x_type': 'Time', 'y': [-1.9777030944824219], 'y_unit': 'V', 'y_type': 'Potential'} 

2024-06-17 15:00:21,968 - INFO -run_logger.palmsens_driver 
 	 Data received: {'index': 37, 'x': [9.0], 'x_unit': 's', 'x_type': 'Time', 'y': [-1.9778594970703125], 'y_unit': 'V', 'y_type': 'Potential'} 

2024-06-17 15:00:22,248 - INFO -run_logger.palmsens_driver 
 	 Data received: {'index': 38, 'x': [9.25], 'x_unit': 's', 'x_type': 'Time', 'y': [-1.9777812957763672], 'y_unit': 'V', 'y_type': 'Potential'} 

2024-06-17 15:00:22,485 - INFO -run_logger.palmsens_driver 
 	 Data received: {'index': 39, 'x': [9.5], 'x_unit': 's', 'x_type': 'Time', 'y': [-1.9777030944824219], 'y_unit': 'V', 'y_type': 'Potential'} 

2024-06-17 15:00:22,719 - INFO -run_logger.palmsens_driver 
 	 Data received: {'index': 40, 'x': [9.75], 'x_unit': 's', 'x_type': 'Time', 'y': [-1.9777812957763672], 'y_unit': 'V', 'y_type': 'Potential'} 

2024-06-17 15:00:23,001 - INFO -run_logger.palmsens_driver 
 	 Data received: {'index': 41, 'x': [10.0], 'x_unit': 's', 'x_type': 'Time', 'y': [-1.9776248931884766], 'y_unit': 'V', 'y_type': 'Potential'} 

2024-06-17 15:00:23,238 - INFO -run_logger.palmsens_driver 
 	 Data received: {'index': 42, 'x': [10.25], 'x_unit': 's', 'x_type': 'Time', 'y': [-1.9777030944824219], 'y_unit': 'V', 'y_type': 'Potential'} 

2024-06-17 15:00:23,470 - INFO -run_logger.palmsens_driver 
 	 Data received: {'index': 43, 'x': [10.5], 'x_unit': 's', 'x_type': 'Time', 'y': [-1.9777030944824219], 'y_unit': 'V', 'y_type': 'Potential'} 

2024-06-17 15:00:23,754 - INFO -run_logger.palmsens_driver 
 	 Data received: {'index': 44, 'x': [10.75], 'x_unit': 's', 'x_type': 'Time', 'y': [-1.9777030944824219], 'y_unit': 'V', 'y_type': 'Potential'} 

2024-06-17 15:00:23,989 - INFO -run_logger.palmsens_driver 
 	 Data received: {'index': 45, 'x': [11.0], 'x_unit': 's', 'x_type': 'Time', 'y': [-1.9777030944824219], 'y_unit': 'V', 'y_type': 'Potential'} 

2024-06-17 15:00:24,225 - INFO -run_logger.palmsens_driver 
 	 Data received: {'index': 46, 'x': [11.25], 'x_unit': 's', 'x_type': 'Time', 'y': [-1.9777030944824219], 'y_unit': 'V', 'y_type': 'Potential'} 

2024-06-17 15:00:24,507 - INFO -run_logger.palmsens_driver 
 	 Data received: {'index': 47, 'x': [11.5], 'x_unit': 's', 'x_type': 'Time', 'y': [-1.9777030944824219], 'y_unit': 'V', 'y_type': 'Potential'} 

2024-06-17 15:00:24,742 - INFO -run_logger.palmsens_driver 
 	 Data received: {'index': 48, 'x': [11.75], 'x_unit': 's', 'x_type': 'Time', 'y': [-1.9777812957763672], 'y_unit': 'V', 'y_type': 'Potential'} 

2024-06-17 15:00:24,991 - INFO -run_logger.palmsens_driver 
 	 Data received: {'index': 49, 'x': [12.0], 'x_unit': 's', 'x_type': 'Time', 'y': [-1.9777812957763672], 'y_unit': 'V', 'y_type': 'Potential'} 

2024-06-17 15:00:25,225 - INFO -run_logger.palmsens_driver 
 	 Data received: {'index': 50, 'x': [12.25], 'x_unit': 's', 'x_type': 'Time', 'y': [-1.9777812957763672], 'y_unit': 'V', 'y_type': 'Potential'} 

2024-06-17 15:00:25,507 - INFO -run_logger.palmsens_driver 
 	 Data received: {'index': 51, 'x': [12.5], 'x_unit': 's', 'x_type': 'Time', 'y': [-1.9777812957763672], 'y_unit': 'V', 'y_type': 'Potential'} 

2024-06-17 15:00:25,748 - INFO -run_logger.palmsens_driver 
 	 Data received: {'index': 52, 'x': [12.75], 'x_unit': 's', 'x_type': 'Time', 'y': [-1.9777030944824219], 'y_unit': 'V', 'y_type': 'Potential'} 

2024-06-17 15:00:25,980 - INFO -run_logger.palmsens_driver 
 	 Data received: {'index': 53, 'x': [13.0], 'x_unit': 's', 'x_type': 'Time', 'y': [-1.9778594970703125], 'y_unit': 'V', 'y_type': 'Potential'} 

2024-06-17 15:00:26,260 - INFO -run_logger.palmsens_driver 
 	 Data received: {'index': 54, 'x': [13.25], 'x_unit': 's', 'x_type': 'Time', 'y': [-1.9777812957763672], 'y_unit': 'V', 'y_type': 'Potential'} 

2024-06-17 15:00:26,494 - INFO -run_logger.palmsens_driver 
 	 Data received: {'index': 55, 'x': [13.5], 'x_unit': 's', 'x_type': 'Time', 'y': [-1.9778594970703125], 'y_unit': 'V', 'y_type': 'Potential'} 

2024-06-17 15:00:26,729 - INFO -run_logger.palmsens_driver 
 	 Data received: {'index': 56, 'x': [13.75], 'x_unit': 's', 'x_type': 'Time', 'y': [-1.9778594970703125], 'y_unit': 'V', 'y_type': 'Potential'} 

2024-06-17 15:00:27,013 - INFO -run_logger.palmsens_driver 
 	 Data received: {'index': 57, 'x': [14.0], 'x_unit': 's', 'x_type': 'Time', 'y': [-1.9776248931884766], 'y_unit': 'V', 'y_type': 'Potential'} 

2024-06-17 15:00:27,248 - INFO -run_logger.palmsens_driver 
 	 Data received: {'index': 58, 'x': [14.25], 'x_unit': 's', 'x_type': 'Time', 'y': [-1.9778594970703125], 'y_unit': 'V', 'y_type': 'Potential'} 

2024-06-17 15:00:27,481 - INFO -run_logger.palmsens_driver 
 	 Data received: {'index': 59, 'x': [14.5], 'x_unit': 's', 'x_type': 'Time', 'y': [-1.9777812957763672], 'y_unit': 'V', 'y_type': 'Potential'} 

2024-06-17 15:00:27,763 - INFO -run_logger.palmsens_driver 
 	 Data received: {'index': 60, 'x': [14.75], 'x_unit': 's', 'x_type': 'Time', 'y': [-1.9778594970703125], 'y_unit': 'V', 'y_type': 'Potential'} 

2024-06-17 15:00:27,998 - INFO -run_logger.palmsens_driver 
 	 Data received: {'index': 61, 'x': [15.0], 'x_unit': 's', 'x_type': 'Time', 'y': [-1.9779367446899414], 'y_unit': 'V', 'y_type': 'Potential'} 

2024-06-17 15:00:28,235 - INFO -run_logger.palmsens_driver 
 	 Data received: {'index': 62, 'x': [15.25], 'x_unit': 's', 'x_type': 'Time', 'y': [-1.9778594970703125], 'y_unit': 'V', 'y_type': 'Potential'} 

2024-06-17 15:00:28,470 - INFO -run_logger.palmsens_driver 
 	 Data received: {'index': 63, 'x': [15.5], 'x_unit': 's', 'x_type': 'Time', 'y': [-1.9778594970703125], 'y_unit': 'V', 'y_type': 'Potential'} 

2024-06-17 15:00:28,751 - INFO -run_logger.palmsens_driver 
 	 Data received: {'index': 64, 'x': [15.75], 'x_unit': 's', 'x_type': 'Time', 'y': [-1.9778594970703125], 'y_unit': 'V', 'y_type': 'Potential'} 

2024-06-17 15:00:28,984 - INFO -run_logger.palmsens_driver 
 	 Data received: {'index': 65, 'x': [16.0], 'x_unit': 's', 'x_type': 'Time', 'y': [-1.9779367446899414], 'y_unit': 'V', 'y_type': 'Potential'} 

2024-06-17 15:00:29,218 - INFO -run_logger.palmsens_driver 
 	 Data received: {'index': 66, 'x': [16.25], 'x_unit': 's', 'x_type': 'Time', 'y': [-1.9780149459838867], 'y_unit': 'V', 'y_type': 'Potential'} 

2024-06-17 15:00:29,503 - INFO -run_logger.palmsens_driver 
 	 Data received: {'index': 67, 'x': [16.5], 'x_unit': 's', 'x_type': 'Time', 'y': [-1.9779367446899414], 'y_unit': 'V', 'y_type': 'Potential'} 

2024-06-17 15:00:29,739 - INFO -run_logger.palmsens_driver 
 	 Data received: {'index': 68, 'x': [16.75], 'x_unit': 's', 'x_type': 'Time', 'y': [-1.978093147277832], 'y_unit': 'V', 'y_type': 'Potential'} 

2024-06-17 15:00:29,972 - INFO -run_logger.palmsens_driver 
 	 Data received: {'index': 69, 'x': [17.0], 'x_unit': 's', 'x_type': 'Time', 'y': [-1.9780149459838867], 'y_unit': 'V', 'y_type': 'Potential'} 

2024-06-17 15:00:30,251 - INFO -run_logger.palmsens_driver 
 	 Data received: {'index': 70, 'x': [17.25], 'x_unit': 's', 'x_type': 'Time', 'y': [-1.9780149459838867], 'y_unit': 'V', 'y_type': 'Potential'} 

2024-06-17 15:00:30,483 - INFO -run_logger.palmsens_driver 
 	 Data received: {'index': 71, 'x': [17.5], 'x_unit': 's', 'x_type': 'Time', 'y': [-1.978093147277832], 'y_unit': 'V', 'y_type': 'Potential'} 

2024-06-17 15:00:30,719 - INFO -run_logger.palmsens_driver 
 	 Data received: {'index': 72, 'x': [17.75], 'x_unit': 's', 'x_type': 'Time', 'y': [-1.978093147277832], 'y_unit': 'V', 'y_type': 'Potential'} 

2024-06-17 15:00:31,002 - INFO -run_logger.palmsens_driver 
 	 Data received: {'index': 73, 'x': [18.0], 'x_unit': 's', 'x_type': 'Time', 'y': [-1.9782495498657227], 'y_unit': 'V', 'y_type': 'Potential'} 

2024-06-17 15:00:31,239 - INFO -run_logger.palmsens_driver 
 	 Data received: {'index': 74, 'x': [18.25], 'x_unit': 's', 'x_type': 'Time', 'y': [-1.9781713485717773], 'y_unit': 'V', 'y_type': 'Potential'} 

2024-06-17 15:00:31,473 - INFO -run_logger.palmsens_driver 
 	 Data received: {'index': 75, 'x': [18.5], 'x_unit': 's', 'x_type': 'Time', 'y': [-1.9781713485717773], 'y_unit': 'V', 'y_type': 'Potential'} 

2024-06-17 15:00:31,754 - INFO -run_logger.palmsens_driver 
 	 Data received: {'index': 76, 'x': [18.75], 'x_unit': 's', 'x_type': 'Time', 'y': [-1.9782495498657227], 'y_unit': 'V', 'y_type': 'Potential'} 

2024-06-17 15:00:31,986 - INFO -run_logger.palmsens_driver 
 	 Data received: {'index': 77, 'x': [19.0], 'x_unit': 's', 'x_type': 'Time', 'y': [-1.9782495498657227], 'y_unit': 'V', 'y_type': 'Potential'} 

2024-06-17 15:00:32,219 - INFO -run_logger.palmsens_driver 
 	 Data received: {'index': 78, 'x': [19.25], 'x_unit': 's', 'x_type': 'Time', 'y': [-1.978327751159668], 'y_unit': 'V', 'y_type': 'Potential'} 

2024-06-17 15:00:32,499 - INFO -run_logger.palmsens_driver 
 	 Data received: {'index': 79, 'x': [19.5], 'x_unit': 's', 'x_type': 'Time', 'y': [-1.978327751159668], 'y_unit': 'V', 'y_type': 'Potential'} 

2024-06-17 15:00:32,735 - INFO -run_logger.palmsens_driver 
 	 Data received: {'index': 80, 'x': [19.75], 'x_unit': 's', 'x_type': 'Time', 'y': [-1.978327751159668], 'y_unit': 'V', 'y_type': 'Potential'} 

2024-06-17 15:00:32,972 - INFO -run_logger.palmsens_driver 
 	 Data received: {'index': 81, 'x': [20.0], 'x_unit': 's', 'x_type': 'Time', 'y': [-1.9784059524536133], 'y_unit': 'V', 'y_type': 'Potential'} 

2024-06-17 15:00:32,987 - INFO -run_logger.palmsens_driver 
 	 result:
{'Title': 'Open Circuit Potentiometry', 'timestamp': '17/06/2024 15:00:11', 'current_arrays': [[0.2384185791015625, 0.2384185791015625, 0.2384185791015625, 0.2384185791015625, 0.2384185791015625, 0.2384185791015625, 0.2384185791015625, 0.2384185791015625, 0.2384185791015625, 0.2384185791015625, 0.2384185791015625, 0.2384185791015625, 0.2384185791015625, 0.2384185791015625, 0.2384185791015625, 0.2384185791015625, 0.2384185791015625, 0.2384185791015625, 0.2384185791015625, 0.2384185791015625, 0.2384185791015625, 0.2384185791015625, 0.2384185791015625, 0.2384185791015625, 0.2384185791015625, 0.2384185791015625, 0.2384185791015625, 0.2384185791015625, 0.2384185791015625, 0.2384185791015625, 0.2384185791015625, 0.2384185791015625, 0.2384185791015625, 0.2384185791015625, 0.2384185791015625, 0.2384185791015625, 0.2384185791015625, 0.2384185791015625, 0.2384185791015625, 0.2384185791015625, 0.2384185791015625, 0.2384185791015625, 0.2384185791015625, 0.2384185791015625, 0.2384185791015625, 0.2384185791015625, 0.2384185791015625, 0.2384185791015625, 0.2384185791015625, 0.2384185791015625, 0.2384185791015625, 0.2384185791015625, 0.2384185791015625, 0.2384185791015625, 0.2384185791015625, 0.2384185791015625, 0.2384185791015625, 0.2384185791015625, 0.2384185791015625, 0.2384185791015625, 0.2384185791015625, 0.2384185791015625, 0.2384185791015625, 0.2384185791015625, 0.2384185791015625, 0.2384185791015625, 0.2384185791015625, 0.2384185791015625, 0.2384185791015625, 0.2384185791015625, 0.2384185791015625, 0.2384185791015625, 0.2384185791015625, 0.2384185791015625, 0.2384185791015625, 0.2384185791015625, 0.2384185791015625, 0.2384185791015625, 0.2384185791015625, 0.2384185791015625, 0.2384185791015625]], 'potential_arrays': [[-1.9778594970703125, -1.9779367446899414, -1.9778594970703125, -1.9779367446899414, -1.9778594970703125, -1.9778594970703125, -1.9780149459838867, -1.9779367446899414, -1.9779367446899414, -1.9778594970703125, -1.9777030944824219, -1.9777812957763672, -1.9777030944824219, -1.9777812957763672, -1.9778594970703125, -1.9777030944824219, -1.9777812957763672, -1.9777030944824219, -1.9776248931884766, -1.9776248931884766, -1.9775466918945312, -1.9777030944824219, -1.9776248931884766, -1.9777030944824219, -1.9777812957763672, -1.9776248931884766, -1.9777812957763672, -1.9777030944824219, -1.9777030944824219, -1.9777812957763672, -1.9777030944824219, -1.9778594970703125, -1.9778594970703125, -1.9777812957763672, -1.9777812957763672, -1.9777030944824219, -1.9778594970703125, -1.9777812957763672, -1.9777030944824219, -1.9777812957763672, -1.9776248931884766, -1.9777030944824219, -1.9777030944824219, -1.9777030944824219, -1.9777030944824219, -1.9777030944824219, -1.9777030944824219, -1.9777812957763672, -1.9777812957763672, -1.9777812957763672, -1.9777812957763672, -1.9777030944824219, -1.9778594970703125, -1.9777812957763672, -1.9778594970703125, -1.9778594970703125, -1.9776248931884766, -1.9778594970703125, -1.9777812957763672, -1.9778594970703125, -1.9779367446899414, -1.9778594970703125, -1.9778594970703125, -1.9778594970703125, -1.9779367446899414, -1.9780149459838867, -1.9779367446899414, -1.978093147277832, -1.9780149459838867, -1.9780149459838867, -1.978093147277832, -1.978093147277832, -1.9782495498657227, -1.9781713485717773, -1.9781713485717773, -1.9782495498657227, -1.9782495498657227, -1.978327751159668, -1.978327751159668, -1.978327751159668, -1.9784059524536133]], 'time_arrays': [[0.0, 0.25, 0.5, 0.75, 1.0, 1.25, 1.5, 1.75, 2.0, 2.25, 2.5, 2.75, 3.0, 3.25, 3.5, 3.75, 4.0, 4.25, 4.5, 4.75, 5.0, 5.25, 5.5, 5.75, 6.0, 6.25, 6.5, 6.75, 7.0, 7.25, 7.5, 7.75, 8.0, 8.25, 8.5, 8.75, 9.0, 9.25, 9.5, 9.75, 10.0, 10.25, 10.5, 10.75, 11.0, 11.25, 11.5, 11.75, 12.0, 12.25, 12.5, 12.75, 13.0, 13.25, 13.5, 13.75, 14.0, 14.25, 14.5, 14.75, 15.0, 15.25, 15.5, 15.75, 16.0, 16.25, 16.5, 16.75, 17.0, 17.25, 17.5, 17.75, 18.0, 18.25, 18.5, 18.75, 19.0, 19.25, 19.5, 19.75, 20.0]], 'freq_arrays': [], 'zre_arrays': [], 'zim_arrays': [], 'aux_input_arrays': [], 'peaks': [], 'eis_fit': []} 

2024-06-17 15:00:33,098 - INFO -run_logger.palmsens_driver 
 	 Successfully disconnected from PalmSens4 [1]. 

