2024-06-17 13:38:00,208 - INFO -run_logger.palmsens_driver 
 	 Successfully connected to PalmSens4 [1]. 

2024-06-17 13:39:13,111 - INFO -run_logger.palmsens_driver 
 	 Data received: {'index': 1, 'x': [0.0], 'x_unit': 's', 'x_type': 'Time', 'y': [-1.9912185668945312], 'y_unit': 'V', 'y_type': 'Potential'} 

2024-06-17 13:39:14,378 - INFO -run_logger.palmsens_driver 
 	 Data received: {'index': 2, 'x': [0.25], 'x_unit': 's', 'x_type': 'Time', 'y': [-1.9912967681884766], 'y_unit': 'V', 'y_type': 'Potential'} 

2024-06-17 13:39:15,383 - INFO -run_logger.palmsens_driver 
 	 Data received: {'index': 3, 'x': [0.5], 'x_unit': 's', 'x_type': 'Time', 'y': [-1.9912967681884766], 'y_unit': 'V', 'y_type': 'Potential'} 

2024-06-17 13:39:16,390 - INFO -run_logger.palmsens_driver 
 	 Data received: {'index': 4, 'x': [0.75], 'x_unit': 's', 'x_type': 'Time', 'y': [-1.9913749694824219], 'y_unit': 'V', 'y_type': 'Potential'} 

2024-06-17 13:39:17,396 - INFO -run_logger.palmsens_driver 
 	 Data received: {'index': 5, 'x': [1.0], 'x_unit': 's', 'x_type': 'Time', 'y': [-1.9912967681884766], 'y_unit': 'V', 'y_type': 'Potential'} 

2024-06-17 13:39:18,402 - INFO -run_logger.palmsens_driver 
 	 Data received: {'index': 6, 'x': [1.25], 'x_unit': 's', 'x_type': 'Time', 'y': [-1.9913749694824219], 'y_unit': 'V', 'y_type': 'Potential'} 

2024-06-17 13:39:19,408 - INFO -run_logger.palmsens_driver 
 	 Data received: {'index': 7, 'x': [1.5], 'x_unit': 's', 'x_type': 'Time', 'y': [-1.9913749694824219], 'y_unit': 'V', 'y_type': 'Potential'} 

2024-06-17 13:39:20,412 - INFO -run_logger.palmsens_driver 
 	 Data received: {'index': 8, 'x': [1.75], 'x_unit': 's', 'x_type': 'Time', 'y': [-1.9912967681884766], 'y_unit': 'V', 'y_type': 'Potential'} 

2024-06-17 13:39:21,418 - INFO -run_logger.palmsens_driver 
 	 Data received: {'index': 9, 'x': [2.0], 'x_unit': 's', 'x_type': 'Time', 'y': [-1.9914531707763672], 'y_unit': 'V', 'y_type': 'Potential'} 

2024-06-17 13:39:22,423 - INFO -run_logger.palmsens_driver 
 	 Data received: {'index': 10, 'x': [2.25], 'x_unit': 's', 'x_type': 'Time', 'y': [-1.9912967681884766], 'y_unit': 'V', 'y_type': 'Potential'} 

2024-06-17 13:39:23,429 - INFO -run_logger.palmsens_driver 
 	 Data received: {'index': 11, 'x': [2.5], 'x_unit': 's', 'x_type': 'Time', 'y': [-1.9913749694824219], 'y_unit': 'V', 'y_type': 'Potential'} 

2024-06-17 13:39:24,433 - INFO -run_logger.palmsens_driver 
 	 Data received: {'index': 12, 'x': [2.75], 'x_unit': 's', 'x_type': 'Time', 'y': [-1.9914531707763672], 'y_unit': 'V', 'y_type': 'Potential'} 

2024-06-17 13:39:25,439 - INFO -run_logger.palmsens_driver 
 	 Data received: {'index': 13, 'x': [3.0], 'x_unit': 's', 'x_type': 'Time', 'y': [-1.9912967681884766], 'y_unit': 'V', 'y_type': 'Potential'} 

2024-06-17 13:39:26,444 - INFO -run_logger.palmsens_driver 
 	 Data received: {'index': 14, 'x': [3.25], 'x_unit': 's', 'x_type': 'Time', 'y': [-1.9914531707763672], 'y_unit': 'V', 'y_type': 'Potential'} 

2024-06-17 13:39:27,450 - INFO -run_logger.palmsens_driver 
 	 Data received: {'index': 15, 'x': [3.5], 'x_unit': 's', 'x_type': 'Time', 'y': [-1.9912967681884766], 'y_unit': 'V', 'y_type': 'Potential'} 

2024-06-17 13:39:28,455 - INFO -run_logger.palmsens_driver 
 	 Data received: {'index': 16, 'x': [3.75], 'x_unit': 's', 'x_type': 'Time', 'y': [-1.9912967681884766], 'y_unit': 'V', 'y_type': 'Potential'} 

2024-06-17 13:39:29,472 - INFO -run_logger.palmsens_driver 
 	 Data received: {'index': 17, 'x': [4.0], 'x_unit': 's', 'x_type': 'Time', 'y': [-1.9912967681884766], 'y_unit': 'V', 'y_type': 'Potential'} 

2024-06-17 13:39:30,476 - INFO -run_logger.palmsens_driver 
 	 Data received: {'index': 18, 'x': [4.25], 'x_unit': 's', 'x_type': 'Time', 'y': [-1.9912185668945312], 'y_unit': 'V', 'y_type': 'Potential'} 

2024-06-17 13:39:31,481 - INFO -run_logger.palmsens_driver 
 	 Data received: {'index': 19, 'x': [4.5], 'x_unit': 's', 'x_type': 'Time', 'y': [-1.9912967681884766], 'y_unit': 'V', 'y_type': 'Potential'} 

2024-06-17 13:39:32,485 - INFO -run_logger.palmsens_driver 
 	 Data received: {'index': 20, 'x': [4.75], 'x_unit': 's', 'x_type': 'Time', 'y': [-1.9912185668945312], 'y_unit': 'V', 'y_type': 'Potential'} 

2024-06-17 13:39:33,489 - INFO -run_logger.palmsens_driver 
 	 Data received: {'index': 21, 'x': [5.0], 'x_unit': 's', 'x_type': 'Time', 'y': [-1.9912185668945312], 'y_unit': 'V', 'y_type': 'Potential'} 

2024-06-17 13:39:34,494 - INFO -run_logger.palmsens_driver 
 	 Data received: {'index': 22, 'x': [5.25], 'x_unit': 's', 'x_type': 'Time', 'y': [-1.9912967681884766], 'y_unit': 'V', 'y_type': 'Potential'} 

2024-06-17 13:39:35,501 - INFO -run_logger.palmsens_driver 
 	 Data received: {'index': 23, 'x': [5.5], 'x_unit': 's', 'x_type': 'Time', 'y': [-1.9912185668945312], 'y_unit': 'V', 'y_type': 'Potential'} 

2024-06-17 13:39:36,509 - INFO -run_logger.palmsens_driver 
 	 Data received: {'index': 24, 'x': [5.75], 'x_unit': 's', 'x_type': 'Time', 'y': [-1.9912967681884766], 'y_unit': 'V', 'y_type': 'Potential'} 

2024-06-17 13:39:37,515 - INFO -run_logger.palmsens_driver 
 	 Data received: {'index': 25, 'x': [6.0], 'x_unit': 's', 'x_type': 'Time', 'y': [-1.9912967681884766], 'y_unit': 'V', 'y_type': 'Potential'} 

2024-06-17 13:39:38,522 - INFO -run_logger.palmsens_driver 
 	 Data received: {'index': 26, 'x': [6.25], 'x_unit': 's', 'x_type': 'Time', 'y': [-1.9912967681884766], 'y_unit': 'V', 'y_type': 'Potential'} 

2024-06-17 13:39:39,526 - INFO -run_logger.palmsens_driver 
 	 Data received: {'index': 27, 'x': [6.5], 'x_unit': 's', 'x_type': 'Time', 'y': [-1.9913749694824219], 'y_unit': 'V', 'y_type': 'Potential'} 

2024-06-17 13:39:40,531 - INFO -run_logger.palmsens_driver 
 	 Data received: {'index': 28, 'x': [6.75], 'x_unit': 's', 'x_type': 'Time', 'y': [-1.9912967681884766], 'y_unit': 'V', 'y_type': 'Potential'} 

2024-06-17 13:39:41,538 - INFO -run_logger.palmsens_driver 
 	 Data received: {'index': 29, 'x': [7.0], 'x_unit': 's', 'x_type': 'Time', 'y': [-1.9912967681884766], 'y_unit': 'V', 'y_type': 'Potential'} 

2024-06-17 13:39:42,547 - INFO -run_logger.palmsens_driver 
 	 Data received: {'index': 30, 'x': [7.25], 'x_unit': 's', 'x_type': 'Time', 'y': [-1.9913749694824219], 'y_unit': 'V', 'y_type': 'Potential'} 

2024-06-17 13:39:43,551 - INFO -run_logger.palmsens_driver 
 	 Data received: {'index': 31, 'x': [7.5], 'x_unit': 's', 'x_type': 'Time', 'y': [-1.9912967681884766], 'y_unit': 'V', 'y_type': 'Potential'} 

2024-06-17 13:39:44,559 - INFO -run_logger.palmsens_driver 
 	 Data received: {'index': 32, 'x': [7.75], 'x_unit': 's', 'x_type': 'Time', 'y': [-1.9913749694824219], 'y_unit': 'V', 'y_type': 'Potential'} 

2024-06-17 13:39:45,563 - INFO -run_logger.palmsens_driver 
 	 Data received: {'index': 33, 'x': [8.0], 'x_unit': 's', 'x_type': 'Time', 'y': [-1.9913749694824219], 'y_unit': 'V', 'y_type': 'Potential'} 

2024-06-17 13:39:46,569 - INFO -run_logger.palmsens_driver 
 	 Data received: {'index': 34, 'x': [8.25], 'x_unit': 's', 'x_type': 'Time', 'y': [-1.9913749694824219], 'y_unit': 'V', 'y_type': 'Potential'} 

2024-06-17 13:39:47,576 - INFO -run_logger.palmsens_driver 
 	 Data received: {'index': 35, 'x': [8.5], 'x_unit': 's', 'x_type': 'Time', 'y': [-1.9914531707763672], 'y_unit': 'V', 'y_type': 'Potential'} 

2024-06-17 13:39:48,581 - INFO -run_logger.palmsens_driver 
 	 Data received: {'index': 36, 'x': [8.75], 'x_unit': 's', 'x_type': 'Time', 'y': [-1.9914531707763672], 'y_unit': 'V', 'y_type': 'Potential'} 

2024-06-17 13:39:49,588 - INFO -run_logger.palmsens_driver 
 	 Data received: {'index': 37, 'x': [9.0], 'x_unit': 's', 'x_type': 'Time', 'y': [-1.9915313720703125], 'y_unit': 'V', 'y_type': 'Potential'} 

2024-06-17 13:39:50,592 - INFO -run_logger.palmsens_driver 
 	 Data received: {'index': 38, 'x': [9.25], 'x_unit': 's', 'x_type': 'Time', 'y': [-1.9914531707763672], 'y_unit': 'V', 'y_type': 'Potential'} 

2024-06-17 13:39:51,598 - INFO -run_logger.palmsens_driver 
 	 Data received: {'index': 39, 'x': [9.5], 'x_unit': 's', 'x_type': 'Time', 'y': [-1.9914531707763672], 'y_unit': 'V', 'y_type': 'Potential'} 

2024-06-17 13:39:52,603 - INFO -run_logger.palmsens_driver 
 	 Data received: {'index': 40, 'x': [9.75], 'x_unit': 's', 'x_type': 'Time', 'y': [-1.9916086196899414], 'y_unit': 'V', 'y_type': 'Potential'} 

2024-06-17 13:39:53,608 - INFO -run_logger.palmsens_driver 
 	 Data received: {'index': 41, 'x': [10.0], 'x_unit': 's', 'x_type': 'Time', 'y': [-1.9916086196899414], 'y_unit': 'V', 'y_type': 'Potential'} 

2024-06-17 13:39:54,612 - INFO -run_logger.palmsens_driver 
 	 Data received: {'index': 42, 'x': [10.25], 'x_unit': 's', 'x_type': 'Time', 'y': [-1.9916086196899414], 'y_unit': 'V', 'y_type': 'Potential'} 

2024-06-17 13:39:55,618 - INFO -run_logger.palmsens_driver 
 	 Data received: {'index': 43, 'x': [10.5], 'x_unit': 's', 'x_type': 'Time', 'y': [-1.9916086196899414], 'y_unit': 'V', 'y_type': 'Potential'} 

2024-06-17 13:39:56,623 - INFO -run_logger.palmsens_driver 
 	 Data received: {'index': 44, 'x': [10.75], 'x_unit': 's', 'x_type': 'Time', 'y': [-1.9915313720703125], 'y_unit': 'V', 'y_type': 'Potential'} 

2024-06-17 13:39:57,629 - INFO -run_logger.palmsens_driver 
 	 Data received: {'index': 45, 'x': [11.0], 'x_unit': 's', 'x_type': 'Time', 'y': [-1.9916868209838867], 'y_unit': 'V', 'y_type': 'Potential'} 

2024-06-17 13:39:58,635 - INFO -run_logger.palmsens_driver 
 	 Data received: {'index': 46, 'x': [11.25], 'x_unit': 's', 'x_type': 'Time', 'y': [-1.9916086196899414], 'y_unit': 'V', 'y_type': 'Potential'} 

2024-06-17 13:39:59,639 - INFO -run_logger.palmsens_driver 
 	 Data received: {'index': 47, 'x': [11.5], 'x_unit': 's', 'x_type': 'Time', 'y': [-1.9916868209838867], 'y_unit': 'V', 'y_type': 'Potential'} 

2024-06-17 13:40:00,644 - INFO -run_logger.palmsens_driver 
 	 Data received: {'index': 48, 'x': [11.75], 'x_unit': 's', 'x_type': 'Time', 'y': [-1.991765022277832], 'y_unit': 'V', 'y_type': 'Potential'} 

2024-06-17 13:40:01,648 - INFO -run_logger.palmsens_driver 
 	 Data received: {'index': 49, 'x': [12.0], 'x_unit': 's', 'x_type': 'Time', 'y': [-1.9916868209838867], 'y_unit': 'V', 'y_type': 'Potential'} 

2024-06-17 13:40:02,655 - INFO -run_logger.palmsens_driver 
 	 Data received: {'index': 50, 'x': [12.25], 'x_unit': 's', 'x_type': 'Time', 'y': [-1.991765022277832], 'y_unit': 'V', 'y_type': 'Potential'} 

2024-06-17 13:40:03,660 - INFO -run_logger.palmsens_driver 
 	 Data received: {'index': 51, 'x': [12.5], 'x_unit': 's', 'x_type': 'Time', 'y': [-1.991765022277832], 'y_unit': 'V', 'y_type': 'Potential'} 

2024-06-17 13:40:04,666 - INFO -run_logger.palmsens_driver 
 	 Data received: {'index': 52, 'x': [12.75], 'x_unit': 's', 'x_type': 'Time', 'y': [-1.991765022277832], 'y_unit': 'V', 'y_type': 'Potential'} 

2024-06-17 13:40:05,672 - INFO -run_logger.palmsens_driver 
 	 Data received: {'index': 53, 'x': [13.0], 'x_unit': 's', 'x_type': 'Time', 'y': [-1.9918432235717773], 'y_unit': 'V', 'y_type': 'Potential'} 

2024-06-17 13:40:06,680 - INFO -run_logger.palmsens_driver 
 	 Data received: {'index': 54, 'x': [13.25], 'x_unit': 's', 'x_type': 'Time', 'y': [-1.9916868209838867], 'y_unit': 'V', 'y_type': 'Potential'} 

2024-06-17 13:40:07,683 - INFO -run_logger.palmsens_driver 
 	 Data received: {'index': 55, 'x': [13.5], 'x_unit': 's', 'x_type': 'Time', 'y': [-1.9918432235717773], 'y_unit': 'V', 'y_type': 'Potential'} 

2024-06-17 13:40:08,688 - INFO -run_logger.palmsens_driver 
 	 Data received: {'index': 56, 'x': [13.75], 'x_unit': 's', 'x_type': 'Time', 'y': [-1.991765022277832], 'y_unit': 'V', 'y_type': 'Potential'} 

2024-06-17 13:40:09,695 - INFO -run_logger.palmsens_driver 
 	 Data received: {'index': 57, 'x': [14.0], 'x_unit': 's', 'x_type': 'Time', 'y': [-1.9918432235717773], 'y_unit': 'V', 'y_type': 'Potential'} 

2024-06-17 13:40:10,698 - INFO -run_logger.palmsens_driver 
 	 Data received: {'index': 58, 'x': [14.25], 'x_unit': 's', 'x_type': 'Time', 'y': [-1.9919214248657227], 'y_unit': 'V', 'y_type': 'Potential'} 

2024-06-17 13:40:11,704 - INFO -run_logger.palmsens_driver 
 	 Data received: {'index': 59, 'x': [14.5], 'x_unit': 's', 'x_type': 'Time', 'y': [-1.9918432235717773], 'y_unit': 'V', 'y_type': 'Potential'} 

2024-06-17 13:40:12,708 - INFO -run_logger.palmsens_driver 
 	 Data received: {'index': 60, 'x': [14.75], 'x_unit': 's', 'x_type': 'Time', 'y': [-1.9919214248657227], 'y_unit': 'V', 'y_type': 'Potential'} 

2024-06-17 13:40:13,713 - INFO -run_logger.palmsens_driver 
 	 Data received: {'index': 61, 'x': [15.0], 'x_unit': 's', 'x_type': 'Time', 'y': [-1.9919214248657227], 'y_unit': 'V', 'y_type': 'Potential'} 

2024-06-17 13:40:14,718 - INFO -run_logger.palmsens_driver 
 	 Data received: {'index': 62, 'x': [15.25], 'x_unit': 's', 'x_type': 'Time', 'y': [-1.9919214248657227], 'y_unit': 'V', 'y_type': 'Potential'} 

2024-06-17 13:40:15,722 - INFO -run_logger.palmsens_driver 
 	 Data received: {'index': 63, 'x': [15.5], 'x_unit': 's', 'x_type': 'Time', 'y': [-1.991999626159668], 'y_unit': 'V', 'y_type': 'Potential'} 

2024-06-17 13:40:16,726 - INFO -run_logger.palmsens_driver 
 	 Data received: {'index': 64, 'x': [15.75], 'x_unit': 's', 'x_type': 'Time', 'y': [-1.9919214248657227], 'y_unit': 'V', 'y_type': 'Potential'} 

2024-06-17 13:40:17,731 - INFO -run_logger.palmsens_driver 
 	 Data received: {'index': 65, 'x': [16.0], 'x_unit': 's', 'x_type': 'Time', 'y': [-1.9920778274536133], 'y_unit': 'V', 'y_type': 'Potential'} 

2024-06-17 13:40:18,736 - INFO -run_logger.palmsens_driver 
 	 Data received: {'index': 66, 'x': [16.25], 'x_unit': 's', 'x_type': 'Time', 'y': [-1.991999626159668], 'y_unit': 'V', 'y_type': 'Potential'} 

2024-06-17 13:40:19,742 - INFO -run_logger.palmsens_driver 
 	 Data received: {'index': 67, 'x': [16.5], 'x_unit': 's', 'x_type': 'Time', 'y': [-1.991999626159668], 'y_unit': 'V', 'y_type': 'Potential'} 

2024-06-17 13:40:20,748 - INFO -run_logger.palmsens_driver 
 	 Data received: {'index': 68, 'x': [16.75], 'x_unit': 's', 'x_type': 'Time', 'y': [-1.9920778274536133], 'y_unit': 'V', 'y_type': 'Potential'} 

2024-06-17 13:40:21,753 - INFO -run_logger.palmsens_driver 
 	 Data received: {'index': 69, 'x': [17.0], 'x_unit': 's', 'x_type': 'Time', 'y': [-1.991999626159668], 'y_unit': 'V', 'y_type': 'Potential'} 

2024-06-17 13:40:22,756 - INFO -run_logger.palmsens_driver 
 	 Data received: {'index': 70, 'x': [17.25], 'x_unit': 's', 'x_type': 'Time', 'y': [-1.9920778274536133], 'y_unit': 'V', 'y_type': 'Potential'} 

2024-06-17 13:40:23,761 - INFO -run_logger.palmsens_driver 
 	 Data received: {'index': 71, 'x': [17.5], 'x_unit': 's', 'x_type': 'Time', 'y': [-1.9920778274536133], 'y_unit': 'V', 'y_type': 'Potential'} 

2024-06-17 13:40:24,764 - INFO -run_logger.palmsens_driver 
 	 Data received: {'index': 72, 'x': [17.75], 'x_unit': 's', 'x_type': 'Time', 'y': [-1.991999626159668], 'y_unit': 'V', 'y_type': 'Potential'} 

2024-06-17 13:40:25,768 - INFO -run_logger.palmsens_driver 
 	 Data received: {'index': 73, 'x': [18.0], 'x_unit': 's', 'x_type': 'Time', 'y': [-1.9920778274536133], 'y_unit': 'V', 'y_type': 'Potential'} 

2024-06-17 13:40:26,771 - INFO -run_logger.palmsens_driver 
 	 Data received: {'index': 74, 'x': [18.25], 'x_unit': 's', 'x_type': 'Time', 'y': [-1.991999626159668], 'y_unit': 'V', 'y_type': 'Potential'} 

2024-06-17 13:40:27,776 - INFO -run_logger.palmsens_driver 
 	 Data received: {'index': 75, 'x': [18.5], 'x_unit': 's', 'x_type': 'Time', 'y': [-1.9920778274536133], 'y_unit': 'V', 'y_type': 'Potential'} 

2024-06-17 13:40:28,780 - INFO -run_logger.palmsens_driver 
 	 Data received: {'index': 76, 'x': [18.75], 'x_unit': 's', 'x_type': 'Time', 'y': [-1.9921560287475586], 'y_unit': 'V', 'y_type': 'Potential'} 

2024-06-17 13:40:29,785 - INFO -run_logger.palmsens_driver 
 	 Data received: {'index': 77, 'x': [19.0], 'x_unit': 's', 'x_type': 'Time', 'y': [-1.9921560287475586], 'y_unit': 'V', 'y_type': 'Potential'} 

2024-06-17 13:40:30,788 - INFO -run_logger.palmsens_driver 
 	 Data received: {'index': 78, 'x': [19.25], 'x_unit': 's', 'x_type': 'Time', 'y': [-1.992234230041504], 'y_unit': 'V', 'y_type': 'Potential'} 

2024-06-17 13:40:31,795 - INFO -run_logger.palmsens_driver 
 	 Data received: {'index': 79, 'x': [19.5], 'x_unit': 's', 'x_type': 'Time', 'y': [-1.9921560287475586], 'y_unit': 'V', 'y_type': 'Potential'} 

2024-06-17 13:40:32,801 - INFO -run_logger.palmsens_driver 
 	 Data received: {'index': 80, 'x': [19.75], 'x_unit': 's', 'x_type': 'Time', 'y': [-1.9921560287475586], 'y_unit': 'V', 'y_type': 'Potential'} 

2024-06-17 13:40:33,805 - INFO -run_logger.palmsens_driver 
 	 Data received: {'index': 81, 'x': [20.0], 'x_unit': 's', 'x_type': 'Time', 'y': [-1.992234230041504], 'y_unit': 'V', 'y_type': 'Potential'} 

2024-06-17 13:40:34,812 - INFO -run_logger.palmsens_driver 
 	 Data received: {'index': 82, 'x': [20.25], 'x_unit': 's', 'x_type': 'Time', 'y': [-1.992234230041504], 'y_unit': 'V', 'y_type': 'Potential'} 

2024-06-17 13:40:35,818 - INFO -run_logger.palmsens_driver 
 	 Data received: {'index': 83, 'x': [20.5], 'x_unit': 's', 'x_type': 'Time', 'y': [-1.9923124313354492], 'y_unit': 'V', 'y_type': 'Potential'} 

2024-06-17 13:40:36,824 - INFO -run_logger.palmsens_driver 
 	 Data received: {'index': 84, 'x': [20.75], 'x_unit': 's', 'x_type': 'Time', 'y': [-1.992234230041504], 'y_unit': 'V', 'y_type': 'Potential'} 

2024-06-17 13:40:37,830 - INFO -run_logger.palmsens_driver 
 	 Data received: {'index': 85, 'x': [21.0], 'x_unit': 's', 'x_type': 'Time', 'y': [-1.9923124313354492], 'y_unit': 'V', 'y_type': 'Potential'} 

2024-06-17 13:40:38,835 - INFO -run_logger.palmsens_driver 
 	 Data received: {'index': 86, 'x': [21.25], 'x_unit': 's', 'x_type': 'Time', 'y': [-1.9923906326293945], 'y_unit': 'V', 'y_type': 'Potential'} 

2024-06-17 13:40:39,841 - INFO -run_logger.palmsens_driver 
 	 Data received: {'index': 87, 'x': [21.5], 'x_unit': 's', 'x_type': 'Time', 'y': [-1.992234230041504], 'y_unit': 'V', 'y_type': 'Potential'} 

2024-06-17 13:40:40,848 - INFO -run_logger.palmsens_driver 
 	 Data received: {'index': 88, 'x': [21.75], 'x_unit': 's', 'x_type': 'Time', 'y': [-1.9923906326293945], 'y_unit': 'V', 'y_type': 'Potential'} 

2024-06-17 13:40:41,852 - INFO -run_logger.palmsens_driver 
 	 Data received: {'index': 89, 'x': [22.0], 'x_unit': 's', 'x_type': 'Time', 'y': [-1.9924688339233398], 'y_unit': 'V', 'y_type': 'Potential'} 

2024-06-17 13:40:42,859 - INFO -run_logger.palmsens_driver 
 	 Data received: {'index': 90, 'x': [22.25], 'x_unit': 's', 'x_type': 'Time', 'y': [-1.9923906326293945], 'y_unit': 'V', 'y_type': 'Potential'} 

2024-06-17 13:40:43,865 - INFO -run_logger.palmsens_driver 
 	 Data received: {'index': 91, 'x': [22.5], 'x_unit': 's', 'x_type': 'Time', 'y': [-1.9923906326293945], 'y_unit': 'V', 'y_type': 'Potential'} 

2024-06-17 13:40:44,870 - INFO -run_logger.palmsens_driver 
 	 Data received: {'index': 92, 'x': [22.75], 'x_unit': 's', 'x_type': 'Time', 'y': [-1.9923906326293945], 'y_unit': 'V', 'y_type': 'Potential'} 

2024-06-17 13:40:45,877 - INFO -run_logger.palmsens_driver 
 	 Data received: {'index': 93, 'x': [23.0], 'x_unit': 's', 'x_type': 'Time', 'y': [-1.9923906326293945], 'y_unit': 'V', 'y_type': 'Potential'} 

2024-06-17 13:40:46,881 - INFO -run_logger.palmsens_driver 
 	 Data received: {'index': 94, 'x': [23.25], 'x_unit': 's', 'x_type': 'Time', 'y': [-1.9924688339233398], 'y_unit': 'V', 'y_type': 'Potential'} 

2024-06-17 13:40:47,888 - INFO -run_logger.palmsens_driver 
 	 Data received: {'index': 95, 'x': [23.5], 'x_unit': 's', 'x_type': 'Time', 'y': [-1.9923124313354492], 'y_unit': 'V', 'y_type': 'Potential'} 

2024-06-17 13:40:48,893 - INFO -run_logger.palmsens_driver 
 	 Data received: {'index': 96, 'x': [23.75], 'x_unit': 's', 'x_type': 'Time', 'y': [-1.9924688339233398], 'y_unit': 'V', 'y_type': 'Potential'} 

2024-06-17 13:40:49,898 - INFO -run_logger.palmsens_driver 
 	 Data received: {'index': 97, 'x': [24.0], 'x_unit': 's', 'x_type': 'Time', 'y': [-1.9923906326293945], 'y_unit': 'V', 'y_type': 'Potential'} 

2024-06-17 13:40:50,901 - INFO -run_logger.palmsens_driver 
 	 Data received: {'index': 98, 'x': [24.25], 'x_unit': 's', 'x_type': 'Time', 'y': [-1.9923906326293945], 'y_unit': 'V', 'y_type': 'Potential'} 

2024-06-17 13:40:51,908 - INFO -run_logger.palmsens_driver 
 	 Data received: {'index': 99, 'x': [24.5], 'x_unit': 's', 'x_type': 'Time', 'y': [-1.9925470352172852], 'y_unit': 'V', 'y_type': 'Potential'} 

2024-06-17 13:40:52,914 - INFO -run_logger.palmsens_driver 
 	 Data received: {'index': 100, 'x': [24.75], 'x_unit': 's', 'x_type': 'Time', 'y': [-1.9924688339233398], 'y_unit': 'V', 'y_type': 'Potential'} 

2024-06-17 13:40:53,921 - INFO -run_logger.palmsens_driver 
 	 Data received: {'index': 101, 'x': [25.0], 'x_unit': 's', 'x_type': 'Time', 'y': [-1.9925470352172852], 'y_unit': 'V', 'y_type': 'Potential'} 

2024-06-17 13:40:53,934 - INFO -run_logger.palmsens_driver 
 	 result:
{'Title': 'Open Circuit Potentiometry', 'timestamp': '17/06/2024 13:39:11', 'current_arrays': [[0.2384185791015625, 0.2384185791015625, 0.2384185791015625, 0.2384185791015625, 0.2384185791015625, 0.2384185791015625, 0.2384185791015625, 0.2384185791015625, 0.2384185791015625, 0.2384185791015625, 0.2384185791015625, 0.2384185791015625, 0.2384185791015625, 0.2384185791015625, 0.2384185791015625, 0.2384185791015625, 0.2384185791015625, 0.2384185791015625, 0.2384185791015625, 0.2384185791015625, 0.2384185791015625, 0.2384185791015625, 0.2384185791015625, 0.2384185791015625, 0.2384185791015625, 0.2384185791015625, 0.2384185791015625, 0.2384185791015625, 0.2384185791015625, 0.2384185791015625, 0.2384185791015625, 0.2384185791015625, 0.2384185791015625, 0.2384185791015625, 0.2384185791015625, 0.2384185791015625, 0.2384185791015625, 0.2384185791015625, 0.2384185791015625, 0.2384185791015625, 0.2384185791015625, 0.2384185791015625, 0.2384185791015625, 0.2384185791015625, 0.2384185791015625, 0.2384185791015625, 0.2384185791015625, 0.2384185791015625, 0.2384185791015625, 0.2384185791015625, 0.2384185791015625, 0.2384185791015625, 0.2384185791015625, 0.2384185791015625, 0.2384185791015625, 0.2384185791015625, 0.2384185791015625, 0.2384185791015625, 0.2384185791015625, 0.2384185791015625, 0.2384185791015625, 0.2384185791015625, 0.2384185791015625, 0.2384185791015625, 0.2384185791015625, 0.2384185791015625, 0.2384185791015625, 0.2384185791015625, 0.2384185791015625, 0.2384185791015625, 0.2384185791015625, 0.2384185791015625, 0.2384185791015625, 0.2384185791015625, 0.2384185791015625, 0.2384185791015625, 0.2384185791015625, 0.2384185791015625, 0.2384185791015625, 0.2384185791015625, 0.2384185791015625, 0.2384185791015625, 0.2384185791015625, 0.2384185791015625, 0.2384185791015625, 0.2384185791015625, 0.2384185791015625, 0.2384185791015625, 0.2384185791015625, 0.2384185791015625, 0.2384185791015625, 0.2384185791015625, 0.2384185791015625, 0.2384185791015625, 0.2384185791015625, 0.2384185791015625, 0.2384185791015625, 0.2384185791015625, 0.2384185791015625, 0.2384185791015625, 0.2384185791015625]], 'potential_arrays': [[-1.9912185668945312, -1.9912967681884766, -1.9912967681884766, -1.9913749694824219, -1.9912967681884766, -1.9913749694824219, -1.9913749694824219, -1.9912967681884766, -1.9914531707763672, -1.9912967681884766, -1.9913749694824219, -1.9914531707763672, -1.9912967681884766, -1.9914531707763672, -1.9912967681884766, -1.9912967681884766, -1.9912967681884766, -1.9912185668945312, -1.9912967681884766, -1.9912185668945312, -1.9912185668945312, -1.9912967681884766, -1.9912185668945312, -1.9912967681884766, -1.9912967681884766, -1.9912967681884766, -1.9913749694824219, -1.9912967681884766, -1.9912967681884766, -1.9913749694824219, -1.9912967681884766, -1.9913749694824219, -1.9913749694824219, -1.9913749694824219, -1.9914531707763672, -1.9914531707763672, -1.9915313720703125, -1.9914531707763672, -1.9914531707763672, -1.9916086196899414, -1.9916086196899414, -1.9916086196899414, -1.9916086196899414, -1.9915313720703125, -1.9916868209838867, -1.9916086196899414, -1.9916868209838867, -1.991765022277832, -1.9916868209838867, -1.991765022277832, -1.991765022277832, -1.991765022277832, -1.9918432235717773, -1.9916868209838867, -1.9918432235717773, -1.991765022277832, -1.9918432235717773, -1.9919214248657227, -1.9918432235717773, -1.9919214248657227, -1.9919214248657227, -1.9919214248657227, -1.991999626159668, -1.9919214248657227, -1.9920778274536133, -1.991999626159668, -1.991999626159668, -1.9920778274536133, -1.991999626159668, -1.9920778274536133, -1.9920778274536133, -1.991999626159668, -1.9920778274536133, -1.991999626159668, -1.9920778274536133, -1.9921560287475586, -1.9921560287475586, -1.992234230041504, -1.9921560287475586, -1.9921560287475586, -1.992234230041504, -1.992234230041504, -1.9923124313354492, -1.992234230041504, -1.9923124313354492, -1.9923906326293945, -1.992234230041504, -1.9923906326293945, -1.9924688339233398, -1.9923906326293945, -1.9923906326293945, -1.9923906326293945, -1.9923906326293945, -1.9924688339233398, -1.9923124313354492, -1.9924688339233398, -1.9923906326293945, -1.9923906326293945, -1.9925470352172852, -1.9924688339233398, -1.9925470352172852]], 'time_arrays': [[0.0, 0.25, 0.5, 0.75, 1.0, 1.25, 1.5, 1.75, 2.0, 2.25, 2.5, 2.75, 3.0, 3.25, 3.5, 3.75, 4.0, 4.25, 4.5, 4.75, 5.0, 5.25, 5.5, 5.75, 6.0, 6.25, 6.5, 6.75, 7.0, 7.25, 7.5, 7.75, 8.0, 8.25, 8.5, 8.75, 9.0, 9.25, 9.5, 9.75, 10.0, 10.25, 10.5, 10.75, 11.0, 11.25, 11.5, 11.75, 12.0, 12.25, 12.5, 12.75, 13.0, 13.25, 13.5, 13.75, 14.0, 14.25, 14.5, 14.75, 15.0, 15.25, 15.5, 15.75, 16.0, 16.25, 16.5, 16.75, 17.0, 17.25, 17.5, 17.75, 18.0, 18.25, 18.5, 18.75, 19.0, 19.25, 19.5, 19.75, 20.0, 20.25, 20.5, 20.75, 21.0, 21.25, 21.5, 21.75, 22.0, 22.25, 22.5, 22.75, 23.0, 23.25, 23.5, 23.75, 24.0, 24.25, 24.5, 24.75, 25.0]], 'freq_arrays': [], 'zre_arrays': [], 'zim_arrays': [], 'aux_input_arrays': [], 'peaks': [], 'eis_fit': []} 

